<?xml version="1.0" encoding="UTF-8"?>
<testsuites name="SmokeTestSuite-Collection - UAT" time="2776.835" tests="25" failures="20" errors="0">
   <testsuite name="SmokeTestSuite-Collection - UAT" tests="25" failures="20" errors="0" time="2776.835" skipped="0" timestamp="2022-04-18 23:21:04" hostname="Venkataraghavan.T - AMX-RL-20-608-W.ameexusa.net" id="Test Suites/SmokeTestCollection - Venkat/SmokeTestSuite-Collection - UAT">
      <properties>
         <property name="deviceName" value=""/>
         <property name="devicePlatform" value=""/>
         <property name="logFolder" value="D:\\SmoketestSuite\\enfamilUS\\Reports\\20220418_232059\\SmokeTestCollection - Venkat\\SmokeTestSuite-Collection - UAT\\20220418_232059"/>
         <property name="logFiles" value="D:\\SmoketestSuite\\enfamilUS\\Reports\\20220418_232059\\SmokeTestCollection - Venkat\\SmokeTestSuite-Collection - UAT\\20220418_232059\\execution0.log"/>
         <property name="attachments" value="D:\\SmoketestSuite\\enfamilUS\\Reports\\20220418_232059\\SmokeTestCollection - Venkat\\SmokeTestSuite-Collection - UAT\\20220418_232059\\1650304561904.png, D:\\SmoketestSuite\\enfamilUS\\Reports\\20220418_232059\\SmokeTestCollection - Venkat\\SmokeTestSuite-Collection - UAT\\20220418_232059\\1650304568329.png, D:\\SmoketestSuite\\enfamilUS\\Reports\\20220418_232059\\SmokeTestCollection - Venkat\\SmokeTestSuite-Collection - UAT\\20220418_232059\\1650304574622.png, D:\\SmoketestSuite\\enfamilUS\\Reports\\20220418_232059\\SmokeTestCollection - Venkat\\SmokeTestSuite-Collection - UAT\\20220418_232059\\1650304581156.png, D:\\SmoketestSuite\\enfamilUS\\Reports\\20220418_232059\\SmokeTestCollection - Venkat\\SmokeTestSuite-Collection - UAT\\20220418_232059\\1650304679819.png, D:\\SmoketestSuite\\enfamilUS\\Reports\\20220418_232059\\SmokeTestCollection - Venkat\\SmokeTestSuite-Collection - UAT\\20220418_232059\\1650304686468.png, D:\\SmoketestSuite\\enfamilUS\\Reports\\20220418_232059\\SmokeTestCollection - Venkat\\SmokeTestSuite-Collection - UAT\\20220418_232059\\1650304740238.png, D:\\SmoketestSuite\\enfamilUS\\Reports\\20220418_232059\\SmokeTestCollection - Venkat\\SmokeTestSuite-Collection - UAT\\20220418_232059\\1650304789452.png, D:\\SmoketestSuite\\enfamilUS\\Reports\\20220418_232059\\SmokeTestCollection - Venkat\\SmokeTestSuite-Collection - UAT\\20220418_232059\\1650304796041.png, D:\\SmoketestSuite\\enfamilUS\\Reports\\20220418_232059\\SmokeTestCollection - Venkat\\SmokeTestSuite-Collection - UAT\\20220418_232059\\1650304802598.png, D:\\SmoketestSuite\\enfamilUS\\Reports\\20220418_232059\\SmokeTestCollection - Venkat\\SmokeTestSuite-Collection - UAT\\20220418_232059\\1650304814381.png, D:\\SmoketestSuite\\enfamilUS\\Reports\\20220418_232059\\SmokeTestCollection - Venkat\\SmokeTestSuite-Collection - UAT\\20220418_232059\\1650304820911.png, D:\\SmoketestSuite\\enfamilUS\\Reports\\20220418_232059\\SmokeTestCollection - Venkat\\SmokeTestSuite-Collection - UAT\\20220418_232059\\1650304851738.png, D:\\SmoketestSuite\\enfamilUS\\Reports\\20220418_232059\\SmokeTestCollection - Venkat\\SmokeTestSuite-Collection - UAT\\20220418_232059\\1650304904637.png, D:\\SmoketestSuite\\enfamilUS\\Reports\\20220418_232059\\SmokeTestCollection - Venkat\\SmokeTestSuite-Collection - UAT\\20220418_232059\\1650304910965.png, D:\\SmoketestSuite\\enfamilUS\\Reports\\20220418_232059\\SmokeTestCollection - Venkat\\SmokeTestSuite-Collection - UAT\\20220418_232059\\1650304923668.png, D:\\SmoketestSuite\\enfamilUS\\Reports\\20220418_232059\\SmokeTestCollection - Venkat\\SmokeTestSuite-Collection - UAT\\20220418_232059\\1650304930266.png, D:\\SmoketestSuite\\enfamilUS\\Reports\\20220418_232059\\SmokeTestCollection - Venkat\\SmokeTestSuite-Collection - UAT\\20220418_232059\\1650304936759.png, D:\\SmoketestSuite\\enfamilUS\\Reports\\20220418_232059\\SmokeTestCollection - Venkat\\SmokeTestSuite-Collection - UAT\\20220418_232059\\1650304948651.png, D:\\SmoketestSuite\\enfamilUS\\Reports\\20220418_232059\\SmokeTestCollection - Venkat\\SmokeTestSuite-Collection - UAT\\20220418_232059\\1650304955139.png, D:\\SmoketestSuite\\enfamilUS\\Reports\\20220418_232059\\SmokeTestCollection - Venkat\\SmokeTestSuite-Collection - UAT\\20220418_232059\\1650304961596.png, D:\\SmoketestSuite\\enfamilUS\\Reports\\20220418_232059\\SmokeTestCollection - Venkat\\SmokeTestSuite-Collection - UAT\\20220418_232059\\1650304969366.png, D:\\SmoketestSuite\\enfamilUS\\Reports\\20220418_232059\\SmokeTestCollection - Venkat\\SmokeTestSuite-Collection - UAT\\20220418_232059\\1650304975704.png, D:\\SmoketestSuite\\enfamilUS\\Reports\\20220418_232059\\SmokeTestCollection - Venkat\\SmokeTestSuite-Collection - UAT\\20220418_232059\\1650304982193.png, D:\\SmoketestSuite\\enfamilUS\\Reports\\20220418_232059\\SmokeTestCollection - Venkat\\SmokeTestSuite-Collection - UAT\\20220418_232059\\1650305025019.png, D:\\SmoketestSuite\\enfamilUS\\Reports\\20220418_232059\\SmokeTestCollection - Venkat\\SmokeTestSuite-Collection - UAT\\20220418_232059\\1650305031448.png, D:\\SmoketestSuite\\enfamilUS\\Reports\\20220418_232059\\SmokeTestCollection - Venkat\\SmokeTestSuite-Collection - UAT\\20220418_232059\\1650305036003.png, D:\\SmoketestSuite\\enfamilUS\\Reports\\20220418_232059\\SmokeTestCollection - Venkat\\SmokeTestSuite-Collection - UAT\\20220418_232059\\1650305047330.png, D:\\SmoketestSuite\\enfamilUS\\Reports\\20220418_232059\\SmokeTestCollection - Venkat\\SmokeTestSuite-Collection - UAT\\20220418_232059\\1650305053871.png, D:\\SmoketestSuite\\enfamilUS\\Reports\\20220418_232059\\SmokeTestCollection - Venkat\\SmokeTestSuite-Collection - UAT\\20220418_232059\\1650305060190.png, D:\\SmoketestSuite\\enfamilUS\\Reports\\20220418_232059\\SmokeTestCollection - Venkat\\SmokeTestSuite-Collection - UAT\\20220418_232059\\1650305066747.png, D:\\SmoketestSuite\\enfamilUS\\Reports\\20220418_232059\\SmokeTestCollection - Venkat\\SmokeTestSuite-Collection - UAT\\20220418_232059\\1650305073205.png, D:\\SmoketestSuite\\enfamilUS\\Reports\\20220418_232059\\SmokeTestCollection - Venkat\\SmokeTestSuite-Collection - UAT\\20220418_232059\\1650305079745.png, D:\\SmoketestSuite\\enfamilUS\\Reports\\20220418_232059\\SmokeTestCollection - Venkat\\SmokeTestSuite-Collection - UAT\\20220418_232059\\1650305086138.png, D:\\SmoketestSuite\\enfamilUS\\Reports\\20220418_232059\\SmokeTestCollection - Venkat\\SmokeTestSuite-Collection - UAT\\20220418_232059\\1650305092516.png, D:\\SmoketestSuite\\enfamilUS\\Reports\\20220418_232059\\SmokeTestCollection - Venkat\\SmokeTestSuite-Collection - UAT\\20220418_232059\\1650305098871.png, D:\\SmoketestSuite\\enfamilUS\\Reports\\20220418_232059\\SmokeTestCollection - Venkat\\SmokeTestSuite-Collection - UAT\\20220418_232059\\1650305105638.png, D:\\SmoketestSuite\\enfamilUS\\Reports\\20220418_232059\\SmokeTestCollection - Venkat\\SmokeTestSuite-Collection - UAT\\20220418_232059\\1650305112124.png, D:\\SmoketestSuite\\enfamilUS\\Reports\\20220418_232059\\SmokeTestCollection - Venkat\\SmokeTestSuite-Collection - UAT\\20220418_232059\\1650305118569.png, D:\\SmoketestSuite\\enfamilUS\\Reports\\20220418_232059\\SmokeTestCollection - Venkat\\SmokeTestSuite-Collection - UAT\\20220418_232059\\1650305124878.png, D:\\SmoketestSuite\\enfamilUS\\Reports\\20220418_232059\\SmokeTestCollection - Venkat\\SmokeTestSuite-Collection - UAT\\20220418_232059\\1650305131289.png, D:\\SmoketestSuite\\enfamilUS\\Reports\\20220418_232059\\SmokeTestCollection - Venkat\\SmokeTestSuite-Collection - UAT\\20220418_232059\\1650305137819.png, D:\\SmoketestSuite\\enfamilUS\\Reports\\20220418_232059\\SmokeTestCollection - Venkat\\SmokeTestSuite-Collection - UAT\\20220418_232059\\1650305144138.png, D:\\SmoketestSuite\\enfamilUS\\Reports\\20220418_232059\\SmokeTestCollection - Venkat\\SmokeTestSuite-Collection - UAT\\20220418_232059\\1650305150468.png, D:\\SmoketestSuite\\enfamilUS\\Reports\\20220418_232059\\SmokeTestCollection - Venkat\\SmokeTestSuite-Collection - UAT\\20220418_232059\\1650305156884.png, D:\\SmoketestSuite\\enfamilUS\\Reports\\20220418_232059\\SmokeTestCollection - Venkat\\SmokeTestSuite-Collection - UAT\\20220418_232059\\1650305163454.png, D:\\SmoketestSuite\\enfamilUS\\Reports\\20220418_232059\\SmokeTestCollection - Venkat\\SmokeTestSuite-Collection - UAT\\20220418_232059\\1650305169846.png, D:\\SmoketestSuite\\enfamilUS\\Reports\\20220418_232059\\SmokeTestCollection - Venkat\\SmokeTestSuite-Collection - UAT\\20220418_232059\\1650305176196.png, D:\\SmoketestSuite\\enfamilUS\\Reports\\20220418_232059\\SmokeTestCollection - Venkat\\SmokeTestSuite-Collection - UAT\\20220418_232059\\1650305187770.png, D:\\SmoketestSuite\\enfamilUS\\Reports\\20220418_232059\\SmokeTestCollection - Venkat\\SmokeTestSuite-Collection - UAT\\20220418_232059\\1650305194423.png, D:\\SmoketestSuite\\enfamilUS\\Reports\\20220418_232059\\SmokeTestCollection - Venkat\\SmokeTestSuite-Collection - UAT\\20220418_232059\\1650305200865.png, D:\\SmoketestSuite\\enfamilUS\\Reports\\20220418_232059\\SmokeTestCollection - Venkat\\SmokeTestSuite-Collection - UAT\\20220418_232059\\1650305207313.png, D:\\SmoketestSuite\\enfamilUS\\Reports\\20220418_232059\\SmokeTestCollection - Venkat\\SmokeTestSuite-Collection - UAT\\20220418_232059\\1650305213661.png, D:\\SmoketestSuite\\enfamilUS\\Reports\\20220418_232059\\SmokeTestCollection - Venkat\\SmokeTestSuite-Collection - UAT\\20220418_232059\\1650305220199.png, D:\\SmoketestSuite\\enfamilUS\\Reports\\20220418_232059\\SmokeTestCollection - Venkat\\SmokeTestSuite-Collection - UAT\\20220418_232059\\1650305226585.png, D:\\SmoketestSuite\\enfamilUS\\Reports\\20220418_232059\\SmokeTestCollection - Venkat\\SmokeTestSuite-Collection - UAT\\20220418_232059\\1650305233014.png, D:\\SmoketestSuite\\enfamilUS\\Reports\\20220418_232059\\SmokeTestCollection - Venkat\\SmokeTestSuite-Collection - UAT\\20220418_232059\\1650305239570.png, D:\\SmoketestSuite\\enfamilUS\\Reports\\20220418_232059\\SmokeTestCollection - Venkat\\SmokeTestSuite-Collection - UAT\\20220418_232059\\1650305246263.png, D:\\SmoketestSuite\\enfamilUS\\Reports\\20220418_232059\\SmokeTestCollection - Venkat\\SmokeTestSuite-Collection - UAT\\20220418_232059\\1650305252677.png, D:\\SmoketestSuite\\enfamilUS\\Reports\\20220418_232059\\SmokeTestCollection - Venkat\\SmokeTestSuite-Collection - UAT\\20220418_232059\\1650305259167.png, D:\\SmoketestSuite\\enfamilUS\\Reports\\20220418_232059\\SmokeTestCollection - Venkat\\SmokeTestSuite-Collection - UAT\\20220418_232059\\1650305265605.png, D:\\SmoketestSuite\\enfamilUS\\Reports\\20220418_232059\\SmokeTestCollection - Venkat\\SmokeTestSuite-Collection - UAT\\20220418_232059\\1650305272219.png, D:\\SmoketestSuite\\enfamilUS\\Reports\\20220418_232059\\SmokeTestCollection - Venkat\\SmokeTestSuite-Collection - UAT\\20220418_232059\\1650305278842.png, D:\\SmoketestSuite\\enfamilUS\\Reports\\20220418_232059\\SmokeTestCollection - Venkat\\SmokeTestSuite-Collection - UAT\\20220418_232059\\1650305285220.png, D:\\SmoketestSuite\\enfamilUS\\Reports\\20220418_232059\\SmokeTestCollection - Venkat\\SmokeTestSuite-Collection - UAT\\20220418_232059\\1650305291740.png, D:\\SmoketestSuite\\enfamilUS\\Reports\\20220418_232059\\SmokeTestCollection - Venkat\\SmokeTestSuite-Collection - UAT\\20220418_232059\\1650305299066.png, D:\\SmoketestSuite\\enfamilUS\\Reports\\20220418_232059\\SmokeTestCollection - Venkat\\SmokeTestSuite-Collection - UAT\\20220418_232059\\1650305305655.png, D:\\SmoketestSuite\\enfamilUS\\Reports\\20220418_232059\\SmokeTestCollection - Venkat\\SmokeTestSuite-Collection - UAT\\20220418_232059\\1650305312092.png, D:\\SmoketestSuite\\enfamilUS\\Reports\\20220418_232059\\SmokeTestCollection - Venkat\\SmokeTestSuite-Collection - UAT\\20220418_232059\\1650305318633.png, D:\\SmoketestSuite\\enfamilUS\\Reports\\20220418_232059\\SmokeTestCollection - Venkat\\SmokeTestSuite-Collection - UAT\\20220418_232059\\1650305325160.png, D:\\SmoketestSuite\\enfamilUS\\Reports\\20220418_232059\\SmokeTestCollection - Venkat\\SmokeTestSuite-Collection - UAT\\20220418_232059\\1650305331635.png, D:\\SmoketestSuite\\enfamilUS\\Reports\\20220418_232059\\SmokeTestCollection - Venkat\\SmokeTestSuite-Collection - UAT\\20220418_232059\\1650305338069.png, D:\\SmoketestSuite\\enfamilUS\\Reports\\20220418_232059\\SmokeTestCollection - Venkat\\SmokeTestSuite-Collection - UAT\\20220418_232059\\1650305344411.png, D:\\SmoketestSuite\\enfamilUS\\Reports\\20220418_232059\\SmokeTestCollection - Venkat\\SmokeTestSuite-Collection - UAT\\20220418_232059\\1650305350667.png, D:\\SmoketestSuite\\enfamilUS\\Reports\\20220418_232059\\SmokeTestCollection - Venkat\\SmokeTestSuite-Collection - UAT\\20220418_232059\\1650305357248.png, D:\\SmoketestSuite\\enfamilUS\\Reports\\20220418_232059\\SmokeTestCollection - Venkat\\SmokeTestSuite-Collection - UAT\\20220418_232059\\1650305363706.png, D:\\SmoketestSuite\\enfamilUS\\Reports\\20220418_232059\\SmokeTestCollection - Venkat\\SmokeTestSuite-Collection - UAT\\20220418_232059\\1650305391081.png, D:\\SmoketestSuite\\enfamilUS\\Reports\\20220418_232059\\SmokeTestCollection - Venkat\\SmokeTestSuite-Collection - UAT\\20220418_232059\\1650305399122.png, D:\\SmoketestSuite\\enfamilUS\\Reports\\20220418_232059\\SmokeTestCollection - Venkat\\SmokeTestSuite-Collection - UAT\\20220418_232059\\1650305405859.png, D:\\SmoketestSuite\\enfamilUS\\Reports\\20220418_232059\\SmokeTestCollection - Venkat\\SmokeTestSuite-Collection - UAT\\20220418_232059\\1650305413143.png, D:\\SmoketestSuite\\enfamilUS\\Reports\\20220418_232059\\SmokeTestCollection - Venkat\\SmokeTestSuite-Collection - UAT\\20220418_232059\\1650305419634.png, D:\\SmoketestSuite\\enfamilUS\\Reports\\20220418_232059\\SmokeTestCollection - Venkat\\SmokeTestSuite-Collection - UAT\\20220418_232059\\1650305488966.png, D:\\SmoketestSuite\\enfamilUS\\Reports\\20220418_232059\\SmokeTestCollection - Venkat\\SmokeTestSuite-Collection - UAT\\20220418_232059\\1650305495840.png, D:\\SmoketestSuite\\enfamilUS\\Reports\\20220418_232059\\SmokeTestCollection - Venkat\\SmokeTestSuite-Collection - UAT\\20220418_232059\\1650305502714.png, D:\\SmoketestSuite\\enfamilUS\\Reports\\20220418_232059\\SmokeTestCollection - Venkat\\SmokeTestSuite-Collection - UAT\\20220418_232059\\1650305509164.png, D:\\SmoketestSuite\\enfamilUS\\Reports\\20220418_232059\\SmokeTestCollection - Venkat\\SmokeTestSuite-Collection - UAT\\20220418_232059\\1650305515835.png, D:\\SmoketestSuite\\enfamilUS\\Reports\\20220418_232059\\SmokeTestCollection - Venkat\\SmokeTestSuite-Collection - UAT\\20220418_232059\\1650305561584.png, D:\\SmoketestSuite\\enfamilUS\\Reports\\20220418_232059\\SmokeTestCollection - Venkat\\SmokeTestSuite-Collection - UAT\\20220418_232059\\1650305562576.png, D:\\SmoketestSuite\\enfamilUS\\Reports\\20220418_232059\\SmokeTestCollection - Venkat\\SmokeTestSuite-Collection - UAT\\20220418_232059\\1650305585651.png, D:\\SmoketestSuite\\enfamilUS\\Reports\\20220418_232059\\SmokeTestCollection - Venkat\\SmokeTestSuite-Collection - UAT\\20220418_232059\\1650305628279.png, D:\\SmoketestSuite\\enfamilUS\\Reports\\20220418_232059\\SmokeTestCollection - Venkat\\SmokeTestSuite-Collection - UAT\\20220418_232059\\1650305630770.png, D:\\SmoketestSuite\\enfamilUS\\Reports\\20220418_232059\\SmokeTestCollection - Venkat\\SmokeTestSuite-Collection - UAT\\20220418_232059\\1650305632461.png, D:\\SmoketestSuite\\enfamilUS\\Reports\\20220418_232059\\SmokeTestCollection - Venkat\\SmokeTestSuite-Collection - UAT\\20220418_232059\\1650305633759.png, D:\\SmoketestSuite\\enfamilUS\\Reports\\20220418_232059\\SmokeTestCollection - Venkat\\SmokeTestSuite-Collection - UAT\\20220418_232059\\1650305634297.png, D:\\SmoketestSuite\\enfamilUS\\Reports\\20220418_232059\\SmokeTestCollection - Venkat\\SmokeTestSuite-Collection - UAT\\20220418_232059\\1650305688437.png, D:\\SmoketestSuite\\enfamilUS\\Reports\\20220418_232059\\SmokeTestCollection - Venkat\\SmokeTestSuite-Collection - UAT\\20220418_232059\\1650305721780.png, D:\\SmoketestSuite\\enfamilUS\\Reports\\20220418_232059\\SmokeTestCollection - Venkat\\SmokeTestSuite-Collection - UAT\\20220418_232059\\1650305976380.png, D:\\SmoketestSuite\\enfamilUS\\Reports\\20220418_232059\\SmokeTestCollection - Venkat\\SmokeTestSuite-Collection - UAT\\20220418_232059\\1650306013220.png, D:\\SmoketestSuite\\enfamilUS\\Reports\\20220418_232059\\SmokeTestCollection - Venkat\\SmokeTestSuite-Collection - UAT\\20220418_232059\\1650306024998.png, D:\\SmoketestSuite\\enfamilUS\\Reports\\20220418_232059\\SmokeTestCollection - Venkat\\SmokeTestSuite-Collection - UAT\\20220418_232059\\1650306039195.png, D:\\SmoketestSuite\\enfamilUS\\Reports\\20220418_232059\\SmokeTestCollection - Venkat\\SmokeTestSuite-Collection - UAT\\20220418_232059\\1650306052009.png, D:\\SmoketestSuite\\enfamilUS\\Reports\\20220418_232059\\SmokeTestCollection - Venkat\\SmokeTestSuite-Collection - UAT\\20220418_232059\\1650306058559.png, D:\\SmoketestSuite\\enfamilUS\\Reports\\20220418_232059\\SmokeTestCollection - Venkat\\SmokeTestSuite-Collection - UAT\\20220418_232059\\1650306065167.png, D:\\SmoketestSuite\\enfamilUS\\Reports\\20220418_232059\\SmokeTestCollection - Venkat\\SmokeTestSuite-Collection - UAT\\20220418_232059\\1650306071744.png, D:\\SmoketestSuite\\enfamilUS\\Reports\\20220418_232059\\SmokeTestCollection - Venkat\\SmokeTestSuite-Collection - UAT\\20220418_232059\\1650306078462.png, D:\\SmoketestSuite\\enfamilUS\\Reports\\20220418_232059\\SmokeTestCollection - Venkat\\SmokeTestSuite-Collection - UAT\\20220418_232059\\1650306085018.png, D:\\SmoketestSuite\\enfamilUS\\Reports\\20220418_232059\\SmokeTestCollection - Venkat\\SmokeTestSuite-Collection - UAT\\20220418_232059\\1650306091481.png, D:\\SmoketestSuite\\enfamilUS\\Reports\\20220418_232059\\SmokeTestCollection - Venkat\\SmokeTestSuite-Collection - UAT\\20220418_232059\\1650306381051.png, D:\\SmoketestSuite\\enfamilUS\\Reports\\20220418_232059\\SmokeTestCollection - Venkat\\SmokeTestSuite-Collection - UAT\\20220418_232059\\1650306570581.png, D:\\SmoketestSuite\\enfamilUS\\Reports\\20220418_232059\\SmokeTestCollection - Venkat\\SmokeTestSuite-Collection - UAT\\20220418_232059\\1650306586680.png, D:\\SmoketestSuite\\enfamilUS\\Reports\\20220418_232059\\SmokeTestCollection - Venkat\\SmokeTestSuite-Collection - UAT\\20220418_232059\\1650306603337.png, D:\\SmoketestSuite\\enfamilUS\\Reports\\20220418_232059\\SmokeTestCollection - Venkat\\SmokeTestSuite-Collection - UAT\\20220418_232059\\1650306741978.png, D:\\SmoketestSuite\\enfamilUS\\Reports\\20220418_232059\\SmokeTestCollection - Venkat\\SmokeTestSuite-Collection - UAT\\20220418_232059\\1650306777174.png, D:\\SmoketestSuite\\enfamilUS\\Reports\\20220418_232059\\SmokeTestCollection - Venkat\\SmokeTestSuite-Collection - UAT\\20220418_232059\\1650306886234.png, D:\\SmoketestSuite\\enfamilUS\\Reports\\20220418_232059\\SmokeTestCollection - Venkat\\SmokeTestSuite-Collection - UAT\\20220418_232059\\1650306892689.png, D:\\SmoketestSuite\\enfamilUS\\Reports\\20220418_232059\\SmokeTestCollection - Venkat\\SmokeTestSuite-Collection - UAT\\20220418_232059\\1650306997441.png, D:\\SmoketestSuite\\enfamilUS\\Reports\\20220418_232059\\SmokeTestCollection - Venkat\\SmokeTestSuite-Collection - UAT\\20220418_232059\\1650307004648.png, D:\\SmoketestSuite\\enfamilUS\\Reports\\20220418_232059\\SmokeTestCollection - Venkat\\SmokeTestSuite-Collection - UAT\\20220418_232059\\1650307008870.png, D:\\SmoketestSuite\\enfamilUS\\Reports\\20220418_232059\\SmokeTestCollection - Venkat\\SmokeTestSuite-Collection - UAT\\20220418_232059\\1650307025899.png, D:\\SmoketestSuite\\enfamilUS\\Reports\\20220418_232059\\SmokeTestCollection - Venkat\\SmokeTestSuite-Collection - UAT\\20220418_232059\\1650307032228.png, D:\\SmoketestSuite\\enfamilUS\\Reports\\20220418_232059\\SmokeTestCollection - Venkat\\SmokeTestSuite-Collection - UAT\\20220418_232059\\1650307038604.png"/>
         <property name="hostName" value="Venkataraghavan.T - AMX-RL-20-608-W.ameexusa.net"/>
         <property name="os" value="Windows 10 64bit"/>
         <property name="katalonVersion" value="8.3.0.208"/>
         <property name="browser" value="Chrome 100.0.4896.127"/>
         <property name="hostAddress" value="192.168.29.249"/>
         <property name="sessionId" value="8f8d997b7e77bfb79582778fb6d7000a"/>
         <property name="seleniumVersion" value="3.141.59"/>
         <property name="proxyInformation" value="ProxyInformation { proxyOption=NO_PROXY, proxyServerType=HTTP, username=, password=********, proxyServerAddress=, proxyServerPort=0, executionList=&quot;&quot;, isApplyToDesiredCapabilities=true }"/>
         <property name="platform" value="Windows 10"/>
      </properties>
      <testcase name="Test Cases/Venkat/PDP Page/PDP - Infant Formula - Page Verification" time="208.799" classname="Test Cases/Venkat/PDP Page/PDP - Infant Formula - Page Verification" status="PASSED">
         <system-out><![CDATA[2022-04-18 23:21:05 - [TEST_CASE][PASSED] - Test Cases/Venkat/PDP Page/PDP - Infant Formula - Page Verification: Test Cases/Venkat/PDP Page/PDP - Infant Formula - Page Verification

2022-04-18 23:21:06 - [TEST_STEP][PASSED] - openBrowser(""): Browser is opened with url: ''

2022-04-18 23:21:06 - [MESSAGE][INFO] - Starting 'Chrome' driver

2022-04-18 23:21:07 - [MESSAGE][INFO] - Action delay is set to 0 milliseconds

2022-04-18 23:21:10 - [MESSAGE][PASSED] - Browser is opened with url: ''

2022-04-18 23:21:10 - [TEST_STEP][PASSED] - navigateToUrl("https://enfamil-us.cdn.test.us-east-1.starterkit.rbcloud.io/products/enfamil-neuropro-infant-formula/"): Navigate to 'https://enfamil-us.cdn.test.us-east-1.starterkit.rbcloud.io/products/enfamil-neuropro-infant-formula/' successfully

2022-04-18 23:21:13 - [MESSAGE][PASSED] - Navigate to 'https://enfamil-us.cdn.test.us-east-1.starterkit.rbcloud.io/products/enfamil-neuropro-infant-formula/' successfully

2022-04-18 23:21:13 - [TEST_STEP][PASSED] - maximizeWindow(): Current window maximized

2022-04-18 23:21:14 - [MESSAGE][PASSED] - Current window maximized

2022-04-18 23:21:14 - [TEST_STEP][PASSED] - delay(10): Delayed 10 second(s)

2022-04-18 23:21:24 - [MESSAGE][PASSED] - Delayed 10 second(s)

2022-04-18 23:21:24 - [TEST_STEP][PASSED] - click(findTestObject("Object Repository/PDP Element Verification - infant/Page_Enfamil NeuroPro Infant Formula  Enfamil/button_GOT IT_onetrust-close-btn-handler on_95ce22")): Object: 'Object Repository/PDP Element Verification - infant/Page_Enfamil NeuroPro Infant Formula  Enfamil/button_GOT IT_onetrust-close-btn-handler on_95ce22' is clicked on

2022-04-18 23:21:25 - [MESSAGE][PASSED] - Object: 'Object Repository/PDP Element Verification - infant/Page_Enfamil NeuroPro Infant Formula  Enfamil/button_GOT IT_onetrust-close-btn-handler on_95ce22' is clicked on

2022-04-18 23:21:25 - [TEST_STEP][PASSED] - scrollToElement(findTestObject("Object Repository/PDP Element Verification - infant/Page_Enfamil NeuroPro Infant Formula  Enfamil/span_Change Location"), 0): Scroll to object 'Object Repository/PDP Element Verification - infant/Page_Enfamil NeuroPro Infant Formula  Enfamil/span_Change Location' successfully

2022-04-18 23:21:25 - [MESSAGE][WARNING] - Timeout '0' is invalid. Using default page load timeout: '5'

2022-04-18 23:21:26 - [MESSAGE][PASSED] - Scroll to object 'Object Repository/PDP Element Verification - infant/Page_Enfamil NeuroPro Infant Formula  Enfamil/span_Change Location' successfully

2022-04-18 23:21:26 - [TEST_STEP][PASSED] - delay(2): Delayed 2 second(s)

2022-04-18 23:21:28 - [MESSAGE][PASSED] - Delayed 2 second(s)

2022-04-18 23:21:28 - [TEST_STEP][PASSED] - scrollToElement(findTestObject("Object Repository/PDP Element Verification - infant/Page_Enfamil NeuroPro Infant Formula  Enfamil/div_Enfamil reduces its environmental impac_15cd14"), 0): Scroll to object 'Object Repository/PDP Element Verification - infant/Page_Enfamil NeuroPro Infant Formula  Enfamil/div_Enfamil reduces its environmental impac_15cd14' successfully

2022-04-18 23:21:28 - [MESSAGE][WARNING] - Timeout '0' is invalid. Using default page load timeout: '5'

2022-04-18 23:21:28 - [MESSAGE][PASSED] - Scroll to object 'Object Repository/PDP Element Verification - infant/Page_Enfamil NeuroPro Infant Formula  Enfamil/div_Enfamil reduces its environmental impac_15cd14' successfully

2022-04-18 23:21:28 - [TEST_STEP][PASSED] - delay(2): Delayed 2 second(s)

2022-04-18 23:21:30 - [MESSAGE][PASSED] - Delayed 2 second(s)

2022-04-18 23:21:30 - [TEST_STEP][PASSED] - scrollToElement(findTestObject("Object Repository/PDP Element Verification - infant/Page_Enfamil NeuroPro Infant Formula  Enfamil/span_Ratings  Reviews"), 0): Scroll to object 'Object Repository/PDP Element Verification - infant/Page_Enfamil NeuroPro Infant Formula  Enfamil/span_Ratings  Reviews' successfully

2022-04-18 23:21:30 - [MESSAGE][WARNING] - Timeout '0' is invalid. Using default page load timeout: '5'

2022-04-18 23:21:31 - [MESSAGE][PASSED] - Scroll to object 'Object Repository/PDP Element Verification - infant/Page_Enfamil NeuroPro Infant Formula  Enfamil/span_Ratings  Reviews' successfully

2022-04-18 23:21:31 - [TEST_STEP][PASSED] - delay(2): Delayed 2 second(s)

2022-04-18 23:21:33 - [MESSAGE][PASSED] - Delayed 2 second(s)

2022-04-18 23:21:33 - [TEST_STEP][PASSED] - scrollToElement(findTestObject("Object Repository/PDP Element Verification - infant/Page_Enfamil NeuroPro Infant Formula  Enfamil/a_Shop Now_1"), 0): Scroll to object 'Object Repository/PDP Element Verification - infant/Page_Enfamil NeuroPro Infant Formula  Enfamil/a_Shop Now_1' successfully

2022-04-18 23:21:33 - [MESSAGE][WARNING] - Timeout '0' is invalid. Using default page load timeout: '5'

2022-04-18 23:21:33 - [MESSAGE][PASSED] - Scroll to object 'Object Repository/PDP Element Verification - infant/Page_Enfamil NeuroPro Infant Formula  Enfamil/a_Shop Now_1' successfully

2022-04-18 23:21:33 - [TEST_STEP][PASSED] - delay(2): Delayed 2 second(s)

2022-04-18 23:21:35 - [MESSAGE][PASSED] - Delayed 2 second(s)

2022-04-18 23:21:35 - [TEST_STEP][PASSED] - scrollToElement(findTestObject("Object Repository/PDP Element Verification - infant/Page_Enfamil NeuroPro Infant Formula  Enfamil/span_1. Select format"), 0): Scroll to object 'Object Repository/PDP Element Verification - infant/Page_Enfamil NeuroPro Infant Formula  Enfamil/span_1. Select format' successfully

2022-04-18 23:21:35 - [MESSAGE][WARNING] - Timeout '0' is invalid. Using default page load timeout: '5'

2022-04-18 23:21:36 - [MESSAGE][PASSED] - Scroll to object 'Object Repository/PDP Element Verification - infant/Page_Enfamil NeuroPro Infant Formula  Enfamil/span_1. Select format' successfully

2022-04-18 23:21:36 - [TEST_STEP][PASSED] - delay(2): Delayed 2 second(s)

2022-04-18 23:21:38 - [MESSAGE][PASSED] - Delayed 2 second(s)

2022-04-18 23:21:38 - [TEST_STEP][PASSED] - scrollToElement(findTestObject("Object Repository/PDP Element Verification - infant/Page_Enfamil NeuroPro Infant Formula  Enfamil/div_Enfamil NeuroPro Infant Formula"), 0): Scroll to object 'Object Repository/PDP Element Verification - infant/Page_Enfamil NeuroPro Infant Formula  Enfamil/div_Enfamil NeuroPro Infant Formula' successfully

2022-04-18 23:21:38 - [MESSAGE][WARNING] - Timeout '0' is invalid. Using default page load timeout: '5'

2022-04-18 23:21:38 - [MESSAGE][PASSED] - Scroll to object 'Object Repository/PDP Element Verification - infant/Page_Enfamil NeuroPro Infant Formula  Enfamil/div_Enfamil NeuroPro Infant Formula' successfully

2022-04-18 23:21:38 - [TEST_STEP][PASSED] - verifyElementPresent(findTestObject("Object Repository/PDP Element Verification - infant/Page_Enfamil NeuroPro Infant Formula  Enfamil/div_Enfamil NeuroPro Infant Formula"), 0): Object 'Object Repository/PDP Element Verification - infant/Page_Enfamil NeuroPro Infant Formula  Enfamil/div_Enfamil NeuroPro Infant Formula' is present

2022-04-18 23:21:38 - [MESSAGE][WARNING] - Timeout '0' is invalid. Using default page load timeout: '5'

2022-04-18 23:21:39 - [MESSAGE][PASSED] - Object 'Object Repository/PDP Element Verification - infant/Page_Enfamil NeuroPro Infant Formula  Enfamil/div_Enfamil NeuroPro Infant Formula' is present

2022-04-18 23:21:39 - [TEST_STEP][PASSED] - verifyElementText(findTestObject("Object Repository/PDP Element Verification - infant/Page_Enfamil NeuroPro Infant Formula  Enfamil/div_Enfamil NeuroPro Infant Formula"), "Enfamil NeuroPro Infant Formula"): Actual text and expected text of test object 'Object Repository/PDP Element Verification - infant/Page_Enfamil NeuroPro Infant Formula  Enfamil/div_Enfamil NeuroPro Infant Formula' are matched.

2022-04-18 23:21:39 - [MESSAGE][PASSED] - Actual text and expected text of test object 'Object Repository/PDP Element Verification - infant/Page_Enfamil NeuroPro Infant Formula  Enfamil/div_Enfamil NeuroPro Infant Formula' are matched.

2022-04-18 23:21:39 - [TEST_STEP][PASSED] - verifyElementPresent(findTestObject("Object Repository/PDP Element Verification - infant/Page_Enfamil NeuroPro Infant Formula  Enfamil/button_Add to cart"), 0): Object 'Object Repository/PDP Element Verification - infant/Page_Enfamil NeuroPro Infant Formula  Enfamil/button_Add to cart' is present

2022-04-18 23:21:39 - [MESSAGE][WARNING] - Timeout '0' is invalid. Using default page load timeout: '5'

2022-04-18 23:21:40 - [MESSAGE][PASSED] - Object 'Object Repository/PDP Element Verification - infant/Page_Enfamil NeuroPro Infant Formula  Enfamil/button_Add to cart' is present

2022-04-18 23:21:40 - [TEST_STEP][PASSED] - verifyElementText(findTestObject("Object Repository/PDP Element Verification - infant/Page_Enfamil NeuroPro Infant Formula  Enfamil/button_Add to cart"), "Add to cart"): Actual text and expected text of test object 'Object Repository/PDP Element Verification - infant/Page_Enfamil NeuroPro Infant Formula  Enfamil/button_Add to cart' are matched.

2022-04-18 23:21:40 - [MESSAGE][PASSED] - Actual text and expected text of test object 'Object Repository/PDP Element Verification - infant/Page_Enfamil NeuroPro Infant Formula  Enfamil/button_Add to cart' are matched.

2022-04-18 23:21:40 - [TEST_STEP][PASSED] - verifyElementPresent(findTestObject("Object Repository/PDP Element Verification - infant/Page_Enfamil NeuroPro Infant Formula  Enfamil/span_171.89"), 0): Object 'Object Repository/PDP Element Verification - infant/Page_Enfamil NeuroPro Infant Formula  Enfamil/span_171.89' is present

2022-04-18 23:21:40 - [MESSAGE][WARNING] - Timeout '0' is invalid. Using default page load timeout: '5'

2022-04-18 23:21:41 - [MESSAGE][PASSED] - Object 'Object Repository/PDP Element Verification - infant/Page_Enfamil NeuroPro Infant Formula  Enfamil/span_171.89' is present

2022-04-18 23:21:41 - [TEST_STEP][PASSED] - verifyElementPresent(findTestObject("Object Repository/PDP Element Verification - infant/Page_Enfamil NeuroPro Infant Formula  Enfamil/s_190.99"), 0): Object 'Object Repository/PDP Element Verification - infant/Page_Enfamil NeuroPro Infant Formula  Enfamil/s_190.99' is present

2022-04-18 23:21:41 - [MESSAGE][WARNING] - Timeout '0' is invalid. Using default page load timeout: '5'

2022-04-18 23:21:41 - [MESSAGE][PASSED] - Object 'Object Repository/PDP Element Verification - infant/Page_Enfamil NeuroPro Infant Formula  Enfamil/s_190.99' is present

2022-04-18 23:21:41 - [TEST_STEP][PASSED] - verifyElementPresent(findTestObject("Object Repository/PDP Element Verification - infant/Page_Enfamil NeuroPro Infant Formula  Enfamil/span_Home"), 0): Object 'Object Repository/PDP Element Verification - infant/Page_Enfamil NeuroPro Infant Formula  Enfamil/span_Home' is present

2022-04-18 23:21:41 - [MESSAGE][WARNING] - Timeout '0' is invalid. Using default page load timeout: '5'

2022-04-18 23:21:41 - [MESSAGE][PASSED] - Object 'Object Repository/PDP Element Verification - infant/Page_Enfamil NeuroPro Infant Formula  Enfamil/span_Home' is present

2022-04-18 23:21:41 - [TEST_STEP][PASSED] - verifyElementPresent(findTestObject("Object Repository/PDP Element Verification - infant/Page_Enfamil NeuroPro Infant Formula  Enfamil/span_Products"), 0): Object 'Object Repository/PDP Element Verification - infant/Page_Enfamil NeuroPro Infant Formula  Enfamil/span_Products' is present

2022-04-18 23:21:42 - [MESSAGE][WARNING] - Timeout '0' is invalid. Using default page load timeout: '5'

2022-04-18 23:21:42 - [MESSAGE][PASSED] - Object 'Object Repository/PDP Element Verification - infant/Page_Enfamil NeuroPro Infant Formula  Enfamil/span_Products' is present

2022-04-18 23:21:42 - [TEST_STEP][PASSED] - verifyElementPresent(findTestObject("Object Repository/PDP Element Verification - infant/Page_Enfamil NeuroPro Infant Formula  Enfamil/span_Enfamil NeuroPro Infant Formula"), 0): Object 'Object Repository/PDP Element Verification - infant/Page_Enfamil NeuroPro Infant Formula  Enfamil/span_Enfamil NeuroPro Infant Formula' is present

2022-04-18 23:21:42 - [MESSAGE][WARNING] - Timeout '0' is invalid. Using default page load timeout: '5'

2022-04-18 23:21:42 - [MESSAGE][PASSED] - Object 'Object Repository/PDP Element Verification - infant/Page_Enfamil NeuroPro Infant Formula  Enfamil/span_Enfamil NeuroPro Infant Formula' is present

2022-04-18 23:21:42 - [TEST_STEP][PASSED] - verifyElementText(findTestObject("Object Repository/PDP Element Verification - infant/Page_Enfamil NeuroPro Infant Formula  Enfamil/span_Home"), "Home"): Actual text and expected text of test object 'Object Repository/PDP Element Verification - infant/Page_Enfamil NeuroPro Infant Formula  Enfamil/span_Home' are matched.

2022-04-18 23:21:43 - [MESSAGE][PASSED] - Actual text and expected text of test object 'Object Repository/PDP Element Verification - infant/Page_Enfamil NeuroPro Infant Formula  Enfamil/span_Home' are matched.

2022-04-18 23:21:43 - [TEST_STEP][PASSED] - verifyElementText(findTestObject("Object Repository/PDP Element Verification - infant/Page_Enfamil NeuroPro Infant Formula  Enfamil/span_Products"), "Products"): Actual text and expected text of test object 'Object Repository/PDP Element Verification - infant/Page_Enfamil NeuroPro Infant Formula  Enfamil/span_Products' are matched.

2022-04-18 23:21:43 - [MESSAGE][PASSED] - Actual text and expected text of test object 'Object Repository/PDP Element Verification - infant/Page_Enfamil NeuroPro Infant Formula  Enfamil/span_Products' are matched.

2022-04-18 23:21:43 - [TEST_STEP][PASSED] - verifyElementText(findTestObject("Object Repository/PDP Element Verification - infant/Page_Enfamil NeuroPro Infant Formula  Enfamil/span_Enfamil NeuroPro Infant Formula"), "Enfamil NeuroPro Infant Formula"): Actual text and expected text of test object 'Object Repository/PDP Element Verification - infant/Page_Enfamil NeuroPro Infant Formula  Enfamil/span_Enfamil NeuroPro Infant Formula' are matched.

2022-04-18 23:21:44 - [MESSAGE][PASSED] - Actual text and expected text of test object 'Object Repository/PDP Element Verification - infant/Page_Enfamil NeuroPro Infant Formula  Enfamil/span_Enfamil NeuroPro Infant Formula' are matched.

2022-04-18 23:21:44 - [TEST_STEP][PASSED] - verifyElementPresent(findTestObject("Object Repository/PDP Element Verification - infant/Page_Enfamil NeuroPro Infant Formula  Enfamil/h1_Nutrition for brain building  immune sup_862da3"), 0): Object 'Object Repository/PDP Element Verification - infant/Page_Enfamil NeuroPro Infant Formula  Enfamil/h1_Nutrition for brain building  immune sup_862da3' is present

2022-04-18 23:21:44 - [MESSAGE][WARNING] - Timeout '0' is invalid. Using default page load timeout: '5'

2022-04-18 23:21:44 - [MESSAGE][PASSED] - Object 'Object Repository/PDP Element Verification - infant/Page_Enfamil NeuroPro Infant Formula  Enfamil/h1_Nutrition for brain building  immune sup_862da3' is present

2022-04-18 23:21:44 - [TEST_STEP][PASSED] - verifyElementText(findTestObject("Object Repository/PDP Element Verification - infant/Page_Enfamil NeuroPro Infant Formula  Enfamil/h1_Nutrition for brain building  immune sup_862da3"), "Nutrition for brain building & immune support inspired by breastmilk"): Actual text and expected text of test object 'Object Repository/PDP Element Verification - infant/Page_Enfamil NeuroPro Infant Formula  Enfamil/h1_Nutrition for brain building  immune sup_862da3' are matched.

2022-04-18 23:21:45 - [MESSAGE][PASSED] - Actual text and expected text of test object 'Object Repository/PDP Element Verification - infant/Page_Enfamil NeuroPro Infant Formula  Enfamil/h1_Nutrition for brain building  immune sup_862da3' are matched.

2022-04-18 23:21:45 - [TEST_STEP][PASSED] - verifyElementPresent(findTestObject("Object Repository/PDP Element Verification - infant/Page_Enfamil NeuroPro Infant Formula  Enfamil/div_Content for the default variant"), 0): Object 'Object Repository/PDP Element Verification - infant/Page_Enfamil NeuroPro Infant Formula  Enfamil/div_Content for the default variant' is present

2022-04-18 23:21:45 - [MESSAGE][WARNING] - Timeout '0' is invalid. Using default page load timeout: '5'

2022-04-18 23:21:45 - [MESSAGE][PASSED] - Object 'Object Repository/PDP Element Verification - infant/Page_Enfamil NeuroPro Infant Formula  Enfamil/div_Content for the default variant' is present

2022-04-18 23:21:45 - [TEST_STEP][PASSED] - verifyElementPresent(findTestObject("Object Repository/PDP Element Verification - infant/Page_Enfamil NeuroPro Infant Formula  Enfamil/span_1. Select format"), 0): Object 'Object Repository/PDP Element Verification - infant/Page_Enfamil NeuroPro Infant Formula  Enfamil/span_1. Select format' is present

2022-04-18 23:21:45 - [MESSAGE][WARNING] - Timeout '0' is invalid. Using default page load timeout: '5'

2022-04-18 23:21:46 - [MESSAGE][PASSED] - Object 'Object Repository/PDP Element Verification - infant/Page_Enfamil NeuroPro Infant Formula  Enfamil/span_1. Select format' is present

2022-04-18 23:21:46 - [TEST_STEP][PASSED] - verifyElementText(findTestObject("Object Repository/PDP Element Verification - infant/Page_Enfamil NeuroPro Infant Formula  Enfamil/span_1. Select format"), "1. Select format"): Actual text and expected text of test object 'Object Repository/PDP Element Verification - infant/Page_Enfamil NeuroPro Infant Formula  Enfamil/span_1. Select format' are matched.

2022-04-18 23:21:46 - [MESSAGE][PASSED] - Actual text and expected text of test object 'Object Repository/PDP Element Verification - infant/Page_Enfamil NeuroPro Infant Formula  Enfamil/span_1. Select format' are matched.

2022-04-18 23:21:46 - [TEST_STEP][PASSED] - verifyElementPresent(findTestObject("Object Repository/PDP Element Verification - infant/Page_Enfamil NeuroPro Infant Formula  Enfamil/button_Whats the difference"), 0): Object 'Object Repository/PDP Element Verification - infant/Page_Enfamil NeuroPro Infant Formula  Enfamil/button_Whats the difference' is present

2022-04-18 23:21:46 - [MESSAGE][WARNING] - Timeout '0' is invalid. Using default page load timeout: '5'

2022-04-18 23:21:47 - [MESSAGE][PASSED] - Object 'Object Repository/PDP Element Verification - infant/Page_Enfamil NeuroPro Infant Formula  Enfamil/button_Whats the difference' is present

2022-04-18 23:21:47 - [TEST_STEP][PASSED] - verifyElementText(findTestObject("Object Repository/PDP Element Verification - infant/Page_Enfamil NeuroPro Infant Formula  Enfamil/button_Whats the difference"), "What's the difference?"): Actual text and expected text of test object 'Object Repository/PDP Element Verification - infant/Page_Enfamil NeuroPro Infant Formula  Enfamil/button_Whats the difference' are matched.

2022-04-18 23:21:47 - [MESSAGE][PASSED] - Actual text and expected text of test object 'Object Repository/PDP Element Verification - infant/Page_Enfamil NeuroPro Infant Formula  Enfamil/button_Whats the difference' are matched.

2022-04-18 23:21:47 - [TEST_STEP][PASSED] - verifyElementClickable(findTestObject("Object Repository/PDP Element Verification - infant/Page_Enfamil NeuroPro Infant Formula  Enfamil/button_Whats the difference")): Object 'Object Repository/PDP Element Verification - infant/Page_Enfamil NeuroPro Infant Formula  Enfamil/button_Whats the difference' is clickable

2022-04-18 23:21:47 - [MESSAGE][PASSED] - Object 'Object Repository/PDP Element Verification - infant/Page_Enfamil NeuroPro Infant Formula  Enfamil/button_Whats the difference' is clickable

2022-04-18 23:21:47 - [TEST_STEP][PASSED] - click(findTestObject("Object Repository/PDP Element Verification - infant/Page_Enfamil NeuroPro Infant Formula  Enfamil/button_Whats the difference")): Object: 'Object Repository/PDP Element Verification - infant/Page_Enfamil NeuroPro Infant Formula  Enfamil/button_Whats the difference' is clicked on

2022-04-18 23:21:48 - [MESSAGE][PASSED] - Object: 'Object Repository/PDP Element Verification - infant/Page_Enfamil NeuroPro Infant Formula  Enfamil/button_Whats the difference' is clicked on

2022-04-18 23:21:48 - [TEST_STEP][PASSED] - verifyElementPresent(findTestObject("Object Repository/PDP Element Verification - infant/Page_Enfamil NeuroPro Infant Formula  Enfamil/div_Formula Types"), 0): Object 'Object Repository/PDP Element Verification - infant/Page_Enfamil NeuroPro Infant Formula  Enfamil/div_Formula Types' is present

2022-04-18 23:21:48 - [MESSAGE][WARNING] - Timeout '0' is invalid. Using default page load timeout: '5'

2022-04-18 23:21:49 - [MESSAGE][PASSED] - Object 'Object Repository/PDP Element Verification - infant/Page_Enfamil NeuroPro Infant Formula  Enfamil/div_Formula Types' is present

2022-04-18 23:21:49 - [TEST_STEP][PASSED] - verifyElementText(findTestObject("Object Repository/PDP Element Verification - infant/Page_Enfamil NeuroPro Infant Formula  Enfamil/div_Formula Types"), "Formula Types"): Actual text and expected text of test object 'Object Repository/PDP Element Verification - infant/Page_Enfamil NeuroPro Infant Formula  Enfamil/div_Formula Types' are matched.

2022-04-18 23:21:49 - [MESSAGE][PASSED] - Actual text and expected text of test object 'Object Repository/PDP Element Verification - infant/Page_Enfamil NeuroPro Infant Formula  Enfamil/div_Formula Types' are matched.

2022-04-18 23:21:49 - [TEST_STEP][PASSED] - verifyElementPresent(findTestObject("Object Repository/PDP Element Verification - infant/Page_Enfamil NeuroPro Infant Formula  Enfamil/h2_What is the difference between powder, l_e57a44"), 0): Object 'Object Repository/PDP Element Verification - infant/Page_Enfamil NeuroPro Infant Formula  Enfamil/h2_What is the difference between powder, l_e57a44' is present

2022-04-18 23:21:49 - [MESSAGE][WARNING] - Timeout '0' is invalid. Using default page load timeout: '5'

2022-04-18 23:21:49 - [MESSAGE][PASSED] - Object 'Object Repository/PDP Element Verification - infant/Page_Enfamil NeuroPro Infant Formula  Enfamil/h2_What is the difference between powder, l_e57a44' is present

2022-04-18 23:21:49 - [TEST_STEP][PASSED] - verifyElementText(findTestObject("Object Repository/PDP Element Verification - infant/Page_Enfamil NeuroPro Infant Formula  Enfamil/h2_What is the difference between powder, l_e57a44"), "What is the difference between powder, liquid and concentrate?"): Actual text and expected text of test object 'Object Repository/PDP Element Verification - infant/Page_Enfamil NeuroPro Infant Formula  Enfamil/h2_What is the difference between powder, l_e57a44' are matched.

2022-04-18 23:21:50 - [MESSAGE][PASSED] - Actual text and expected text of test object 'Object Repository/PDP Element Verification - infant/Page_Enfamil NeuroPro Infant Formula  Enfamil/h2_What is the difference between powder, l_e57a44' are matched.

2022-04-18 23:21:50 - [TEST_STEP][PASSED] - verifyElementPresent(findTestObject("Object Repository/PDP Element Verification - infant/Page_Enfamil NeuroPro Infant Formula  Enfamil/div_Powder"), 0): Object 'Object Repository/PDP Element Verification - infant/Page_Enfamil NeuroPro Infant Formula  Enfamil/div_Powder' is present

2022-04-18 23:21:50 - [MESSAGE][WARNING] - Timeout '0' is invalid. Using default page load timeout: '5'

2022-04-18 23:21:50 - [MESSAGE][PASSED] - Object 'Object Repository/PDP Element Verification - infant/Page_Enfamil NeuroPro Infant Formula  Enfamil/div_Powder' is present

2022-04-18 23:21:50 - [TEST_STEP][PASSED] - verifyElementText(findTestObject("Object Repository/PDP Element Verification - infant/Page_Enfamil NeuroPro Infant Formula  Enfamil/div_Powder"), "Powder"): Actual text and expected text of test object 'Object Repository/PDP Element Verification - infant/Page_Enfamil NeuroPro Infant Formula  Enfamil/div_Powder' are matched.

2022-04-18 23:21:51 - [MESSAGE][PASSED] - Actual text and expected text of test object 'Object Repository/PDP Element Verification - infant/Page_Enfamil NeuroPro Infant Formula  Enfamil/div_Powder' are matched.

2022-04-18 23:21:51 - [TEST_STEP][PASSED] - verifyElementPresent(findTestObject("Object Repository/PDP Element Verification - infant/Page_Enfamil NeuroPro Infant Formula  Enfamil/p_Enfamil formulas in powder need to be dil_49498b"), 0): Object 'Object Repository/PDP Element Verification - infant/Page_Enfamil NeuroPro Infant Formula  Enfamil/p_Enfamil formulas in powder need to be dil_49498b' is present

2022-04-18 23:21:51 - [MESSAGE][WARNING] - Timeout '0' is invalid. Using default page load timeout: '5'

2022-04-18 23:21:52 - [MESSAGE][PASSED] - Object 'Object Repository/PDP Element Verification - infant/Page_Enfamil NeuroPro Infant Formula  Enfamil/p_Enfamil formulas in powder need to be dil_49498b' is present

2022-04-18 23:21:52 - [TEST_STEP][PASSED] - verifyElementText(findTestObject("Object Repository/PDP Element Verification - infant/Page_Enfamil NeuroPro Infant Formula  Enfamil/p_Enfamil formulas in powder need to be dil_49498b"), "Enfamil formulas in powder need to be diluted with water before being fed to your baby. Formula prepared from powder can be kept covered in the refrigerator for up to 24 hours. Cover or seal opened containers of Enfamil powder formula, store at room temperature, and use within 30 days."): Actual text and expected text of test object 'Object Repository/PDP Element Verification - infant/Page_Enfamil NeuroPro Infant Formula  Enfamil/p_Enfamil formulas in powder need to be dil_49498b' are matched.

2022-04-18 23:21:52 - [MESSAGE][PASSED] - Actual text and expected text of test object 'Object Repository/PDP Element Verification - infant/Page_Enfamil NeuroPro Infant Formula  Enfamil/p_Enfamil formulas in powder need to be dil_49498b' are matched.

2022-04-18 23:21:52 - [TEST_STEP][PASSED] - verifyElementPresent(findTestObject("Object Repository/PDP Element Verification - infant/Page_Enfamil NeuroPro Infant Formula  Enfamil/div_Liquid"), 0): Object 'Object Repository/PDP Element Verification - infant/Page_Enfamil NeuroPro Infant Formula  Enfamil/div_Liquid' is present

2022-04-18 23:21:52 - [MESSAGE][WARNING] - Timeout '0' is invalid. Using default page load timeout: '5'

2022-04-18 23:21:53 - [MESSAGE][PASSED] - Object 'Object Repository/PDP Element Verification - infant/Page_Enfamil NeuroPro Infant Formula  Enfamil/div_Liquid' is present

2022-04-18 23:21:53 - [TEST_STEP][PASSED] - verifyElementText(findTestObject("Object Repository/PDP Element Verification - infant/Page_Enfamil NeuroPro Infant Formula  Enfamil/div_Liquid"), "Liquid"): Actual text and expected text of test object 'Object Repository/PDP Element Verification - infant/Page_Enfamil NeuroPro Infant Formula  Enfamil/div_Liquid' are matched.

2022-04-18 23:21:53 - [MESSAGE][PASSED] - Actual text and expected text of test object 'Object Repository/PDP Element Verification - infant/Page_Enfamil NeuroPro Infant Formula  Enfamil/div_Liquid' are matched.

2022-04-18 23:21:53 - [TEST_STEP][PASSED] - verifyElementPresent(findTestObject("Object Repository/PDP Element Verification - infant/Page_Enfamil NeuroPro Infant Formula  Enfamil/p_Ready-to-use liquid formula doesnt requir_9888e6"), 0): Object 'Object Repository/PDP Element Verification - infant/Page_Enfamil NeuroPro Infant Formula  Enfamil/p_Ready-to-use liquid formula doesnt requir_9888e6' is present

2022-04-18 23:21:53 - [MESSAGE][WARNING] - Timeout '0' is invalid. Using default page load timeout: '5'

2022-04-18 23:21:54 - [MESSAGE][PASSED] - Object 'Object Repository/PDP Element Verification - infant/Page_Enfamil NeuroPro Infant Formula  Enfamil/p_Ready-to-use liquid formula doesnt requir_9888e6' is present

2022-04-18 23:21:54 - [TEST_STEP][PASSED] - verifyElementPresent(findTestObject("Object Repository/PDP Element Verification - infant/Page_Enfamil NeuroPro Infant Formula  Enfamil/div_Concentrate"), 0): Object 'Object Repository/PDP Element Verification - infant/Page_Enfamil NeuroPro Infant Formula  Enfamil/div_Concentrate' is present

2022-04-18 23:21:54 - [MESSAGE][WARNING] - Timeout '0' is invalid. Using default page load timeout: '5'

2022-04-18 23:21:54 - [MESSAGE][PASSED] - Object 'Object Repository/PDP Element Verification - infant/Page_Enfamil NeuroPro Infant Formula  Enfamil/div_Concentrate' is present

2022-04-18 23:21:54 - [TEST_STEP][PASSED] - verifyElementText(findTestObject("Object Repository/PDP Element Verification - infant/Page_Enfamil NeuroPro Infant Formula  Enfamil/div_Concentrate"), "Concentrate"): Actual text and expected text of test object 'Object Repository/PDP Element Verification - infant/Page_Enfamil NeuroPro Infant Formula  Enfamil/div_Concentrate' are matched.

2022-04-18 23:21:55 - [MESSAGE][PASSED] - Actual text and expected text of test object 'Object Repository/PDP Element Verification - infant/Page_Enfamil NeuroPro Infant Formula  Enfamil/div_Concentrate' are matched.

2022-04-18 23:21:55 - [TEST_STEP][PASSED] - verifyElementPresent(findTestObject("Object Repository/PDP Element Verification - infant/Page_Enfamil NeuroPro Infant Formula  Enfamil/p_Like powder, Enfamil formulas in concentr_5cff56"), 0): Object 'Object Repository/PDP Element Verification - infant/Page_Enfamil NeuroPro Infant Formula  Enfamil/p_Like powder, Enfamil formulas in concentr_5cff56' is present

2022-04-18 23:21:55 - [MESSAGE][WARNING] - Timeout '0' is invalid. Using default page load timeout: '5'

2022-04-18 23:21:55 - [MESSAGE][PASSED] - Object 'Object Repository/PDP Element Verification - infant/Page_Enfamil NeuroPro Infant Formula  Enfamil/p_Like powder, Enfamil formulas in concentr_5cff56' is present

2022-04-18 23:21:55 - [TEST_STEP][PASSED] - verifyElementText(findTestObject("Object Repository/PDP Element Verification - infant/Page_Enfamil NeuroPro Infant Formula  Enfamil/p_Like powder, Enfamil formulas in concentr_5cff56"), "Like powder, Enfamil formulas in concentrated liquid form need to be diluted with water before being fed to your baby. Concentrated liquid formula can be kept covered in the refrigerator for up to 48 hours."): Actual text and expected text of test object 'Object Repository/PDP Element Verification - infant/Page_Enfamil NeuroPro Infant Formula  Enfamil/p_Like powder, Enfamil formulas in concentr_5cff56' are matched.

2022-04-18 23:21:56 - [MESSAGE][PASSED] - Actual text and expected text of test object 'Object Repository/PDP Element Verification - infant/Page_Enfamil NeuroPro Infant Formula  Enfamil/p_Like powder, Enfamil formulas in concentr_5cff56' are matched.

2022-04-18 23:21:56 - [TEST_STEP][PASSED] - verifyElementPresent(findTestObject("Object Repository/PDP Element Verification - infant/Page_Enfamil NeuroPro Infant Formula  Enfamil/a_Any questions Get in touch"), 0): Object 'Object Repository/PDP Element Verification - infant/Page_Enfamil NeuroPro Infant Formula  Enfamil/a_Any questions Get in touch' is present

2022-04-18 23:21:56 - [MESSAGE][WARNING] - Timeout '0' is invalid. Using default page load timeout: '5'

2022-04-18 23:21:56 - [MESSAGE][PASSED] - Object 'Object Repository/PDP Element Verification - infant/Page_Enfamil NeuroPro Infant Formula  Enfamil/a_Any questions Get in touch' is present

2022-04-18 23:21:56 - [TEST_STEP][PASSED] - verifyElementClickable(findTestObject("Object Repository/PDP Element Verification - infant/Page_Enfamil NeuroPro Infant Formula  Enfamil/a_Any questions Get in touch")): Object 'Object Repository/PDP Element Verification - infant/Page_Enfamil NeuroPro Infant Formula  Enfamil/a_Any questions Get in touch' is clickable

2022-04-18 23:21:56 - [MESSAGE][PASSED] - Object 'Object Repository/PDP Element Verification - infant/Page_Enfamil NeuroPro Infant Formula  Enfamil/a_Any questions Get in touch' is clickable

2022-04-18 23:21:56 - [TEST_STEP][PASSED] - element = findWebElement(findTestObject("Object Repository/PDP Element Verification - infant/Page_Enfamil NeuroPro Infant Formula  Enfamil/button_Close"), 30): null

2022-04-18 23:21:57 - [TEST_STEP][PASSED] - executeJavaScript("arguments[0].click()", Arrays.asList(element)): Execute JavaScript 'arguments[0].click()' successfully

2022-04-18 23:21:57 - [MESSAGE][PASSED] - Execute JavaScript 'arguments[0].click()' successfully

2022-04-18 23:21:57 - [TEST_STEP][PASSED] - delay(5): Delayed 5 second(s)

2022-04-18 23:22:02 - [MESSAGE][PASSED] - Delayed 5 second(s)

2022-04-18 23:22:02 - [TEST_STEP][PASSED] - verifyElementPresent(findTestObject("Object Repository/PDP Element Verification - infant/Page_Enfamil NeuroPro Infant Formula  Enfamil/button_Powder"), 0): Object 'Object Repository/PDP Element Verification - infant/Page_Enfamil NeuroPro Infant Formula  Enfamil/button_Powder' is present

2022-04-18 23:22:02 - [MESSAGE][WARNING] - Timeout '0' is invalid. Using default page load timeout: '5'

2022-04-18 23:22:03 - [MESSAGE][PASSED] - Object 'Object Repository/PDP Element Verification - infant/Page_Enfamil NeuroPro Infant Formula  Enfamil/button_Powder' is present

2022-04-18 23:22:03 - [TEST_STEP][PASSED] - verifyElementText(findTestObject("Object Repository/PDP Element Verification - infant/Page_Enfamil NeuroPro Infant Formula  Enfamil/button_Powder"), "Powder"): Actual text and expected text of test object 'Object Repository/PDP Element Verification - infant/Page_Enfamil NeuroPro Infant Formula  Enfamil/button_Powder' are matched.

2022-04-18 23:22:03 - [MESSAGE][PASSED] - Actual text and expected text of test object 'Object Repository/PDP Element Verification - infant/Page_Enfamil NeuroPro Infant Formula  Enfamil/button_Powder' are matched.

2022-04-18 23:22:03 - [TEST_STEP][PASSED] - verifyElementClickable(findTestObject("Object Repository/PDP Element Verification - infant/Page_Enfamil NeuroPro Infant Formula  Enfamil/button_Powder")): Object 'Object Repository/PDP Element Verification - infant/Page_Enfamil NeuroPro Infant Formula  Enfamil/button_Powder' is clickable

2022-04-18 23:22:04 - [MESSAGE][PASSED] - Object 'Object Repository/PDP Element Verification - infant/Page_Enfamil NeuroPro Infant Formula  Enfamil/button_Powder' is clickable

2022-04-18 23:22:04 - [TEST_STEP][PASSED] - verifyElementPresent(findTestObject("Object Repository/PDP Element Verification - infant/Page_Enfamil NeuroPro Infant Formula  Enfamil/button_Liquid"), 0): Object 'Object Repository/PDP Element Verification - infant/Page_Enfamil NeuroPro Infant Formula  Enfamil/button_Liquid' is present

2022-04-18 23:22:04 - [MESSAGE][WARNING] - Timeout '0' is invalid. Using default page load timeout: '5'

2022-04-18 23:22:04 - [MESSAGE][PASSED] - Object 'Object Repository/PDP Element Verification - infant/Page_Enfamil NeuroPro Infant Formula  Enfamil/button_Liquid' is present

2022-04-18 23:22:04 - [TEST_STEP][PASSED] - verifyElementText(findTestObject("Object Repository/PDP Element Verification - infant/Page_Enfamil NeuroPro Infant Formula  Enfamil/button_Liquid"), "Liquid"): Actual text and expected text of test object 'Object Repository/PDP Element Verification - infant/Page_Enfamil NeuroPro Infant Formula  Enfamil/button_Liquid' are matched.

2022-04-18 23:22:05 - [MESSAGE][PASSED] - Actual text and expected text of test object 'Object Repository/PDP Element Verification - infant/Page_Enfamil NeuroPro Infant Formula  Enfamil/button_Liquid' are matched.

2022-04-18 23:22:05 - [TEST_STEP][PASSED] - verifyElementClickable(findTestObject("Object Repository/PDP Element Verification - infant/Page_Enfamil NeuroPro Infant Formula  Enfamil/button_Liquid")): Object 'Object Repository/PDP Element Verification - infant/Page_Enfamil NeuroPro Infant Formula  Enfamil/button_Liquid' is clickable

2022-04-18 23:22:05 - [MESSAGE][PASSED] - Object 'Object Repository/PDP Element Verification - infant/Page_Enfamil NeuroPro Infant Formula  Enfamil/button_Liquid' is clickable

2022-04-18 23:22:05 - [TEST_STEP][PASSED] - verifyElementPresent(findTestObject("Object Repository/PDP Element Verification - infant/Page_Enfamil NeuroPro Infant Formula  Enfamil/span_2. Select type"), 0): Object 'Object Repository/PDP Element Verification - infant/Page_Enfamil NeuroPro Infant Formula  Enfamil/span_2. Select type' is present

2022-04-18 23:22:05 - [MESSAGE][WARNING] - Timeout '0' is invalid. Using default page load timeout: '5'

2022-04-18 23:22:06 - [MESSAGE][PASSED] - Object 'Object Repository/PDP Element Verification - infant/Page_Enfamil NeuroPro Infant Formula  Enfamil/span_2. Select type' is present

2022-04-18 23:22:06 - [TEST_STEP][PASSED] - verifyElementText(findTestObject("Object Repository/PDP Element Verification - infant/Page_Enfamil NeuroPro Infant Formula  Enfamil/span_2. Select type"), "2. Select type"): Actual text and expected text of test object 'Object Repository/PDP Element Verification - infant/Page_Enfamil NeuroPro Infant Formula  Enfamil/span_2. Select type' are matched.

2022-04-18 23:22:06 - [MESSAGE][PASSED] - Actual text and expected text of test object 'Object Repository/PDP Element Verification - infant/Page_Enfamil NeuroPro Infant Formula  Enfamil/span_2. Select type' are matched.

2022-04-18 23:22:06 - [TEST_STEP][PASSED] - verifyElementPresent(findTestObject("Object Repository/PDP Element Verification - infant/Page_Enfamil NeuroPro Infant Formula  Enfamil/button_Tub"), 0): Object 'Object Repository/PDP Element Verification - infant/Page_Enfamil NeuroPro Infant Formula  Enfamil/button_Tub' is present

2022-04-18 23:22:06 - [MESSAGE][WARNING] - Timeout '0' is invalid. Using default page load timeout: '5'

2022-04-18 23:22:06 - [MESSAGE][PASSED] - Object 'Object Repository/PDP Element Verification - infant/Page_Enfamil NeuroPro Infant Formula  Enfamil/button_Tub' is present

2022-04-18 23:22:06 - [TEST_STEP][PASSED] - verifyElementPresent(findTestObject("Object Repository/PDP Element Verification - infant/Page_Enfamil NeuroPro Infant Formula  Enfamil/button_Refill"), 0): Object 'Object Repository/PDP Element Verification - infant/Page_Enfamil NeuroPro Infant Formula  Enfamil/button_Refill' is present

2022-04-18 23:22:07 - [MESSAGE][WARNING] - Timeout '0' is invalid. Using default page load timeout: '5'

2022-04-18 23:22:07 - [MESSAGE][PASSED] - Object 'Object Repository/PDP Element Verification - infant/Page_Enfamil NeuroPro Infant Formula  Enfamil/button_Refill' is present

2022-04-18 23:22:07 - [TEST_STEP][PASSED] - verifyElementPresent(findTestObject("Object Repository/PDP Element Verification - infant/Page_Enfamil NeuroPro Infant Formula  Enfamil/button_Sticks"), 0): Object 'Object Repository/PDP Element Verification - infant/Page_Enfamil NeuroPro Infant Formula  Enfamil/button_Sticks' is present

2022-04-18 23:22:07 - [MESSAGE][WARNING] - Timeout '0' is invalid. Using default page load timeout: '5'

2022-04-18 23:22:07 - [MESSAGE][PASSED] - Object 'Object Repository/PDP Element Verification - infant/Page_Enfamil NeuroPro Infant Formula  Enfamil/button_Sticks' is present

2022-04-18 23:22:07 - [TEST_STEP][PASSED] - verifyElementPresent(findTestObject("Object Repository/PDP Element Verification - infant/Page_Enfamil NeuroPro Infant Formula  Enfamil/button_Can"), 0): Object 'Object Repository/PDP Element Verification - infant/Page_Enfamil NeuroPro Infant Formula  Enfamil/button_Can' is present

2022-04-18 23:22:07 - [MESSAGE][WARNING] - Timeout '0' is invalid. Using default page load timeout: '5'

2022-04-18 23:22:08 - [MESSAGE][PASSED] - Object 'Object Repository/PDP Element Verification - infant/Page_Enfamil NeuroPro Infant Formula  Enfamil/button_Can' is present

2022-04-18 23:22:08 - [TEST_STEP][PASSED] - verifyElementPresent(findTestObject("Object Repository/PDP Element Verification - infant/Page_Enfamil NeuroPro Infant Formula  Enfamil/span_3. Select size"), 0): Object 'Object Repository/PDP Element Verification - infant/Page_Enfamil NeuroPro Infant Formula  Enfamil/span_3. Select size' is present

2022-04-18 23:22:08 - [MESSAGE][WARNING] - Timeout '0' is invalid. Using default page load timeout: '5'

2022-04-18 23:22:08 - [MESSAGE][PASSED] - Object 'Object Repository/PDP Element Verification - infant/Page_Enfamil NeuroPro Infant Formula  Enfamil/span_3. Select size' is present

2022-04-18 23:22:08 - [TEST_STEP][PASSED] - verifyElementText(findTestObject("Object Repository/PDP Element Verification - infant/Page_Enfamil NeuroPro Infant Formula  Enfamil/span_3. Select size"), "3. Select size"): Actual text and expected text of test object 'Object Repository/PDP Element Verification - infant/Page_Enfamil NeuroPro Infant Formula  Enfamil/span_3. Select size' are matched.

2022-04-18 23:22:09 - [MESSAGE][PASSED] - Actual text and expected text of test object 'Object Repository/PDP Element Verification - infant/Page_Enfamil NeuroPro Infant Formula  Enfamil/span_3. Select size' are matched.

2022-04-18 23:22:09 - [TEST_STEP][PASSED] - verifyElementPresent(findTestObject("Object Repository/PDP Element Verification - infant/Page_Enfamil NeuroPro Infant Formula  Enfamil/img_Nutrition for brain building  immune su_3f1f83"), 0): Object 'Object Repository/PDP Element Verification - infant/Page_Enfamil NeuroPro Infant Formula  Enfamil/img_Nutrition for brain building  immune su_3f1f83' is present

2022-04-18 23:22:09 - [MESSAGE][WARNING] - Timeout '0' is invalid. Using default page load timeout: '5'

2022-04-18 23:22:09 - [MESSAGE][PASSED] - Object 'Object Repository/PDP Element Verification - infant/Page_Enfamil NeuroPro Infant Formula  Enfamil/img_Nutrition for brain building  immune su_3f1f83' is present

2022-04-18 23:22:09 - [TEST_STEP][PASSED] - verifyElementPresent(findTestObject("Object Repository/PDP Element Verification - infant/Page_Enfamil NeuroPro Infant Formula  Enfamil/img_Nutrition for brain building  immune su_bc9e75"), 0): Object 'Object Repository/PDP Element Verification - infant/Page_Enfamil NeuroPro Infant Formula  Enfamil/img_Nutrition for brain building  immune su_bc9e75' is present

2022-04-18 23:22:09 - [MESSAGE][WARNING] - Timeout '0' is invalid. Using default page load timeout: '5'

2022-04-18 23:22:09 - [MESSAGE][PASSED] - Object 'Object Repository/PDP Element Verification - infant/Page_Enfamil NeuroPro Infant Formula  Enfamil/img_Nutrition for brain building  immune su_bc9e75' is present

2022-04-18 23:22:09 - [TEST_STEP][PASSED] - verifyElementPresent(findTestObject("Object Repository/PDP Element Verification - infant/Page_Enfamil NeuroPro Infant Formula  Enfamil/img_Nutrition for brain building  immune su_bc9e75_1"), 0): Object 'Object Repository/PDP Element Verification - infant/Page_Enfamil NeuroPro Infant Formula  Enfamil/img_Nutrition for brain building  immune su_bc9e75_1' is present

2022-04-18 23:22:10 - [MESSAGE][WARNING] - Timeout '0' is invalid. Using default page load timeout: '5'

2022-04-18 23:22:10 - [MESSAGE][PASSED] - Object 'Object Repository/PDP Element Verification - infant/Page_Enfamil NeuroPro Infant Formula  Enfamil/img_Nutrition for brain building  immune su_bc9e75_1' is present

2022-04-18 23:22:10 - [TEST_STEP][PASSED] - verifyElementPresent(findTestObject("Object Repository/PDP Element Verification - infant/Page_Enfamil NeuroPro Infant Formula  Enfamil/button_Nutrition for brain building  immune_7a1d83"), 0): Object 'Object Repository/PDP Element Verification - infant/Page_Enfamil NeuroPro Infant Formula  Enfamil/button_Nutrition for brain building  immune_7a1d83' is present

2022-04-18 23:22:10 - [MESSAGE][WARNING] - Timeout '0' is invalid. Using default page load timeout: '5'

2022-04-18 23:22:10 - [MESSAGE][PASSED] - Object 'Object Repository/PDP Element Verification - infant/Page_Enfamil NeuroPro Infant Formula  Enfamil/button_Nutrition for brain building  immune_7a1d83' is present

2022-04-18 23:22:10 - [TEST_STEP][PASSED] - verifyElementPresent(findTestObject("PDP Element Verification - infant/Page_Enfamil NeuroPro Infant Formula  Enfamil/img_Nutrition for brain building immune su_bc9e75_2"), 0): Object 'Object Repository/PDP Element Verification - infant/Page_Enfamil NeuroPro Infant Formula  Enfamil/img_Nutrition for brain building immune su_bc9e75_2' is present

2022-04-18 23:22:10 - [MESSAGE][WARNING] - Timeout '0' is invalid. Using default page load timeout: '5'

2022-04-18 23:22:11 - [MESSAGE][PASSED] - Object 'Object Repository/PDP Element Verification - infant/Page_Enfamil NeuroPro Infant Formula  Enfamil/img_Nutrition for brain building immune su_bc9e75_2' is present

2022-04-18 23:22:11 - [TEST_STEP][PASSED] - mouseOver(findTestObject("Object Repository/PDP Element Verification - infant/Page_Enfamil NeuroPro Infant Formula  Enfamil/img_Nutrition for brain building  immune su_3d6aa5")): Object: 'Object Repository/PDP Element Verification - infant/Page_Enfamil NeuroPro Infant Formula  Enfamil/img_Nutrition for brain building  immune su_3d6aa5' is hovered

2022-04-18 23:22:11 - [MESSAGE][PASSED] - Object: 'Object Repository/PDP Element Verification - infant/Page_Enfamil NeuroPro Infant Formula  Enfamil/img_Nutrition for brain building  immune su_3d6aa5' is hovered

2022-04-18 23:22:11 - [TEST_STEP][PASSED] - mouseOver(findTestObject("Object Repository/PDP Element Verification - infant/Page_Enfamil NeuroPro Infant Formula  Enfamil/img_Nutrition for brain building  immune su_3d6aa5_1")): Object: 'Object Repository/PDP Element Verification - infant/Page_Enfamil NeuroPro Infant Formula  Enfamil/img_Nutrition for brain building  immune su_3d6aa5_1' is hovered

2022-04-18 23:22:12 - [MESSAGE][PASSED] - Object: 'Object Repository/PDP Element Verification - infant/Page_Enfamil NeuroPro Infant Formula  Enfamil/img_Nutrition for brain building  immune su_3d6aa5_1' is hovered

2022-04-18 23:22:12 - [TEST_STEP][PASSED] - mouseOver(findTestObject("Object Repository/PDP Element Verification - infant/Page_Enfamil NeuroPro Infant Formula  Enfamil/img_Nutrition for brain building  immune su_3d6aa5_1_2")): Object: 'Object Repository/PDP Element Verification - infant/Page_Enfamil NeuroPro Infant Formula  Enfamil/img_Nutrition for brain building  immune su_3d6aa5_1_2' is hovered

2022-04-18 23:22:13 - [MESSAGE][PASSED] - Object: 'Object Repository/PDP Element Verification - infant/Page_Enfamil NeuroPro Infant Formula  Enfamil/img_Nutrition for brain building  immune su_3d6aa5_1_2' is hovered

2022-04-18 23:22:13 - [TEST_STEP][PASSED] - mouseOver(findTestObject("Object Repository/PDP Element Verification - infant/Page_Enfamil NeuroPro Infant Formula  Enfamil/button_Nutrition for brain building  immune_7a1d83")): Object: 'Object Repository/PDP Element Verification - infant/Page_Enfamil NeuroPro Infant Formula  Enfamil/button_Nutrition for brain building  immune_7a1d83' is hovered

2022-04-18 23:22:13 - [MESSAGE][PASSED] - Object: 'Object Repository/PDP Element Verification - infant/Page_Enfamil NeuroPro Infant Formula  Enfamil/button_Nutrition for brain building  immune_7a1d83' is hovered

2022-04-18 23:22:13 - [TEST_STEP][PASSED] - click(findTestObject("Object Repository/PDP Element Verification - infant/Page_Enfamil NeuroPro Infant Formula  Enfamil/span_19 more")): Object: 'Object Repository/PDP Element Verification - infant/Page_Enfamil NeuroPro Infant Formula  Enfamil/span_19 more' is clicked on

2022-04-18 23:22:14 - [MESSAGE][PASSED] - Object: 'Object Repository/PDP Element Verification - infant/Page_Enfamil NeuroPro Infant Formula  Enfamil/span_19 more' is clicked on

2022-04-18 23:22:14 - [TEST_STEP][PASSED] - verifyElementPresent(findTestObject("Object Repository/PDP Element Verification - infant/Page_Enfamil NeuroPro Infant Formula  Enfamil/button_Prev"), 0): Object 'Object Repository/PDP Element Verification - infant/Page_Enfamil NeuroPro Infant Formula  Enfamil/button_Prev' is present

2022-04-18 23:22:14 - [MESSAGE][WARNING] - Timeout '0' is invalid. Using default page load timeout: '5'

2022-04-18 23:22:15 - [MESSAGE][PASSED] - Object 'Object Repository/PDP Element Verification - infant/Page_Enfamil NeuroPro Infant Formula  Enfamil/button_Prev' is present

2022-04-18 23:22:15 - [TEST_STEP][PASSED] - verifyElementPresent(findTestObject("Object Repository/PDP Element Verification - infant/Page_Enfamil NeuroPro Infant Formula  Enfamil/button_Next"), 0): Object 'Object Repository/PDP Element Verification - infant/Page_Enfamil NeuroPro Infant Formula  Enfamil/button_Next' is present

2022-04-18 23:22:15 - [MESSAGE][WARNING] - Timeout '0' is invalid. Using default page load timeout: '5'

2022-04-18 23:22:15 - [MESSAGE][PASSED] - Object 'Object Repository/PDP Element Verification - infant/Page_Enfamil NeuroPro Infant Formula  Enfamil/button_Next' is present

2022-04-18 23:22:15 - [TEST_STEP][PASSED] - verifyElementPresent(findTestObject("Object Repository/PDP Element Verification - infant/Page_Enfamil NeuroPro Infant Formula  Enfamil/button_Nutrition for brain building  immune_7a1d83"), 0): Object 'Object Repository/PDP Element Verification - infant/Page_Enfamil NeuroPro Infant Formula  Enfamil/button_Nutrition for brain building  immune_7a1d83' is present

2022-04-18 23:22:15 - [MESSAGE][WARNING] - Timeout '0' is invalid. Using default page load timeout: '5'

2022-04-18 23:22:16 - [MESSAGE][PASSED] - Object 'Object Repository/PDP Element Verification - infant/Page_Enfamil NeuroPro Infant Formula  Enfamil/button_Nutrition for brain building  immune_7a1d83' is present

2022-04-18 23:22:16 - [TEST_STEP][PASSED] - click(findTestObject("Object Repository/PDP Element Verification - infant/Page_Enfamil NeuroPro Infant Formula  Enfamil/button_")): Object: 'Object Repository/PDP Element Verification - infant/Page_Enfamil NeuroPro Infant Formula  Enfamil/button_' is clicked on

2022-04-18 23:22:17 - [MESSAGE][PASSED] - Object: 'Object Repository/PDP Element Verification - infant/Page_Enfamil NeuroPro Infant Formula  Enfamil/button_' is clicked on

2022-04-18 23:22:17 - [TEST_STEP][PASSED] - verifyElementPresent(findTestObject("Object Repository/PDP Element Verification - infant/Page_Enfamil NeuroPro Infant Formula  Enfamil/span_How much do I need"), 0): Object 'Object Repository/PDP Element Verification - infant/Page_Enfamil NeuroPro Infant Formula  Enfamil/span_How much do I need' is present

2022-04-18 23:22:17 - [MESSAGE][WARNING] - Timeout '0' is invalid. Using default page load timeout: '5'

2022-04-18 23:22:17 - [MESSAGE][PASSED] - Object 'Object Repository/PDP Element Verification - infant/Page_Enfamil NeuroPro Infant Formula  Enfamil/span_How much do I need' is present

2022-04-18 23:22:17 - [TEST_STEP][PASSED] - verifyElementPresent(findTestObject("Object Repository/PDP Element Verification - infant/Page_Enfamil NeuroPro Infant Formula  Enfamil/span_3. Select size"), 0): Object 'Object Repository/PDP Element Verification - infant/Page_Enfamil NeuroPro Infant Formula  Enfamil/span_3. Select size' is present

2022-04-18 23:22:17 - [MESSAGE][WARNING] - Timeout '0' is invalid. Using default page load timeout: '5'

2022-04-18 23:22:18 - [MESSAGE][PASSED] - Object 'Object Repository/PDP Element Verification - infant/Page_Enfamil NeuroPro Infant Formula  Enfamil/span_3. Select size' is present

2022-04-18 23:22:18 - [TEST_STEP][PASSED] - verifyElementText(findTestObject("Object Repository/PDP Element Verification - infant/Page_Enfamil NeuroPro Infant Formula  Enfamil/span_How much do I need"), "How much do I need?"): Actual text and expected text of test object 'Object Repository/PDP Element Verification - infant/Page_Enfamil NeuroPro Infant Formula  Enfamil/span_How much do I need' are matched.

2022-04-18 23:22:18 - [MESSAGE][PASSED] - Actual text and expected text of test object 'Object Repository/PDP Element Verification - infant/Page_Enfamil NeuroPro Infant Formula  Enfamil/span_How much do I need' are matched.

2022-04-18 23:22:18 - [TEST_STEP][PASSED] - verifyElementClickable(findTestObject("Object Repository/PDP Element Verification - infant/Page_Enfamil NeuroPro Infant Formula  Enfamil/span_How much do I need")): Object 'Object Repository/PDP Element Verification - infant/Page_Enfamil NeuroPro Infant Formula  Enfamil/span_How much do I need' is clickable

2022-04-18 23:22:18 - [MESSAGE][PASSED] - Object 'Object Repository/PDP Element Verification - infant/Page_Enfamil NeuroPro Infant Formula  Enfamil/span_How much do I need' is clickable

2022-04-18 23:22:18 - [TEST_STEP][PASSED] - verifyElementPresent(findTestObject("Object Repository/PDP Element Verification - infant/Page_Enfamil NeuroPro Infant Formula  Enfamil/button_20.7 oz Tub (Case of 6) 1.54 per oz190.99"), 0): Object 'Object Repository/PDP Element Verification - infant/Page_Enfamil NeuroPro Infant Formula  Enfamil/button_20.7 oz Tub (Case of 6) 1.54 per oz190.99' is present

2022-04-18 23:22:19 - [MESSAGE][WARNING] - Timeout '0' is invalid. Using default page load timeout: '5'

2022-04-18 23:22:19 - [MESSAGE][PASSED] - Object 'Object Repository/PDP Element Verification - infant/Page_Enfamil NeuroPro Infant Formula  Enfamil/button_20.7 oz Tub (Case of 6) 1.54 per oz190.99' is present

2022-04-18 23:22:19 - [TEST_STEP][PASSED] - click(findTestObject("Object Repository/PDP Element Verification - infant/Page_Enfamil NeuroPro Infant Formula  Enfamil/span_How much do I need")): Object: 'Object Repository/PDP Element Verification - infant/Page_Enfamil NeuroPro Infant Formula  Enfamil/span_How much do I need' is clicked on

2022-04-18 23:22:20 - [MESSAGE][PASSED] - Object: 'Object Repository/PDP Element Verification - infant/Page_Enfamil NeuroPro Infant Formula  Enfamil/span_How much do I need' is clicked on

2022-04-18 23:22:20 - [TEST_STEP][PASSED] - verifyElementPresent(findTestObject("Object Repository/PDP Element Verification - infant/Page_Enfamil NeuroPro Infant Formula  Enfamil/span_Formula Calculator"), 0): Object 'Object Repository/PDP Element Verification - infant/Page_Enfamil NeuroPro Infant Formula  Enfamil/span_Formula Calculator' is present

2022-04-18 23:22:20 - [MESSAGE][WARNING] - Timeout '0' is invalid. Using default page load timeout: '5'

2022-04-18 23:22:20 - [MESSAGE][PASSED] - Object 'Object Repository/PDP Element Verification - infant/Page_Enfamil NeuroPro Infant Formula  Enfamil/span_Formula Calculator' is present

2022-04-18 23:22:21 - [TEST_STEP][PASSED] - verifyElementText(findTestObject("Object Repository/PDP Element Verification - infant/Page_Enfamil NeuroPro Infant Formula  Enfamil/span_Formula Calculator"), "Formula Calculator"): Actual text and expected text of test object 'Object Repository/PDP Element Verification - infant/Page_Enfamil NeuroPro Infant Formula  Enfamil/span_Formula Calculator' are matched.

2022-04-18 23:22:21 - [MESSAGE][PASSED] - Actual text and expected text of test object 'Object Repository/PDP Element Verification - infant/Page_Enfamil NeuroPro Infant Formula  Enfamil/span_Formula Calculator' are matched.

2022-04-18 23:22:21 - [TEST_STEP][PASSED] - verifyElementPresent(findTestObject("Object Repository/PDP Element Verification - infant/Page_Enfamil NeuroPro Infant Formula  Enfamil/p_Enfamil NeuroPro Infant Formula"), 0): Object 'Object Repository/PDP Element Verification - infant/Page_Enfamil NeuroPro Infant Formula  Enfamil/p_Enfamil NeuroPro Infant Formula' is present

2022-04-18 23:22:21 - [MESSAGE][WARNING] - Timeout '0' is invalid. Using default page load timeout: '5'

2022-04-18 23:22:21 - [MESSAGE][PASSED] - Object 'Object Repository/PDP Element Verification - infant/Page_Enfamil NeuroPro Infant Formula  Enfamil/p_Enfamil NeuroPro Infant Formula' is present

2022-04-18 23:22:21 - [TEST_STEP][PASSED] - verifyElementText(findTestObject("Object Repository/PDP Element Verification - infant/Page_Enfamil NeuroPro Infant Formula  Enfamil/p_Enfamil NeuroPro Infant Formula"), "Enfamil NeuroPro Infant Formula"): Actual text and expected text of test object 'Object Repository/PDP Element Verification - infant/Page_Enfamil NeuroPro Infant Formula  Enfamil/p_Enfamil NeuroPro Infant Formula' are matched.

2022-04-18 23:22:22 - [MESSAGE][PASSED] - Actual text and expected text of test object 'Object Repository/PDP Element Verification - infant/Page_Enfamil NeuroPro Infant Formula  Enfamil/p_Enfamil NeuroPro Infant Formula' are matched.

2022-04-18 23:22:22 - [TEST_STEP][PASSED] - verifyElementPresent(findTestObject("Object Repository/PDP Element Verification - infant/Page_Enfamil NeuroPro Infant Formula  Enfamil/img_Formula Calculator_product__image"), 0): Object 'Object Repository/PDP Element Verification - infant/Page_Enfamil NeuroPro Infant Formula  Enfamil/img_Formula Calculator_product__image' is present

2022-04-18 23:22:22 - [MESSAGE][WARNING] - Timeout '0' is invalid. Using default page load timeout: '5'

2022-04-18 23:22:22 - [MESSAGE][PASSED] - Object 'Object Repository/PDP Element Verification - infant/Page_Enfamil NeuroPro Infant Formula  Enfamil/img_Formula Calculator_product__image' is present

2022-04-18 23:22:22 - [TEST_STEP][PASSED] - verifyElementPresent(findTestObject("Object Repository/PDP Element Verification - infant/Page_Enfamil NeuroPro Infant Formula  Enfamil/span_How many ounces of formula do you give_7a26fe"), 0): Object 'Object Repository/PDP Element Verification - infant/Page_Enfamil NeuroPro Infant Formula  Enfamil/span_How many ounces of formula do you give_7a26fe' is present

2022-04-18 23:22:22 - [MESSAGE][WARNING] - Timeout '0' is invalid. Using default page load timeout: '5'

2022-04-18 23:22:23 - [MESSAGE][PASSED] - Object 'Object Repository/PDP Element Verification - infant/Page_Enfamil NeuroPro Infant Formula  Enfamil/span_How many ounces of formula do you give_7a26fe' is present

2022-04-18 23:22:23 - [TEST_STEP][PASSED] - verifyElementText(findTestObject("Object Repository/PDP Element Verification - infant/Page_Enfamil NeuroPro Infant Formula  Enfamil/span_How many ounces of formula do you give_7a26fe"), "How many ounces of formula do you give your child every day?"): Actual text and expected text of test object 'Object Repository/PDP Element Verification - infant/Page_Enfamil NeuroPro Infant Formula  Enfamil/span_How many ounces of formula do you give_7a26fe' are matched.

2022-04-18 23:22:23 - [MESSAGE][PASSED] - Actual text and expected text of test object 'Object Repository/PDP Element Verification - infant/Page_Enfamil NeuroPro Infant Formula  Enfamil/span_How many ounces of formula do you give_7a26fe' are matched.

2022-04-18 23:22:23 - [TEST_STEP][PASSED] - verifyElementPresent(findTestObject("Object Repository/PDP Element Verification - infant/Page_Enfamil NeuroPro Infant Formula  Enfamil/input_How many ounces of formula do you giv_84ec02"), 0): Object 'Object Repository/PDP Element Verification - infant/Page_Enfamil NeuroPro Infant Formula  Enfamil/input_How many ounces of formula do you giv_84ec02' is present

2022-04-18 23:22:23 - [MESSAGE][WARNING] - Timeout '0' is invalid. Using default page load timeout: '5'

2022-04-18 23:22:23 - [MESSAGE][PASSED] - Object 'Object Repository/PDP Element Verification - infant/Page_Enfamil NeuroPro Infant Formula  Enfamil/input_How many ounces of formula do you giv_84ec02' is present

2022-04-18 23:22:23 - [TEST_STEP][PASSED] - verifyElementPresent(findTestObject("Object Repository/PDP Element Verification - infant/Page_Enfamil NeuroPro Infant Formula  Enfamil/span_fl oz"), 0): Object 'Object Repository/PDP Element Verification - infant/Page_Enfamil NeuroPro Infant Formula  Enfamil/span_fl oz' is present

2022-04-18 23:22:24 - [MESSAGE][WARNING] - Timeout '0' is invalid. Using default page load timeout: '5'

2022-04-18 23:22:24 - [MESSAGE][PASSED] - Object 'Object Repository/PDP Element Verification - infant/Page_Enfamil NeuroPro Infant Formula  Enfamil/span_fl oz' is present

2022-04-18 23:22:24 - [TEST_STEP][PASSED] - verifyElementPresent(findTestObject("Object Repository/PDP Element Verification - infant/Page_Enfamil NeuroPro Infant Formula  Enfamil/span_Im not sure"), 0): Object 'Object Repository/PDP Element Verification - infant/Page_Enfamil NeuroPro Infant Formula  Enfamil/span_Im not sure' is present

2022-04-18 23:22:24 - [MESSAGE][WARNING] - Timeout '0' is invalid. Using default page load timeout: '5'

2022-04-18 23:22:24 - [MESSAGE][PASSED] - Object 'Object Repository/PDP Element Verification - infant/Page_Enfamil NeuroPro Infant Formula  Enfamil/span_Im not sure' is present

2022-04-18 23:22:24 - [TEST_STEP][PASSED] - verifyElementText(findTestObject("Object Repository/PDP Element Verification - infant/Page_Enfamil NeuroPro Infant Formula  Enfamil/span_Im not sure"), "I'm not sure"): Actual text and expected text of test object 'Object Repository/PDP Element Verification - infant/Page_Enfamil NeuroPro Infant Formula  Enfamil/span_Im not sure' are matched.

2022-04-18 23:22:25 - [MESSAGE][PASSED] - Actual text and expected text of test object 'Object Repository/PDP Element Verification - infant/Page_Enfamil NeuroPro Infant Formula  Enfamil/span_Im not sure' are matched.

2022-04-18 23:22:25 - [TEST_STEP][PASSED] - verifyElementPresent(findTestObject("Object Repository/PDP Element Verification - infant/Page_Enfamil NeuroPro Infant Formula  Enfamil/span_For what timeframe do you want to calc_53fbb5"), 0): Object 'Object Repository/PDP Element Verification - infant/Page_Enfamil NeuroPro Infant Formula  Enfamil/span_For what timeframe do you want to calc_53fbb5' is present

2022-04-18 23:22:25 - [MESSAGE][WARNING] - Timeout '0' is invalid. Using default page load timeout: '5'

2022-04-18 23:22:25 - [MESSAGE][PASSED] - Object 'Object Repository/PDP Element Verification - infant/Page_Enfamil NeuroPro Infant Formula  Enfamil/span_For what timeframe do you want to calc_53fbb5' is present

2022-04-18 23:22:25 - [TEST_STEP][PASSED] - verifyElementText(findTestObject("Object Repository/PDP Element Verification - infant/Page_Enfamil NeuroPro Infant Formula  Enfamil/span_For what timeframe do you want to calc_53fbb5"), "For what timeframe do you want to calculate your formula needs?"): Actual text and expected text of test object 'Object Repository/PDP Element Verification - infant/Page_Enfamil NeuroPro Infant Formula  Enfamil/span_For what timeframe do you want to calc_53fbb5' are matched.

2022-04-18 23:22:26 - [MESSAGE][PASSED] - Actual text and expected text of test object 'Object Repository/PDP Element Verification - infant/Page_Enfamil NeuroPro Infant Formula  Enfamil/span_For what timeframe do you want to calc_53fbb5' are matched.

2022-04-18 23:22:26 - [TEST_STEP][PASSED] - verifyElementPresent(findTestObject("Object Repository/PDP Element Verification - infant/Page_Enfamil NeuroPro Infant Formula  Enfamil/div_Month"), 0): Object 'Object Repository/PDP Element Verification - infant/Page_Enfamil NeuroPro Infant Formula  Enfamil/div_Month' is present

2022-04-18 23:22:26 - [MESSAGE][WARNING] - Timeout '0' is invalid. Using default page load timeout: '5'

2022-04-18 23:22:26 - [MESSAGE][PASSED] - Object 'Object Repository/PDP Element Verification - infant/Page_Enfamil NeuroPro Infant Formula  Enfamil/div_Month' is present

2022-04-18 23:22:26 - [TEST_STEP][PASSED] - verifyElementPresent(findTestObject("Object Repository/PDP Element Verification - infant/Page_Enfamil NeuroPro Infant Formula  Enfamil/button_Submit"), 0): Object 'Object Repository/PDP Element Verification - infant/Page_Enfamil NeuroPro Infant Formula  Enfamil/button_Submit' is present

2022-04-18 23:22:26 - [MESSAGE][WARNING] - Timeout '0' is invalid. Using default page load timeout: '5'

2022-04-18 23:22:26 - [MESSAGE][PASSED] - Object 'Object Repository/PDP Element Verification - infant/Page_Enfamil NeuroPro Infant Formula  Enfamil/button_Submit' is present

2022-04-18 23:22:26 - [TEST_STEP][PASSED] - click(findTestObject("Object Repository/PDP Element Verification - infant/Page_Enfamil NeuroPro Infant Formula  Enfamil/span_Im not sure")): Object: 'Object Repository/PDP Element Verification - infant/Page_Enfamil NeuroPro Infant Formula  Enfamil/span_Im not sure' is clicked on

2022-04-18 23:22:27 - [MESSAGE][PASSED] - Object: 'Object Repository/PDP Element Verification - infant/Page_Enfamil NeuroPro Infant Formula  Enfamil/span_Im not sure' is clicked on

2022-04-18 23:22:27 - [TEST_STEP][PASSED] - verifyElementPresent(findTestObject("Object Repository/PDP Element Verification - infant/Page_Enfamil NeuroPro Infant Formula  Enfamil/span_How old is your child"), 0): Object 'Object Repository/PDP Element Verification - infant/Page_Enfamil NeuroPro Infant Formula  Enfamil/span_How old is your child' is present

2022-04-18 23:22:27 - [MESSAGE][WARNING] - Timeout '0' is invalid. Using default page load timeout: '5'

2022-04-18 23:22:28 - [MESSAGE][PASSED] - Object 'Object Repository/PDP Element Verification - infant/Page_Enfamil NeuroPro Infant Formula  Enfamil/span_How old is your child' is present

2022-04-18 23:22:28 - [TEST_STEP][PASSED] - verifyElementText(findTestObject("Object Repository/PDP Element Verification - infant/Page_Enfamil NeuroPro Infant Formula  Enfamil/span_How old is your child"), "How old is your child?"): Actual text and expected text of test object 'Object Repository/PDP Element Verification - infant/Page_Enfamil NeuroPro Infant Formula  Enfamil/span_How old is your child' are matched.

2022-04-18 23:22:28 - [MESSAGE][PASSED] - Actual text and expected text of test object 'Object Repository/PDP Element Verification - infant/Page_Enfamil NeuroPro Infant Formula  Enfamil/span_How old is your child' are matched.

2022-04-18 23:22:28 - [TEST_STEP][PASSED] - verifyElementPresent(findTestObject("Object Repository/PDP Element Verification - infant/Page_Enfamil NeuroPro Infant Formula  Enfamil/span_Optional"), 0): Object 'Object Repository/PDP Element Verification - infant/Page_Enfamil NeuroPro Infant Formula  Enfamil/span_Optional' is present

2022-04-18 23:22:28 - [MESSAGE][WARNING] - Timeout '0' is invalid. Using default page load timeout: '5'

2022-04-18 23:22:29 - [MESSAGE][PASSED] - Object 'Object Repository/PDP Element Verification - infant/Page_Enfamil NeuroPro Infant Formula  Enfamil/span_Optional' is present

2022-04-18 23:22:29 - [TEST_STEP][PASSED] - verifyElementText(findTestObject("Object Repository/PDP Element Verification - infant/Page_Enfamil NeuroPro Infant Formula  Enfamil/span_Optional"), "Optional"): Actual text and expected text of test object 'Object Repository/PDP Element Verification - infant/Page_Enfamil NeuroPro Infant Formula  Enfamil/span_Optional' are matched.

2022-04-18 23:22:29 - [MESSAGE][PASSED] - Actual text and expected text of test object 'Object Repository/PDP Element Verification - infant/Page_Enfamil NeuroPro Infant Formula  Enfamil/span_Optional' are matched.

2022-04-18 23:22:29 - [TEST_STEP][PASSED] - verifyElementPresent(findTestObject("Object Repository/PDP Element Verification - infant/Page_Enfamil NeuroPro Infant Formula  Enfamil/div_Select one"), 0): Object 'Object Repository/PDP Element Verification - infant/Page_Enfamil NeuroPro Infant Formula  Enfamil/div_Select one' is present

2022-04-18 23:22:29 - [MESSAGE][WARNING] - Timeout '0' is invalid. Using default page load timeout: '5'

2022-04-18 23:22:30 - [MESSAGE][PASSED] - Object 'Object Repository/PDP Element Verification - infant/Page_Enfamil NeuroPro Infant Formula  Enfamil/div_Select one' is present

2022-04-18 23:22:30 - [TEST_STEP][PASSED] - verifyElementText(findTestObject("Object Repository/PDP Element Verification - infant/Page_Enfamil NeuroPro Infant Formula  Enfamil/div_Select one"), "Select one"): Actual text and expected text of test object 'Object Repository/PDP Element Verification - infant/Page_Enfamil NeuroPro Infant Formula  Enfamil/div_Select one' are matched.

2022-04-18 23:22:30 - [MESSAGE][PASSED] - Actual text and expected text of test object 'Object Repository/PDP Element Verification - infant/Page_Enfamil NeuroPro Infant Formula  Enfamil/div_Select one' are matched.

2022-04-18 23:22:30 - [TEST_STEP][PASSED] - click(findTestObject("Object Repository/PDP Element Verification - infant/Page_Enfamil NeuroPro Infant Formula  Enfamil/svg_Select one_css-19bqh2r")): Object: 'Object Repository/PDP Element Verification - infant/Page_Enfamil NeuroPro Infant Formula  Enfamil/svg_Select one_css-19bqh2r' is clicked on

2022-04-18 23:22:31 - [MESSAGE][PASSED] - Object: 'Object Repository/PDP Element Verification - infant/Page_Enfamil NeuroPro Infant Formula  Enfamil/svg_Select one_css-19bqh2r' is clicked on

2022-04-18 23:22:31 - [TEST_STEP][PASSED] - verifyElementPresent(findTestObject("Object Repository/PDP Element Verification - infant/Page_Enfamil NeuroPro Infant Formula  Enfamil/span_How often does your little one drink formula"), 0): Object 'Object Repository/PDP Element Verification - infant/Page_Enfamil NeuroPro Infant Formula  Enfamil/span_How often does your little one drink formula' is present

2022-04-18 23:22:31 - [MESSAGE][WARNING] - Timeout '0' is invalid. Using default page load timeout: '5'

2022-04-18 23:22:31 - [MESSAGE][PASSED] - Object 'Object Repository/PDP Element Verification - infant/Page_Enfamil NeuroPro Infant Formula  Enfamil/span_How often does your little one drink formula' is present

2022-04-18 23:22:31 - [TEST_STEP][PASSED] - verifyElementText(findTestObject("Object Repository/PDP Element Verification - infant/Page_Enfamil NeuroPro Infant Formula  Enfamil/span_How often does your little one drink formula"), "How often does your little one drink formula?"): Actual text and expected text of test object 'Object Repository/PDP Element Verification - infant/Page_Enfamil NeuroPro Infant Formula  Enfamil/span_How often does your little one drink formula' are matched.

2022-04-18 23:22:32 - [MESSAGE][PASSED] - Actual text and expected text of test object 'Object Repository/PDP Element Verification - infant/Page_Enfamil NeuroPro Infant Formula  Enfamil/span_How often does your little one drink formula' are matched.

2022-04-18 23:22:32 - [TEST_STEP][PASSED] - verifyElementPresent(findTestObject("Object Repository/PDP Element Verification - infant/Page_Enfamil NeuroPro Infant Formula  Enfamil/span_For what timeframe do you want to calc_53fbb5"), 0): Object 'Object Repository/PDP Element Verification - infant/Page_Enfamil NeuroPro Infant Formula  Enfamil/span_For what timeframe do you want to calc_53fbb5' is present

2022-04-18 23:22:32 - [MESSAGE][WARNING] - Timeout '0' is invalid. Using default page load timeout: '5'

2022-04-18 23:22:32 - [MESSAGE][PASSED] - Object 'Object Repository/PDP Element Verification - infant/Page_Enfamil NeuroPro Infant Formula  Enfamil/span_For what timeframe do you want to calc_53fbb5' is present

2022-04-18 23:22:32 - [TEST_STEP][PASSED] - verifyElementText(findTestObject("Object Repository/PDP Element Verification - infant/Page_Enfamil NeuroPro Infant Formula  Enfamil/span_For what timeframe do you want to calc_53fbb5"), "For what timeframe do you want to calculate your formula needs?"): Actual text and expected text of test object 'Object Repository/PDP Element Verification - infant/Page_Enfamil NeuroPro Infant Formula  Enfamil/span_For what timeframe do you want to calc_53fbb5' are matched.

2022-04-18 23:22:33 - [MESSAGE][PASSED] - Actual text and expected text of test object 'Object Repository/PDP Element Verification - infant/Page_Enfamil NeuroPro Infant Formula  Enfamil/span_For what timeframe do you want to calc_53fbb5' are matched.

2022-04-18 23:22:33 - [TEST_STEP][PASSED] - verifyElementPresent(findTestObject("Object Repository/PDP Element Verification - infant/Page_Enfamil NeuroPro Infant Formula  Enfamil/button_Submit"), 0): Object 'Object Repository/PDP Element Verification - infant/Page_Enfamil NeuroPro Infant Formula  Enfamil/button_Submit' is present

2022-04-18 23:22:33 - [MESSAGE][WARNING] - Timeout '0' is invalid. Using default page load timeout: '5'

2022-04-18 23:22:33 - [MESSAGE][PASSED] - Object 'Object Repository/PDP Element Verification - infant/Page_Enfamil NeuroPro Infant Formula  Enfamil/button_Submit' is present

2022-04-18 23:22:33 - [TEST_STEP][PASSED] - verifyElementText(findTestObject("Object Repository/PDP Element Verification - infant/Page_Enfamil NeuroPro Infant Formula  Enfamil/button_Submit"), "Submit"): Actual text and expected text of test object 'Object Repository/PDP Element Verification - infant/Page_Enfamil NeuroPro Infant Formula  Enfamil/button_Submit' are matched.

2022-04-18 23:22:33 - [MESSAGE][PASSED] - Actual text and expected text of test object 'Object Repository/PDP Element Verification - infant/Page_Enfamil NeuroPro Infant Formula  Enfamil/button_Submit' are matched.

2022-04-18 23:22:33 - [TEST_STEP][PASSED] - click(findTestObject("Object Repository/PDP Element Verification - infant/Page_Enfamil NeuroPro Infant Formula  Enfamil/span_Back")): Object: 'Object Repository/PDP Element Verification - infant/Page_Enfamil NeuroPro Infant Formula  Enfamil/span_Back' is clicked on

2022-04-18 23:22:34 - [MESSAGE][PASSED] - Object: 'Object Repository/PDP Element Verification - infant/Page_Enfamil NeuroPro Infant Formula  Enfamil/span_Back' is clicked on

2022-04-18 23:22:34 - [TEST_STEP][PASSED] - click(findTestObject("Object Repository/PDP Element Verification - infant/Page_Enfamil NeuroPro Infant Formula  Enfamil/button_Close Formula Calculator")): Object: 'Object Repository/PDP Element Verification - infant/Page_Enfamil NeuroPro Infant Formula  Enfamil/button_Close Formula Calculator' is clicked on

2022-04-18 23:22:35 - [MESSAGE][PASSED] - Object: 'Object Repository/PDP Element Verification - infant/Page_Enfamil NeuroPro Infant Formula  Enfamil/button_Close Formula Calculator' is clicked on

2022-04-18 23:22:35 - [TEST_STEP][PASSED] - verifyElementPresent(findTestObject("Object Repository/PDP Element Verification - infant/Page_Enfamil NeuroPro Infant Formula  Enfamil/span_PLEASE NOTE All orders are limited to 5 units"), 0): Object 'Object Repository/PDP Element Verification - infant/Page_Enfamil NeuroPro Infant Formula  Enfamil/span_PLEASE NOTE All orders are limited to 5 units' is present

2022-04-18 23:22:35 - [MESSAGE][WARNING] - Timeout '0' is invalid. Using default page load timeout: '5'

2022-04-18 23:22:35 - [MESSAGE][PASSED] - Object 'Object Repository/PDP Element Verification - infant/Page_Enfamil NeuroPro Infant Formula  Enfamil/span_PLEASE NOTE All orders are limited to 5 units' is present

2022-04-18 23:22:35 - [TEST_STEP][PASSED] - verifyElementText(findTestObject("Object Repository/PDP Element Verification - infant/Page_Enfamil NeuroPro Infant Formula  Enfamil/span_PLEASE NOTE All orders are limited to 5 units"), "PLEASE NOTE: All orders are limited to 5 units."): Actual text and expected text of test object 'Object Repository/PDP Element Verification - infant/Page_Enfamil NeuroPro Infant Formula  Enfamil/span_PLEASE NOTE All orders are limited to 5 units' are matched.

2022-04-18 23:22:35 - [MESSAGE][PASSED] - Actual text and expected text of test object 'Object Repository/PDP Element Verification - infant/Page_Enfamil NeuroPro Infant Formula  Enfamil/span_PLEASE NOTE All orders are limited to 5 units' are matched.

2022-04-18 23:22:35 - [TEST_STEP][PASSED] - scrollToElement(findTestObject("Object Repository/PDP Element Verification - infant/Page_Enfamil NeuroPro Infant Formula  Enfamil/span_3. Select size"), 0): Scroll to object 'Object Repository/PDP Element Verification - infant/Page_Enfamil NeuroPro Infant Formula  Enfamil/span_3. Select size' successfully

2022-04-18 23:22:36 - [MESSAGE][WARNING] - Timeout '0' is invalid. Using default page load timeout: '5'

2022-04-18 23:22:36 - [MESSAGE][PASSED] - Scroll to object 'Object Repository/PDP Element Verification - infant/Page_Enfamil NeuroPro Infant Formula  Enfamil/span_3. Select size' successfully

2022-04-18 23:22:36 - [TEST_STEP][PASSED] - verifyElementPresent(findTestObject("Object Repository/PDP Element Verification - infant/Page_Enfamil NeuroPro Infant Formula  Enfamil/button_Why"), 0): Object 'Object Repository/PDP Element Verification - infant/Page_Enfamil NeuroPro Infant Formula  Enfamil/button_Why' is present

2022-04-18 23:22:36 - [MESSAGE][WARNING] - Timeout '0' is invalid. Using default page load timeout: '5'

2022-04-18 23:22:36 - [MESSAGE][PASSED] - Object 'Object Repository/PDP Element Verification - infant/Page_Enfamil NeuroPro Infant Formula  Enfamil/button_Why' is present

2022-04-18 23:22:36 - [TEST_STEP][PASSED] - verifyElementText(findTestObject("Object Repository/PDP Element Verification - infant/Page_Enfamil NeuroPro Infant Formula  Enfamil/button_Why"), "Why?"): Actual text and expected text of test object 'Object Repository/PDP Element Verification - infant/Page_Enfamil NeuroPro Infant Formula  Enfamil/button_Why' are matched.

2022-04-18 23:22:37 - [MESSAGE][PASSED] - Actual text and expected text of test object 'Object Repository/PDP Element Verification - infant/Page_Enfamil NeuroPro Infant Formula  Enfamil/button_Why' are matched.

2022-04-18 23:22:37 - [TEST_STEP][PASSED] - delay(5): Delayed 5 second(s)

2022-04-18 23:22:42 - [MESSAGE][PASSED] - Delayed 5 second(s)

2022-04-18 23:22:42 - [TEST_STEP][PASSED] - click(findTestObject("Object Repository/PDP Element Verification - infant/Page_Enfamil NeuroPro Infant Formula  Enfamil/button_Why")): Object: 'Object Repository/PDP Element Verification - infant/Page_Enfamil NeuroPro Infant Formula  Enfamil/button_Why' is clicked on

2022-04-18 23:22:42 - [MESSAGE][PASSED] - Object: 'Object Repository/PDP Element Verification - infant/Page_Enfamil NeuroPro Infant Formula  Enfamil/button_Why' is clicked on

2022-04-18 23:22:42 - [TEST_STEP][PASSED] - verifyElementPresent(findTestObject("Object Repository/PDP Element Verification - infant/Page_Enfamil NeuroPro Infant Formula  Enfamil/strong_Enfamil formulas safe to consume"), 0): Object 'Object Repository/PDP Element Verification - infant/Page_Enfamil NeuroPro Infant Formula  Enfamil/strong_Enfamil formulas safe to consume' is present

2022-04-18 23:22:42 - [MESSAGE][WARNING] - Timeout '0' is invalid. Using default page load timeout: '5'

2022-04-18 23:22:43 - [MESSAGE][PASSED] - Object 'Object Repository/PDP Element Verification - infant/Page_Enfamil NeuroPro Infant Formula  Enfamil/strong_Enfamil formulas safe to consume' is present

2022-04-18 23:22:43 - [TEST_STEP][PASSED] - verifyElementText(findTestObject("Object Repository/PDP Element Verification - infant/Page_Enfamil NeuroPro Infant Formula  Enfamil/strong_Enfamil formulas safe to consume"), "Enfamil formulas safe to consume"): Actual text and expected text of test object 'Object Repository/PDP Element Verification - infant/Page_Enfamil NeuroPro Infant Formula  Enfamil/strong_Enfamil formulas safe to consume' are matched.

2022-04-18 23:22:43 - [MESSAGE][PASSED] - Actual text and expected text of test object 'Object Repository/PDP Element Verification - infant/Page_Enfamil NeuroPro Infant Formula  Enfamil/strong_Enfamil formulas safe to consume' are matched.

2022-04-18 23:22:43 - [TEST_STEP][PASSED] - verifyElementPresent(findTestObject("Object Repository/PDP Element Verification - infant/Page_Enfamil NeuroPro Infant Formula  Enfamil/p_We are aware of a recall of select infant_fa3c48"), 0): Object 'Object Repository/PDP Element Verification - infant/Page_Enfamil NeuroPro Infant Formula  Enfamil/p_We are aware of a recall of select infant_fa3c48' is present

2022-04-18 23:22:43 - [MESSAGE][WARNING] - Timeout '0' is invalid. Using default page load timeout: '5'

2022-04-18 23:22:44 - [MESSAGE][PASSED] - Object 'Object Repository/PDP Element Verification - infant/Page_Enfamil NeuroPro Infant Formula  Enfamil/p_We are aware of a recall of select infant_fa3c48' is present

2022-04-18 23:22:44 - [TEST_STEP][PASSED] - verifyElementText(findTestObject("Object Repository/PDP Element Verification - infant/Page_Enfamil NeuroPro Infant Formula  Enfamil/p_We are aware of a recall of select infant_fa3c48"), "We are aware of a recall of select infant formulas by another manufacturer and can reassure that no Enfamil products are affected. The health and safety of our consumers is our top priority. All Enfamil, Nutramigen and PurAmino branded products are safe to use and remain available. All of our infant formulas have undergone extensive quality tests and checks, including for Cronobacter and Salmonella, which meet or exceed standards set by U.S. FDA."): Actual text and expected text of test object 'Object Repository/PDP Element Verification - infant/Page_Enfamil NeuroPro Infant Formula  Enfamil/p_We are aware of a recall of select infant_fa3c48' are matched.

2022-04-18 23:22:44 - [MESSAGE][PASSED] - Actual text and expected text of test object 'Object Repository/PDP Element Verification - infant/Page_Enfamil NeuroPro Infant Formula  Enfamil/p_We are aware of a recall of select infant_fa3c48' are matched.

2022-04-18 23:22:44 - [TEST_STEP][PASSED] - verifyElementPresent(findTestObject("Object Repository/PDP Element Verification - infant/Page_Enfamil NeuroPro Infant Formula  Enfamil/p_We understand that this situation is worr_ae1484"), 0): Object 'Object Repository/PDP Element Verification - infant/Page_Enfamil NeuroPro Infant Formula  Enfamil/p_We understand that this situation is worr_ae1484' is present

2022-04-18 23:22:45 - [MESSAGE][WARNING] - Timeout '0' is invalid. Using default page load timeout: '5'

2022-04-18 23:22:45 - [MESSAGE][PASSED] - Object 'Object Repository/PDP Element Verification - infant/Page_Enfamil NeuroPro Infant Formula  Enfamil/p_We understand that this situation is worr_ae1484' is present

2022-04-18 23:22:45 - [TEST_STEP][PASSED] - verifyElementText(findTestObject("Object Repository/PDP Element Verification - infant/Page_Enfamil NeuroPro Infant Formula  Enfamil/p_We understand that this situation is worr_ae1484"), "We understand that this situation is worrisome to parents and understand how important infant formula is for babies and children who rely on it. We are urgently responding to ensure that customers, families and babies can get the formula they need. We have been shipping 30% more product to meet heightened consumer demand. We are looking into every possible option now to expand production and are actively working with our suppliers, partners and distributers to put as much formula in the market as possible."): Actual text and expected text of test object 'Object Repository/PDP Element Verification - infant/Page_Enfamil NeuroPro Infant Formula  Enfamil/p_We understand that this situation is worr_ae1484' are matched.

2022-04-18 23:22:45 - [MESSAGE][PASSED] - Actual text and expected text of test object 'Object Repository/PDP Element Verification - infant/Page_Enfamil NeuroPro Infant Formula  Enfamil/p_We understand that this situation is worr_ae1484' are matched.

2022-04-18 23:22:45 - [TEST_STEP][PASSED] - verifyElementPresent(findTestObject("Object Repository/PDP Element Verification - infant/Page_Enfamil NeuroPro Infant Formula  Enfamil/strong_Frequently Asked Questions"), 0): Object 'Object Repository/PDP Element Verification - infant/Page_Enfamil NeuroPro Infant Formula  Enfamil/strong_Frequently Asked Questions' is present

2022-04-18 23:22:45 - [MESSAGE][WARNING] - Timeout '0' is invalid. Using default page load timeout: '5'

2022-04-18 23:22:46 - [MESSAGE][PASSED] - Object 'Object Repository/PDP Element Verification - infant/Page_Enfamil NeuroPro Infant Formula  Enfamil/strong_Frequently Asked Questions' is present

2022-04-18 23:22:46 - [TEST_STEP][PASSED] - verifyElementText(findTestObject("Object Repository/PDP Element Verification - infant/Page_Enfamil NeuroPro Infant Formula  Enfamil/strong_Frequently Asked Questions"), "Frequently Asked Questions:"): Actual text and expected text of test object 'Object Repository/PDP Element Verification - infant/Page_Enfamil NeuroPro Infant Formula  Enfamil/strong_Frequently Asked Questions' are matched.

2022-04-18 23:22:46 - [MESSAGE][PASSED] - Actual text and expected text of test object 'Object Repository/PDP Element Verification - infant/Page_Enfamil NeuroPro Infant Formula  Enfamil/strong_Frequently Asked Questions' are matched.

2022-04-18 23:22:46 - [TEST_STEP][PASSED] - verifyElementPresent(findTestObject("Object Repository/PDP Element Verification - infant/Page_Enfamil NeuroPro Infant Formula  Enfamil/p_Why can I only purchase 5 units of produc_986f30"), 0): Object 'Object Repository/PDP Element Verification - infant/Page_Enfamil NeuroPro Infant Formula  Enfamil/p_Why can I only purchase 5 units of produc_986f30' is present

2022-04-18 23:22:46 - [MESSAGE][WARNING] - Timeout '0' is invalid. Using default page load timeout: '5'

2022-04-18 23:22:47 - [MESSAGE][PASSED] - Object 'Object Repository/PDP Element Verification - infant/Page_Enfamil NeuroPro Infant Formula  Enfamil/p_Why can I only purchase 5 units of produc_986f30' is present

2022-04-18 23:22:47 - [TEST_STEP][PASSED] - verifyElementPresent(findTestObject("Object Repository/PDP Element Verification - infant/Page_Enfamil NeuroPro Infant Formula  Enfamil/strong_Why am I not able to purchase produc_9383c5"), 0): Object 'Object Repository/PDP Element Verification - infant/Page_Enfamil NeuroPro Infant Formula  Enfamil/strong_Why am I not able to purchase produc_9383c5' is present

2022-04-18 23:22:47 - [MESSAGE][WARNING] - Timeout '0' is invalid. Using default page load timeout: '5'

2022-04-18 23:22:47 - [MESSAGE][PASSED] - Object 'Object Repository/PDP Element Verification - infant/Page_Enfamil NeuroPro Infant Formula  Enfamil/strong_Why am I not able to purchase produc_9383c5' is present

2022-04-18 23:22:47 - [TEST_STEP][PASSED] - verifyElementText(findTestObject("Object Repository/PDP Element Verification - infant/Page_Enfamil NeuroPro Infant Formula  Enfamil/strong_Why am I not able to purchase produc_9383c5"), "Why am I not able to purchase products on subscription?"): Actual text and expected text of test object 'Object Repository/PDP Element Verification - infant/Page_Enfamil NeuroPro Infant Formula  Enfamil/strong_Why am I not able to purchase produc_9383c5' are matched.

2022-04-18 23:22:48 - [MESSAGE][PASSED] - Actual text and expected text of test object 'Object Repository/PDP Element Verification - infant/Page_Enfamil NeuroPro Infant Formula  Enfamil/strong_Why am I not able to purchase produc_9383c5' are matched.

2022-04-18 23:22:48 - [TEST_STEP][PASSED] - verifyElementPresent(findTestObject("Object Repository/PDP Element Verification - infant/Page_Enfamil NeuroPro Infant Formula  Enfamil/p_Why am I not able to purchase products on_842f01"), 0): Object 'Object Repository/PDP Element Verification - infant/Page_Enfamil NeuroPro Infant Formula  Enfamil/p_Why am I not able to purchase products on_842f01' is present

2022-04-18 23:22:48 - [MESSAGE][WARNING] - Timeout '0' is invalid. Using default page load timeout: '5'

2022-04-18 23:22:48 - [MESSAGE][PASSED] - Object 'Object Repository/PDP Element Verification - infant/Page_Enfamil NeuroPro Infant Formula  Enfamil/p_Why am I not able to purchase products on_842f01' is present

2022-04-18 23:22:48 - [TEST_STEP][PASSED] - verifyElementPresent(findTestObject("Object Repository/PDP Element Verification - infant/Page_Enfamil NeuroPro Infant Formula  Enfamil/a_See all F A Qs"), 0): Object 'Object Repository/PDP Element Verification - infant/Page_Enfamil NeuroPro Infant Formula  Enfamil/a_See all F A Qs' is present

2022-04-18 23:22:48 - [MESSAGE][WARNING] - Timeout '0' is invalid. Using default page load timeout: '5'

2022-04-18 23:22:48 - [MESSAGE][PASSED] - Object 'Object Repository/PDP Element Verification - infant/Page_Enfamil NeuroPro Infant Formula  Enfamil/a_See all F A Qs' is present

2022-04-18 23:22:48 - [TEST_STEP][PASSED] - verifyElementPresent(findTestObject("Object Repository/PDP Element Verification - infant/Page_Enfamil NeuroPro Infant Formula  Enfamil/span_Should parentscaregivers have any ques_cbbf3b"), 0): Object 'Object Repository/PDP Element Verification - infant/Page_Enfamil NeuroPro Infant Formula  Enfamil/span_Should parentscaregivers have any ques_cbbf3b' is present

2022-04-18 23:22:48 - [MESSAGE][WARNING] - Timeout '0' is invalid. Using default page load timeout: '5'

2022-04-18 23:22:49 - [MESSAGE][PASSED] - Object 'Object Repository/PDP Element Verification - infant/Page_Enfamil NeuroPro Infant Formula  Enfamil/span_Should parentscaregivers have any ques_cbbf3b' is present

2022-04-18 23:22:49 - [TEST_STEP][PASSED] - verifyElementText(findTestObject("Object Repository/PDP Element Verification - infant/Page_Enfamil NeuroPro Infant Formula  Enfamil/span_Should parentscaregivers have any ques_cbbf3b"), "Should parents/caregivers have any questions or need assistance in finding the formula they need, please reach out to our Customer Service team at 1-800 BABY-123 (222-9123)."): Actual text and expected text of test object 'Object Repository/PDP Element Verification - infant/Page_Enfamil NeuroPro Infant Formula  Enfamil/span_Should parentscaregivers have any ques_cbbf3b' are matched.

2022-04-18 23:22:49 - [MESSAGE][PASSED] - Actual text and expected text of test object 'Object Repository/PDP Element Verification - infant/Page_Enfamil NeuroPro Infant Formula  Enfamil/span_Should parentscaregivers have any ques_cbbf3b' are matched.

2022-04-18 23:22:49 - [TEST_STEP][PASSED] - element3 = findWebElement(findTestObject("Object Repository/PDP Element Verification - infant/Page_Enfamil NeuroPro Infant Formula  Enfamil/button_Close"), 30): null

2022-04-18 23:22:50 - [TEST_STEP][PASSED] - executeJavaScript("arguments[0].click()", Arrays.asList(element3)): Execute JavaScript 'arguments[0].click()' successfully

2022-04-18 23:22:50 - [MESSAGE][PASSED] - Execute JavaScript 'arguments[0].click()' successfully

2022-04-18 23:22:50 - [TEST_STEP][PASSED] - delay(5): Delayed 5 second(s)

2022-04-18 23:22:55 - [MESSAGE][PASSED] - Delayed 5 second(s)

2022-04-18 23:22:55 - [TEST_STEP][PASSED] - verifyElementPresent(findTestObject("Object Repository/PDP Element Verification - infant/Page_Enfamil NeuroPro Infant Formula  Enfamil/span_4. Select Frequency"), 0): Object 'Object Repository/PDP Element Verification - infant/Page_Enfamil NeuroPro Infant Formula  Enfamil/span_4. Select Frequency' is present

2022-04-18 23:22:55 - [MESSAGE][WARNING] - Timeout '0' is invalid. Using default page load timeout: '5'

2022-04-18 23:22:55 - [MESSAGE][PASSED] - Object 'Object Repository/PDP Element Verification - infant/Page_Enfamil NeuroPro Infant Formula  Enfamil/span_4. Select Frequency' is present

2022-04-18 23:22:55 - [TEST_STEP][PASSED] - verifyElementText(findTestObject("Object Repository/PDP Element Verification - infant/Page_Enfamil NeuroPro Infant Formula  Enfamil/span_4. Select Frequency"), "4. Select Frequency"): Actual text and expected text of test object 'Object Repository/PDP Element Verification - infant/Page_Enfamil NeuroPro Infant Formula  Enfamil/span_4. Select Frequency' are matched.

2022-04-18 23:22:56 - [MESSAGE][PASSED] - Actual text and expected text of test object 'Object Repository/PDP Element Verification - infant/Page_Enfamil NeuroPro Infant Formula  Enfamil/span_4. Select Frequency' are matched.

2022-04-18 23:22:56 - [TEST_STEP][PASSED] - verifyElementPresent(findTestObject("Object Repository/PDP Element Verification - infant/Page_Enfamil NeuroPro Infant Formula  Enfamil/button_One-time order"), 0): Object 'Object Repository/PDP Element Verification - infant/Page_Enfamil NeuroPro Infant Formula  Enfamil/button_One-time order' is present

2022-04-18 23:22:56 - [MESSAGE][WARNING] - Timeout '0' is invalid. Using default page load timeout: '5'

2022-04-18 23:22:56 - [MESSAGE][PASSED] - Object 'Object Repository/PDP Element Verification - infant/Page_Enfamil NeuroPro Infant Formula  Enfamil/button_One-time order' is present

2022-04-18 23:22:56 - [TEST_STEP][PASSED] - verifyElementText(findTestObject("Object Repository/PDP Element Verification - infant/Page_Enfamil NeuroPro Infant Formula  Enfamil/span_One-time order"), "One-time order"): Actual text and expected text of test object 'Object Repository/PDP Element Verification - infant/Page_Enfamil NeuroPro Infant Formula  Enfamil/span_One-time order' are matched.

2022-04-18 23:22:56 - [MESSAGE][PASSED] - Actual text and expected text of test object 'Object Repository/PDP Element Verification - infant/Page_Enfamil NeuroPro Infant Formula  Enfamil/span_One-time order' are matched.

2022-04-18 23:22:56 - [TEST_STEP][PASSED] - verifyElementPresent(findTestObject("Object Repository/PDP Element Verification - infant/Page_Enfamil NeuroPro Infant Formula  Enfamil/button_Subscribe  save 25190.99143.24"), 0): Object 'Object Repository/PDP Element Verification - infant/Page_Enfamil NeuroPro Infant Formula  Enfamil/button_Subscribe  save 25190.99143.24' is present

2022-04-18 23:22:57 - [MESSAGE][WARNING] - Timeout '0' is invalid. Using default page load timeout: '5'

2022-04-18 23:22:57 - [MESSAGE][PASSED] - Object 'Object Repository/PDP Element Verification - infant/Page_Enfamil NeuroPro Infant Formula  Enfamil/button_Subscribe  save 25190.99143.24' is present

2022-04-18 23:22:57 - [TEST_STEP][PASSED] - verifyElementPresent(findTestObject("Object Repository/PDP Element Verification - infant/Page_Enfamil NeuroPro Infant Formula  Enfamil/button_Subscribe  save 25190.99143.24"), 0): Object 'Object Repository/PDP Element Verification - infant/Page_Enfamil NeuroPro Infant Formula  Enfamil/button_Subscribe  save 25190.99143.24' is present

2022-04-18 23:22:57 - [MESSAGE][WARNING] - Timeout '0' is invalid. Using default page load timeout: '5'

2022-04-18 23:22:57 - [MESSAGE][PASSED] - Object 'Object Repository/PDP Element Verification - infant/Page_Enfamil NeuroPro Infant Formula  Enfamil/button_Subscribe  save 25190.99143.24' is present

2022-04-18 23:22:57 - [TEST_STEP][PASSED] - scrollToElement(findTestObject("Object Repository/PDP Element Verification - infant/Page_Enfamil NeuroPro Infant Formula  Enfamil/button_Why"), 0): Scroll to object 'Object Repository/PDP Element Verification - infant/Page_Enfamil NeuroPro Infant Formula  Enfamil/button_Why' successfully

2022-04-18 23:22:58 - [MESSAGE][WARNING] - Timeout '0' is invalid. Using default page load timeout: '5'

2022-04-18 23:22:58 - [MESSAGE][PASSED] - Scroll to object 'Object Repository/PDP Element Verification - infant/Page_Enfamil NeuroPro Infant Formula  Enfamil/button_Why' successfully

2022-04-18 23:22:58 - [TEST_STEP][PASSED] - verifyElementPresent(findTestObject("Object Repository/PDP Element Verification - infant/Page_Enfamil NeuroPro Infant Formula  Enfamil/button_More Info"), 0): Object 'Object Repository/PDP Element Verification - infant/Page_Enfamil NeuroPro Infant Formula  Enfamil/button_More Info' is present

2022-04-18 23:22:58 - [MESSAGE][WARNING] - Timeout '0' is invalid. Using default page load timeout: '5'

2022-04-18 23:22:58 - [MESSAGE][PASSED] - Object 'Object Repository/PDP Element Verification - infant/Page_Enfamil NeuroPro Infant Formula  Enfamil/button_More Info' is present

2022-04-18 23:22:58 - [TEST_STEP][PASSED] - verifyElementText(findTestObject("Object Repository/PDP Element Verification - infant/Page_Enfamil NeuroPro Infant Formula  Enfamil/button_More Info"), "More Info"): Actual text and expected text of test object 'Object Repository/PDP Element Verification - infant/Page_Enfamil NeuroPro Infant Formula  Enfamil/button_More Info' are matched.

2022-04-18 23:22:59 - [MESSAGE][PASSED] - Actual text and expected text of test object 'Object Repository/PDP Element Verification - infant/Page_Enfamil NeuroPro Infant Formula  Enfamil/button_More Info' are matched.

2022-04-18 23:22:59 - [TEST_STEP][PASSED] - click(findTestObject("Object Repository/PDP Element Verification - infant/Page_Enfamil NeuroPro Infant Formula  Enfamil/button_More Info")): Object: 'Object Repository/PDP Element Verification - infant/Page_Enfamil NeuroPro Infant Formula  Enfamil/button_More Info' is clicked on

2022-04-18 23:22:59 - [MESSAGE][PASSED] - Object: 'Object Repository/PDP Element Verification - infant/Page_Enfamil NeuroPro Infant Formula  Enfamil/button_More Info' is clicked on

2022-04-18 23:22:59 - [TEST_STEP][PASSED] - verifyElementPresent(findTestObject("Object Repository/PDP Element Verification - infant/Page_Enfamil NeuroPro Infant Formula  Enfamil/h5_Subscribe  Save"), 0): Object 'Object Repository/PDP Element Verification - infant/Page_Enfamil NeuroPro Infant Formula  Enfamil/h5_Subscribe  Save' is present

2022-04-18 23:22:59 - [MESSAGE][WARNING] - Timeout '0' is invalid. Using default page load timeout: '5'

2022-04-18 23:23:00 - [MESSAGE][PASSED] - Object 'Object Repository/PDP Element Verification - infant/Page_Enfamil NeuroPro Infant Formula  Enfamil/h5_Subscribe  Save' is present

2022-04-18 23:23:00 - [TEST_STEP][PASSED] - verifyElementText(findTestObject("Object Repository/PDP Element Verification - infant/Page_Enfamil NeuroPro Infant Formula  Enfamil/h5_Subscribe  Save"), "Subscribe & Save"): Actual text and expected text of test object 'Object Repository/PDP Element Verification - infant/Page_Enfamil NeuroPro Infant Formula  Enfamil/h5_Subscribe  Save' are matched.

2022-04-18 23:23:00 - [MESSAGE][PASSED] - Actual text and expected text of test object 'Object Repository/PDP Element Verification - infant/Page_Enfamil NeuroPro Infant Formula  Enfamil/h5_Subscribe  Save' are matched.

2022-04-18 23:23:00 - [TEST_STEP][PASSED] - verifyElementPresent(findTestObject("Object Repository/PDP Element Verification - infant/Page_Enfamil NeuroPro Infant Formula  Enfamil/span_Subscribe to Save"), 0): Object 'Object Repository/PDP Element Verification - infant/Page_Enfamil NeuroPro Infant Formula  Enfamil/span_Subscribe to Save' is present

2022-04-18 23:23:00 - [MESSAGE][WARNING] - Timeout '0' is invalid. Using default page load timeout: '5'

2022-04-18 23:23:01 - [MESSAGE][PASSED] - Object 'Object Repository/PDP Element Verification - infant/Page_Enfamil NeuroPro Infant Formula  Enfamil/span_Subscribe to Save' is present

2022-04-18 23:23:01 - [TEST_STEP][PASSED] - verifyElementPresent(findTestObject("Object Repository/PDP Element Verification - infant/Page_Enfamil NeuroPro Infant Formula  Enfamil/div_Subscribe to Save 25"), 0): Object 'Object Repository/PDP Element Verification - infant/Page_Enfamil NeuroPro Infant Formula  Enfamil/div_Subscribe to Save 25' is present

2022-04-18 23:23:01 - [MESSAGE][WARNING] - Timeout '0' is invalid. Using default page load timeout: '5'

2022-04-18 23:23:01 - [MESSAGE][PASSED] - Object 'Object Repository/PDP Element Verification - infant/Page_Enfamil NeuroPro Infant Formula  Enfamil/div_Subscribe to Save 25' is present

2022-04-18 23:23:01 - [TEST_STEP][PASSED] - verifyElementText(findTestObject("Object Repository/PDP Element Verification - infant/Page_Enfamil NeuroPro Infant Formula  Enfamil/div_Subscribe to Save 25"), "Subscribe to Save 25%"): Actual text and expected text of test object 'Object Repository/PDP Element Verification - infant/Page_Enfamil NeuroPro Infant Formula  Enfamil/div_Subscribe to Save 25' are matched.

2022-04-18 23:23:02 - [MESSAGE][PASSED] - Actual text and expected text of test object 'Object Repository/PDP Element Verification - infant/Page_Enfamil NeuroPro Infant Formula  Enfamil/div_Subscribe to Save 25' are matched.

2022-04-18 23:23:02 - [TEST_STEP][PASSED] - verifyElementPresent(findTestObject("Object Repository/PDP Element Verification - infant/Page_Enfamil NeuroPro Infant Formula  Enfamil/div_Enfamil NeuroPro Infant Formula"), 0): Object 'Object Repository/PDP Element Verification - infant/Page_Enfamil NeuroPro Infant Formula  Enfamil/div_Enfamil NeuroPro Infant Formula' is present

2022-04-18 23:23:02 - [MESSAGE][WARNING] - Timeout '0' is invalid. Using default page load timeout: '5'

2022-04-18 23:23:02 - [MESSAGE][PASSED] - Object 'Object Repository/PDP Element Verification - infant/Page_Enfamil NeuroPro Infant Formula  Enfamil/div_Enfamil NeuroPro Infant Formula' is present

2022-04-18 23:23:02 - [TEST_STEP][PASSED] - verifyElementPresent(findTestObject("Object Repository/PDP Element Verification - infant/Page_Enfamil NeuroPro Infant Formula  Enfamil/span_190.99"), 0): Object 'Object Repository/PDP Element Verification - infant/Page_Enfamil NeuroPro Infant Formula  Enfamil/span_190.99' is present

2022-04-18 23:23:02 - [MESSAGE][WARNING] - Timeout '0' is invalid. Using default page load timeout: '5'

2022-04-18 23:23:02 - [MESSAGE][PASSED] - Object 'Object Repository/PDP Element Verification - infant/Page_Enfamil NeuroPro Infant Formula  Enfamil/span_190.99' is present

2022-04-18 23:23:02 - [TEST_STEP][PASSED] - verifyElementPresent(findTestObject("Object Repository/PDP Element Verification - infant/Page_Enfamil NeuroPro Infant Formula  Enfamil/span_143.24"), 0): Object 'Object Repository/PDP Element Verification - infant/Page_Enfamil NeuroPro Infant Formula  Enfamil/span_143.24' is present

2022-04-18 23:23:02 - [MESSAGE][WARNING] - Timeout '0' is invalid. Using default page load timeout: '5'

2022-04-18 23:23:03 - [MESSAGE][PASSED] - Object 'Object Repository/PDP Element Verification - infant/Page_Enfamil NeuroPro Infant Formula  Enfamil/span_143.24' is present

2022-04-18 23:23:03 - [TEST_STEP][PASSED] - verifyElementPresent(findTestObject("Object Repository/PDP Element Verification - infant/Page_Enfamil NeuroPro Infant Formula  Enfamil/span_Your savings"), 0): Object 'Object Repository/PDP Element Verification - infant/Page_Enfamil NeuroPro Infant Formula  Enfamil/span_Your savings' is present

2022-04-18 23:23:03 - [MESSAGE][WARNING] - Timeout '0' is invalid. Using default page load timeout: '5'

2022-04-18 23:23:03 - [MESSAGE][PASSED] - Object 'Object Repository/PDP Element Verification - infant/Page_Enfamil NeuroPro Infant Formula  Enfamil/span_Your savings' is present

2022-04-18 23:23:03 - [TEST_STEP][PASSED] - verifyElementPresent(findTestObject("Object Repository/PDP Element Verification - infant/Page_Enfamil NeuroPro Infant Formula  Enfamil/span_47.75"), 0): Object 'Object Repository/PDP Element Verification - infant/Page_Enfamil NeuroPro Infant Formula  Enfamil/span_47.75' is present

2022-04-18 23:23:03 - [MESSAGE][WARNING] - Timeout '0' is invalid. Using default page load timeout: '5'

2022-04-18 23:23:04 - [MESSAGE][PASSED] - Object 'Object Repository/PDP Element Verification - infant/Page_Enfamil NeuroPro Infant Formula  Enfamil/span_47.75' is present

2022-04-18 23:23:04 - [TEST_STEP][PASSED] - verifyElementText(findTestObject("Object Repository/PDP Element Verification - infant/Page_Enfamil NeuroPro Infant Formula  Enfamil/span_Your savings"), "Your Savings"): Actual text and expected text of test object 'Object Repository/PDP Element Verification - infant/Page_Enfamil NeuroPro Infant Formula  Enfamil/span_Your savings' are matched.

2022-04-18 23:23:04 - [MESSAGE][PASSED] - Actual text and expected text of test object 'Object Repository/PDP Element Verification - infant/Page_Enfamil NeuroPro Infant Formula  Enfamil/span_Your savings' are matched.

2022-04-18 23:23:04 - [TEST_STEP][PASSED] - verifyElementPresent(findTestObject("Object Repository/PDP Element Verification - infant/Page_Enfamil NeuroPro Infant Formula  Enfamil/p_Set up recurring delivery of your favorit_7f8d4f"), 0): Object 'Object Repository/PDP Element Verification - infant/Page_Enfamil NeuroPro Infant Formula  Enfamil/p_Set up recurring delivery of your favorit_7f8d4f' is present

2022-04-18 23:23:04 - [MESSAGE][WARNING] - Timeout '0' is invalid. Using default page load timeout: '5'

2022-04-18 23:23:05 - [MESSAGE][PASSED] - Object 'Object Repository/PDP Element Verification - infant/Page_Enfamil NeuroPro Infant Formula  Enfamil/p_Set up recurring delivery of your favorit_7f8d4f' is present

2022-04-18 23:23:05 - [TEST_STEP][PASSED] - verifyElementText(findTestObject("Object Repository/PDP Element Verification - infant/Page_Enfamil NeuroPro Infant Formula  Enfamil/p_Set up recurring delivery of your favorit_7f8d4f"), "Set up recurring delivery of your favorite EnfamilÂ® products and save time and money"): Actual text and expected text of test object 'Object Repository/PDP Element Verification - infant/Page_Enfamil NeuroPro Infant Formula  Enfamil/p_Set up recurring delivery of your favorit_7f8d4f' are matched.

2022-04-18 23:23:05 - [MESSAGE][PASSED] - Actual text and expected text of test object 'Object Repository/PDP Element Verification - infant/Page_Enfamil NeuroPro Infant Formula  Enfamil/p_Set up recurring delivery of your favorit_7f8d4f' are matched.

2022-04-18 23:23:05 - [TEST_STEP][PASSED] - verifyElementPresent(findTestObject("Object Repository/PDP Element Verification - infant/Page_Enfamil NeuroPro Infant Formula  Enfamil/h5_Why Subscribe to Save"), 0): Object 'Object Repository/PDP Element Verification - infant/Page_Enfamil NeuroPro Infant Formula  Enfamil/h5_Why Subscribe to Save' is present

2022-04-18 23:23:05 - [MESSAGE][WARNING] - Timeout '0' is invalid. Using default page load timeout: '5'

2022-04-18 23:23:06 - [MESSAGE][PASSED] - Object 'Object Repository/PDP Element Verification - infant/Page_Enfamil NeuroPro Infant Formula  Enfamil/h5_Why Subscribe to Save' is present

2022-04-18 23:23:06 - [TEST_STEP][PASSED] - verifyElementText(findTestObject("Object Repository/PDP Element Verification - infant/Page_Enfamil NeuroPro Infant Formula  Enfamil/h5_Why Subscribe to Save"), "Why Subscribe to Save?"): Actual text and expected text of test object 'Object Repository/PDP Element Verification - infant/Page_Enfamil NeuroPro Infant Formula  Enfamil/h5_Why Subscribe to Save' are matched.

2022-04-18 23:23:06 - [MESSAGE][PASSED] - Actual text and expected text of test object 'Object Repository/PDP Element Verification - infant/Page_Enfamil NeuroPro Infant Formula  Enfamil/h5_Why Subscribe to Save' are matched.

2022-04-18 23:23:06 - [TEST_STEP][PASSED] - verifyElementPresent(findTestObject("Object Repository/PDP Element Verification - infant/Page_Enfamil NeuroPro Infant Formula  Enfamil/span_Set it and forget it"), 0): Object 'Object Repository/PDP Element Verification - infant/Page_Enfamil NeuroPro Infant Formula  Enfamil/span_Set it and forget it' is present

2022-04-18 23:23:06 - [MESSAGE][WARNING] - Timeout '0' is invalid. Using default page load timeout: '5'

2022-04-18 23:23:06 - [MESSAGE][PASSED] - Object 'Object Repository/PDP Element Verification - infant/Page_Enfamil NeuroPro Infant Formula  Enfamil/span_Set it and forget it' is present

2022-04-18 23:23:06 - [TEST_STEP][PASSED] - verifyElementText(findTestObject("Object Repository/PDP Element Verification - infant/Page_Enfamil NeuroPro Infant Formula  Enfamil/span_Set it and forget it"), "Set it and forget it"): Actual text and expected text of test object 'Object Repository/PDP Element Verification - infant/Page_Enfamil NeuroPro Infant Formula  Enfamil/span_Set it and forget it' are matched.

2022-04-18 23:23:07 - [MESSAGE][PASSED] - Actual text and expected text of test object 'Object Repository/PDP Element Verification - infant/Page_Enfamil NeuroPro Infant Formula  Enfamil/span_Set it and forget it' are matched.

2022-04-18 23:23:07 - [TEST_STEP][PASSED] - verifyElementPresent(findTestObject("Object Repository/PDP Element Verification - infant/Page_Enfamil NeuroPro Infant Formula  Enfamil/span_Easy to skip a shipment, change produc_879cc9"), 0): Object 'Object Repository/PDP Element Verification - infant/Page_Enfamil NeuroPro Infant Formula  Enfamil/span_Easy to skip a shipment, change produc_879cc9' is present

2022-04-18 23:23:07 - [MESSAGE][WARNING] - Timeout '0' is invalid. Using default page load timeout: '5'

2022-04-18 23:23:07 - [MESSAGE][PASSED] - Object 'Object Repository/PDP Element Verification - infant/Page_Enfamil NeuroPro Infant Formula  Enfamil/span_Easy to skip a shipment, change produc_879cc9' is present

2022-04-18 23:23:07 - [TEST_STEP][PASSED] - verifyElementPresent(findTestObject("Object Repository/PDP Element Verification - infant/Page_Enfamil NeuroPro Infant Formula  Enfamil/span_Lock in 10 discount for the lifetime o_add9c8"), 0): Object 'Object Repository/PDP Element Verification - infant/Page_Enfamil NeuroPro Infant Formula  Enfamil/span_Lock in 10 discount for the lifetime o_add9c8' is present

2022-04-18 23:23:07 - [MESSAGE][WARNING] - Timeout '0' is invalid. Using default page load timeout: '5'

2022-04-18 23:23:08 - [MESSAGE][PASSED] - Object 'Object Repository/PDP Element Verification - infant/Page_Enfamil NeuroPro Infant Formula  Enfamil/span_Lock in 10 discount for the lifetime o_add9c8' is present

2022-04-18 23:23:08 - [TEST_STEP][PASSED] - verifyElementText(findTestObject("Object Repository/PDP Element Verification - infant/Page_Enfamil NeuroPro Infant Formula  Enfamil/span_Lock in 10 discount for the lifetime o_add9c8"), "Lock in 10% discount for the lifetime of your subscription"): Actual text and expected text of test object 'Object Repository/PDP Element Verification - infant/Page_Enfamil NeuroPro Infant Formula  Enfamil/span_Lock in 10 discount for the lifetime o_add9c8' are matched.

2022-04-18 23:23:08 - [MESSAGE][PASSED] - Actual text and expected text of test object 'Object Repository/PDP Element Verification - infant/Page_Enfamil NeuroPro Infant Formula  Enfamil/span_Lock in 10 discount for the lifetime o_add9c8' are matched.

2022-04-18 23:23:08 - [TEST_STEP][PASSED] - verifyElementPresent(findTestObject("Object Repository/PDP Element Verification - infant/Page_Enfamil NeuroPro Infant Formula  Enfamil/a_Set up"), 0): Object 'Object Repository/PDP Element Verification - infant/Page_Enfamil NeuroPro Infant Formula  Enfamil/a_Set up' is present

2022-04-18 23:23:08 - [MESSAGE][WARNING] - Timeout '0' is invalid. Using default page load timeout: '5'

2022-04-18 23:23:09 - [MESSAGE][PASSED] - Object 'Object Repository/PDP Element Verification - infant/Page_Enfamil NeuroPro Infant Formula  Enfamil/a_Set up' is present

2022-04-18 23:23:09 - [TEST_STEP][PASSED] - verifyElementText(findTestObject("Object Repository/PDP Element Verification - infant/Page_Enfamil NeuroPro Infant Formula  Enfamil/a_Set up"), "Set up"): Actual text and expected text of test object 'Object Repository/PDP Element Verification - infant/Page_Enfamil NeuroPro Infant Formula  Enfamil/a_Set up' are matched.

2022-04-18 23:23:09 - [MESSAGE][PASSED] - Actual text and expected text of test object 'Object Repository/PDP Element Verification - infant/Page_Enfamil NeuroPro Infant Formula  Enfamil/a_Set up' are matched.

2022-04-18 23:23:09 - [TEST_STEP][PASSED] - element1 = findWebElement(findTestObject("Object Repository/PDP Element Verification - infant/Page_Enfamil NeuroPro Infant Formula  Enfamil/button_Close"), 30): null

2022-04-18 23:23:10 - [TEST_STEP][PASSED] - executeJavaScript("arguments[0].click()", Arrays.asList(element1)): Execute JavaScript 'arguments[0].click()' successfully

2022-04-18 23:23:10 - [MESSAGE][PASSED] - Execute JavaScript 'arguments[0].click()' successfully

2022-04-18 23:23:10 - [TEST_STEP][PASSED] - delay(5): Delayed 5 second(s)

2022-04-18 23:23:15 - [MESSAGE][PASSED] - Delayed 5 second(s)

2022-04-18 23:23:15 - [TEST_STEP][PASSED] - scrollToElement(findTestObject("PDP Element Verification - infant/Page_Enfamil NeuroPro Infant Formula  Enfamil/span_171.89 - Copy"), 0): Scroll to object 'Object Repository/PDP Element Verification - infant/Page_Enfamil NeuroPro Infant Formula  Enfamil/span_171.89 - Copy' successfully

2022-04-18 23:23:15 - [MESSAGE][WARNING] - Timeout '0' is invalid. Using default page load timeout: '5'

2022-04-18 23:23:15 - [MESSAGE][PASSED] - Scroll to object 'Object Repository/PDP Element Verification - infant/Page_Enfamil NeuroPro Infant Formula  Enfamil/span_171.89 - Copy' successfully

2022-04-18 23:23:15 - [TEST_STEP][PASSED] - verifyElementPresent(findTestObject("PDP Element Verification - infant/Page_Enfamil NeuroPro Infant Formula  Enfamil/span_171.89 - Copy"), 0): Object 'Object Repository/PDP Element Verification - infant/Page_Enfamil NeuroPro Infant Formula  Enfamil/span_171.89 - Copy' is present

2022-04-18 23:23:15 - [MESSAGE][WARNING] - Timeout '0' is invalid. Using default page load timeout: '5'

2022-04-18 23:23:16 - [MESSAGE][PASSED] - Object 'Object Repository/PDP Element Verification - infant/Page_Enfamil NeuroPro Infant Formula  Enfamil/span_171.89 - Copy' is present

2022-04-18 23:23:16 - [TEST_STEP][PASSED] - verifyElementText(findTestObject("PDP Element Verification - infant/Page_Enfamil NeuroPro Infant Formula  Enfamil/span_171.89 - Copy"), "$171.89"): Actual text and expected text of test object 'Object Repository/PDP Element Verification - infant/Page_Enfamil NeuroPro Infant Formula  Enfamil/span_171.89 - Copy' are matched.

2022-04-18 23:23:16 - [MESSAGE][PASSED] - Actual text and expected text of test object 'Object Repository/PDP Element Verification - infant/Page_Enfamil NeuroPro Infant Formula  Enfamil/span_171.89 - Copy' are matched.

2022-04-18 23:23:16 - [TEST_STEP][PASSED] - verifyElementPresent(findTestObject("PDP Element Verification - infant/Page_Enfamil NeuroPro Infant Formula  Enfamil/div_In StockTEst - Copy"), 0): Object 'Object Repository/PDP Element Verification - infant/Page_Enfamil NeuroPro Infant Formula  Enfamil/div_In StockTEst - Copy' is present

2022-04-18 23:23:16 - [MESSAGE][WARNING] - Timeout '0' is invalid. Using default page load timeout: '5'

2022-04-18 23:23:17 - [MESSAGE][PASSED] - Object 'Object Repository/PDP Element Verification - infant/Page_Enfamil NeuroPro Infant Formula  Enfamil/div_In StockTEst - Copy' is present

2022-04-18 23:23:17 - [TEST_STEP][PASSED] - verifyElementPresent(findTestObject("Object Repository/PDP Element Verification - infant/Page_Enfamil NeuroPro Infant Formula  Enfamil/div_-"), 0): Object 'Object Repository/PDP Element Verification - infant/Page_Enfamil NeuroPro Infant Formula  Enfamil/div_-' is present

2022-04-18 23:23:17 - [MESSAGE][WARNING] - Timeout '0' is invalid. Using default page load timeout: '5'

2022-04-18 23:23:17 - [MESSAGE][PASSED] - Object 'Object Repository/PDP Element Verification - infant/Page_Enfamil NeuroPro Infant Formula  Enfamil/div_-' is present

2022-04-18 23:23:17 - [TEST_STEP][PASSED] - verifyElementClickable(findTestObject("Object Repository/PDP Element Verification - infant/Page_Enfamil NeuroPro Infant Formula  Enfamil/button__1")): Object 'Object Repository/PDP Element Verification - infant/Page_Enfamil NeuroPro Infant Formula  Enfamil/button__1' is clickable

2022-04-18 23:23:18 - [MESSAGE][PASSED] - Object 'Object Repository/PDP Element Verification - infant/Page_Enfamil NeuroPro Infant Formula  Enfamil/button__1' is clickable

2022-04-18 23:23:18 - [TEST_STEP][PASSED] - verifyElementClickable(findTestObject("Object Repository/PDP Element Verification - infant/Page_Enfamil NeuroPro Infant Formula  Enfamil/button_-")): Object 'Object Repository/PDP Element Verification - infant/Page_Enfamil NeuroPro Infant Formula  Enfamil/button_-' is clickable

2022-04-18 23:23:18 - [MESSAGE][PASSED] - Object 'Object Repository/PDP Element Verification - infant/Page_Enfamil NeuroPro Infant Formula  Enfamil/button_-' is clickable

2022-04-18 23:23:18 - [TEST_STEP][PASSED] - verifyElementPresent(findTestObject("Object Repository/PDP Element Verification - infant/Page_Enfamil NeuroPro Infant Formula  Enfamil/span_Earns 1719 rewards points with purchase"), 0): Object 'Object Repository/PDP Element Verification - infant/Page_Enfamil NeuroPro Infant Formula  Enfamil/span_Earns 1719 rewards points with purchase' is present

2022-04-18 23:23:18 - [MESSAGE][WARNING] - Timeout '0' is invalid. Using default page load timeout: '5'

2022-04-18 23:23:18 - [MESSAGE][PASSED] - Object 'Object Repository/PDP Element Verification - infant/Page_Enfamil NeuroPro Infant Formula  Enfamil/span_Earns 1719 rewards points with purchase' is present

2022-04-18 23:23:18 - [TEST_STEP][PASSED] - verifyElementText(findTestObject("Object Repository/PDP Element Verification - infant/Page_Enfamil NeuroPro Infant Formula  Enfamil/span_Earns 1719 rewards points with purchase"), "Earns 1719 rewards points with purchase"): Actual text and expected text of test object 'Object Repository/PDP Element Verification - infant/Page_Enfamil NeuroPro Infant Formula  Enfamil/span_Earns 1719 rewards points with purchase' are matched.

2022-04-18 23:23:19 - [MESSAGE][PASSED] - Actual text and expected text of test object 'Object Repository/PDP Element Verification - infant/Page_Enfamil NeuroPro Infant Formula  Enfamil/span_Earns 1719 rewards points with purchase' are matched.

2022-04-18 23:23:19 - [TEST_STEP][PASSED] - verifyElementPresent(findTestObject("PDP Element Verification - infant/Page_Enfamil NeuroPro Infant Formula  Enfamil/button_Add to cart - Copy"), 0): Object 'Object Repository/PDP Element Verification - infant/Page_Enfamil NeuroPro Infant Formula  Enfamil/button_Add to cart - Copy' is present

2022-04-18 23:23:19 - [MESSAGE][WARNING] - Timeout '0' is invalid. Using default page load timeout: '5'

2022-04-18 23:23:19 - [MESSAGE][PASSED] - Object 'Object Repository/PDP Element Verification - infant/Page_Enfamil NeuroPro Infant Formula  Enfamil/button_Add to cart - Copy' is present

2022-04-18 23:23:19 - [TEST_STEP][PASSED] - verifyElementClickable(findTestObject("PDP Element Verification - infant/Page_Enfamil NeuroPro Infant Formula  Enfamil/button_Add to cart - Copy")): Object 'Object Repository/PDP Element Verification - infant/Page_Enfamil NeuroPro Infant Formula  Enfamil/button_Add to cart - Copy' is clickable

2022-04-18 23:23:20 - [MESSAGE][PASSED] - Object 'Object Repository/PDP Element Verification - infant/Page_Enfamil NeuroPro Infant Formula  Enfamil/button_Add to cart - Copy' is clickable

2022-04-18 23:23:20 - [TEST_STEP][PASSED] - verifyElementPresent(findTestObject("PDP Element Verification - infant/Page_Enfamil NeuroPro Infant Formula  Enfamil/button_Checkout now - Copy"), 0): Object 'Object Repository/PDP Element Verification - infant/Page_Enfamil NeuroPro Infant Formula  Enfamil/button_Checkout now - Copy' is present

2022-04-18 23:23:20 - [MESSAGE][WARNING] - Timeout '0' is invalid. Using default page load timeout: '5'

2022-04-18 23:23:20 - [MESSAGE][PASSED] - Object 'Object Repository/PDP Element Verification - infant/Page_Enfamil NeuroPro Infant Formula  Enfamil/button_Checkout now - Copy' is present

2022-04-18 23:23:20 - [TEST_STEP][PASSED] - verifyElementClickable(findTestObject("PDP Element Verification - infant/Page_Enfamil NeuroPro Infant Formula  Enfamil/button_Checkout now - Copy")): Object 'Object Repository/PDP Element Verification - infant/Page_Enfamil NeuroPro Infant Formula  Enfamil/button_Checkout now - Copy' is clickable

2022-04-18 23:23:21 - [MESSAGE][PASSED] - Object 'Object Repository/PDP Element Verification - infant/Page_Enfamil NeuroPro Infant Formula  Enfamil/button_Checkout now - Copy' is clickable

2022-04-18 23:23:21 - [TEST_STEP][PASSED] - verifyElementPresent(findTestObject("Object Repository/PDP Element Verification - infant/Page_Enfamil NeuroPro Infant Formula  Enfamil/span_available for orders between 1 - 100"), 0): Object 'Object Repository/PDP Element Verification - infant/Page_Enfamil NeuroPro Infant Formula  Enfamil/span_available for orders between 1 - 100' is present

2022-04-18 23:23:21 - [MESSAGE][WARNING] - Timeout '0' is invalid. Using default page load timeout: '5'

2022-04-18 23:23:21 - [MESSAGE][PASSED] - Object 'Object Repository/PDP Element Verification - infant/Page_Enfamil NeuroPro Infant Formula  Enfamil/span_available for orders between 1 - 100' is present

2022-04-18 23:23:21 - [TEST_STEP][PASSED] - verifyElementPresent(findTestObject("Object Repository/PDP Element Verification - infant/Page_Enfamil NeuroPro Infant Formula  Enfamil/a_More Info"), 0): Object 'Object Repository/PDP Element Verification - infant/Page_Enfamil NeuroPro Infant Formula  Enfamil/a_More Info' is present

2022-04-18 23:23:21 - [MESSAGE][WARNING] - Timeout '0' is invalid. Using default page load timeout: '5'

2022-04-18 23:23:21 - [MESSAGE][PASSED] - Object 'Object Repository/PDP Element Verification - infant/Page_Enfamil NeuroPro Infant Formula  Enfamil/a_More Info' is present

2022-04-18 23:23:21 - [TEST_STEP][PASSED] - click(findTestObject("Object Repository/PDP Element Verification - infant/Page_Enfamil NeuroPro Infant Formula  Enfamil/a_More Info")): Object: 'Object Repository/PDP Element Verification - infant/Page_Enfamil NeuroPro Infant Formula  Enfamil/a_More Info' is clicked on

2022-04-18 23:23:22 - [MESSAGE][PASSED] - Object: 'Object Repository/PDP Element Verification - infant/Page_Enfamil NeuroPro Infant Formula  Enfamil/a_More Info' is clicked on

2022-04-18 23:23:22 - [TEST_STEP][PASSED] - delay(3): Delayed 3 second(s)

2022-04-18 23:23:25 - [MESSAGE][PASSED] - Delayed 3 second(s)

2022-04-18 23:23:25 - [TEST_STEP][PASSED] - verifyElementPresent(findTestObject("Object Repository/PDP Element Verification - infant/Page_Enfamil NeuroPro Infant Formula  Enfamil/path"), 0): Object 'Object Repository/PDP Element Verification - infant/Page_Enfamil NeuroPro Infant Formula  Enfamil/path' is present

2022-04-18 23:23:25 - [MESSAGE][WARNING] - Timeout '0' is invalid. Using default page load timeout: '5'

2022-04-18 23:23:25 - [MESSAGE][PASSED] - Object 'Object Repository/PDP Element Verification - infant/Page_Enfamil NeuroPro Infant Formula  Enfamil/path' is present

2022-04-18 23:23:25 - [TEST_STEP][PASSED] - click(findTestObject("Object Repository/PDP Element Verification - infant/Page_Enfamil NeuroPro Infant Formula  Enfamil/svg_afillnonestroke808284stroke-linecaproun_66b548")): Object: 'Object Repository/PDP Element Verification - infant/Page_Enfamil NeuroPro Infant Formula  Enfamil/svg_afillnonestroke808284stroke-linecaproun_66b548' is clicked on

2022-04-18 23:23:26 - [MESSAGE][PASSED] - Object: 'Object Repository/PDP Element Verification - infant/Page_Enfamil NeuroPro Infant Formula  Enfamil/svg_afillnonestroke808284stroke-linecaproun_66b548' is clicked on

2022-04-18 23:23:26 - [TEST_STEP][PASSED] - delay(5): Delayed 5 second(s)

2022-04-18 23:23:31 - [MESSAGE][PASSED] - Delayed 5 second(s)

2022-04-18 23:23:31 - [TEST_STEP][PASSED] - verifyElementPresent(findTestObject("Object Repository/PDP Element Verification - infant/Page_Enfamil NeuroPro Infant Formula  Enfamil/button_Shipping"), 0): Object 'Object Repository/PDP Element Verification - infant/Page_Enfamil NeuroPro Infant Formula  Enfamil/button_Shipping' is present

2022-04-18 23:23:31 - [MESSAGE][WARNING] - Timeout '0' is invalid. Using default page load timeout: '5'

2022-04-18 23:23:32 - [MESSAGE][PASSED] - Object 'Object Repository/PDP Element Verification - infant/Page_Enfamil NeuroPro Infant Formula  Enfamil/button_Shipping' is present

2022-04-18 23:23:32 - [TEST_STEP][PASSED] - verifyElementPresent(findTestObject("Object Repository/PDP Element Verification - infant/Page_Enfamil NeuroPro Infant Formula  Enfamil/button_Find in store"), 0): Object 'Object Repository/PDP Element Verification - infant/Page_Enfamil NeuroPro Infant Formula  Enfamil/button_Find in store' is present

2022-04-18 23:23:32 - [MESSAGE][WARNING] - Timeout '0' is invalid. Using default page load timeout: '5'

2022-04-18 23:23:32 - [MESSAGE][PASSED] - Object 'Object Repository/PDP Element Verification - infant/Page_Enfamil NeuroPro Infant Formula  Enfamil/button_Find in store' is present

2022-04-18 23:23:32 - [TEST_STEP][PASSED] - verifyElementPresent(findTestObject("Object Repository/PDP Element Verification - infant/Page_Enfamil NeuroPro Infant Formula  Enfamil/span_Change Location"), 0): Object 'Object Repository/PDP Element Verification - infant/Page_Enfamil NeuroPro Infant Formula  Enfamil/span_Change Location' is present

2022-04-18 23:23:32 - [MESSAGE][WARNING] - Timeout '0' is invalid. Using default page load timeout: '5'

2022-04-18 23:23:32 - [MESSAGE][PASSED] - Object 'Object Repository/PDP Element Verification - infant/Page_Enfamil NeuroPro Infant Formula  Enfamil/span_Change Location' is present

2022-04-18 23:23:32 - [TEST_STEP][PASSED] - click(findTestObject("Object Repository/PDP Element Verification - infant/Page_Enfamil NeuroPro Infant Formula  Enfamil/span_Change Location")): Object: 'Object Repository/PDP Element Verification - infant/Page_Enfamil NeuroPro Infant Formula  Enfamil/span_Change Location' is clicked on

2022-04-18 23:23:33 - [MESSAGE][PASSED] - Object: 'Object Repository/PDP Element Verification - infant/Page_Enfamil NeuroPro Infant Formula  Enfamil/span_Change Location' is clicked on

2022-04-18 23:23:33 - [TEST_STEP][PASSED] - delay(5): Delayed 5 second(s)

2022-04-18 23:23:38 - [MESSAGE][PASSED] - Delayed 5 second(s)

2022-04-18 23:23:38 - [TEST_STEP][PASSED] - verifyElementPresent(findTestObject("Object Repository/PDP Element Verification - infant/Page_Enfamil NeuroPro Infant Formula  Enfamil/div_Shipping location"), 0): Object 'Object Repository/PDP Element Verification - infant/Page_Enfamil NeuroPro Infant Formula  Enfamil/div_Shipping location' is present

2022-04-18 23:23:38 - [MESSAGE][WARNING] - Timeout '0' is invalid. Using default page load timeout: '5'

2022-04-18 23:23:38 - [MESSAGE][PASSED] - Object 'Object Repository/PDP Element Verification - infant/Page_Enfamil NeuroPro Infant Formula  Enfamil/div_Shipping location' is present

2022-04-18 23:23:38 - [TEST_STEP][PASSED] - verifyElementPresent(findTestObject("Object Repository/PDP Element Verification - infant/Page_Enfamil NeuroPro Infant Formula  Enfamil/p_Your current location is Chennai, Tamil Nadu"), 0): Object 'Object Repository/PDP Element Verification - infant/Page_Enfamil NeuroPro Infant Formula  Enfamil/p_Your current location is Chennai, Tamil Nadu' is present

2022-04-18 23:23:39 - [MESSAGE][WARNING] - Timeout '0' is invalid. Using default page load timeout: '5'

2022-04-18 23:23:39 - [MESSAGE][PASSED] - Object 'Object Repository/PDP Element Verification - infant/Page_Enfamil NeuroPro Infant Formula  Enfamil/p_Your current location is Chennai, Tamil Nadu' is present

2022-04-18 23:23:39 - [TEST_STEP][PASSED] - verifyElementPresent(findTestObject("Object Repository/PDP Element Verification - infant/Page_Enfamil NeuroPro Infant Formula  Enfamil/label_Change Location"), 0): Object 'Object Repository/PDP Element Verification - infant/Page_Enfamil NeuroPro Infant Formula  Enfamil/label_Change Location' is present

2022-04-18 23:23:39 - [MESSAGE][WARNING] - Timeout '0' is invalid. Using default page load timeout: '5'

2022-04-18 23:23:39 - [MESSAGE][PASSED] - Object 'Object Repository/PDP Element Verification - infant/Page_Enfamil NeuroPro Infant Formula  Enfamil/label_Change Location' is present

2022-04-18 23:23:39 - [TEST_STEP][PASSED] - click(findTestObject("PDP Element Verification - infant/Recorded/New Folder/Page_Enfamil NeuroPro Infant Formula  Enfamil/Select_Location")): Object: 'Object Repository/PDP Element Verification - infant/Recorded/New Folder/Page_Enfamil NeuroPro Infant Formula  Enfamil/Select_Location' is clicked on

2022-04-18 23:23:40 - [MESSAGE][PASSED] - Object: 'Object Repository/PDP Element Verification - infant/Recorded/New Folder/Page_Enfamil NeuroPro Infant Formula  Enfamil/Select_Location' is clicked on

2022-04-18 23:23:40 - [TEST_STEP][PASSED] - click(findTestObject("PDP Element Verification - infant/Recorded/New Folder/Page_Enfamil NeuroPro Infant Formula  Enfamil/Select_Alabama")): Object: 'Object Repository/PDP Element Verification - infant/Recorded/New Folder/Page_Enfamil NeuroPro Infant Formula  Enfamil/Select_Alabama' is clicked on

2022-04-18 23:23:40 - [MESSAGE][PASSED] - Object: 'Object Repository/PDP Element Verification - infant/Recorded/New Folder/Page_Enfamil NeuroPro Infant Formula  Enfamil/Select_Alabama' is clicked on

2022-04-18 23:23:40 - [TEST_STEP][PASSED] - verifyElementText(findTestObject("Object Repository/PDP Element Verification - infant/Page_Enfamil NeuroPro Infant Formula  Enfamil/div_Shipping to AL"), "Shipping to AL?"): Actual text and expected text of test object 'Object Repository/PDP Element Verification - infant/Page_Enfamil NeuroPro Infant Formula  Enfamil/div_Shipping to AL' are matched.

2022-04-18 23:23:41 - [MESSAGE][PASSED] - Actual text and expected text of test object 'Object Repository/PDP Element Verification - infant/Page_Enfamil NeuroPro Infant Formula  Enfamil/div_Shipping to AL' are matched.

2022-04-18 23:23:41 - [TEST_STEP][PASSED] - verifyElementPresent(findTestObject("Object Repository/PDP Element Verification - infant/Page_Enfamil NeuroPro Infant Formula  Enfamil/div_Get it in 1-2 business days with standa_f74581"), 0): Object 'Object Repository/PDP Element Verification - infant/Page_Enfamil NeuroPro Infant Formula  Enfamil/div_Get it in 1-2 business days with standa_f74581' is present

2022-04-18 23:23:41 - [MESSAGE][WARNING] - Timeout '0' is invalid. Using default page load timeout: '5'

2022-04-18 23:23:41 - [MESSAGE][PASSED] - Object 'Object Repository/PDP Element Verification - infant/Page_Enfamil NeuroPro Infant Formula  Enfamil/div_Get it in 1-2 business days with standa_f74581' is present

2022-04-18 23:23:41 - [TEST_STEP][PASSED] - verifyElementText(findTestObject("Object Repository/PDP Element Verification - infant/Page_Enfamil NeuroPro Infant Formula  Enfamil/div_Get it in 1-2 business days with standa_f74581"), "Get it in 1-2 business days with standard shipping free on all orders over $50."): Actual text and expected text of test object 'Object Repository/PDP Element Verification - infant/Page_Enfamil NeuroPro Infant Formula  Enfamil/div_Get it in 1-2 business days with standa_f74581' are matched.

2022-04-18 23:23:42 - [MESSAGE][PASSED] - Actual text and expected text of test object 'Object Repository/PDP Element Verification - infant/Page_Enfamil NeuroPro Infant Formula  Enfamil/div_Get it in 1-2 business days with standa_f74581' are matched.

2022-04-18 23:23:42 - [TEST_STEP][PASSED] - verifyElementPresent(findTestObject("Object Repository/PDP Element Verification - infant/Page_Enfamil NeuroPro Infant Formula  Enfamil/div_Need it faster Same day  next day deliv_40906c"), 0): Object 'Object Repository/PDP Element Verification - infant/Page_Enfamil NeuroPro Infant Formula  Enfamil/div_Need it faster Same day  next day deliv_40906c' is present

2022-04-18 23:23:42 - [MESSAGE][WARNING] - Timeout '0' is invalid. Using default page load timeout: '5'

2022-04-18 23:23:42 - [MESSAGE][PASSED] - Object 'Object Repository/PDP Element Verification - infant/Page_Enfamil NeuroPro Infant Formula  Enfamil/div_Need it faster Same day  next day deliv_40906c' is present

2022-04-18 23:23:42 - [TEST_STEP][PASSED] - verifyElementText(findTestObject("Object Repository/PDP Element Verification - infant/Page_Enfamil NeuroPro Infant Formula  Enfamil/div_Need it faster Same day  next day deliv_40906c"), "Need it faster? Same day & next day delivery are now available in the metro New York area.  "): Actual text and expected text of test object 'Object Repository/PDP Element Verification - infant/Page_Enfamil NeuroPro Infant Formula  Enfamil/div_Need it faster Same day  next day deliv_40906c' are matched.

2022-04-18 23:23:43 - [MESSAGE][PASSED] - Actual text and expected text of test object 'Object Repository/PDP Element Verification - infant/Page_Enfamil NeuroPro Infant Formula  Enfamil/div_Need it faster Same day  next day deliv_40906c' are matched.

2022-04-18 23:23:43 - [TEST_STEP][PASSED] - verifyElementPresent(findTestObject("Object Repository/PDP Element Verification - infant/Page_Enfamil NeuroPro Infant Formula  Enfamil/p_Makes approx. 198 servings (4 oz bottles)"), 0): Object 'Object Repository/PDP Element Verification - infant/Page_Enfamil NeuroPro Infant Formula  Enfamil/p_Makes approx. 198 servings (4 oz bottles)' is present

2022-04-18 23:23:43 - [MESSAGE][WARNING] - Timeout '0' is invalid. Using default page load timeout: '5'

2022-04-18 23:23:43 - [MESSAGE][PASSED] - Object 'Object Repository/PDP Element Verification - infant/Page_Enfamil NeuroPro Infant Formula  Enfamil/p_Makes approx. 198 servings (4 oz bottles)' is present

2022-04-18 23:23:43 - [TEST_STEP][PASSED] - scrollToElement(findTestObject("Object Repository/PDP Element Verification - infant/Page_Enfamil NeuroPro Infant Formula  Enfamil/span_Overview"), 0): Scroll to object 'Object Repository/PDP Element Verification - infant/Page_Enfamil NeuroPro Infant Formula  Enfamil/span_Overview' successfully

2022-04-18 23:23:43 - [MESSAGE][WARNING] - Timeout '0' is invalid. Using default page load timeout: '5'

2022-04-18 23:23:43 - [MESSAGE][PASSED] - Scroll to object 'Object Repository/PDP Element Verification - infant/Page_Enfamil NeuroPro Infant Formula  Enfamil/span_Overview' successfully

2022-04-18 23:23:43 - [TEST_STEP][PASSED] - verifyElementPresent(findTestObject("Object Repository/PDP Element Verification - infant/Page_Enfamil NeuroPro Infant Formula  Enfamil/span_Overview"), 0): Object 'Object Repository/PDP Element Verification - infant/Page_Enfamil NeuroPro Infant Formula  Enfamil/span_Overview' is present

2022-04-18 23:23:44 - [MESSAGE][WARNING] - Timeout '0' is invalid. Using default page load timeout: '5'

2022-04-18 23:23:44 - [MESSAGE][PASSED] - Object 'Object Repository/PDP Element Verification - infant/Page_Enfamil NeuroPro Infant Formula  Enfamil/span_Overview' is present

2022-04-18 23:23:44 - [TEST_STEP][PASSED] - verifyElementText(findTestObject("Object Repository/PDP Element Verification - infant/Page_Enfamil NeuroPro Infant Formula  Enfamil/span_Overview"), "OVERVIEW"): Actual text and expected text of test object 'Object Repository/PDP Element Verification - infant/Page_Enfamil NeuroPro Infant Formula  Enfamil/span_Overview' are matched.

2022-04-18 23:23:44 - [MESSAGE][PASSED] - Actual text and expected text of test object 'Object Repository/PDP Element Verification - infant/Page_Enfamil NeuroPro Infant Formula  Enfamil/span_Overview' are matched.

2022-04-18 23:23:44 - [TEST_STEP][PASSED] - verifyElementPresent(findTestObject("Object Repository/PDP Element Verification - infant/Page_Enfamil NeuroPro Infant Formula  Enfamil/h2_Enfamil NeuroPro"), 0): Object 'Object Repository/PDP Element Verification - infant/Page_Enfamil NeuroPro Infant Formula  Enfamil/h2_Enfamil NeuroPro' is present

2022-04-18 23:23:44 - [MESSAGE][WARNING] - Timeout '0' is invalid. Using default page load timeout: '5'

2022-04-18 23:23:45 - [MESSAGE][PASSED] - Object 'Object Repository/PDP Element Verification - infant/Page_Enfamil NeuroPro Infant Formula  Enfamil/h2_Enfamil NeuroPro' is present

2022-04-18 23:23:45 - [TEST_STEP][PASSED] - verifyElementText(findTestObject("Object Repository/PDP Element Verification - infant/Page_Enfamil NeuroPro Infant Formula  Enfamil/h2_Enfamil NeuroPro"), "Enfamil NeuroPro"): Actual text and expected text of test object 'Object Repository/PDP Element Verification - infant/Page_Enfamil NeuroPro Infant Formula  Enfamil/h2_Enfamil NeuroPro' are matched.

2022-04-18 23:23:45 - [MESSAGE][PASSED] - Actual text and expected text of test object 'Object Repository/PDP Element Verification - infant/Page_Enfamil NeuroPro Infant Formula  Enfamil/h2_Enfamil NeuroPro' are matched.

2022-04-18 23:23:45 - [TEST_STEP][PASSED] - verifyElementPresent(findTestObject("Object Repository/PDP Element Verification - infant/Page_Enfamil NeuroPro Infant Formula  Enfamil/strong_1 infant formula brand recommended b_8f6909"), 0): Object 'Object Repository/PDP Element Verification - infant/Page_Enfamil NeuroPro Infant Formula  Enfamil/strong_1 infant formula brand recommended b_8f6909' is present

2022-04-18 23:23:45 - [MESSAGE][WARNING] - Timeout '0' is invalid. Using default page load timeout: '5'

2022-04-18 23:23:46 - [MESSAGE][PASSED] - Object 'Object Repository/PDP Element Verification - infant/Page_Enfamil NeuroPro Infant Formula  Enfamil/strong_1 infant formula brand recommended b_8f6909' is present

2022-04-18 23:23:46 - [TEST_STEP][PASSED] - verifyElementText(findTestObject("Object Repository/PDP Element Verification - infant/Page_Enfamil NeuroPro Infant Formula  Enfamil/strong_1 infant formula brand recommended b_8f6909"), "#1 infant formula brand recommended by pediatricians"): Actual text and expected text of test object 'Object Repository/PDP Element Verification - infant/Page_Enfamil NeuroPro Infant Formula  Enfamil/strong_1 infant formula brand recommended b_8f6909' are matched.

2022-04-18 23:23:46 - [MESSAGE][PASSED] - Actual text and expected text of test object 'Object Repository/PDP Element Verification - infant/Page_Enfamil NeuroPro Infant Formula  Enfamil/strong_1 infant formula brand recommended b_8f6909' are matched.

2022-04-18 23:23:46 - [TEST_STEP][PASSED] - verifyElementPresent(findTestObject("Object Repository/PDP Element Verification - infant/Page_Enfamil NeuroPro Infant Formula  Enfamil/h3_Enfamil NeuroPro provides advanced nutri_3e8e42"), 0): Object 'Object Repository/PDP Element Verification - infant/Page_Enfamil NeuroPro Infant Formula  Enfamil/h3_Enfamil NeuroPro provides advanced nutri_3e8e42' is present

2022-04-18 23:23:46 - [MESSAGE][WARNING] - Timeout '0' is invalid. Using default page load timeout: '5'

2022-04-18 23:23:47 - [MESSAGE][PASSED] - Object 'Object Repository/PDP Element Verification - infant/Page_Enfamil NeuroPro Infant Formula  Enfamil/h3_Enfamil NeuroPro provides advanced nutri_3e8e42' is present

2022-04-18 23:23:47 - [TEST_STEP][PASSED] - verifyElementText(findTestObject("Object Repository/PDP Element Verification - infant/Page_Enfamil NeuroPro Infant Formula  Enfamil/h3_Enfamil NeuroPro provides advanced nutri_3e8e42"), "Enfamil NeuroPro provides advanced nutrition to feed your babyâ€™s potential. It is the only formula to have both expert recommended DHA and a Triple Prebiotic Immune BlendTM"): Actual text and expected text of test object 'Object Repository/PDP Element Verification - infant/Page_Enfamil NeuroPro Infant Formula  Enfamil/h3_Enfamil NeuroPro provides advanced nutri_3e8e42' are matched.

2022-04-18 23:23:47 - [MESSAGE][PASSED] - Actual text and expected text of test object 'Object Repository/PDP Element Verification - infant/Page_Enfamil NeuroPro Infant Formula  Enfamil/h3_Enfamil NeuroPro provides advanced nutri_3e8e42' are matched.

2022-04-18 23:23:47 - [TEST_STEP][PASSED] - verifyElementPresent(findTestObject("Object Repository/PDP Element Verification - infant/Page_Enfamil NeuroPro Infant Formula  Enfamil/p_Our Enfamil NeuroPro Baby Formula feature_c61ff3"), 0): Object 'Object Repository/PDP Element Verification - infant/Page_Enfamil NeuroPro Infant Formula  Enfamil/p_Our Enfamil NeuroPro Baby Formula feature_c61ff3' is present

2022-04-18 23:23:47 - [MESSAGE][WARNING] - Timeout '0' is invalid. Using default page load timeout: '5'

2022-04-18 23:23:48 - [MESSAGE][PASSED] - Object 'Object Repository/PDP Element Verification - infant/Page_Enfamil NeuroPro Infant Formula  Enfamil/p_Our Enfamil NeuroPro Baby Formula feature_c61ff3' is present

2022-04-18 23:23:48 - [TEST_STEP][PASSED] - verifyElementText(findTestObject("Object Repository/PDP Element Verification - infant/Page_Enfamil NeuroPro Infant Formula  Enfamil/p_Our Enfamil NeuroPro Baby Formula feature_c61ff3"), "Our Enfamil NeuroPro Baby Formula features a range of different size options. You can conveniently purchase this Baby Formula in either Powder and Liquid form. The Powder product is available in 20.7 oz Tubs, 31.4 oz Refill Boxes and 17.6g Single Serve Packet Sticks. The Liquid form comes in 2 fl oz, 6 fl oz, 8 fl oz and 32 fl oz bottles. You can also purchase Enfamil NeuroPro Baby Formula Powder in a bulk order with our convenient Case of 6 Tubs, Case of 4 Refill Boxes and Case of 56 Single Serve Packet Sticks. Liquid formula comes in Case of 24 for 2 fl oz, 6 fl oz or 8 fl oz bottles and Case of 6 32 fl oz bottles."): Actual text and expected text of test object 'Object Repository/PDP Element Verification - infant/Page_Enfamil NeuroPro Infant Formula  Enfamil/p_Our Enfamil NeuroPro Baby Formula feature_c61ff3' are matched.

2022-04-18 23:23:48 - [MESSAGE][PASSED] - Actual text and expected text of test object 'Object Repository/PDP Element Verification - infant/Page_Enfamil NeuroPro Infant Formula  Enfamil/p_Our Enfamil NeuroPro Baby Formula feature_c61ff3' are matched.

2022-04-18 23:23:48 - [TEST_STEP][PASSED] - verifyElementPresent(findTestObject("Object Repository/PDP Element Verification - infant/Page_Enfamil NeuroPro Infant Formula  Enfamil/p_Our Enfamil NeuroPro is backed by researc_5a4354"), 0): Object 'Object Repository/PDP Element Verification - infant/Page_Enfamil NeuroPro Infant Formula  Enfamil/p_Our Enfamil NeuroPro is backed by researc_5a4354' is present

2022-04-18 23:23:48 - [MESSAGE][WARNING] - Timeout '0' is invalid. Using default page load timeout: '5'

2022-04-18 23:23:48 - [MESSAGE][PASSED] - Object 'Object Repository/PDP Element Verification - infant/Page_Enfamil NeuroPro Infant Formula  Enfamil/p_Our Enfamil NeuroPro is backed by researc_5a4354' is present

2022-04-18 23:23:48 - [TEST_STEP][PASSED] - verifyElementText(findTestObject("Object Repository/PDP Element Verification - infant/Page_Enfamil NeuroPro Infant Formula  Enfamil/p_Our Enfamil NeuroPro is backed by researc_5a4354"), "Our Enfamil NeuroPro is backed by research on breast milk and clinical studies on its brain building nutrition. Most notably, it has brain-building Omega 3 DHA as recommended by experts. DHA as found in Enfamil NeuroPro has been shown to provide long-term brain-building benefits all the way up to age 5. Enfamil NeuroPro also has naturally occurring MFGM components* as well as a triple prebiotic immune blend that includes 2â€™-FL HMO (Human Milk Oligosaccharide)â€ , PDX, and GOS. Each of these three prebiotics is shown to support a babyâ€™s immune system. By choosing Enfamil NeuroPro Infant, you are choosing the formula brand that is #1 recommended by pediatricians, inspired by breast milk, and offers complete nutrition & easy-to-digest proteins for babies through 12 months."): Actual text and expected text of test object 'Object Repository/PDP Element Verification - infant/Page_Enfamil NeuroPro Infant Formula  Enfamil/p_Our Enfamil NeuroPro is backed by researc_5a4354' are matched.

2022-04-18 23:23:49 - [MESSAGE][PASSED] - Actual text and expected text of test object 'Object Repository/PDP Element Verification - infant/Page_Enfamil NeuroPro Infant Formula  Enfamil/p_Our Enfamil NeuroPro is backed by researc_5a4354' are matched.

2022-04-18 23:23:49 - [TEST_STEP][PASSED] - verifyElementPresent(findTestObject("Object Repository/PDP Element Verification - infant/Page_Enfamil NeuroPro Infant Formula  Enfamil/i_From whey protein concentrate composed of_9e36c2"), 0): Object 'Object Repository/PDP Element Verification - infant/Page_Enfamil NeuroPro Infant Formula  Enfamil/i_From whey protein concentrate composed of_9e36c2' is present

2022-04-18 23:23:49 - [MESSAGE][WARNING] - Timeout '0' is invalid. Using default page load timeout: '5'

2022-04-18 23:23:49 - [MESSAGE][PASSED] - Object 'Object Repository/PDP Element Verification - infant/Page_Enfamil NeuroPro Infant Formula  Enfamil/i_From whey protein concentrate composed of_9e36c2' is present

2022-04-18 23:23:49 - [TEST_STEP][PASSED] - verifyElementText(findTestObject("Object Repository/PDP Element Verification - infant/Page_Enfamil NeuroPro Infant Formula  Enfamil/i_From whey protein concentrate composed of_9e36c2"), "*From whey protein concentrate composed of fats and proteins"): Actual text and expected text of test object 'Object Repository/PDP Element Verification - infant/Page_Enfamil NeuroPro Infant Formula  Enfamil/i_From whey protein concentrate composed of_9e36c2' are matched.

2022-04-18 23:23:50 - [MESSAGE][PASSED] - Actual text and expected text of test object 'Object Repository/PDP Element Verification - infant/Page_Enfamil NeuroPro Infant Formula  Enfamil/i_From whey protein concentrate composed of_9e36c2' are matched.

2022-04-18 23:23:50 - [TEST_STEP][PASSED] - verifyElementPresent(findTestObject("Object Repository/PDP Element Verification - infant/Page_Enfamil NeuroPro Infant Formula  Enfamil/i_2-Fucosyllactose Human Milk Oligosacchari_421009"), 0): Object 'Object Repository/PDP Element Verification - infant/Page_Enfamil NeuroPro Infant Formula  Enfamil/i_2-Fucosyllactose Human Milk Oligosacchari_421009' is present

2022-04-18 23:23:50 - [MESSAGE][WARNING] - Timeout '0' is invalid. Using default page load timeout: '5'

2022-04-18 23:23:50 - [MESSAGE][PASSED] - Object 'Object Repository/PDP Element Verification - infant/Page_Enfamil NeuroPro Infant Formula  Enfamil/i_2-Fucosyllactose Human Milk Oligosacchari_421009' is present

2022-04-18 23:23:50 - [TEST_STEP][PASSED] - verifyElementText(findTestObject("Object Repository/PDP Element Verification - infant/Page_Enfamil NeuroPro Infant Formula  Enfamil/i_2-Fucosyllactose Human Milk Oligosacchari_421009"), "â€ 2â€™-Fucosyllactose Human Milk Oligosaccharide. Not from human milk"): Actual text and expected text of test object 'Object Repository/PDP Element Verification - infant/Page_Enfamil NeuroPro Infant Formula  Enfamil/i_2-Fucosyllactose Human Milk Oligosacchari_421009' are matched.

2022-04-18 23:23:51 - [MESSAGE][PASSED] - Actual text and expected text of test object 'Object Repository/PDP Element Verification - infant/Page_Enfamil NeuroPro Infant Formula  Enfamil/i_2-Fucosyllactose Human Milk Oligosacchari_421009' are matched.

2022-04-18 23:23:51 - [TEST_STEP][PASSED] - verifyElementPresent(findTestObject("Object Repository/PDP Element Verification - infant/Page_Enfamil NeuroPro Infant Formula  Enfamil/i_Not made with genetically engineered ingr_88c889"), 0): Object 'Object Repository/PDP Element Verification - infant/Page_Enfamil NeuroPro Infant Formula  Enfamil/i_Not made with genetically engineered ingr_88c889' is present

2022-04-18 23:23:51 - [MESSAGE][WARNING] - Timeout '0' is invalid. Using default page load timeout: '5'

2022-04-18 23:23:51 - [MESSAGE][PASSED] - Object 'Object Repository/PDP Element Verification - infant/Page_Enfamil NeuroPro Infant Formula  Enfamil/i_Not made with genetically engineered ingr_88c889' is present

2022-04-18 23:23:51 - [TEST_STEP][PASSED] - verifyElementText(findTestObject("Object Repository/PDP Element Verification - infant/Page_Enfamil NeuroPro Infant Formula  Enfamil/i_Not made with genetically engineered ingr_88c889"), "â€ â€ Not made with genetically engineered ingredients, but trace amounts of genetically engineered material may be present in the product from manufacturing environments and process sources. For more information, visit Enfamil.com/nonGMO."): Actual text and expected text of test object 'Object Repository/PDP Element Verification - infant/Page_Enfamil NeuroPro Infant Formula  Enfamil/i_Not made with genetically engineered ingr_88c889' are matched.

2022-04-18 23:23:51 - [MESSAGE][PASSED] - Actual text and expected text of test object 'Object Repository/PDP Element Verification - infant/Page_Enfamil NeuroPro Infant Formula  Enfamil/i_Not made with genetically engineered ingr_88c889' are matched.

2022-04-18 23:23:51 - [TEST_STEP][PASSED] - verifyElementText(findTestObject("Object Repository/PDP Element Verification - infant/Page_Enfamil NeuroPro Infant Formula  Enfamil/strong_1 infant formula brand recommended b_8f6909"), "#1 infant formula brand recommended by pediatricians"): Actual text and expected text of test object 'Object Repository/PDP Element Verification - infant/Page_Enfamil NeuroPro Infant Formula  Enfamil/strong_1 infant formula brand recommended b_8f6909' are matched.

2022-04-18 23:23:52 - [MESSAGE][PASSED] - Actual text and expected text of test object 'Object Repository/PDP Element Verification - infant/Page_Enfamil NeuroPro Infant Formula  Enfamil/strong_1 infant formula brand recommended b_8f6909' are matched.

2022-04-18 23:23:52 - [TEST_STEP][PASSED] - verifyElementPresent(findTestObject("Object Repository/PDP Element Verification - infant/Page_Enfamil NeuroPro Infant Formula  Enfamil/div_Has expert-recommendedOmega 3 DHA"), 0): Object 'Object Repository/PDP Element Verification - infant/Page_Enfamil NeuroPro Infant Formula  Enfamil/div_Has expert-recommendedOmega 3 DHA' is present

2022-04-18 23:23:52 - [MESSAGE][WARNING] - Timeout '0' is invalid. Using default page load timeout: '5'

2022-04-18 23:23:52 - [MESSAGE][PASSED] - Object 'Object Repository/PDP Element Verification - infant/Page_Enfamil NeuroPro Infant Formula  Enfamil/div_Has expert-recommendedOmega 3 DHA' is present

2022-04-18 23:23:52 - [TEST_STEP][PASSED] - verifyElementText(findTestObject("Object Repository/PDP Element Verification - infant/Page_Enfamil NeuroPro Infant Formula  Enfamil/div_Has expert-recommendedOmega 3 DHA"), "Has expert-recommended Omega 3 DHA"): Actual text and expected text of test object 'Object Repository/PDP Element Verification - infant/Page_Enfamil NeuroPro Infant Formula  Enfamil/div_Has expert-recommendedOmega 3 DHA' are matched.

2022-04-18 23:23:53 - [MESSAGE][PASSED] - Actual text and expected text of test object 'Object Repository/PDP Element Verification - infant/Page_Enfamil NeuroPro Infant Formula  Enfamil/div_Has expert-recommendedOmega 3 DHA' are matched.

2022-04-18 23:23:53 - [TEST_STEP][PASSED] - verifyElementPresent(findTestObject("Object Repository/PDP Element Verification - infant/Page_Enfamil NeuroPro Infant Formula  Enfamil/div_Naturally occurring MFGM components"), 0): Object 'Object Repository/PDP Element Verification - infant/Page_Enfamil NeuroPro Infant Formula  Enfamil/div_Naturally occurring MFGM components' is present

2022-04-18 23:23:53 - [MESSAGE][WARNING] - Timeout '0' is invalid. Using default page load timeout: '5'

2022-04-18 23:23:53 - [MESSAGE][PASSED] - Object 'Object Repository/PDP Element Verification - infant/Page_Enfamil NeuroPro Infant Formula  Enfamil/div_Naturally occurring MFGM components' is present

2022-04-18 23:23:53 - [TEST_STEP][PASSED] - verifyElementText(findTestObject("Object Repository/PDP Element Verification - infant/Page_Enfamil NeuroPro Infant Formula  Enfamil/div_Naturally occurring MFGM components"), "Naturally occurring MFGM components*"): Actual text and expected text of test object 'Object Repository/PDP Element Verification - infant/Page_Enfamil NeuroPro Infant Formula  Enfamil/div_Naturally occurring MFGM components' are matched.

2022-04-18 23:23:54 - [MESSAGE][PASSED] - Actual text and expected text of test object 'Object Repository/PDP Element Verification - infant/Page_Enfamil NeuroPro Infant Formula  Enfamil/div_Naturally occurring MFGM components' are matched.

2022-04-18 23:23:54 - [TEST_STEP][PASSED] - verifyElementPresent(findTestObject("Object Repository/PDP Element Verification - infant/Page_Enfamil NeuroPro Infant Formula  Enfamil/div_Triple Prebiotic Immune Blend that incl_5df738"), 0): Object 'Object Repository/PDP Element Verification - infant/Page_Enfamil NeuroPro Infant Formula  Enfamil/div_Triple Prebiotic Immune Blend that incl_5df738' is present

2022-04-18 23:23:54 - [MESSAGE][WARNING] - Timeout '0' is invalid. Using default page load timeout: '5'

2022-04-18 23:23:54 - [MESSAGE][PASSED] - Object 'Object Repository/PDP Element Verification - infant/Page_Enfamil NeuroPro Infant Formula  Enfamil/div_Triple Prebiotic Immune Blend that incl_5df738' is present

2022-04-18 23:23:54 - [TEST_STEP][PASSED] - verifyElementText(findTestObject("Object Repository/PDP Element Verification - infant/Page_Enfamil NeuroPro Infant Formula  Enfamil/div_Triple Prebiotic Immune Blend that incl_5df738"), "Triple Prebiotic Immune Blend that includes 2â€™-FL HMOâ€ , PDX, and GOS. Each of these prebiotics have been shown to support immune health (based on parent feedback)"): Actual text and expected text of test object 'Object Repository/PDP Element Verification - infant/Page_Enfamil NeuroPro Infant Formula  Enfamil/div_Triple Prebiotic Immune Blend that incl_5df738' are matched.

2022-04-18 23:23:55 - [MESSAGE][PASSED] - Actual text and expected text of test object 'Object Repository/PDP Element Verification - infant/Page_Enfamil NeuroPro Infant Formula  Enfamil/div_Triple Prebiotic Immune Blend that incl_5df738' are matched.

2022-04-18 23:23:55 - [TEST_STEP][PASSED] - verifyElementPresent(findTestObject("Object Repository/PDP Element Verification - infant/Page_Enfamil NeuroPro Infant Formula  Enfamil/div_Made with non-GMO ingredients that have_1c5f1e"), 0): Object 'Object Repository/PDP Element Verification - infant/Page_Enfamil NeuroPro Infant Formula  Enfamil/div_Made with non-GMO ingredients that have_1c5f1e' is present

2022-04-18 23:23:55 - [MESSAGE][WARNING] - Timeout '0' is invalid. Using default page load timeout: '5'

2022-04-18 23:23:55 - [MESSAGE][PASSED] - Object 'Object Repository/PDP Element Verification - infant/Page_Enfamil NeuroPro Infant Formula  Enfamil/div_Made with non-GMO ingredients that have_1c5f1e' is present

2022-04-18 23:23:55 - [TEST_STEP][PASSED] - verifyElementText(findTestObject("Object Repository/PDP Element Verification - infant/Page_Enfamil NeuroPro Infant Formula  Enfamil/div_Made with non-GMO ingredients that have_1c5f1e"), "Made with non-GMO ingredients that have not been genetically engineeredâ€ â€ "): Actual text and expected text of test object 'Object Repository/PDP Element Verification - infant/Page_Enfamil NeuroPro Infant Formula  Enfamil/div_Made with non-GMO ingredients that have_1c5f1e' are matched.

2022-04-18 23:23:56 - [MESSAGE][PASSED] - Actual text and expected text of test object 'Object Repository/PDP Element Verification - infant/Page_Enfamil NeuroPro Infant Formula  Enfamil/div_Made with non-GMO ingredients that have_1c5f1e' are matched.

2022-04-18 23:23:56 - [TEST_STEP][PASSED] - verifyElementPresent(findTestObject("Object Repository/PDP Element Verification - infant/Page_Enfamil NeuroPro Infant Formula  Enfamil/div_The tub has a removable lid and is dish_51ead4"), 0): Object 'Object Repository/PDP Element Verification - infant/Page_Enfamil NeuroPro Infant Formula  Enfamil/div_The tub has a removable lid and is dish_51ead4' is present

2022-04-18 23:23:56 - [MESSAGE][WARNING] - Timeout '0' is invalid. Using default page load timeout: '5'

2022-04-18 23:23:56 - [MESSAGE][PASSED] - Object 'Object Repository/PDP Element Verification - infant/Page_Enfamil NeuroPro Infant Formula  Enfamil/div_The tub has a removable lid and is dish_51ead4' is present

2022-04-18 23:23:56 - [TEST_STEP][PASSED] - verifyElementText(findTestObject("Object Repository/PDP Element Verification - infant/Page_Enfamil NeuroPro Infant Formula  Enfamil/div_The tub has a removable lid and is dish_51ead4"), "The tub has a removable lid and is dishwasher safe for continued use. "): Actual text and expected text of test object 'Object Repository/PDP Element Verification - infant/Page_Enfamil NeuroPro Infant Formula  Enfamil/div_The tub has a removable lid and is dish_51ead4' are matched.

2022-04-18 23:23:56 - [MESSAGE][PASSED] - Actual text and expected text of test object 'Object Repository/PDP Element Verification - infant/Page_Enfamil NeuroPro Infant Formula  Enfamil/div_The tub has a removable lid and is dish_51ead4' are matched.

2022-04-18 23:23:56 - [TEST_STEP][PASSED] - verifyElementPresent(findTestObject("Object Repository/PDP Element Verification - infant/Page_Enfamil NeuroPro Infant Formula  Enfamil/div_Enfamil reduces its environmental impac_15cd14"), 0): Object 'Object Repository/PDP Element Verification - infant/Page_Enfamil NeuroPro Infant Formula  Enfamil/div_Enfamil reduces its environmental impac_15cd14' is present

2022-04-18 23:23:57 - [MESSAGE][WARNING] - Timeout '0' is invalid. Using default page load timeout: '5'

2022-04-18 23:23:57 - [MESSAGE][PASSED] - Object 'Object Repository/PDP Element Verification - infant/Page_Enfamil NeuroPro Infant Formula  Enfamil/div_Enfamil reduces its environmental impac_15cd14' is present

2022-04-18 23:23:57 - [TEST_STEP][PASSED] - verifyElementText(findTestObject("Object Repository/PDP Element Verification - infant/Page_Enfamil NeuroPro Infant Formula  Enfamil/div_Enfamil reduces its environmental impac_15cd14"), "Enfamil reduces its environmental impact by using 100% recycled paperboard for our refill boxes."): Actual text and expected text of test object 'Object Repository/PDP Element Verification - infant/Page_Enfamil NeuroPro Infant Formula  Enfamil/div_Enfamil reduces its environmental impac_15cd14' are matched.

2022-04-18 23:23:57 - [MESSAGE][PASSED] - Actual text and expected text of test object 'Object Repository/PDP Element Verification - infant/Page_Enfamil NeuroPro Infant Formula  Enfamil/div_Enfamil reduces its environmental impac_15cd14' are matched.

2022-04-18 23:23:57 - [TEST_STEP][PASSED] - verifyElementPresent(findTestObject("Object Repository/PDP Element Verification - infant/Page_Enfamil NeuroPro Infant Formula  Enfamil/div_Nutrients and Ingredientsnutrients Nutr_7df9b6"), 0): Object 'Object Repository/PDP Element Verification - infant/Page_Enfamil NeuroPro Infant Formula  Enfamil/div_Nutrients and Ingredientsnutrients Nutr_7df9b6' is present

2022-04-18 23:23:57 - [MESSAGE][WARNING] - Timeout '0' is invalid. Using default page load timeout: '5'

2022-04-18 23:23:58 - [MESSAGE][PASSED] - Object 'Object Repository/PDP Element Verification - infant/Page_Enfamil NeuroPro Infant Formula  Enfamil/div_Nutrients and Ingredientsnutrients Nutr_7df9b6' is present

2022-04-18 23:23:58 - [TEST_STEP][PASSED] - verifyElementPresent(findTestObject("Object Repository/PDP Element Verification - infant/Page_Enfamil NeuroPro Infant Formula  Enfamil/span_Nutrients and Ingredients"), 0): Object 'Object Repository/PDP Element Verification - infant/Page_Enfamil NeuroPro Infant Formula  Enfamil/span_Nutrients and Ingredients' is present

2022-04-18 23:23:58 - [MESSAGE][WARNING] - Timeout '0' is invalid. Using default page load timeout: '5'

2022-04-18 23:23:58 - [MESSAGE][PASSED] - Object 'Object Repository/PDP Element Verification - infant/Page_Enfamil NeuroPro Infant Formula  Enfamil/span_Nutrients and Ingredients' is present

2022-04-18 23:23:58 - [TEST_STEP][PASSED] - verifyElementPresent(findTestObject("Object Repository/PDP Element Verification - infant/Page_Enfamil NeuroPro Infant Formula  Enfamil/div_nutrients"), 0): Object 'Object Repository/PDP Element Verification - infant/Page_Enfamil NeuroPro Infant Formula  Enfamil/div_nutrients' is present

2022-04-18 23:23:58 - [MESSAGE][WARNING] - Timeout '0' is invalid. Using default page load timeout: '5'

2022-04-18 23:23:59 - [MESSAGE][PASSED] - Object 'Object Repository/PDP Element Verification - infant/Page_Enfamil NeuroPro Infant Formula  Enfamil/div_nutrients' is present

2022-04-18 23:23:59 - [TEST_STEP][PASSED] - verifyElementPresent(findTestObject("Object Repository/PDP Element Verification - infant/Page_Enfamil NeuroPro Infant Formula  Enfamil/div_minerals"), 0): Object 'Object Repository/PDP Element Verification - infant/Page_Enfamil NeuroPro Infant Formula  Enfamil/div_minerals' is present

2022-04-18 23:23:59 - [MESSAGE][WARNING] - Timeout '0' is invalid. Using default page load timeout: '5'

2022-04-18 23:23:59 - [MESSAGE][PASSED] - Object 'Object Repository/PDP Element Verification - infant/Page_Enfamil NeuroPro Infant Formula  Enfamil/div_minerals' is present

2022-04-18 23:23:59 - [TEST_STEP][PASSED] - verifyElementPresent(findTestObject("Object Repository/PDP Element Verification - infant/Page_Enfamil NeuroPro Infant Formula  Enfamil/div_vitamins"), 0): Object 'Object Repository/PDP Element Verification - infant/Page_Enfamil NeuroPro Infant Formula  Enfamil/div_vitamins' is present

2022-04-18 23:23:59 - [MESSAGE][WARNING] - Timeout '0' is invalid. Using default page load timeout: '5'

2022-04-18 23:23:59 - [MESSAGE][PASSED] - Object 'Object Repository/PDP Element Verification - infant/Page_Enfamil NeuroPro Infant Formula  Enfamil/div_vitamins' is present

2022-04-18 23:23:59 - [TEST_STEP][PASSED] - verifyElementPresent(findTestObject("Object Repository/PDP Element Verification - infant/Page_Enfamil NeuroPro Infant Formula  Enfamil/p_Nutrients (Normal Dilution) per 100 Calor_4fac1b"), 0): Object 'Object Repository/PDP Element Verification - infant/Page_Enfamil NeuroPro Infant Formula  Enfamil/p_Nutrients (Normal Dilution) per 100 Calor_4fac1b' is present

2022-04-18 23:24:00 - [MESSAGE][WARNING] - Timeout '0' is invalid. Using default page load timeout: '5'

2022-04-18 23:24:00 - [MESSAGE][PASSED] - Object 'Object Repository/PDP Element Verification - infant/Page_Enfamil NeuroPro Infant Formula  Enfamil/p_Nutrients (Normal Dilution) per 100 Calor_4fac1b' is present

2022-04-18 23:24:00 - [TEST_STEP][PASSED] - verifyElementText(findTestObject("Object Repository/PDP Element Verification - infant/Page_Enfamil NeuroPro Infant Formula  Enfamil/p_Nutrients (Normal Dilution) per 100 Calor_4fac1b"), "Nutrients (Normal Dilution); per 100 Calories (5 fl oz)"): Actual text and expected text of test object 'Object Repository/PDP Element Verification - infant/Page_Enfamil NeuroPro Infant Formula  Enfamil/p_Nutrients (Normal Dilution) per 100 Calor_4fac1b' are matched.

2022-04-18 23:24:01 - [MESSAGE][PASSED] - Actual text and expected text of test object 'Object Repository/PDP Element Verification - infant/Page_Enfamil NeuroPro Infant Formula  Enfamil/p_Nutrients (Normal Dilution) per 100 Calor_4fac1b' are matched.

2022-04-18 23:24:01 - [TEST_STEP][PASSED] - verifyElementPresent(findTestObject("Object Repository/PDP Element Verification - infant/Page_Enfamil NeuroPro Infant Formula  Enfamil/button_View ingredients"), 0): Object 'Object Repository/PDP Element Verification - infant/Page_Enfamil NeuroPro Infant Formula  Enfamil/button_View ingredients' is present

2022-04-18 23:24:01 - [MESSAGE][WARNING] - Timeout '0' is invalid. Using default page load timeout: '5'

2022-04-18 23:24:01 - [MESSAGE][PASSED] - Object 'Object Repository/PDP Element Verification - infant/Page_Enfamil NeuroPro Infant Formula  Enfamil/button_View ingredients' is present

2022-04-18 23:24:01 - [TEST_STEP][PASSED] - verifyElementClickable(findTestObject("Object Repository/PDP Element Verification - infant/Page_Enfamil NeuroPro Infant Formula  Enfamil/button_View ingredients")): Object 'Object Repository/PDP Element Verification - infant/Page_Enfamil NeuroPro Infant Formula  Enfamil/button_View ingredients' is clickable

2022-04-18 23:24:02 - [MESSAGE][PASSED] - Object 'Object Repository/PDP Element Verification - infant/Page_Enfamil NeuroPro Infant Formula  Enfamil/button_View ingredients' is clickable

2022-04-18 23:24:02 - [TEST_STEP][PASSED] - verifyElementPresent(findTestObject("Object Repository/PDP Element Verification - infant/Page_Enfamil NeuroPro Infant Formula  Enfamil/div_Preparation and UseYour babys health de_f0adb6"), 0): Object 'Object Repository/PDP Element Verification - infant/Page_Enfamil NeuroPro Infant Formula  Enfamil/div_Preparation and UseYour babys health de_f0adb6' is present

2022-04-18 23:24:02 - [MESSAGE][WARNING] - Timeout '0' is invalid. Using default page load timeout: '5'

2022-04-18 23:24:02 - [MESSAGE][PASSED] - Object 'Object Repository/PDP Element Verification - infant/Page_Enfamil NeuroPro Infant Formula  Enfamil/div_Preparation and UseYour babys health de_f0adb6' is present

2022-04-18 23:24:02 - [TEST_STEP][PASSED] - verifyElementText(findTestObject("Object Repository/PDP Element Verification - infant/Page_Enfamil NeuroPro Infant Formula  Enfamil/span_Preparation and Use"), "Preparation and Use"): Actual text and expected text of test object 'Object Repository/PDP Element Verification - infant/Page_Enfamil NeuroPro Infant Formula  Enfamil/span_Preparation and Use' are matched.

2022-04-18 23:24:03 - [MESSAGE][PASSED] - Actual text and expected text of test object 'Object Repository/PDP Element Verification - infant/Page_Enfamil NeuroPro Infant Formula  Enfamil/span_Preparation and Use' are matched.

2022-04-18 23:24:03 - [TEST_STEP][PASSED] - verifyElementPresent(findTestObject("Object Repository/PDP Element Verification - infant/Page_Enfamil NeuroPro Infant Formula  Enfamil/span_Ratings  Reviews"), 0): Object 'Object Repository/PDP Element Verification - infant/Page_Enfamil NeuroPro Infant Formula  Enfamil/span_Ratings  Reviews' is present

2022-04-18 23:24:03 - [MESSAGE][WARNING] - Timeout '0' is invalid. Using default page load timeout: '5'

2022-04-18 23:24:03 - [MESSAGE][PASSED] - Object 'Object Repository/PDP Element Verification - infant/Page_Enfamil NeuroPro Infant Formula  Enfamil/span_Ratings  Reviews' is present

2022-04-18 23:24:03 - [TEST_STEP][PASSED] - verifyElementText(findTestObject("Object Repository/PDP Element Verification - infant/Page_Enfamil NeuroPro Infant Formula  Enfamil/span_Ratings  Reviews"), "Ratings & Reviews"): Actual text and expected text of test object 'Object Repository/PDP Element Verification - infant/Page_Enfamil NeuroPro Infant Formula  Enfamil/span_Ratings  Reviews' are matched.

2022-04-18 23:24:03 - [MESSAGE][PASSED] - Actual text and expected text of test object 'Object Repository/PDP Element Verification - infant/Page_Enfamil NeuroPro Infant Formula  Enfamil/span_Ratings  Reviews' are matched.

2022-04-18 23:24:03 - [TEST_STEP][PASSED] - verifyElementPresent(findTestObject("Object Repository/PDP Element Verification - infant/Page_Enfamil NeuroPro Infant Formula  Enfamil/div_Ratings  ReviewsSee what other parents _4ebb69"), 0): Object 'Object Repository/PDP Element Verification - infant/Page_Enfamil NeuroPro Infant Formula  Enfamil/div_Ratings  ReviewsSee what other parents _4ebb69' is present

2022-04-18 23:24:03 - [MESSAGE][WARNING] - Timeout '0' is invalid. Using default page load timeout: '5'

2022-04-18 23:24:04 - [MESSAGE][PASSED] - Object 'Object Repository/PDP Element Verification - infant/Page_Enfamil NeuroPro Infant Formula  Enfamil/div_Ratings  ReviewsSee what other parents _4ebb69' is present

2022-04-18 23:24:04 - [TEST_STEP][PASSED] - scrollToElement(findTestObject("Object Repository/PDP Element Verification - infant/Page_Enfamil NeuroPro Infant Formula  Enfamil/h2_You get peace of mind when you shop with us"), 0): Scroll to object 'Object Repository/PDP Element Verification - infant/Page_Enfamil NeuroPro Infant Formula  Enfamil/h2_You get peace of mind when you shop with us' successfully

2022-04-18 23:24:04 - [MESSAGE][WARNING] - Timeout '0' is invalid. Using default page load timeout: '5'

2022-04-18 23:24:04 - [MESSAGE][PASSED] - Scroll to object 'Object Repository/PDP Element Verification - infant/Page_Enfamil NeuroPro Infant Formula  Enfamil/h2_You get peace of mind when you shop with us' successfully

2022-04-18 23:24:04 - [TEST_STEP][PASSED] - verifyElementPresent(findTestObject("Object Repository/PDP Element Verification - infant/Page_Enfamil NeuroPro Infant Formula  Enfamil/h2_You get peace of mind when you shop with us"), 0): Object 'Object Repository/PDP Element Verification - infant/Page_Enfamil NeuroPro Infant Formula  Enfamil/h2_You get peace of mind when you shop with us' is present

2022-04-18 23:24:04 - [MESSAGE][WARNING] - Timeout '0' is invalid. Using default page load timeout: '5'

2022-04-18 23:24:05 - [MESSAGE][PASSED] - Object 'Object Repository/PDP Element Verification - infant/Page_Enfamil NeuroPro Infant Formula  Enfamil/h2_You get peace of mind when you shop with us' is present

2022-04-18 23:24:05 - [TEST_STEP][PASSED] - verifyElementText(findTestObject("Object Repository/PDP Element Verification - infant/Page_Enfamil NeuroPro Infant Formula  Enfamil/h2_You get peace of mind when you shop with us"), "You get peace of mind when you shop with us"): Actual text and expected text of test object 'Object Repository/PDP Element Verification - infant/Page_Enfamil NeuroPro Infant Formula  Enfamil/h2_You get peace of mind when you shop with us' are matched.

2022-04-18 23:24:05 - [MESSAGE][PASSED] - Actual text and expected text of test object 'Object Repository/PDP Element Verification - infant/Page_Enfamil NeuroPro Infant Formula  Enfamil/h2_You get peace of mind when you shop with us' are matched.

2022-04-18 23:24:05 - [TEST_STEP][PASSED] - verifyElementPresent(findTestObject("Object Repository/PDP Element Verification - infant/Page_Enfamil NeuroPro Infant Formula  Enfamil/div_Low price guaranteeFound a lower price _aa77b7"), 0): Object 'Object Repository/PDP Element Verification - infant/Page_Enfamil NeuroPro Infant Formula  Enfamil/div_Low price guaranteeFound a lower price _aa77b7' is present

2022-04-18 23:24:05 - [MESSAGE][WARNING] - Timeout '0' is invalid. Using default page load timeout: '5'

2022-04-18 23:24:05 - [MESSAGE][PASSED] - Object 'Object Repository/PDP Element Verification - infant/Page_Enfamil NeuroPro Infant Formula  Enfamil/div_Low price guaranteeFound a lower price _aa77b7' is present

2022-04-18 23:24:05 - [TEST_STEP][PASSED] - verifyElementPresent(findTestObject("Object Repository/PDP Element Verification - infant/Page_Enfamil NeuroPro Infant Formula  Enfamil/img_1"), 0): Object 'Object Repository/PDP Element Verification - infant/Page_Enfamil NeuroPro Infant Formula  Enfamil/img_1' is present

2022-04-18 23:24:06 - [MESSAGE][WARNING] - Timeout '0' is invalid. Using default page load timeout: '5'

2022-04-18 23:24:06 - [MESSAGE][PASSED] - Object 'Object Repository/PDP Element Verification - infant/Page_Enfamil NeuroPro Infant Formula  Enfamil/img_1' is present

2022-04-18 23:24:06 - [TEST_STEP][PASSED] - verifyElementPresent(findTestObject("Object Repository/PDP Element Verification - infant/Page_Enfamil NeuroPro Infant Formula  Enfamil/p_Found a lower price from another retailer_a05ead"), 0): Object 'Object Repository/PDP Element Verification - infant/Page_Enfamil NeuroPro Infant Formula  Enfamil/p_Found a lower price from another retailer_a05ead' is present

2022-04-18 23:24:06 - [MESSAGE][WARNING] - Timeout '0' is invalid. Using default page load timeout: '5'

2022-04-18 23:24:06 - [MESSAGE][PASSED] - Object 'Object Repository/PDP Element Verification - infant/Page_Enfamil NeuroPro Infant Formula  Enfamil/p_Found a lower price from another retailer_a05ead' is present

2022-04-18 23:24:06 - [TEST_STEP][PASSED] - verifyElementText(findTestObject("Object Repository/PDP Element Verification - infant/Page_Enfamil NeuroPro Infant Formula  Enfamil/p_Found a lower price from another retailer_a05ead"), "Found a lower price from another retailer? We'll offer you a discount to match it or beat it."): Actual text and expected text of test object 'Object Repository/PDP Element Verification - infant/Page_Enfamil NeuroPro Infant Formula  Enfamil/p_Found a lower price from another retailer_a05ead' are matched.

2022-04-18 23:24:07 - [MESSAGE][PASSED] - Actual text and expected text of test object 'Object Repository/PDP Element Verification - infant/Page_Enfamil NeuroPro Infant Formula  Enfamil/p_Found a lower price from another retailer_a05ead' are matched.

2022-04-18 23:24:07 - [TEST_STEP][PASSED] - verifyElementPresent(findTestObject("Object Repository/PDP Element Verification - infant/Page_Enfamil NeuroPro Infant Formula  Enfamil/p_Happiness guarantee"), 0): Object 'Object Repository/PDP Element Verification - infant/Page_Enfamil NeuroPro Infant Formula  Enfamil/p_Happiness guarantee' is present

2022-04-18 23:24:07 - [MESSAGE][WARNING] - Timeout '0' is invalid. Using default page load timeout: '5'

2022-04-18 23:24:07 - [MESSAGE][PASSED] - Object 'Object Repository/PDP Element Verification - infant/Page_Enfamil NeuroPro Infant Formula  Enfamil/p_Happiness guarantee' is present

2022-04-18 23:24:07 - [TEST_STEP][PASSED] - verifyElementPresent(findTestObject("Object Repository/PDP Element Verification - infant/Page_Enfamil NeuroPro Infant Formula  Enfamil/p_Not in love with the product you purchase_4d0df2"), 0): Object 'Object Repository/PDP Element Verification - infant/Page_Enfamil NeuroPro Infant Formula  Enfamil/p_Not in love with the product you purchase_4d0df2' is present

2022-04-18 23:24:07 - [MESSAGE][WARNING] - Timeout '0' is invalid. Using default page load timeout: '5'

2022-04-18 23:24:08 - [MESSAGE][PASSED] - Object 'Object Repository/PDP Element Verification - infant/Page_Enfamil NeuroPro Infant Formula  Enfamil/p_Not in love with the product you purchase_4d0df2' is present

2022-04-18 23:24:08 - [TEST_STEP][PASSED] - verifyElementText(findTestObject("Object Repository/PDP Element Verification - infant/Page_Enfamil NeuroPro Infant Formula  Enfamil/p_Not in love with the product you purchase_4d0df2"), "Not in love with the product you purchased? We'll gladly send you something else to try. Contact us at 1-800-BABY123."): Actual text and expected text of test object 'Object Repository/PDP Element Verification - infant/Page_Enfamil NeuroPro Infant Formula  Enfamil/p_Not in love with the product you purchase_4d0df2' are matched.

2022-04-18 23:24:08 - [MESSAGE][PASSED] - Actual text and expected text of test object 'Object Repository/PDP Element Verification - infant/Page_Enfamil NeuroPro Infant Formula  Enfamil/p_Not in love with the product you purchase_4d0df2' are matched.

2022-04-18 23:24:08 - [TEST_STEP][PASSED] - verifyElementPresent(findTestObject("Object Repository/PDP Element Verification - infant/Page_Enfamil NeuroPro Infant Formula  Enfamil/p_Authenticity guarantee"), 0): Object 'Object Repository/PDP Element Verification - infant/Page_Enfamil NeuroPro Infant Formula  Enfamil/p_Authenticity guarantee' is present

2022-04-18 23:24:08 - [MESSAGE][WARNING] - Timeout '0' is invalid. Using default page load timeout: '5'

2022-04-18 23:24:08 - [MESSAGE][PASSED] - Object 'Object Repository/PDP Element Verification - infant/Page_Enfamil NeuroPro Infant Formula  Enfamil/p_Authenticity guarantee' is present

2022-04-18 23:24:08 - [TEST_STEP][PASSED] - verifyElementPresent(findTestObject("Object Repository/PDP Element Verification - infant/Page_Enfamil NeuroPro Infant Formula  Enfamil/p_Delivered directly from the manufacturer"), 0): Object 'Object Repository/PDP Element Verification - infant/Page_Enfamil NeuroPro Infant Formula  Enfamil/p_Delivered directly from the manufacturer' is present

2022-04-18 23:24:09 - [MESSAGE][WARNING] - Timeout '0' is invalid. Using default page load timeout: '5'

2022-04-18 23:24:09 - [MESSAGE][PASSED] - Object 'Object Repository/PDP Element Verification - infant/Page_Enfamil NeuroPro Infant Formula  Enfamil/p_Delivered directly from the manufacturer' is present

2022-04-18 23:24:09 - [TEST_STEP][PASSED] - verifyElementText(findTestObject("Object Repository/PDP Element Verification - infant/Page_Enfamil NeuroPro Infant Formula  Enfamil/p_Authenticity guarantee"), "Authenticity guarantee"): Actual text and expected text of test object 'Object Repository/PDP Element Verification - infant/Page_Enfamil NeuroPro Infant Formula  Enfamil/p_Authenticity guarantee' are matched.

2022-04-18 23:24:09 - [MESSAGE][PASSED] - Actual text and expected text of test object 'Object Repository/PDP Element Verification - infant/Page_Enfamil NeuroPro Infant Formula  Enfamil/p_Authenticity guarantee' are matched.

2022-04-18 23:24:09 - [TEST_STEP][PASSED] - verifyElementText(findTestObject("Object Repository/PDP Element Verification - infant/Page_Enfamil NeuroPro Infant Formula  Enfamil/p_Delivered directly from the manufacturer"), "Delivered directly from the manufacturer."): Actual text and expected text of test object 'Object Repository/PDP Element Verification - infant/Page_Enfamil NeuroPro Infant Formula  Enfamil/p_Delivered directly from the manufacturer' are matched.

2022-04-18 23:24:10 - [MESSAGE][PASSED] - Actual text and expected text of test object 'Object Repository/PDP Element Verification - infant/Page_Enfamil NeuroPro Infant Formula  Enfamil/p_Delivered directly from the manufacturer' are matched.

2022-04-18 23:24:10 - [TEST_STEP][PASSED] - verifyElementPresent(findTestObject("Object Repository/PDP Element Verification - infant/Page_Enfamil NeuroPro Infant Formula  Enfamil/p_GET THE ULTIMATE GUIDE TO FEEDING YOUR BABY"), 0): Object 'Object Repository/PDP Element Verification - infant/Page_Enfamil NeuroPro Infant Formula  Enfamil/p_GET THE ULTIMATE GUIDE TO FEEDING YOUR BABY' is present

2022-04-18 23:24:10 - [MESSAGE][WARNING] - Timeout '0' is invalid. Using default page load timeout: '5'

2022-04-18 23:24:10 - [MESSAGE][PASSED] - Object 'Object Repository/PDP Element Verification - infant/Page_Enfamil NeuroPro Infant Formula  Enfamil/p_GET THE ULTIMATE GUIDE TO FEEDING YOUR BABY' is present

2022-04-18 23:24:10 - [TEST_STEP][PASSED] - verifyElementText(findTestObject("Object Repository/PDP Element Verification - infant/Page_Enfamil NeuroPro Infant Formula  Enfamil/p_GET THE ULTIMATE GUIDE TO FEEDING YOUR BABY"), "GET THE ULTIMATE GUIDE TO FEEDING YOUR BABY"): Actual text and expected text of test object 'Object Repository/PDP Element Verification - infant/Page_Enfamil NeuroPro Infant Formula  Enfamil/p_GET THE ULTIMATE GUIDE TO FEEDING YOUR BABY' are matched.

2022-04-18 23:24:11 - [MESSAGE][PASSED] - Actual text and expected text of test object 'Object Repository/PDP Element Verification - infant/Page_Enfamil NeuroPro Infant Formula  Enfamil/p_GET THE ULTIMATE GUIDE TO FEEDING YOUR BABY' are matched.

2022-04-18 23:24:11 - [TEST_STEP][PASSED] - verifyElementPresent(findTestObject("Object Repository/PDP Element Verification - infant/Page_Enfamil NeuroPro Infant Formula  Enfamil/p_Bobbies guide on how much to feed, the po_ca0ad1"), 0): Object 'Object Repository/PDP Element Verification - infant/Page_Enfamil NeuroPro Infant Formula  Enfamil/p_Bobbies guide on how much to feed, the po_ca0ad1' is present

2022-04-18 23:24:11 - [MESSAGE][WARNING] - Timeout '0' is invalid. Using default page load timeout: '5'

2022-04-18 23:24:11 - [MESSAGE][PASSED] - Object 'Object Repository/PDP Element Verification - infant/Page_Enfamil NeuroPro Infant Formula  Enfamil/p_Bobbies guide on how much to feed, the po_ca0ad1' is present

2022-04-18 23:24:11 - [TEST_STEP][PASSED] - verifyElementText(findTestObject("Object Repository/PDP Element Verification - infant/Page_Enfamil NeuroPro Infant Formula  Enfamil/p_Bobbies guide on how much to feed, the po_ca0ad1"), "Bobbie's guide on how much to feed, the poop scoop, nipple size, burp tactics, and beyond."): Actual text and expected text of test object 'Object Repository/PDP Element Verification - infant/Page_Enfamil NeuroPro Infant Formula  Enfamil/p_Bobbies guide on how much to feed, the po_ca0ad1' are matched.

2022-04-18 23:24:11 - [MESSAGE][PASSED] - Actual text and expected text of test object 'Object Repository/PDP Element Verification - infant/Page_Enfamil NeuroPro Infant Formula  Enfamil/p_Bobbies guide on how much to feed, the po_ca0ad1' are matched.

2022-04-18 23:24:11 - [TEST_STEP][PASSED] - verifyElementPresent(findTestObject("Object Repository/PDP Element Verification - infant/Page_Enfamil NeuroPro Infant Formula  Enfamil/input_Email_499c80b7-58b9-4c7b-bb7a-7158200e8006"), 0): Object 'Object Repository/PDP Element Verification - infant/Page_Enfamil NeuroPro Infant Formula  Enfamil/input_Email_499c80b7-58b9-4c7b-bb7a-7158200e8006' is present

2022-04-18 23:24:11 - [MESSAGE][WARNING] - Timeout '0' is invalid. Using default page load timeout: '5'

2022-04-18 23:24:12 - [MESSAGE][PASSED] - Object 'Object Repository/PDP Element Verification - infant/Page_Enfamil NeuroPro Infant Formula  Enfamil/input_Email_499c80b7-58b9-4c7b-bb7a-7158200e8006' is present

2022-04-18 23:24:12 - [TEST_STEP][PASSED] - verifyElementClickable(findTestObject("Object Repository/PDP Element Verification - infant/Page_Enfamil NeuroPro Infant Formula  Enfamil/input_Email_499c80b7-58b9-4c7b-bb7a-7158200e8006")): Object 'Object Repository/PDP Element Verification - infant/Page_Enfamil NeuroPro Infant Formula  Enfamil/input_Email_499c80b7-58b9-4c7b-bb7a-7158200e8006' is clickable

2022-04-18 23:24:12 - [MESSAGE][PASSED] - Object 'Object Repository/PDP Element Verification - infant/Page_Enfamil NeuroPro Infant Formula  Enfamil/input_Email_499c80b7-58b9-4c7b-bb7a-7158200e8006' is clickable

2022-04-18 23:24:12 - [TEST_STEP][PASSED] - verifyElementPresent(findTestObject("PDP Element Verification - infant/Page_Enfamil NeuroPro Infant Formula  Enfamil/button_Submit - Copy"), 0): Object 'Object Repository/PDP Element Verification - infant/Page_Enfamil NeuroPro Infant Formula  Enfamil/button_Submit - Copy' is present

2022-04-18 23:24:12 - [MESSAGE][WARNING] - Timeout '0' is invalid. Using default page load timeout: '5'

2022-04-18 23:24:13 - [MESSAGE][PASSED] - Object 'Object Repository/PDP Element Verification - infant/Page_Enfamil NeuroPro Infant Formula  Enfamil/button_Submit - Copy' is present

2022-04-18 23:24:13 - [TEST_STEP][PASSED] - verifyElementPresent(findTestObject("Object Repository/PDP Element Verification - infant/Page_Enfamil NeuroPro Infant Formula  Enfamil/p_Whether supplementing or switching, just _e3ee7e"), 0): Object 'Object Repository/PDP Element Verification - infant/Page_Enfamil NeuroPro Infant Formula  Enfamil/p_Whether supplementing or switching, just _e3ee7e' is present

2022-04-18 23:24:13 - [MESSAGE][WARNING] - Timeout '0' is invalid. Using default page load timeout: '5'

2022-04-18 23:24:13 - [MESSAGE][PASSED] - Object 'Object Repository/PDP Element Verification - infant/Page_Enfamil NeuroPro Infant Formula  Enfamil/p_Whether supplementing or switching, just _e3ee7e' is present

2022-04-18 23:24:13 - [TEST_STEP][PASSED] - verifyElementText(findTestObject("Object Repository/PDP Element Verification - infant/Page_Enfamil NeuroPro Infant Formula  Enfamil/p_Whether supplementing or switching, just _e3ee7e"), "Whether supplementing or switching, just look for brain-building ingredients like DHA."): Actual text and expected text of test object 'Object Repository/PDP Element Verification - infant/Page_Enfamil NeuroPro Infant Formula  Enfamil/p_Whether supplementing or switching, just _e3ee7e' are matched.

2022-04-18 23:24:13 - [MESSAGE][PASSED] - Actual text and expected text of test object 'Object Repository/PDP Element Verification - infant/Page_Enfamil NeuroPro Infant Formula  Enfamil/p_Whether supplementing or switching, just _e3ee7e' are matched.

2022-04-18 23:24:13 - [TEST_STEP][PASSED] - click(findTestObject("Object Repository/PDP Element Verification - infant/Page_Enfamil NeuroPro Infant Formula  Enfamil/button_Next")): Object: 'Object Repository/PDP Element Verification - infant/Page_Enfamil NeuroPro Infant Formula  Enfamil/button_Next' is clicked on

2022-04-18 23:24:14 - [MESSAGE][PASSED] - Object: 'Object Repository/PDP Element Verification - infant/Page_Enfamil NeuroPro Infant Formula  Enfamil/button_Next' is clicked on

2022-04-18 23:24:14 - [TEST_STEP][PASSED] - element2 = findWebElement(findTestObject("Object Repository/PDP Element Verification - infant/Page_Enfamil NeuroPro Infant Formula  Enfamil/button_Next"), 30): null

2022-04-18 23:24:15 - [TEST_STEP][PASSED] - executeJavaScript("arguments[0].click()", Arrays.asList(element2)): Execute JavaScript 'arguments[0].click()' successfully

2022-04-18 23:24:15 - [MESSAGE][PASSED] - Execute JavaScript 'arguments[0].click()' successfully

2022-04-18 23:24:15 - [TEST_STEP][PASSED] - delay(5): Delayed 5 second(s)

2022-04-18 23:24:20 - [MESSAGE][PASSED] - Delayed 5 second(s)

2022-04-18 23:24:20 - [TEST_STEP][PASSED] - verifyElementPresent(findTestObject("Object Repository/PDP Element Verification - infant/Page_Enfamil NeuroPro Infant Formula  Enfamil/p_Whether supplementing or switching, just _e3ee7e"), 0): Object 'Object Repository/PDP Element Verification - infant/Page_Enfamil NeuroPro Infant Formula  Enfamil/p_Whether supplementing or switching, just _e3ee7e' is present

2022-04-18 23:24:20 - [MESSAGE][WARNING] - Timeout '0' is invalid. Using default page load timeout: '5'

2022-04-18 23:24:20 - [MESSAGE][PASSED] - Object 'Object Repository/PDP Element Verification - infant/Page_Enfamil NeuroPro Infant Formula  Enfamil/p_Whether supplementing or switching, just _e3ee7e' is present

2022-04-18 23:24:20 - [TEST_STEP][PASSED] - verifyElementText(findTestObject("Object Repository/PDP Element Verification - infant/Page_Enfamil NeuroPro Infant Formula  Enfamil/p_Whether supplementing or switching, just _e3ee7e"), "Whether supplementing or switching, just look for brain-building ingredients like DHA."): Actual text and expected text of test object 'Object Repository/PDP Element Verification - infant/Page_Enfamil NeuroPro Infant Formula  Enfamil/p_Whether supplementing or switching, just _e3ee7e' are matched.

2022-04-18 23:24:20 - [MESSAGE][PASSED] - Actual text and expected text of test object 'Object Repository/PDP Element Verification - infant/Page_Enfamil NeuroPro Infant Formula  Enfamil/p_Whether supplementing or switching, just _e3ee7e' are matched.

2022-04-18 23:24:20 - [TEST_STEP][PASSED] - scrollToElement(findTestObject("Object Repository/PDP Element Verification - infant/Page_Enfamil NeuroPro Infant Formula  Enfamil/h2_Customers also viewed"), 0): Scroll to object 'Object Repository/PDP Element Verification - infant/Page_Enfamil NeuroPro Infant Formula  Enfamil/h2_Customers also viewed' successfully

2022-04-18 23:24:21 - [MESSAGE][WARNING] - Timeout '0' is invalid. Using default page load timeout: '5'

2022-04-18 23:24:21 - [MESSAGE][PASSED] - Scroll to object 'Object Repository/PDP Element Verification - infant/Page_Enfamil NeuroPro Infant Formula  Enfamil/h2_Customers also viewed' successfully

2022-04-18 23:24:21 - [TEST_STEP][PASSED] - verifyElementPresent(findTestObject("Object Repository/PDP Element Verification - infant/Page_Enfamil NeuroPro Infant Formula  Enfamil/h2_Customers also viewed"), 0): Object 'Object Repository/PDP Element Verification - infant/Page_Enfamil NeuroPro Infant Formula  Enfamil/h2_Customers also viewed' is present

2022-04-18 23:24:21 - [MESSAGE][WARNING] - Timeout '0' is invalid. Using default page load timeout: '5'

2022-04-18 23:24:22 - [MESSAGE][PASSED] - Object 'Object Repository/PDP Element Verification - infant/Page_Enfamil NeuroPro Infant Formula  Enfamil/h2_Customers also viewed' is present

2022-04-18 23:24:22 - [TEST_STEP][PASSED] - verifyElementText(findTestObject("Object Repository/PDP Element Verification - infant/Page_Enfamil NeuroPro Infant Formula  Enfamil/h2_Customers also viewed"), "Customers also viewed"): Actual text and expected text of test object 'Object Repository/PDP Element Verification - infant/Page_Enfamil NeuroPro Infant Formula  Enfamil/h2_Customers also viewed' are matched.

2022-04-18 23:24:22 - [MESSAGE][PASSED] - Actual text and expected text of test object 'Object Repository/PDP Element Verification - infant/Page_Enfamil NeuroPro Infant Formula  Enfamil/h2_Customers also viewed' are matched.

2022-04-18 23:24:22 - [TEST_STEP][PASSED] - verifyElementPresent(findTestObject("Object Repository/PDP Element Verification - infant/Page_Enfamil NeuroPro Infant Formula  Enfamil/span_For fussiness, crying, gas and spit-up"), 0): Object 'Object Repository/PDP Element Verification - infant/Page_Enfamil NeuroPro Infant Formula  Enfamil/span_For fussiness, crying, gas and spit-up' is present

2022-04-18 23:24:22 - [MESSAGE][WARNING] - Timeout '0' is invalid. Using default page load timeout: '5'

2022-04-18 23:24:23 - [MESSAGE][PASSED] - Object 'Object Repository/PDP Element Verification - infant/Page_Enfamil NeuroPro Infant Formula  Enfamil/span_For fussiness, crying, gas and spit-up' is present

2022-04-18 23:24:23 - [TEST_STEP][PASSED] - verifyElementPresent(findTestObject("Object Repository/PDP Element Verification - infant/Page_Enfamil NeuroPro Infant Formula  Enfamil/img_For fussiness, crying, gas and spit-up__bc70d2"), 0): Object 'Object Repository/PDP Element Verification - infant/Page_Enfamil NeuroPro Infant Formula  Enfamil/img_For fussiness, crying, gas and spit-up__bc70d2' is present

2022-04-18 23:24:23 - [MESSAGE][WARNING] - Timeout '0' is invalid. Using default page load timeout: '5'

2022-04-18 23:24:23 - [MESSAGE][PASSED] - Object 'Object Repository/PDP Element Verification - infant/Page_Enfamil NeuroPro Infant Formula  Enfamil/img_For fussiness, crying, gas and spit-up__bc70d2' is present

2022-04-18 23:24:23 - [TEST_STEP][PASSED] - verifyElementPresent(findTestObject("Object Repository/PDP Element Verification - infant/Page_Enfamil NeuroPro Infant Formula  Enfamil/div_Enfamil NeuroPro Gentlease Infant Formula"), 0): Object 'Object Repository/PDP Element Verification - infant/Page_Enfamil NeuroPro Infant Formula  Enfamil/div_Enfamil NeuroPro Gentlease Infant Formula' is present

2022-04-18 23:24:23 - [MESSAGE][WARNING] - Timeout '0' is invalid. Using default page load timeout: '5'

2022-04-18 23:24:23 - [MESSAGE][PASSED] - Object 'Object Repository/PDP Element Verification - infant/Page_Enfamil NeuroPro Infant Formula  Enfamil/div_Enfamil NeuroPro Gentlease Infant Formula' is present

2022-04-18 23:24:23 - [TEST_STEP][PASSED] - verifyElementText(findTestObject("Object Repository/PDP Element Verification - infant/Page_Enfamil NeuroPro Infant Formula  Enfamil/div_Enfamil NeuroPro Gentlease Infant Formula"), "Enfamil NeuroPro Gentlease Infant Formula"): Actual text and expected text of test object 'Object Repository/PDP Element Verification - infant/Page_Enfamil NeuroPro Infant Formula  Enfamil/div_Enfamil NeuroPro Gentlease Infant Formula' are matched.

2022-04-18 23:24:24 - [MESSAGE][PASSED] - Actual text and expected text of test object 'Object Repository/PDP Element Verification - infant/Page_Enfamil NeuroPro Infant Formula  Enfamil/div_Enfamil NeuroPro Gentlease Infant Formula' are matched.

2022-04-18 23:24:24 - [TEST_STEP][PASSED] - verifyElementPresent(findTestObject("Object Repository/PDP Element Verification - infant/Page_Enfamil NeuroPro Infant Formula  Enfamil/a_Shop Now"), 0): Object 'Object Repository/PDP Element Verification - infant/Page_Enfamil NeuroPro Infant Formula  Enfamil/a_Shop Now' is present

2022-04-18 23:24:24 - [MESSAGE][WARNING] - Timeout '0' is invalid. Using default page load timeout: '5'

2022-04-18 23:24:24 - [MESSAGE][PASSED] - Object 'Object Repository/PDP Element Verification - infant/Page_Enfamil NeuroPro Infant Formula  Enfamil/a_Shop Now' is present

2022-04-18 23:24:24 - [TEST_STEP][PASSED] - verifyElementClickable(findTestObject("Object Repository/PDP Element Verification - infant/Page_Enfamil NeuroPro Infant Formula  Enfamil/a_Shop Now")): Object 'Object Repository/PDP Element Verification - infant/Page_Enfamil NeuroPro Infant Formula  Enfamil/a_Shop Now' is clickable

2022-04-18 23:24:25 - [MESSAGE][PASSED] - Object 'Object Repository/PDP Element Verification - infant/Page_Enfamil NeuroPro Infant Formula  Enfamil/a_Shop Now' is clickable

2022-04-18 23:24:25 - [TEST_STEP][PASSED] - verifyElementPresent(findTestObject("Object Repository/PDP Element Verification - infant/Page_Enfamil NeuroPro Infant Formula  Enfamil/span_Compare"), 0): Object 'Object Repository/PDP Element Verification - infant/Page_Enfamil NeuroPro Infant Formula  Enfamil/span_Compare' is present

2022-04-18 23:24:25 - [MESSAGE][WARNING] - Timeout '0' is invalid. Using default page load timeout: '5'

2022-04-18 23:24:25 - [MESSAGE][PASSED] - Object 'Object Repository/PDP Element Verification - infant/Page_Enfamil NeuroPro Infant Formula  Enfamil/span_Compare' is present

2022-04-18 23:24:25 - [TEST_STEP][PASSED] - verifyElementClickable(findTestObject("Object Repository/PDP Element Verification - infant/Page_Enfamil NeuroPro Infant Formula  Enfamil/span_Compare")): Object 'Object Repository/PDP Element Verification - infant/Page_Enfamil NeuroPro Infant Formula  Enfamil/span_Compare' is clickable

2022-04-18 23:24:26 - [MESSAGE][PASSED] - Object 'Object Repository/PDP Element Verification - infant/Page_Enfamil NeuroPro Infant Formula  Enfamil/span_Compare' is clickable

2022-04-18 23:24:26 - [TEST_STEP][PASSED] - verifyElementPresent(findTestObject("Object Repository/PDP Element Verification - infant/Page_Enfamil NeuroPro Infant Formula  Enfamil/span_For sensitive tummies"), 0): Object 'Object Repository/PDP Element Verification - infant/Page_Enfamil NeuroPro Infant Formula  Enfamil/span_For sensitive tummies' is present

2022-04-18 23:24:26 - [MESSAGE][WARNING] - Timeout '0' is invalid. Using default page load timeout: '5'

2022-04-18 23:24:26 - [MESSAGE][PASSED] - Object 'Object Repository/PDP Element Verification - infant/Page_Enfamil NeuroPro Infant Formula  Enfamil/span_For sensitive tummies' is present

2022-04-18 23:24:26 - [TEST_STEP][PASSED] - verifyElementPresent(findTestObject("Object Repository/PDP Element Verification - infant/Page_Enfamil NeuroPro Infant Formula  Enfamil/img_For sensitive tummies_product-item__image-flip"), 0): Object 'Object Repository/PDP Element Verification - infant/Page_Enfamil NeuroPro Infant Formula  Enfamil/img_For sensitive tummies_product-item__image-flip' is present

2022-04-18 23:24:26 - [MESSAGE][WARNING] - Timeout '0' is invalid. Using default page load timeout: '5'

2022-04-18 23:24:27 - [MESSAGE][PASSED] - Object 'Object Repository/PDP Element Verification - infant/Page_Enfamil NeuroPro Infant Formula  Enfamil/img_For sensitive tummies_product-item__image-flip' is present

2022-04-18 23:24:27 - [TEST_STEP][PASSED] - verifyElementPresent(findTestObject("Object Repository/PDP Element Verification - infant/Page_Enfamil NeuroPro Infant Formula  Enfamil/div_Enfamil NeuroPro Sensitive Infant Formula"), 0): Object 'Object Repository/PDP Element Verification - infant/Page_Enfamil NeuroPro Infant Formula  Enfamil/div_Enfamil NeuroPro Sensitive Infant Formula' is present

2022-04-18 23:24:27 - [MESSAGE][WARNING] - Timeout '0' is invalid. Using default page load timeout: '5'

2022-04-18 23:24:27 - [MESSAGE][PASSED] - Object 'Object Repository/PDP Element Verification - infant/Page_Enfamil NeuroPro Infant Formula  Enfamil/div_Enfamil NeuroPro Sensitive Infant Formula' is present

2022-04-18 23:24:27 - [TEST_STEP][PASSED] - verifyElementText(findTestObject("Object Repository/PDP Element Verification - infant/Page_Enfamil NeuroPro Infant Formula  Enfamil/div_Enfamil NeuroPro Sensitive Infant Formula"), "Enfamil NeuroPro Sensitive Infant Formula"): Actual text and expected text of test object 'Object Repository/PDP Element Verification - infant/Page_Enfamil NeuroPro Infant Formula  Enfamil/div_Enfamil NeuroPro Sensitive Infant Formula' are matched.

2022-04-18 23:24:28 - [MESSAGE][PASSED] - Actual text and expected text of test object 'Object Repository/PDP Element Verification - infant/Page_Enfamil NeuroPro Infant Formula  Enfamil/div_Enfamil NeuroPro Sensitive Infant Formula' are matched.

2022-04-18 23:24:28 - [TEST_STEP][PASSED] - verifyElementPresent(findTestObject("Object Repository/PDP Element Verification - infant/Page_Enfamil NeuroPro Infant Formula  Enfamil/a_Shop Now_1"), 0): Object 'Object Repository/PDP Element Verification - infant/Page_Enfamil NeuroPro Infant Formula  Enfamil/a_Shop Now_1' is present

2022-04-18 23:24:28 - [MESSAGE][WARNING] - Timeout '0' is invalid. Using default page load timeout: '5'

2022-04-18 23:24:28 - [MESSAGE][PASSED] - Object 'Object Repository/PDP Element Verification - infant/Page_Enfamil NeuroPro Infant Formula  Enfamil/a_Shop Now_1' is present

2022-04-18 23:24:28 - [TEST_STEP][PASSED] - verifyElementText(findTestObject("Object Repository/PDP Element Verification - infant/Page_Enfamil NeuroPro Infant Formula  Enfamil/a_Shop Now_1"), "Shop Now"): Actual text and expected text of test object 'Object Repository/PDP Element Verification - infant/Page_Enfamil NeuroPro Infant Formula  Enfamil/a_Shop Now_1' are matched.

2022-04-18 23:24:28 - [MESSAGE][PASSED] - Actual text and expected text of test object 'Object Repository/PDP Element Verification - infant/Page_Enfamil NeuroPro Infant Formula  Enfamil/a_Shop Now_1' are matched.

2022-04-18 23:24:28 - [TEST_STEP][PASSED] - verifyElementPresent(findTestObject("PDP Element Verification - infant/Page_Enfamil NeuroPro Infant Formula  Enfamil/span_Compare - Copy"), 0): Object 'Object Repository/PDP Element Verification - infant/Page_Enfamil NeuroPro Infant Formula  Enfamil/span_Compare - Copy' is present

2022-04-18 23:24:28 - [MESSAGE][WARNING] - Timeout '0' is invalid. Using default page load timeout: '5'

2022-04-18 23:24:29 - [MESSAGE][PASSED] - Object 'Object Repository/PDP Element Verification - infant/Page_Enfamil NeuroPro Infant Formula  Enfamil/span_Compare - Copy' is present

2022-04-18 23:24:29 - [TEST_STEP][PASSED] - verifyElementClickable(findTestObject("PDP Element Verification - infant/Page_Enfamil NeuroPro Infant Formula  Enfamil/span_Compare - Copy")): Object 'Object Repository/PDP Element Verification - infant/Page_Enfamil NeuroPro Infant Formula  Enfamil/span_Compare - Copy' is clickable

2022-04-18 23:24:29 - [MESSAGE][PASSED] - Object 'Object Repository/PDP Element Verification - infant/Page_Enfamil NeuroPro Infant Formula  Enfamil/span_Compare - Copy' is clickable

2022-04-18 23:24:29 - [TEST_STEP][PASSED] - verifyElementPresent(findTestObject("Object Repository/PDP Element Verification - infant/Page_Enfamil NeuroPro Infant Formula  Enfamil/span_For babies born prematurely transition_487dc7"), 0): Object 'Object Repository/PDP Element Verification - infant/Page_Enfamil NeuroPro Infant Formula  Enfamil/span_For babies born prematurely transition_487dc7' is present

2022-04-18 23:24:29 - [MESSAGE][WARNING] - Timeout '0' is invalid. Using default page load timeout: '5'

2022-04-18 23:24:30 - [MESSAGE][PASSED] - Object 'Object Repository/PDP Element Verification - infant/Page_Enfamil NeuroPro Infant Formula  Enfamil/span_For babies born prematurely transition_487dc7' is present

2022-04-18 23:24:30 - [TEST_STEP][PASSED] - verifyElementPresent(findTestObject("Object Repository/PDP Element Verification - infant/Page_Enfamil NeuroPro Infant Formula  Enfamil/img_For babies born prematurely transitioni_e65a08"), 0): Object 'Object Repository/PDP Element Verification - infant/Page_Enfamil NeuroPro Infant Formula  Enfamil/img_For babies born prematurely transitioni_e65a08' is present

2022-04-18 23:24:30 - [MESSAGE][WARNING] - Timeout '0' is invalid. Using default page load timeout: '5'

2022-04-18 23:24:30 - [MESSAGE][PASSED] - Object 'Object Repository/PDP Element Verification - infant/Page_Enfamil NeuroPro Infant Formula  Enfamil/img_For babies born prematurely transitioni_e65a08' is present

2022-04-18 23:24:30 - [TEST_STEP][PASSED] - verifyElementPresent(findTestObject("Object Repository/PDP Element Verification - infant/Page_Enfamil NeuroPro Infant Formula  Enfamil/div_Enfamil NeuroPro EnfaCare Infant Formula"), 0): Object 'Object Repository/PDP Element Verification - infant/Page_Enfamil NeuroPro Infant Formula  Enfamil/div_Enfamil NeuroPro EnfaCare Infant Formula' is present

2022-04-18 23:24:30 - [MESSAGE][WARNING] - Timeout '0' is invalid. Using default page load timeout: '5'

2022-04-18 23:24:30 - [MESSAGE][PASSED] - Object 'Object Repository/PDP Element Verification - infant/Page_Enfamil NeuroPro Infant Formula  Enfamil/div_Enfamil NeuroPro EnfaCare Infant Formula' is present

2022-04-18 23:24:30 - [TEST_STEP][PASSED] - verifyElementClickable(findTestObject("Object Repository/PDP Element Verification - infant/Page_Enfamil NeuroPro Infant Formula  Enfamil/div_Enfamil NeuroPro EnfaCare Infant Formula")): Object 'Object Repository/PDP Element Verification - infant/Page_Enfamil NeuroPro Infant Formula  Enfamil/div_Enfamil NeuroPro EnfaCare Infant Formula' is clickable

2022-04-18 23:24:31 - [MESSAGE][PASSED] - Object 'Object Repository/PDP Element Verification - infant/Page_Enfamil NeuroPro Infant Formula  Enfamil/div_Enfamil NeuroPro EnfaCare Infant Formula' is clickable

2022-04-18 23:24:31 - [TEST_STEP][PASSED] - verifyElementPresent(findTestObject("Object Repository/PDP Element Verification - infant/Page_Enfamil NeuroPro Infant Formula  Enfamil/a_Shop Now_1_2"), 0): Object 'Object Repository/PDP Element Verification - infant/Page_Enfamil NeuroPro Infant Formula  Enfamil/a_Shop Now_1_2' is present

2022-04-18 23:24:31 - [MESSAGE][WARNING] - Timeout '0' is invalid. Using default page load timeout: '5'

2022-04-18 23:24:31 - [MESSAGE][PASSED] - Object 'Object Repository/PDP Element Verification - infant/Page_Enfamil NeuroPro Infant Formula  Enfamil/a_Shop Now_1_2' is present

2022-04-18 23:24:31 - [TEST_STEP][PASSED] - verifyElementClickable(findTestObject("Object Repository/PDP Element Verification - infant/Page_Enfamil NeuroPro Infant Formula  Enfamil/span_Shop Now")): Object 'Object Repository/PDP Element Verification - infant/Page_Enfamil NeuroPro Infant Formula  Enfamil/span_Shop Now' is clickable

2022-04-18 23:24:32 - [MESSAGE][PASSED] - Object 'Object Repository/PDP Element Verification - infant/Page_Enfamil NeuroPro Infant Formula  Enfamil/span_Shop Now' is clickable

2022-04-18 23:24:32 - [TEST_STEP][PASSED] - verifyElementPresent(findTestObject("PDP Element Verification - infant/Page_Enfamil NeuroPro Infant Formula  Enfamil/span_Compare - Copy (1)"), 0): Object 'Object Repository/PDP Element Verification - infant/Page_Enfamil NeuroPro Infant Formula  Enfamil/span_Compare - Copy (1)' is present

2022-04-18 23:24:32 - [MESSAGE][WARNING] - Timeout '0' is invalid. Using default page load timeout: '5'

2022-04-18 23:24:32 - [MESSAGE][PASSED] - Object 'Object Repository/PDP Element Verification - infant/Page_Enfamil NeuroPro Infant Formula  Enfamil/span_Compare - Copy (1)' is present

2022-04-18 23:24:32 - [TEST_STEP][PASSED] - verifyElementText(findTestObject("PDP Element Verification - infant/Page_Enfamil NeuroPro Infant Formula  Enfamil/span_Compare - Copy (1)"), "Compare"): Actual text and expected text of test object 'Object Repository/PDP Element Verification - infant/Page_Enfamil NeuroPro Infant Formula  Enfamil/span_Compare - Copy (1)' are matched.

2022-04-18 23:24:32 - [MESSAGE][PASSED] - Actual text and expected text of test object 'Object Repository/PDP Element Verification - infant/Page_Enfamil NeuroPro Infant Formula  Enfamil/span_Compare - Copy (1)' are matched.

2022-04-18 23:24:32 - [TEST_STEP][PASSED] - closeBrowser(): Browser is closed

2022-04-18 23:24:34 - [MESSAGE][PASSED] - Browser is closed]]></system-out>
         <system-err><![CDATA[]]></system-err>
      </testcase>
      <testcase name="Test Cases/Venkat/Forms Verification/Contact Us - Form Verification" time="39.419" classname="Test Cases/Venkat/Forms Verification/Contact Us - Form Verification" status="PASSED">
         <system-out><![CDATA[2022-04-18 23:24:34 - [TEST_CASE][PASSED] - Test Cases/Venkat/Forms Verification/Contact Us - Form Verification: Test Cases/Venkat/Forms Verification/Contact Us - Form Verification

2022-04-18 23:24:34 - [TEST_STEP][PASSED] - openBrowser(""): Browser is opened with url: ''

2022-04-18 23:24:34 - [MESSAGE][INFO] - Starting 'Chrome' driver

2022-04-18 23:24:34 - [MESSAGE][INFO] - Action delay is set to 0 milliseconds

2022-04-18 23:24:36 - [MESSAGE][PASSED] - Browser is opened with url: ''

2022-04-18 23:24:36 - [TEST_STEP][PASSED] - navigateToUrl(ContactUs): Navigate to 'https://enfamil-us.cdn.test.us-east-1.starterkit.rbcloud.io/contact-us/' successfully

2022-04-18 23:24:38 - [MESSAGE][PASSED] - Navigate to 'https://enfamil-us.cdn.test.us-east-1.starterkit.rbcloud.io/contact-us/' successfully

2022-04-18 23:24:38 - [TEST_STEP][PASSED] - maximizeWindow(): Current window maximized

2022-04-18 23:24:38 - [MESSAGE][PASSED] - Current window maximized

2022-04-18 23:24:38 - [TEST_STEP][PASSED] - delay(5): Delayed 5 second(s)

2022-04-18 23:24:43 - [MESSAGE][PASSED] - Delayed 5 second(s)

2022-04-18 23:24:43 - [TEST_STEP][PASSED] - waitForElementVisible(findTestObject("Object Repository/Form Verification/Page_/h2_Contact Us"), 0): Object 'Object Repository/Form Verification/Page_/h2_Contact Us' is visible

2022-04-18 23:24:44 - [MESSAGE][WARNING] - Timeout '0' is invalid. Using default page load timeout: '5'

2022-04-18 23:24:46 - [MESSAGE][PASSED] - Object 'Object Repository/Form Verification/Page_/h2_Contact Us' is visible

2022-04-18 23:24:46 - [TEST_STEP][PASSED] - verifyElementPresent(findTestObject("Object Repository/Form Verification/Page_/span_Contact Us"), 0): Object 'Object Repository/Form Verification/Page_/span_Contact Us' is present

2022-04-18 23:24:47 - [MESSAGE][WARNING] - Timeout '0' is invalid. Using default page load timeout: '5'

2022-04-18 23:24:47 - [MESSAGE][PASSED] - Object 'Object Repository/Form Verification/Page_/span_Contact Us' is present

2022-04-18 23:24:47 - [TEST_STEP][PASSED] - verifyElementPresent(findTestObject("Object Repository/Form Verification/Page_/h2_Contact Us"), 0): Object 'Object Repository/Form Verification/Page_/h2_Contact Us' is present

2022-04-18 23:24:47 - [MESSAGE][WARNING] - Timeout '0' is invalid. Using default page load timeout: '5'

2022-04-18 23:24:48 - [MESSAGE][PASSED] - Object 'Object Repository/Form Verification/Page_/h2_Contact Us' is present

2022-04-18 23:24:48 - [TEST_STEP][PASSED] - verifyElementPresent(findTestObject("Object Repository/Form Verification/Page_/h3_Thank you for your interest in the Enfam_7b10da"), 0): Object 'Object Repository/Form Verification/Page_/h3_Thank you for your interest in the Enfam_7b10da' is present

2022-04-18 23:24:48 - [MESSAGE][WARNING] - Timeout '0' is invalid. Using default page load timeout: '5'

2022-04-18 23:24:48 - [MESSAGE][PASSED] - Object 'Object Repository/Form Verification/Page_/h3_Thank you for your interest in the Enfam_7b10da' is present

2022-04-18 23:24:48 - [TEST_STEP][PASSED] - verifyElementText(findTestObject("Object Repository/Form Verification/Page_/h3_Thank you for your interest in the Enfam_7b10da"), "Thank you for your interest in the Enfamil Family of Formulasâ„¢."): Actual text and expected text of test object 'Object Repository/Form Verification/Page_/h3_Thank you for your interest in the Enfam_7b10da' are matched.

2022-04-18 23:24:49 - [MESSAGE][PASSED] - Actual text and expected text of test object 'Object Repository/Form Verification/Page_/h3_Thank you for your interest in the Enfam_7b10da' are matched.

2022-04-18 23:24:49 - [TEST_STEP][PASSED] - verifyElementPresent(findTestObject("Object Repository/Form Verification/Page_/span_If you have a question about our produ_57c769"), 0): Object 'Object Repository/Form Verification/Page_/span_If you have a question about our produ_57c769' is present

2022-04-18 23:24:49 - [MESSAGE][WARNING] - Timeout '0' is invalid. Using default page load timeout: '5'

2022-04-18 23:24:49 - [MESSAGE][PASSED] - Object 'Object Repository/Form Verification/Page_/span_If you have a question about our produ_57c769' is present

2022-04-18 23:24:49 - [TEST_STEP][PASSED] - verifyElementText(findTestObject("Object Repository/Form Verification/Page_/span_If you have a question about our produ_57c769"), "If you have a question about our products, company or services, please check out our Help Center or Store locator."): Actual text and expected text of test object 'Object Repository/Form Verification/Page_/span_If you have a question about our produ_57c769' are matched.

2022-04-18 23:24:49 - [MESSAGE][PASSED] - Actual text and expected text of test object 'Object Repository/Form Verification/Page_/span_If you have a question about our produ_57c769' are matched.

2022-04-18 23:24:49 - [TEST_STEP][PASSED] - verifyElementPresent(findTestObject("Object Repository/Form Verification/Page_/p_If you still havent found what you are lo_8b6a86"), 0): Object 'Object Repository/Form Verification/Page_/p_If you still havent found what you are lo_8b6a86' is present

2022-04-18 23:24:50 - [MESSAGE][WARNING] - Timeout '0' is invalid. Using default page load timeout: '5'

2022-04-18 23:24:50 - [MESSAGE][PASSED] - Object 'Object Repository/Form Verification/Page_/p_If you still havent found what you are lo_8b6a86' is present

2022-04-18 23:24:50 - [TEST_STEP][PASSED] - verifyElementText(findTestObject("Object Repository/Form Verification/Page_/p_If you still havent found what you are lo_8b6a86"), "If you still haven't found what you are looking for or have a comment about our products or company services, please fill out this form. For an immediate response, please call 1-800-BABY123."): Actual text and expected text of test object 'Object Repository/Form Verification/Page_/p_If you still havent found what you are lo_8b6a86' are matched.

2022-04-18 23:24:50 - [MESSAGE][PASSED] - Actual text and expected text of test object 'Object Repository/Form Verification/Page_/p_If you still havent found what you are lo_8b6a86' are matched.

2022-04-18 23:24:50 - [TEST_STEP][PASSED] - verifyElementPresent(findTestObject("Object Repository/Form Verification/Page_/p_If you have any questions about Mead John_48fc50"), 0): Object 'Object Repository/Form Verification/Page_/p_If you have any questions about Mead John_48fc50' is present

2022-04-18 23:24:50 - [MESSAGE][WARNING] - Timeout '0' is invalid. Using default page load timeout: '5'

2022-04-18 23:24:51 - [MESSAGE][PASSED] - Object 'Object Repository/Form Verification/Page_/p_If you have any questions about Mead John_48fc50' is present

2022-04-18 23:24:51 - [TEST_STEP][PASSED] - verifyElementText(findTestObject("Object Repository/Form Verification/Page_/p_If you have any questions about Mead John_48fc50"), "If you have any questions about Mead Johnson products sold outside the U.S., please go to meadjohnson.com."): Actual text and expected text of test object 'Object Repository/Form Verification/Page_/p_If you have any questions about Mead John_48fc50' are matched.

2022-04-18 23:24:51 - [MESSAGE][PASSED] - Actual text and expected text of test object 'Object Repository/Form Verification/Page_/p_If you have any questions about Mead John_48fc50' are matched.

2022-04-18 23:24:51 - [TEST_STEP][PASSED] - verifyElementPresent(findTestObject("Object Repository/Form Verification/Page_/p_Required fields"), 0): Object 'Object Repository/Form Verification/Page_/p_Required fields' is present

2022-04-18 23:24:51 - [MESSAGE][WARNING] - Timeout '0' is invalid. Using default page load timeout: '5'

2022-04-18 23:24:52 - [MESSAGE][PASSED] - Object 'Object Repository/Form Verification/Page_/p_Required fields' is present

2022-04-18 23:24:52 - [TEST_STEP][PASSED] - verifyElementText(findTestObject("Object Repository/Form Verification/Page_/p_Required fields"), "*Required fields"): Actual text and expected text of test object 'Object Repository/Form Verification/Page_/p_Required fields' are matched.

2022-04-18 23:24:52 - [MESSAGE][PASSED] - Actual text and expected text of test object 'Object Repository/Form Verification/Page_/p_Required fields' are matched.

2022-04-18 23:24:52 - [TEST_STEP][PASSED] - verifyElementPresent(findTestObject("Object Repository/Form Verification/Page_/label_Email"), 0): Object 'Object Repository/Form Verification/Page_/label_Email' is present

2022-04-18 23:24:52 - [MESSAGE][WARNING] - Timeout '0' is invalid. Using default page load timeout: '5'

2022-04-18 23:24:53 - [MESSAGE][PASSED] - Object 'Object Repository/Form Verification/Page_/label_Email' is present

2022-04-18 23:24:53 - [TEST_STEP][PASSED] - verifyElementPresent(findTestObject("Object Repository/Form Verification/Page_/label_Confirm Email"), 0): Object 'Object Repository/Form Verification/Page_/label_Confirm Email' is present

2022-04-18 23:24:53 - [MESSAGE][WARNING] - Timeout '0' is invalid. Using default page load timeout: '5'

2022-04-18 23:24:53 - [MESSAGE][PASSED] - Object 'Object Repository/Form Verification/Page_/label_Confirm Email' is present

2022-04-18 23:24:53 - [TEST_STEP][PASSED] - verifyElementPresent(findTestObject("Object Repository/Form Verification/Page_/label_First Name"), 0): Object 'Object Repository/Form Verification/Page_/label_First Name' is present

2022-04-18 23:24:53 - [MESSAGE][WARNING] - Timeout '0' is invalid. Using default page load timeout: '5'

2022-04-18 23:24:53 - [MESSAGE][PASSED] - Object 'Object Repository/Form Verification/Page_/label_First Name' is present

2022-04-18 23:24:53 - [TEST_STEP][PASSED] - verifyElementPresent(findTestObject("Object Repository/Form Verification/Page_/label_Last Name"), 0): Object 'Object Repository/Form Verification/Page_/label_Last Name' is present

2022-04-18 23:24:53 - [MESSAGE][WARNING] - Timeout '0' is invalid. Using default page load timeout: '5'

2022-04-18 23:24:54 - [MESSAGE][PASSED] - Object 'Object Repository/Form Verification/Page_/label_Last Name' is present

2022-04-18 23:24:54 - [TEST_STEP][PASSED] - verifyElementPresent(findTestObject("Object Repository/Form Verification/Page_/label_Subject"), 0): Object 'Object Repository/Form Verification/Page_/label_Subject' is present

2022-04-18 23:24:54 - [MESSAGE][WARNING] - Timeout '0' is invalid. Using default page load timeout: '5'

2022-04-18 23:24:54 - [MESSAGE][PASSED] - Object 'Object Repository/Form Verification/Page_/label_Subject' is present

2022-04-18 23:24:54 - [TEST_STEP][PASSED] - verifyElementPresent(findTestObject("Object Repository/Form Verification/Page_/button_Submit"), 0): Object 'Object Repository/Form Verification/Page_/button_Submit' is present

2022-04-18 23:24:54 - [MESSAGE][WARNING] - Timeout '0' is invalid. Using default page load timeout: '5'

2022-04-18 23:24:55 - [MESSAGE][PASSED] - Object 'Object Repository/Form Verification/Page_/button_Submit' is present

2022-04-18 23:24:55 - [TEST_STEP][PASSED] - verifyElementPresent(findTestObject("Object Repository/Form Verification/Page_/a_Help Center"), 0): Object 'Object Repository/Form Verification/Page_/a_Help Center' is present

2022-04-18 23:24:55 - [MESSAGE][WARNING] - Timeout '0' is invalid. Using default page load timeout: '5'

2022-04-18 23:24:55 - [MESSAGE][PASSED] - Object 'Object Repository/Form Verification/Page_/a_Help Center' is present

2022-04-18 23:24:55 - [TEST_STEP][PASSED] - verifyElementPresent(findTestObject("Object Repository/Form Verification/Page_/a_Store locator"), 0): Object 'Object Repository/Form Verification/Page_/a_Store locator' is present

2022-04-18 23:24:55 - [MESSAGE][WARNING] - Timeout '0' is invalid. Using default page load timeout: '5'

2022-04-18 23:24:56 - [MESSAGE][PASSED] - Object 'Object Repository/Form Verification/Page_/a_Store locator' is present

2022-04-18 23:24:56 - [TEST_STEP][PASSED] - verifyElementPresent(findTestObject("Object Repository/Form Verification/Page_/a_meadjohnson.com"), 0): Object 'Object Repository/Form Verification/Page_/a_meadjohnson.com' is present

2022-04-18 23:24:56 - [MESSAGE][WARNING] - Timeout '0' is invalid. Using default page load timeout: '5'

2022-04-18 23:24:56 - [MESSAGE][PASSED] - Object 'Object Repository/Form Verification/Page_/a_meadjohnson.com' is present

2022-04-18 23:24:56 - [TEST_STEP][PASSED] - verifyElementPresent(findTestObject("Object Repository/Form Verification/Page_/input_Email_76f67e59-fbad-4da9-8a9c-f5c7dd24d4e5"), 0): Object 'Object Repository/Form Verification/Page_/input_Email_76f67e59-fbad-4da9-8a9c-f5c7dd24d4e5' is present

2022-04-18 23:24:56 - [MESSAGE][WARNING] - Timeout '0' is invalid. Using default page load timeout: '5'

2022-04-18 23:24:56 - [MESSAGE][PASSED] - Object 'Object Repository/Form Verification/Page_/input_Email_76f67e59-fbad-4da9-8a9c-f5c7dd24d4e5' is present

2022-04-18 23:24:56 - [TEST_STEP][PASSED] - verifyElementPresent(findTestObject("Object Repository/Form Verification/Page_/input_Confirm Email_18b9f37b-8bb2-4d85-bf8f_ce5dfe"), 0): Object 'Object Repository/Form Verification/Page_/input_Confirm Email_18b9f37b-8bb2-4d85-bf8f_ce5dfe' is present

2022-04-18 23:24:56 - [MESSAGE][WARNING] - Timeout '0' is invalid. Using default page load timeout: '5'

2022-04-18 23:24:57 - [MESSAGE][PASSED] - Object 'Object Repository/Form Verification/Page_/input_Confirm Email_18b9f37b-8bb2-4d85-bf8f_ce5dfe' is present

2022-04-18 23:24:57 - [TEST_STEP][PASSED] - verifyElementPresent(findTestObject("Object Repository/Form Verification/Page_/input_First Name_b98ca522-d1e2-4c26-91d5-8b_c1fb3d"), 0): Object 'Object Repository/Form Verification/Page_/input_First Name_b98ca522-d1e2-4c26-91d5-8b_c1fb3d' is present

2022-04-18 23:24:57 - [MESSAGE][WARNING] - Timeout '0' is invalid. Using default page load timeout: '5'

2022-04-18 23:24:57 - [MESSAGE][PASSED] - Object 'Object Repository/Form Verification/Page_/input_First Name_b98ca522-d1e2-4c26-91d5-8b_c1fb3d' is present

2022-04-18 23:24:57 - [TEST_STEP][PASSED] - verifyElementPresent(findTestObject("Object Repository/Form Verification/Page_/input_Last Name_e92bd6d4-db43-4465-8dce-cd4_49093a"), 0): Object 'Object Repository/Form Verification/Page_/input_Last Name_e92bd6d4-db43-4465-8dce-cd4_49093a' is present

2022-04-18 23:24:57 - [MESSAGE][WARNING] - Timeout '0' is invalid. Using default page load timeout: '5'

2022-04-18 23:24:58 - [MESSAGE][PASSED] - Object 'Object Repository/Form Verification/Page_/input_Last Name_e92bd6d4-db43-4465-8dce-cd4_49093a' is present

2022-04-18 23:24:58 - [TEST_STEP][PASSED] - verifyElementPresent(findTestObject("Object Repository/Form Verification/Page_/div_Subject"), 0): Object 'Object Repository/Form Verification/Page_/div_Subject' is present

2022-04-18 23:24:58 - [MESSAGE][WARNING] - Timeout '0' is invalid. Using default page load timeout: '5'

2022-04-18 23:24:58 - [MESSAGE][PASSED] - Object 'Object Repository/Form Verification/Page_/div_Subject' is present

2022-04-18 23:24:58 - [TEST_STEP][PASSED] - verifyElementPresent(findTestObject("Object Repository/Form Verification/Page_/div_SubjectSubjectChoose a subject"), 0): Object 'Object Repository/Form Verification/Page_/div_SubjectSubjectChoose a subject' is present

2022-04-18 23:24:58 - [MESSAGE][WARNING] - Timeout '0' is invalid. Using default page load timeout: '5'

2022-04-18 23:24:59 - [MESSAGE][PASSED] - Object 'Object Repository/Form Verification/Page_/div_SubjectSubjectChoose a subject' is present

2022-04-18 23:24:59 - [TEST_STEP][PASSED] - verifyElementText(findTestObject("Object Repository/Form Verification/Page_/button_Submit"), "Submit"): Actual text and expected text of test object 'Object Repository/Form Verification/Page_/button_Submit' are matched.

2022-04-18 23:24:59 - [MESSAGE][PASSED] - Actual text and expected text of test object 'Object Repository/Form Verification/Page_/button_Submit' are matched.

2022-04-18 23:24:59 - [TEST_STEP][PASSED] - verifyElementText(findTestObject("Object Repository/Form Verification/Page_/label_Subject"), "*Subject"): Actual text and expected text of test object 'Object Repository/Form Verification/Page_/label_Subject' are matched.

2022-04-18 23:24:59 - [MESSAGE][PASSED] - Actual text and expected text of test object 'Object Repository/Form Verification/Page_/label_Subject' are matched.

2022-04-18 23:24:59 - [TEST_STEP][PASSED] - verifyElementText(findTestObject("Object Repository/Form Verification/Page_/label_First Name"), "*First Name"): Actual text and expected text of test object 'Object Repository/Form Verification/Page_/label_First Name' are matched.

2022-04-18 23:25:00 - [MESSAGE][PASSED] - Actual text and expected text of test object 'Object Repository/Form Verification/Page_/label_First Name' are matched.

2022-04-18 23:25:00 - [TEST_STEP][PASSED] - verifyElementText(findTestObject("Object Repository/Form Verification/Page_/label_Last Name"), "*Last Name"): Actual text and expected text of test object 'Object Repository/Form Verification/Page_/label_Last Name' are matched.

2022-04-18 23:25:00 - [MESSAGE][PASSED] - Actual text and expected text of test object 'Object Repository/Form Verification/Page_/label_Last Name' are matched.

2022-04-18 23:25:00 - [TEST_STEP][PASSED] - verifyElementText(findTestObject("Object Repository/Form Verification/Page_/label_Confirm Email"), "*Confirm Email"): Actual text and expected text of test object 'Object Repository/Form Verification/Page_/label_Confirm Email' are matched.

2022-04-18 23:25:01 - [MESSAGE][PASSED] - Actual text and expected text of test object 'Object Repository/Form Verification/Page_/label_Confirm Email' are matched.

2022-04-18 23:25:01 - [TEST_STEP][PASSED] - verifyElementText(findTestObject("Object Repository/Form Verification/Page_/label_Email"), "*Email"): Actual text and expected text of test object 'Object Repository/Form Verification/Page_/label_Email' are matched.

2022-04-18 23:25:01 - [MESSAGE][PASSED] - Actual text and expected text of test object 'Object Repository/Form Verification/Page_/label_Email' are matched.

2022-04-18 23:25:01 - [TEST_STEP][PASSED] - click(findTestObject("Object Repository/Form Verification/Page_/span_Home")): Object: 'Object Repository/Form Verification/Page_/span_Home' is clicked on

2022-04-18 23:25:02 - [MESSAGE][PASSED] - Object: 'Object Repository/Form Verification/Page_/span_Home' is clicked on

2022-04-18 23:25:02 - [TEST_STEP][PASSED] - delay(10): Delayed 10 second(s)

2022-04-18 23:25:12 - [MESSAGE][PASSED] - Delayed 10 second(s)

2022-04-18 23:25:12 - [TEST_STEP][PASSED] - title = getWindowTitle(): Current window's title is: 'Enfamil Newborn, Infant & Toddler Nutrition â”‚ Enfamil'

2022-04-18 23:25:12 - [MESSAGE][PASSED] - Current window's title is: 'Enfamil Newborn, Infant & Toddler Nutrition â”‚ Enfamil'

2022-04-18 23:25:12 - [TEST_STEP][PASSED] - verifyMatch(title, "Enfamil Newborn, Infant & Toddler Nutrition â”‚ Enfamil", false): Actual text 'Enfamil Newborn, Infant & Toddler Nutrition â”‚ Enfamil' and expected text 'Enfamil Newborn, Infant & Toddler Nutrition â”‚ Enfamil' are matched 

2022-04-18 23:25:12 - [MESSAGE][PASSED] - Actual text 'Enfamil Newborn, Infant & Toddler Nutrition â”‚ Enfamil' and expected text 'Enfamil Newborn, Infant & Toddler Nutrition â”‚ Enfamil' are matched 

2022-04-18 23:25:12 - [TEST_STEP][PASSED] - closeBrowser(): Browser is closed

2022-04-18 23:25:13 - [MESSAGE][PASSED] - Browser is closed]]></system-out>
         <system-err><![CDATA[]]></system-err>
      </testcase>
      <testcase name="Test Cases/Venkat/Forms Verification/Drive to Thrive - Form Verification - UAT" time="97.322" classname="Test Cases/Venkat/Forms Verification/Drive to Thrive - Form Verification - UAT" status="FAILED">
         <failure type="FAILED" message="Test Cases/Venkat/Forms Verification/Drive to Thrive - Form Verification - UAT FAILED.
Reason:
com.kms.katalon.core.exception.StepFailedException: com.kms.katalon.core.webui.exception.WebElementNotFoundException: Web element with id: 'Object Repository/Form Verification/Drive to Thrive Form EN/Page_/span_Consent to Receive Certain Text Messag_3845ec' located by '//div[@id='__next']/div/div/main/article/section[2]/div/div[2]/div/div/div/form/section/div/div[9]/div/div[2]/label/div/div/div/p/span' not found (Root cause: com.kms.katalon.core.exception.StepFailedException: com.kms.katalon.core.webui.exception.WebElementNotFoundException: Web element with id: 'Object Repository/Form Verification/Drive to Thrive Form EN/Page_/span_Consent to Receive Certain Text Messag_3845ec' located by '//div[@id='__next']/div/div/main/article/section[2]/div/div[2]/div/div/div/form/section/div/div[9]/div/div[2]/label/div/div/div/p/span' not found
	at com.kms.katalon.core.webui.keyword.internal.WebUIKeywordMain.stepFailed(WebUIKeywordMain.groovy:64)
	at com.kms.katalon.core.webui.keyword.builtin.VerifyElementPresentKeyword$_verifyElementPresent_closure1.doCall(VerifyElementPresentKeyword.groovy:85)
	at com.kms.katalon.core.webui.keyword.builtin.VerifyElementPresentKeyword$_verifyElementPresent_closure1.call(VerifyElementPresentKeyword.groovy)
	at com.kms.katalon.core.webui.keyword.internal.WebUIKeywordMain.runKeyword(WebUIKeywordMain.groovy:20)
	at com.kms.katalon.core.webui.keyword.builtin.VerifyElementPresentKeyword.verifyElementPresent(VerifyElementPresentKeyword.groovy:92)
	at com.kms.katalon.core.webui.keyword.builtin.VerifyElementPresentKeyword.execute(VerifyElementPresentKeyword.groovy:68)
	at com.kms.katalon.core.keyword.internal.KeywordExecutor.executeKeywordForPlatform(KeywordExecutor.groovy:74)
	at com.kms.katalon.core.webui.keyword.WebUiBuiltInKeywords.verifyElementPresent(WebUiBuiltInKeywords.groovy:1464)
	at com.kms.katalon.core.webui.keyword.WebUiBuiltInKeywords$verifyElementPresent$4.call(Unknown Source)
	at Drive to Thrive - Form Verification - UAT.run(Drive to Thrive - Form Verification - UAT:210)
	at com.kms.katalon.core.main.ScriptEngine.run(ScriptEngine.java:194)
	at com.kms.katalon.core.main.ScriptEngine.runScriptAsRawText(ScriptEngine.java:119)
	at com.kms.katalon.core.main.TestCaseExecutor.runScript(TestCaseExecutor.java:445)
	at com.kms.katalon.core.main.TestCaseExecutor.doExecute(TestCaseExecutor.java:436)
	at com.kms.katalon.core.main.TestCaseExecutor.processExecutionPhase(TestCaseExecutor.java:415)
	at com.kms.katalon.core.main.TestCaseExecutor.accessMainPhase(TestCaseExecutor.java:407)
	at com.kms.katalon.core.main.TestCaseExecutor.execute(TestCaseExecutor.java:284)
	at com.kms.katalon.core.common.CommonExecutor.accessTestCaseMainPhase(CommonExecutor.java:65)
	at com.kms.katalon.core.main.TestSuiteExecutor.accessTestSuiteMainPhase(TestSuiteExecutor.java:144)
	at com.kms.katalon.core.main.TestSuiteExecutor.execute(TestSuiteExecutor.java:106)
	at com.kms.katalon.core.main.TestCaseMain.startTestSuite(TestCaseMain.java:185)
	at com.kms.katalon.core.main.TestCaseMain$startTestSuite$0.call(Unknown Source)
	at TempTestSuite1650304259606.run(TempTestSuite1650304259606.groovy:36)
)
	at com.kms.katalon.core.keyword.internal.KeywordMain.stepFailed(KeywordMain.groovy:39)
	at com.kms.katalon.core.webui.keyword.internal.WebUIKeywordMain.stepFailed(WebUIKeywordMain.groovy:64)
	at com.kms.katalon.core.webui.keyword.builtin.VerifyElementPresentKeyword$_verifyElementPresent_closure1.doCall(VerifyElementPresentKeyword.groovy:85)
	at com.kms.katalon.core.webui.keyword.builtin.VerifyElementPresentKeyword$_verifyElementPresent_closure1.call(VerifyElementPresentKeyword.groovy)
	at com.kms.katalon.core.webui.keyword.internal.WebUIKeywordMain.runKeyword(WebUIKeywordMain.groovy:20)
	at com.kms.katalon.core.webui.keyword.builtin.VerifyElementPresentKeyword.verifyElementPresent(VerifyElementPresentKeyword.groovy:92)
	at com.kms.katalon.core.webui.keyword.builtin.VerifyElementPresentKeyword.execute(VerifyElementPresentKeyword.groovy:68)
	at com.kms.katalon.core.keyword.internal.KeywordExecutor.executeKeywordForPlatform(KeywordExecutor.groovy:74)
	at com.kms.katalon.core.webui.keyword.WebUiBuiltInKeywords.verifyElementPresent(WebUiBuiltInKeywords.groovy:1464)
	at com.kms.katalon.core.webui.keyword.WebUiBuiltInKeywords$verifyElementPresent$4.call(Unknown Source)
	at Drive to Thrive - Form Verification - UAT.run(Drive to Thrive - Form Verification - UAT:210)
	at com.kms.katalon.core.main.ScriptEngine.run(ScriptEngine.java:194)
	at com.kms.katalon.core.main.ScriptEngine.runScriptAsRawText(ScriptEngine.java:119)
	at com.kms.katalon.core.main.TestCaseExecutor.runScript(TestCaseExecutor.java:445)
	at com.kms.katalon.core.main.TestCaseExecutor.doExecute(TestCaseExecutor.java:436)
	at com.kms.katalon.core.main.TestCaseExecutor.processExecutionPhase(TestCaseExecutor.java:415)
	at com.kms.katalon.core.main.TestCaseExecutor.accessMainPhase(TestCaseExecutor.java:407)
	at com.kms.katalon.core.main.TestCaseExecutor.execute(TestCaseExecutor.java:284)
	at com.kms.katalon.core.common.CommonExecutor.accessTestCaseMainPhase(CommonExecutor.java:65)
	at com.kms.katalon.core.main.TestSuiteExecutor.accessTestSuiteMainPhase(TestSuiteExecutor.java:144)
	at com.kms.katalon.core.main.TestSuiteExecutor.execute(TestSuiteExecutor.java:106)
	at com.kms.katalon.core.main.TestCaseMain.startTestSuite(TestCaseMain.java:185)
	at com.kms.katalon.core.main.TestCaseMain$startTestSuite$0.call(Unknown Source)
	at TempTestSuite1650304259606.run(TempTestSuite1650304259606.groovy:36)
Caused by: com.kms.katalon.core.exception.StepFailedException: com.kms.katalon.core.webui.exception.WebElementNotFoundException: Web element with id: 'Object Repository/Form Verification/Drive to Thrive Form EN/Page_/span_Consent to Receive Certain Text Messag_3845ec' located by '//div[@id='__next']/div/div/main/article/section[2]/div/div[2]/div/div/div/form/section/div/div[9]/div/div[2]/label/div/div/div/p/span' not found
	... 23 more
"/>
         <system-out><![CDATA[2022-04-18 23:25:13 - [TEST_CASE][FAILED] - Test Cases/Venkat/Forms Verification/Drive to Thrive - Form Verification - UAT: Test Cases/Venkat/Forms Verification/Drive to Thrive - Form Verification - UAT FAILED.
Reason:
com.kms.katalon.core.exception.StepFailedException: com.kms.katalon.core.webui.exception.WebElementNotFoundException: Web element with id: 'Object Repository/Form Verification/Drive to Thrive Form EN/Page_/span_Consent to Receive Certain Text Messag_3845ec' located by '//div[@id='__next']/div/div/main/article/section[2]/div/div[2]/div/div/div/form/section/div/div[9]/div/div[2]/label/div/div/div/p/span' not found (Root cause: com.kms.katalon.core.exception.StepFailedException: com.kms.katalon.core.webui.exception.WebElementNotFoundException: Web element with id: 'Object Repository/Form Verification/Drive to Thrive Form EN/Page_/span_Consent to Receive Certain Text Messag_3845ec' located by '//div[@id='__next']/div/div/main/article/section[2]/div/div[2]/div/div/div/form/section/div/div[9]/div/div[2]/label/div/div/div/p/span' not found
	at com.kms.katalon.core.webui.keyword.internal.WebUIKeywordMain.stepFailed(WebUIKeywordMain.groovy:64)
	at com.kms.katalon.core.webui.keyword.builtin.VerifyElementPresentKeyword$_verifyElementPresent_closure1.doCall(VerifyElementPresentKeyword.groovy:85)
	at com.kms.katalon.core.webui.keyword.builtin.VerifyElementPresentKeyword$_verifyElementPresent_closure1.call(VerifyElementPresentKeyword.groovy)
	at com.kms.katalon.core.webui.keyword.internal.WebUIKeywordMain.runKeyword(WebUIKeywordMain.groovy:20)
	at com.kms.katalon.core.webui.keyword.builtin.VerifyElementPresentKeyword.verifyElementPresent(VerifyElementPresentKeyword.groovy:92)
	at com.kms.katalon.core.webui.keyword.builtin.VerifyElementPresentKeyword.execute(VerifyElementPresentKeyword.groovy:68)
	at com.kms.katalon.core.keyword.internal.KeywordExecutor.executeKeywordForPlatform(KeywordExecutor.groovy:74)
	at com.kms.katalon.core.webui.keyword.WebUiBuiltInKeywords.verifyElementPresent(WebUiBuiltInKeywords.groovy:1464)
	at com.kms.katalon.core.webui.keyword.WebUiBuiltInKeywords$verifyElementPresent$4.call(Unknown Source)
	at Drive to Thrive - Form Verification - UAT.run(Drive to Thrive - Form Verification - UAT:210)
	at com.kms.katalon.core.main.ScriptEngine.run(ScriptEngine.java:194)
	at com.kms.katalon.core.main.ScriptEngine.runScriptAsRawText(ScriptEngine.java:119)
	at com.kms.katalon.core.main.TestCaseExecutor.runScript(TestCaseExecutor.java:445)
	at com.kms.katalon.core.main.TestCaseExecutor.doExecute(TestCaseExecutor.java:436)
	at com.kms.katalon.core.main.TestCaseExecutor.processExecutionPhase(TestCaseExecutor.java:415)
	at com.kms.katalon.core.main.TestCaseExecutor.accessMainPhase(TestCaseExecutor.java:407)
	at com.kms.katalon.core.main.TestCaseExecutor.execute(TestCaseExecutor.java:284)
	at com.kms.katalon.core.common.CommonExecutor.accessTestCaseMainPhase(CommonExecutor.java:65)
	at com.kms.katalon.core.main.TestSuiteExecutor.accessTestSuiteMainPhase(TestSuiteExecutor.java:144)
	at com.kms.katalon.core.main.TestSuiteExecutor.execute(TestSuiteExecutor.java:106)
	at com.kms.katalon.core.main.TestCaseMain.startTestSuite(TestCaseMain.java:185)
	at com.kms.katalon.core.main.TestCaseMain$startTestSuite$0.call(Unknown Source)
	at TempTestSuite1650304259606.run(TempTestSuite1650304259606.groovy:36)
)
	at com.kms.katalon.core.keyword.internal.KeywordMain.stepFailed(KeywordMain.groovy:39)
	at com.kms.katalon.core.webui.keyword.internal.WebUIKeywordMain.stepFailed(WebUIKeywordMain.groovy:64)
	at com.kms.katalon.core.webui.keyword.builtin.VerifyElementPresentKeyword$_verifyElementPresent_closure1.doCall(VerifyElementPresentKeyword.groovy:85)
	at com.kms.katalon.core.webui.keyword.builtin.VerifyElementPresentKeyword$_verifyElementPresent_closure1.call(VerifyElementPresentKeyword.groovy)
	at com.kms.katalon.core.webui.keyword.internal.WebUIKeywordMain.runKeyword(WebUIKeywordMain.groovy:20)
	at com.kms.katalon.core.webui.keyword.builtin.VerifyElementPresentKeyword.verifyElementPresent(VerifyElementPresentKeyword.groovy:92)
	at com.kms.katalon.core.webui.keyword.builtin.VerifyElementPresentKeyword.execute(VerifyElementPresentKeyword.groovy:68)
	at com.kms.katalon.core.keyword.internal.KeywordExecutor.executeKeywordForPlatform(KeywordExecutor.groovy:74)
	at com.kms.katalon.core.webui.keyword.WebUiBuiltInKeywords.verifyElementPresent(WebUiBuiltInKeywords.groovy:1464)
	at com.kms.katalon.core.webui.keyword.WebUiBuiltInKeywords$verifyElementPresent$4.call(Unknown Source)
	at Drive to Thrive - Form Verification - UAT.run(Drive to Thrive - Form Verification - UAT:210)
	at com.kms.katalon.core.main.ScriptEngine.run(ScriptEngine.java:194)
	at com.kms.katalon.core.main.ScriptEngine.runScriptAsRawText(ScriptEngine.java:119)
	at com.kms.katalon.core.main.TestCaseExecutor.runScript(TestCaseExecutor.java:445)
	at com.kms.katalon.core.main.TestCaseExecutor.doExecute(TestCaseExecutor.java:436)
	at com.kms.katalon.core.main.TestCaseExecutor.processExecutionPhase(TestCaseExecutor.java:415)
	at com.kms.katalon.core.main.TestCaseExecutor.accessMainPhase(TestCaseExecutor.java:407)
	at com.kms.katalon.core.main.TestCaseExecutor.execute(TestCaseExecutor.java:284)
	at com.kms.katalon.core.common.CommonExecutor.accessTestCaseMainPhase(CommonExecutor.java:65)
	at com.kms.katalon.core.main.TestSuiteExecutor.accessTestSuiteMainPhase(TestSuiteExecutor.java:144)
	at com.kms.katalon.core.main.TestSuiteExecutor.execute(TestSuiteExecutor.java:106)
	at com.kms.katalon.core.main.TestCaseMain.startTestSuite(TestCaseMain.java:185)
	at com.kms.katalon.core.main.TestCaseMain$startTestSuite$0.call(Unknown Source)
	at TempTestSuite1650304259606.run(TempTestSuite1650304259606.groovy:36)
Caused by: com.kms.katalon.core.exception.StepFailedException: com.kms.katalon.core.webui.exception.WebElementNotFoundException: Web element with id: 'Object Repository/Form Verification/Drive to Thrive Form EN/Page_/span_Consent to Receive Certain Text Messag_3845ec' located by '//div[@id='__next']/div/div/main/article/section[2]/div/div[2]/div/div/div/form/section/div/div[9]/div/div[2]/label/div/div/div/p/span' not found
	... 23 more


2022-04-18 23:25:14 - [TEST_STEP][PASSED] - openBrowser(""): Browser is opened with url: ''

2022-04-18 23:25:14 - [MESSAGE][INFO] - Starting 'Chrome' driver

2022-04-18 23:25:14 - [MESSAGE][INFO] - Action delay is set to 0 milliseconds

2022-04-18 23:25:15 - [MESSAGE][PASSED] - Browser is opened with url: ''

2022-04-18 23:25:15 - [TEST_STEP][PASSED] - navigateToUrl(DrivetoThrive): Navigate to 'https://enfamil-us.cdn.test.us-east-1.starterkit.rbcloud.io/enfacare-drive-to-thrive-support-program/' successfully

2022-04-18 23:25:17 - [MESSAGE][PASSED] - Navigate to 'https://enfamil-us.cdn.test.us-east-1.starterkit.rbcloud.io/enfacare-drive-to-thrive-support-program/' successfully

2022-04-18 23:25:17 - [TEST_STEP][PASSED] - maximizeWindow(): Current window maximized

2022-04-18 23:25:17 - [MESSAGE][PASSED] - Current window maximized

2022-04-18 23:25:17 - [TEST_STEP][PASSED] - delay(5): Delayed 5 second(s)

2022-04-18 23:25:22 - [MESSAGE][PASSED] - Delayed 5 second(s)

2022-04-18 23:25:22 - [TEST_STEP][PASSED] - click(findTestObject("Object Repository/Form Verification/Drive to Thrive Form EN/Page_/button_GOT IT_onetrust-close-btn-handler on_95ce22")): Object: 'Object Repository/Form Verification/Drive to Thrive Form EN/Page_/button_GOT IT_onetrust-close-btn-handler on_95ce22' is clicked on

2022-04-18 23:25:25 - [MESSAGE][PASSED] - Object: 'Object Repository/Form Verification/Drive to Thrive Form EN/Page_/button_GOT IT_onetrust-close-btn-handler on_95ce22' is clicked on

2022-04-18 23:25:25 - [TEST_STEP][PASSED] - verifyElementPresent(findTestObject("Object Repository/Form Verification/Drive to Thrive Form EN/Page_/span_Join the Drive to Thrive Support Program"), 0): Object 'Object Repository/Form Verification/Drive to Thrive Form EN/Page_/span_Join the Drive to Thrive Support Program' is present

2022-04-18 23:25:26 - [MESSAGE][WARNING] - Timeout '0' is invalid. Using default page load timeout: '5'

2022-04-18 23:25:26 - [MESSAGE][PASSED] - Object 'Object Repository/Form Verification/Drive to Thrive Form EN/Page_/span_Join the Drive to Thrive Support Program' is present

2022-04-18 23:25:26 - [TEST_STEP][PASSED] - verifyElementText(findTestObject("Object Repository/Form Verification/Drive to Thrive Form EN/Page_/span_Join the Drive to Thrive Support Program"), "Join the Drive to Thrive Support Program"): Actual text and expected text of test object 'Object Repository/Form Verification/Drive to Thrive Form EN/Page_/span_Join the Drive to Thrive Support Program' are matched.

2022-04-18 23:25:28 - [MESSAGE][PASSED] - Actual text and expected text of test object 'Object Repository/Form Verification/Drive to Thrive Form EN/Page_/span_Join the Drive to Thrive Support Program' are matched.

2022-04-18 23:25:28 - [TEST_STEP][PASSED] - verifyElementPresent(findTestObject("Object Repository/Form Verification/Drive to Thrive Form EN/Page_/h1_Join the Drive to Thrive Support Program"), 0): Object 'Object Repository/Form Verification/Drive to Thrive Form EN/Page_/h1_Join the Drive to Thrive Support Program' is present

2022-04-18 23:25:28 - [MESSAGE][WARNING] - Timeout '0' is invalid. Using default page load timeout: '5'

2022-04-18 23:25:29 - [MESSAGE][PASSED] - Object 'Object Repository/Form Verification/Drive to Thrive Form EN/Page_/h1_Join the Drive to Thrive Support Program' is present

2022-04-18 23:25:29 - [TEST_STEP][PASSED] - verifyElementText(findTestObject("Object Repository/Form Verification/Drive to Thrive Form EN/Page_/h1_Join the Drive to Thrive Support Program"), "Join the Drive to Thrive Support Program"): Actual text and expected text of test object 'Object Repository/Form Verification/Drive to Thrive Form EN/Page_/h1_Join the Drive to Thrive Support Program' are matched.

2022-04-18 23:25:30 - [MESSAGE][PASSED] - Actual text and expected text of test object 'Object Repository/Form Verification/Drive to Thrive Form EN/Page_/h1_Join the Drive to Thrive Support Program' are matched.

2022-04-18 23:25:30 - [TEST_STEP][PASSED] - verifyElementPresent(findTestObject("Object Repository/Form Verification/Drive to Thrive Form EN/Page_/p_Receive up to 70 in savings, plus monthly_bdae63"), 0): Object 'Object Repository/Form Verification/Drive to Thrive Form EN/Page_/p_Receive up to 70 in savings, plus monthly_bdae63' is present

2022-04-18 23:25:30 - [MESSAGE][WARNING] - Timeout '0' is invalid. Using default page load timeout: '5'

2022-04-18 23:25:30 - [MESSAGE][PASSED] - Object 'Object Repository/Form Verification/Drive to Thrive Form EN/Page_/p_Receive up to 70 in savings, plus monthly_bdae63' is present

2022-04-18 23:25:30 - [TEST_STEP][PASSED] - verifyElementText(findTestObject("Object Repository/Form Verification/Drive to Thrive Form EN/Page_/p_Receive up to 70 in savings, plus monthly_bdae63"), "Receive up to $70 in savings*, plus monthly emails with expert advice on caring for your premature baby. Check your mailbox within 2 weeks of joining for your exclusive savings!"): Actual text and expected text of test object 'Object Repository/Form Verification/Drive to Thrive Form EN/Page_/p_Receive up to 70 in savings, plus monthly_bdae63' are matched.

2022-04-18 23:25:30 - [MESSAGE][PASSED] - Actual text and expected text of test object 'Object Repository/Form Verification/Drive to Thrive Form EN/Page_/p_Receive up to 70 in savings, plus monthly_bdae63' are matched.

2022-04-18 23:25:30 - [TEST_STEP][PASSED] - verifyElementText(findTestObject("Object Repository/Form Verification/Drive to Thrive Form EN/Page_/div_Benefits may vary"), "*Benefits may vary."): Actual text and expected text of test object 'Object Repository/Form Verification/Drive to Thrive Form EN/Page_/div_Benefits may vary' are matched.

2022-04-18 23:25:31 - [MESSAGE][PASSED] - Actual text and expected text of test object 'Object Repository/Form Verification/Drive to Thrive Form EN/Page_/div_Benefits may vary' are matched.

2022-04-18 23:25:31 - [TEST_STEP][PASSED] - verifyElementPresent(findTestObject("Object Repository/Form Verification/Drive to Thrive Form EN/Page_/div_Benefits may vary"), 0): Object 'Object Repository/Form Verification/Drive to Thrive Form EN/Page_/div_Benefits may vary' is present

2022-04-18 23:25:31 - [MESSAGE][WARNING] - Timeout '0' is invalid. Using default page load timeout: '5'

2022-04-18 23:25:31 - [MESSAGE][PASSED] - Object 'Object Repository/Form Verification/Drive to Thrive Form EN/Page_/div_Benefits may vary' is present

2022-04-18 23:25:31 - [TEST_STEP][PASSED] - verifyElementPresent(findTestObject("Object Repository/Form Verification/Drive to Thrive Form EN/Page_/img_Drive to Thrive Program_carousel-item__image"), 0): Object 'Object Repository/Form Verification/Drive to Thrive Form EN/Page_/img_Drive to Thrive Program_carousel-item__image' is present

2022-04-18 23:25:31 - [MESSAGE][WARNING] - Timeout '0' is invalid. Using default page load timeout: '5'

2022-04-18 23:25:32 - [MESSAGE][PASSED] - Object 'Object Repository/Form Verification/Drive to Thrive Form EN/Page_/img_Drive to Thrive Program_carousel-item__image' is present

2022-04-18 23:25:32 - [TEST_STEP][PASSED] - verifyElementVisible(findTestObject("Object Repository/Form Verification/Drive to Thrive Form EN/Page_/img_Drive to Thrive Program_carousel-item__image")): Object 'Object Repository/Form Verification/Drive to Thrive Form EN/Page_/img_Drive to Thrive Program_carousel-item__image' is visible

2022-04-18 23:25:32 - [MESSAGE][PASSED] - Object 'Object Repository/Form Verification/Drive to Thrive Form EN/Page_/img_Drive to Thrive Program_carousel-item__image' is visible

2022-04-18 23:25:32 - [TEST_STEP][PASSED] - verifyElementPresent(findTestObject("Object Repository/Form Verification/Drive to Thrive Form EN/Page_/p_PERSONALIZE YOUR EXPERIENCE"), 0): Object 'Object Repository/Form Verification/Drive to Thrive Form EN/Page_/p_PERSONALIZE YOUR EXPERIENCE' is present

2022-04-18 23:25:32 - [MESSAGE][WARNING] - Timeout '0' is invalid. Using default page load timeout: '5'

2022-04-18 23:25:33 - [MESSAGE][PASSED] - Object 'Object Repository/Form Verification/Drive to Thrive Form EN/Page_/p_PERSONALIZE YOUR EXPERIENCE' is present

2022-04-18 23:25:33 - [TEST_STEP][PASSED] - verifyElementText(findTestObject("Object Repository/Form Verification/Drive to Thrive Form EN/Page_/p_PERSONALIZE YOUR EXPERIENCE"), "PERSONALIZE YOUR EXPERIENCE"): Actual text and expected text of test object 'Object Repository/Form Verification/Drive to Thrive Form EN/Page_/p_PERSONALIZE YOUR EXPERIENCE' are matched.

2022-04-18 23:25:33 - [MESSAGE][PASSED] - Actual text and expected text of test object 'Object Repository/Form Verification/Drive to Thrive Form EN/Page_/p_PERSONALIZE YOUR EXPERIENCE' are matched.

2022-04-18 23:25:33 - [TEST_STEP][PASSED] - verifyElementPresent(findTestObject("Object Repository/Form Verification/Drive to Thrive Form EN/Page_/p_1. Tell us your name and email"), 0): Object 'Object Repository/Form Verification/Drive to Thrive Form EN/Page_/p_1. Tell us your name and email' is present

2022-04-18 23:25:33 - [MESSAGE][WARNING] - Timeout '0' is invalid. Using default page load timeout: '5'

2022-04-18 23:25:33 - [MESSAGE][PASSED] - Object 'Object Repository/Form Verification/Drive to Thrive Form EN/Page_/p_1. Tell us your name and email' is present

2022-04-18 23:25:33 - [TEST_STEP][PASSED] - verifyElementText(findTestObject("Object Repository/Form Verification/Drive to Thrive Form EN/Page_/p_1. Tell us your name and email"), "1. Tell us your name and email."): Actual text and expected text of test object 'Object Repository/Form Verification/Drive to Thrive Form EN/Page_/p_1. Tell us your name and email' are matched.

2022-04-18 23:25:34 - [MESSAGE][PASSED] - Actual text and expected text of test object 'Object Repository/Form Verification/Drive to Thrive Form EN/Page_/p_1. Tell us your name and email' are matched.

2022-04-18 23:25:34 - [TEST_STEP][PASSED] - verifyElementPresent(findTestObject("Object Repository/Form Verification/Drive to Thrive Form EN/Page_/input_First Name_03b7fe2a-3e68-45ab-aab0-ad_c608d0"), 0): Object 'Object Repository/Form Verification/Drive to Thrive Form EN/Page_/input_First Name_03b7fe2a-3e68-45ab-aab0-ad_c608d0' is present

2022-04-18 23:25:34 - [MESSAGE][WARNING] - Timeout '0' is invalid. Using default page load timeout: '5'

2022-04-18 23:25:34 - [MESSAGE][PASSED] - Object 'Object Repository/Form Verification/Drive to Thrive Form EN/Page_/input_First Name_03b7fe2a-3e68-45ab-aab0-ad_c608d0' is present

2022-04-18 23:25:34 - [TEST_STEP][PASSED] - click(findTestObject("Object Repository/Form Verification/Drive to Thrive Form EN/Page_/form_PERSONALIZE YOUR EXPERIENCE1. Tell us _fbf02e")): Object: 'Object Repository/Form Verification/Drive to Thrive Form EN/Page_/form_PERSONALIZE YOUR EXPERIENCE1. Tell us _fbf02e' is clicked on

2022-04-18 23:25:35 - [MESSAGE][PASSED] - Object: 'Object Repository/Form Verification/Drive to Thrive Form EN/Page_/form_PERSONALIZE YOUR EXPERIENCE1. Tell us _fbf02e' is clicked on

2022-04-18 23:25:35 - [TEST_STEP][PASSED] - verifyElementText(findTestObject("Object Repository/Form Verification/Drive to Thrive Form EN/Page_/input_First Name_03b7fe2a-3e68-45ab-aab0-ad_c608d0_1_2"), ""): Actual text and expected text of test object 'Object Repository/Form Verification/Drive to Thrive Form EN/Page_/input_First Name_03b7fe2a-3e68-45ab-aab0-ad_c608d0_1_2' are matched.

2022-04-18 23:25:35 - [MESSAGE][PASSED] - Actual text and expected text of test object 'Object Repository/Form Verification/Drive to Thrive Form EN/Page_/input_First Name_03b7fe2a-3e68-45ab-aab0-ad_c608d0_1_2' are matched.

2022-04-18 23:25:35 - [TEST_STEP][PASSED] - verifyElementPresent(findTestObject("Object Repository/Form Verification/Drive to Thrive Form EN/Page_/input_Last Name_b7646462-9b79-4a9f-bfac-a4d_a09211"), 0): Object 'Object Repository/Form Verification/Drive to Thrive Form EN/Page_/input_Last Name_b7646462-9b79-4a9f-bfac-a4d_a09211' is present

2022-04-18 23:25:36 - [MESSAGE][WARNING] - Timeout '0' is invalid. Using default page load timeout: '5'

2022-04-18 23:25:36 - [MESSAGE][PASSED] - Object 'Object Repository/Form Verification/Drive to Thrive Form EN/Page_/input_Last Name_b7646462-9b79-4a9f-bfac-a4d_a09211' is present

2022-04-18 23:25:36 - [TEST_STEP][PASSED] - verifyElementText(findTestObject("Object Repository/Form Verification/Drive to Thrive Form EN/Page_/input_Last Name_b7646462-9b79-4a9f-bfac-a4d_a09211_1"), ""): Actual text and expected text of test object 'Object Repository/Form Verification/Drive to Thrive Form EN/Page_/input_Last Name_b7646462-9b79-4a9f-bfac-a4d_a09211_1' are matched.

2022-04-18 23:25:36 - [MESSAGE][PASSED] - Actual text and expected text of test object 'Object Repository/Form Verification/Drive to Thrive Form EN/Page_/input_Last Name_b7646462-9b79-4a9f-bfac-a4d_a09211_1' are matched.

2022-04-18 23:25:36 - [TEST_STEP][PASSED] - verifyElementPresent(findTestObject("Object Repository/Form Verification/Drive to Thrive Form EN/Page_/input_Email_ca07a407-accc-4c4a-b2c3-cdf136bcce09"), 0): Object 'Object Repository/Form Verification/Drive to Thrive Form EN/Page_/input_Email_ca07a407-accc-4c4a-b2c3-cdf136bcce09' is present

2022-04-18 23:25:36 - [MESSAGE][WARNING] - Timeout '0' is invalid. Using default page load timeout: '5'

2022-04-18 23:25:37 - [MESSAGE][PASSED] - Object 'Object Repository/Form Verification/Drive to Thrive Form EN/Page_/input_Email_ca07a407-accc-4c4a-b2c3-cdf136bcce09' is present

2022-04-18 23:25:37 - [TEST_STEP][PASSED] - verifyElementText(findTestObject("Object Repository/Form Verification/Drive to Thrive Form EN/Page_/input_Email_ca07a407-accc-4c4a-b2c3-cdf136bcce09_1"), ""): Actual text and expected text of test object 'Object Repository/Form Verification/Drive to Thrive Form EN/Page_/input_Email_ca07a407-accc-4c4a-b2c3-cdf136bcce09_1' are matched.

2022-04-18 23:25:38 - [MESSAGE][PASSED] - Actual text and expected text of test object 'Object Repository/Form Verification/Drive to Thrive Form EN/Page_/input_Email_ca07a407-accc-4c4a-b2c3-cdf136bcce09_1' are matched.

2022-04-18 23:25:38 - [TEST_STEP][PASSED] - verifyElementPresent(findTestObject("Object Repository/Form Verification/Drive to Thrive Form EN/Page_/p_2. Enter your address"), 0): Object 'Object Repository/Form Verification/Drive to Thrive Form EN/Page_/p_2. Enter your address' is present

2022-04-18 23:25:38 - [MESSAGE][WARNING] - Timeout '0' is invalid. Using default page load timeout: '5'

2022-04-18 23:25:38 - [MESSAGE][PASSED] - Object 'Object Repository/Form Verification/Drive to Thrive Form EN/Page_/p_2. Enter your address' is present

2022-04-18 23:25:38 - [TEST_STEP][PASSED] - verifyElementText(findTestObject("Object Repository/Form Verification/Drive to Thrive Form EN/Page_/p_2. Enter your address"), "2. Enter your address."): Actual text and expected text of test object 'Object Repository/Form Verification/Drive to Thrive Form EN/Page_/p_2. Enter your address' are matched.

2022-04-18 23:25:38 - [MESSAGE][PASSED] - Actual text and expected text of test object 'Object Repository/Form Verification/Drive to Thrive Form EN/Page_/p_2. Enter your address' are matched.

2022-04-18 23:25:38 - [TEST_STEP][PASSED] - verifyElementPresent(findTestObject("Object Repository/Form Verification/Drive to Thrive Form EN/Page_/div_You may receive some gifts closer to yo_321671"), 0): Object 'Object Repository/Form Verification/Drive to Thrive Form EN/Page_/div_You may receive some gifts closer to yo_321671' is present

2022-04-18 23:25:39 - [MESSAGE][WARNING] - Timeout '0' is invalid. Using default page load timeout: '5'

2022-04-18 23:25:39 - [MESSAGE][PASSED] - Object 'Object Repository/Form Verification/Drive to Thrive Form EN/Page_/div_You may receive some gifts closer to yo_321671' is present

2022-04-18 23:25:39 - [TEST_STEP][PASSED] - verifyElementText(findTestObject("Object Repository/Form Verification/Drive to Thrive Form EN/Page_/div_You may receive some gifts closer to yo_321671"), "You may receive some gifts closer to your babyâ€™s due date."): Actual text and expected text of test object 'Object Repository/Form Verification/Drive to Thrive Form EN/Page_/div_You may receive some gifts closer to yo_321671' are matched.

2022-04-18 23:25:39 - [MESSAGE][PASSED] - Actual text and expected text of test object 'Object Repository/Form Verification/Drive to Thrive Form EN/Page_/div_You may receive some gifts closer to yo_321671' are matched.

2022-04-18 23:25:39 - [TEST_STEP][PASSED] - verifyElementPresent(findTestObject("Object Repository/Form Verification/Drive to Thrive Form EN/Page_/input_Street address_ce0841cb-2ae9-4bc0-9ca_87d9da"), 0): Object 'Object Repository/Form Verification/Drive to Thrive Form EN/Page_/input_Street address_ce0841cb-2ae9-4bc0-9ca_87d9da' is present

2022-04-18 23:25:39 - [MESSAGE][WARNING] - Timeout '0' is invalid. Using default page load timeout: '5'

2022-04-18 23:25:40 - [MESSAGE][PASSED] - Object 'Object Repository/Form Verification/Drive to Thrive Form EN/Page_/input_Street address_ce0841cb-2ae9-4bc0-9ca_87d9da' is present

2022-04-18 23:25:40 - [TEST_STEP][PASSED] - verifyElementText(findTestObject("Object Repository/Form Verification/Drive to Thrive Form EN/Page_/input_Street address_ce0841cb-2ae9-4bc0-9ca_87d9da_1"), ""): Actual text and expected text of test object 'Object Repository/Form Verification/Drive to Thrive Form EN/Page_/input_Street address_ce0841cb-2ae9-4bc0-9ca_87d9da_1' are matched.

2022-04-18 23:25:40 - [MESSAGE][PASSED] - Actual text and expected text of test object 'Object Repository/Form Verification/Drive to Thrive Form EN/Page_/input_Street address_ce0841cb-2ae9-4bc0-9ca_87d9da_1' are matched.

2022-04-18 23:25:40 - [TEST_STEP][PASSED] - verifyElementPresent(findTestObject("Object Repository/Form Verification/Drive to Thrive Form EN/Page_/input_UnitSuiteApt (optional)_cec817e9-76cd_747c93"), 0): Object 'Object Repository/Form Verification/Drive to Thrive Form EN/Page_/input_UnitSuiteApt (optional)_cec817e9-76cd_747c93' is present

2022-04-18 23:25:40 - [MESSAGE][WARNING] - Timeout '0' is invalid. Using default page load timeout: '5'

2022-04-18 23:25:41 - [MESSAGE][PASSED] - Object 'Object Repository/Form Verification/Drive to Thrive Form EN/Page_/input_UnitSuiteApt (optional)_cec817e9-76cd_747c93' is present

2022-04-18 23:25:41 - [TEST_STEP][PASSED] - verifyElementText(findTestObject("Object Repository/Form Verification/Drive to Thrive Form EN/Page_/input_UnitSuiteApt (optional)_cec817e9-76cd_747c93_1"), ""): Actual text and expected text of test object 'Object Repository/Form Verification/Drive to Thrive Form EN/Page_/input_UnitSuiteApt (optional)_cec817e9-76cd_747c93_1' are matched.

2022-04-18 23:25:41 - [MESSAGE][PASSED] - Actual text and expected text of test object 'Object Repository/Form Verification/Drive to Thrive Form EN/Page_/input_UnitSuiteApt (optional)_cec817e9-76cd_747c93_1' are matched.

2022-04-18 23:25:41 - [TEST_STEP][PASSED] - verifyElementPresent(findTestObject("Object Repository/Form Verification/Drive to Thrive Form EN/Page_/input_City_1cea0cb2-2f5d-4e2d-9c1d-66cd6c282c6c"), 0): Object 'Object Repository/Form Verification/Drive to Thrive Form EN/Page_/input_City_1cea0cb2-2f5d-4e2d-9c1d-66cd6c282c6c' is present

2022-04-18 23:25:41 - [MESSAGE][WARNING] - Timeout '0' is invalid. Using default page load timeout: '5'

2022-04-18 23:25:41 - [MESSAGE][PASSED] - Object 'Object Repository/Form Verification/Drive to Thrive Form EN/Page_/input_City_1cea0cb2-2f5d-4e2d-9c1d-66cd6c282c6c' is present

2022-04-18 23:25:41 - [TEST_STEP][PASSED] - verifyElementText(findTestObject("Object Repository/Form Verification/Drive to Thrive Form EN/Page_/input_City_1cea0cb2-2f5d-4e2d-9c1d-66cd6c282c6c_1"), ""): Actual text and expected text of test object 'Object Repository/Form Verification/Drive to Thrive Form EN/Page_/input_City_1cea0cb2-2f5d-4e2d-9c1d-66cd6c282c6c_1' are matched.

2022-04-18 23:25:42 - [MESSAGE][PASSED] - Actual text and expected text of test object 'Object Repository/Form Verification/Drive to Thrive Form EN/Page_/input_City_1cea0cb2-2f5d-4e2d-9c1d-66cd6c282c6c_1' are matched.

2022-04-18 23:25:42 - [TEST_STEP][PASSED] - verifyElementPresent(findTestObject("Object Repository/Form Verification/Drive to Thrive Form EN/Page_/div_State"), 0): Object 'Object Repository/Form Verification/Drive to Thrive Form EN/Page_/div_State' is present

2022-04-18 23:25:42 - [MESSAGE][WARNING] - Timeout '0' is invalid. Using default page load timeout: '5'

2022-04-18 23:25:42 - [MESSAGE][PASSED] - Object 'Object Repository/Form Verification/Drive to Thrive Form EN/Page_/div_State' is present

2022-04-18 23:25:42 - [TEST_STEP][PASSED] - verifyElementText(findTestObject("Object Repository/Form Verification/Drive to Thrive Form EN/Page_/div_State"), "State"): Actual text and expected text of test object 'Object Repository/Form Verification/Drive to Thrive Form EN/Page_/div_State' are matched.

2022-04-18 23:25:43 - [MESSAGE][PASSED] - Actual text and expected text of test object 'Object Repository/Form Verification/Drive to Thrive Form EN/Page_/div_State' are matched.

2022-04-18 23:25:43 - [TEST_STEP][PASSED] - verifyElementText(findTestObject("Object Repository/Form Verification/Drive to Thrive Form EN/Page_/label_State"), ""): Actual text and expected text of test object 'Object Repository/Form Verification/Drive to Thrive Form EN/Page_/label_State' are matched.

2022-04-18 23:25:43 - [MESSAGE][PASSED] - Actual text and expected text of test object 'Object Repository/Form Verification/Drive to Thrive Form EN/Page_/label_State' are matched.

2022-04-18 23:25:43 - [TEST_STEP][PASSED] - verifyElementPresent(findTestObject("Object Repository/Form Verification/Drive to Thrive Form EN/Page_/input_Zip code_699e6d61-72d6-44bf-91fc-5f3a_d249c0"), 0): Object 'Object Repository/Form Verification/Drive to Thrive Form EN/Page_/input_Zip code_699e6d61-72d6-44bf-91fc-5f3a_d249c0' is present

2022-04-18 23:25:43 - [MESSAGE][WARNING] - Timeout '0' is invalid. Using default page load timeout: '5'

2022-04-18 23:25:44 - [MESSAGE][PASSED] - Object 'Object Repository/Form Verification/Drive to Thrive Form EN/Page_/input_Zip code_699e6d61-72d6-44bf-91fc-5f3a_d249c0' is present

2022-04-18 23:25:44 - [TEST_STEP][PASSED] - verifyElementText(findTestObject("Object Repository/Form Verification/Drive to Thrive Form EN/Page_/input_Zip code_699e6d61-72d6-44bf-91fc-5f3a_d249c0_1"), ""): Actual text and expected text of test object 'Object Repository/Form Verification/Drive to Thrive Form EN/Page_/input_Zip code_699e6d61-72d6-44bf-91fc-5f3a_d249c0_1' are matched.

2022-04-18 23:25:44 - [MESSAGE][PASSED] - Actual text and expected text of test object 'Object Repository/Form Verification/Drive to Thrive Form EN/Page_/input_Zip code_699e6d61-72d6-44bf-91fc-5f3a_d249c0_1' are matched.

2022-04-18 23:25:44 - [TEST_STEP][PASSED] - verifyElementText(findTestObject("Object Repository/Form Verification/Drive to Thrive Form EN/Page_/p_3. Set password"), "3. Set password."): Actual text and expected text of test object 'Object Repository/Form Verification/Drive to Thrive Form EN/Page_/p_3. Set password' are matched.

2022-04-18 23:25:45 - [MESSAGE][PASSED] - Actual text and expected text of test object 'Object Repository/Form Verification/Drive to Thrive Form EN/Page_/p_3. Set password' are matched.

2022-04-18 23:25:45 - [TEST_STEP][PASSED] - verifyElementPresent(findTestObject("Object Repository/Form Verification/Drive to Thrive Form EN/Page_/input_Password_0c92672a-af33-4c66-910a-5dd1_f15064"), 0): Object 'Object Repository/Form Verification/Drive to Thrive Form EN/Page_/input_Password_0c92672a-af33-4c66-910a-5dd1_f15064' is present

2022-04-18 23:25:45 - [MESSAGE][WARNING] - Timeout '0' is invalid. Using default page load timeout: '5'

2022-04-18 23:25:45 - [MESSAGE][PASSED] - Object 'Object Repository/Form Verification/Drive to Thrive Form EN/Page_/input_Password_0c92672a-af33-4c66-910a-5dd1_f15064' is present

2022-04-18 23:25:45 - [TEST_STEP][PASSED] - verifyElementText(findTestObject("Object Repository/Form Verification/Drive to Thrive Form EN/Page_/input_Password_0c92672a-af33-4c66-910a-5dd1_f15064_1"), ""): Actual text and expected text of test object 'Object Repository/Form Verification/Drive to Thrive Form EN/Page_/input_Password_0c92672a-af33-4c66-910a-5dd1_f15064_1' are matched.

2022-04-18 23:25:45 - [MESSAGE][PASSED] - Actual text and expected text of test object 'Object Repository/Form Verification/Drive to Thrive Form EN/Page_/input_Password_0c92672a-af33-4c66-910a-5dd1_f15064_1' are matched.

2022-04-18 23:25:45 - [TEST_STEP][PASSED] - verifyElementPresent(findTestObject("Object Repository/Form Verification/Drive to Thrive Form EN/Page_/button_Hide"), 0): Object 'Object Repository/Form Verification/Drive to Thrive Form EN/Page_/button_Hide' is present

2022-04-18 23:25:46 - [MESSAGE][WARNING] - Timeout '0' is invalid. Using default page load timeout: '5'

2022-04-18 23:25:46 - [MESSAGE][PASSED] - Object 'Object Repository/Form Verification/Drive to Thrive Form EN/Page_/button_Hide' is present

2022-04-18 23:25:46 - [TEST_STEP][PASSED] - verifyElementPresent(findTestObject("Object Repository/Form Verification/Drive to Thrive Form EN/Page_/span_Password must contain"), 0): Object 'Object Repository/Form Verification/Drive to Thrive Form EN/Page_/span_Password must contain' is present

2022-04-18 23:25:46 - [MESSAGE][WARNING] - Timeout '0' is invalid. Using default page load timeout: '5'

2022-04-18 23:25:46 - [MESSAGE][PASSED] - Object 'Object Repository/Form Verification/Drive to Thrive Form EN/Page_/span_Password must contain' is present

2022-04-18 23:25:46 - [TEST_STEP][PASSED] - verifyElementPresent(findTestObject("Object Repository/Form Verification/Drive to Thrive Form EN/Page_/span_At least 8 characters"), 0): Object 'Object Repository/Form Verification/Drive to Thrive Form EN/Page_/span_At least 8 characters' is present

2022-04-18 23:25:46 - [MESSAGE][WARNING] - Timeout '0' is invalid. Using default page load timeout: '5'

2022-04-18 23:25:47 - [MESSAGE][PASSED] - Object 'Object Repository/Form Verification/Drive to Thrive Form EN/Page_/span_At least 8 characters' is present

2022-04-18 23:25:47 - [TEST_STEP][PASSED] - verifyElementPresent(findTestObject("Object Repository/Form Verification/Drive to Thrive Form EN/Page_/span_A lowercase letter"), 0): Object 'Object Repository/Form Verification/Drive to Thrive Form EN/Page_/span_A lowercase letter' is present

2022-04-18 23:25:47 - [MESSAGE][WARNING] - Timeout '0' is invalid. Using default page load timeout: '5'

2022-04-18 23:25:47 - [MESSAGE][PASSED] - Object 'Object Repository/Form Verification/Drive to Thrive Form EN/Page_/span_A lowercase letter' is present

2022-04-18 23:25:47 - [TEST_STEP][PASSED] - verifyElementPresent(findTestObject("Object Repository/Form Verification/Drive to Thrive Form EN/Page_/span_An uppercase letter"), 0): Object 'Object Repository/Form Verification/Drive to Thrive Form EN/Page_/span_An uppercase letter' is present

2022-04-18 23:25:47 - [MESSAGE][WARNING] - Timeout '0' is invalid. Using default page load timeout: '5'

2022-04-18 23:25:48 - [MESSAGE][PASSED] - Object 'Object Repository/Form Verification/Drive to Thrive Form EN/Page_/span_An uppercase letter' is present

2022-04-18 23:25:48 - [TEST_STEP][PASSED] - verifyElementPresent(findTestObject("Object Repository/Form Verification/Drive to Thrive Form EN/Page_/span_A number"), 0): Object 'Object Repository/Form Verification/Drive to Thrive Form EN/Page_/span_A number' is present

2022-04-18 23:25:48 - [MESSAGE][WARNING] - Timeout '0' is invalid. Using default page load timeout: '5'

2022-04-18 23:25:48 - [MESSAGE][PASSED] - Object 'Object Repository/Form Verification/Drive to Thrive Form EN/Page_/span_A number' is present

2022-04-18 23:25:48 - [TEST_STEP][PASSED] - verifyElementPresent(findTestObject("Object Repository/Form Verification/Drive to Thrive Form EN/Page_/span_A special character"), 0): Object 'Object Repository/Form Verification/Drive to Thrive Form EN/Page_/span_A special character' is present

2022-04-18 23:25:48 - [MESSAGE][WARNING] - Timeout '0' is invalid. Using default page load timeout: '5'

2022-04-18 23:25:48 - [MESSAGE][PASSED] - Object 'Object Repository/Form Verification/Drive to Thrive Form EN/Page_/span_A special character' is present

2022-04-18 23:25:48 - [TEST_STEP][PASSED] - verifyElementPresent(findTestObject("Object Repository/Form Verification/Drive to Thrive Form EN/Page_/span_Must not be your email address"), 0): Object 'Object Repository/Form Verification/Drive to Thrive Form EN/Page_/span_Must not be your email address' is present

2022-04-18 23:25:49 - [MESSAGE][WARNING] - Timeout '0' is invalid. Using default page load timeout: '5'

2022-04-18 23:25:49 - [MESSAGE][PASSED] - Object 'Object Repository/Form Verification/Drive to Thrive Form EN/Page_/span_Must not be your email address' is present

2022-04-18 23:25:49 - [TEST_STEP][PASSED] - verifyElementText(findTestObject("Object Repository/Form Verification/Drive to Thrive Form EN/Page_/span_Password must contain"), "Password must contain:"): Actual text and expected text of test object 'Object Repository/Form Verification/Drive to Thrive Form EN/Page_/span_Password must contain' are matched.

2022-04-18 23:25:49 - [MESSAGE][PASSED] - Actual text and expected text of test object 'Object Repository/Form Verification/Drive to Thrive Form EN/Page_/span_Password must contain' are matched.

2022-04-18 23:25:49 - [TEST_STEP][PASSED] - verifyElementText(findTestObject("Object Repository/Form Verification/Drive to Thrive Form EN/Page_/span_At least 8 characters"), "At least 8 characters"): Actual text and expected text of test object 'Object Repository/Form Verification/Drive to Thrive Form EN/Page_/span_At least 8 characters' are matched.

2022-04-18 23:25:50 - [MESSAGE][PASSED] - Actual text and expected text of test object 'Object Repository/Form Verification/Drive to Thrive Form EN/Page_/span_At least 8 characters' are matched.

2022-04-18 23:25:50 - [TEST_STEP][PASSED] - verifyElementText(findTestObject("Object Repository/Form Verification/Drive to Thrive Form EN/Page_/span_A lowercase letter"), "A lowercase letter"): Actual text and expected text of test object 'Object Repository/Form Verification/Drive to Thrive Form EN/Page_/span_A lowercase letter' are matched.

2022-04-18 23:25:50 - [MESSAGE][PASSED] - Actual text and expected text of test object 'Object Repository/Form Verification/Drive to Thrive Form EN/Page_/span_A lowercase letter' are matched.

2022-04-18 23:25:50 - [TEST_STEP][PASSED] - verifyElementText(findTestObject("Object Repository/Form Verification/Drive to Thrive Form EN/Page_/span_An uppercase letter"), "An uppercase letter"): Actual text and expected text of test object 'Object Repository/Form Verification/Drive to Thrive Form EN/Page_/span_An uppercase letter' are matched.

2022-04-18 23:25:51 - [MESSAGE][PASSED] - Actual text and expected text of test object 'Object Repository/Form Verification/Drive to Thrive Form EN/Page_/span_An uppercase letter' are matched.

2022-04-18 23:25:51 - [TEST_STEP][PASSED] - verifyElementText(findTestObject("Object Repository/Form Verification/Drive to Thrive Form EN/Page_/span_A number"), "A number"): Actual text and expected text of test object 'Object Repository/Form Verification/Drive to Thrive Form EN/Page_/span_A number' are matched.

2022-04-18 23:25:51 - [MESSAGE][PASSED] - Actual text and expected text of test object 'Object Repository/Form Verification/Drive to Thrive Form EN/Page_/span_A number' are matched.

2022-04-18 23:25:51 - [TEST_STEP][PASSED] - verifyElementText(findTestObject("Object Repository/Form Verification/Drive to Thrive Form EN/Page_/span_A special character"), "A special character"): Actual text and expected text of test object 'Object Repository/Form Verification/Drive to Thrive Form EN/Page_/span_A special character' are matched.

2022-04-18 23:25:51 - [MESSAGE][PASSED] - Actual text and expected text of test object 'Object Repository/Form Verification/Drive to Thrive Form EN/Page_/span_A special character' are matched.

2022-04-18 23:25:51 - [TEST_STEP][PASSED] - verifyElementText(findTestObject("Object Repository/Form Verification/Drive to Thrive Form EN/Page_/span_Must not be your email address"), "Must not be your email address"): Actual text and expected text of test object 'Object Repository/Form Verification/Drive to Thrive Form EN/Page_/span_Must not be your email address' are matched.

2022-04-18 23:25:52 - [MESSAGE][PASSED] - Actual text and expected text of test object 'Object Repository/Form Verification/Drive to Thrive Form EN/Page_/span_Must not be your email address' are matched.

2022-04-18 23:25:52 - [TEST_STEP][PASSED] - verifyElementPresent(findTestObject("Object Repository/Form Verification/Drive to Thrive Form EN/Page_/p_4. Stay up to date via SMS"), 0): Object 'Object Repository/Form Verification/Drive to Thrive Form EN/Page_/p_4. Stay up to date via SMS' is present

2022-04-18 23:25:52 - [MESSAGE][WARNING] - Timeout '0' is invalid. Using default page load timeout: '5'

2022-04-18 23:25:52 - [MESSAGE][PASSED] - Object 'Object Repository/Form Verification/Drive to Thrive Form EN/Page_/p_4. Stay up to date via SMS' is present

2022-04-18 23:25:52 - [TEST_STEP][PASSED] - verifyElementText(findTestObject("Object Repository/Form Verification/Drive to Thrive Form EN/Page_/p_4. Stay up to date via SMS"), "4. Stay up to date via SMS."): Actual text and expected text of test object 'Object Repository/Form Verification/Drive to Thrive Form EN/Page_/p_4. Stay up to date via SMS' are matched.

2022-04-18 23:25:53 - [MESSAGE][PASSED] - Actual text and expected text of test object 'Object Repository/Form Verification/Drive to Thrive Form EN/Page_/p_4. Stay up to date via SMS' are matched.

2022-04-18 23:25:53 - [TEST_STEP][PASSED] - verifyElementText(findTestObject("Object Repository/Form Verification/Drive to Thrive Form EN/Page_/span_via SMS"), "via SMS"): Actual text and expected text of test object 'Object Repository/Form Verification/Drive to Thrive Form EN/Page_/span_via SMS' are matched.

2022-04-18 23:25:53 - [MESSAGE][PASSED] - Actual text and expected text of test object 'Object Repository/Form Verification/Drive to Thrive Form EN/Page_/span_via SMS' are matched.

2022-04-18 23:25:53 - [TEST_STEP][PASSED] - verifyElementPresent(findTestObject("Object Repository/Form Verification/Drive to Thrive Form EN/Page_/div_You will receive the latest product and_c60db3"), 0): Object 'Object Repository/Form Verification/Drive to Thrive Form EN/Page_/div_You will receive the latest product and_c60db3' is present

2022-04-18 23:25:53 - [MESSAGE][WARNING] - Timeout '0' is invalid. Using default page load timeout: '5'

2022-04-18 23:25:54 - [MESSAGE][PASSED] - Object 'Object Repository/Form Verification/Drive to Thrive Form EN/Page_/div_You will receive the latest product and_c60db3' is present

2022-04-18 23:25:54 - [TEST_STEP][PASSED] - verifyElementText(findTestObject("Object Repository/Form Verification/Drive to Thrive Form EN/Page_/div_You will receive the latest product and_c60db3"), "You will receive the latest product and discount information."): Actual text and expected text of test object 'Object Repository/Form Verification/Drive to Thrive Form EN/Page_/div_You will receive the latest product and_c60db3' are matched.

2022-04-18 23:25:54 - [MESSAGE][PASSED] - Actual text and expected text of test object 'Object Repository/Form Verification/Drive to Thrive Form EN/Page_/div_You will receive the latest product and_c60db3' are matched.

2022-04-18 23:25:54 - [TEST_STEP][PASSED] - verifyElementPresent(findTestObject("Object Repository/Form Verification/Drive to Thrive Form EN/Page_/input_Mobile phone (optional)_de90bf96-74b5_dd48ac"), 0): Object 'Object Repository/Form Verification/Drive to Thrive Form EN/Page_/input_Mobile phone (optional)_de90bf96-74b5_dd48ac' is present

2022-04-18 23:25:54 - [MESSAGE][WARNING] - Timeout '0' is invalid. Using default page load timeout: '5'

2022-04-18 23:25:55 - [MESSAGE][PASSED] - Object 'Object Repository/Form Verification/Drive to Thrive Form EN/Page_/input_Mobile phone (optional)_de90bf96-74b5_dd48ac' is present

2022-04-18 23:25:55 - [TEST_STEP][PASSED] - verifyElementText(findTestObject("Object Repository/Form Verification/Drive to Thrive Form EN/Page_/input_Mobile phone (optional)_de90bf96-74b5_dd48ac_1"), ""): Actual text and expected text of test object 'Object Repository/Form Verification/Drive to Thrive Form EN/Page_/input_Mobile phone (optional)_de90bf96-74b5_dd48ac_1' are matched.

2022-04-18 23:25:55 - [MESSAGE][PASSED] - Actual text and expected text of test object 'Object Repository/Form Verification/Drive to Thrive Form EN/Page_/input_Mobile phone (optional)_de90bf96-74b5_dd48ac_1' are matched.

2022-04-18 23:25:55 - [TEST_STEP][FAILED] - verifyElementPresent(findTestObject("Object Repository/Form Verification/Drive to Thrive Form EN/Page_/span_Consent to Receive Certain Text Messag_3845ec"), 0): com.kms.katalon.core.webui.exception.WebElementNotFoundException: Web element with id: 'Object Repository/Form Verification/Drive to Thrive Form EN/Page_/span_Consent to Receive Certain Text Messag_3845ec' located by '//div[@id='__next']/div/div/main/article/section[2]/div/div[2]/div/div/div/form/section/div/div[9]/div/div[2]/label/div/div/div/p/span' not found (Root cause: com.kms.katalon.core.exception.StepFailedException: com.kms.katalon.core.webui.exception.WebElementNotFoundException: Web element with id: 'Object Repository/Form Verification/Drive to Thrive Form EN/Page_/span_Consent to Receive Certain Text Messag_3845ec' located by '//div[@id='__next']/div/div/main/article/section[2]/div/div[2]/div/div/div/form/section/div/div[9]/div/div[2]/label/div/div/div/p/span' not found
	at com.kms.katalon.core.webui.keyword.internal.WebUIKeywordMain.stepFailed(WebUIKeywordMain.groovy:64)
	at com.kms.katalon.core.webui.keyword.builtin.VerifyElementPresentKeyword$_verifyElementPresent_closure1.doCall(VerifyElementPresentKeyword.groovy:85)
	at com.kms.katalon.core.webui.keyword.builtin.VerifyElementPresentKeyword$_verifyElementPresent_closure1.call(VerifyElementPresentKeyword.groovy)
	at com.kms.katalon.core.webui.keyword.internal.WebUIKeywordMain.runKeyword(WebUIKeywordMain.groovy:20)
	at com.kms.katalon.core.webui.keyword.builtin.VerifyElementPresentKeyword.verifyElementPresent(VerifyElementPresentKeyword.groovy:92)
	at com.kms.katalon.core.webui.keyword.builtin.VerifyElementPresentKeyword.execute(VerifyElementPresentKeyword.groovy:68)
	at com.kms.katalon.core.keyword.internal.KeywordExecutor.executeKeywordForPlatform(KeywordExecutor.groovy:74)
	at com.kms.katalon.core.webui.keyword.WebUiBuiltInKeywords.verifyElementPresent(WebUiBuiltInKeywords.groovy:1464)
	at com.kms.katalon.core.webui.keyword.WebUiBuiltInKeywords$verifyElementPresent$4.call(Unknown Source)
	at Drive to Thrive - Form Verification - UAT.run(Drive to Thrive - Form Verification - UAT:210)
	at com.kms.katalon.core.main.ScriptEngine.run(ScriptEngine.java:194)
	at com.kms.katalon.core.main.ScriptEngine.runScriptAsRawText(ScriptEngine.java:119)
	at com.kms.katalon.core.main.TestCaseExecutor.runScript(TestCaseExecutor.java:445)
	at com.kms.katalon.core.main.TestCaseExecutor.doExecute(TestCaseExecutor.java:436)
	at com.kms.katalon.core.main.TestCaseExecutor.processExecutionPhase(TestCaseExecutor.java:415)
	at com.kms.katalon.core.main.TestCaseExecutor.accessMainPhase(TestCaseExecutor.java:407)
	at com.kms.katalon.core.main.TestCaseExecutor.execute(TestCaseExecutor.java:284)
	at com.kms.katalon.core.common.CommonExecutor.accessTestCaseMainPhase(CommonExecutor.java:65)
	at com.kms.katalon.core.main.TestSuiteExecutor.accessTestSuiteMainPhase(TestSuiteExecutor.java:144)
	at com.kms.katalon.core.main.TestSuiteExecutor.execute(TestSuiteExecutor.java:106)
	at com.kms.katalon.core.main.TestCaseMain.startTestSuite(TestCaseMain.java:185)
	at com.kms.katalon.core.main.TestCaseMain$startTestSuite$0.call(Unknown Source)
	at TempTestSuite1650304259606.run(TempTestSuite1650304259606.groovy:36)
)

2022-04-18 23:25:55 - [MESSAGE][WARNING] - Timeout '0' is invalid. Using default page load timeout: '5'

2022-04-18 23:26:01 - [MESSAGE][INFO] - Unable to find the element located by 'By.xpath: //div[@id='__next']/div/div/main/article/section[2]/div/div[2]/div/div/div/form/section/div/div[9]/div/div[2]/label/div/div/div/p/span'. Please recheck the objects properties to make sure the desired element is located. 

2022-04-18 23:26:02 - [MESSAGE][FAILED] - com.kms.katalon.core.webui.exception.WebElementNotFoundException: Web element with id: 'Object Repository/Form Verification/Drive to Thrive Form EN/Page_/span_Consent to Receive Certain Text Messag_3845ec' located by '//div[@id='__next']/div/div/main/article/section[2]/div/div[2]/div/div/div/form/section/div/div[9]/div/div[2]/label/div/div/div/p/span' not found (Root cause: com.kms.katalon.core.exception.StepFailedException: com.kms.katalon.core.webui.exception.WebElementNotFoundException: Web element with id: 'Object Repository/Form Verification/Drive to Thrive Form EN/Page_/span_Consent to Receive Certain Text Messag_3845ec' located by '//div[@id='__next']/div/div/main/article/section[2]/div/div[2]/div/div/div/form/section/div/div[9]/div/div[2]/label/div/div/div/p/span' not found
	at com.kms.katalon.core.webui.keyword.internal.WebUIKeywordMain.stepFailed(WebUIKeywordMain.groovy:64)
	at com.kms.katalon.core.webui.keyword.builtin.VerifyElementPresentKeyword$_verifyElementPresent_closure1.doCall(VerifyElementPresentKeyword.groovy:85)
	at com.kms.katalon.core.webui.keyword.builtin.VerifyElementPresentKeyword$_verifyElementPresent_closure1.call(VerifyElementPresentKeyword.groovy)
	at com.kms.katalon.core.webui.keyword.internal.WebUIKeywordMain.runKeyword(WebUIKeywordMain.groovy:20)
	at com.kms.katalon.core.webui.keyword.builtin.VerifyElementPresentKeyword.verifyElementPresent(VerifyElementPresentKeyword.groovy:92)
	at com.kms.katalon.core.webui.keyword.builtin.VerifyElementPresentKeyword.execute(VerifyElementPresentKeyword.groovy:68)
	at com.kms.katalon.core.keyword.internal.KeywordExecutor.executeKeywordForPlatform(KeywordExecutor.groovy:74)
	at com.kms.katalon.core.webui.keyword.WebUiBuiltInKeywords.verifyElementPresent(WebUiBuiltInKeywords.groovy:1464)
	at com.kms.katalon.core.webui.keyword.WebUiBuiltInKeywords$verifyElementPresent$4.call(Unknown Source)
	at Drive to Thrive - Form Verification - UAT.run(Drive to Thrive - Form Verification - UAT:210)
	at com.kms.katalon.core.main.ScriptEngine.run(ScriptEngine.java:194)
	at com.kms.katalon.core.main.ScriptEngine.runScriptAsRawText(ScriptEngine.java:119)
	at com.kms.katalon.core.main.TestCaseExecutor.runScript(TestCaseExecutor.java:445)
	at com.kms.katalon.core.main.TestCaseExecutor.doExecute(TestCaseExecutor.java:436)
	at com.kms.katalon.core.main.TestCaseExecutor.processExecutionPhase(TestCaseExecutor.java:415)
	at com.kms.katalon.core.main.TestCaseExecutor.accessMainPhase(TestCaseExecutor.java:407)
	at com.kms.katalon.core.main.TestCaseExecutor.execute(TestCaseExecutor.java:284)
	at com.kms.katalon.core.common.CommonExecutor.accessTestCaseMainPhase(CommonExecutor.java:65)
	at com.kms.katalon.core.main.TestSuiteExecutor.accessTestSuiteMainPhase(TestSuiteExecutor.java:144)
	at com.kms.katalon.core.main.TestSuiteExecutor.execute(TestSuiteExecutor.java:106)
	at com.kms.katalon.core.main.TestCaseMain.startTestSuite(TestCaseMain.java:185)
	at com.kms.katalon.core.main.TestCaseMain$startTestSuite$0.call(Unknown Source)
	at TempTestSuite1650304259606.run(TempTestSuite1650304259606.groovy:36)
)
[[ATTACHMENT|D:\\SmoketestSuite\\enfamilUS\\Reports\\20220418_232059\\SmokeTestCollection - Venkat\\SmokeTestSuite-Collection - UAT\\20220418_232059\\1650304561904.png]]

2022-04-18 23:26:02 - [TEST_STEP][FAILED] - verifyElementText(findTestObject("Object Repository/Form Verification/Drive to Thrive Form EN/Page_/span_Consent to Receive Certain Text Messag_3845ec"), "Consent to Receive Certain Text Messages: By signing up for Enfamil text alerts you will receive occasional messages that include information regarding infant and toddler formula. Message and data rates may apply. Text STOP to cancel, HELP for help. By opting-in, you agree to get texts from Enfamil at your mobile number, which may be sent through an automatic telephone dialing system. Your consent to receive such texts is not required for you to obtain any Enfamil products."): com.kms.katalon.core.webui.exception.WebElementNotFoundException: Web element with id: 'Object Repository/Form Verification/Drive to Thrive Form EN/Page_/span_Consent to Receive Certain Text Messag_3845ec' located by '//div[@id='__next']/div/div/main/article/section[2]/div/div[2]/div/div/div/form/section/div/div[9]/div/div[2]/label/div/div/div/p/span' not found (Root cause: com.kms.katalon.core.exception.StepFailedException: com.kms.katalon.core.webui.exception.WebElementNotFoundException: Web element with id: 'Object Repository/Form Verification/Drive to Thrive Form EN/Page_/span_Consent to Receive Certain Text Messag_3845ec' located by '//div[@id='__next']/div/div/main/article/section[2]/div/div[2]/div/div/div/form/section/div/div[9]/div/div[2]/label/div/div/div/p/span' not found
	at com.kms.katalon.core.webui.keyword.internal.WebUIKeywordMain.stepFailed(WebUIKeywordMain.groovy:64)
	at com.kms.katalon.core.webui.keyword.builtin.VerifyElementTextKeyword$_verifyElementText_closure1.doCall(VerifyElementTextKeyword.groovy:64)
	at com.kms.katalon.core.webui.keyword.builtin.VerifyElementTextKeyword$_verifyElementText_closure1.call(VerifyElementTextKeyword.groovy)
	at com.kms.katalon.core.webui.keyword.internal.WebUIKeywordMain.runKeyword(WebUIKeywordMain.groovy:20)
	at com.kms.katalon.core.webui.keyword.builtin.VerifyElementTextKeyword.verifyElementText(VerifyElementTextKeyword.groovy:72)
	at com.kms.katalon.core.webui.keyword.builtin.VerifyElementTextKeyword.execute(VerifyElementTextKeyword.groovy:40)
	at com.kms.katalon.core.keyword.internal.KeywordExecutor.executeKeywordForPlatform(KeywordExecutor.groovy:74)
	at com.kms.katalon.core.webui.keyword.WebUiBuiltInKeywords.verifyElementText(WebUiBuiltInKeywords.groovy:4749)
	at com.kms.katalon.core.webui.keyword.WebUiBuiltInKeywords$verifyElementText$5.call(Unknown Source)
	at Drive to Thrive - Form Verification - UAT.run(Drive to Thrive - Form Verification - UAT:213)
	at com.kms.katalon.core.main.ScriptEngine.run(ScriptEngine.java:194)
	at com.kms.katalon.core.main.ScriptEngine.runScriptAsRawText(ScriptEngine.java:119)
	at com.kms.katalon.core.main.TestCaseExecutor.runScript(TestCaseExecutor.java:445)
	at com.kms.katalon.core.main.TestCaseExecutor.doExecute(TestCaseExecutor.java:436)
	at com.kms.katalon.core.main.TestCaseExecutor.processExecutionPhase(TestCaseExecutor.java:415)
	at com.kms.katalon.core.main.TestCaseExecutor.accessMainPhase(TestCaseExecutor.java:407)
	at com.kms.katalon.core.main.TestCaseExecutor.execute(TestCaseExecutor.java:284)
	at com.kms.katalon.core.common.CommonExecutor.accessTestCaseMainPhase(CommonExecutor.java:65)
	at com.kms.katalon.core.main.TestSuiteExecutor.accessTestSuiteMainPhase(TestSuiteExecutor.java:144)
	at com.kms.katalon.core.main.TestSuiteExecutor.execute(TestSuiteExecutor.java:106)
	at com.kms.katalon.core.main.TestCaseMain.startTestSuite(TestCaseMain.java:185)
	at com.kms.katalon.core.main.TestCaseMain$startTestSuite$0.call(Unknown Source)
	at TempTestSuite1650304259606.run(TempTestSuite1650304259606.groovy:36)
)

2022-04-18 23:26:08 - [MESSAGE][INFO] - Unable to find the element located by 'By.xpath: //div[@id='__next']/div/div/main/article/section[2]/div/div[2]/div/div/div/form/section/div/div[9]/div/div[2]/label/div/div/div/p/span'. Please recheck the objects properties to make sure the desired element is located. 

2022-04-18 23:26:08 - [MESSAGE][FAILED] - com.kms.katalon.core.webui.exception.WebElementNotFoundException: Web element with id: 'Object Repository/Form Verification/Drive to Thrive Form EN/Page_/span_Consent to Receive Certain Text Messag_3845ec' located by '//div[@id='__next']/div/div/main/article/section[2]/div/div[2]/div/div/div/form/section/div/div[9]/div/div[2]/label/div/div/div/p/span' not found (Root cause: com.kms.katalon.core.exception.StepFailedException: com.kms.katalon.core.webui.exception.WebElementNotFoundException: Web element with id: 'Object Repository/Form Verification/Drive to Thrive Form EN/Page_/span_Consent to Receive Certain Text Messag_3845ec' located by '//div[@id='__next']/div/div/main/article/section[2]/div/div[2]/div/div/div/form/section/div/div[9]/div/div[2]/label/div/div/div/p/span' not found
	at com.kms.katalon.core.webui.keyword.internal.WebUIKeywordMain.stepFailed(WebUIKeywordMain.groovy:64)
	at com.kms.katalon.core.webui.keyword.builtin.VerifyElementTextKeyword$_verifyElementText_closure1.doCall(VerifyElementTextKeyword.groovy:64)
	at com.kms.katalon.core.webui.keyword.builtin.VerifyElementTextKeyword$_verifyElementText_closure1.call(VerifyElementTextKeyword.groovy)
	at com.kms.katalon.core.webui.keyword.internal.WebUIKeywordMain.runKeyword(WebUIKeywordMain.groovy:20)
	at com.kms.katalon.core.webui.keyword.builtin.VerifyElementTextKeyword.verifyElementText(VerifyElementTextKeyword.groovy:72)
	at com.kms.katalon.core.webui.keyword.builtin.VerifyElementTextKeyword.execute(VerifyElementTextKeyword.groovy:40)
	at com.kms.katalon.core.keyword.internal.KeywordExecutor.executeKeywordForPlatform(KeywordExecutor.groovy:74)
	at com.kms.katalon.core.webui.keyword.WebUiBuiltInKeywords.verifyElementText(WebUiBuiltInKeywords.groovy:4749)
	at com.kms.katalon.core.webui.keyword.WebUiBuiltInKeywords$verifyElementText$5.call(Unknown Source)
	at Drive to Thrive - Form Verification - UAT.run(Drive to Thrive - Form Verification - UAT:213)
	at com.kms.katalon.core.main.ScriptEngine.run(ScriptEngine.java:194)
	at com.kms.katalon.core.main.ScriptEngine.runScriptAsRawText(ScriptEngine.java:119)
	at com.kms.katalon.core.main.TestCaseExecutor.runScript(TestCaseExecutor.java:445)
	at com.kms.katalon.core.main.TestCaseExecutor.doExecute(TestCaseExecutor.java:436)
	at com.kms.katalon.core.main.TestCaseExecutor.processExecutionPhase(TestCaseExecutor.java:415)
	at com.kms.katalon.core.main.TestCaseExecutor.accessMainPhase(TestCaseExecutor.java:407)
	at com.kms.katalon.core.main.TestCaseExecutor.execute(TestCaseExecutor.java:284)
	at com.kms.katalon.core.common.CommonExecutor.accessTestCaseMainPhase(CommonExecutor.java:65)
	at com.kms.katalon.core.main.TestSuiteExecutor.accessTestSuiteMainPhase(TestSuiteExecutor.java:144)
	at com.kms.katalon.core.main.TestSuiteExecutor.execute(TestSuiteExecutor.java:106)
	at com.kms.katalon.core.main.TestCaseMain.startTestSuite(TestCaseMain.java:185)
	at com.kms.katalon.core.main.TestCaseMain$startTestSuite$0.call(Unknown Source)
	at TempTestSuite1650304259606.run(TempTestSuite1650304259606.groovy:36)
)
[[ATTACHMENT|D:\\SmoketestSuite\\enfamilUS\\Reports\\20220418_232059\\SmokeTestCollection - Venkat\\SmokeTestSuite-Collection - UAT\\20220418_232059\\1650304568329.png]]

2022-04-18 23:26:08 - [TEST_STEP][FAILED] - verifyElementPresent(findTestObject("Object Repository/Form Verification/Drive to Thrive Form EN/Page_/label_Consent to Receive Certain Text Messa_5ce4cc"), 0): com.kms.katalon.core.webui.exception.WebElementNotFoundException: Web element with id: 'Object Repository/Form Verification/Drive to Thrive Form EN/Page_/label_Consent to Receive Certain Text Messa_5ce4cc' located by '//div[@id='__next']/div/div/main/article/section[2]/div/div[2]/div/div/div/form/section/div/div[9]/div/div[2]/label' not found (Root cause: com.kms.katalon.core.exception.StepFailedException: com.kms.katalon.core.webui.exception.WebElementNotFoundException: Web element with id: 'Object Repository/Form Verification/Drive to Thrive Form EN/Page_/label_Consent to Receive Certain Text Messa_5ce4cc' located by '//div[@id='__next']/div/div/main/article/section[2]/div/div[2]/div/div/div/form/section/div/div[9]/div/div[2]/label' not found
	at com.kms.katalon.core.webui.keyword.internal.WebUIKeywordMain.stepFailed(WebUIKeywordMain.groovy:64)
	at com.kms.katalon.core.webui.keyword.builtin.VerifyElementPresentKeyword$_verifyElementPresent_closure1.doCall(VerifyElementPresentKeyword.groovy:85)
	at com.kms.katalon.core.webui.keyword.builtin.VerifyElementPresentKeyword$_verifyElementPresent_closure1.call(VerifyElementPresentKeyword.groovy)
	at com.kms.katalon.core.webui.keyword.internal.WebUIKeywordMain.runKeyword(WebUIKeywordMain.groovy:20)
	at com.kms.katalon.core.webui.keyword.builtin.VerifyElementPresentKeyword.verifyElementPresent(VerifyElementPresentKeyword.groovy:92)
	at com.kms.katalon.core.webui.keyword.builtin.VerifyElementPresentKeyword.execute(VerifyElementPresentKeyword.groovy:68)
	at com.kms.katalon.core.keyword.internal.KeywordExecutor.executeKeywordForPlatform(KeywordExecutor.groovy:74)
	at com.kms.katalon.core.webui.keyword.WebUiBuiltInKeywords.verifyElementPresent(WebUiBuiltInKeywords.groovy:1464)
	at com.kms.katalon.core.webui.keyword.WebUiBuiltInKeywords$verifyElementPresent$4.call(Unknown Source)
	at Drive to Thrive - Form Verification - UAT.run(Drive to Thrive - Form Verification - UAT:216)
	at com.kms.katalon.core.main.ScriptEngine.run(ScriptEngine.java:194)
	at com.kms.katalon.core.main.ScriptEngine.runScriptAsRawText(ScriptEngine.java:119)
	at com.kms.katalon.core.main.TestCaseExecutor.runScript(TestCaseExecutor.java:445)
	at com.kms.katalon.core.main.TestCaseExecutor.doExecute(TestCaseExecutor.java:436)
	at com.kms.katalon.core.main.TestCaseExecutor.processExecutionPhase(TestCaseExecutor.java:415)
	at com.kms.katalon.core.main.TestCaseExecutor.accessMainPhase(TestCaseExecutor.java:407)
	at com.kms.katalon.core.main.TestCaseExecutor.execute(TestCaseExecutor.java:284)
	at com.kms.katalon.core.common.CommonExecutor.accessTestCaseMainPhase(CommonExecutor.java:65)
	at com.kms.katalon.core.main.TestSuiteExecutor.accessTestSuiteMainPhase(TestSuiteExecutor.java:144)
	at com.kms.katalon.core.main.TestSuiteExecutor.execute(TestSuiteExecutor.java:106)
	at com.kms.katalon.core.main.TestCaseMain.startTestSuite(TestCaseMain.java:185)
	at com.kms.katalon.core.main.TestCaseMain$startTestSuite$0.call(Unknown Source)
	at TempTestSuite1650304259606.run(TempTestSuite1650304259606.groovy:36)
)

2022-04-18 23:26:08 - [MESSAGE][WARNING] - Timeout '0' is invalid. Using default page load timeout: '5'

2022-04-18 23:26:14 - [MESSAGE][INFO] - Unable to find the element located by 'By.xpath: //div[@id='__next']/div/div/main/article/section[2]/div/div[2]/div/div/div/form/section/div/div[9]/div/div[2]/label'. Please recheck the objects properties to make sure the desired element is located. 

2022-04-18 23:26:14 - [MESSAGE][FAILED] - com.kms.katalon.core.webui.exception.WebElementNotFoundException: Web element with id: 'Object Repository/Form Verification/Drive to Thrive Form EN/Page_/label_Consent to Receive Certain Text Messa_5ce4cc' located by '//div[@id='__next']/div/div/main/article/section[2]/div/div[2]/div/div/div/form/section/div/div[9]/div/div[2]/label' not found (Root cause: com.kms.katalon.core.exception.StepFailedException: com.kms.katalon.core.webui.exception.WebElementNotFoundException: Web element with id: 'Object Repository/Form Verification/Drive to Thrive Form EN/Page_/label_Consent to Receive Certain Text Messa_5ce4cc' located by '//div[@id='__next']/div/div/main/article/section[2]/div/div[2]/div/div/div/form/section/div/div[9]/div/div[2]/label' not found
	at com.kms.katalon.core.webui.keyword.internal.WebUIKeywordMain.stepFailed(WebUIKeywordMain.groovy:64)
	at com.kms.katalon.core.webui.keyword.builtin.VerifyElementPresentKeyword$_verifyElementPresent_closure1.doCall(VerifyElementPresentKeyword.groovy:85)
	at com.kms.katalon.core.webui.keyword.builtin.VerifyElementPresentKeyword$_verifyElementPresent_closure1.call(VerifyElementPresentKeyword.groovy)
	at com.kms.katalon.core.webui.keyword.internal.WebUIKeywordMain.runKeyword(WebUIKeywordMain.groovy:20)
	at com.kms.katalon.core.webui.keyword.builtin.VerifyElementPresentKeyword.verifyElementPresent(VerifyElementPresentKeyword.groovy:92)
	at com.kms.katalon.core.webui.keyword.builtin.VerifyElementPresentKeyword.execute(VerifyElementPresentKeyword.groovy:68)
	at com.kms.katalon.core.keyword.internal.KeywordExecutor.executeKeywordForPlatform(KeywordExecutor.groovy:74)
	at com.kms.katalon.core.webui.keyword.WebUiBuiltInKeywords.verifyElementPresent(WebUiBuiltInKeywords.groovy:1464)
	at com.kms.katalon.core.webui.keyword.WebUiBuiltInKeywords$verifyElementPresent$4.call(Unknown Source)
	at Drive to Thrive - Form Verification - UAT.run(Drive to Thrive - Form Verification - UAT:216)
	at com.kms.katalon.core.main.ScriptEngine.run(ScriptEngine.java:194)
	at com.kms.katalon.core.main.ScriptEngine.runScriptAsRawText(ScriptEngine.java:119)
	at com.kms.katalon.core.main.TestCaseExecutor.runScript(TestCaseExecutor.java:445)
	at com.kms.katalon.core.main.TestCaseExecutor.doExecute(TestCaseExecutor.java:436)
	at com.kms.katalon.core.main.TestCaseExecutor.processExecutionPhase(TestCaseExecutor.java:415)
	at com.kms.katalon.core.main.TestCaseExecutor.accessMainPhase(TestCaseExecutor.java:407)
	at com.kms.katalon.core.main.TestCaseExecutor.execute(TestCaseExecutor.java:284)
	at com.kms.katalon.core.common.CommonExecutor.accessTestCaseMainPhase(CommonExecutor.java:65)
	at com.kms.katalon.core.main.TestSuiteExecutor.accessTestSuiteMainPhase(TestSuiteExecutor.java:144)
	at com.kms.katalon.core.main.TestSuiteExecutor.execute(TestSuiteExecutor.java:106)
	at com.kms.katalon.core.main.TestCaseMain.startTestSuite(TestCaseMain.java:185)
	at com.kms.katalon.core.main.TestCaseMain$startTestSuite$0.call(Unknown Source)
	at TempTestSuite1650304259606.run(TempTestSuite1650304259606.groovy:36)
)
[[ATTACHMENT|D:\\SmoketestSuite\\enfamilUS\\Reports\\20220418_232059\\SmokeTestCollection - Venkat\\SmokeTestSuite-Collection - UAT\\20220418_232059\\1650304574622.png]]

2022-04-18 23:26:14 - [TEST_STEP][FAILED] - verifyElementPresent(findTestObject("Object Repository/Form Verification/Drive to Thrive Form EN/Page_/p_Consent to Receive Certain Text Messages _e143b0"), 0): com.kms.katalon.core.webui.exception.WebElementNotFoundException: Web element with id: 'Object Repository/Form Verification/Drive to Thrive Form EN/Page_/p_Consent to Receive Certain Text Messages _e143b0' located by '//div[@id='__next']/div/div/main/article/section[2]/div/div[2]/div/div/div/form/section/div/div[9]/div/div[2]/label/div/div/div/p' not found (Root cause: com.kms.katalon.core.exception.StepFailedException: com.kms.katalon.core.webui.exception.WebElementNotFoundException: Web element with id: 'Object Repository/Form Verification/Drive to Thrive Form EN/Page_/p_Consent to Receive Certain Text Messages _e143b0' located by '//div[@id='__next']/div/div/main/article/section[2]/div/div[2]/div/div/div/form/section/div/div[9]/div/div[2]/label/div/div/div/p' not found
	at com.kms.katalon.core.webui.keyword.internal.WebUIKeywordMain.stepFailed(WebUIKeywordMain.groovy:64)
	at com.kms.katalon.core.webui.keyword.builtin.VerifyElementPresentKeyword$_verifyElementPresent_closure1.doCall(VerifyElementPresentKeyword.groovy:85)
	at com.kms.katalon.core.webui.keyword.builtin.VerifyElementPresentKeyword$_verifyElementPresent_closure1.call(VerifyElementPresentKeyword.groovy)
	at com.kms.katalon.core.webui.keyword.internal.WebUIKeywordMain.runKeyword(WebUIKeywordMain.groovy:20)
	at com.kms.katalon.core.webui.keyword.builtin.VerifyElementPresentKeyword.verifyElementPresent(VerifyElementPresentKeyword.groovy:92)
	at com.kms.katalon.core.webui.keyword.builtin.VerifyElementPresentKeyword.execute(VerifyElementPresentKeyword.groovy:68)
	at com.kms.katalon.core.keyword.internal.KeywordExecutor.executeKeywordForPlatform(KeywordExecutor.groovy:74)
	at com.kms.katalon.core.webui.keyword.WebUiBuiltInKeywords.verifyElementPresent(WebUiBuiltInKeywords.groovy:1464)
	at com.kms.katalon.core.webui.keyword.WebUiBuiltInKeywords$verifyElementPresent$4.call(Unknown Source)
	at Drive to Thrive - Form Verification - UAT.run(Drive to Thrive - Form Verification - UAT:219)
	at com.kms.katalon.core.main.ScriptEngine.run(ScriptEngine.java:194)
	at com.kms.katalon.core.main.ScriptEngine.runScriptAsRawText(ScriptEngine.java:119)
	at com.kms.katalon.core.main.TestCaseExecutor.runScript(TestCaseExecutor.java:445)
	at com.kms.katalon.core.main.TestCaseExecutor.doExecute(TestCaseExecutor.java:436)
	at com.kms.katalon.core.main.TestCaseExecutor.processExecutionPhase(TestCaseExecutor.java:415)
	at com.kms.katalon.core.main.TestCaseExecutor.accessMainPhase(TestCaseExecutor.java:407)
	at com.kms.katalon.core.main.TestCaseExecutor.execute(TestCaseExecutor.java:284)
	at com.kms.katalon.core.common.CommonExecutor.accessTestCaseMainPhase(CommonExecutor.java:65)
	at com.kms.katalon.core.main.TestSuiteExecutor.accessTestSuiteMainPhase(TestSuiteExecutor.java:144)
	at com.kms.katalon.core.main.TestSuiteExecutor.execute(TestSuiteExecutor.java:106)
	at com.kms.katalon.core.main.TestCaseMain.startTestSuite(TestCaseMain.java:185)
	at com.kms.katalon.core.main.TestCaseMain$startTestSuite$0.call(Unknown Source)
	at TempTestSuite1650304259606.run(TempTestSuite1650304259606.groovy:36)
)

2022-04-18 23:26:14 - [MESSAGE][WARNING] - Timeout '0' is invalid. Using default page load timeout: '5'

2022-04-18 23:26:21 - [MESSAGE][INFO] - Unable to find the element located by 'By.xpath: //div[@id='__next']/div/div/main/article/section[2]/div/div[2]/div/div/div/form/section/div/div[9]/div/div[2]/label/div/div/div/p'. Please recheck the objects properties to make sure the desired element is located. 

2022-04-18 23:26:21 - [MESSAGE][FAILED] - com.kms.katalon.core.webui.exception.WebElementNotFoundException: Web element with id: 'Object Repository/Form Verification/Drive to Thrive Form EN/Page_/p_Consent to Receive Certain Text Messages _e143b0' located by '//div[@id='__next']/div/div/main/article/section[2]/div/div[2]/div/div/div/form/section/div/div[9]/div/div[2]/label/div/div/div/p' not found (Root cause: com.kms.katalon.core.exception.StepFailedException: com.kms.katalon.core.webui.exception.WebElementNotFoundException: Web element with id: 'Object Repository/Form Verification/Drive to Thrive Form EN/Page_/p_Consent to Receive Certain Text Messages _e143b0' located by '//div[@id='__next']/div/div/main/article/section[2]/div/div[2]/div/div/div/form/section/div/div[9]/div/div[2]/label/div/div/div/p' not found
	at com.kms.katalon.core.webui.keyword.internal.WebUIKeywordMain.stepFailed(WebUIKeywordMain.groovy:64)
	at com.kms.katalon.core.webui.keyword.builtin.VerifyElementPresentKeyword$_verifyElementPresent_closure1.doCall(VerifyElementPresentKeyword.groovy:85)
	at com.kms.katalon.core.webui.keyword.builtin.VerifyElementPresentKeyword$_verifyElementPresent_closure1.call(VerifyElementPresentKeyword.groovy)
	at com.kms.katalon.core.webui.keyword.internal.WebUIKeywordMain.runKeyword(WebUIKeywordMain.groovy:20)
	at com.kms.katalon.core.webui.keyword.builtin.VerifyElementPresentKeyword.verifyElementPresent(VerifyElementPresentKeyword.groovy:92)
	at com.kms.katalon.core.webui.keyword.builtin.VerifyElementPresentKeyword.execute(VerifyElementPresentKeyword.groovy:68)
	at com.kms.katalon.core.keyword.internal.KeywordExecutor.executeKeywordForPlatform(KeywordExecutor.groovy:74)
	at com.kms.katalon.core.webui.keyword.WebUiBuiltInKeywords.verifyElementPresent(WebUiBuiltInKeywords.groovy:1464)
	at com.kms.katalon.core.webui.keyword.WebUiBuiltInKeywords$verifyElementPresent$4.call(Unknown Source)
	at Drive to Thrive - Form Verification - UAT.run(Drive to Thrive - Form Verification - UAT:219)
	at com.kms.katalon.core.main.ScriptEngine.run(ScriptEngine.java:194)
	at com.kms.katalon.core.main.ScriptEngine.runScriptAsRawText(ScriptEngine.java:119)
	at com.kms.katalon.core.main.TestCaseExecutor.runScript(TestCaseExecutor.java:445)
	at com.kms.katalon.core.main.TestCaseExecutor.doExecute(TestCaseExecutor.java:436)
	at com.kms.katalon.core.main.TestCaseExecutor.processExecutionPhase(TestCaseExecutor.java:415)
	at com.kms.katalon.core.main.TestCaseExecutor.accessMainPhase(TestCaseExecutor.java:407)
	at com.kms.katalon.core.main.TestCaseExecutor.execute(TestCaseExecutor.java:284)
	at com.kms.katalon.core.common.CommonExecutor.accessTestCaseMainPhase(CommonExecutor.java:65)
	at com.kms.katalon.core.main.TestSuiteExecutor.accessTestSuiteMainPhase(TestSuiteExecutor.java:144)
	at com.kms.katalon.core.main.TestSuiteExecutor.execute(TestSuiteExecutor.java:106)
	at com.kms.katalon.core.main.TestCaseMain.startTestSuite(TestCaseMain.java:185)
	at com.kms.katalon.core.main.TestCaseMain$startTestSuite$0.call(Unknown Source)
	at TempTestSuite1650304259606.run(TempTestSuite1650304259606.groovy:36)
)
[[ATTACHMENT|D:\\SmoketestSuite\\enfamilUS\\Reports\\20220418_232059\\SmokeTestCollection - Venkat\\SmokeTestSuite-Collection - UAT\\20220418_232059\\1650304581156.png]]

2022-04-18 23:26:21 - [TEST_STEP][PASSED] - verifyElementPresent(findTestObject("Object Repository/Form Verification/Drive to Thrive Form EN/Page_/p_5. Customize your profile for you and your baby"), 0): Object 'Object Repository/Form Verification/Drive to Thrive Form EN/Page_/p_5. Customize your profile for you and your baby' is present

2022-04-18 23:26:21 - [MESSAGE][WARNING] - Timeout '0' is invalid. Using default page load timeout: '5'

2022-04-18 23:26:21 - [MESSAGE][PASSED] - Object 'Object Repository/Form Verification/Drive to Thrive Form EN/Page_/p_5. Customize your profile for you and your baby' is present

2022-04-18 23:26:21 - [TEST_STEP][PASSED] - verifyElementText(findTestObject("Object Repository/Form Verification/Drive to Thrive Form EN/Page_/p_5. Customize your profile for you and your baby"), "5. Customize your profile for you and your baby."): Actual text and expected text of test object 'Object Repository/Form Verification/Drive to Thrive Form EN/Page_/p_5. Customize your profile for you and your baby' are matched.

2022-04-18 23:26:22 - [MESSAGE][PASSED] - Actual text and expected text of test object 'Object Repository/Form Verification/Drive to Thrive Form EN/Page_/p_5. Customize your profile for you and your baby' are matched.

2022-04-18 23:26:22 - [TEST_STEP][PASSED] - verifyElementPresent(findTestObject("Object Repository/Form Verification/Drive to Thrive Form EN/Page_/div_Well provide tips and samples to fit yo_5c2778"), 0): Object 'Object Repository/Form Verification/Drive to Thrive Form EN/Page_/div_Well provide tips and samples to fit yo_5c2778' is present

2022-04-18 23:26:22 - [MESSAGE][WARNING] - Timeout '0' is invalid. Using default page load timeout: '5'

2022-04-18 23:26:22 - [MESSAGE][PASSED] - Object 'Object Repository/Form Verification/Drive to Thrive Form EN/Page_/div_Well provide tips and samples to fit yo_5c2778' is present

2022-04-18 23:26:22 - [TEST_STEP][PASSED] - verifyElementText(findTestObject("Object Repository/Form Verification/Drive to Thrive Form EN/Page_/div_Well provide tips and samples to fit yo_5c2778"), "Weâ€™ll provide tips and samples to fit your needs."): Actual text and expected text of test object 'Object Repository/Form Verification/Drive to Thrive Form EN/Page_/div_Well provide tips and samples to fit yo_5c2778' are matched.

2022-04-18 23:26:23 - [MESSAGE][PASSED] - Actual text and expected text of test object 'Object Repository/Form Verification/Drive to Thrive Form EN/Page_/div_Well provide tips and samples to fit yo_5c2778' are matched.

2022-04-18 23:26:23 - [TEST_STEP][PASSED] - verifyElementPresent(findTestObject("Object Repository/Form Verification/Drive to Thrive Form EN/Page_/label_Babys Due Date or Birth Date"), 0): Object 'Object Repository/Form Verification/Drive to Thrive Form EN/Page_/label_Babys Due Date or Birth Date' is present

2022-04-18 23:26:23 - [MESSAGE][WARNING] - Timeout '0' is invalid. Using default page load timeout: '5'

2022-04-18 23:26:23 - [MESSAGE][PASSED] - Object 'Object Repository/Form Verification/Drive to Thrive Form EN/Page_/label_Babys Due Date or Birth Date' is present

2022-04-18 23:26:23 - [TEST_STEP][PASSED] - verifyElementText(findTestObject("Object Repository/Form Verification/Drive to Thrive Form EN/Page_/label_Babys Due Date or Birth Date"), "Baby's Due Date or Birth Date"): Actual text and expected text of test object 'Object Repository/Form Verification/Drive to Thrive Form EN/Page_/label_Babys Due Date or Birth Date' are matched.

2022-04-18 23:26:23 - [MESSAGE][PASSED] - Actual text and expected text of test object 'Object Repository/Form Verification/Drive to Thrive Form EN/Page_/label_Babys Due Date or Birth Date' are matched.

2022-04-18 23:26:23 - [TEST_STEP][PASSED] - verifyElementPresent(findTestObject("Object Repository/Form Verification/Drive to Thrive Form EN/Page_/input_concat(Baby, , s Due Date or Birth Da_cb1f65"), 0): Object 'Object Repository/Form Verification/Drive to Thrive Form EN/Page_/input_concat(Baby, , s Due Date or Birth Da_cb1f65' is present

2022-04-18 23:26:23 - [MESSAGE][WARNING] - Timeout '0' is invalid. Using default page load timeout: '5'

2022-04-18 23:26:24 - [MESSAGE][PASSED] - Object 'Object Repository/Form Verification/Drive to Thrive Form EN/Page_/input_concat(Baby, , s Due Date or Birth Da_cb1f65' is present

2022-04-18 23:26:24 - [TEST_STEP][PASSED] - verifyElementVisible(findTestObject("Object Repository/Form Verification/Drive to Thrive Form EN/Page_/input_concat(Baby, , s Due Date or Birth Da_cb1f65_1")): Object 'Object Repository/Form Verification/Drive to Thrive Form EN/Page_/input_concat(Baby, , s Due Date or Birth Da_cb1f65_1' is visible

2022-04-18 23:26:24 - [MESSAGE][PASSED] - Object 'Object Repository/Form Verification/Drive to Thrive Form EN/Page_/input_concat(Baby, , s Due Date or Birth Da_cb1f65_1' is visible

2022-04-18 23:26:24 - [TEST_STEP][PASSED] - verifyElementPresent(findTestObject("Object Repository/Form Verification/Drive to Thrive Form EN/Page_/button_Why"), 0): Object 'Object Repository/Form Verification/Drive to Thrive Form EN/Page_/button_Why' is present

2022-04-18 23:26:24 - [MESSAGE][WARNING] - Timeout '0' is invalid. Using default page load timeout: '5'

2022-04-18 23:26:25 - [MESSAGE][PASSED] - Object 'Object Repository/Form Verification/Drive to Thrive Form EN/Page_/button_Why' is present

2022-04-18 23:26:25 - [TEST_STEP][PASSED] - verifyElementText(findTestObject("Object Repository/Form Verification/Drive to Thrive Form EN/Page_/button_Why"), "Why?"): Actual text and expected text of test object 'Object Repository/Form Verification/Drive to Thrive Form EN/Page_/button_Why' are matched.

2022-04-18 23:26:25 - [MESSAGE][PASSED] - Actual text and expected text of test object 'Object Repository/Form Verification/Drive to Thrive Form EN/Page_/button_Why' are matched.

2022-04-18 23:26:25 - [TEST_STEP][PASSED] - verifyElementPresent(findTestObject("Object Repository/Form Verification/Drive to Thrive Form EN/Page_/p_Relationship to child"), 0): Object 'Object Repository/Form Verification/Drive to Thrive Form EN/Page_/p_Relationship to child' is present

2022-04-18 23:26:25 - [MESSAGE][WARNING] - Timeout '0' is invalid. Using default page load timeout: '5'

2022-04-18 23:26:26 - [MESSAGE][PASSED] - Object 'Object Repository/Form Verification/Drive to Thrive Form EN/Page_/p_Relationship to child' is present

2022-04-18 23:26:26 - [TEST_STEP][PASSED] - verifyElementText(findTestObject("Object Repository/Form Verification/Drive to Thrive Form EN/Page_/p_Relationship to child"), "Relationship to child"): Actual text and expected text of test object 'Object Repository/Form Verification/Drive to Thrive Form EN/Page_/p_Relationship to child' are matched.

2022-04-18 23:26:26 - [MESSAGE][PASSED] - Actual text and expected text of test object 'Object Repository/Form Verification/Drive to Thrive Form EN/Page_/p_Relationship to child' are matched.

2022-04-18 23:26:26 - [TEST_STEP][PASSED] - verifyElementPresent(findTestObject("Object Repository/Form Verification/Drive to Thrive Form EN/Page_/div_Select one"), 0): Object 'Object Repository/Form Verification/Drive to Thrive Form EN/Page_/div_Select one' is present

2022-04-18 23:26:26 - [MESSAGE][WARNING] - Timeout '0' is invalid. Using default page load timeout: '5'

2022-04-18 23:26:26 - [MESSAGE][PASSED] - Object 'Object Repository/Form Verification/Drive to Thrive Form EN/Page_/div_Select one' is present

2022-04-18 23:26:26 - [TEST_STEP][PASSED] - verifyElementText(findTestObject("Object Repository/Form Verification/Drive to Thrive Form EN/Page_/div_Select one"), "Select one"): Actual text and expected text of test object 'Object Repository/Form Verification/Drive to Thrive Form EN/Page_/div_Select one' are matched.

2022-04-18 23:26:27 - [MESSAGE][PASSED] - Actual text and expected text of test object 'Object Repository/Form Verification/Drive to Thrive Form EN/Page_/div_Select one' are matched.

2022-04-18 23:26:27 - [TEST_STEP][PASSED] - verifyElementText(findTestObject("Object Repository/Form Verification/Drive to Thrive Form EN/Page_/div_Select one"), "Select one"): Actual text and expected text of test object 'Object Repository/Form Verification/Drive to Thrive Form EN/Page_/div_Select one' are matched.

2022-04-18 23:26:27 - [MESSAGE][PASSED] - Actual text and expected text of test object 'Object Repository/Form Verification/Drive to Thrive Form EN/Page_/div_Select one' are matched.

2022-04-18 23:26:27 - [TEST_STEP][PASSED] - verifyElementPresent(findTestObject("Object Repository/Form Verification/Drive to Thrive Form EN/Page_/span_How are you currently feeding your little one"), 0): Object 'Object Repository/Form Verification/Drive to Thrive Form EN/Page_/span_How are you currently feeding your little one' is present

2022-04-18 23:26:27 - [MESSAGE][WARNING] - Timeout '0' is invalid. Using default page load timeout: '5'

2022-04-18 23:26:28 - [MESSAGE][PASSED] - Object 'Object Repository/Form Verification/Drive to Thrive Form EN/Page_/span_How are you currently feeding your little one' is present

2022-04-18 23:26:28 - [TEST_STEP][PASSED] - verifyElementText(findTestObject("Object Repository/Form Verification/Drive to Thrive Form EN/Page_/span_How are you currently feeding your little one"), "How are you currently feeding your little one?"): Actual text and expected text of test object 'Object Repository/Form Verification/Drive to Thrive Form EN/Page_/span_How are you currently feeding your little one' are matched.

2022-04-18 23:26:28 - [MESSAGE][PASSED] - Actual text and expected text of test object 'Object Repository/Form Verification/Drive to Thrive Form EN/Page_/span_How are you currently feeding your little one' are matched.

2022-04-18 23:26:28 - [TEST_STEP][PASSED] - verifyElementPresent(findTestObject("Object Repository/Form Verification/Drive to Thrive Form EN/Page_/span_(optional)"), 0): Object 'Object Repository/Form Verification/Drive to Thrive Form EN/Page_/span_(optional)' is present

2022-04-18 23:26:28 - [MESSAGE][WARNING] - Timeout '0' is invalid. Using default page load timeout: '5'

2022-04-18 23:26:28 - [MESSAGE][PASSED] - Object 'Object Repository/Form Verification/Drive to Thrive Form EN/Page_/span_(optional)' is present

2022-04-18 23:26:28 - [TEST_STEP][PASSED] - verifyElementText(findTestObject("Object Repository/Form Verification/Drive to Thrive Form EN/Page_/span_(optional)"), "(optional)"): Actual text and expected text of test object 'Object Repository/Form Verification/Drive to Thrive Form EN/Page_/span_(optional)' are matched.

2022-04-18 23:26:29 - [MESSAGE][PASSED] - Actual text and expected text of test object 'Object Repository/Form Verification/Drive to Thrive Form EN/Page_/span_(optional)' are matched.

2022-04-18 23:26:29 - [TEST_STEP][PASSED] - verifyElementPresent(findTestObject("Form Verification/Drive to Thrive Form EN/Page_/div_Select one - Copy"), 0): Object 'Object Repository/Form Verification/Drive to Thrive Form EN/Page_/div_Select one - Copy' is present

2022-04-18 23:26:29 - [MESSAGE][WARNING] - Timeout '0' is invalid. Using default page load timeout: '5'

2022-04-18 23:26:29 - [MESSAGE][PASSED] - Object 'Object Repository/Form Verification/Drive to Thrive Form EN/Page_/div_Select one - Copy' is present

2022-04-18 23:26:29 - [TEST_STEP][PASSED] - verifyElementText(findTestObject("Form Verification/Drive to Thrive Form EN/Page_/div_Select one - Copy"), "Select one"): Actual text and expected text of test object 'Object Repository/Form Verification/Drive to Thrive Form EN/Page_/div_Select one - Copy' are matched.

2022-04-18 23:26:30 - [MESSAGE][PASSED] - Actual text and expected text of test object 'Object Repository/Form Verification/Drive to Thrive Form EN/Page_/div_Select one - Copy' are matched.

2022-04-18 23:26:30 - [TEST_STEP][PASSED] - verifyElementPresent(findTestObject("Object Repository/Form Verification/Drive to Thrive Form EN/Page_/div_Do you expect to receive infant formula_e140e3"), 0): Object 'Object Repository/Form Verification/Drive to Thrive Form EN/Page_/div_Do you expect to receive infant formula_e140e3' is present

2022-04-18 23:26:30 - [MESSAGE][WARNING] - Timeout '0' is invalid. Using default page load timeout: '5'

2022-04-18 23:26:30 - [MESSAGE][PASSED] - Object 'Object Repository/Form Verification/Drive to Thrive Form EN/Page_/div_Do you expect to receive infant formula_e140e3' is present

2022-04-18 23:26:30 - [TEST_STEP][PASSED] - verifyElementText(findTestObject("Object Repository/Form Verification/Drive to Thrive Form EN/Page_/p_Do you expect to receive infant formula f_11fd50"), "Do you expect to receive infant formula from the government-sponsored Special Supplemental Nutrition Program for Women, Infants, and Children (WIC)?"): Actual text and expected text of test object 'Object Repository/Form Verification/Drive to Thrive Form EN/Page_/p_Do you expect to receive infant formula f_11fd50' are matched.

2022-04-18 23:26:31 - [MESSAGE][PASSED] - Actual text and expected text of test object 'Object Repository/Form Verification/Drive to Thrive Form EN/Page_/p_Do you expect to receive infant formula f_11fd50' are matched.

2022-04-18 23:26:31 - [TEST_STEP][PASSED] - verifyElementPresent(findTestObject("Object Repository/Form Verification/Drive to Thrive Form EN/Page_/p_Your answer helps us personalize your experience"), 0): Object 'Object Repository/Form Verification/Drive to Thrive Form EN/Page_/p_Your answer helps us personalize your experience' is present

2022-04-18 23:26:31 - [MESSAGE][WARNING] - Timeout '0' is invalid. Using default page load timeout: '5'

2022-04-18 23:26:31 - [MESSAGE][PASSED] - Object 'Object Repository/Form Verification/Drive to Thrive Form EN/Page_/p_Your answer helps us personalize your experience' is present

2022-04-18 23:26:31 - [TEST_STEP][PASSED] - verifyElementText(findTestObject("Object Repository/Form Verification/Drive to Thrive Form EN/Page_/p_Your answer helps us personalize your experience"), "Your answer helps us personalize your experience."): Actual text and expected text of test object 'Object Repository/Form Verification/Drive to Thrive Form EN/Page_/p_Your answer helps us personalize your experience' are matched.

2022-04-18 23:26:31 - [MESSAGE][PASSED] - Actual text and expected text of test object 'Object Repository/Form Verification/Drive to Thrive Form EN/Page_/p_Your answer helps us personalize your experience' are matched.

2022-04-18 23:26:31 - [TEST_STEP][PASSED] - verifyElementPresent(findTestObject("Object Repository/Form Verification/Drive to Thrive Form EN/Page_/label_Yes"), 0): Object 'Object Repository/Form Verification/Drive to Thrive Form EN/Page_/label_Yes' is present

2022-04-18 23:26:32 - [MESSAGE][WARNING] - Timeout '0' is invalid. Using default page load timeout: '5'

2022-04-18 23:26:32 - [MESSAGE][PASSED] - Object 'Object Repository/Form Verification/Drive to Thrive Form EN/Page_/label_Yes' is present

2022-04-18 23:26:32 - [TEST_STEP][PASSED] - verifyElementText(findTestObject("Object Repository/Form Verification/Drive to Thrive Form EN/Page_/label_Yes"), "Yes"): Actual text and expected text of test object 'Object Repository/Form Verification/Drive to Thrive Form EN/Page_/label_Yes' are matched.

2022-04-18 23:26:32 - [MESSAGE][PASSED] - Actual text and expected text of test object 'Object Repository/Form Verification/Drive to Thrive Form EN/Page_/label_Yes' are matched.

2022-04-18 23:26:32 - [TEST_STEP][PASSED] - verifyElementPresent(findTestObject("Object Repository/Form Verification/Drive to Thrive Form EN/Page_/label_No"), 0): Object 'Object Repository/Form Verification/Drive to Thrive Form EN/Page_/label_No' is present

2022-04-18 23:26:32 - [MESSAGE][WARNING] - Timeout '0' is invalid. Using default page load timeout: '5'

2022-04-18 23:26:33 - [MESSAGE][PASSED] - Object 'Object Repository/Form Verification/Drive to Thrive Form EN/Page_/label_No' is present

2022-04-18 23:26:33 - [TEST_STEP][PASSED] - verifyElementText(findTestObject("Object Repository/Form Verification/Drive to Thrive Form EN/Page_/label_No"), "No"): Actual text and expected text of test object 'Object Repository/Form Verification/Drive to Thrive Form EN/Page_/label_No' are matched.

2022-04-18 23:26:33 - [MESSAGE][PASSED] - Actual text and expected text of test object 'Object Repository/Form Verification/Drive to Thrive Form EN/Page_/label_No' are matched.

2022-04-18 23:26:33 - [TEST_STEP][PASSED] - verifyElementPresent(findTestObject("Object Repository/Form Verification/Drive to Thrive Form EN/Page_/label_Not sure"), 0): Object 'Object Repository/Form Verification/Drive to Thrive Form EN/Page_/label_Not sure' is present

2022-04-18 23:26:33 - [MESSAGE][WARNING] - Timeout '0' is invalid. Using default page load timeout: '5'

2022-04-18 23:26:34 - [MESSAGE][PASSED] - Object 'Object Repository/Form Verification/Drive to Thrive Form EN/Page_/label_Not sure' is present

2022-04-18 23:26:34 - [TEST_STEP][PASSED] - verifyElementText(findTestObject("Object Repository/Form Verification/Drive to Thrive Form EN/Page_/label_Not sure"), "Not sure"): Actual text and expected text of test object 'Object Repository/Form Verification/Drive to Thrive Form EN/Page_/label_Not sure' are matched.

2022-04-18 23:26:34 - [MESSAGE][PASSED] - Actual text and expected text of test object 'Object Repository/Form Verification/Drive to Thrive Form EN/Page_/label_Not sure' are matched.

2022-04-18 23:26:34 - [TEST_STEP][PASSED] - verifyElementPresent(findTestObject("Object Repository/Form Verification/Drive to Thrive Form EN/Page_/p_Terms and Conditions"), 0): Object 'Object Repository/Form Verification/Drive to Thrive Form EN/Page_/p_Terms and Conditions' is present

2022-04-18 23:26:34 - [MESSAGE][WARNING] - Timeout '0' is invalid. Using default page load timeout: '5'

2022-04-18 23:26:35 - [MESSAGE][PASSED] - Object 'Object Repository/Form Verification/Drive to Thrive Form EN/Page_/p_Terms and Conditions' is present

2022-04-18 23:26:35 - [TEST_STEP][PASSED] - verifyElementText(findTestObject("Object Repository/Form Verification/Drive to Thrive Form EN/Page_/p_Terms and Conditions"), "Terms and Conditions"): Actual text and expected text of test object 'Object Repository/Form Verification/Drive to Thrive Form EN/Page_/p_Terms and Conditions' are matched.

2022-04-18 23:26:35 - [MESSAGE][PASSED] - Actual text and expected text of test object 'Object Repository/Form Verification/Drive to Thrive Form EN/Page_/p_Terms and Conditions' are matched.

2022-04-18 23:26:35 - [TEST_STEP][PASSED] - verifyElementText(findTestObject("Object Repository/Form Verification/Drive to Thrive Form EN/Page_/p_By clicking Submit, I agree to join the E_ddbe4c"), "By clicking â€œSubmitâ€�, I agree to join the EnfamilÂ® EnfacareÂ® Drive to Thrive program and to receive free samples, offers and other communications from the Drive to Thrive Support program and receive other information and offers on family-related health and hygiene products and services from Mead Johnson Nutritionâ€™s affiliated companies. I understand that my information will be shared with such affiliates and will be used in accordance with their own privacy policies. By joining, I acknowledge that I have reviewed and agree to the Terms of Use and Privacy Policy."): Actual text and expected text of test object 'Object Repository/Form Verification/Drive to Thrive Form EN/Page_/p_By clicking Submit, I agree to join the E_ddbe4c' are matched.

2022-04-18 23:26:35 - [MESSAGE][PASSED] - Actual text and expected text of test object 'Object Repository/Form Verification/Drive to Thrive Form EN/Page_/p_By clicking Submit, I agree to join the E_ddbe4c' are matched.

2022-04-18 23:26:35 - [TEST_STEP][PASSED] - verifyElementPresent(findTestObject("Object Repository/Form Verification/Drive to Thrive Form EN/Page_/p_By clicking Submit, I agree to join the E_ddbe4c"), 0): Object 'Object Repository/Form Verification/Drive to Thrive Form EN/Page_/p_By clicking Submit, I agree to join the E_ddbe4c' is present

2022-04-18 23:26:36 - [MESSAGE][WARNING] - Timeout '0' is invalid. Using default page load timeout: '5'

2022-04-18 23:26:36 - [MESSAGE][PASSED] - Object 'Object Repository/Form Verification/Drive to Thrive Form EN/Page_/p_By clicking Submit, I agree to join the E_ddbe4c' is present

2022-04-18 23:26:36 - [TEST_STEP][PASSED] - verifyElementText(findTestObject("Object Repository/Form Verification/Drive to Thrive Form EN/Page_/a_Terms of Use"), "Terms of Use"): Actual text and expected text of test object 'Object Repository/Form Verification/Drive to Thrive Form EN/Page_/a_Terms of Use' are matched.

2022-04-18 23:26:36 - [MESSAGE][PASSED] - Actual text and expected text of test object 'Object Repository/Form Verification/Drive to Thrive Form EN/Page_/a_Terms of Use' are matched.

2022-04-18 23:26:36 - [TEST_STEP][PASSED] - verifyElementPresent(findTestObject("Object Repository/Form Verification/Drive to Thrive Form EN/Page_/a_Terms of Use"), 0): Object 'Object Repository/Form Verification/Drive to Thrive Form EN/Page_/a_Terms of Use' is present

2022-04-18 23:26:36 - [MESSAGE][WARNING] - Timeout '0' is invalid. Using default page load timeout: '5'

2022-04-18 23:26:37 - [MESSAGE][PASSED] - Object 'Object Repository/Form Verification/Drive to Thrive Form EN/Page_/a_Terms of Use' is present

2022-04-18 23:26:37 - [TEST_STEP][PASSED] - verifyElementText(findTestObject("Object Repository/Form Verification/Drive to Thrive Form EN/Page_/a_Privacy Policy"), "Privacy Policy"): Actual text and expected text of test object 'Object Repository/Form Verification/Drive to Thrive Form EN/Page_/a_Privacy Policy' are matched.

2022-04-18 23:26:37 - [MESSAGE][PASSED] - Actual text and expected text of test object 'Object Repository/Form Verification/Drive to Thrive Form EN/Page_/a_Privacy Policy' are matched.

2022-04-18 23:26:37 - [TEST_STEP][PASSED] - verifyElementPresent(findTestObject("Object Repository/Form Verification/Drive to Thrive Form EN/Page_/a_Privacy Policy"), 0): Object 'Object Repository/Form Verification/Drive to Thrive Form EN/Page_/a_Privacy Policy' is present

2022-04-18 23:26:37 - [MESSAGE][WARNING] - Timeout '0' is invalid. Using default page load timeout: '5'

2022-04-18 23:26:38 - [MESSAGE][PASSED] - Object 'Object Repository/Form Verification/Drive to Thrive Form EN/Page_/a_Privacy Policy' is present

2022-04-18 23:26:38 - [TEST_STEP][PASSED] - verifyElementPresent(findTestObject("Object Repository/Form Verification/Drive to Thrive Form EN/Page_/button_Submit"), 0): Object 'Object Repository/Form Verification/Drive to Thrive Form EN/Page_/button_Submit' is present

2022-04-18 23:26:38 - [MESSAGE][WARNING] - Timeout '0' is invalid. Using default page load timeout: '5'

2022-04-18 23:26:38 - [MESSAGE][PASSED] - Object 'Object Repository/Form Verification/Drive to Thrive Form EN/Page_/button_Submit' is present

2022-04-18 23:26:38 - [TEST_STEP][PASSED] - verifyElementText(findTestObject("Object Repository/Form Verification/Drive to Thrive Form EN/Page_/button_Submit"), "Submit"): Actual text and expected text of test object 'Object Repository/Form Verification/Drive to Thrive Form EN/Page_/button_Submit' are matched.

2022-04-18 23:26:38 - [MESSAGE][PASSED] - Actual text and expected text of test object 'Object Repository/Form Verification/Drive to Thrive Form EN/Page_/button_Submit' are matched.

2022-04-18 23:26:38 - [TEST_STEP][PASSED] - click(findTestObject("Object Repository/Form Verification/Drive to Thrive Form EN/Page_/span_Home")): Object: 'Object Repository/Form Verification/Drive to Thrive Form EN/Page_/span_Home' is clicked on

2022-04-18 23:26:39 - [MESSAGE][PASSED] - Object: 'Object Repository/Form Verification/Drive to Thrive Form EN/Page_/span_Home' is clicked on

2022-04-18 23:26:39 - [TEST_STEP][PASSED] - delay(10): Delayed 10 second(s)

2022-04-18 23:26:49 - [MESSAGE][PASSED] - Delayed 10 second(s)

2022-04-18 23:26:49 - [TEST_STEP][PASSED] - title = getWindowTitle(): Current window's title is: 'Enfamil Newborn, Infant & Toddler Nutrition â”‚ Enfamil'

2022-04-18 23:26:49 - [MESSAGE][PASSED] - Current window's title is: 'Enfamil Newborn, Infant & Toddler Nutrition â”‚ Enfamil'

2022-04-18 23:26:49 - [TEST_STEP][PASSED] - verifyMatch(title, "Enfamil Newborn, Infant & Toddler Nutrition â”‚ Enfamil", false): Actual text 'Enfamil Newborn, Infant & Toddler Nutrition â”‚ Enfamil' and expected text 'Enfamil Newborn, Infant & Toddler Nutrition â”‚ Enfamil' are matched 

2022-04-18 23:26:49 - [MESSAGE][PASSED] - Actual text 'Enfamil Newborn, Infant & Toddler Nutrition â”‚ Enfamil' and expected text 'Enfamil Newborn, Infant & Toddler Nutrition â”‚ Enfamil' are matched 

2022-04-18 23:26:49 - [TEST_STEP][PASSED] - closeBrowser(): Browser is closed

2022-04-18 23:26:50 - [MESSAGE][PASSED] - Browser is closed]]></system-out>
         <system-err><![CDATA[2022-04-18 23:25:13 - [TEST_CASE][FAILED] - Test Cases/Venkat/Forms Verification/Drive to Thrive - Form Verification - UAT: Test Cases/Venkat/Forms Verification/Drive to Thrive - Form Verification - UAT FAILED.
Reason:
com.kms.katalon.core.exception.StepFailedException: com.kms.katalon.core.webui.exception.WebElementNotFoundException: Web element with id: 'Object Repository/Form Verification/Drive to Thrive Form EN/Page_/span_Consent to Receive Certain Text Messag_3845ec' located by '//div[@id='__next']/div/div/main/article/section[2]/div/div[2]/div/div/div/form/section/div/div[9]/div/div[2]/label/div/div/div/p/span' not found (Root cause: com.kms.katalon.core.exception.StepFailedException: com.kms.katalon.core.webui.exception.WebElementNotFoundException: Web element with id: 'Object Repository/Form Verification/Drive to Thrive Form EN/Page_/span_Consent to Receive Certain Text Messag_3845ec' located by '//div[@id='__next']/div/div/main/article/section[2]/div/div[2]/div/div/div/form/section/div/div[9]/div/div[2]/label/div/div/div/p/span' not found
	at com.kms.katalon.core.webui.keyword.internal.WebUIKeywordMain.stepFailed(WebUIKeywordMain.groovy:64)
	at com.kms.katalon.core.webui.keyword.builtin.VerifyElementPresentKeyword$_verifyElementPresent_closure1.doCall(VerifyElementPresentKeyword.groovy:85)
	at com.kms.katalon.core.webui.keyword.builtin.VerifyElementPresentKeyword$_verifyElementPresent_closure1.call(VerifyElementPresentKeyword.groovy)
	at com.kms.katalon.core.webui.keyword.internal.WebUIKeywordMain.runKeyword(WebUIKeywordMain.groovy:20)
	at com.kms.katalon.core.webui.keyword.builtin.VerifyElementPresentKeyword.verifyElementPresent(VerifyElementPresentKeyword.groovy:92)
	at com.kms.katalon.core.webui.keyword.builtin.VerifyElementPresentKeyword.execute(VerifyElementPresentKeyword.groovy:68)
	at com.kms.katalon.core.keyword.internal.KeywordExecutor.executeKeywordForPlatform(KeywordExecutor.groovy:74)
	at com.kms.katalon.core.webui.keyword.WebUiBuiltInKeywords.verifyElementPresent(WebUiBuiltInKeywords.groovy:1464)
	at com.kms.katalon.core.webui.keyword.WebUiBuiltInKeywords$verifyElementPresent$4.call(Unknown Source)
	at Drive to Thrive - Form Verification - UAT.run(Drive to Thrive - Form Verification - UAT:210)
	at com.kms.katalon.core.main.ScriptEngine.run(ScriptEngine.java:194)
	at com.kms.katalon.core.main.ScriptEngine.runScriptAsRawText(ScriptEngine.java:119)
	at com.kms.katalon.core.main.TestCaseExecutor.runScript(TestCaseExecutor.java:445)
	at com.kms.katalon.core.main.TestCaseExecutor.doExecute(TestCaseExecutor.java:436)
	at com.kms.katalon.core.main.TestCaseExecutor.processExecutionPhase(TestCaseExecutor.java:415)
	at com.kms.katalon.core.main.TestCaseExecutor.accessMainPhase(TestCaseExecutor.java:407)
	at com.kms.katalon.core.main.TestCaseExecutor.execute(TestCaseExecutor.java:284)
	at com.kms.katalon.core.common.CommonExecutor.accessTestCaseMainPhase(CommonExecutor.java:65)
	at com.kms.katalon.core.main.TestSuiteExecutor.accessTestSuiteMainPhase(TestSuiteExecutor.java:144)
	at com.kms.katalon.core.main.TestSuiteExecutor.execute(TestSuiteExecutor.java:106)
	at com.kms.katalon.core.main.TestCaseMain.startTestSuite(TestCaseMain.java:185)
	at com.kms.katalon.core.main.TestCaseMain$startTestSuite$0.call(Unknown Source)
	at TempTestSuite1650304259606.run(TempTestSuite1650304259606.groovy:36)
)
	at com.kms.katalon.core.keyword.internal.KeywordMain.stepFailed(KeywordMain.groovy:39)
	at com.kms.katalon.core.webui.keyword.internal.WebUIKeywordMain.stepFailed(WebUIKeywordMain.groovy:64)
	at com.kms.katalon.core.webui.keyword.builtin.VerifyElementPresentKeyword$_verifyElementPresent_closure1.doCall(VerifyElementPresentKeyword.groovy:85)
	at com.kms.katalon.core.webui.keyword.builtin.VerifyElementPresentKeyword$_verifyElementPresent_closure1.call(VerifyElementPresentKeyword.groovy)
	at com.kms.katalon.core.webui.keyword.internal.WebUIKeywordMain.runKeyword(WebUIKeywordMain.groovy:20)
	at com.kms.katalon.core.webui.keyword.builtin.VerifyElementPresentKeyword.verifyElementPresent(VerifyElementPresentKeyword.groovy:92)
	at com.kms.katalon.core.webui.keyword.builtin.VerifyElementPresentKeyword.execute(VerifyElementPresentKeyword.groovy:68)
	at com.kms.katalon.core.keyword.internal.KeywordExecutor.executeKeywordForPlatform(KeywordExecutor.groovy:74)
	at com.kms.katalon.core.webui.keyword.WebUiBuiltInKeywords.verifyElementPresent(WebUiBuiltInKeywords.groovy:1464)
	at com.kms.katalon.core.webui.keyword.WebUiBuiltInKeywords$verifyElementPresent$4.call(Unknown Source)
	at Drive to Thrive - Form Verification - UAT.run(Drive to Thrive - Form Verification - UAT:210)
	at com.kms.katalon.core.main.ScriptEngine.run(ScriptEngine.java:194)
	at com.kms.katalon.core.main.ScriptEngine.runScriptAsRawText(ScriptEngine.java:119)
	at com.kms.katalon.core.main.TestCaseExecutor.runScript(TestCaseExecutor.java:445)
	at com.kms.katalon.core.main.TestCaseExecutor.doExecute(TestCaseExecutor.java:436)
	at com.kms.katalon.core.main.TestCaseExecutor.processExecutionPhase(TestCaseExecutor.java:415)
	at com.kms.katalon.core.main.TestCaseExecutor.accessMainPhase(TestCaseExecutor.java:407)
	at com.kms.katalon.core.main.TestCaseExecutor.execute(TestCaseExecutor.java:284)
	at com.kms.katalon.core.common.CommonExecutor.accessTestCaseMainPhase(CommonExecutor.java:65)
	at com.kms.katalon.core.main.TestSuiteExecutor.accessTestSuiteMainPhase(TestSuiteExecutor.java:144)
	at com.kms.katalon.core.main.TestSuiteExecutor.execute(TestSuiteExecutor.java:106)
	at com.kms.katalon.core.main.TestCaseMain.startTestSuite(TestCaseMain.java:185)
	at com.kms.katalon.core.main.TestCaseMain$startTestSuite$0.call(Unknown Source)
	at TempTestSuite1650304259606.run(TempTestSuite1650304259606.groovy:36)
Caused by: com.kms.katalon.core.exception.StepFailedException: com.kms.katalon.core.webui.exception.WebElementNotFoundException: Web element with id: 'Object Repository/Form Verification/Drive to Thrive Form EN/Page_/span_Consent to Receive Certain Text Messag_3845ec' located by '//div[@id='__next']/div/div/main/article/section[2]/div/div[2]/div/div/div/form/section/div/div[9]/div/div[2]/label/div/div/div/p/span' not found
	... 23 more]]></system-err>
      </testcase>
      <testcase name="Test Cases/Venkat/Forms Verification/Enrollment - Form Verification - UAT" time="133.765" classname="Test Cases/Venkat/Forms Verification/Enrollment - Form Verification - UAT" status="FAILED">
         <failure type="FAILED" message="Test Cases/Venkat/Forms Verification/Enrollment - Form Verification - UAT FAILED.
Reason:
com.kms.katalon.core.exception.StepFailedException: com.kms.katalon.core.webui.exception.WebElementNotFoundException: Web element with id: 'Object Repository/Form Verification/Enrollment Form/Page_Free Baby Formula Samples  Coupons  Enfamil/p_Receive up to 70 in savings, plus monthly_835e26' located by '//p[(text() = 'Receive up to $70 in savings*, plus monthly emails with expert advice on caring for your premature baby.')]' not found (Root cause: com.kms.katalon.core.exception.StepFailedException: com.kms.katalon.core.webui.exception.WebElementNotFoundException: Web element with id: 'Object Repository/Form Verification/Enrollment Form/Page_Free Baby Formula Samples  Coupons  Enfamil/p_Receive up to 70 in savings, plus monthly_835e26' located by '//p[(text() = 'Receive up to $70 in savings*, plus monthly emails with expert advice on caring for your premature baby.')]' not found
	at com.kms.katalon.core.webui.keyword.internal.WebUIKeywordMain.stepFailed(WebUIKeywordMain.groovy:64)
	at com.kms.katalon.core.webui.keyword.builtin.VerifyElementPresentKeyword$_verifyElementPresent_closure1.doCall(VerifyElementPresentKeyword.groovy:85)
	at com.kms.katalon.core.webui.keyword.builtin.VerifyElementPresentKeyword$_verifyElementPresent_closure1.call(VerifyElementPresentKeyword.groovy)
	at com.kms.katalon.core.webui.keyword.internal.WebUIKeywordMain.runKeyword(WebUIKeywordMain.groovy:20)
	at com.kms.katalon.core.webui.keyword.builtin.VerifyElementPresentKeyword.verifyElementPresent(VerifyElementPresentKeyword.groovy:92)
	at com.kms.katalon.core.webui.keyword.builtin.VerifyElementPresentKeyword.execute(VerifyElementPresentKeyword.groovy:68)
	at com.kms.katalon.core.keyword.internal.KeywordExecutor.executeKeywordForPlatform(KeywordExecutor.groovy:74)
	at com.kms.katalon.core.webui.keyword.WebUiBuiltInKeywords.verifyElementPresent(WebUiBuiltInKeywords.groovy:1464)
	at com.kms.katalon.core.webui.keyword.WebUiBuiltInKeywords$verifyElementPresent$4.call(Unknown Source)
	at Enrollment - Form Verification - UAT.run(Enrollment - Form Verification - UAT:363)
	at com.kms.katalon.core.main.ScriptEngine.run(ScriptEngine.java:194)
	at com.kms.katalon.core.main.ScriptEngine.runScriptAsRawText(ScriptEngine.java:119)
	at com.kms.katalon.core.main.TestCaseExecutor.runScript(TestCaseExecutor.java:445)
	at com.kms.katalon.core.main.TestCaseExecutor.doExecute(TestCaseExecutor.java:436)
	at com.kms.katalon.core.main.TestCaseExecutor.processExecutionPhase(TestCaseExecutor.java:415)
	at com.kms.katalon.core.main.TestCaseExecutor.accessMainPhase(TestCaseExecutor.java:407)
	at com.kms.katalon.core.main.TestCaseExecutor.execute(TestCaseExecutor.java:284)
	at com.kms.katalon.core.common.CommonExecutor.accessTestCaseMainPhase(CommonExecutor.java:65)
	at com.kms.katalon.core.main.TestSuiteExecutor.accessTestSuiteMainPhase(TestSuiteExecutor.java:144)
	at com.kms.katalon.core.main.TestSuiteExecutor.execute(TestSuiteExecutor.java:106)
	at com.kms.katalon.core.main.TestCaseMain.startTestSuite(TestCaseMain.java:185)
	at com.kms.katalon.core.main.TestCaseMain$startTestSuite$0.call(Unknown Source)
	at TempTestSuite1650304259606.run(TempTestSuite1650304259606.groovy:36)
)
	at com.kms.katalon.core.keyword.internal.KeywordMain.stepFailed(KeywordMain.groovy:39)
	at com.kms.katalon.core.webui.keyword.internal.WebUIKeywordMain.stepFailed(WebUIKeywordMain.groovy:64)
	at com.kms.katalon.core.webui.keyword.builtin.VerifyElementPresentKeyword$_verifyElementPresent_closure1.doCall(VerifyElementPresentKeyword.groovy:85)
	at com.kms.katalon.core.webui.keyword.builtin.VerifyElementPresentKeyword$_verifyElementPresent_closure1.call(VerifyElementPresentKeyword.groovy)
	at com.kms.katalon.core.webui.keyword.internal.WebUIKeywordMain.runKeyword(WebUIKeywordMain.groovy:20)
	at com.kms.katalon.core.webui.keyword.builtin.VerifyElementPresentKeyword.verifyElementPresent(VerifyElementPresentKeyword.groovy:92)
	at com.kms.katalon.core.webui.keyword.builtin.VerifyElementPresentKeyword.execute(VerifyElementPresentKeyword.groovy:68)
	at com.kms.katalon.core.keyword.internal.KeywordExecutor.executeKeywordForPlatform(KeywordExecutor.groovy:74)
	at com.kms.katalon.core.webui.keyword.WebUiBuiltInKeywords.verifyElementPresent(WebUiBuiltInKeywords.groovy:1464)
	at com.kms.katalon.core.webui.keyword.WebUiBuiltInKeywords$verifyElementPresent$4.call(Unknown Source)
	at Enrollment - Form Verification - UAT.run(Enrollment - Form Verification - UAT:363)
	at com.kms.katalon.core.main.ScriptEngine.run(ScriptEngine.java:194)
	at com.kms.katalon.core.main.ScriptEngine.runScriptAsRawText(ScriptEngine.java:119)
	at com.kms.katalon.core.main.TestCaseExecutor.runScript(TestCaseExecutor.java:445)
	at com.kms.katalon.core.main.TestCaseExecutor.doExecute(TestCaseExecutor.java:436)
	at com.kms.katalon.core.main.TestCaseExecutor.processExecutionPhase(TestCaseExecutor.java:415)
	at com.kms.katalon.core.main.TestCaseExecutor.accessMainPhase(TestCaseExecutor.java:407)
	at com.kms.katalon.core.main.TestCaseExecutor.execute(TestCaseExecutor.java:284)
	at com.kms.katalon.core.common.CommonExecutor.accessTestCaseMainPhase(CommonExecutor.java:65)
	at com.kms.katalon.core.main.TestSuiteExecutor.accessTestSuiteMainPhase(TestSuiteExecutor.java:144)
	at com.kms.katalon.core.main.TestSuiteExecutor.execute(TestSuiteExecutor.java:106)
	at com.kms.katalon.core.main.TestCaseMain.startTestSuite(TestCaseMain.java:185)
	at com.kms.katalon.core.main.TestCaseMain$startTestSuite$0.call(Unknown Source)
	at TempTestSuite1650304259606.run(TempTestSuite1650304259606.groovy:36)
Caused by: com.kms.katalon.core.exception.StepFailedException: com.kms.katalon.core.webui.exception.WebElementNotFoundException: Web element with id: 'Object Repository/Form Verification/Enrollment Form/Page_Free Baby Formula Samples  Coupons  Enfamil/p_Receive up to 70 in savings, plus monthly_835e26' located by '//p[(text() = 'Receive up to $70 in savings*, plus monthly emails with expert advice on caring for your premature baby.')]' not found
	... 23 more
"/>
         <system-out><![CDATA[2022-04-18 23:26:50 - [TEST_CASE][FAILED] - Test Cases/Venkat/Forms Verification/Enrollment - Form Verification - UAT: Test Cases/Venkat/Forms Verification/Enrollment - Form Verification - UAT FAILED.
Reason:
com.kms.katalon.core.exception.StepFailedException: com.kms.katalon.core.webui.exception.WebElementNotFoundException: Web element with id: 'Object Repository/Form Verification/Enrollment Form/Page_Free Baby Formula Samples  Coupons  Enfamil/p_Receive up to 70 in savings, plus monthly_835e26' located by '//p[(text() = 'Receive up to $70 in savings*, plus monthly emails with expert advice on caring for your premature baby.')]' not found (Root cause: com.kms.katalon.core.exception.StepFailedException: com.kms.katalon.core.webui.exception.WebElementNotFoundException: Web element with id: 'Object Repository/Form Verification/Enrollment Form/Page_Free Baby Formula Samples  Coupons  Enfamil/p_Receive up to 70 in savings, plus monthly_835e26' located by '//p[(text() = 'Receive up to $70 in savings*, plus monthly emails with expert advice on caring for your premature baby.')]' not found
	at com.kms.katalon.core.webui.keyword.internal.WebUIKeywordMain.stepFailed(WebUIKeywordMain.groovy:64)
	at com.kms.katalon.core.webui.keyword.builtin.VerifyElementPresentKeyword$_verifyElementPresent_closure1.doCall(VerifyElementPresentKeyword.groovy:85)
	at com.kms.katalon.core.webui.keyword.builtin.VerifyElementPresentKeyword$_verifyElementPresent_closure1.call(VerifyElementPresentKeyword.groovy)
	at com.kms.katalon.core.webui.keyword.internal.WebUIKeywordMain.runKeyword(WebUIKeywordMain.groovy:20)
	at com.kms.katalon.core.webui.keyword.builtin.VerifyElementPresentKeyword.verifyElementPresent(VerifyElementPresentKeyword.groovy:92)
	at com.kms.katalon.core.webui.keyword.builtin.VerifyElementPresentKeyword.execute(VerifyElementPresentKeyword.groovy:68)
	at com.kms.katalon.core.keyword.internal.KeywordExecutor.executeKeywordForPlatform(KeywordExecutor.groovy:74)
	at com.kms.katalon.core.webui.keyword.WebUiBuiltInKeywords.verifyElementPresent(WebUiBuiltInKeywords.groovy:1464)
	at com.kms.katalon.core.webui.keyword.WebUiBuiltInKeywords$verifyElementPresent$4.call(Unknown Source)
	at Enrollment - Form Verification - UAT.run(Enrollment - Form Verification - UAT:363)
	at com.kms.katalon.core.main.ScriptEngine.run(ScriptEngine.java:194)
	at com.kms.katalon.core.main.ScriptEngine.runScriptAsRawText(ScriptEngine.java:119)
	at com.kms.katalon.core.main.TestCaseExecutor.runScript(TestCaseExecutor.java:445)
	at com.kms.katalon.core.main.TestCaseExecutor.doExecute(TestCaseExecutor.java:436)
	at com.kms.katalon.core.main.TestCaseExecutor.processExecutionPhase(TestCaseExecutor.java:415)
	at com.kms.katalon.core.main.TestCaseExecutor.accessMainPhase(TestCaseExecutor.java:407)
	at com.kms.katalon.core.main.TestCaseExecutor.execute(TestCaseExecutor.java:284)
	at com.kms.katalon.core.common.CommonExecutor.accessTestCaseMainPhase(CommonExecutor.java:65)
	at com.kms.katalon.core.main.TestSuiteExecutor.accessTestSuiteMainPhase(TestSuiteExecutor.java:144)
	at com.kms.katalon.core.main.TestSuiteExecutor.execute(TestSuiteExecutor.java:106)
	at com.kms.katalon.core.main.TestCaseMain.startTestSuite(TestCaseMain.java:185)
	at com.kms.katalon.core.main.TestCaseMain$startTestSuite$0.call(Unknown Source)
	at TempTestSuite1650304259606.run(TempTestSuite1650304259606.groovy:36)
)
	at com.kms.katalon.core.keyword.internal.KeywordMain.stepFailed(KeywordMain.groovy:39)
	at com.kms.katalon.core.webui.keyword.internal.WebUIKeywordMain.stepFailed(WebUIKeywordMain.groovy:64)
	at com.kms.katalon.core.webui.keyword.builtin.VerifyElementPresentKeyword$_verifyElementPresent_closure1.doCall(VerifyElementPresentKeyword.groovy:85)
	at com.kms.katalon.core.webui.keyword.builtin.VerifyElementPresentKeyword$_verifyElementPresent_closure1.call(VerifyElementPresentKeyword.groovy)
	at com.kms.katalon.core.webui.keyword.internal.WebUIKeywordMain.runKeyword(WebUIKeywordMain.groovy:20)
	at com.kms.katalon.core.webui.keyword.builtin.VerifyElementPresentKeyword.verifyElementPresent(VerifyElementPresentKeyword.groovy:92)
	at com.kms.katalon.core.webui.keyword.builtin.VerifyElementPresentKeyword.execute(VerifyElementPresentKeyword.groovy:68)
	at com.kms.katalon.core.keyword.internal.KeywordExecutor.executeKeywordForPlatform(KeywordExecutor.groovy:74)
	at com.kms.katalon.core.webui.keyword.WebUiBuiltInKeywords.verifyElementPresent(WebUiBuiltInKeywords.groovy:1464)
	at com.kms.katalon.core.webui.keyword.WebUiBuiltInKeywords$verifyElementPresent$4.call(Unknown Source)
	at Enrollment - Form Verification - UAT.run(Enrollment - Form Verification - UAT:363)
	at com.kms.katalon.core.main.ScriptEngine.run(ScriptEngine.java:194)
	at com.kms.katalon.core.main.ScriptEngine.runScriptAsRawText(ScriptEngine.java:119)
	at com.kms.katalon.core.main.TestCaseExecutor.runScript(TestCaseExecutor.java:445)
	at com.kms.katalon.core.main.TestCaseExecutor.doExecute(TestCaseExecutor.java:436)
	at com.kms.katalon.core.main.TestCaseExecutor.processExecutionPhase(TestCaseExecutor.java:415)
	at com.kms.katalon.core.main.TestCaseExecutor.accessMainPhase(TestCaseExecutor.java:407)
	at com.kms.katalon.core.main.TestCaseExecutor.execute(TestCaseExecutor.java:284)
	at com.kms.katalon.core.common.CommonExecutor.accessTestCaseMainPhase(CommonExecutor.java:65)
	at com.kms.katalon.core.main.TestSuiteExecutor.accessTestSuiteMainPhase(TestSuiteExecutor.java:144)
	at com.kms.katalon.core.main.TestSuiteExecutor.execute(TestSuiteExecutor.java:106)
	at com.kms.katalon.core.main.TestCaseMain.startTestSuite(TestCaseMain.java:185)
	at com.kms.katalon.core.main.TestCaseMain$startTestSuite$0.call(Unknown Source)
	at TempTestSuite1650304259606.run(TempTestSuite1650304259606.groovy:36)
Caused by: com.kms.katalon.core.exception.StepFailedException: com.kms.katalon.core.webui.exception.WebElementNotFoundException: Web element with id: 'Object Repository/Form Verification/Enrollment Form/Page_Free Baby Formula Samples  Coupons  Enfamil/p_Receive up to 70 in savings, plus monthly_835e26' located by '//p[(text() = 'Receive up to $70 in savings*, plus monthly emails with expert advice on caring for your premature baby.')]' not found
	... 23 more


2022-04-18 23:26:51 - [TEST_STEP][PASSED] - openBrowser(""): Browser is opened with url: ''

2022-04-18 23:26:51 - [MESSAGE][INFO] - Starting 'Chrome' driver

2022-04-18 23:26:51 - [MESSAGE][INFO] - Action delay is set to 0 milliseconds

2022-04-18 23:26:53 - [MESSAGE][PASSED] - Browser is opened with url: ''

2022-04-18 23:26:53 - [TEST_STEP][PASSED] - navigateToUrl(Enrollment): Navigate to 'https://enfamil-us.cdn.test.us-east-1.starterkit.rbcloud.io/baby-formula-coupons-samples/' successfully

2022-04-18 23:26:54 - [MESSAGE][PASSED] - Navigate to 'https://enfamil-us.cdn.test.us-east-1.starterkit.rbcloud.io/baby-formula-coupons-samples/' successfully

2022-04-18 23:26:54 - [TEST_STEP][PASSED] - maximizeWindow(): Current window maximized

2022-04-18 23:26:54 - [MESSAGE][PASSED] - Current window maximized

2022-04-18 23:26:54 - [TEST_STEP][PASSED] - delay(5): Delayed 5 second(s)

2022-04-18 23:26:59 - [MESSAGE][PASSED] - Delayed 5 second(s)

2022-04-18 23:26:59 - [TEST_STEP][PASSED] - click(findTestObject("Object Repository/Form Verification/Enrollment Form/Page_Free Baby Formula Samples  Coupons  Enfamil/button_GOT IT_onetrust-close-btn-handler on_95ce22")): Object: 'Object Repository/Form Verification/Enrollment Form/Page_Free Baby Formula Samples  Coupons  Enfamil/button_GOT IT_onetrust-close-btn-handler on_95ce22' is clicked on

2022-04-18 23:27:05 - [MESSAGE][PASSED] - Object: 'Object Repository/Form Verification/Enrollment Form/Page_Free Baby Formula Samples  Coupons  Enfamil/button_GOT IT_onetrust-close-btn-handler on_95ce22' is clicked on

2022-04-18 23:27:05 - [TEST_STEP][PASSED] - verifyElementPresent(findTestObject("Object Repository/Form Verification/Enrollment Form/Page_Free Baby Formula Samples  Coupons  Enfamil/span_Enfamil Family Beginnings"), 0): Object 'Object Repository/Form Verification/Enrollment Form/Page_Free Baby Formula Samples  Coupons  Enfamil/span_Enfamil Family Beginnings' is present

2022-04-18 23:27:05 - [MESSAGE][WARNING] - Timeout '0' is invalid. Using default page load timeout: '5'

2022-04-18 23:27:06 - [MESSAGE][PASSED] - Object 'Object Repository/Form Verification/Enrollment Form/Page_Free Baby Formula Samples  Coupons  Enfamil/span_Enfamil Family Beginnings' is present

2022-04-18 23:27:06 - [TEST_STEP][PASSED] - verifyElementText(findTestObject("Object Repository/Form Verification/Enrollment Form/Page_Free Baby Formula Samples  Coupons  Enfamil/span_Enfamil Family Beginnings"), "Enfamil Family BeginningsÂ©"): Actual text and expected text of test object 'Object Repository/Form Verification/Enrollment Form/Page_Free Baby Formula Samples  Coupons  Enfamil/span_Enfamil Family Beginnings' are matched.

2022-04-18 23:27:06 - [MESSAGE][PASSED] - Actual text and expected text of test object 'Object Repository/Form Verification/Enrollment Form/Page_Free Baby Formula Samples  Coupons  Enfamil/span_Enfamil Family Beginnings' are matched.

2022-04-18 23:27:06 - [TEST_STEP][PASSED] - verifyElementPresent(findTestObject("Object Repository/Form Verification/Enrollment Form/Page_Free Baby Formula Samples  Coupons  Enfamil/div_Enfamil Family Beginnings"), 0): Object 'Object Repository/Form Verification/Enrollment Form/Page_Free Baby Formula Samples  Coupons  Enfamil/div_Enfamil Family Beginnings' is present

2022-04-18 23:27:07 - [MESSAGE][WARNING] - Timeout '0' is invalid. Using default page load timeout: '5'

2022-04-18 23:27:07 - [MESSAGE][PASSED] - Object 'Object Repository/Form Verification/Enrollment Form/Page_Free Baby Formula Samples  Coupons  Enfamil/div_Enfamil Family Beginnings' is present

2022-04-18 23:27:07 - [TEST_STEP][PASSED] - verifyElementText(findTestObject("Object Repository/Form Verification/Enrollment Form/Page_Free Baby Formula Samples  Coupons  Enfamil/div_Enfamil Family Beginnings"), "ENFAMIL FAMILY BEGINNINGS"): Actual text and expected text of test object 'Object Repository/Form Verification/Enrollment Form/Page_Free Baby Formula Samples  Coupons  Enfamil/div_Enfamil Family Beginnings' are matched.

2022-04-18 23:27:07 - [MESSAGE][PASSED] - Actual text and expected text of test object 'Object Repository/Form Verification/Enrollment Form/Page_Free Baby Formula Samples  Coupons  Enfamil/div_Enfamil Family Beginnings' are matched.

2022-04-18 23:27:07 - [TEST_STEP][PASSED] - verifyElementPresent(findTestObject("Object Repository/Form Verification/Enrollment Form/Page_Free Baby Formula Samples  Coupons  Enfamil/h1_Celebrate your little one with up to 400_dbb811"), 0): Object 'Object Repository/Form Verification/Enrollment Form/Page_Free Baby Formula Samples  Coupons  Enfamil/h1_Celebrate your little one with up to 400_dbb811' is present

2022-04-18 23:27:07 - [MESSAGE][WARNING] - Timeout '0' is invalid. Using default page load timeout: '5'

2022-04-18 23:27:08 - [MESSAGE][PASSED] - Object 'Object Repository/Form Verification/Enrollment Form/Page_Free Baby Formula Samples  Coupons  Enfamil/h1_Celebrate your little one with up to 400_dbb811' is present

2022-04-18 23:27:08 - [TEST_STEP][PASSED] - verifyElementText(findTestObject("Object Repository/Form Verification/Enrollment Form/Page_Free Baby Formula Samples  Coupons  Enfamil/h1_Celebrate your little one with up to 400_dbb811"), "Celebrate your little one with up to $400 in savings, exclusive rewards and support."): Actual text and expected text of test object 'Object Repository/Form Verification/Enrollment Form/Page_Free Baby Formula Samples  Coupons  Enfamil/h1_Celebrate your little one with up to 400_dbb811' are matched.

2022-04-18 23:27:08 - [MESSAGE][PASSED] - Actual text and expected text of test object 'Object Repository/Form Verification/Enrollment Form/Page_Free Baby Formula Samples  Coupons  Enfamil/h1_Celebrate your little one with up to 400_dbb811' are matched.

2022-04-18 23:27:08 - [TEST_STEP][PASSED] - verifyElementPresent(findTestObject("Object Repository/Form Verification/Enrollment Form/Page_Free Baby Formula Samples  Coupons  Enfamil/div_First nameLast nameDue date or birth da_610c3b"), 0): Object 'Object Repository/Form Verification/Enrollment Form/Page_Free Baby Formula Samples  Coupons  Enfamil/div_First nameLast nameDue date or birth da_610c3b' is present

2022-04-18 23:27:08 - [MESSAGE][WARNING] - Timeout '0' is invalid. Using default page load timeout: '5'

2022-04-18 23:27:09 - [MESSAGE][PASSED] - Object 'Object Repository/Form Verification/Enrollment Form/Page_Free Baby Formula Samples  Coupons  Enfamil/div_First nameLast nameDue date or birth da_610c3b' is present

2022-04-18 23:27:09 - [TEST_STEP][PASSED] - verifyElementPresent(findTestObject("Object Repository/Form Verification/Enrollment Form/Page_Free Baby Formula Samples  Coupons  Enfamil/input_First name_registerGivenNameField_1"), 0): Object 'Object Repository/Form Verification/Enrollment Form/Page_Free Baby Formula Samples  Coupons  Enfamil/input_First name_registerGivenNameField_1' is present

2022-04-18 23:27:09 - [MESSAGE][WARNING] - Timeout '0' is invalid. Using default page load timeout: '5'

2022-04-18 23:27:09 - [MESSAGE][PASSED] - Object 'Object Repository/Form Verification/Enrollment Form/Page_Free Baby Formula Samples  Coupons  Enfamil/input_First name_registerGivenNameField_1' is present

2022-04-18 23:27:09 - [TEST_STEP][PASSED] - verifyElementPresent(findTestObject("Object Repository/Form Verification/Enrollment Form/Page_Free Baby Formula Samples  Coupons  Enfamil/input_Last name_registerFamilyNameField_1"), 0): Object 'Object Repository/Form Verification/Enrollment Form/Page_Free Baby Formula Samples  Coupons  Enfamil/input_Last name_registerFamilyNameField_1' is present

2022-04-18 23:27:09 - [MESSAGE][WARNING] - Timeout '0' is invalid. Using default page load timeout: '5'

2022-04-18 23:27:09 - [MESSAGE][PASSED] - Object 'Object Repository/Form Verification/Enrollment Form/Page_Free Baby Formula Samples  Coupons  Enfamil/input_Last name_registerFamilyNameField_1' is present

2022-04-18 23:27:09 - [TEST_STEP][PASSED] - verifyElementPresent(findTestObject("Object Repository/Form Verification/Enrollment Form/Page_Free Baby Formula Samples  Coupons  Enfamil/input_Due date or birth date_childregisterC_87b480_1"), 0): Object 'Object Repository/Form Verification/Enrollment Form/Page_Free Baby Formula Samples  Coupons  Enfamil/input_Due date or birth date_childregisterC_87b480_1' is present

2022-04-18 23:27:10 - [MESSAGE][WARNING] - Timeout '0' is invalid. Using default page load timeout: '5'

2022-04-18 23:27:10 - [MESSAGE][PASSED] - Object 'Object Repository/Form Verification/Enrollment Form/Page_Free Baby Formula Samples  Coupons  Enfamil/input_Due date or birth date_childregisterC_87b480_1' is present

2022-04-18 23:27:10 - [TEST_STEP][PASSED] - verifyElementPresent(findTestObject("Object Repository/Form Verification/Enrollment Form/Page_Free Baby Formula Samples  Coupons  Enfamil/button_Why"), 0): Object 'Object Repository/Form Verification/Enrollment Form/Page_Free Baby Formula Samples  Coupons  Enfamil/button_Why' is present

2022-04-18 23:27:10 - [MESSAGE][WARNING] - Timeout '0' is invalid. Using default page load timeout: '5'

2022-04-18 23:27:10 - [MESSAGE][PASSED] - Object 'Object Repository/Form Verification/Enrollment Form/Page_Free Baby Formula Samples  Coupons  Enfamil/button_Why' is present

2022-04-18 23:27:10 - [TEST_STEP][PASSED] - verifyElementPresent(findTestObject("Object Repository/Form Verification/Enrollment Form/Page_Free Baby Formula Samples  Coupons  Enfamil/input_Email_registerEmailField_1"), 0): Object 'Object Repository/Form Verification/Enrollment Form/Page_Free Baby Formula Samples  Coupons  Enfamil/input_Email_registerEmailField_1' is present

2022-04-18 23:27:10 - [MESSAGE][WARNING] - Timeout '0' is invalid. Using default page load timeout: '5'

2022-04-18 23:27:11 - [MESSAGE][PASSED] - Object 'Object Repository/Form Verification/Enrollment Form/Page_Free Baby Formula Samples  Coupons  Enfamil/input_Email_registerEmailField_1' is present

2022-04-18 23:27:11 - [TEST_STEP][PASSED] - verifyElementPresent(findTestObject("Object Repository/Form Verification/Enrollment Form/Page_Free Baby Formula Samples  Coupons  Enfamil/button_Join now"), 0): Object 'Object Repository/Form Verification/Enrollment Form/Page_Free Baby Formula Samples  Coupons  Enfamil/button_Join now' is present

2022-04-18 23:27:11 - [MESSAGE][WARNING] - Timeout '0' is invalid. Using default page load timeout: '5'

2022-04-18 23:27:11 - [MESSAGE][PASSED] - Object 'Object Repository/Form Verification/Enrollment Form/Page_Free Baby Formula Samples  Coupons  Enfamil/button_Join now' is present

2022-04-18 23:27:11 - [TEST_STEP][PASSED] - verifyElementPresent(findTestObject("Object Repository/Form Verification/Enrollment Form/Page_Free Baby Formula Samples  Coupons  Enfamil/span_Or register with your social account"), 0): Object 'Object Repository/Form Verification/Enrollment Form/Page_Free Baby Formula Samples  Coupons  Enfamil/span_Or register with your social account' is present

2022-04-18 23:27:11 - [MESSAGE][WARNING] - Timeout '0' is invalid. Using default page load timeout: '5'

2022-04-18 23:27:12 - [MESSAGE][PASSED] - Object 'Object Repository/Form Verification/Enrollment Form/Page_Free Baby Formula Samples  Coupons  Enfamil/span_Or register with your social account' is present

2022-04-18 23:27:12 - [TEST_STEP][PASSED] - verifyElementText(findTestObject("Object Repository/Form Verification/Enrollment Form/Page_Free Baby Formula Samples  Coupons  Enfamil/span_Or register with your social account"), "OR REGISTER WITH YOUR SOCIAL ACCOUNT"): Actual text and expected text of test object 'Object Repository/Form Verification/Enrollment Form/Page_Free Baby Formula Samples  Coupons  Enfamil/span_Or register with your social account' are matched.

2022-04-18 23:27:12 - [MESSAGE][PASSED] - Actual text and expected text of test object 'Object Repository/Form Verification/Enrollment Form/Page_Free Baby Formula Samples  Coupons  Enfamil/span_Or register with your social account' are matched.

2022-04-18 23:27:12 - [TEST_STEP][PASSED] - verifyElementPresent(findTestObject("Object Repository/Form Verification/Enrollment Form/Page_Free Baby Formula Samples  Coupons  Enfamil/button_Continue with Facebook"), 0): Object 'Object Repository/Form Verification/Enrollment Form/Page_Free Baby Formula Samples  Coupons  Enfamil/button_Continue with Facebook' is present

2022-04-18 23:27:12 - [MESSAGE][WARNING] - Timeout '0' is invalid. Using default page load timeout: '5'

2022-04-18 23:27:13 - [MESSAGE][PASSED] - Object 'Object Repository/Form Verification/Enrollment Form/Page_Free Baby Formula Samples  Coupons  Enfamil/button_Continue with Facebook' is present

2022-04-18 23:27:13 - [TEST_STEP][PASSED] - verifyElementPresent(findTestObject("Object Repository/Form Verification/Enrollment Form/Page_Free Baby Formula Samples  Coupons  Enfamil/button_Sign in with Google"), 0): Object 'Object Repository/Form Verification/Enrollment Form/Page_Free Baby Formula Samples  Coupons  Enfamil/button_Sign in with Google' is present

2022-04-18 23:27:13 - [MESSAGE][WARNING] - Timeout '0' is invalid. Using default page load timeout: '5'

2022-04-18 23:27:13 - [MESSAGE][PASSED] - Object 'Object Repository/Form Verification/Enrollment Form/Page_Free Baby Formula Samples  Coupons  Enfamil/button_Sign in with Google' is present

2022-04-18 23:27:13 - [TEST_STEP][PASSED] - verifyElementPresent(findTestObject("Object Repository/Form Verification/Enrollment Form/Page_Free Baby Formula Samples  Coupons  Enfamil/svg"), 0): Object 'Object Repository/Form Verification/Enrollment Form/Page_Free Baby Formula Samples  Coupons  Enfamil/svg' is present

2022-04-18 23:27:13 - [MESSAGE][WARNING] - Timeout '0' is invalid. Using default page load timeout: '5'

2022-04-18 23:27:13 - [MESSAGE][PASSED] - Object 'Object Repository/Form Verification/Enrollment Form/Page_Free Baby Formula Samples  Coupons  Enfamil/svg' is present

2022-04-18 23:27:13 - [TEST_STEP][PASSED] - verifyElementPresent(findTestObject("Object Repository/Form Verification/Enrollment Form/Page_Free Baby Formula Samples  Coupons  Enfamil/p_By clicking Join Now and Enter Sweepstake_0b0cd5"), 0): Object 'Object Repository/Form Verification/Enrollment Form/Page_Free Baby Formula Samples  Coupons  Enfamil/p_By clicking Join Now and Enter Sweepstake_0b0cd5' is present

2022-04-18 23:27:13 - [MESSAGE][WARNING] - Timeout '0' is invalid. Using default page load timeout: '5'

2022-04-18 23:27:14 - [MESSAGE][PASSED] - Object 'Object Repository/Form Verification/Enrollment Form/Page_Free Baby Formula Samples  Coupons  Enfamil/p_By clicking Join Now and Enter Sweepstake_0b0cd5' is present

2022-04-18 23:27:14 - [TEST_STEP][PASSED] - verifyElementText(findTestObject("Object Repository/Form Verification/Enrollment Form/Page_Free Baby Formula Samples  Coupons  Enfamil/p_By clicking Join Now and Enter Sweepstake_0b0cd5"), "By clicking â€œJoin Now and Enter Sweepstakes,â€� I agree to join Enfamil Family Beginnings and receive free samples, offers and other communications from Enfamil and Mead Johnson Nutritionâ€™s affiliated companies I understand and agree to the Terms of Use, Privacy Policy and Sweepstakes Official Rules."): Actual text and expected text of test object 'Object Repository/Form Verification/Enrollment Form/Page_Free Baby Formula Samples  Coupons  Enfamil/p_By clicking Join Now and Enter Sweepstake_0b0cd5' are matched.

2022-04-18 23:27:14 - [MESSAGE][PASSED] - Actual text and expected text of test object 'Object Repository/Form Verification/Enrollment Form/Page_Free Baby Formula Samples  Coupons  Enfamil/p_By clicking Join Now and Enter Sweepstake_0b0cd5' are matched.

2022-04-18 23:27:14 - [TEST_STEP][PASSED] - verifyElementPresent(findTestObject("Object Repository/Form Verification/Enrollment Form/Page_Free Baby Formula Samples  Coupons  Enfamil/a_Terms of Use"), 0): Object 'Object Repository/Form Verification/Enrollment Form/Page_Free Baby Formula Samples  Coupons  Enfamil/a_Terms of Use' is present

2022-04-18 23:27:14 - [MESSAGE][WARNING] - Timeout '0' is invalid. Using default page load timeout: '5'

2022-04-18 23:27:15 - [MESSAGE][PASSED] - Object 'Object Repository/Form Verification/Enrollment Form/Page_Free Baby Formula Samples  Coupons  Enfamil/a_Terms of Use' is present

2022-04-18 23:27:15 - [TEST_STEP][PASSED] - verifyElementPresent(findTestObject("Object Repository/Form Verification/Enrollment Form/Page_Free Baby Formula Samples  Coupons  Enfamil/a_Privacy Policy"), 0): Object 'Object Repository/Form Verification/Enrollment Form/Page_Free Baby Formula Samples  Coupons  Enfamil/a_Privacy Policy' is present

2022-04-18 23:27:15 - [MESSAGE][WARNING] - Timeout '0' is invalid. Using default page load timeout: '5'

2022-04-18 23:27:15 - [MESSAGE][PASSED] - Object 'Object Repository/Form Verification/Enrollment Form/Page_Free Baby Formula Samples  Coupons  Enfamil/a_Privacy Policy' is present

2022-04-18 23:27:15 - [TEST_STEP][PASSED] - verifyElementPresent(findTestObject("Object Repository/Form Verification/Enrollment Form/Page_Free Baby Formula Samples  Coupons  Enfamil/a_Sweepstakes Official Rules"), 0): Object 'Object Repository/Form Verification/Enrollment Form/Page_Free Baby Formula Samples  Coupons  Enfamil/a_Sweepstakes Official Rules' is present

2022-04-18 23:27:15 - [MESSAGE][WARNING] - Timeout '0' is invalid. Using default page load timeout: '5'

2022-04-18 23:27:16 - [MESSAGE][PASSED] - Object 'Object Repository/Form Verification/Enrollment Form/Page_Free Baby Formula Samples  Coupons  Enfamil/a_Sweepstakes Official Rules' is present

2022-04-18 23:27:16 - [TEST_STEP][PASSED] - verifyElementPresent(findTestObject("Object Repository/Form Verification/Enrollment Form/Page_Free Baby Formula Samples  Coupons  Enfamil/div_ENFAMIL FAMILY BEGINNINGS (1)"), 0): Object 'Object Repository/Form Verification/Enrollment Form/Page_Free Baby Formula Samples  Coupons  Enfamil/div_ENFAMIL FAMILY BEGINNINGS (1)' is present

2022-04-18 23:27:16 - [MESSAGE][WARNING] - Timeout '0' is invalid. Using default page load timeout: '5'

2022-04-18 23:27:16 - [MESSAGE][PASSED] - Object 'Object Repository/Form Verification/Enrollment Form/Page_Free Baby Formula Samples  Coupons  Enfamil/div_ENFAMIL FAMILY BEGINNINGS (1)' is present

2022-04-18 23:27:16 - [TEST_STEP][PASSED] - verifyElementText(findTestObject("Object Repository/Form Verification/Enrollment Form/Page_Free Baby Formula Samples  Coupons  Enfamil/div_ENFAMIL FAMILY BEGINNINGS (1)"), "ENFAMIL FAMILY BEGINNINGS"): Actual text and expected text of test object 'Object Repository/Form Verification/Enrollment Form/Page_Free Baby Formula Samples  Coupons  Enfamil/div_ENFAMIL FAMILY BEGINNINGS (1)' are matched.

2022-04-18 23:27:16 - [MESSAGE][PASSED] - Actual text and expected text of test object 'Object Repository/Form Verification/Enrollment Form/Page_Free Baby Formula Samples  Coupons  Enfamil/div_ENFAMIL FAMILY BEGINNINGS (1)' are matched.

2022-04-18 23:27:16 - [TEST_STEP][PASSED] - verifyElementPresent(findTestObject("Object Repository/Form Verification/Enrollment Form/Page_Free Baby Formula Samples  Coupons  Enfamil/h2_10 reasons to join Enfamil Family Beginnings"), 0): Object 'Object Repository/Form Verification/Enrollment Form/Page_Free Baby Formula Samples  Coupons  Enfamil/h2_10 reasons to join Enfamil Family Beginnings' is present

2022-04-18 23:27:16 - [MESSAGE][WARNING] - Timeout '0' is invalid. Using default page load timeout: '5'

2022-04-18 23:27:17 - [MESSAGE][PASSED] - Object 'Object Repository/Form Verification/Enrollment Form/Page_Free Baby Formula Samples  Coupons  Enfamil/h2_10 reasons to join Enfamil Family Beginnings' is present

2022-04-18 23:27:17 - [TEST_STEP][PASSED] - verifyElementText(findTestObject("Object Repository/Form Verification/Enrollment Form/Page_Free Baby Formula Samples  Coupons  Enfamil/h2_10 reasons to join Enfamil Family Beginnings"), "10 reasons to join Enfamil Family Beginnings."): Actual text and expected text of test object 'Object Repository/Form Verification/Enrollment Form/Page_Free Baby Formula Samples  Coupons  Enfamil/h2_10 reasons to join Enfamil Family Beginnings' are matched.

2022-04-18 23:27:17 - [MESSAGE][PASSED] - Actual text and expected text of test object 'Object Repository/Form Verification/Enrollment Form/Page_Free Baby Formula Samples  Coupons  Enfamil/h2_10 reasons to join Enfamil Family Beginnings' are matched.

2022-04-18 23:27:17 - [TEST_STEP][PASSED] - verifyElementPresent(findTestObject("Object Repository/Form Verification/Enrollment Form/Page_Free Baby Formula Samples  Coupons  Enfamil/div_Benefits may vary1"), 0): Object 'Object Repository/Form Verification/Enrollment Form/Page_Free Baby Formula Samples  Coupons  Enfamil/div_Benefits may vary1' is present

2022-04-18 23:27:17 - [MESSAGE][WARNING] - Timeout '0' is invalid. Using default page load timeout: '5'

2022-04-18 23:27:18 - [MESSAGE][PASSED] - Object 'Object Repository/Form Verification/Enrollment Form/Page_Free Baby Formula Samples  Coupons  Enfamil/div_Benefits may vary1' is present

2022-04-18 23:27:18 - [TEST_STEP][PASSED] - verifyElementText(findTestObject("Object Repository/Form Verification/Enrollment Form/Page_Free Baby Formula Samples  Coupons  Enfamil/div_Benefits may vary1"), "Benefits may vary1"): Actual text and expected text of test object 'Object Repository/Form Verification/Enrollment Form/Page_Free Baby Formula Samples  Coupons  Enfamil/div_Benefits may vary1' are matched.

2022-04-18 23:27:18 - [MESSAGE][PASSED] - Actual text and expected text of test object 'Object Repository/Form Verification/Enrollment Form/Page_Free Baby Formula Samples  Coupons  Enfamil/div_Benefits may vary1' are matched.

2022-04-18 23:27:18 - [TEST_STEP][PASSED] - verifyElementPresent(findTestObject("Object Repository/Form Verification/Enrollment Form/Page_Free Baby Formula Samples  Coupons  Enfamil/h3_1. Shop and earn rewards"), 0): Object 'Object Repository/Form Verification/Enrollment Form/Page_Free Baby Formula Samples  Coupons  Enfamil/h3_1. Shop and earn rewards' is present

2022-04-18 23:27:18 - [MESSAGE][WARNING] - Timeout '0' is invalid. Using default page load timeout: '5'

2022-04-18 23:27:19 - [MESSAGE][PASSED] - Object 'Object Repository/Form Verification/Enrollment Form/Page_Free Baby Formula Samples  Coupons  Enfamil/h3_1. Shop and earn rewards' is present

2022-04-18 23:27:19 - [TEST_STEP][PASSED] - verifyElementText(findTestObject("Object Repository/Form Verification/Enrollment Form/Page_Free Baby Formula Samples  Coupons  Enfamil/h3_1. Shop and earn rewards"), "1. Shop and earn rewards"): Actual text and expected text of test object 'Object Repository/Form Verification/Enrollment Form/Page_Free Baby Formula Samples  Coupons  Enfamil/h3_1. Shop and earn rewards' are matched.

2022-04-18 23:27:19 - [MESSAGE][PASSED] - Actual text and expected text of test object 'Object Repository/Form Verification/Enrollment Form/Page_Free Baby Formula Samples  Coupons  Enfamil/h3_1. Shop and earn rewards' are matched.

2022-04-18 23:27:19 - [TEST_STEP][PASSED] - verifyElementPresent(findTestObject("Object Repository/Form Verification/Enrollment Form/Page_Free Baby Formula Samples  Coupons  Enfamil/p_Earn 10 pointsdollar on Enfamil purchases_afc5a7"), 0): Object 'Object Repository/Form Verification/Enrollment Form/Page_Free Baby Formula Samples  Coupons  Enfamil/p_Earn 10 pointsdollar on Enfamil purchases_afc5a7' is present

2022-04-18 23:27:19 - [MESSAGE][WARNING] - Timeout '0' is invalid. Using default page load timeout: '5'

2022-04-18 23:27:19 - [MESSAGE][PASSED] - Object 'Object Repository/Form Verification/Enrollment Form/Page_Free Baby Formula Samples  Coupons  Enfamil/p_Earn 10 pointsdollar on Enfamil purchases_afc5a7' is present

2022-04-18 23:27:19 - [TEST_STEP][PASSED] - verifyElementText(findTestObject("Object Repository/Form Verification/Enrollment Form/Page_Free Baby Formula Samples  Coupons  Enfamil/p_Earn 10 pointsdollar on Enfamil purchases_afc5a7"), "Earn 10 points/dollar on Enfamil purchases2. (Upgrade to our premium program and earn 12 points/dollar.)"): Actual text and expected text of test object 'Object Repository/Form Verification/Enrollment Form/Page_Free Baby Formula Samples  Coupons  Enfamil/p_Earn 10 pointsdollar on Enfamil purchases_afc5a7' are matched.

2022-04-18 23:27:20 - [MESSAGE][PASSED] - Actual text and expected text of test object 'Object Repository/Form Verification/Enrollment Form/Page_Free Baby Formula Samples  Coupons  Enfamil/p_Earn 10 pointsdollar on Enfamil purchases_afc5a7' are matched.

2022-04-18 23:27:20 - [TEST_STEP][PASSED] - verifyElementText(findTestObject("Object Repository/Form Verification/Enrollment Form/Page_Free Baby Formula Samples  Coupons  Enfamil/a_Learn more"), "Learn more"): Actual text and expected text of test object 'Object Repository/Form Verification/Enrollment Form/Page_Free Baby Formula Samples  Coupons  Enfamil/a_Learn more' are matched.

2022-04-18 23:27:20 - [MESSAGE][PASSED] - Actual text and expected text of test object 'Object Repository/Form Verification/Enrollment Form/Page_Free Baby Formula Samples  Coupons  Enfamil/a_Learn more' are matched.

2022-04-18 23:27:20 - [TEST_STEP][PASSED] - verifyElementClickable(findTestObject("Object Repository/Form Verification/Enrollment Form/Page_Free Baby Formula Samples  Coupons  Enfamil/a_Learn more"), CONTINUE_ON_FAILURE): Object 'Object Repository/Form Verification/Enrollment Form/Page_Free Baby Formula Samples  Coupons  Enfamil/a_Learn more' is clickable

2022-04-18 23:27:21 - [MESSAGE][PASSED] - Object 'Object Repository/Form Verification/Enrollment Form/Page_Free Baby Formula Samples  Coupons  Enfamil/a_Learn more' is clickable

2022-04-18 23:27:21 - [TEST_STEP][PASSED] - verifyElementPresent(findTestObject("Object Repository/Form Verification/Enrollment Form/Page_Free Baby Formula Samples  Coupons  Enfamil/h3_2. Engage and earn"), 0): Object 'Object Repository/Form Verification/Enrollment Form/Page_Free Baby Formula Samples  Coupons  Enfamil/h3_2. Engage and earn' is present

2022-04-18 23:27:21 - [MESSAGE][WARNING] - Timeout '0' is invalid. Using default page load timeout: '5'

2022-04-18 23:27:21 - [MESSAGE][PASSED] - Object 'Object Repository/Form Verification/Enrollment Form/Page_Free Baby Formula Samples  Coupons  Enfamil/h3_2. Engage and earn' is present

2022-04-18 23:27:21 - [TEST_STEP][PASSED] - verifyElementText(findTestObject("Object Repository/Form Verification/Enrollment Form/Page_Free Baby Formula Samples  Coupons  Enfamil/h3_2. Engage and earn"), "2. Engage and earn"): Actual text and expected text of test object 'Object Repository/Form Verification/Enrollment Form/Page_Free Baby Formula Samples  Coupons  Enfamil/h3_2. Engage and earn' are matched.

2022-04-18 23:27:22 - [MESSAGE][PASSED] - Actual text and expected text of test object 'Object Repository/Form Verification/Enrollment Form/Page_Free Baby Formula Samples  Coupons  Enfamil/h3_2. Engage and earn' are matched.

2022-04-18 23:27:22 - [TEST_STEP][PASSED] - verifyElementPresent(findTestObject("Object Repository/Form Verification/Enrollment Form/Page_Free Baby Formula Samples  Coupons  Enfamil/p_Read articles, participate in polls and m_ddcb36"), 0): Object 'Object Repository/Form Verification/Enrollment Form/Page_Free Baby Formula Samples  Coupons  Enfamil/p_Read articles, participate in polls and m_ddcb36' is present

2022-04-18 23:27:22 - [MESSAGE][WARNING] - Timeout '0' is invalid. Using default page load timeout: '5'

2022-04-18 23:27:22 - [MESSAGE][PASSED] - Object 'Object Repository/Form Verification/Enrollment Form/Page_Free Baby Formula Samples  Coupons  Enfamil/p_Read articles, participate in polls and m_ddcb36' is present

2022-04-18 23:27:22 - [TEST_STEP][PASSED] - verifyElementText(findTestObject("Object Repository/Form Verification/Enrollment Form/Page_Free Baby Formula Samples  Coupons  Enfamil/p_Read articles, participate in polls and m_ddcb36"), "Read articles, participate in polls and more - the more you do, the more you earn."): Actual text and expected text of test object 'Object Repository/Form Verification/Enrollment Form/Page_Free Baby Formula Samples  Coupons  Enfamil/p_Read articles, participate in polls and m_ddcb36' are matched.

2022-04-18 23:27:22 - [MESSAGE][PASSED] - Actual text and expected text of test object 'Object Repository/Form Verification/Enrollment Form/Page_Free Baby Formula Samples  Coupons  Enfamil/p_Read articles, participate in polls and m_ddcb36' are matched.

2022-04-18 23:27:22 - [TEST_STEP][PASSED] - verifyElementPresent(findTestObject("Object Repository/Form Verification/Enrollment Form/Page_Free Baby Formula Samples  Coupons  Enfamil/h3_3. Share the love"), 0): Object 'Object Repository/Form Verification/Enrollment Form/Page_Free Baby Formula Samples  Coupons  Enfamil/h3_3. Share the love' is present

2022-04-18 23:27:22 - [MESSAGE][WARNING] - Timeout '0' is invalid. Using default page load timeout: '5'

2022-04-18 23:27:23 - [MESSAGE][PASSED] - Object 'Object Repository/Form Verification/Enrollment Form/Page_Free Baby Formula Samples  Coupons  Enfamil/h3_3. Share the love' is present

2022-04-18 23:27:23 - [TEST_STEP][PASSED] - verifyElementText(findTestObject("Object Repository/Form Verification/Enrollment Form/Page_Free Baby Formula Samples  Coupons  Enfamil/h3_3. Share the love"), "3. Share the love"): Actual text and expected text of test object 'Object Repository/Form Verification/Enrollment Form/Page_Free Baby Formula Samples  Coupons  Enfamil/h3_3. Share the love' are matched.

2022-04-18 23:27:23 - [MESSAGE][PASSED] - Actual text and expected text of test object 'Object Repository/Form Verification/Enrollment Form/Page_Free Baby Formula Samples  Coupons  Enfamil/h3_3. Share the love' are matched.

2022-04-18 23:27:23 - [TEST_STEP][PASSED] - verifyElementPresent(findTestObject("Object Repository/Form Verification/Enrollment Form/Page_Free Baby Formula Samples  Coupons  Enfamil/p_Well give you 1000 points when your frien_ae08c9"), 0): Object 'Object Repository/Form Verification/Enrollment Form/Page_Free Baby Formula Samples  Coupons  Enfamil/p_Well give you 1000 points when your frien_ae08c9' is present

2022-04-18 23:27:23 - [MESSAGE][WARNING] - Timeout '0' is invalid. Using default page load timeout: '5'

2022-04-18 23:27:24 - [MESSAGE][PASSED] - Object 'Object Repository/Form Verification/Enrollment Form/Page_Free Baby Formula Samples  Coupons  Enfamil/p_Well give you 1000 points when your frien_ae08c9' is present

2022-04-18 23:27:24 - [TEST_STEP][PASSED] - verifyElementText(findTestObject("Object Repository/Form Verification/Enrollment Form/Page_Free Baby Formula Samples  Coupons  Enfamil/p_Well give you 1000 points when your frien_ae08c9"), "We'll give you 1000 points when your friends make a purchase (sharing really pays off!)"): Actual text and expected text of test object 'Object Repository/Form Verification/Enrollment Form/Page_Free Baby Formula Samples  Coupons  Enfamil/p_Well give you 1000 points when your frien_ae08c9' are matched.

2022-04-18 23:27:24 - [MESSAGE][PASSED] - Actual text and expected text of test object 'Object Repository/Form Verification/Enrollment Form/Page_Free Baby Formula Samples  Coupons  Enfamil/p_Well give you 1000 points when your frien_ae08c9' are matched.

2022-04-18 23:27:24 - [TEST_STEP][PASSED] - verifyElementPresent(findTestObject("Object Repository/Form Verification/Enrollment Form/Page_Free Baby Formula Samples  Coupons  Enfamil/h3_4. Formula samples"), 0): Object 'Object Repository/Form Verification/Enrollment Form/Page_Free Baby Formula Samples  Coupons  Enfamil/h3_4. Formula samples' is present

2022-04-18 23:27:24 - [MESSAGE][WARNING] - Timeout '0' is invalid. Using default page load timeout: '5'

2022-04-18 23:27:25 - [MESSAGE][PASSED] - Object 'Object Repository/Form Verification/Enrollment Form/Page_Free Baby Formula Samples  Coupons  Enfamil/h3_4. Formula samples' is present

2022-04-18 23:27:25 - [TEST_STEP][PASSED] - verifyElementText(findTestObject("Object Repository/Form Verification/Enrollment Form/Page_Free Baby Formula Samples  Coupons  Enfamil/h3_4. Formula samples"), "4. Formula samples"): Actual text and expected text of test object 'Object Repository/Form Verification/Enrollment Form/Page_Free Baby Formula Samples  Coupons  Enfamil/h3_4. Formula samples' are matched.

2022-04-18 23:27:25 - [MESSAGE][PASSED] - Actual text and expected text of test object 'Object Repository/Form Verification/Enrollment Form/Page_Free Baby Formula Samples  Coupons  Enfamil/h3_4. Formula samples' are matched.

2022-04-18 23:27:25 - [TEST_STEP][PASSED] - verifyElementPresent(findTestObject("Object Repository/Form Verification/Enrollment Form/Page_Free Baby Formula Samples  Coupons  Enfamil/p_As a member of the Enfamil Family Beginni_9731d6"), 0): Object 'Object Repository/Form Verification/Enrollment Form/Page_Free Baby Formula Samples  Coupons  Enfamil/p_As a member of the Enfamil Family Beginni_9731d6' is present

2022-04-18 23:27:25 - [MESSAGE][WARNING] - Timeout '0' is invalid. Using default page load timeout: '5'

2022-04-18 23:27:25 - [MESSAGE][PASSED] - Object 'Object Repository/Form Verification/Enrollment Form/Page_Free Baby Formula Samples  Coupons  Enfamil/p_As a member of the Enfamil Family Beginni_9731d6' is present

2022-04-18 23:27:25 - [TEST_STEP][PASSED] - verifyElementText(findTestObject("Object Repository/Form Verification/Enrollment Form/Page_Free Baby Formula Samples  Coupons  Enfamil/p_As a member of the Enfamil Family Beginni_9731d6"), "As a member of the Enfamil Family BeginningsÂ® program, you may be eligible for free samples."): Actual text and expected text of test object 'Object Repository/Form Verification/Enrollment Form/Page_Free Baby Formula Samples  Coupons  Enfamil/p_As a member of the Enfamil Family Beginni_9731d6' are matched.

2022-04-18 23:27:26 - [MESSAGE][PASSED] - Actual text and expected text of test object 'Object Repository/Form Verification/Enrollment Form/Page_Free Baby Formula Samples  Coupons  Enfamil/p_As a member of the Enfamil Family Beginni_9731d6' are matched.

2022-04-18 23:27:26 - [TEST_STEP][PASSED] - verifyElementPresent(findTestObject("Object Repository/Form Verification/Enrollment Form/Page_Free Baby Formula Samples  Coupons  Enfamil/h3_5. Discount checks  digital rebates"), 0): Object 'Object Repository/Form Verification/Enrollment Form/Page_Free Baby Formula Samples  Coupons  Enfamil/h3_5. Discount checks  digital rebates' is present

2022-04-18 23:27:26 - [MESSAGE][WARNING] - Timeout '0' is invalid. Using default page load timeout: '5'

2022-04-18 23:27:26 - [MESSAGE][PASSED] - Object 'Object Repository/Form Verification/Enrollment Form/Page_Free Baby Formula Samples  Coupons  Enfamil/h3_5. Discount checks  digital rebates' is present

2022-04-18 23:27:26 - [TEST_STEP][PASSED] - verifyElementText(findTestObject("Object Repository/Form Verification/Enrollment Form/Page_Free Baby Formula Samples  Coupons  Enfamil/h3_5. Discount checks  digital rebates"), "5. Discount checks & digital rebates"): Actual text and expected text of test object 'Object Repository/Form Verification/Enrollment Form/Page_Free Baby Formula Samples  Coupons  Enfamil/h3_5. Discount checks  digital rebates' are matched.

2022-04-18 23:27:27 - [MESSAGE][PASSED] - Actual text and expected text of test object 'Object Repository/Form Verification/Enrollment Form/Page_Free Baby Formula Samples  Coupons  Enfamil/h3_5. Discount checks  digital rebates' are matched.

2022-04-18 23:27:27 - [TEST_STEP][PASSED] - verifyElementPresent(findTestObject("Object Repository/Form Verification/Enrollment Form/Page_Free Baby Formula Samples  Coupons  Enfamil/p_Enjoy discounts on Enfamil products. Chec_0cdf68"), 0): Object 'Object Repository/Form Verification/Enrollment Form/Page_Free Baby Formula Samples  Coupons  Enfamil/p_Enjoy discounts on Enfamil products. Chec_0cdf68' is present

2022-04-18 23:27:27 - [MESSAGE][WARNING] - Timeout '0' is invalid. Using default page load timeout: '5'

2022-04-18 23:27:27 - [MESSAGE][PASSED] - Object 'Object Repository/Form Verification/Enrollment Form/Page_Free Baby Formula Samples  Coupons  Enfamil/p_Enjoy discounts on Enfamil products. Chec_0cdf68' is present

2022-04-18 23:27:27 - [TEST_STEP][PASSED] - verifyElementText(findTestObject("Object Repository/Form Verification/Enrollment Form/Page_Free Baby Formula Samples  Coupons  Enfamil/p_Enjoy discounts on Enfamil products. Chec_0cdf68"), "Enjoy discounts on Enfamil products. Checks are similar to formula coupons and can be used at most major retailers. We'll also send you digital cash back rebates in our app."): Actual text and expected text of test object 'Object Repository/Form Verification/Enrollment Form/Page_Free Baby Formula Samples  Coupons  Enfamil/p_Enjoy discounts on Enfamil products. Chec_0cdf68' are matched.

2022-04-18 23:27:28 - [MESSAGE][PASSED] - Actual text and expected text of test object 'Object Repository/Form Verification/Enrollment Form/Page_Free Baby Formula Samples  Coupons  Enfamil/p_Enjoy discounts on Enfamil products. Chec_0cdf68' are matched.

2022-04-18 23:27:28 - [TEST_STEP][PASSED] - verifyElementPresent(findTestObject("Object Repository/Form Verification/Enrollment Form/Page_Free Baby Formula Samples  Coupons  Enfamil/h3_6. Belly Badges"), 0): Object 'Object Repository/Form Verification/Enrollment Form/Page_Free Baby Formula Samples  Coupons  Enfamil/h3_6. Belly Badges' is present

2022-04-18 23:27:28 - [MESSAGE][WARNING] - Timeout '0' is invalid. Using default page load timeout: '5'

2022-04-18 23:27:28 - [MESSAGE][PASSED] - Object 'Object Repository/Form Verification/Enrollment Form/Page_Free Baby Formula Samples  Coupons  Enfamil/h3_6. Belly Badges' is present

2022-04-18 23:27:28 - [TEST_STEP][PASSED] - verifyElementText(findTestObject("Object Repository/Form Verification/Enrollment Form/Page_Free Baby Formula Samples  Coupons  Enfamil/h3_6. Belly Badges"), "6. Belly Badgesâ„¢"): Actual text and expected text of test object 'Object Repository/Form Verification/Enrollment Form/Page_Free Baby Formula Samples  Coupons  Enfamil/h3_6. Belly Badges' are matched.

2022-04-18 23:27:28 - [MESSAGE][PASSED] - Actual text and expected text of test object 'Object Repository/Form Verification/Enrollment Form/Page_Free Baby Formula Samples  Coupons  Enfamil/h3_6. Belly Badges' are matched.

2022-04-18 23:27:28 - [TEST_STEP][PASSED] - verifyElementPresent(findTestObject("Object Repository/Form Verification/Enrollment Form/Page_Free Baby Formula Samples  Coupons  Enfamil/p_Get a set of Belly Badges so you can shar_9bafd4"), 0): Object 'Object Repository/Form Verification/Enrollment Form/Page_Free Baby Formula Samples  Coupons  Enfamil/p_Get a set of Belly Badges so you can shar_9bafd4' is present

2022-04-18 23:27:29 - [MESSAGE][WARNING] - Timeout '0' is invalid. Using default page load timeout: '5'

2022-04-18 23:27:29 - [MESSAGE][PASSED] - Object 'Object Repository/Form Verification/Enrollment Form/Page_Free Baby Formula Samples  Coupons  Enfamil/p_Get a set of Belly Badges so you can shar_9bafd4' is present

2022-04-18 23:27:29 - [TEST_STEP][PASSED] - verifyElementText(findTestObject("Object Repository/Form Verification/Enrollment Form/Page_Free Baby Formula Samples  Coupons  Enfamil/p_Get a set of Belly Badges so you can shar_9bafd4"), "Get a set of Belly Badgesâ„¢ so you can share your babyâ€™s special moments and milestones with friends and family."): Actual text and expected text of test object 'Object Repository/Form Verification/Enrollment Form/Page_Free Baby Formula Samples  Coupons  Enfamil/p_Get a set of Belly Badges so you can shar_9bafd4' are matched.

2022-04-18 23:27:29 - [MESSAGE][PASSED] - Actual text and expected text of test object 'Object Repository/Form Verification/Enrollment Form/Page_Free Baby Formula Samples  Coupons  Enfamil/p_Get a set of Belly Badges so you can shar_9bafd4' are matched.

2022-04-18 23:27:29 - [TEST_STEP][PASSED] - verifyElementText(findTestObject("Object Repository/Form Verification/Enrollment Form/Page_Free Baby Formula Samples  Coupons  Enfamil/a_Learn more_1"), "Learn more"): Actual text and expected text of test object 'Object Repository/Form Verification/Enrollment Form/Page_Free Baby Formula Samples  Coupons  Enfamil/a_Learn more_1' are matched.

2022-04-18 23:27:30 - [MESSAGE][PASSED] - Actual text and expected text of test object 'Object Repository/Form Verification/Enrollment Form/Page_Free Baby Formula Samples  Coupons  Enfamil/a_Learn more_1' are matched.

2022-04-18 23:27:30 - [TEST_STEP][PASSED] - verifyElementPresent(findTestObject("Object Repository/Form Verification/Enrollment Form/Page_Free Baby Formula Samples  Coupons  Enfamil/a_Learn more_1"), 0): Object 'Object Repository/Form Verification/Enrollment Form/Page_Free Baby Formula Samples  Coupons  Enfamil/a_Learn more_1' is present

2022-04-18 23:27:30 - [MESSAGE][WARNING] - Timeout '0' is invalid. Using default page load timeout: '5'

2022-04-18 23:27:30 - [MESSAGE][PASSED] - Object 'Object Repository/Form Verification/Enrollment Form/Page_Free Baby Formula Samples  Coupons  Enfamil/a_Learn more_1' is present

2022-04-18 23:27:30 - [TEST_STEP][PASSED] - verifyElementPresent(findTestObject("Object Repository/Form Verification/Enrollment Form/Page_Free Baby Formula Samples  Coupons  Enfamil/h3_7. A Chance to win free formula for a year"), 0): Object 'Object Repository/Form Verification/Enrollment Form/Page_Free Baby Formula Samples  Coupons  Enfamil/h3_7. A Chance to win free formula for a year' is present

2022-04-18 23:27:30 - [MESSAGE][WARNING] - Timeout '0' is invalid. Using default page load timeout: '5'

2022-04-18 23:27:31 - [MESSAGE][PASSED] - Object 'Object Repository/Form Verification/Enrollment Form/Page_Free Baby Formula Samples  Coupons  Enfamil/h3_7. A Chance to win free formula for a year' is present

2022-04-18 23:27:31 - [TEST_STEP][PASSED] - verifyElementText(findTestObject("Object Repository/Form Verification/Enrollment Form/Page_Free Baby Formula Samples  Coupons  Enfamil/h3_7. A Chance to win free formula for a year"), "7. A Chance to win free formula for a year"): Actual text and expected text of test object 'Object Repository/Form Verification/Enrollment Form/Page_Free Baby Formula Samples  Coupons  Enfamil/h3_7. A Chance to win free formula for a year' are matched.

2022-04-18 23:27:31 - [MESSAGE][PASSED] - Actual text and expected text of test object 'Object Repository/Form Verification/Enrollment Form/Page_Free Baby Formula Samples  Coupons  Enfamil/h3_7. A Chance to win free formula for a year' are matched.

2022-04-18 23:27:31 - [TEST_STEP][PASSED] - verifyElementPresent(findTestObject("Object Repository/Form Verification/Enrollment Form/Page_Free Baby Formula Samples  Coupons  Enfamil/p_By signing up for Enfamil Family Beginnin_f8cedd"), 0): Object 'Object Repository/Form Verification/Enrollment Form/Page_Free Baby Formula Samples  Coupons  Enfamil/p_By signing up for Enfamil Family Beginnin_f8cedd' is present

2022-04-18 23:27:31 - [MESSAGE][WARNING] - Timeout '0' is invalid. Using default page load timeout: '5'

2022-04-18 23:27:31 - [MESSAGE][PASSED] - Object 'Object Repository/Form Verification/Enrollment Form/Page_Free Baby Formula Samples  Coupons  Enfamil/p_By signing up for Enfamil Family Beginnin_f8cedd' is present

2022-04-18 23:27:31 - [TEST_STEP][PASSED] - verifyElementText(findTestObject("Object Repository/Form Verification/Enrollment Form/Page_Free Baby Formula Samples  Coupons  Enfamil/p_By signing up for Enfamil Family Beginnin_f8cedd"), "By signing up for Enfamil Family BeginningsÂ®, you gain entry to our sweepstakes to win a yearâ€™s supply of free formula3."): Actual text and expected text of test object 'Object Repository/Form Verification/Enrollment Form/Page_Free Baby Formula Samples  Coupons  Enfamil/p_By signing up for Enfamil Family Beginnin_f8cedd' are matched.

2022-04-18 23:27:32 - [MESSAGE][PASSED] - Actual text and expected text of test object 'Object Repository/Form Verification/Enrollment Form/Page_Free Baby Formula Samples  Coupons  Enfamil/p_By signing up for Enfamil Family Beginnin_f8cedd' are matched.

2022-04-18 23:27:32 - [TEST_STEP][PASSED] - verifyElementPresent(findTestObject("Object Repository/Form Verification/Enrollment Form/Page_Free Baby Formula Samples  Coupons  Enfamil/a_Learn more_1_2"), 0): Object 'Object Repository/Form Verification/Enrollment Form/Page_Free Baby Formula Samples  Coupons  Enfamil/a_Learn more_1_2' is present

2022-04-18 23:27:32 - [MESSAGE][WARNING] - Timeout '0' is invalid. Using default page load timeout: '5'

2022-04-18 23:27:32 - [MESSAGE][PASSED] - Object 'Object Repository/Form Verification/Enrollment Form/Page_Free Baby Formula Samples  Coupons  Enfamil/a_Learn more_1_2' is present

2022-04-18 23:27:32 - [TEST_STEP][PASSED] - verifyElementText(findTestObject("Object Repository/Form Verification/Enrollment Form/Page_Free Baby Formula Samples  Coupons  Enfamil/a_Learn more_1_2"), "Learn more"): Actual text and expected text of test object 'Object Repository/Form Verification/Enrollment Form/Page_Free Baby Formula Samples  Coupons  Enfamil/a_Learn more_1_2' are matched.

2022-04-18 23:27:33 - [MESSAGE][PASSED] - Actual text and expected text of test object 'Object Repository/Form Verification/Enrollment Form/Page_Free Baby Formula Samples  Coupons  Enfamil/a_Learn more_1_2' are matched.

2022-04-18 23:27:33 - [TEST_STEP][PASSED] - verifyElementPresent(findTestObject("Object Repository/Form Verification/Enrollment Form/Page_Free Baby Formula Samples  Coupons  Enfamil/h3_8. Tips tailored to you"), 0): Object 'Object Repository/Form Verification/Enrollment Form/Page_Free Baby Formula Samples  Coupons  Enfamil/h3_8. Tips tailored to you' is present

2022-04-18 23:27:33 - [MESSAGE][WARNING] - Timeout '0' is invalid. Using default page load timeout: '5'

2022-04-18 23:27:33 - [MESSAGE][PASSED] - Object 'Object Repository/Form Verification/Enrollment Form/Page_Free Baby Formula Samples  Coupons  Enfamil/h3_8. Tips tailored to you' is present

2022-04-18 23:27:33 - [TEST_STEP][PASSED] - verifyElementText(findTestObject("Object Repository/Form Verification/Enrollment Form/Page_Free Baby Formula Samples  Coupons  Enfamil/h3_8. Tips tailored to you"), "8. Tips tailored to you"): Actual text and expected text of test object 'Object Repository/Form Verification/Enrollment Form/Page_Free Baby Formula Samples  Coupons  Enfamil/h3_8. Tips tailored to you' are matched.

2022-04-18 23:27:34 - [MESSAGE][PASSED] - Actual text and expected text of test object 'Object Repository/Form Verification/Enrollment Form/Page_Free Baby Formula Samples  Coupons  Enfamil/h3_8. Tips tailored to you' are matched.

2022-04-18 23:27:34 - [TEST_STEP][PASSED] - verifyElementPresent(findTestObject("Object Repository/Form Verification/Enrollment Form/Page_Free Baby Formula Samples  Coupons  Enfamil/p_Whether youre pregnant and dont know wher_7d93d8"), 0): Object 'Object Repository/Form Verification/Enrollment Form/Page_Free Baby Formula Samples  Coupons  Enfamil/p_Whether youre pregnant and dont know wher_7d93d8' is present

2022-04-18 23:27:34 - [MESSAGE][WARNING] - Timeout '0' is invalid. Using default page load timeout: '5'

2022-04-18 23:27:34 - [MESSAGE][PASSED] - Object 'Object Repository/Form Verification/Enrollment Form/Page_Free Baby Formula Samples  Coupons  Enfamil/p_Whether youre pregnant and dont know wher_7d93d8' is present

2022-04-18 23:27:34 - [TEST_STEP][PASSED] - verifyElementText(findTestObject("Object Repository/Form Verification/Enrollment Form/Page_Free Baby Formula Samples  Coupons  Enfamil/p_Whether youre pregnant and dont know wher_7d93d8"), "Whether you're pregnant and don't know where to start, or you have a newborn and are starting to get in the swing of things, we'll send you emails with expert developmental and nutrition tips tailored to your journey."): Actual text and expected text of test object 'Object Repository/Form Verification/Enrollment Form/Page_Free Baby Formula Samples  Coupons  Enfamil/p_Whether youre pregnant and dont know wher_7d93d8' are matched.

2022-04-18 23:27:34 - [MESSAGE][PASSED] - Actual text and expected text of test object 'Object Repository/Form Verification/Enrollment Form/Page_Free Baby Formula Samples  Coupons  Enfamil/p_Whether youre pregnant and dont know wher_7d93d8' are matched.

2022-04-18 23:27:34 - [TEST_STEP][PASSED] - verifyElementPresent(findTestObject("Object Repository/Form Verification/Enrollment Form/Page_Free Baby Formula Samples  Coupons  Enfamil/h3_9. Access to our mobile app"), 0): Object 'Object Repository/Form Verification/Enrollment Form/Page_Free Baby Formula Samples  Coupons  Enfamil/h3_9. Access to our mobile app' is present

2022-04-18 23:27:34 - [MESSAGE][WARNING] - Timeout '0' is invalid. Using default page load timeout: '5'

2022-04-18 23:27:35 - [MESSAGE][PASSED] - Object 'Object Repository/Form Verification/Enrollment Form/Page_Free Baby Formula Samples  Coupons  Enfamil/h3_9. Access to our mobile app' is present

2022-04-18 23:27:35 - [TEST_STEP][PASSED] - verifyElementPresent(findTestObject("Object Repository/Form Verification/Enrollment Form/Page_Free Baby Formula Samples  Coupons  Enfamil/p_Access to coupons and articles tailored t_a49b3a"), 0): Object 'Object Repository/Form Verification/Enrollment Form/Page_Free Baby Formula Samples  Coupons  Enfamil/p_Access to coupons and articles tailored t_a49b3a' is present

2022-04-18 23:27:35 - [MESSAGE][WARNING] - Timeout '0' is invalid. Using default page load timeout: '5'

2022-04-18 23:27:35 - [MESSAGE][PASSED] - Object 'Object Repository/Form Verification/Enrollment Form/Page_Free Baby Formula Samples  Coupons  Enfamil/p_Access to coupons and articles tailored t_a49b3a' is present

2022-04-18 23:27:35 - [TEST_STEP][PASSED] - verifyElementPresent(findTestObject("Object Repository/Form Verification/Enrollment Form/Page_Free Baby Formula Samples  Coupons  Enfamil/a_Learn more_1_2_3"), 0): Object 'Object Repository/Form Verification/Enrollment Form/Page_Free Baby Formula Samples  Coupons  Enfamil/a_Learn more_1_2_3' is present

2022-04-18 23:27:35 - [MESSAGE][WARNING] - Timeout '0' is invalid. Using default page load timeout: '5'

2022-04-18 23:27:36 - [MESSAGE][PASSED] - Object 'Object Repository/Form Verification/Enrollment Form/Page_Free Baby Formula Samples  Coupons  Enfamil/a_Learn more_1_2_3' is present

2022-04-18 23:27:36 - [TEST_STEP][PASSED] - verifyElementText(findTestObject("Object Repository/Form Verification/Enrollment Form/Page_Free Baby Formula Samples  Coupons  Enfamil/h3_9. Access to our mobile app"), "9. Access to our mobile app"): Actual text and expected text of test object 'Object Repository/Form Verification/Enrollment Form/Page_Free Baby Formula Samples  Coupons  Enfamil/h3_9. Access to our mobile app' are matched.

2022-04-18 23:27:36 - [MESSAGE][PASSED] - Actual text and expected text of test object 'Object Repository/Form Verification/Enrollment Form/Page_Free Baby Formula Samples  Coupons  Enfamil/h3_9. Access to our mobile app' are matched.

2022-04-18 23:27:36 - [TEST_STEP][PASSED] - verifyElementText(findTestObject("Object Repository/Form Verification/Enrollment Form/Page_Free Baby Formula Samples  Coupons  Enfamil/p_Access to coupons and articles tailored t_a49b3a"), "Access to coupons and articles tailored to your little one's age and stage. Also check out our digital #BellyBadges and share your baby's special milestones with your friends and family."): Actual text and expected text of test object 'Object Repository/Form Verification/Enrollment Form/Page_Free Baby Formula Samples  Coupons  Enfamil/p_Access to coupons and articles tailored t_a49b3a' are matched.

2022-04-18 23:27:37 - [MESSAGE][PASSED] - Actual text and expected text of test object 'Object Repository/Form Verification/Enrollment Form/Page_Free Baby Formula Samples  Coupons  Enfamil/p_Access to coupons and articles tailored t_a49b3a' are matched.

2022-04-18 23:27:37 - [TEST_STEP][PASSED] - verifyElementText(findTestObject("Object Repository/Form Verification/Enrollment Form/Page_Free Baby Formula Samples  Coupons  Enfamil/a_Learn more_1_2_3"), "Learn more"): Actual text and expected text of test object 'Object Repository/Form Verification/Enrollment Form/Page_Free Baby Formula Samples  Coupons  Enfamil/a_Learn more_1_2_3' are matched.

2022-04-18 23:27:37 - [MESSAGE][PASSED] - Actual text and expected text of test object 'Object Repository/Form Verification/Enrollment Form/Page_Free Baby Formula Samples  Coupons  Enfamil/a_Learn more_1_2_3' are matched.

2022-04-18 23:27:37 - [TEST_STEP][PASSED] - verifyElementPresent(findTestObject("Object Repository/Form Verification/Enrollment Form/Page_Free Baby Formula Samples  Coupons  Enfamil/h3_10. Special offers"), 0): Object 'Object Repository/Form Verification/Enrollment Form/Page_Free Baby Formula Samples  Coupons  Enfamil/h3_10. Special offers' is present

2022-04-18 23:27:37 - [MESSAGE][WARNING] - Timeout '0' is invalid. Using default page load timeout: '5'

2022-04-18 23:27:37 - [MESSAGE][PASSED] - Object 'Object Repository/Form Verification/Enrollment Form/Page_Free Baby Formula Samples  Coupons  Enfamil/h3_10. Special offers' is present

2022-04-18 23:27:37 - [TEST_STEP][PASSED] - verifyElementPresent(findTestObject("Object Repository/Form Verification/Enrollment Form/Page_Free Baby Formula Samples  Coupons  Enfamil/p_Get special gifts and discounts from our _31c1cb"), 0): Object 'Object Repository/Form Verification/Enrollment Form/Page_Free Baby Formula Samples  Coupons  Enfamil/p_Get special gifts and discounts from our _31c1cb' is present

2022-04-18 23:27:37 - [MESSAGE][WARNING] - Timeout '0' is invalid. Using default page load timeout: '5'

2022-04-18 23:27:38 - [MESSAGE][PASSED] - Object 'Object Repository/Form Verification/Enrollment Form/Page_Free Baby Formula Samples  Coupons  Enfamil/p_Get special gifts and discounts from our _31c1cb' is present

2022-04-18 23:27:38 - [TEST_STEP][PASSED] - verifyElementText(findTestObject("Object Repository/Form Verification/Enrollment Form/Page_Free Baby Formula Samples  Coupons  Enfamil/h3_10. Special offers"), "10. Special offers"): Actual text and expected text of test object 'Object Repository/Form Verification/Enrollment Form/Page_Free Baby Formula Samples  Coupons  Enfamil/h3_10. Special offers' are matched.

2022-04-18 23:27:38 - [MESSAGE][PASSED] - Actual text and expected text of test object 'Object Repository/Form Verification/Enrollment Form/Page_Free Baby Formula Samples  Coupons  Enfamil/h3_10. Special offers' are matched.

2022-04-18 23:27:38 - [TEST_STEP][PASSED] - verifyElementText(findTestObject("Object Repository/Form Verification/Enrollment Form/Page_Free Baby Formula Samples  Coupons  Enfamil/p_Get special gifts and discounts from our _31c1cb"), "Get special gifts and discounts from our partners sent to you during your membership."): Actual text and expected text of test object 'Object Repository/Form Verification/Enrollment Form/Page_Free Baby Formula Samples  Coupons  Enfamil/p_Get special gifts and discounts from our _31c1cb' are matched.

2022-04-18 23:27:39 - [MESSAGE][PASSED] - Actual text and expected text of test object 'Object Repository/Form Verification/Enrollment Form/Page_Free Baby Formula Samples  Coupons  Enfamil/p_Get special gifts and discounts from our _31c1cb' are matched.

2022-04-18 23:27:39 - [TEST_STEP][PASSED] - verifyElementPresent(findTestObject("Object Repository/Form Verification/Enrollment Form/Page_Free Baby Formula Samples  Coupons  Enfamil/div_Join Enfamil Family Beginnings for up t_950703"), 0): Object 'Object Repository/Form Verification/Enrollment Form/Page_Free Baby Formula Samples  Coupons  Enfamil/div_Join Enfamil Family Beginnings for up t_950703' is present

2022-04-18 23:27:39 - [MESSAGE][WARNING] - Timeout '0' is invalid. Using default page load timeout: '5'

2022-04-18 23:27:39 - [MESSAGE][PASSED] - Object 'Object Repository/Form Verification/Enrollment Form/Page_Free Baby Formula Samples  Coupons  Enfamil/div_Join Enfamil Family Beginnings for up t_950703' is present

2022-04-18 23:27:39 - [TEST_STEP][PASSED] - verifyElementPresent(findTestObject("Object Repository/Form Verification/Enrollment Form/Page_Free Baby Formula Samples  Coupons  Enfamil/h2_Join Enfamil Family Beginnings for up to_78b78f"), 0): Object 'Object Repository/Form Verification/Enrollment Form/Page_Free Baby Formula Samples  Coupons  Enfamil/h2_Join Enfamil Family Beginnings for up to_78b78f' is present

2022-04-18 23:27:39 - [MESSAGE][WARNING] - Timeout '0' is invalid. Using default page load timeout: '5'

2022-04-18 23:27:39 - [MESSAGE][PASSED] - Object 'Object Repository/Form Verification/Enrollment Form/Page_Free Baby Formula Samples  Coupons  Enfamil/h2_Join Enfamil Family Beginnings for up to_78b78f' is present

2022-04-18 23:27:39 - [TEST_STEP][PASSED] - verifyElementText(findTestObject("Object Repository/Form Verification/Enrollment Form/Page_Free Baby Formula Samples  Coupons  Enfamil/h2_Join Enfamil Family Beginnings for up to_78b78f"), "Join Enfamil Family Beginnings for up to $400 in free gifts"): Actual text and expected text of test object 'Object Repository/Form Verification/Enrollment Form/Page_Free Baby Formula Samples  Coupons  Enfamil/h2_Join Enfamil Family Beginnings for up to_78b78f' are matched.

2022-04-18 23:27:40 - [MESSAGE][PASSED] - Actual text and expected text of test object 'Object Repository/Form Verification/Enrollment Form/Page_Free Baby Formula Samples  Coupons  Enfamil/h2_Join Enfamil Family Beginnings for up to_78b78f' are matched.

2022-04-18 23:27:40 - [TEST_STEP][PASSED] - verifyElementPresent(findTestObject("Object Repository/Form Verification/Enrollment Form/Page_Free Baby Formula Samples  Coupons  Enfamil/input_First name_registerGivenNameField_1_2_3"), 0): Object 'Object Repository/Form Verification/Enrollment Form/Page_Free Baby Formula Samples  Coupons  Enfamil/input_First name_registerGivenNameField_1_2_3' is present

2022-04-18 23:27:40 - [MESSAGE][WARNING] - Timeout '0' is invalid. Using default page load timeout: '5'

2022-04-18 23:27:40 - [MESSAGE][PASSED] - Object 'Object Repository/Form Verification/Enrollment Form/Page_Free Baby Formula Samples  Coupons  Enfamil/input_First name_registerGivenNameField_1_2_3' is present

2022-04-18 23:27:40 - [TEST_STEP][PASSED] - verifyElementPresent(findTestObject("Object Repository/Form Verification/Enrollment Form/Page_Free Baby Formula Samples  Coupons  Enfamil/input_Last name_registerFamilyNameField_1_2_3"), 0): Object 'Object Repository/Form Verification/Enrollment Form/Page_Free Baby Formula Samples  Coupons  Enfamil/input_Last name_registerFamilyNameField_1_2_3' is present

2022-04-18 23:27:40 - [MESSAGE][WARNING] - Timeout '0' is invalid. Using default page load timeout: '5'

2022-04-18 23:27:41 - [MESSAGE][PASSED] - Object 'Object Repository/Form Verification/Enrollment Form/Page_Free Baby Formula Samples  Coupons  Enfamil/input_Last name_registerFamilyNameField_1_2_3' is present

2022-04-18 23:27:41 - [TEST_STEP][PASSED] - verifyElementPresent(findTestObject("Object Repository/Form Verification/Enrollment Form/Page_Free Baby Formula Samples  Coupons  Enfamil/input_Due date or birth date_childregisterC_87b480_1_2"), 0): Object 'Object Repository/Form Verification/Enrollment Form/Page_Free Baby Formula Samples  Coupons  Enfamil/input_Due date or birth date_childregisterC_87b480_1_2' is present

2022-04-18 23:27:41 - [MESSAGE][WARNING] - Timeout '0' is invalid. Using default page load timeout: '5'

2022-04-18 23:27:41 - [MESSAGE][PASSED] - Object 'Object Repository/Form Verification/Enrollment Form/Page_Free Baby Formula Samples  Coupons  Enfamil/input_Due date or birth date_childregisterC_87b480_1_2' is present

2022-04-18 23:27:41 - [TEST_STEP][PASSED] - verifyElementPresent(findTestObject("Object Repository/Form Verification/Enrollment Form/Page_Free Baby Formula Samples  Coupons  Enfamil/button_Why"), 0): Object 'Object Repository/Form Verification/Enrollment Form/Page_Free Baby Formula Samples  Coupons  Enfamil/button_Why' is present

2022-04-18 23:27:41 - [MESSAGE][WARNING] - Timeout '0' is invalid. Using default page load timeout: '5'

2022-04-18 23:27:42 - [MESSAGE][PASSED] - Object 'Object Repository/Form Verification/Enrollment Form/Page_Free Baby Formula Samples  Coupons  Enfamil/button_Why' is present

2022-04-18 23:27:42 - [TEST_STEP][PASSED] - verifyElementPresent(findTestObject("Object Repository/Form Verification/Enrollment Form/Page_Free Baby Formula Samples  Coupons  Enfamil/input_Email_registerEmailField_1_2_3"), 0): Object 'Object Repository/Form Verification/Enrollment Form/Page_Free Baby Formula Samples  Coupons  Enfamil/input_Email_registerEmailField_1_2_3' is present

2022-04-18 23:27:42 - [MESSAGE][WARNING] - Timeout '0' is invalid. Using default page load timeout: '5'

2022-04-18 23:27:42 - [MESSAGE][PASSED] - Object 'Object Repository/Form Verification/Enrollment Form/Page_Free Baby Formula Samples  Coupons  Enfamil/input_Email_registerEmailField_1_2_3' is present

2022-04-18 23:27:42 - [TEST_STEP][PASSED] - verifyElementPresent(findTestObject("Object Repository/Form Verification/Enrollment Form/Page_Free Baby Formula Samples  Coupons  Enfamil/button_Join now"), 0): Object 'Object Repository/Form Verification/Enrollment Form/Page_Free Baby Formula Samples  Coupons  Enfamil/button_Join now' is present

2022-04-18 23:27:42 - [MESSAGE][WARNING] - Timeout '0' is invalid. Using default page load timeout: '5'

2022-04-18 23:27:42 - [MESSAGE][PASSED] - Object 'Object Repository/Form Verification/Enrollment Form/Page_Free Baby Formula Samples  Coupons  Enfamil/button_Join now' is present

2022-04-18 23:27:42 - [TEST_STEP][PASSED] - verifyElementText(findTestObject("Object Repository/Form Verification/Enrollment Form/Page_Free Baby Formula Samples  Coupons  Enfamil/button_Join now"), "Join now"): Actual text and expected text of test object 'Object Repository/Form Verification/Enrollment Form/Page_Free Baby Formula Samples  Coupons  Enfamil/button_Join now' are matched.

2022-04-18 23:27:43 - [MESSAGE][PASSED] - Actual text and expected text of test object 'Object Repository/Form Verification/Enrollment Form/Page_Free Baby Formula Samples  Coupons  Enfamil/button_Join now' are matched.

2022-04-18 23:27:43 - [TEST_STEP][PASSED] - verifyElementPresent(findTestObject("Object Repository/Form Verification/Enrollment Form/Page_Free Baby Formula Samples  Coupons  Enfamil/span_Or register with your social account"), 0): Object 'Object Repository/Form Verification/Enrollment Form/Page_Free Baby Formula Samples  Coupons  Enfamil/span_Or register with your social account' is present

2022-04-18 23:27:43 - [MESSAGE][WARNING] - Timeout '0' is invalid. Using default page load timeout: '5'

2022-04-18 23:27:43 - [MESSAGE][PASSED] - Object 'Object Repository/Form Verification/Enrollment Form/Page_Free Baby Formula Samples  Coupons  Enfamil/span_Or register with your social account' is present

2022-04-18 23:27:43 - [TEST_STEP][PASSED] - verifyElementText(findTestObject("Object Repository/Form Verification/Enrollment Form/Page_Free Baby Formula Samples  Coupons  Enfamil/span_Or register with your social account"), "OR REGISTER WITH YOUR SOCIAL ACCOUNT"): Actual text and expected text of test object 'Object Repository/Form Verification/Enrollment Form/Page_Free Baby Formula Samples  Coupons  Enfamil/span_Or register with your social account' are matched.

2022-04-18 23:27:44 - [MESSAGE][PASSED] - Actual text and expected text of test object 'Object Repository/Form Verification/Enrollment Form/Page_Free Baby Formula Samples  Coupons  Enfamil/span_Or register with your social account' are matched.

2022-04-18 23:27:44 - [TEST_STEP][PASSED] - verifyElementPresent(findTestObject("Object Repository/Form Verification/Enrollment Form/Page_Free Baby Formula Samples  Coupons  Enfamil/button_Continue with Facebook"), 0): Object 'Object Repository/Form Verification/Enrollment Form/Page_Free Baby Formula Samples  Coupons  Enfamil/button_Continue with Facebook' is present

2022-04-18 23:27:44 - [MESSAGE][WARNING] - Timeout '0' is invalid. Using default page load timeout: '5'

2022-04-18 23:27:44 - [MESSAGE][PASSED] - Object 'Object Repository/Form Verification/Enrollment Form/Page_Free Baby Formula Samples  Coupons  Enfamil/button_Continue with Facebook' is present

2022-04-18 23:27:44 - [TEST_STEP][PASSED] - verifyElementPresent(findTestObject("Object Repository/Form Verification/Enrollment Form/Page_Free Baby Formula Samples  Coupons  Enfamil/button_Sign in with Google"), 0): Object 'Object Repository/Form Verification/Enrollment Form/Page_Free Baby Formula Samples  Coupons  Enfamil/button_Sign in with Google' is present

2022-04-18 23:27:44 - [MESSAGE][WARNING] - Timeout '0' is invalid. Using default page load timeout: '5'

2022-04-18 23:27:44 - [MESSAGE][PASSED] - Object 'Object Repository/Form Verification/Enrollment Form/Page_Free Baby Formula Samples  Coupons  Enfamil/button_Sign in with Google' is present

2022-04-18 23:27:44 - [TEST_STEP][PASSED] - verifyElementPresent(findTestObject("Object Repository/Form Verification/Enrollment Form/Page_Free Baby Formula Samples  Coupons  Enfamil/p_By clicking Join Now and Enter Sweepstake_0b0cd5"), 0): Object 'Object Repository/Form Verification/Enrollment Form/Page_Free Baby Formula Samples  Coupons  Enfamil/p_By clicking Join Now and Enter Sweepstake_0b0cd5' is present

2022-04-18 23:27:45 - [MESSAGE][WARNING] - Timeout '0' is invalid. Using default page load timeout: '5'

2022-04-18 23:27:45 - [MESSAGE][PASSED] - Object 'Object Repository/Form Verification/Enrollment Form/Page_Free Baby Formula Samples  Coupons  Enfamil/p_By clicking Join Now and Enter Sweepstake_0b0cd5' is present

2022-04-18 23:27:45 - [TEST_STEP][PASSED] - verifyElementText(findTestObject("Object Repository/Form Verification/Enrollment Form/Page_Free Baby Formula Samples  Coupons  Enfamil/p_By clicking Join Now and Enter Sweepstake_0b0cd5"), "By clicking â€œJoin Now and Enter Sweepstakes,â€� I agree to join Enfamil Family Beginnings and receive free samples, offers and other communications from Enfamil and Mead Johnson Nutritionâ€™s affiliated companies I understand and agree to the Terms of Use, Privacy Policy and Sweepstakes Official Rules."): Actual text and expected text of test object 'Object Repository/Form Verification/Enrollment Form/Page_Free Baby Formula Samples  Coupons  Enfamil/p_By clicking Join Now and Enter Sweepstake_0b0cd5' are matched.

2022-04-18 23:27:45 - [MESSAGE][PASSED] - Actual text and expected text of test object 'Object Repository/Form Verification/Enrollment Form/Page_Free Baby Formula Samples  Coupons  Enfamil/p_By clicking Join Now and Enter Sweepstake_0b0cd5' are matched.

2022-04-18 23:27:45 - [TEST_STEP][PASSED] - verifyElementPresent(findTestObject("Object Repository/Form Verification/Enrollment Form/Page_Free Baby Formula Samples  Coupons  Enfamil/a_Terms of Use"), 0): Object 'Object Repository/Form Verification/Enrollment Form/Page_Free Baby Formula Samples  Coupons  Enfamil/a_Terms of Use' is present

2022-04-18 23:27:45 - [MESSAGE][WARNING] - Timeout '0' is invalid. Using default page load timeout: '5'

2022-04-18 23:27:46 - [MESSAGE][PASSED] - Object 'Object Repository/Form Verification/Enrollment Form/Page_Free Baby Formula Samples  Coupons  Enfamil/a_Terms of Use' is present

2022-04-18 23:27:46 - [TEST_STEP][PASSED] - verifyElementText(findTestObject("Object Repository/Form Verification/Enrollment Form/Page_Free Baby Formula Samples  Coupons  Enfamil/a_Terms of Use"), "Terms of Use"): Actual text and expected text of test object 'Object Repository/Form Verification/Enrollment Form/Page_Free Baby Formula Samples  Coupons  Enfamil/a_Terms of Use' are matched.

2022-04-18 23:27:46 - [MESSAGE][PASSED] - Actual text and expected text of test object 'Object Repository/Form Verification/Enrollment Form/Page_Free Baby Formula Samples  Coupons  Enfamil/a_Terms of Use' are matched.

2022-04-18 23:27:46 - [TEST_STEP][PASSED] - verifyElementPresent(findTestObject("Object Repository/Form Verification/Enrollment Form/Page_Free Baby Formula Samples  Coupons  Enfamil/a_Privacy Policy"), 0): Object 'Object Repository/Form Verification/Enrollment Form/Page_Free Baby Formula Samples  Coupons  Enfamil/a_Privacy Policy' is present

2022-04-18 23:27:46 - [MESSAGE][WARNING] - Timeout '0' is invalid. Using default page load timeout: '5'

2022-04-18 23:27:47 - [MESSAGE][PASSED] - Object 'Object Repository/Form Verification/Enrollment Form/Page_Free Baby Formula Samples  Coupons  Enfamil/a_Privacy Policy' is present

2022-04-18 23:27:47 - [TEST_STEP][PASSED] - verifyElementText(findTestObject("Object Repository/Form Verification/Enrollment Form/Page_Free Baby Formula Samples  Coupons  Enfamil/a_Privacy Policy"), "Privacy Policy"): Actual text and expected text of test object 'Object Repository/Form Verification/Enrollment Form/Page_Free Baby Formula Samples  Coupons  Enfamil/a_Privacy Policy' are matched.

2022-04-18 23:27:47 - [MESSAGE][PASSED] - Actual text and expected text of test object 'Object Repository/Form Verification/Enrollment Form/Page_Free Baby Formula Samples  Coupons  Enfamil/a_Privacy Policy' are matched.

2022-04-18 23:27:47 - [TEST_STEP][PASSED] - verifyElementPresent(findTestObject("Object Repository/Form Verification/Enrollment Form/Page_Free Baby Formula Samples  Coupons  Enfamil/a_Sweepstakes Official Rules"), 0): Object 'Object Repository/Form Verification/Enrollment Form/Page_Free Baby Formula Samples  Coupons  Enfamil/a_Sweepstakes Official Rules' is present

2022-04-18 23:27:47 - [MESSAGE][WARNING] - Timeout '0' is invalid. Using default page load timeout: '5'

2022-04-18 23:27:48 - [MESSAGE][PASSED] - Object 'Object Repository/Form Verification/Enrollment Form/Page_Free Baby Formula Samples  Coupons  Enfamil/a_Sweepstakes Official Rules' is present

2022-04-18 23:27:48 - [TEST_STEP][PASSED] - verifyElementText(findTestObject("Object Repository/Form Verification/Enrollment Form/Page_Free Baby Formula Samples  Coupons  Enfamil/a_Sweepstakes Official Rules"), "Sweepstakes Official Rules."): Actual text and expected text of test object 'Object Repository/Form Verification/Enrollment Form/Page_Free Baby Formula Samples  Coupons  Enfamil/a_Sweepstakes Official Rules' are matched.

2022-04-18 23:27:48 - [MESSAGE][PASSED] - Actual text and expected text of test object 'Object Repository/Form Verification/Enrollment Form/Page_Free Baby Formula Samples  Coupons  Enfamil/a_Sweepstakes Official Rules' are matched.

2022-04-18 23:27:48 - [TEST_STEP][PASSED] - verifyElementPresent(findTestObject("Object Repository/Form Verification/Enrollment Form/Page_Free Baby Formula Samples  Coupons  Enfamil/div_media screen and (max-width 768px)  .li_440402"), 0): Object 'Object Repository/Form Verification/Enrollment Form/Page_Free Baby Formula Samples  Coupons  Enfamil/div_media screen and (max-width 768px)  .li_440402' is present

2022-04-18 23:27:48 - [MESSAGE][WARNING] - Timeout '0' is invalid. Using default page load timeout: '5'

2022-04-18 23:27:48 - [MESSAGE][PASSED] - Object 'Object Repository/Form Verification/Enrollment Form/Page_Free Baby Formula Samples  Coupons  Enfamil/div_media screen and (max-width 768px)  .li_440402' is present

2022-04-18 23:27:48 - [TEST_STEP][PASSED] - verifyElementPresent(findTestObject("Object Repository/Form Verification/Enrollment Form/Page_Free Baby Formula Samples  Coupons  Enfamil/div_ALTERNATIVE PROGRAMS"), 0): Object 'Object Repository/Form Verification/Enrollment Form/Page_Free Baby Formula Samples  Coupons  Enfamil/div_ALTERNATIVE PROGRAMS' is present

2022-04-18 23:27:49 - [MESSAGE][WARNING] - Timeout '0' is invalid. Using default page load timeout: '5'

2022-04-18 23:27:49 - [MESSAGE][PASSED] - Object 'Object Repository/Form Verification/Enrollment Form/Page_Free Baby Formula Samples  Coupons  Enfamil/div_ALTERNATIVE PROGRAMS' is present

2022-04-18 23:27:49 - [TEST_STEP][PASSED] - verifyElementText(findTestObject("Object Repository/Form Verification/Enrollment Form/Page_Free Baby Formula Samples  Coupons  Enfamil/div_ALTERNATIVE PROGRAMS"), "ALTERNATIVE PROGRAMS"): Actual text and expected text of test object 'Object Repository/Form Verification/Enrollment Form/Page_Free Baby Formula Samples  Coupons  Enfamil/div_ALTERNATIVE PROGRAMS' are matched.

2022-04-18 23:27:49 - [MESSAGE][PASSED] - Actual text and expected text of test object 'Object Repository/Form Verification/Enrollment Form/Page_Free Baby Formula Samples  Coupons  Enfamil/div_ALTERNATIVE PROGRAMS' are matched.

2022-04-18 23:27:49 - [TEST_STEP][PASSED] - verifyElementPresent(findTestObject("Object Repository/Form Verification/Enrollment Form/Page_Free Baby Formula Samples  Coupons  Enfamil/h2_Join a specialty program for samples and_7d0636"), 0): Object 'Object Repository/Form Verification/Enrollment Form/Page_Free Baby Formula Samples  Coupons  Enfamil/h2_Join a specialty program for samples and_7d0636' is present

2022-04-18 23:27:49 - [MESSAGE][WARNING] - Timeout '0' is invalid. Using default page load timeout: '5'

2022-04-18 23:27:50 - [MESSAGE][PASSED] - Object 'Object Repository/Form Verification/Enrollment Form/Page_Free Baby Formula Samples  Coupons  Enfamil/h2_Join a specialty program for samples and_7d0636' is present

2022-04-18 23:27:50 - [TEST_STEP][PASSED] - verifyElementText(findTestObject("Object Repository/Form Verification/Enrollment Form/Page_Free Baby Formula Samples  Coupons  Enfamil/h2_Join a specialty program for samples and_7d0636"), "Join a specialty program for samples and offers tailored to specific needs."): Actual text and expected text of test object 'Object Repository/Form Verification/Enrollment Form/Page_Free Baby Formula Samples  Coupons  Enfamil/h2_Join a specialty program for samples and_7d0636' are matched.

2022-04-18 23:27:50 - [MESSAGE][PASSED] - Actual text and expected text of test object 'Object Repository/Form Verification/Enrollment Form/Page_Free Baby Formula Samples  Coupons  Enfamil/h2_Join a specialty program for samples and_7d0636' are matched.

2022-04-18 23:27:50 - [TEST_STEP][PASSED] - verifyElementPresent(findTestObject("Object Repository/Form Verification/Enrollment Form/Page_Free Baby Formula Samples  Coupons  Enfamil/li_Drive to Thrive Support ProgramFor prema_3c92d2"), 0): Object 'Object Repository/Form Verification/Enrollment Form/Page_Free Baby Formula Samples  Coupons  Enfamil/li_Drive to Thrive Support ProgramFor prema_3c92d2' is present

2022-04-18 23:27:50 - [MESSAGE][WARNING] - Timeout '0' is invalid. Using default page load timeout: '5'

2022-04-18 23:27:51 - [MESSAGE][PASSED] - Object 'Object Repository/Form Verification/Enrollment Form/Page_Free Baby Formula Samples  Coupons  Enfamil/li_Drive to Thrive Support ProgramFor prema_3c92d2' is present

2022-04-18 23:27:51 - [TEST_STEP][PASSED] - verifyElementPresent(findTestObject("Object Repository/Form Verification/Enrollment Form/Page_Free Baby Formula Samples  Coupons  Enfamil/li_Nutramigen Savings and Support ProgramFo_933902"), 0): Object 'Object Repository/Form Verification/Enrollment Form/Page_Free Baby Formula Samples  Coupons  Enfamil/li_Nutramigen Savings and Support ProgramFo_933902' is present

2022-04-18 23:27:51 - [MESSAGE][WARNING] - Timeout '0' is invalid. Using default page load timeout: '5'

2022-04-18 23:27:51 - [MESSAGE][PASSED] - Object 'Object Repository/Form Verification/Enrollment Form/Page_Free Baby Formula Samples  Coupons  Enfamil/li_Nutramigen Savings and Support ProgramFo_933902' is present

2022-04-18 23:27:51 - [TEST_STEP][PASSED] - verifyElementPresent(findTestObject("Object Repository/Form Verification/Enrollment Form/Page_Free Baby Formula Samples  Coupons  Enfamil/li_Enspire Family Beginnings ProgramFor bab_540dbd"), 0): Object 'Object Repository/Form Verification/Enrollment Form/Page_Free Baby Formula Samples  Coupons  Enfamil/li_Enspire Family Beginnings ProgramFor bab_540dbd' is present

2022-04-18 23:27:51 - [MESSAGE][WARNING] - Timeout '0' is invalid. Using default page load timeout: '5'

2022-04-18 23:27:51 - [MESSAGE][PASSED] - Object 'Object Repository/Form Verification/Enrollment Form/Page_Free Baby Formula Samples  Coupons  Enfamil/li_Enspire Family Beginnings ProgramFor bab_540dbd' is present

2022-04-18 23:27:51 - [TEST_STEP][PASSED] - verifyElementPresent(findTestObject("Object Repository/Form Verification/Enrollment Form/Page_Free Baby Formula Samples  Coupons  Enfamil/h3_Drive to Thrive Support Program"), 0): Object 'Object Repository/Form Verification/Enrollment Form/Page_Free Baby Formula Samples  Coupons  Enfamil/h3_Drive to Thrive Support Program' is present

2022-04-18 23:27:52 - [MESSAGE][WARNING] - Timeout '0' is invalid. Using default page load timeout: '5'

2022-04-18 23:27:52 - [MESSAGE][PASSED] - Object 'Object Repository/Form Verification/Enrollment Form/Page_Free Baby Formula Samples  Coupons  Enfamil/h3_Drive to Thrive Support Program' is present

2022-04-18 23:27:52 - [TEST_STEP][PASSED] - verifyElementText(findTestObject("Object Repository/Form Verification/Enrollment Form/Page_Free Baby Formula Samples  Coupons  Enfamil/h3_Drive to Thrive Support Program"), "Drive to Thrive Support Program"): Actual text and expected text of test object 'Object Repository/Form Verification/Enrollment Form/Page_Free Baby Formula Samples  Coupons  Enfamil/h3_Drive to Thrive Support Program' are matched.

2022-04-18 23:27:52 - [MESSAGE][PASSED] - Actual text and expected text of test object 'Object Repository/Form Verification/Enrollment Form/Page_Free Baby Formula Samples  Coupons  Enfamil/h3_Drive to Thrive Support Program' are matched.

2022-04-18 23:27:52 - [TEST_STEP][PASSED] - verifyElementPresent(findTestObject("Object Repository/Form Verification/Enrollment Form/Page_Free Baby Formula Samples  Coupons  Enfamil/div_For premature babies"), 0): Object 'Object Repository/Form Verification/Enrollment Form/Page_Free Baby Formula Samples  Coupons  Enfamil/div_For premature babies' is present

2022-04-18 23:27:52 - [MESSAGE][WARNING] - Timeout '0' is invalid. Using default page load timeout: '5'

2022-04-18 23:27:53 - [MESSAGE][PASSED] - Object 'Object Repository/Form Verification/Enrollment Form/Page_Free Baby Formula Samples  Coupons  Enfamil/div_For premature babies' is present

2022-04-18 23:27:53 - [TEST_STEP][PASSED] - verifyElementText(findTestObject("Object Repository/Form Verification/Enrollment Form/Page_Free Baby Formula Samples  Coupons  Enfamil/div_For premature babies"), "For premature babies"): Actual text and expected text of test object 'Object Repository/Form Verification/Enrollment Form/Page_Free Baby Formula Samples  Coupons  Enfamil/div_For premature babies' are matched.

2022-04-18 23:27:53 - [MESSAGE][PASSED] - Actual text and expected text of test object 'Object Repository/Form Verification/Enrollment Form/Page_Free Baby Formula Samples  Coupons  Enfamil/div_For premature babies' are matched.

2022-04-18 23:27:53 - [TEST_STEP][FAILED] - verifyElementPresent(findTestObject("Object Repository/Form Verification/Enrollment Form/Page_Free Baby Formula Samples  Coupons  Enfamil/p_Receive up to 70 in savings, plus monthly_835e26"), 0): com.kms.katalon.core.webui.exception.WebElementNotFoundException: Web element with id: 'Object Repository/Form Verification/Enrollment Form/Page_Free Baby Formula Samples  Coupons  Enfamil/p_Receive up to 70 in savings, plus monthly_835e26' located by '//p[(text() = 'Receive up to $70 in savings*, plus monthly emails with expert advice on caring for your premature baby.')]' not found (Root cause: com.kms.katalon.core.exception.StepFailedException: com.kms.katalon.core.webui.exception.WebElementNotFoundException: Web element with id: 'Object Repository/Form Verification/Enrollment Form/Page_Free Baby Formula Samples  Coupons  Enfamil/p_Receive up to 70 in savings, plus monthly_835e26' located by '//p[(text() = 'Receive up to $70 in savings*, plus monthly emails with expert advice on caring for your premature baby.')]' not found
	at com.kms.katalon.core.webui.keyword.internal.WebUIKeywordMain.stepFailed(WebUIKeywordMain.groovy:64)
	at com.kms.katalon.core.webui.keyword.builtin.VerifyElementPresentKeyword$_verifyElementPresent_closure1.doCall(VerifyElementPresentKeyword.groovy:85)
	at com.kms.katalon.core.webui.keyword.builtin.VerifyElementPresentKeyword$_verifyElementPresent_closure1.call(VerifyElementPresentKeyword.groovy)
	at com.kms.katalon.core.webui.keyword.internal.WebUIKeywordMain.runKeyword(WebUIKeywordMain.groovy:20)
	at com.kms.katalon.core.webui.keyword.builtin.VerifyElementPresentKeyword.verifyElementPresent(VerifyElementPresentKeyword.groovy:92)
	at com.kms.katalon.core.webui.keyword.builtin.VerifyElementPresentKeyword.execute(VerifyElementPresentKeyword.groovy:68)
	at com.kms.katalon.core.keyword.internal.KeywordExecutor.executeKeywordForPlatform(KeywordExecutor.groovy:74)
	at com.kms.katalon.core.webui.keyword.WebUiBuiltInKeywords.verifyElementPresent(WebUiBuiltInKeywords.groovy:1464)
	at com.kms.katalon.core.webui.keyword.WebUiBuiltInKeywords$verifyElementPresent$4.call(Unknown Source)
	at Enrollment - Form Verification - UAT.run(Enrollment - Form Verification - UAT:363)
	at com.kms.katalon.core.main.ScriptEngine.run(ScriptEngine.java:194)
	at com.kms.katalon.core.main.ScriptEngine.runScriptAsRawText(ScriptEngine.java:119)
	at com.kms.katalon.core.main.TestCaseExecutor.runScript(TestCaseExecutor.java:445)
	at com.kms.katalon.core.main.TestCaseExecutor.doExecute(TestCaseExecutor.java:436)
	at com.kms.katalon.core.main.TestCaseExecutor.processExecutionPhase(TestCaseExecutor.java:415)
	at com.kms.katalon.core.main.TestCaseExecutor.accessMainPhase(TestCaseExecutor.java:407)
	at com.kms.katalon.core.main.TestCaseExecutor.execute(TestCaseExecutor.java:284)
	at com.kms.katalon.core.common.CommonExecutor.accessTestCaseMainPhase(CommonExecutor.java:65)
	at com.kms.katalon.core.main.TestSuiteExecutor.accessTestSuiteMainPhase(TestSuiteExecutor.java:144)
	at com.kms.katalon.core.main.TestSuiteExecutor.execute(TestSuiteExecutor.java:106)
	at com.kms.katalon.core.main.TestCaseMain.startTestSuite(TestCaseMain.java:185)
	at com.kms.katalon.core.main.TestCaseMain$startTestSuite$0.call(Unknown Source)
	at TempTestSuite1650304259606.run(TempTestSuite1650304259606.groovy:36)
)

2022-04-18 23:27:53 - [MESSAGE][WARNING] - Timeout '0' is invalid. Using default page load timeout: '5'

2022-04-18 23:27:59 - [MESSAGE][INFO] - Unable to find the element located by 'By.xpath: //p[(text() = 'Receive up to $70 in savings*, plus monthly emails with expert advice on caring for your premature baby.')]'. Please recheck the objects properties to make sure the desired element is located. 

2022-04-18 23:28:00 - [MESSAGE][FAILED] - com.kms.katalon.core.webui.exception.WebElementNotFoundException: Web element with id: 'Object Repository/Form Verification/Enrollment Form/Page_Free Baby Formula Samples  Coupons  Enfamil/p_Receive up to 70 in savings, plus monthly_835e26' located by '//p[(text() = 'Receive up to $70 in savings*, plus monthly emails with expert advice on caring for your premature baby.')]' not found (Root cause: com.kms.katalon.core.exception.StepFailedException: com.kms.katalon.core.webui.exception.WebElementNotFoundException: Web element with id: 'Object Repository/Form Verification/Enrollment Form/Page_Free Baby Formula Samples  Coupons  Enfamil/p_Receive up to 70 in savings, plus monthly_835e26' located by '//p[(text() = 'Receive up to $70 in savings*, plus monthly emails with expert advice on caring for your premature baby.')]' not found
	at com.kms.katalon.core.webui.keyword.internal.WebUIKeywordMain.stepFailed(WebUIKeywordMain.groovy:64)
	at com.kms.katalon.core.webui.keyword.builtin.VerifyElementPresentKeyword$_verifyElementPresent_closure1.doCall(VerifyElementPresentKeyword.groovy:85)
	at com.kms.katalon.core.webui.keyword.builtin.VerifyElementPresentKeyword$_verifyElementPresent_closure1.call(VerifyElementPresentKeyword.groovy)
	at com.kms.katalon.core.webui.keyword.internal.WebUIKeywordMain.runKeyword(WebUIKeywordMain.groovy:20)
	at com.kms.katalon.core.webui.keyword.builtin.VerifyElementPresentKeyword.verifyElementPresent(VerifyElementPresentKeyword.groovy:92)
	at com.kms.katalon.core.webui.keyword.builtin.VerifyElementPresentKeyword.execute(VerifyElementPresentKeyword.groovy:68)
	at com.kms.katalon.core.keyword.internal.KeywordExecutor.executeKeywordForPlatform(KeywordExecutor.groovy:74)
	at com.kms.katalon.core.webui.keyword.WebUiBuiltInKeywords.verifyElementPresent(WebUiBuiltInKeywords.groovy:1464)
	at com.kms.katalon.core.webui.keyword.WebUiBuiltInKeywords$verifyElementPresent$4.call(Unknown Source)
	at Enrollment - Form Verification - UAT.run(Enrollment - Form Verification - UAT:363)
	at com.kms.katalon.core.main.ScriptEngine.run(ScriptEngine.java:194)
	at com.kms.katalon.core.main.ScriptEngine.runScriptAsRawText(ScriptEngine.java:119)
	at com.kms.katalon.core.main.TestCaseExecutor.runScript(TestCaseExecutor.java:445)
	at com.kms.katalon.core.main.TestCaseExecutor.doExecute(TestCaseExecutor.java:436)
	at com.kms.katalon.core.main.TestCaseExecutor.processExecutionPhase(TestCaseExecutor.java:415)
	at com.kms.katalon.core.main.TestCaseExecutor.accessMainPhase(TestCaseExecutor.java:407)
	at com.kms.katalon.core.main.TestCaseExecutor.execute(TestCaseExecutor.java:284)
	at com.kms.katalon.core.common.CommonExecutor.accessTestCaseMainPhase(CommonExecutor.java:65)
	at com.kms.katalon.core.main.TestSuiteExecutor.accessTestSuiteMainPhase(TestSuiteExecutor.java:144)
	at com.kms.katalon.core.main.TestSuiteExecutor.execute(TestSuiteExecutor.java:106)
	at com.kms.katalon.core.main.TestCaseMain.startTestSuite(TestCaseMain.java:185)
	at com.kms.katalon.core.main.TestCaseMain$startTestSuite$0.call(Unknown Source)
	at TempTestSuite1650304259606.run(TempTestSuite1650304259606.groovy:36)
)
[[ATTACHMENT|D:\\SmoketestSuite\\enfamilUS\\Reports\\20220418_232059\\SmokeTestCollection - Venkat\\SmokeTestSuite-Collection - UAT\\20220418_232059\\1650304679819.png]]

2022-04-18 23:28:00 - [TEST_STEP][FAILED] - verifyElementText(findTestObject("Object Repository/Form Verification/Enrollment Form/Page_Free Baby Formula Samples  Coupons  Enfamil/p_Receive up to 70 in savings, plus monthly_835e26"), "Receive up to $70 in savings*, plus monthly emails with expert advice on caring for your premature baby. "): com.kms.katalon.core.webui.exception.WebElementNotFoundException: Web element with id: 'Object Repository/Form Verification/Enrollment Form/Page_Free Baby Formula Samples  Coupons  Enfamil/p_Receive up to 70 in savings, plus monthly_835e26' located by '//p[(text() = 'Receive up to $70 in savings*, plus monthly emails with expert advice on caring for your premature baby.')]' not found (Root cause: com.kms.katalon.core.exception.StepFailedException: com.kms.katalon.core.webui.exception.WebElementNotFoundException: Web element with id: 'Object Repository/Form Verification/Enrollment Form/Page_Free Baby Formula Samples  Coupons  Enfamil/p_Receive up to 70 in savings, plus monthly_835e26' located by '//p[(text() = 'Receive up to $70 in savings*, plus monthly emails with expert advice on caring for your premature baby.')]' not found
	at com.kms.katalon.core.webui.keyword.internal.WebUIKeywordMain.stepFailed(WebUIKeywordMain.groovy:64)
	at com.kms.katalon.core.webui.keyword.builtin.VerifyElementTextKeyword$_verifyElementText_closure1.doCall(VerifyElementTextKeyword.groovy:64)
	at com.kms.katalon.core.webui.keyword.builtin.VerifyElementTextKeyword$_verifyElementText_closure1.call(VerifyElementTextKeyword.groovy)
	at com.kms.katalon.core.webui.keyword.internal.WebUIKeywordMain.runKeyword(WebUIKeywordMain.groovy:20)
	at com.kms.katalon.core.webui.keyword.builtin.VerifyElementTextKeyword.verifyElementText(VerifyElementTextKeyword.groovy:72)
	at com.kms.katalon.core.webui.keyword.builtin.VerifyElementTextKeyword.execute(VerifyElementTextKeyword.groovy:40)
	at com.kms.katalon.core.keyword.internal.KeywordExecutor.executeKeywordForPlatform(KeywordExecutor.groovy:74)
	at com.kms.katalon.core.webui.keyword.WebUiBuiltInKeywords.verifyElementText(WebUiBuiltInKeywords.groovy:4749)
	at com.kms.katalon.core.webui.keyword.WebUiBuiltInKeywords$verifyElementText$5.call(Unknown Source)
	at Enrollment - Form Verification - UAT.run(Enrollment - Form Verification - UAT:366)
	at com.kms.katalon.core.main.ScriptEngine.run(ScriptEngine.java:194)
	at com.kms.katalon.core.main.ScriptEngine.runScriptAsRawText(ScriptEngine.java:119)
	at com.kms.katalon.core.main.TestCaseExecutor.runScript(TestCaseExecutor.java:445)
	at com.kms.katalon.core.main.TestCaseExecutor.doExecute(TestCaseExecutor.java:436)
	at com.kms.katalon.core.main.TestCaseExecutor.processExecutionPhase(TestCaseExecutor.java:415)
	at com.kms.katalon.core.main.TestCaseExecutor.accessMainPhase(TestCaseExecutor.java:407)
	at com.kms.katalon.core.main.TestCaseExecutor.execute(TestCaseExecutor.java:284)
	at com.kms.katalon.core.common.CommonExecutor.accessTestCaseMainPhase(CommonExecutor.java:65)
	at com.kms.katalon.core.main.TestSuiteExecutor.accessTestSuiteMainPhase(TestSuiteExecutor.java:144)
	at com.kms.katalon.core.main.TestSuiteExecutor.execute(TestSuiteExecutor.java:106)
	at com.kms.katalon.core.main.TestCaseMain.startTestSuite(TestCaseMain.java:185)
	at com.kms.katalon.core.main.TestCaseMain$startTestSuite$0.call(Unknown Source)
	at TempTestSuite1650304259606.run(TempTestSuite1650304259606.groovy:36)
)

2022-04-18 23:28:06 - [MESSAGE][INFO] - Unable to find the element located by 'By.xpath: //p[(text() = 'Receive up to $70 in savings*, plus monthly emails with expert advice on caring for your premature baby.')]'. Please recheck the objects properties to make sure the desired element is located. 

2022-04-18 23:28:06 - [MESSAGE][FAILED] - com.kms.katalon.core.webui.exception.WebElementNotFoundException: Web element with id: 'Object Repository/Form Verification/Enrollment Form/Page_Free Baby Formula Samples  Coupons  Enfamil/p_Receive up to 70 in savings, plus monthly_835e26' located by '//p[(text() = 'Receive up to $70 in savings*, plus monthly emails with expert advice on caring for your premature baby.')]' not found (Root cause: com.kms.katalon.core.exception.StepFailedException: com.kms.katalon.core.webui.exception.WebElementNotFoundException: Web element with id: 'Object Repository/Form Verification/Enrollment Form/Page_Free Baby Formula Samples  Coupons  Enfamil/p_Receive up to 70 in savings, plus monthly_835e26' located by '//p[(text() = 'Receive up to $70 in savings*, plus monthly emails with expert advice on caring for your premature baby.')]' not found
	at com.kms.katalon.core.webui.keyword.internal.WebUIKeywordMain.stepFailed(WebUIKeywordMain.groovy:64)
	at com.kms.katalon.core.webui.keyword.builtin.VerifyElementTextKeyword$_verifyElementText_closure1.doCall(VerifyElementTextKeyword.groovy:64)
	at com.kms.katalon.core.webui.keyword.builtin.VerifyElementTextKeyword$_verifyElementText_closure1.call(VerifyElementTextKeyword.groovy)
	at com.kms.katalon.core.webui.keyword.internal.WebUIKeywordMain.runKeyword(WebUIKeywordMain.groovy:20)
	at com.kms.katalon.core.webui.keyword.builtin.VerifyElementTextKeyword.verifyElementText(VerifyElementTextKeyword.groovy:72)
	at com.kms.katalon.core.webui.keyword.builtin.VerifyElementTextKeyword.execute(VerifyElementTextKeyword.groovy:40)
	at com.kms.katalon.core.keyword.internal.KeywordExecutor.executeKeywordForPlatform(KeywordExecutor.groovy:74)
	at com.kms.katalon.core.webui.keyword.WebUiBuiltInKeywords.verifyElementText(WebUiBuiltInKeywords.groovy:4749)
	at com.kms.katalon.core.webui.keyword.WebUiBuiltInKeywords$verifyElementText$5.call(Unknown Source)
	at Enrollment - Form Verification - UAT.run(Enrollment - Form Verification - UAT:366)
	at com.kms.katalon.core.main.ScriptEngine.run(ScriptEngine.java:194)
	at com.kms.katalon.core.main.ScriptEngine.runScriptAsRawText(ScriptEngine.java:119)
	at com.kms.katalon.core.main.TestCaseExecutor.runScript(TestCaseExecutor.java:445)
	at com.kms.katalon.core.main.TestCaseExecutor.doExecute(TestCaseExecutor.java:436)
	at com.kms.katalon.core.main.TestCaseExecutor.processExecutionPhase(TestCaseExecutor.java:415)
	at com.kms.katalon.core.main.TestCaseExecutor.accessMainPhase(TestCaseExecutor.java:407)
	at com.kms.katalon.core.main.TestCaseExecutor.execute(TestCaseExecutor.java:284)
	at com.kms.katalon.core.common.CommonExecutor.accessTestCaseMainPhase(CommonExecutor.java:65)
	at com.kms.katalon.core.main.TestSuiteExecutor.accessTestSuiteMainPhase(TestSuiteExecutor.java:144)
	at com.kms.katalon.core.main.TestSuiteExecutor.execute(TestSuiteExecutor.java:106)
	at com.kms.katalon.core.main.TestCaseMain.startTestSuite(TestCaseMain.java:185)
	at com.kms.katalon.core.main.TestCaseMain$startTestSuite$0.call(Unknown Source)
	at TempTestSuite1650304259606.run(TempTestSuite1650304259606.groovy:36)
)
[[ATTACHMENT|D:\\SmoketestSuite\\enfamilUS\\Reports\\20220418_232059\\SmokeTestCollection - Venkat\\SmokeTestSuite-Collection - UAT\\20220418_232059\\1650304686468.png]]

2022-04-18 23:28:06 - [TEST_STEP][PASSED] - verifyElementPresent(findTestObject("Object Repository/Form Verification/Enrollment Form/Page_Free Baby Formula Samples  Coupons  Enfamil/a_Join now"), 0): Object 'Object Repository/Form Verification/Enrollment Form/Page_Free Baby Formula Samples  Coupons  Enfamil/a_Join now' is present

2022-04-18 23:28:06 - [MESSAGE][WARNING] - Timeout '0' is invalid. Using default page load timeout: '5'

2022-04-18 23:28:07 - [MESSAGE][PASSED] - Object 'Object Repository/Form Verification/Enrollment Form/Page_Free Baby Formula Samples  Coupons  Enfamil/a_Join now' is present

2022-04-18 23:28:07 - [TEST_STEP][PASSED] - verifyElementPresent(findTestObject("Object Repository/Form Verification/Enrollment Form/Page_Free Baby Formula Samples  Coupons  Enfamil/h3_Nutramigen Savings and Support Program"), 0): Object 'Object Repository/Form Verification/Enrollment Form/Page_Free Baby Formula Samples  Coupons  Enfamil/h3_Nutramigen Savings and Support Program' is present

2022-04-18 23:28:07 - [MESSAGE][WARNING] - Timeout '0' is invalid. Using default page load timeout: '5'

2022-04-18 23:28:07 - [MESSAGE][PASSED] - Object 'Object Repository/Form Verification/Enrollment Form/Page_Free Baby Formula Samples  Coupons  Enfamil/h3_Nutramigen Savings and Support Program' is present

2022-04-18 23:28:07 - [TEST_STEP][PASSED] - verifyElementText(findTestObject("Object Repository/Form Verification/Enrollment Form/Page_Free Baby Formula Samples  Coupons  Enfamil/h3_Nutramigen Savings and Support Program"), "Nutramigen Savings and Support Program"): Actual text and expected text of test object 'Object Repository/Form Verification/Enrollment Form/Page_Free Baby Formula Samples  Coupons  Enfamil/h3_Nutramigen Savings and Support Program' are matched.

2022-04-18 23:28:08 - [MESSAGE][PASSED] - Actual text and expected text of test object 'Object Repository/Form Verification/Enrollment Form/Page_Free Baby Formula Samples  Coupons  Enfamil/h3_Nutramigen Savings and Support Program' are matched.

2022-04-18 23:28:08 - [TEST_STEP][PASSED] - verifyElementPresent(findTestObject("Object Repository/Form Verification/Enrollment Form/Page_Free Baby Formula Samples  Coupons  Enfamil/div_For babies with cows milk allergy"), 0): Object 'Object Repository/Form Verification/Enrollment Form/Page_Free Baby Formula Samples  Coupons  Enfamil/div_For babies with cows milk allergy' is present

2022-04-18 23:28:08 - [MESSAGE][WARNING] - Timeout '0' is invalid. Using default page load timeout: '5'

2022-04-18 23:28:08 - [MESSAGE][PASSED] - Object 'Object Repository/Form Verification/Enrollment Form/Page_Free Baby Formula Samples  Coupons  Enfamil/div_For babies with cows milk allergy' is present

2022-04-18 23:28:08 - [TEST_STEP][PASSED] - verifyElementText(findTestObject("Object Repository/Form Verification/Enrollment Form/Page_Free Baby Formula Samples  Coupons  Enfamil/div_For babies with cows milk allergy"), "For babies with cowâ€™s milk allergy"): Actual text and expected text of test object 'Object Repository/Form Verification/Enrollment Form/Page_Free Baby Formula Samples  Coupons  Enfamil/div_For babies with cows milk allergy' are matched.

2022-04-18 23:28:08 - [MESSAGE][PASSED] - Actual text and expected text of test object 'Object Repository/Form Verification/Enrollment Form/Page_Free Baby Formula Samples  Coupons  Enfamil/div_For babies with cows milk allergy' are matched.

2022-04-18 23:28:08 - [TEST_STEP][PASSED] - verifyElementPresent(findTestObject("Object Repository/Form Verification/Enrollment Form/Page_Free Baby Formula Samples  Coupons  Enfamil/p_Join for up to 130 in exclusive savings, _bf0f58"), 0): Object 'Object Repository/Form Verification/Enrollment Form/Page_Free Baby Formula Samples  Coupons  Enfamil/p_Join for up to 130 in exclusive savings, _bf0f58' is present

2022-04-18 23:28:08 - [MESSAGE][WARNING] - Timeout '0' is invalid. Using default page load timeout: '5'

2022-04-18 23:28:09 - [MESSAGE][PASSED] - Object 'Object Repository/Form Verification/Enrollment Form/Page_Free Baby Formula Samples  Coupons  Enfamil/p_Join for up to 130 in exclusive savings, _bf0f58' is present

2022-04-18 23:28:09 - [TEST_STEP][PASSED] - verifyElementText(findTestObject("Object Repository/Form Verification/Enrollment Form/Page_Free Baby Formula Samples  Coupons  Enfamil/p_Join for up to 130 in exclusive savings, _bf0f58"), "Join for up to $130 in exclusive savings, samples, and tips for cow's milk allergy management."): Actual text and expected text of test object 'Object Repository/Form Verification/Enrollment Form/Page_Free Baby Formula Samples  Coupons  Enfamil/p_Join for up to 130 in exclusive savings, _bf0f58' are matched.

2022-04-18 23:28:09 - [MESSAGE][PASSED] - Actual text and expected text of test object 'Object Repository/Form Verification/Enrollment Form/Page_Free Baby Formula Samples  Coupons  Enfamil/p_Join for up to 130 in exclusive savings, _bf0f58' are matched.

2022-04-18 23:28:09 - [TEST_STEP][PASSED] - verifyElementPresent(findTestObject("Object Repository/Form Verification/Enrollment Form/Page_Free Baby Formula Samples  Coupons  Enfamil/a_Join now_1"), 0): Object 'Object Repository/Form Verification/Enrollment Form/Page_Free Baby Formula Samples  Coupons  Enfamil/a_Join now_1' is present

2022-04-18 23:28:09 - [MESSAGE][WARNING] - Timeout '0' is invalid. Using default page load timeout: '5'

2022-04-18 23:28:10 - [MESSAGE][PASSED] - Object 'Object Repository/Form Verification/Enrollment Form/Page_Free Baby Formula Samples  Coupons  Enfamil/a_Join now_1' is present

2022-04-18 23:28:10 - [TEST_STEP][PASSED] - verifyElementPresent(findTestObject("Object Repository/Form Verification/Enrollment Form/Page_Free Baby Formula Samples  Coupons  Enfamil/h3_Enspire Family Beginnings Program"), 0): Object 'Object Repository/Form Verification/Enrollment Form/Page_Free Baby Formula Samples  Coupons  Enfamil/h3_Enspire Family Beginnings Program' is present

2022-04-18 23:28:10 - [MESSAGE][WARNING] - Timeout '0' is invalid. Using default page load timeout: '5'

2022-04-18 23:28:10 - [MESSAGE][PASSED] - Object 'Object Repository/Form Verification/Enrollment Form/Page_Free Baby Formula Samples  Coupons  Enfamil/h3_Enspire Family Beginnings Program' is present

2022-04-18 23:28:10 - [TEST_STEP][PASSED] - verifyElementText(findTestObject("Object Repository/Form Verification/Enrollment Form/Page_Free Baby Formula Samples  Coupons  Enfamil/h3_Enspire Family Beginnings Program"), "Enspire Family Beginnings Program"): Actual text and expected text of test object 'Object Repository/Form Verification/Enrollment Form/Page_Free Baby Formula Samples  Coupons  Enfamil/h3_Enspire Family Beginnings Program' are matched.

2022-04-18 23:28:10 - [MESSAGE][PASSED] - Actual text and expected text of test object 'Object Repository/Form Verification/Enrollment Form/Page_Free Baby Formula Samples  Coupons  Enfamil/h3_Enspire Family Beginnings Program' are matched.

2022-04-18 23:28:10 - [TEST_STEP][PASSED] - verifyElementPresent(findTestObject("Object Repository/Form Verification/Enrollment Form/Page_Free Baby Formula Samples  Coupons  Enfamil/div_For babies using our formula closest to_e207a5"), 0): Object 'Object Repository/Form Verification/Enrollment Form/Page_Free Baby Formula Samples  Coupons  Enfamil/div_For babies using our formula closest to_e207a5' is present

2022-04-18 23:28:10 - [MESSAGE][WARNING] - Timeout '0' is invalid. Using default page load timeout: '5'

2022-04-18 23:28:11 - [MESSAGE][PASSED] - Object 'Object Repository/Form Verification/Enrollment Form/Page_Free Baby Formula Samples  Coupons  Enfamil/div_For babies using our formula closest to_e207a5' is present

2022-04-18 23:28:11 - [TEST_STEP][PASSED] - verifyElementText(findTestObject("Object Repository/Form Verification/Enrollment Form/Page_Free Baby Formula Samples  Coupons  Enfamil/div_For babies using our formula closest to_e207a5"), "For babies using our formula closest to breastmilk"): Actual text and expected text of test object 'Object Repository/Form Verification/Enrollment Form/Page_Free Baby Formula Samples  Coupons  Enfamil/div_For babies using our formula closest to_e207a5' are matched.

2022-04-18 23:28:11 - [MESSAGE][PASSED] - Actual text and expected text of test object 'Object Repository/Form Verification/Enrollment Form/Page_Free Baby Formula Samples  Coupons  Enfamil/div_For babies using our formula closest to_e207a5' are matched.

2022-04-18 23:28:11 - [TEST_STEP][PASSED] - verifyElementPresent(findTestObject("Object Repository/Form Verification/Enrollment Form/Page_Free Baby Formula Samples  Coupons  Enfamil/p_Enjoy special values, free gifts, a dedic_03abee"), 0): Object 'Object Repository/Form Verification/Enrollment Form/Page_Free Baby Formula Samples  Coupons  Enfamil/p_Enjoy special values, free gifts, a dedic_03abee' is present

2022-04-18 23:28:11 - [MESSAGE][WARNING] - Timeout '0' is invalid. Using default page load timeout: '5'

2022-04-18 23:28:12 - [MESSAGE][PASSED] - Object 'Object Repository/Form Verification/Enrollment Form/Page_Free Baby Formula Samples  Coupons  Enfamil/p_Enjoy special values, free gifts, a dedic_03abee' is present

2022-04-18 23:28:12 - [TEST_STEP][PASSED] - verifyElementText(findTestObject("Object Repository/Form Verification/Enrollment Form/Page_Free Baby Formula Samples  Coupons  Enfamil/p_Enjoy special values, free gifts, a dedic_03abee"), "Enjoy special values, free gifts, a dedicated phone number to reach an Enspire Expert, and more."): Actual text and expected text of test object 'Object Repository/Form Verification/Enrollment Form/Page_Free Baby Formula Samples  Coupons  Enfamil/p_Enjoy special values, free gifts, a dedic_03abee' are matched.

2022-04-18 23:28:12 - [MESSAGE][PASSED] - Actual text and expected text of test object 'Object Repository/Form Verification/Enrollment Form/Page_Free Baby Formula Samples  Coupons  Enfamil/p_Enjoy special values, free gifts, a dedic_03abee' are matched.

2022-04-18 23:28:12 - [TEST_STEP][PASSED] - verifyElementPresent(findTestObject("Object Repository/Form Verification/Enrollment Form/Page_Free Baby Formula Samples  Coupons  Enfamil/a_Join now_1_2"), 0): Object 'Object Repository/Form Verification/Enrollment Form/Page_Free Baby Formula Samples  Coupons  Enfamil/a_Join now_1_2' is present

2022-04-18 23:28:12 - [MESSAGE][WARNING] - Timeout '0' is invalid. Using default page load timeout: '5'

2022-04-18 23:28:12 - [MESSAGE][PASSED] - Object 'Object Repository/Form Verification/Enrollment Form/Page_Free Baby Formula Samples  Coupons  Enfamil/a_Join now_1_2' is present

2022-04-18 23:28:12 - [TEST_STEP][PASSED] - verifyElementPresent(findTestObject("Object Repository/Form Verification/Enrollment Form/Page_Free Baby Formula Samples  Coupons  Enfamil/div_For more ways to earn, download our app_de43e5"), 0): Object 'Object Repository/Form Verification/Enrollment Form/Page_Free Baby Formula Samples  Coupons  Enfamil/div_For more ways to earn, download our app_de43e5' is present

2022-04-18 23:28:13 - [MESSAGE][WARNING] - Timeout '0' is invalid. Using default page load timeout: '5'

2022-04-18 23:28:13 - [MESSAGE][PASSED] - Object 'Object Repository/Form Verification/Enrollment Form/Page_Free Baby Formula Samples  Coupons  Enfamil/div_For more ways to earn, download our app_de43e5' is present

2022-04-18 23:28:13 - [TEST_STEP][PASSED] - verifyElementPresent(findTestObject("Object Repository/Form Verification/Enrollment Form/Page_Free Baby Formula Samples  Coupons  Enfamil/h2_For more ways to earn, download our app"), 0): Object 'Object Repository/Form Verification/Enrollment Form/Page_Free Baby Formula Samples  Coupons  Enfamil/h2_For more ways to earn, download our app' is present

2022-04-18 23:28:13 - [MESSAGE][WARNING] - Timeout '0' is invalid. Using default page load timeout: '5'

2022-04-18 23:28:13 - [MESSAGE][PASSED] - Object 'Object Repository/Form Verification/Enrollment Form/Page_Free Baby Formula Samples  Coupons  Enfamil/h2_For more ways to earn, download our app' is present

2022-04-18 23:28:13 - [TEST_STEP][PASSED] - verifyElementText(findTestObject("Object Repository/Form Verification/Enrollment Form/Page_Free Baby Formula Samples  Coupons  Enfamil/h2_For more ways to earn, download our app"), "For more ways to earn, download our app."): Actual text and expected text of test object 'Object Repository/Form Verification/Enrollment Form/Page_Free Baby Formula Samples  Coupons  Enfamil/h2_For more ways to earn, download our app' are matched.

2022-04-18 23:28:14 - [MESSAGE][PASSED] - Actual text and expected text of test object 'Object Repository/Form Verification/Enrollment Form/Page_Free Baby Formula Samples  Coupons  Enfamil/h2_For more ways to earn, download our app' are matched.

2022-04-18 23:28:14 - [TEST_STEP][PASSED] - verifyElementPresent(findTestObject("Object Repository/Form Verification/Enrollment Form/Page_Free Baby Formula Samples  Coupons  Enfamil/span_Download the Enfamil Family Beginnings_ff7c19"), 0): Object 'Object Repository/Form Verification/Enrollment Form/Page_Free Baby Formula Samples  Coupons  Enfamil/span_Download the Enfamil Family Beginnings_ff7c19' is present

2022-04-18 23:28:14 - [MESSAGE][WARNING] - Timeout '0' is invalid. Using default page load timeout: '5'

2022-04-18 23:28:14 - [MESSAGE][PASSED] - Object 'Object Repository/Form Verification/Enrollment Form/Page_Free Baby Formula Samples  Coupons  Enfamil/span_Download the Enfamil Family Beginnings_ff7c19' is present

2022-04-18 23:28:14 - [TEST_STEP][PASSED] - verifyElementText(findTestObject("Object Repository/Form Verification/Enrollment Form/Page_Free Baby Formula Samples  Coupons  Enfamil/span_Download the Enfamil Family Beginnings_ff7c19"), "Download the Enfamil Family Beginnings app for instant access to exclusive rewards, coupons, tips, digital #BellyBadges and more. Plus get 100 points for downloading."): Actual text and expected text of test object 'Object Repository/Form Verification/Enrollment Form/Page_Free Baby Formula Samples  Coupons  Enfamil/span_Download the Enfamil Family Beginnings_ff7c19' are matched.

2022-04-18 23:28:15 - [MESSAGE][PASSED] - Actual text and expected text of test object 'Object Repository/Form Verification/Enrollment Form/Page_Free Baby Formula Samples  Coupons  Enfamil/span_Download the Enfamil Family Beginnings_ff7c19' are matched.

2022-04-18 23:28:15 - [TEST_STEP][PASSED] - verifyElementPresent(findTestObject("Object Repository/Form Verification/Enrollment Form/Page_Free Baby Formula Samples  Coupons  Enfamil/button_Prev"), 0): Object 'Object Repository/Form Verification/Enrollment Form/Page_Free Baby Formula Samples  Coupons  Enfamil/button_Prev' is present

2022-04-18 23:28:15 - [MESSAGE][WARNING] - Timeout '0' is invalid. Using default page load timeout: '5'

2022-04-18 23:28:15 - [MESSAGE][PASSED] - Object 'Object Repository/Form Verification/Enrollment Form/Page_Free Baby Formula Samples  Coupons  Enfamil/button_Prev' is present

2022-04-18 23:28:15 - [TEST_STEP][PASSED] - verifyElementPresent(findTestObject("Object Repository/Form Verification/Enrollment Form/Page_Free Baby Formula Samples  Coupons  Enfamil/button_Next"), 0): Object 'Object Repository/Form Verification/Enrollment Form/Page_Free Baby Formula Samples  Coupons  Enfamil/button_Next' is present

2022-04-18 23:28:15 - [MESSAGE][WARNING] - Timeout '0' is invalid. Using default page load timeout: '5'

2022-04-18 23:28:15 - [MESSAGE][PASSED] - Object 'Object Repository/Form Verification/Enrollment Form/Page_Free Baby Formula Samples  Coupons  Enfamil/button_Next' is present

2022-04-18 23:28:15 - [TEST_STEP][PASSED] - verifyElementPresent(findTestObject("Object Repository/Form Verification/Enrollment Form/Page_Free Baby Formula Samples  Coupons  Enfamil/h3_Here for you, every step of the way"), 0): Object 'Object Repository/Form Verification/Enrollment Form/Page_Free Baby Formula Samples  Coupons  Enfamil/h3_Here for you, every step of the way' is present

2022-04-18 23:28:15 - [MESSAGE][WARNING] - Timeout '0' is invalid. Using default page load timeout: '5'

2022-04-18 23:28:16 - [MESSAGE][PASSED] - Object 'Object Repository/Form Verification/Enrollment Form/Page_Free Baby Formula Samples  Coupons  Enfamil/h3_Here for you, every step of the way' is present

2022-04-18 23:28:16 - [TEST_STEP][PASSED] - scrollToElement(findTestObject("Object Repository/Form Verification/Enrollment Form/Page_Free Baby Formula Samples  Coupons  Enfamil/h3_Here for you, every step of the way"), 0): Scroll to object 'Object Repository/Form Verification/Enrollment Form/Page_Free Baby Formula Samples  Coupons  Enfamil/h3_Here for you, every step of the way' successfully

2022-04-18 23:28:16 - [MESSAGE][WARNING] - Timeout '0' is invalid. Using default page load timeout: '5'

2022-04-18 23:28:16 - [MESSAGE][PASSED] - Scroll to object 'Object Repository/Form Verification/Enrollment Form/Page_Free Baby Formula Samples  Coupons  Enfamil/h3_Here for you, every step of the way' successfully

2022-04-18 23:28:16 - [TEST_STEP][PASSED] - delay(5): Delayed 5 second(s)

2022-04-18 23:28:21 - [MESSAGE][PASSED] - Delayed 5 second(s)

2022-04-18 23:28:21 - [TEST_STEP][PASSED] - verifyElementText(findTestObject("Object Repository/Form Verification/Enrollment Form/Page_Free Baby Formula Samples  Coupons  Enfamil/h3_Here for you, every step of the way"), "Here for you, every step of the way."): Actual text and expected text of test object 'Object Repository/Form Verification/Enrollment Form/Page_Free Baby Formula Samples  Coupons  Enfamil/h3_Here for you, every step of the way' are matched.

2022-04-18 23:28:22 - [MESSAGE][PASSED] - Actual text and expected text of test object 'Object Repository/Form Verification/Enrollment Form/Page_Free Baby Formula Samples  Coupons  Enfamil/h3_Here for you, every step of the way' are matched.

2022-04-18 23:28:22 - [TEST_STEP][PASSED] - verifyElementPresent(findTestObject("Object Repository/Form Verification/Enrollment Form/Page_Free Baby Formula Samples  Coupons  Enfamil/li_Pregnancy tips for expecting mothers"), 0): Object 'Object Repository/Form Verification/Enrollment Form/Page_Free Baby Formula Samples  Coupons  Enfamil/li_Pregnancy tips for expecting mothers' is present

2022-04-18 23:28:22 - [MESSAGE][WARNING] - Timeout '0' is invalid. Using default page load timeout: '5'

2022-04-18 23:28:22 - [MESSAGE][PASSED] - Object 'Object Repository/Form Verification/Enrollment Form/Page_Free Baby Formula Samples  Coupons  Enfamil/li_Pregnancy tips for expecting mothers' is present

2022-04-18 23:28:22 - [TEST_STEP][PASSED] - verifyElementText(findTestObject("Object Repository/Form Verification/Enrollment Form/Page_Free Baby Formula Samples  Coupons  Enfamil/li_Pregnancy tips for expecting mothers"), "Pregnancy tips for expecting mothers."): Actual text and expected text of test object 'Object Repository/Form Verification/Enrollment Form/Page_Free Baby Formula Samples  Coupons  Enfamil/li_Pregnancy tips for expecting mothers' are matched.

2022-04-18 23:28:23 - [MESSAGE][PASSED] - Actual text and expected text of test object 'Object Repository/Form Verification/Enrollment Form/Page_Free Baby Formula Samples  Coupons  Enfamil/li_Pregnancy tips for expecting mothers' are matched.

2022-04-18 23:28:23 - [TEST_STEP][PASSED] - verifyElementPresent(findTestObject("Object Repository/Form Verification/Enrollment Form/Page_Free Baby Formula Samples  Coupons  Enfamil/li_Guidance and resources for every stage o_33650f"), 0): Object 'Object Repository/Form Verification/Enrollment Form/Page_Free Baby Formula Samples  Coupons  Enfamil/li_Guidance and resources for every stage o_33650f' is present

2022-04-18 23:28:23 - [MESSAGE][WARNING] - Timeout '0' is invalid. Using default page load timeout: '5'

2022-04-18 23:28:23 - [MESSAGE][PASSED] - Object 'Object Repository/Form Verification/Enrollment Form/Page_Free Baby Formula Samples  Coupons  Enfamil/li_Guidance and resources for every stage o_33650f' is present

2022-04-18 23:28:23 - [TEST_STEP][PASSED] - verifyElementText(findTestObject("Object Repository/Form Verification/Enrollment Form/Page_Free Baby Formula Samples  Coupons  Enfamil/li_Guidance and resources for every stage o_33650f"), "Guidance and resources for every stage of your babyâ€™s development."): Actual text and expected text of test object 'Object Repository/Form Verification/Enrollment Form/Page_Free Baby Formula Samples  Coupons  Enfamil/li_Guidance and resources for every stage o_33650f' are matched.

2022-04-18 23:28:23 - [MESSAGE][PASSED] - Actual text and expected text of test object 'Object Repository/Form Verification/Enrollment Form/Page_Free Baby Formula Samples  Coupons  Enfamil/li_Guidance and resources for every stage o_33650f' are matched.

2022-04-18 23:28:23 - [TEST_STEP][PASSED] - verifyElementPresent(findTestObject("Object Repository/Form Verification/Enrollment Form/Page_Free Baby Formula Samples  Coupons  Enfamil/li_Tools to track your pregnancy and your b_23c7bc"), 0): Object 'Object Repository/Form Verification/Enrollment Form/Page_Free Baby Formula Samples  Coupons  Enfamil/li_Tools to track your pregnancy and your b_23c7bc' is present

2022-04-18 23:28:24 - [MESSAGE][WARNING] - Timeout '0' is invalid. Using default page load timeout: '5'

2022-04-18 23:28:24 - [MESSAGE][PASSED] - Object 'Object Repository/Form Verification/Enrollment Form/Page_Free Baby Formula Samples  Coupons  Enfamil/li_Tools to track your pregnancy and your b_23c7bc' is present

2022-04-18 23:28:24 - [TEST_STEP][PASSED] - verifyElementText(findTestObject("Object Repository/Form Verification/Enrollment Form/Page_Free Baby Formula Samples  Coupons  Enfamil/li_Tools to track your pregnancy and your b_23c7bc"), "Tools to track your pregnancy and your babyâ€™s growth."): Actual text and expected text of test object 'Object Repository/Form Verification/Enrollment Form/Page_Free Baby Formula Samples  Coupons  Enfamil/li_Tools to track your pregnancy and your b_23c7bc' are matched.

2022-04-18 23:28:24 - [MESSAGE][PASSED] - Actual text and expected text of test object 'Object Repository/Form Verification/Enrollment Form/Page_Free Baby Formula Samples  Coupons  Enfamil/li_Tools to track your pregnancy and your b_23c7bc' are matched.

2022-04-18 23:28:24 - [TEST_STEP][PASSED] - verifyElementPresent(findTestObject("Object Repository/Form Verification/Enrollment Form/Page_Free Baby Formula Samples  Coupons  Enfamil/img_1_2_3_4_5_6_7_8_9_10"), 0): Object 'Object Repository/Form Verification/Enrollment Form/Page_Free Baby Formula Samples  Coupons  Enfamil/img_1_2_3_4_5_6_7_8_9_10' is present

2022-04-18 23:28:24 - [MESSAGE][WARNING] - Timeout '0' is invalid. Using default page load timeout: '5'

2022-04-18 23:28:25 - [MESSAGE][PASSED] - Object 'Object Repository/Form Verification/Enrollment Form/Page_Free Baby Formula Samples  Coupons  Enfamil/img_1_2_3_4_5_6_7_8_9_10' is present

2022-04-18 23:28:25 - [TEST_STEP][PASSED] - verifyElementPresent(findTestObject("Object Repository/Form Verification/Enrollment Form/Page_Free Baby Formula Samples  Coupons  Enfamil/img_1_2_3_4_5_6_7_8_9_10_11"), 0): Object 'Object Repository/Form Verification/Enrollment Form/Page_Free Baby Formula Samples  Coupons  Enfamil/img_1_2_3_4_5_6_7_8_9_10_11' is present

2022-04-18 23:28:25 - [MESSAGE][WARNING] - Timeout '0' is invalid. Using default page load timeout: '5'

2022-04-18 23:28:25 - [MESSAGE][PASSED] - Object 'Object Repository/Form Verification/Enrollment Form/Page_Free Baby Formula Samples  Coupons  Enfamil/img_1_2_3_4_5_6_7_8_9_10_11' is present

2022-04-18 23:28:25 - [TEST_STEP][PASSED] - verifyElementPresent(findTestObject("Object Repository/Form Verification/Enrollment Form/Page_Free Baby Formula Samples  Coupons  Enfamil/p_1. Every motherhood journey is unique, so_de9b3b"), 0): Object 'Object Repository/Form Verification/Enrollment Form/Page_Free Baby Formula Samples  Coupons  Enfamil/p_1. Every motherhood journey is unique, so_de9b3b' is present

2022-04-18 23:28:25 - [MESSAGE][WARNING] - Timeout '0' is invalid. Using default page load timeout: '5'

2022-04-18 23:28:26 - [MESSAGE][PASSED] - Object 'Object Repository/Form Verification/Enrollment Form/Page_Free Baby Formula Samples  Coupons  Enfamil/p_1. Every motherhood journey is unique, so_de9b3b' is present

2022-04-18 23:28:26 - [TEST_STEP][PASSED] - verifyElementText(findTestObject("Object Repository/Form Verification/Enrollment Form/Page_Free Baby Formula Samples  Coupons  Enfamil/p_1. Every motherhood journey is unique, so_de9b3b"), "1. Every motherhood journey is unique, so your Enfamil Family Beginnings experience is tailored to the information you provide and may vary from what another mom might experience. If you have questions about the program or would like more detail, our Family of Experts can help at 1-800-BABY123 between 7am-7pm CST M-F; 8am-4:30pm Sat."): Actual text and expected text of test object 'Object Repository/Form Verification/Enrollment Form/Page_Free Baby Formula Samples  Coupons  Enfamil/p_1. Every motherhood journey is unique, so_de9b3b' are matched.

2022-04-18 23:28:26 - [MESSAGE][PASSED] - Actual text and expected text of test object 'Object Repository/Form Verification/Enrollment Form/Page_Free Baby Formula Samples  Coupons  Enfamil/p_1. Every motherhood journey is unique, so_de9b3b' are matched.

2022-04-18 23:28:26 - [TEST_STEP][PASSED] - verifyElementPresent(findTestObject("Object Repository/Form Verification/Enrollment Form/Page_Free Baby Formula Samples  Coupons  Enfamil/span_2. On eligible products purchased on E_07e9f6"), 0): Object 'Object Repository/Form Verification/Enrollment Form/Page_Free Baby Formula Samples  Coupons  Enfamil/span_2. On eligible products purchased on E_07e9f6' is present

2022-04-18 23:28:26 - [MESSAGE][WARNING] - Timeout '0' is invalid. Using default page load timeout: '5'

2022-04-18 23:28:26 - [MESSAGE][PASSED] - Object 'Object Repository/Form Verification/Enrollment Form/Page_Free Baby Formula Samples  Coupons  Enfamil/span_2. On eligible products purchased on E_07e9f6' is present

2022-04-18 23:28:26 - [TEST_STEP][PASSED] - verifyElementText(findTestObject("Object Repository/Form Verification/Enrollment Form/Page_Free Baby Formula Samples  Coupons  Enfamil/span_2. On eligible products purchased on E_07e9f6"), "2. On eligible products purchased on Enfamil.com."): Actual text and expected text of test object 'Object Repository/Form Verification/Enrollment Form/Page_Free Baby Formula Samples  Coupons  Enfamil/span_2. On eligible products purchased on E_07e9f6' are matched.

2022-04-18 23:28:27 - [MESSAGE][PASSED] - Actual text and expected text of test object 'Object Repository/Form Verification/Enrollment Form/Page_Free Baby Formula Samples  Coupons  Enfamil/span_2. On eligible products purchased on E_07e9f6' are matched.

2022-04-18 23:28:27 - [TEST_STEP][PASSED] - verifyElementPresent(findTestObject("Object Repository/Form Verification/Enrollment Form/Page_Free Baby Formula Samples  Coupons  Enfamil/span_3. NO PURCHASE OR PAYMENT NECESSARY TO_cd37dd"), 0): Object 'Object Repository/Form Verification/Enrollment Form/Page_Free Baby Formula Samples  Coupons  Enfamil/span_3. NO PURCHASE OR PAYMENT NECESSARY TO_cd37dd' is present

2022-04-18 23:28:27 - [MESSAGE][WARNING] - Timeout '0' is invalid. Using default page load timeout: '5'

2022-04-18 23:28:27 - [MESSAGE][PASSED] - Object 'Object Repository/Form Verification/Enrollment Form/Page_Free Baby Formula Samples  Coupons  Enfamil/span_3. NO PURCHASE OR PAYMENT NECESSARY TO_cd37dd' is present

2022-04-18 23:28:27 - [TEST_STEP][PASSED] - verifyElementText(findTestObject("Object Repository/Form Verification/Enrollment Form/Page_Free Baby Formula Samples  Coupons  Enfamil/span_3. NO PURCHASE OR PAYMENT NECESSARY TO_cd37dd"), "3. NO PURCHASE OR PAYMENT NECESSARY TO ENTER OR WIN. A purchase will not increase your chances of winning.   Open to legal US residents 18 and older. Void where prohibited. Promotion ends on December 31, 2022.   Odds of winning depend on the total number of eligible entries received each month. For full Official Rules click here Sponsor: Mead Johnson & Co., LLC, 2400 West Lloyd Expressway, Evansville, IN 47721"): Actual text and expected text of test object 'Object Repository/Form Verification/Enrollment Form/Page_Free Baby Formula Samples  Coupons  Enfamil/span_3. NO PURCHASE OR PAYMENT NECESSARY TO_cd37dd' are matched.

2022-04-18 23:28:28 - [MESSAGE][PASSED] - Actual text and expected text of test object 'Object Repository/Form Verification/Enrollment Form/Page_Free Baby Formula Samples  Coupons  Enfamil/span_3. NO PURCHASE OR PAYMENT NECESSARY TO_cd37dd' are matched.

2022-04-18 23:28:28 - [TEST_STEP][PASSED] - verifyElementPresent(findTestObject("Object Repository/Form Verification/Enrollment Form/Page_Free Baby Formula Samples  Coupons  Enfamil/p_4. Only the latest printing of Enfamil Fa_4f82f9"), 0): Object 'Object Repository/Form Verification/Enrollment Form/Page_Free Baby Formula Samples  Coupons  Enfamil/p_4. Only the latest printing of Enfamil Fa_4f82f9' is present

2022-04-18 23:28:28 - [MESSAGE][WARNING] - Timeout '0' is invalid. Using default page load timeout: '5'

2022-04-18 23:28:28 - [MESSAGE][PASSED] - Object 'Object Repository/Form Verification/Enrollment Form/Page_Free Baby Formula Samples  Coupons  Enfamil/p_4. Only the latest printing of Enfamil Fa_4f82f9' is present

2022-04-18 23:28:28 - [TEST_STEP][PASSED] - verifyElementText(findTestObject("Object Repository/Form Verification/Enrollment Form/Page_Free Baby Formula Samples  Coupons  Enfamil/p_4. Only the latest printing of Enfamil Fa_4f82f9"), "4. Only the latest printing of Enfamil Family BeginningsÂ® checks include unique codes that are redeemable online in the EnfamilÂ® Shop. All checks are still valid in select retail stores until the posted expiration date. Refer to your personalized checks for redemption details."): Actual text and expected text of test object 'Object Repository/Form Verification/Enrollment Form/Page_Free Baby Formula Samples  Coupons  Enfamil/p_4. Only the latest printing of Enfamil Fa_4f82f9' are matched.

2022-04-18 23:28:28 - [MESSAGE][PASSED] - Actual text and expected text of test object 'Object Repository/Form Verification/Enrollment Form/Page_Free Baby Formula Samples  Coupons  Enfamil/p_4. Only the latest printing of Enfamil Fa_4f82f9' are matched.

2022-04-18 23:28:28 - [TEST_STEP][PASSED] - verifyElementPresent(findTestObject("Object Repository/Form Verification/Enrollment Form/Page_Free Baby Formula Samples  Coupons  Enfamil/b_All About Enfamil Family Beginnings"), 0): Object 'Object Repository/Form Verification/Enrollment Form/Page_Free Baby Formula Samples  Coupons  Enfamil/b_All About Enfamil Family Beginnings' is present

2022-04-18 23:28:29 - [MESSAGE][WARNING] - Timeout '0' is invalid. Using default page load timeout: '5'

2022-04-18 23:28:29 - [MESSAGE][PASSED] - Object 'Object Repository/Form Verification/Enrollment Form/Page_Free Baby Formula Samples  Coupons  Enfamil/b_All About Enfamil Family Beginnings' is present

2022-04-18 23:28:29 - [TEST_STEP][PASSED] - verifyElementText(findTestObject("Object Repository/Form Verification/Enrollment Form/Page_Free Baby Formula Samples  Coupons  Enfamil/b_All About Enfamil Family Beginnings"), "All About Enfamil Family Beginnings"): Actual text and expected text of test object 'Object Repository/Form Verification/Enrollment Form/Page_Free Baby Formula Samples  Coupons  Enfamil/b_All About Enfamil Family Beginnings' are matched.

2022-04-18 23:28:29 - [MESSAGE][PASSED] - Actual text and expected text of test object 'Object Repository/Form Verification/Enrollment Form/Page_Free Baby Formula Samples  Coupons  Enfamil/b_All About Enfamil Family Beginnings' are matched.

2022-04-18 23:28:29 - [TEST_STEP][PASSED] - verifyElementPresent(findTestObject("Object Repository/Form Verification/Enrollment Form/Page_Free Baby Formula Samples  Coupons  Enfamil/b_Free baby samples What is Enfamil Family _f1e2da"), 0): Object 'Object Repository/Form Verification/Enrollment Form/Page_Free Baby Formula Samples  Coupons  Enfamil/b_Free baby samples What is Enfamil Family _f1e2da' is present

2022-04-18 23:28:29 - [MESSAGE][WARNING] - Timeout '0' is invalid. Using default page load timeout: '5'

2022-04-18 23:28:30 - [MESSAGE][PASSED] - Object 'Object Repository/Form Verification/Enrollment Form/Page_Free Baby Formula Samples  Coupons  Enfamil/b_Free baby samples What is Enfamil Family _f1e2da' is present

2022-04-18 23:28:30 - [TEST_STEP][PASSED] - verifyElementText(findTestObject("Object Repository/Form Verification/Enrollment Form/Page_Free Baby Formula Samples  Coupons  Enfamil/b_Free baby samples What is Enfamil Family _f1e2da"), "Free baby samples: What is Enfamil Family Beginnings?"): Actual text and expected text of test object 'Object Repository/Form Verification/Enrollment Form/Page_Free Baby Formula Samples  Coupons  Enfamil/b_Free baby samples What is Enfamil Family _f1e2da' are matched.

2022-04-18 23:28:30 - [MESSAGE][PASSED] - Actual text and expected text of test object 'Object Repository/Form Verification/Enrollment Form/Page_Free Baby Formula Samples  Coupons  Enfamil/b_Free baby samples What is Enfamil Family _f1e2da' are matched.

2022-04-18 23:28:30 - [TEST_STEP][PASSED] - click(findTestObject("Object Repository/Form Verification/Enrollment Form/Page_Free Baby Formula Samples  Coupons  Enfamil/p_The Enfamil Family Beginnings program is _6a8d96")): Object: 'Object Repository/Form Verification/Enrollment Form/Page_Free Baby Formula Samples  Coupons  Enfamil/p_The Enfamil Family Beginnings program is _6a8d96' is clicked on

2022-04-18 23:28:31 - [MESSAGE][PASSED] - Object: 'Object Repository/Form Verification/Enrollment Form/Page_Free Baby Formula Samples  Coupons  Enfamil/p_The Enfamil Family Beginnings program is _6a8d96' is clicked on

2022-04-18 23:28:31 - [TEST_STEP][PASSED] - verifyElementPresent(findTestObject("Object Repository/Form Verification/Enrollment Form/Page_Free Baby Formula Samples  Coupons  Enfamil/p_The Enfamil Family Beginnings program is _6a8d96"), 0): Object 'Object Repository/Form Verification/Enrollment Form/Page_Free Baby Formula Samples  Coupons  Enfamil/p_The Enfamil Family Beginnings program is _6a8d96' is present

2022-04-18 23:28:31 - [MESSAGE][WARNING] - Timeout '0' is invalid. Using default page load timeout: '5'

2022-04-18 23:28:31 - [MESSAGE][PASSED] - Object 'Object Repository/Form Verification/Enrollment Form/Page_Free Baby Formula Samples  Coupons  Enfamil/p_The Enfamil Family Beginnings program is _6a8d96' is present

2022-04-18 23:28:31 - [TEST_STEP][PASSED] - verifyElementText(findTestObject("Object Repository/Form Verification/Enrollment Form/Page_Free Baby Formula Samples  Coupons  Enfamil/p_The Enfamil Family Beginnings program is _6a8d96"), "The Enfamil Family Beginnings program is a way to earn rewards on Enfamil purchases, get discounts, free baby formula samples, and baby freebies! After signing up, you can receive special offers, get baby formula coupons, information, and more. "): Actual text and expected text of test object 'Object Repository/Form Verification/Enrollment Form/Page_Free Baby Formula Samples  Coupons  Enfamil/p_The Enfamil Family Beginnings program is _6a8d96' are matched.

2022-04-18 23:28:32 - [MESSAGE][PASSED] - Actual text and expected text of test object 'Object Repository/Form Verification/Enrollment Form/Page_Free Baby Formula Samples  Coupons  Enfamil/p_The Enfamil Family Beginnings program is _6a8d96' are matched.

2022-04-18 23:28:32 - [TEST_STEP][PASSED] - verifyElementPresent(findTestObject("Object Repository/Form Verification/Enrollment Form/Page_Free Baby Formula Samples  Coupons  Enfamil/span_Enfamil Family Beginnings program"), 0): Object 'Object Repository/Form Verification/Enrollment Form/Page_Free Baby Formula Samples  Coupons  Enfamil/span_Enfamil Family Beginnings program' is present

2022-04-18 23:28:32 - [MESSAGE][WARNING] - Timeout '0' is invalid. Using default page load timeout: '5'

2022-04-18 23:28:32 - [MESSAGE][PASSED] - Object 'Object Repository/Form Verification/Enrollment Form/Page_Free Baby Formula Samples  Coupons  Enfamil/span_Enfamil Family Beginnings program' is present

2022-04-18 23:28:32 - [TEST_STEP][PASSED] - verifyElementText(findTestObject("Object Repository/Form Verification/Enrollment Form/Page_Free Baby Formula Samples  Coupons  Enfamil/span_Enfamil Family Beginnings program"), "Enfamil Family Beginnings program"): Actual text and expected text of test object 'Object Repository/Form Verification/Enrollment Form/Page_Free Baby Formula Samples  Coupons  Enfamil/span_Enfamil Family Beginnings program' are matched.

2022-04-18 23:28:32 - [MESSAGE][PASSED] - Actual text and expected text of test object 'Object Repository/Form Verification/Enrollment Form/Page_Free Baby Formula Samples  Coupons  Enfamil/span_Enfamil Family Beginnings program' are matched.

2022-04-18 23:28:32 - [TEST_STEP][PASSED] - verifyElementPresent(findTestObject("Object Repository/Form Verification/Enrollment Form/Page_Free Baby Formula Samples  Coupons  Enfamil/span_is a way to earn rewards on Enfamil pu_50fb20"), 0): Object 'Object Repository/Form Verification/Enrollment Form/Page_Free Baby Formula Samples  Coupons  Enfamil/span_is a way to earn rewards on Enfamil pu_50fb20' is present

2022-04-18 23:28:32 - [MESSAGE][WARNING] - Timeout '0' is invalid. Using default page load timeout: '5'

2022-04-18 23:28:33 - [MESSAGE][PASSED] - Object 'Object Repository/Form Verification/Enrollment Form/Page_Free Baby Formula Samples  Coupons  Enfamil/span_is a way to earn rewards on Enfamil pu_50fb20' is present

2022-04-18 23:28:33 - [TEST_STEP][PASSED] - verifyElementText(findTestObject("Object Repository/Form Verification/Enrollment Form/Page_Free Baby Formula Samples  Coupons  Enfamil/span_is a way to earn rewards on Enfamil pu_50fb20"), "is a way to earn rewards on Enfamil purchases, get discounts, free baby formula samples, and baby freebies! After signing up, you can receive special offers, get baby formula coupons, information, and more. "): Actual text and expected text of test object 'Object Repository/Form Verification/Enrollment Form/Page_Free Baby Formula Samples  Coupons  Enfamil/span_is a way to earn rewards on Enfamil pu_50fb20' are matched.

2022-04-18 23:28:33 - [MESSAGE][PASSED] - Actual text and expected text of test object 'Object Repository/Form Verification/Enrollment Form/Page_Free Baby Formula Samples  Coupons  Enfamil/span_is a way to earn rewards on Enfamil pu_50fb20' are matched.

2022-04-18 23:28:33 - [TEST_STEP][PASSED] - verifyElementPresent(findTestObject("Object Repository/Form Verification/Enrollment Form/Page_Free Baby Formula Samples  Coupons  Enfamil/span_You can earn rewards for referring Enf_178560"), 0): Object 'Object Repository/Form Verification/Enrollment Form/Page_Free Baby Formula Samples  Coupons  Enfamil/span_You can earn rewards for referring Enf_178560' is present

2022-04-18 23:28:33 - [MESSAGE][WARNING] - Timeout '0' is invalid. Using default page load timeout: '5'

2022-04-18 23:28:34 - [MESSAGE][PASSED] - Object 'Object Repository/Form Verification/Enrollment Form/Page_Free Baby Formula Samples  Coupons  Enfamil/span_You can earn rewards for referring Enf_178560' is present

2022-04-18 23:28:34 - [TEST_STEP][PASSED] - verifyElementText(findTestObject("Object Repository/Form Verification/Enrollment Form/Page_Free Baby Formula Samples  Coupons  Enfamil/span_You can earn rewards for referring Enf_178560"), "You can earn rewards for referring Enfamil to family and friends too. Get custom baby content delivered to your email with tips about baby formulas and how to keep your infant healthy. Download and get access to our mobile app too for more benefits and special offers."): Actual text and expected text of test object 'Object Repository/Form Verification/Enrollment Form/Page_Free Baby Formula Samples  Coupons  Enfamil/span_You can earn rewards for referring Enf_178560' are matched.

2022-04-18 23:28:34 - [MESSAGE][PASSED] - Actual text and expected text of test object 'Object Repository/Form Verification/Enrollment Form/Page_Free Baby Formula Samples  Coupons  Enfamil/span_You can earn rewards for referring Enf_178560' are matched.

2022-04-18 23:28:34 - [TEST_STEP][PASSED] - verifyElementPresent(findTestObject("Object Repository/Form Verification/Enrollment Form/Page_Free Baby Formula Samples  Coupons  Enfamil/b_Why Choose Enfamils Baby Formula Samples"), 0): Object 'Object Repository/Form Verification/Enrollment Form/Page_Free Baby Formula Samples  Coupons  Enfamil/b_Why Choose Enfamils Baby Formula Samples' is present

2022-04-18 23:28:34 - [MESSAGE][WARNING] - Timeout '0' is invalid. Using default page load timeout: '5'

2022-04-18 23:28:34 - [MESSAGE][PASSED] - Object 'Object Repository/Form Verification/Enrollment Form/Page_Free Baby Formula Samples  Coupons  Enfamil/b_Why Choose Enfamils Baby Formula Samples' is present

2022-04-18 23:28:34 - [TEST_STEP][PASSED] - verifyElementText(findTestObject("Object Repository/Form Verification/Enrollment Form/Page_Free Baby Formula Samples  Coupons  Enfamil/b_Why Choose Enfamils Baby Formula Samples"), "Why Choose Enfamilâ€™s Baby Formula Samples?"): Actual text and expected text of test object 'Object Repository/Form Verification/Enrollment Form/Page_Free Baby Formula Samples  Coupons  Enfamil/b_Why Choose Enfamils Baby Formula Samples' are matched.

2022-04-18 23:28:35 - [MESSAGE][PASSED] - Actual text and expected text of test object 'Object Repository/Form Verification/Enrollment Form/Page_Free Baby Formula Samples  Coupons  Enfamil/b_Why Choose Enfamils Baby Formula Samples' are matched.

2022-04-18 23:28:35 - [TEST_STEP][PASSED] - verifyElementPresent(findTestObject("Object Repository/Form Verification/Enrollment Form/Page_Free Baby Formula Samples  Coupons  Enfamil/p_Enfamils baby formula samples can help yo_cc9350"), 0): Object 'Object Repository/Form Verification/Enrollment Form/Page_Free Baby Formula Samples  Coupons  Enfamil/p_Enfamils baby formula samples can help yo_cc9350' is present

2022-04-18 23:28:35 - [MESSAGE][WARNING] - Timeout '0' is invalid. Using default page load timeout: '5'

2022-04-18 23:28:35 - [MESSAGE][PASSED] - Object 'Object Repository/Form Verification/Enrollment Form/Page_Free Baby Formula Samples  Coupons  Enfamil/p_Enfamils baby formula samples can help yo_cc9350' is present

2022-04-18 23:28:35 - [TEST_STEP][PASSED] - verifyElementText(findTestObject("Object Repository/Form Verification/Enrollment Form/Page_Free Baby Formula Samples  Coupons  Enfamil/p_Enfamils baby formula samples can help yo_cc9350"), "Enfamilâ€™s baby formula samples can help your baby try different types of baby formulas. You can see which ingredients and formulas work best for your little one. Enfamil has different lines of baby formulas for infants and formula samples allow you to test infant formulas and have different options as infants grow and develop. If you get free baby formula samples through our rewards program, you can also pass them on to family and friends with babies."): Actual text and expected text of test object 'Object Repository/Form Verification/Enrollment Form/Page_Free Baby Formula Samples  Coupons  Enfamil/p_Enfamils baby formula samples can help yo_cc9350' are matched.

2022-04-18 23:28:36 - [MESSAGE][PASSED] - Actual text and expected text of test object 'Object Repository/Form Verification/Enrollment Form/Page_Free Baby Formula Samples  Coupons  Enfamil/p_Enfamils baby formula samples can help yo_cc9350' are matched.

2022-04-18 23:28:36 - [TEST_STEP][PASSED] - verifyElementPresent(findTestObject("Object Repository/Form Verification/Enrollment Form/Page_Free Baby Formula Samples  Coupons  Enfamil/span_infant formulas"), 0): Object 'Object Repository/Form Verification/Enrollment Form/Page_Free Baby Formula Samples  Coupons  Enfamil/span_infant formulas' is present

2022-04-18 23:28:36 - [MESSAGE][WARNING] - Timeout '0' is invalid. Using default page load timeout: '5'

2022-04-18 23:28:36 - [MESSAGE][PASSED] - Object 'Object Repository/Form Verification/Enrollment Form/Page_Free Baby Formula Samples  Coupons  Enfamil/span_infant formulas' is present

2022-04-18 23:28:36 - [TEST_STEP][PASSED] - verifyElementText(findTestObject("Object Repository/Form Verification/Enrollment Form/Page_Free Baby Formula Samples  Coupons  Enfamil/span_infant formulas"), "infant formulas"): Actual text and expected text of test object 'Object Repository/Form Verification/Enrollment Form/Page_Free Baby Formula Samples  Coupons  Enfamil/span_infant formulas' are matched.

2022-04-18 23:28:37 - [MESSAGE][PASSED] - Actual text and expected text of test object 'Object Repository/Form Verification/Enrollment Form/Page_Free Baby Formula Samples  Coupons  Enfamil/span_infant formulas' are matched.

2022-04-18 23:28:37 - [TEST_STEP][PASSED] - verifyElementPresent(findTestObject("Object Repository/Form Verification/Enrollment Form/Page_Free Baby Formula Samples  Coupons  Enfamil/span_infants grow and develop"), 0): Object 'Object Repository/Form Verification/Enrollment Form/Page_Free Baby Formula Samples  Coupons  Enfamil/span_infants grow and develop' is present

2022-04-18 23:28:37 - [MESSAGE][WARNING] - Timeout '0' is invalid. Using default page load timeout: '5'

2022-04-18 23:28:37 - [MESSAGE][PASSED] - Object 'Object Repository/Form Verification/Enrollment Form/Page_Free Baby Formula Samples  Coupons  Enfamil/span_infants grow and develop' is present

2022-04-18 23:28:37 - [TEST_STEP][PASSED] - verifyElementText(findTestObject("Object Repository/Form Verification/Enrollment Form/Page_Free Baby Formula Samples  Coupons  Enfamil/span_infants grow and develop"), "infants grow and develop"): Actual text and expected text of test object 'Object Repository/Form Verification/Enrollment Form/Page_Free Baby Formula Samples  Coupons  Enfamil/span_infants grow and develop' are matched.

2022-04-18 23:28:37 - [MESSAGE][PASSED] - Actual text and expected text of test object 'Object Repository/Form Verification/Enrollment Form/Page_Free Baby Formula Samples  Coupons  Enfamil/span_infants grow and develop' are matched.

2022-04-18 23:28:37 - [TEST_STEP][PASSED] - verifyElementPresent(findTestObject("Object Repository/Form Verification/Enrollment Form/Page_Free Baby Formula Samples  Coupons  Enfamil/span_If you get free baby formula samples t_7f1213"), 0): Object 'Object Repository/Form Verification/Enrollment Form/Page_Free Baby Formula Samples  Coupons  Enfamil/span_If you get free baby formula samples t_7f1213' is present

2022-04-18 23:28:37 - [MESSAGE][WARNING] - Timeout '0' is invalid. Using default page load timeout: '5'

2022-04-18 23:28:38 - [MESSAGE][PASSED] - Object 'Object Repository/Form Verification/Enrollment Form/Page_Free Baby Formula Samples  Coupons  Enfamil/span_If you get free baby formula samples t_7f1213' is present

2022-04-18 23:28:38 - [TEST_STEP][PASSED] - verifyElementText(findTestObject("Object Repository/Form Verification/Enrollment Form/Page_Free Baby Formula Samples  Coupons  Enfamil/span_If you get free baby formula samples t_7f1213"), ". If you get free baby formula samples through our rewards program, you can also pass them on to family and friends with babies."): Actual text and expected text of test object 'Object Repository/Form Verification/Enrollment Form/Page_Free Baby Formula Samples  Coupons  Enfamil/span_If you get free baby formula samples t_7f1213' are matched.

2022-04-18 23:28:38 - [MESSAGE][PASSED] - Actual text and expected text of test object 'Object Repository/Form Verification/Enrollment Form/Page_Free Baby Formula Samples  Coupons  Enfamil/span_If you get free baby formula samples t_7f1213' are matched.

2022-04-18 23:28:38 - [TEST_STEP][PASSED] - verifyElementPresent(findTestObject("Object Repository/Form Verification/Enrollment Form/Page_Free Baby Formula Samples  Coupons  Enfamil/b_How to get free baby formula"), 0): Object 'Object Repository/Form Verification/Enrollment Form/Page_Free Baby Formula Samples  Coupons  Enfamil/b_How to get free baby formula' is present

2022-04-18 23:28:38 - [MESSAGE][WARNING] - Timeout '0' is invalid. Using default page load timeout: '5'

2022-04-18 23:28:39 - [MESSAGE][PASSED] - Object 'Object Repository/Form Verification/Enrollment Form/Page_Free Baby Formula Samples  Coupons  Enfamil/b_How to get free baby formula' is present

2022-04-18 23:28:39 - [TEST_STEP][PASSED] - verifyElementText(findTestObject("Object Repository/Form Verification/Enrollment Form/Page_Free Baby Formula Samples  Coupons  Enfamil/b_How to get free baby formula"), "How to get free baby formula"): Actual text and expected text of test object 'Object Repository/Form Verification/Enrollment Form/Page_Free Baby Formula Samples  Coupons  Enfamil/b_How to get free baby formula' are matched.

2022-04-18 23:28:39 - [MESSAGE][PASSED] - Actual text and expected text of test object 'Object Repository/Form Verification/Enrollment Form/Page_Free Baby Formula Samples  Coupons  Enfamil/b_How to get free baby formula' are matched.

2022-04-18 23:28:39 - [TEST_STEP][PASSED] - verifyElementPresent(findTestObject("Object Repository/Form Verification/Enrollment Form/Page_Free Baby Formula Samples  Coupons  Enfamil/span_Sign up for Enfamils Family Beginnings"), 0): Object 'Object Repository/Form Verification/Enrollment Form/Page_Free Baby Formula Samples  Coupons  Enfamil/span_Sign up for Enfamils Family Beginnings' is present

2022-04-18 23:28:39 - [MESSAGE][WARNING] - Timeout '0' is invalid. Using default page load timeout: '5'

2022-04-18 23:28:39 - [MESSAGE][PASSED] - Object 'Object Repository/Form Verification/Enrollment Form/Page_Free Baby Formula Samples  Coupons  Enfamil/span_Sign up for Enfamils Family Beginnings' is present

2022-04-18 23:28:39 - [TEST_STEP][PASSED] - verifyElementText(findTestObject("Object Repository/Form Verification/Enrollment Form/Page_Free Baby Formula Samples  Coupons  Enfamil/span_Sign up for Enfamils Family Beginnings"), "Sign up for Enfamilâ€™s Family Beginnings"): Actual text and expected text of test object 'Object Repository/Form Verification/Enrollment Form/Page_Free Baby Formula Samples  Coupons  Enfamil/span_Sign up for Enfamils Family Beginnings' are matched.

2022-04-18 23:28:40 - [MESSAGE][PASSED] - Actual text and expected text of test object 'Object Repository/Form Verification/Enrollment Form/Page_Free Baby Formula Samples  Coupons  Enfamil/span_Sign up for Enfamils Family Beginnings' are matched.

2022-04-18 23:28:40 - [TEST_STEP][PASSED] - verifyElementPresent(findTestObject("Object Repository/Form Verification/Enrollment Form/Page_Free Baby Formula Samples  Coupons  Enfamil/span_to get free baby formulas and free bab_ac67de"), 0): Object 'Object Repository/Form Verification/Enrollment Form/Page_Free Baby Formula Samples  Coupons  Enfamil/span_to get free baby formulas and free bab_ac67de' is present

2022-04-18 23:28:40 - [MESSAGE][WARNING] - Timeout '0' is invalid. Using default page load timeout: '5'

2022-04-18 23:28:40 - [MESSAGE][PASSED] - Object 'Object Repository/Form Verification/Enrollment Form/Page_Free Baby Formula Samples  Coupons  Enfamil/span_to get free baby formulas and free bab_ac67de' is present

2022-04-18 23:28:40 - [TEST_STEP][PASSED] - verifyElementText(findTestObject("Object Repository/Form Verification/Enrollment Form/Page_Free Baby Formula Samples  Coupons  Enfamil/span_to get free baby formulas and free bab_ac67de"), "to get free baby formulas and free baby stuff. Enfamil also offers a chance to win free baby formula for a year when you sign up!"): Actual text and expected text of test object 'Object Repository/Form Verification/Enrollment Form/Page_Free Baby Formula Samples  Coupons  Enfamil/span_to get free baby formulas and free bab_ac67de' are matched.

2022-04-18 23:28:41 - [MESSAGE][PASSED] - Actual text and expected text of test object 'Object Repository/Form Verification/Enrollment Form/Page_Free Baby Formula Samples  Coupons  Enfamil/span_to get free baby formulas and free bab_ac67de' are matched.

2022-04-18 23:28:41 - [TEST_STEP][PASSED] - verifyElementPresent(findTestObject("Object Repository/Form Verification/Enrollment Form/Page_Free Baby Formula Samples  Coupons  Enfamil/b_Get free baby stuff and more"), 0): Object 'Object Repository/Form Verification/Enrollment Form/Page_Free Baby Formula Samples  Coupons  Enfamil/b_Get free baby stuff and more' is present

2022-04-18 23:28:41 - [MESSAGE][WARNING] - Timeout '0' is invalid. Using default page load timeout: '5'

2022-04-18 23:28:41 - [MESSAGE][PASSED] - Object 'Object Repository/Form Verification/Enrollment Form/Page_Free Baby Formula Samples  Coupons  Enfamil/b_Get free baby stuff and more' is present

2022-04-18 23:28:41 - [TEST_STEP][PASSED] - verifyElementText(findTestObject("Object Repository/Form Verification/Enrollment Form/Page_Free Baby Formula Samples  Coupons  Enfamil/b_Get free baby stuff and more"), "Get free baby stuff and more"): Actual text and expected text of test object 'Object Repository/Form Verification/Enrollment Form/Page_Free Baby Formula Samples  Coupons  Enfamil/b_Get free baby stuff and more' are matched.

2022-04-18 23:28:42 - [MESSAGE][PASSED] - Actual text and expected text of test object 'Object Repository/Form Verification/Enrollment Form/Page_Free Baby Formula Samples  Coupons  Enfamil/b_Get free baby stuff and more' are matched.

2022-04-18 23:28:42 - [TEST_STEP][PASSED] - verifyElementPresent(findTestObject("Object Repository/Form Verification/Enrollment Form/Page_Free Baby Formula Samples  Coupons  Enfamil/p_Enfamil is the 1 infant formula brand rec_588986"), 0): Object 'Object Repository/Form Verification/Enrollment Form/Page_Free Baby Formula Samples  Coupons  Enfamil/p_Enfamil is the 1 infant formula brand rec_588986' is present

2022-04-18 23:28:42 - [MESSAGE][WARNING] - Timeout '0' is invalid. Using default page load timeout: '5'

2022-04-18 23:28:42 - [MESSAGE][PASSED] - Object 'Object Repository/Form Verification/Enrollment Form/Page_Free Baby Formula Samples  Coupons  Enfamil/p_Enfamil is the 1 infant formula brand rec_588986' is present

2022-04-18 23:28:42 - [TEST_STEP][PASSED] - verifyElementText(findTestObject("Object Repository/Form Verification/Enrollment Form/Page_Free Baby Formula Samples  Coupons  Enfamil/p_Enfamil is the 1 infant formula brand rec_588986"), "Enfamil is the #1 infant formula brand recommended by pediatricians. Our Enfamil Family Beginnings program is a unique way to get free baby stuff and more. You can get up to $400 in free baby stuff for signing up, plus additional rewards. With over 100 years of nutritional expertise in the baby formula space, Enfamil is a trusted brand for baby formula and more."): Actual text and expected text of test object 'Object Repository/Form Verification/Enrollment Form/Page_Free Baby Formula Samples  Coupons  Enfamil/p_Enfamil is the 1 infant formula brand rec_588986' are matched.

2022-04-18 23:28:42 - [MESSAGE][PASSED] - Actual text and expected text of test object 'Object Repository/Form Verification/Enrollment Form/Page_Free Baby Formula Samples  Coupons  Enfamil/p_Enfamil is the 1 infant formula brand rec_588986' are matched.

2022-04-18 23:28:42 - [TEST_STEP][PASSED] - verifyElementPresent(findTestObject("Object Repository/Form Verification/Enrollment Form/Page_Free Baby Formula Samples  Coupons  Enfamil/span_baby formula"), 0): Object 'Object Repository/Form Verification/Enrollment Form/Page_Free Baby Formula Samples  Coupons  Enfamil/span_baby formula' is present

2022-04-18 23:28:42 - [MESSAGE][WARNING] - Timeout '0' is invalid. Using default page load timeout: '5'

2022-04-18 23:28:43 - [MESSAGE][PASSED] - Object 'Object Repository/Form Verification/Enrollment Form/Page_Free Baby Formula Samples  Coupons  Enfamil/span_baby formula' is present

2022-04-18 23:28:43 - [TEST_STEP][PASSED] - verifyElementText(findTestObject("Object Repository/Form Verification/Enrollment Form/Page_Free Baby Formula Samples  Coupons  Enfamil/span_baby formula"), "baby formula"): Actual text and expected text of test object 'Object Repository/Form Verification/Enrollment Form/Page_Free Baby Formula Samples  Coupons  Enfamil/span_baby formula' are matched.

2022-04-18 23:28:43 - [MESSAGE][PASSED] - Actual text and expected text of test object 'Object Repository/Form Verification/Enrollment Form/Page_Free Baby Formula Samples  Coupons  Enfamil/span_baby formula' are matched.

2022-04-18 23:28:43 - [TEST_STEP][PASSED] - verifyElementPresent(findTestObject("Object Repository/Form Verification/Enrollment Form/Page_Free Baby Formula Samples  Coupons  Enfamil/b_More baby item offers"), 0): Object 'Object Repository/Form Verification/Enrollment Form/Page_Free Baby Formula Samples  Coupons  Enfamil/b_More baby item offers' is present

2022-04-18 23:28:43 - [MESSAGE][WARNING] - Timeout '0' is invalid. Using default page load timeout: '5'

2022-04-18 23:28:44 - [MESSAGE][PASSED] - Object 'Object Repository/Form Verification/Enrollment Form/Page_Free Baby Formula Samples  Coupons  Enfamil/b_More baby item offers' is present

2022-04-18 23:28:44 - [TEST_STEP][PASSED] - verifyElementText(findTestObject("Object Repository/Form Verification/Enrollment Form/Page_Free Baby Formula Samples  Coupons  Enfamil/b_More baby item offers"), "More baby item offers"): Actual text and expected text of test object 'Object Repository/Form Verification/Enrollment Form/Page_Free Baby Formula Samples  Coupons  Enfamil/b_More baby item offers' are matched.

2022-04-18 23:28:44 - [MESSAGE][PASSED] - Actual text and expected text of test object 'Object Repository/Form Verification/Enrollment Form/Page_Free Baby Formula Samples  Coupons  Enfamil/b_More baby item offers' are matched.

2022-04-18 23:28:44 - [TEST_STEP][PASSED] - verifyElementPresent(findTestObject("Object Repository/Form Verification/Enrollment Form/Page_Free Baby Formula Samples  Coupons  Enfamil/p_Sign up for Enfamil emails and join Enfam_6903f6"), 0): Object 'Object Repository/Form Verification/Enrollment Form/Page_Free Baby Formula Samples  Coupons  Enfamil/p_Sign up for Enfamil emails and join Enfam_6903f6' is present

2022-04-18 23:28:44 - [MESSAGE][WARNING] - Timeout '0' is invalid. Using default page load timeout: '5'

2022-04-18 23:28:44 - [MESSAGE][PASSED] - Object 'Object Repository/Form Verification/Enrollment Form/Page_Free Baby Formula Samples  Coupons  Enfamil/p_Sign up for Enfamil emails and join Enfam_6903f6' is present

2022-04-18 23:28:44 - [TEST_STEP][PASSED] - verifyElementText(findTestObject("Object Repository/Form Verification/Enrollment Form/Page_Free Baby Formula Samples  Coupons  Enfamil/p_Sign up for Enfamil emails and join Enfam_6903f6"), "Sign up for Enfamil emails and join Enfamil Family Beginnings to get more baby item offers, baby freebies, baby formula coupons, and learn how to get free baby stuff."): Actual text and expected text of test object 'Object Repository/Form Verification/Enrollment Form/Page_Free Baby Formula Samples  Coupons  Enfamil/p_Sign up for Enfamil emails and join Enfam_6903f6' are matched.

2022-04-18 23:28:45 - [MESSAGE][PASSED] - Actual text and expected text of test object 'Object Repository/Form Verification/Enrollment Form/Page_Free Baby Formula Samples  Coupons  Enfamil/p_Sign up for Enfamil emails and join Enfam_6903f6' are matched.

2022-04-18 23:28:45 - [TEST_STEP][PASSED] - verifyElementPresent(findTestObject("Object Repository/Form Verification/Enrollment Form/Page_Free Baby Formula Samples  Coupons  Enfamil/span_Enfamil Family Beginnings_1"), 0): Object 'Object Repository/Form Verification/Enrollment Form/Page_Free Baby Formula Samples  Coupons  Enfamil/span_Enfamil Family Beginnings_1' is present

2022-04-18 23:28:45 - [MESSAGE][WARNING] - Timeout '0' is invalid. Using default page load timeout: '5'

2022-04-18 23:28:45 - [MESSAGE][PASSED] - Object 'Object Repository/Form Verification/Enrollment Form/Page_Free Baby Formula Samples  Coupons  Enfamil/span_Enfamil Family Beginnings_1' is present

2022-04-18 23:28:45 - [TEST_STEP][PASSED] - verifyElementText(findTestObject("Object Repository/Form Verification/Enrollment Form/Page_Free Baby Formula Samples  Coupons  Enfamil/span_Enfamil Family Beginnings_1"), "Enfamil Family Beginnings"): Actual text and expected text of test object 'Object Repository/Form Verification/Enrollment Form/Page_Free Baby Formula Samples  Coupons  Enfamil/span_Enfamil Family Beginnings_1' are matched.

2022-04-18 23:28:46 - [MESSAGE][PASSED] - Actual text and expected text of test object 'Object Repository/Form Verification/Enrollment Form/Page_Free Baby Formula Samples  Coupons  Enfamil/span_Enfamil Family Beginnings_1' are matched.

2022-04-18 23:28:46 - [TEST_STEP][PASSED] - verifyElementClickable(findTestObject("Object Repository/Form Verification/Enrollment Form/Page_Free Baby Formula Samples  Coupons  Enfamil/input_First name_registerGivenNameField_1_2_3_4_5")): Object 'Object Repository/Form Verification/Enrollment Form/Page_Free Baby Formula Samples  Coupons  Enfamil/input_First name_registerGivenNameField_1_2_3_4_5' is clickable

2022-04-18 23:28:46 - [MESSAGE][PASSED] - Object 'Object Repository/Form Verification/Enrollment Form/Page_Free Baby Formula Samples  Coupons  Enfamil/input_First name_registerGivenNameField_1_2_3_4_5' is clickable

2022-04-18 23:28:46 - [TEST_STEP][PASSED] - verifyElementClickable(findTestObject("Object Repository/Form Verification/Enrollment Form/Page_Free Baby Formula Samples  Coupons  Enfamil/input_Last name_registerFamilyNameField_1_2_3_4_5")): Object 'Object Repository/Form Verification/Enrollment Form/Page_Free Baby Formula Samples  Coupons  Enfamil/input_Last name_registerFamilyNameField_1_2_3_4_5' is clickable

2022-04-18 23:28:47 - [MESSAGE][PASSED] - Object 'Object Repository/Form Verification/Enrollment Form/Page_Free Baby Formula Samples  Coupons  Enfamil/input_Last name_registerFamilyNameField_1_2_3_4_5' is clickable

2022-04-18 23:28:47 - [TEST_STEP][PASSED] - verifyElementClickable(findTestObject("Object Repository/Form Verification/Enrollment Form/Page_Free Baby Formula Samples  Coupons  Enfamil/input_Due date or birth date_childregisterC_87b480_1_2_3")): Object 'Object Repository/Form Verification/Enrollment Form/Page_Free Baby Formula Samples  Coupons  Enfamil/input_Due date or birth date_childregisterC_87b480_1_2_3' is clickable

2022-04-18 23:28:48 - [MESSAGE][PASSED] - Object 'Object Repository/Form Verification/Enrollment Form/Page_Free Baby Formula Samples  Coupons  Enfamil/input_Due date or birth date_childregisterC_87b480_1_2_3' is clickable

2022-04-18 23:28:48 - [TEST_STEP][PASSED] - verifyElementClickable(findTestObject("Object Repository/Form Verification/Enrollment Form/Page_Free Baby Formula Samples  Coupons  Enfamil/button_Why")): Object 'Object Repository/Form Verification/Enrollment Form/Page_Free Baby Formula Samples  Coupons  Enfamil/button_Why' is clickable

2022-04-18 23:28:48 - [MESSAGE][PASSED] - Object 'Object Repository/Form Verification/Enrollment Form/Page_Free Baby Formula Samples  Coupons  Enfamil/button_Why' is clickable

2022-04-18 23:28:48 - [TEST_STEP][PASSED] - verifyElementClickable(findTestObject("Object Repository/Form Verification/Enrollment Form/Page_Free Baby Formula Samples  Coupons  Enfamil/input_Email_registerEmailField_1_2_3_4_5")): Object 'Object Repository/Form Verification/Enrollment Form/Page_Free Baby Formula Samples  Coupons  Enfamil/input_Email_registerEmailField_1_2_3_4_5' is clickable

2022-04-18 23:28:49 - [MESSAGE][PASSED] - Object 'Object Repository/Form Verification/Enrollment Form/Page_Free Baby Formula Samples  Coupons  Enfamil/input_Email_registerEmailField_1_2_3_4_5' is clickable

2022-04-18 23:28:49 - [TEST_STEP][PASSED] - verifyElementClickable(findTestObject("Object Repository/Form Verification/Enrollment Form/Page_Free Baby Formula Samples  Coupons  Enfamil/button_Join now")): Object 'Object Repository/Form Verification/Enrollment Form/Page_Free Baby Formula Samples  Coupons  Enfamil/button_Join now' is clickable

2022-04-18 23:28:49 - [MESSAGE][PASSED] - Object 'Object Repository/Form Verification/Enrollment Form/Page_Free Baby Formula Samples  Coupons  Enfamil/button_Join now' is clickable

2022-04-18 23:28:49 - [TEST_STEP][PASSED] - verifyElementClickable(findTestObject("Object Repository/Form Verification/Enrollment Form/Page_Free Baby Formula Samples  Coupons  Enfamil/button_Continue with Facebook")): Object 'Object Repository/Form Verification/Enrollment Form/Page_Free Baby Formula Samples  Coupons  Enfamil/button_Continue with Facebook' is clickable

2022-04-18 23:28:49 - [MESSAGE][PASSED] - Object 'Object Repository/Form Verification/Enrollment Form/Page_Free Baby Formula Samples  Coupons  Enfamil/button_Continue with Facebook' is clickable

2022-04-18 23:28:49 - [TEST_STEP][PASSED] - verifyElementClickable(findTestObject("Object Repository/Form Verification/Enrollment Form/Page_Free Baby Formula Samples  Coupons  Enfamil/button_Sign in with Google")): Object 'Object Repository/Form Verification/Enrollment Form/Page_Free Baby Formula Samples  Coupons  Enfamil/button_Sign in with Google' is clickable

2022-04-18 23:28:50 - [MESSAGE][PASSED] - Object 'Object Repository/Form Verification/Enrollment Form/Page_Free Baby Formula Samples  Coupons  Enfamil/button_Sign in with Google' is clickable

2022-04-18 23:28:50 - [TEST_STEP][PASSED] - verifyElementClickable(findTestObject("Object Repository/Form Verification/Enrollment Form/Page_Free Baby Formula Samples  Coupons  Enfamil/svg")): Object 'Object Repository/Form Verification/Enrollment Form/Page_Free Baby Formula Samples  Coupons  Enfamil/svg' is clickable

2022-04-18 23:28:50 - [MESSAGE][PASSED] - Object 'Object Repository/Form Verification/Enrollment Form/Page_Free Baby Formula Samples  Coupons  Enfamil/svg' is clickable

2022-04-18 23:28:50 - [TEST_STEP][PASSED] - verifyElementClickable(findTestObject("Object Repository/Form Verification/Enrollment Form/Page_Free Baby Formula Samples  Coupons  Enfamil/a_Terms of Use")): Object 'Object Repository/Form Verification/Enrollment Form/Page_Free Baby Formula Samples  Coupons  Enfamil/a_Terms of Use' is clickable

2022-04-18 23:28:51 - [MESSAGE][PASSED] - Object 'Object Repository/Form Verification/Enrollment Form/Page_Free Baby Formula Samples  Coupons  Enfamil/a_Terms of Use' is clickable

2022-04-18 23:28:51 - [TEST_STEP][PASSED] - verifyElementClickable(findTestObject("Object Repository/Form Verification/Enrollment Form/Page_Free Baby Formula Samples  Coupons  Enfamil/a_Privacy Policy")): Object 'Object Repository/Form Verification/Enrollment Form/Page_Free Baby Formula Samples  Coupons  Enfamil/a_Privacy Policy' is clickable

2022-04-18 23:28:51 - [MESSAGE][PASSED] - Object 'Object Repository/Form Verification/Enrollment Form/Page_Free Baby Formula Samples  Coupons  Enfamil/a_Privacy Policy' is clickable

2022-04-18 23:28:51 - [TEST_STEP][PASSED] - verifyElementClickable(findTestObject("Object Repository/Form Verification/Enrollment Form/Page_Free Baby Formula Samples  Coupons  Enfamil/a_Sweepstakes Official Rules")): Object 'Object Repository/Form Verification/Enrollment Form/Page_Free Baby Formula Samples  Coupons  Enfamil/a_Sweepstakes Official Rules' is clickable

2022-04-18 23:28:52 - [MESSAGE][PASSED] - Object 'Object Repository/Form Verification/Enrollment Form/Page_Free Baby Formula Samples  Coupons  Enfamil/a_Sweepstakes Official Rules' is clickable

2022-04-18 23:28:52 - [TEST_STEP][PASSED] - verifyElementClickable(findTestObject("Object Repository/Form Verification/Enrollment Form/Page_Free Baby Formula Samples  Coupons  Enfamil/a_Learn more")): Object 'Object Repository/Form Verification/Enrollment Form/Page_Free Baby Formula Samples  Coupons  Enfamil/a_Learn more' is clickable

2022-04-18 23:28:52 - [MESSAGE][PASSED] - Object 'Object Repository/Form Verification/Enrollment Form/Page_Free Baby Formula Samples  Coupons  Enfamil/a_Learn more' is clickable

2022-04-18 23:28:52 - [TEST_STEP][PASSED] - verifyElementClickable(findTestObject("Object Repository/Form Verification/Enrollment Form/Page_Free Baby Formula Samples  Coupons  Enfamil/a_Learn more_1_2")): Object 'Object Repository/Form Verification/Enrollment Form/Page_Free Baby Formula Samples  Coupons  Enfamil/a_Learn more_1_2' is clickable

2022-04-18 23:28:52 - [MESSAGE][PASSED] - Object 'Object Repository/Form Verification/Enrollment Form/Page_Free Baby Formula Samples  Coupons  Enfamil/a_Learn more_1_2' is clickable

2022-04-18 23:28:52 - [TEST_STEP][PASSED] - verifyElementClickable(findTestObject("Object Repository/Form Verification/Enrollment Form/Page_Free Baby Formula Samples  Coupons  Enfamil/a_Learn more_1_2_3")): Object 'Object Repository/Form Verification/Enrollment Form/Page_Free Baby Formula Samples  Coupons  Enfamil/a_Learn more_1_2_3' is clickable

2022-04-18 23:28:53 - [MESSAGE][PASSED] - Object 'Object Repository/Form Verification/Enrollment Form/Page_Free Baby Formula Samples  Coupons  Enfamil/a_Learn more_1_2_3' is clickable

2022-04-18 23:28:53 - [TEST_STEP][PASSED] - verifyElementClickable(findTestObject("Object Repository/Form Verification/Enrollment Form/Page_Free Baby Formula Samples  Coupons  Enfamil/input_First name_registerGivenNameField_1_2_3_4_5_6_7")): Object 'Object Repository/Form Verification/Enrollment Form/Page_Free Baby Formula Samples  Coupons  Enfamil/input_First name_registerGivenNameField_1_2_3_4_5_6_7' is clickable

2022-04-18 23:28:53 - [MESSAGE][PASSED] - Object 'Object Repository/Form Verification/Enrollment Form/Page_Free Baby Formula Samples  Coupons  Enfamil/input_First name_registerGivenNameField_1_2_3_4_5_6_7' is clickable

2022-04-18 23:28:53 - [TEST_STEP][PASSED] - verifyElementClickable(findTestObject("Object Repository/Form Verification/Enrollment Form/Page_Free Baby Formula Samples  Coupons  Enfamil/input_Last name_registerFamilyNameField_1_2_3_4_5_6_7")): Object 'Object Repository/Form Verification/Enrollment Form/Page_Free Baby Formula Samples  Coupons  Enfamil/input_Last name_registerFamilyNameField_1_2_3_4_5_6_7' is clickable

2022-04-18 23:28:54 - [MESSAGE][PASSED] - Object 'Object Repository/Form Verification/Enrollment Form/Page_Free Baby Formula Samples  Coupons  Enfamil/input_Last name_registerFamilyNameField_1_2_3_4_5_6_7' is clickable

2022-04-18 23:28:54 - [TEST_STEP][PASSED] - verifyElementClickable(findTestObject("Object Repository/Form Verification/Enrollment Form/Page_Free Baby Formula Samples  Coupons  Enfamil/input_Due date or birth date_childregisterC_87b480_1_2_3_4")): Object 'Object Repository/Form Verification/Enrollment Form/Page_Free Baby Formula Samples  Coupons  Enfamil/input_Due date or birth date_childregisterC_87b480_1_2_3_4' is clickable

2022-04-18 23:28:54 - [MESSAGE][PASSED] - Object 'Object Repository/Form Verification/Enrollment Form/Page_Free Baby Formula Samples  Coupons  Enfamil/input_Due date or birth date_childregisterC_87b480_1_2_3_4' is clickable

2022-04-18 23:28:54 - [TEST_STEP][PASSED] - verifyElementClickable(findTestObject("Object Repository/Form Verification/Enrollment Form/Page_Free Baby Formula Samples  Coupons  Enfamil/button_Why")): Object 'Object Repository/Form Verification/Enrollment Form/Page_Free Baby Formula Samples  Coupons  Enfamil/button_Why' is clickable

2022-04-18 23:28:54 - [MESSAGE][PASSED] - Object 'Object Repository/Form Verification/Enrollment Form/Page_Free Baby Formula Samples  Coupons  Enfamil/button_Why' is clickable

2022-04-18 23:28:54 - [TEST_STEP][PASSED] - verifyElementClickable(findTestObject("Object Repository/Form Verification/Enrollment Form/Page_Free Baby Formula Samples  Coupons  Enfamil/input_Email_registerEmailField_1_2_3_4_5_6_7")): Object 'Object Repository/Form Verification/Enrollment Form/Page_Free Baby Formula Samples  Coupons  Enfamil/input_Email_registerEmailField_1_2_3_4_5_6_7' is clickable

2022-04-18 23:28:55 - [MESSAGE][PASSED] - Object 'Object Repository/Form Verification/Enrollment Form/Page_Free Baby Formula Samples  Coupons  Enfamil/input_Email_registerEmailField_1_2_3_4_5_6_7' is clickable

2022-04-18 23:28:55 - [TEST_STEP][PASSED] - verifyElementClickable(findTestObject("Object Repository/Form Verification/Enrollment Form/Page_Free Baby Formula Samples  Coupons  Enfamil/button_Join now")): Object 'Object Repository/Form Verification/Enrollment Form/Page_Free Baby Formula Samples  Coupons  Enfamil/button_Join now' is clickable

2022-04-18 23:28:55 - [MESSAGE][PASSED] - Object 'Object Repository/Form Verification/Enrollment Form/Page_Free Baby Formula Samples  Coupons  Enfamil/button_Join now' is clickable

2022-04-18 23:28:55 - [TEST_STEP][PASSED] - verifyElementClickable(findTestObject("Object Repository/Form Verification/Enrollment Form/Page_Free Baby Formula Samples  Coupons  Enfamil/button_Continue with Facebook")): Object 'Object Repository/Form Verification/Enrollment Form/Page_Free Baby Formula Samples  Coupons  Enfamil/button_Continue with Facebook' is clickable

2022-04-18 23:28:56 - [MESSAGE][PASSED] - Object 'Object Repository/Form Verification/Enrollment Form/Page_Free Baby Formula Samples  Coupons  Enfamil/button_Continue with Facebook' is clickable

2022-04-18 23:28:56 - [TEST_STEP][PASSED] - verifyElementClickable(findTestObject("Object Repository/Form Verification/Enrollment Form/Page_Free Baby Formula Samples  Coupons  Enfamil/button_Sign in with Google")): Object 'Object Repository/Form Verification/Enrollment Form/Page_Free Baby Formula Samples  Coupons  Enfamil/button_Sign in with Google' is clickable

2022-04-18 23:28:56 - [MESSAGE][PASSED] - Object 'Object Repository/Form Verification/Enrollment Form/Page_Free Baby Formula Samples  Coupons  Enfamil/button_Sign in with Google' is clickable

2022-04-18 23:28:56 - [TEST_STEP][PASSED] - verifyElementClickable(findTestObject("Object Repository/Form Verification/Enrollment Form/Page_Free Baby Formula Samples  Coupons  Enfamil/a_Terms of Use")): Object 'Object Repository/Form Verification/Enrollment Form/Page_Free Baby Formula Samples  Coupons  Enfamil/a_Terms of Use' is clickable

2022-04-18 23:28:57 - [MESSAGE][PASSED] - Object 'Object Repository/Form Verification/Enrollment Form/Page_Free Baby Formula Samples  Coupons  Enfamil/a_Terms of Use' is clickable

2022-04-18 23:28:57 - [TEST_STEP][PASSED] - verifyElementClickable(findTestObject("Object Repository/Form Verification/Enrollment Form/Page_Free Baby Formula Samples  Coupons  Enfamil/a_Privacy Policy")): Object 'Object Repository/Form Verification/Enrollment Form/Page_Free Baby Formula Samples  Coupons  Enfamil/a_Privacy Policy' is clickable

2022-04-18 23:28:57 - [MESSAGE][PASSED] - Object 'Object Repository/Form Verification/Enrollment Form/Page_Free Baby Formula Samples  Coupons  Enfamil/a_Privacy Policy' is clickable

2022-04-18 23:28:57 - [TEST_STEP][PASSED] - verifyElementClickable(findTestObject("Object Repository/Form Verification/Enrollment Form/Page_Free Baby Formula Samples  Coupons  Enfamil/a_Sweepstakes Official Rules")): Object 'Object Repository/Form Verification/Enrollment Form/Page_Free Baby Formula Samples  Coupons  Enfamil/a_Sweepstakes Official Rules' is clickable

2022-04-18 23:28:58 - [MESSAGE][PASSED] - Object 'Object Repository/Form Verification/Enrollment Form/Page_Free Baby Formula Samples  Coupons  Enfamil/a_Sweepstakes Official Rules' is clickable

2022-04-18 23:28:58 - [TEST_STEP][PASSED] - verifyElementClickable(findTestObject("Object Repository/Form Verification/Enrollment Form/Page_Free Baby Formula Samples  Coupons  Enfamil/a_Join now")): Object 'Object Repository/Form Verification/Enrollment Form/Page_Free Baby Formula Samples  Coupons  Enfamil/a_Join now' is clickable

2022-04-18 23:28:58 - [MESSAGE][PASSED] - Object 'Object Repository/Form Verification/Enrollment Form/Page_Free Baby Formula Samples  Coupons  Enfamil/a_Join now' is clickable

2022-04-18 23:28:58 - [TEST_STEP][PASSED] - verifyElementClickable(findTestObject("Object Repository/Form Verification/Enrollment Form/Page_Free Baby Formula Samples  Coupons  Enfamil/a_Join now_1")): Object 'Object Repository/Form Verification/Enrollment Form/Page_Free Baby Formula Samples  Coupons  Enfamil/a_Join now_1' is clickable

2022-04-18 23:28:58 - [MESSAGE][PASSED] - Object 'Object Repository/Form Verification/Enrollment Form/Page_Free Baby Formula Samples  Coupons  Enfamil/a_Join now_1' is clickable

2022-04-18 23:28:58 - [TEST_STEP][PASSED] - verifyElementClickable(findTestObject("Object Repository/Form Verification/Enrollment Form/Page_Free Baby Formula Samples  Coupons  Enfamil/a_Join now_1_2")): Object 'Object Repository/Form Verification/Enrollment Form/Page_Free Baby Formula Samples  Coupons  Enfamil/a_Join now_1_2' is clickable

2022-04-18 23:28:59 - [MESSAGE][PASSED] - Object 'Object Repository/Form Verification/Enrollment Form/Page_Free Baby Formula Samples  Coupons  Enfamil/a_Join now_1_2' is clickable

2022-04-18 23:28:59 - [TEST_STEP][PASSED] - verifyElementClickable(findTestObject("Object Repository/Form Verification/Enrollment Form/Page_Free Baby Formula Samples  Coupons  Enfamil/button_Prev")): Object 'Object Repository/Form Verification/Enrollment Form/Page_Free Baby Formula Samples  Coupons  Enfamil/button_Prev' is clickable

2022-04-18 23:28:59 - [MESSAGE][PASSED] - Object 'Object Repository/Form Verification/Enrollment Form/Page_Free Baby Formula Samples  Coupons  Enfamil/button_Prev' is clickable

2022-04-18 23:28:59 - [TEST_STEP][FAILED] - verifyElementClickable(findTestObject("Object Repository/Form Verification/Enrollment Form/Page_Free Baby Formula Samples  Coupons  Enfamil/button_Next")): Object 'Object Repository/Form Verification/Enrollment Form/Page_Free Baby Formula Samples  Coupons  Enfamil/button_Next' is NOT clickable (Root cause: com.kms.katalon.core.exception.StepFailedException: Object 'Object Repository/Form Verification/Enrollment Form/Page_Free Baby Formula Samples  Coupons  Enfamil/button_Next' is NOT clickable
	at com.kms.katalon.core.webui.keyword.internal.WebUIKeywordMain.stepFailed(WebUIKeywordMain.groovy:64)
	at com.kms.katalon.core.webui.keyword.builtin.VerifyElementClickableKeyword$_verifyElementClickable_closure1.doCall(VerifyElementClickableKeyword.groovy:83)
	at com.kms.katalon.core.webui.keyword.builtin.VerifyElementClickableKeyword$_verifyElementClickable_closure1.call(VerifyElementClickableKeyword.groovy)
	at com.kms.katalon.core.webui.keyword.internal.WebUIKeywordMain.runKeyword(WebUIKeywordMain.groovy:20)
	at com.kms.katalon.core.webui.keyword.builtin.VerifyElementClickableKeyword.verifyElementClickable(VerifyElementClickableKeyword.groovy:96)
	at com.kms.katalon.core.webui.keyword.builtin.VerifyElementClickableKeyword.execute(VerifyElementClickableKeyword.groovy:67)
	at com.kms.katalon.core.keyword.internal.KeywordExecutor.executeKeywordForPlatform(KeywordExecutor.groovy:74)
	at com.kms.katalon.core.webui.keyword.WebUiBuiltInKeywords.verifyElementClickable(WebUiBuiltInKeywords.groovy:566)
	at com.kms.katalon.core.webui.keyword.WebUiBuiltInKeywords$verifyElementClickable$6.call(Unknown Source)
	at Enrollment - Form Verification - UAT.run(Enrollment - Form Verification - UAT:676)
	at com.kms.katalon.core.main.ScriptEngine.run(ScriptEngine.java:194)
	at com.kms.katalon.core.main.ScriptEngine.runScriptAsRawText(ScriptEngine.java:119)
	at com.kms.katalon.core.main.TestCaseExecutor.runScript(TestCaseExecutor.java:445)
	at com.kms.katalon.core.main.TestCaseExecutor.doExecute(TestCaseExecutor.java:436)
	at com.kms.katalon.core.main.TestCaseExecutor.processExecutionPhase(TestCaseExecutor.java:415)
	at com.kms.katalon.core.main.TestCaseExecutor.accessMainPhase(TestCaseExecutor.java:407)
	at com.kms.katalon.core.main.TestCaseExecutor.execute(TestCaseExecutor.java:284)
	at com.kms.katalon.core.common.CommonExecutor.accessTestCaseMainPhase(CommonExecutor.java:65)
	at com.kms.katalon.core.main.TestSuiteExecutor.accessTestSuiteMainPhase(TestSuiteExecutor.java:144)
	at com.kms.katalon.core.main.TestSuiteExecutor.execute(TestSuiteExecutor.java:106)
	at com.kms.katalon.core.main.TestCaseMain.startTestSuite(TestCaseMain.java:185)
	at com.kms.katalon.core.main.TestCaseMain$startTestSuite$0.call(Unknown Source)
	at TempTestSuite1650304259606.run(TempTestSuite1650304259606.groovy:36)
)

2022-04-18 23:29:00 - [MESSAGE][FAILED] - Object 'Object Repository/Form Verification/Enrollment Form/Page_Free Baby Formula Samples  Coupons  Enfamil/button_Next' is NOT clickable (Root cause: com.kms.katalon.core.exception.StepFailedException: Object 'Object Repository/Form Verification/Enrollment Form/Page_Free Baby Formula Samples  Coupons  Enfamil/button_Next' is NOT clickable
	at com.kms.katalon.core.webui.keyword.internal.WebUIKeywordMain.stepFailed(WebUIKeywordMain.groovy:64)
	at com.kms.katalon.core.webui.keyword.builtin.VerifyElementClickableKeyword$_verifyElementClickable_closure1.doCall(VerifyElementClickableKeyword.groovy:83)
	at com.kms.katalon.core.webui.keyword.builtin.VerifyElementClickableKeyword$_verifyElementClickable_closure1.call(VerifyElementClickableKeyword.groovy)
	at com.kms.katalon.core.webui.keyword.internal.WebUIKeywordMain.runKeyword(WebUIKeywordMain.groovy:20)
	at com.kms.katalon.core.webui.keyword.builtin.VerifyElementClickableKeyword.verifyElementClickable(VerifyElementClickableKeyword.groovy:96)
	at com.kms.katalon.core.webui.keyword.builtin.VerifyElementClickableKeyword.execute(VerifyElementClickableKeyword.groovy:67)
	at com.kms.katalon.core.keyword.internal.KeywordExecutor.executeKeywordForPlatform(KeywordExecutor.groovy:74)
	at com.kms.katalon.core.webui.keyword.WebUiBuiltInKeywords.verifyElementClickable(WebUiBuiltInKeywords.groovy:566)
	at com.kms.katalon.core.webui.keyword.WebUiBuiltInKeywords$verifyElementClickable$6.call(Unknown Source)
	at Enrollment - Form Verification - UAT.run(Enrollment - Form Verification - UAT:676)
	at com.kms.katalon.core.main.ScriptEngine.run(ScriptEngine.java:194)
	at com.kms.katalon.core.main.ScriptEngine.runScriptAsRawText(ScriptEngine.java:119)
	at com.kms.katalon.core.main.TestCaseExecutor.runScript(TestCaseExecutor.java:445)
	at com.kms.katalon.core.main.TestCaseExecutor.doExecute(TestCaseExecutor.java:436)
	at com.kms.katalon.core.main.TestCaseExecutor.processExecutionPhase(TestCaseExecutor.java:415)
	at com.kms.katalon.core.main.TestCaseExecutor.accessMainPhase(TestCaseExecutor.java:407)
	at com.kms.katalon.core.main.TestCaseExecutor.execute(TestCaseExecutor.java:284)
	at com.kms.katalon.core.common.CommonExecutor.accessTestCaseMainPhase(CommonExecutor.java:65)
	at com.kms.katalon.core.main.TestSuiteExecutor.accessTestSuiteMainPhase(TestSuiteExecutor.java:144)
	at com.kms.katalon.core.main.TestSuiteExecutor.execute(TestSuiteExecutor.java:106)
	at com.kms.katalon.core.main.TestCaseMain.startTestSuite(TestCaseMain.java:185)
	at com.kms.katalon.core.main.TestCaseMain$startTestSuite$0.call(Unknown Source)
	at TempTestSuite1650304259606.run(TempTestSuite1650304259606.groovy:36)
)
[[ATTACHMENT|D:\\SmoketestSuite\\enfamilUS\\Reports\\20220418_232059\\SmokeTestCollection - Venkat\\SmokeTestSuite-Collection - UAT\\20220418_232059\\1650304740238.png]]

2022-04-18 23:29:00 - [TEST_STEP][PASSED] - verifyElementClickable(findTestObject("Object Repository/Form Verification/Enrollment Form/Page_Free Baby Formula Samples  Coupons  Enfamil/img_1_2_3_4_5_6_7_8_9_10")): Object 'Object Repository/Form Verification/Enrollment Form/Page_Free Baby Formula Samples  Coupons  Enfamil/img_1_2_3_4_5_6_7_8_9_10' is clickable

2022-04-18 23:29:00 - [MESSAGE][PASSED] - Object 'Object Repository/Form Verification/Enrollment Form/Page_Free Baby Formula Samples  Coupons  Enfamil/img_1_2_3_4_5_6_7_8_9_10' is clickable

2022-04-18 23:29:00 - [TEST_STEP][PASSED] - verifyElementClickable(findTestObject("Object Repository/Form Verification/Enrollment Form/Page_Free Baby Formula Samples  Coupons  Enfamil/img_1_2_3_4_5_6_7_8_9_10_11")): Object 'Object Repository/Form Verification/Enrollment Form/Page_Free Baby Formula Samples  Coupons  Enfamil/img_1_2_3_4_5_6_7_8_9_10_11' is clickable

2022-04-18 23:29:01 - [MESSAGE][PASSED] - Object 'Object Repository/Form Verification/Enrollment Form/Page_Free Baby Formula Samples  Coupons  Enfamil/img_1_2_3_4_5_6_7_8_9_10_11' is clickable

2022-04-18 23:29:01 - [TEST_STEP][PASSED] - verifyElementClickable(findTestObject("Object Repository/Form Verification/Enrollment Form/Page_Free Baby Formula Samples  Coupons  Enfamil/u_here")): Object 'Object Repository/Form Verification/Enrollment Form/Page_Free Baby Formula Samples  Coupons  Enfamil/u_here' is clickable

2022-04-18 23:29:01 - [MESSAGE][PASSED] - Object 'Object Repository/Form Verification/Enrollment Form/Page_Free Baby Formula Samples  Coupons  Enfamil/u_here' is clickable

2022-04-18 23:29:01 - [TEST_STEP][PASSED] - verifyElementClickable(findTestObject("Object Repository/Form Verification/Enrollment Form/Page_Free Baby Formula Samples  Coupons  Enfamil/span_Enfamil Family Beginnings program")): Object 'Object Repository/Form Verification/Enrollment Form/Page_Free Baby Formula Samples  Coupons  Enfamil/span_Enfamil Family Beginnings program' is clickable

2022-04-18 23:29:02 - [MESSAGE][PASSED] - Object 'Object Repository/Form Verification/Enrollment Form/Page_Free Baby Formula Samples  Coupons  Enfamil/span_Enfamil Family Beginnings program' is clickable

2022-04-18 23:29:02 - [TEST_STEP][PASSED] - verifyElementClickable(findTestObject("Object Repository/Form Verification/Enrollment Form/Page_Free Baby Formula Samples  Coupons  Enfamil/span_infant formulas")): Object 'Object Repository/Form Verification/Enrollment Form/Page_Free Baby Formula Samples  Coupons  Enfamil/span_infant formulas' is clickable

2022-04-18 23:29:02 - [MESSAGE][PASSED] - Object 'Object Repository/Form Verification/Enrollment Form/Page_Free Baby Formula Samples  Coupons  Enfamil/span_infant formulas' is clickable

2022-04-18 23:29:02 - [TEST_STEP][PASSED] - verifyElementClickable(findTestObject("Object Repository/Form Verification/Enrollment Form/Page_Free Baby Formula Samples  Coupons  Enfamil/span_infants grow and develop")): Object 'Object Repository/Form Verification/Enrollment Form/Page_Free Baby Formula Samples  Coupons  Enfamil/span_infants grow and develop' is clickable

2022-04-18 23:29:02 - [MESSAGE][PASSED] - Object 'Object Repository/Form Verification/Enrollment Form/Page_Free Baby Formula Samples  Coupons  Enfamil/span_infants grow and develop' is clickable

2022-04-18 23:29:02 - [TEST_STEP][PASSED] - verifyElementClickable(findTestObject("Object Repository/Form Verification/Enrollment Form/Page_Free Baby Formula Samples  Coupons  Enfamil/span_infants grow and develop")): Object 'Object Repository/Form Verification/Enrollment Form/Page_Free Baby Formula Samples  Coupons  Enfamil/span_infants grow and develop' is clickable

2022-04-18 23:29:03 - [MESSAGE][PASSED] - Object 'Object Repository/Form Verification/Enrollment Form/Page_Free Baby Formula Samples  Coupons  Enfamil/span_infants grow and develop' is clickable

2022-04-18 23:29:03 - [TEST_STEP][PASSED] - verifyElementClickable(findTestObject("Object Repository/Form Verification/Enrollment Form/Page_Free Baby Formula Samples  Coupons  Enfamil/span_Sign up for Enfamils Family Beginnings")): Object 'Object Repository/Form Verification/Enrollment Form/Page_Free Baby Formula Samples  Coupons  Enfamil/span_Sign up for Enfamils Family Beginnings' is clickable

2022-04-18 23:29:03 - [MESSAGE][PASSED] - Object 'Object Repository/Form Verification/Enrollment Form/Page_Free Baby Formula Samples  Coupons  Enfamil/span_Sign up for Enfamils Family Beginnings' is clickable

2022-04-18 23:29:03 - [TEST_STEP][PASSED] - verifyElementClickable(findTestObject("Object Repository/Form Verification/Enrollment Form/Page_Free Baby Formula Samples  Coupons  Enfamil/span_baby formula")): Object 'Object Repository/Form Verification/Enrollment Form/Page_Free Baby Formula Samples  Coupons  Enfamil/span_baby formula' is clickable

2022-04-18 23:29:04 - [MESSAGE][PASSED] - Object 'Object Repository/Form Verification/Enrollment Form/Page_Free Baby Formula Samples  Coupons  Enfamil/span_baby formula' is clickable

2022-04-18 23:29:04 - [TEST_STEP][PASSED] - verifyElementClickable(findTestObject("Object Repository/Form Verification/Enrollment Form/Page_Free Baby Formula Samples  Coupons  Enfamil/span_Enfamil Family Beginnings_1")): Object 'Object Repository/Form Verification/Enrollment Form/Page_Free Baby Formula Samples  Coupons  Enfamil/span_Enfamil Family Beginnings_1' is clickable

2022-04-18 23:29:04 - [MESSAGE][PASSED] - Object 'Object Repository/Form Verification/Enrollment Form/Page_Free Baby Formula Samples  Coupons  Enfamil/span_Enfamil Family Beginnings_1' is clickable]]></system-out>
         <system-err><![CDATA[2022-04-18 23:26:50 - [TEST_CASE][FAILED] - Test Cases/Venkat/Forms Verification/Enrollment - Form Verification - UAT: Test Cases/Venkat/Forms Verification/Enrollment - Form Verification - UAT FAILED.
Reason:
com.kms.katalon.core.exception.StepFailedException: com.kms.katalon.core.webui.exception.WebElementNotFoundException: Web element with id: 'Object Repository/Form Verification/Enrollment Form/Page_Free Baby Formula Samples  Coupons  Enfamil/p_Receive up to 70 in savings, plus monthly_835e26' located by '//p[(text() = 'Receive up to $70 in savings*, plus monthly emails with expert advice on caring for your premature baby.')]' not found (Root cause: com.kms.katalon.core.exception.StepFailedException: com.kms.katalon.core.webui.exception.WebElementNotFoundException: Web element with id: 'Object Repository/Form Verification/Enrollment Form/Page_Free Baby Formula Samples  Coupons  Enfamil/p_Receive up to 70 in savings, plus monthly_835e26' located by '//p[(text() = 'Receive up to $70 in savings*, plus monthly emails with expert advice on caring for your premature baby.')]' not found
	at com.kms.katalon.core.webui.keyword.internal.WebUIKeywordMain.stepFailed(WebUIKeywordMain.groovy:64)
	at com.kms.katalon.core.webui.keyword.builtin.VerifyElementPresentKeyword$_verifyElementPresent_closure1.doCall(VerifyElementPresentKeyword.groovy:85)
	at com.kms.katalon.core.webui.keyword.builtin.VerifyElementPresentKeyword$_verifyElementPresent_closure1.call(VerifyElementPresentKeyword.groovy)
	at com.kms.katalon.core.webui.keyword.internal.WebUIKeywordMain.runKeyword(WebUIKeywordMain.groovy:20)
	at com.kms.katalon.core.webui.keyword.builtin.VerifyElementPresentKeyword.verifyElementPresent(VerifyElementPresentKeyword.groovy:92)
	at com.kms.katalon.core.webui.keyword.builtin.VerifyElementPresentKeyword.execute(VerifyElementPresentKeyword.groovy:68)
	at com.kms.katalon.core.keyword.internal.KeywordExecutor.executeKeywordForPlatform(KeywordExecutor.groovy:74)
	at com.kms.katalon.core.webui.keyword.WebUiBuiltInKeywords.verifyElementPresent(WebUiBuiltInKeywords.groovy:1464)
	at com.kms.katalon.core.webui.keyword.WebUiBuiltInKeywords$verifyElementPresent$4.call(Unknown Source)
	at Enrollment - Form Verification - UAT.run(Enrollment - Form Verification - UAT:363)
	at com.kms.katalon.core.main.ScriptEngine.run(ScriptEngine.java:194)
	at com.kms.katalon.core.main.ScriptEngine.runScriptAsRawText(ScriptEngine.java:119)
	at com.kms.katalon.core.main.TestCaseExecutor.runScript(TestCaseExecutor.java:445)
	at com.kms.katalon.core.main.TestCaseExecutor.doExecute(TestCaseExecutor.java:436)
	at com.kms.katalon.core.main.TestCaseExecutor.processExecutionPhase(TestCaseExecutor.java:415)
	at com.kms.katalon.core.main.TestCaseExecutor.accessMainPhase(TestCaseExecutor.java:407)
	at com.kms.katalon.core.main.TestCaseExecutor.execute(TestCaseExecutor.java:284)
	at com.kms.katalon.core.common.CommonExecutor.accessTestCaseMainPhase(CommonExecutor.java:65)
	at com.kms.katalon.core.main.TestSuiteExecutor.accessTestSuiteMainPhase(TestSuiteExecutor.java:144)
	at com.kms.katalon.core.main.TestSuiteExecutor.execute(TestSuiteExecutor.java:106)
	at com.kms.katalon.core.main.TestCaseMain.startTestSuite(TestCaseMain.java:185)
	at com.kms.katalon.core.main.TestCaseMain$startTestSuite$0.call(Unknown Source)
	at TempTestSuite1650304259606.run(TempTestSuite1650304259606.groovy:36)
)
	at com.kms.katalon.core.keyword.internal.KeywordMain.stepFailed(KeywordMain.groovy:39)
	at com.kms.katalon.core.webui.keyword.internal.WebUIKeywordMain.stepFailed(WebUIKeywordMain.groovy:64)
	at com.kms.katalon.core.webui.keyword.builtin.VerifyElementPresentKeyword$_verifyElementPresent_closure1.doCall(VerifyElementPresentKeyword.groovy:85)
	at com.kms.katalon.core.webui.keyword.builtin.VerifyElementPresentKeyword$_verifyElementPresent_closure1.call(VerifyElementPresentKeyword.groovy)
	at com.kms.katalon.core.webui.keyword.internal.WebUIKeywordMain.runKeyword(WebUIKeywordMain.groovy:20)
	at com.kms.katalon.core.webui.keyword.builtin.VerifyElementPresentKeyword.verifyElementPresent(VerifyElementPresentKeyword.groovy:92)
	at com.kms.katalon.core.webui.keyword.builtin.VerifyElementPresentKeyword.execute(VerifyElementPresentKeyword.groovy:68)
	at com.kms.katalon.core.keyword.internal.KeywordExecutor.executeKeywordForPlatform(KeywordExecutor.groovy:74)
	at com.kms.katalon.core.webui.keyword.WebUiBuiltInKeywords.verifyElementPresent(WebUiBuiltInKeywords.groovy:1464)
	at com.kms.katalon.core.webui.keyword.WebUiBuiltInKeywords$verifyElementPresent$4.call(Unknown Source)
	at Enrollment - Form Verification - UAT.run(Enrollment - Form Verification - UAT:363)
	at com.kms.katalon.core.main.ScriptEngine.run(ScriptEngine.java:194)
	at com.kms.katalon.core.main.ScriptEngine.runScriptAsRawText(ScriptEngine.java:119)
	at com.kms.katalon.core.main.TestCaseExecutor.runScript(TestCaseExecutor.java:445)
	at com.kms.katalon.core.main.TestCaseExecutor.doExecute(TestCaseExecutor.java:436)
	at com.kms.katalon.core.main.TestCaseExecutor.processExecutionPhase(TestCaseExecutor.java:415)
	at com.kms.katalon.core.main.TestCaseExecutor.accessMainPhase(TestCaseExecutor.java:407)
	at com.kms.katalon.core.main.TestCaseExecutor.execute(TestCaseExecutor.java:284)
	at com.kms.katalon.core.common.CommonExecutor.accessTestCaseMainPhase(CommonExecutor.java:65)
	at com.kms.katalon.core.main.TestSuiteExecutor.accessTestSuiteMainPhase(TestSuiteExecutor.java:144)
	at com.kms.katalon.core.main.TestSuiteExecutor.execute(TestSuiteExecutor.java:106)
	at com.kms.katalon.core.main.TestCaseMain.startTestSuite(TestCaseMain.java:185)
	at com.kms.katalon.core.main.TestCaseMain$startTestSuite$0.call(Unknown Source)
	at TempTestSuite1650304259606.run(TempTestSuite1650304259606.groovy:36)
Caused by: com.kms.katalon.core.exception.StepFailedException: com.kms.katalon.core.webui.exception.WebElementNotFoundException: Web element with id: 'Object Repository/Form Verification/Enrollment Form/Page_Free Baby Formula Samples  Coupons  Enfamil/p_Receive up to 70 in savings, plus monthly_835e26' located by '//p[(text() = 'Receive up to $70 in savings*, plus monthly emails with expert advice on caring for your premature baby.')]' not found
	... 23 more]]></system-err>
      </testcase>
      <testcase name="Test Cases/Venkat/Forms Verification/Enspire - Form Verification - UAT" time="88.686" classname="Test Cases/Venkat/Forms Verification/Enspire - Form Verification - UAT" status="FAILED">
         <failure type="FAILED" message="Test Cases/Venkat/Forms Verification/Enspire - Form Verification - UAT FAILED.
Reason:
com.kms.katalon.core.exception.StepFailedException: com.kms.katalon.core.webui.exception.WebElementNotFoundException: Web element with id: 'Object Repository/Form Verification/Enspire Form/Page_Enspire Family Beginnings Registration_996fe8/label_Consent to Receive Certain Text Messa_5ce4cc' located by '//div[@id='__next']/div/div/main/article/section[2]/div/div[2]/div/div/div/form/section/div/div[9]/div/div[2]/label' not found (Root cause: com.kms.katalon.core.exception.StepFailedException: com.kms.katalon.core.webui.exception.WebElementNotFoundException: Web element with id: 'Object Repository/Form Verification/Enspire Form/Page_Enspire Family Beginnings Registration_996fe8/label_Consent to Receive Certain Text Messa_5ce4cc' located by '//div[@id='__next']/div/div/main/article/section[2]/div/div[2]/div/div/div/form/section/div/div[9]/div/div[2]/label' not found
	at com.kms.katalon.core.webui.keyword.internal.WebUIKeywordMain.stepFailed(WebUIKeywordMain.groovy:64)
	at com.kms.katalon.core.webui.keyword.builtin.VerifyElementPresentKeyword$_verifyElementPresent_closure1.doCall(VerifyElementPresentKeyword.groovy:85)
	at com.kms.katalon.core.webui.keyword.builtin.VerifyElementPresentKeyword$_verifyElementPresent_closure1.call(VerifyElementPresentKeyword.groovy)
	at com.kms.katalon.core.webui.keyword.internal.WebUIKeywordMain.runKeyword(WebUIKeywordMain.groovy:20)
	at com.kms.katalon.core.webui.keyword.builtin.VerifyElementPresentKeyword.verifyElementPresent(VerifyElementPresentKeyword.groovy:92)
	at com.kms.katalon.core.webui.keyword.builtin.VerifyElementPresentKeyword.execute(VerifyElementPresentKeyword.groovy:68)
	at com.kms.katalon.core.keyword.internal.KeywordExecutor.executeKeywordForPlatform(KeywordExecutor.groovy:74)
	at com.kms.katalon.core.webui.keyword.WebUiBuiltInKeywords.verifyElementPresent(WebUiBuiltInKeywords.groovy:1464)
	at com.kms.katalon.core.webui.keyword.WebUiBuiltInKeywords$verifyElementPresent$4.call(Unknown Source)
	at Enspire - Form Verification - UAT.run(Enspire - Form Verification - UAT:176)
	at com.kms.katalon.core.main.ScriptEngine.run(ScriptEngine.java:194)
	at com.kms.katalon.core.main.ScriptEngine.runScriptAsRawText(ScriptEngine.java:119)
	at com.kms.katalon.core.main.TestCaseExecutor.runScript(TestCaseExecutor.java:445)
	at com.kms.katalon.core.main.TestCaseExecutor.doExecute(TestCaseExecutor.java:436)
	at com.kms.katalon.core.main.TestCaseExecutor.processExecutionPhase(TestCaseExecutor.java:415)
	at com.kms.katalon.core.main.TestCaseExecutor.accessMainPhase(TestCaseExecutor.java:407)
	at com.kms.katalon.core.main.TestCaseExecutor.execute(TestCaseExecutor.java:284)
	at com.kms.katalon.core.common.CommonExecutor.accessTestCaseMainPhase(CommonExecutor.java:65)
	at com.kms.katalon.core.main.TestSuiteExecutor.accessTestSuiteMainPhase(TestSuiteExecutor.java:144)
	at com.kms.katalon.core.main.TestSuiteExecutor.execute(TestSuiteExecutor.java:106)
	at com.kms.katalon.core.main.TestCaseMain.startTestSuite(TestCaseMain.java:185)
	at com.kms.katalon.core.main.TestCaseMain$startTestSuite$0.call(Unknown Source)
	at TempTestSuite1650304259606.run(TempTestSuite1650304259606.groovy:36)
)
	at com.kms.katalon.core.keyword.internal.KeywordMain.stepFailed(KeywordMain.groovy:39)
	at com.kms.katalon.core.webui.keyword.internal.WebUIKeywordMain.stepFailed(WebUIKeywordMain.groovy:64)
	at com.kms.katalon.core.webui.keyword.builtin.VerifyElementPresentKeyword$_verifyElementPresent_closure1.doCall(VerifyElementPresentKeyword.groovy:85)
	at com.kms.katalon.core.webui.keyword.builtin.VerifyElementPresentKeyword$_verifyElementPresent_closure1.call(VerifyElementPresentKeyword.groovy)
	at com.kms.katalon.core.webui.keyword.internal.WebUIKeywordMain.runKeyword(WebUIKeywordMain.groovy:20)
	at com.kms.katalon.core.webui.keyword.builtin.VerifyElementPresentKeyword.verifyElementPresent(VerifyElementPresentKeyword.groovy:92)
	at com.kms.katalon.core.webui.keyword.builtin.VerifyElementPresentKeyword.execute(VerifyElementPresentKeyword.groovy:68)
	at com.kms.katalon.core.keyword.internal.KeywordExecutor.executeKeywordForPlatform(KeywordExecutor.groovy:74)
	at com.kms.katalon.core.webui.keyword.WebUiBuiltInKeywords.verifyElementPresent(WebUiBuiltInKeywords.groovy:1464)
	at com.kms.katalon.core.webui.keyword.WebUiBuiltInKeywords$verifyElementPresent$4.call(Unknown Source)
	at Enspire - Form Verification - UAT.run(Enspire - Form Verification - UAT:176)
	at com.kms.katalon.core.main.ScriptEngine.run(ScriptEngine.java:194)
	at com.kms.katalon.core.main.ScriptEngine.runScriptAsRawText(ScriptEngine.java:119)
	at com.kms.katalon.core.main.TestCaseExecutor.runScript(TestCaseExecutor.java:445)
	at com.kms.katalon.core.main.TestCaseExecutor.doExecute(TestCaseExecutor.java:436)
	at com.kms.katalon.core.main.TestCaseExecutor.processExecutionPhase(TestCaseExecutor.java:415)
	at com.kms.katalon.core.main.TestCaseExecutor.accessMainPhase(TestCaseExecutor.java:407)
	at com.kms.katalon.core.main.TestCaseExecutor.execute(TestCaseExecutor.java:284)
	at com.kms.katalon.core.common.CommonExecutor.accessTestCaseMainPhase(CommonExecutor.java:65)
	at com.kms.katalon.core.main.TestSuiteExecutor.accessTestSuiteMainPhase(TestSuiteExecutor.java:144)
	at com.kms.katalon.core.main.TestSuiteExecutor.execute(TestSuiteExecutor.java:106)
	at com.kms.katalon.core.main.TestCaseMain.startTestSuite(TestCaseMain.java:185)
	at com.kms.katalon.core.main.TestCaseMain$startTestSuite$0.call(Unknown Source)
	at TempTestSuite1650304259606.run(TempTestSuite1650304259606.groovy:36)
Caused by: com.kms.katalon.core.exception.StepFailedException: com.kms.katalon.core.webui.exception.WebElementNotFoundException: Web element with id: 'Object Repository/Form Verification/Enspire Form/Page_Enspire Family Beginnings Registration_996fe8/label_Consent to Receive Certain Text Messa_5ce4cc' located by '//div[@id='__next']/div/div/main/article/section[2]/div/div[2]/div/div/div/form/section/div/div[9]/div/div[2]/label' not found
	... 23 more
"/>
         <system-out><![CDATA[2022-04-18 23:29:04 - [TEST_CASE][FAILED] - Test Cases/Venkat/Forms Verification/Enspire - Form Verification - UAT: Test Cases/Venkat/Forms Verification/Enspire - Form Verification - UAT FAILED.
Reason:
com.kms.katalon.core.exception.StepFailedException: com.kms.katalon.core.webui.exception.WebElementNotFoundException: Web element with id: 'Object Repository/Form Verification/Enspire Form/Page_Enspire Family Beginnings Registration_996fe8/label_Consent to Receive Certain Text Messa_5ce4cc' located by '//div[@id='__next']/div/div/main/article/section[2]/div/div[2]/div/div/div/form/section/div/div[9]/div/div[2]/label' not found (Root cause: com.kms.katalon.core.exception.StepFailedException: com.kms.katalon.core.webui.exception.WebElementNotFoundException: Web element with id: 'Object Repository/Form Verification/Enspire Form/Page_Enspire Family Beginnings Registration_996fe8/label_Consent to Receive Certain Text Messa_5ce4cc' located by '//div[@id='__next']/div/div/main/article/section[2]/div/div[2]/div/div/div/form/section/div/div[9]/div/div[2]/label' not found
	at com.kms.katalon.core.webui.keyword.internal.WebUIKeywordMain.stepFailed(WebUIKeywordMain.groovy:64)
	at com.kms.katalon.core.webui.keyword.builtin.VerifyElementPresentKeyword$_verifyElementPresent_closure1.doCall(VerifyElementPresentKeyword.groovy:85)
	at com.kms.katalon.core.webui.keyword.builtin.VerifyElementPresentKeyword$_verifyElementPresent_closure1.call(VerifyElementPresentKeyword.groovy)
	at com.kms.katalon.core.webui.keyword.internal.WebUIKeywordMain.runKeyword(WebUIKeywordMain.groovy:20)
	at com.kms.katalon.core.webui.keyword.builtin.VerifyElementPresentKeyword.verifyElementPresent(VerifyElementPresentKeyword.groovy:92)
	at com.kms.katalon.core.webui.keyword.builtin.VerifyElementPresentKeyword.execute(VerifyElementPresentKeyword.groovy:68)
	at com.kms.katalon.core.keyword.internal.KeywordExecutor.executeKeywordForPlatform(KeywordExecutor.groovy:74)
	at com.kms.katalon.core.webui.keyword.WebUiBuiltInKeywords.verifyElementPresent(WebUiBuiltInKeywords.groovy:1464)
	at com.kms.katalon.core.webui.keyword.WebUiBuiltInKeywords$verifyElementPresent$4.call(Unknown Source)
	at Enspire - Form Verification - UAT.run(Enspire - Form Verification - UAT:176)
	at com.kms.katalon.core.main.ScriptEngine.run(ScriptEngine.java:194)
	at com.kms.katalon.core.main.ScriptEngine.runScriptAsRawText(ScriptEngine.java:119)
	at com.kms.katalon.core.main.TestCaseExecutor.runScript(TestCaseExecutor.java:445)
	at com.kms.katalon.core.main.TestCaseExecutor.doExecute(TestCaseExecutor.java:436)
	at com.kms.katalon.core.main.TestCaseExecutor.processExecutionPhase(TestCaseExecutor.java:415)
	at com.kms.katalon.core.main.TestCaseExecutor.accessMainPhase(TestCaseExecutor.java:407)
	at com.kms.katalon.core.main.TestCaseExecutor.execute(TestCaseExecutor.java:284)
	at com.kms.katalon.core.common.CommonExecutor.accessTestCaseMainPhase(CommonExecutor.java:65)
	at com.kms.katalon.core.main.TestSuiteExecutor.accessTestSuiteMainPhase(TestSuiteExecutor.java:144)
	at com.kms.katalon.core.main.TestSuiteExecutor.execute(TestSuiteExecutor.java:106)
	at com.kms.katalon.core.main.TestCaseMain.startTestSuite(TestCaseMain.java:185)
	at com.kms.katalon.core.main.TestCaseMain$startTestSuite$0.call(Unknown Source)
	at TempTestSuite1650304259606.run(TempTestSuite1650304259606.groovy:36)
)
	at com.kms.katalon.core.keyword.internal.KeywordMain.stepFailed(KeywordMain.groovy:39)
	at com.kms.katalon.core.webui.keyword.internal.WebUIKeywordMain.stepFailed(WebUIKeywordMain.groovy:64)
	at com.kms.katalon.core.webui.keyword.builtin.VerifyElementPresentKeyword$_verifyElementPresent_closure1.doCall(VerifyElementPresentKeyword.groovy:85)
	at com.kms.katalon.core.webui.keyword.builtin.VerifyElementPresentKeyword$_verifyElementPresent_closure1.call(VerifyElementPresentKeyword.groovy)
	at com.kms.katalon.core.webui.keyword.internal.WebUIKeywordMain.runKeyword(WebUIKeywordMain.groovy:20)
	at com.kms.katalon.core.webui.keyword.builtin.VerifyElementPresentKeyword.verifyElementPresent(VerifyElementPresentKeyword.groovy:92)
	at com.kms.katalon.core.webui.keyword.builtin.VerifyElementPresentKeyword.execute(VerifyElementPresentKeyword.groovy:68)
	at com.kms.katalon.core.keyword.internal.KeywordExecutor.executeKeywordForPlatform(KeywordExecutor.groovy:74)
	at com.kms.katalon.core.webui.keyword.WebUiBuiltInKeywords.verifyElementPresent(WebUiBuiltInKeywords.groovy:1464)
	at com.kms.katalon.core.webui.keyword.WebUiBuiltInKeywords$verifyElementPresent$4.call(Unknown Source)
	at Enspire - Form Verification - UAT.run(Enspire - Form Verification - UAT:176)
	at com.kms.katalon.core.main.ScriptEngine.run(ScriptEngine.java:194)
	at com.kms.katalon.core.main.ScriptEngine.runScriptAsRawText(ScriptEngine.java:119)
	at com.kms.katalon.core.main.TestCaseExecutor.runScript(TestCaseExecutor.java:445)
	at com.kms.katalon.core.main.TestCaseExecutor.doExecute(TestCaseExecutor.java:436)
	at com.kms.katalon.core.main.TestCaseExecutor.processExecutionPhase(TestCaseExecutor.java:415)
	at com.kms.katalon.core.main.TestCaseExecutor.accessMainPhase(TestCaseExecutor.java:407)
	at com.kms.katalon.core.main.TestCaseExecutor.execute(TestCaseExecutor.java:284)
	at com.kms.katalon.core.common.CommonExecutor.accessTestCaseMainPhase(CommonExecutor.java:65)
	at com.kms.katalon.core.main.TestSuiteExecutor.accessTestSuiteMainPhase(TestSuiteExecutor.java:144)
	at com.kms.katalon.core.main.TestSuiteExecutor.execute(TestSuiteExecutor.java:106)
	at com.kms.katalon.core.main.TestCaseMain.startTestSuite(TestCaseMain.java:185)
	at com.kms.katalon.core.main.TestCaseMain$startTestSuite$0.call(Unknown Source)
	at TempTestSuite1650304259606.run(TempTestSuite1650304259606.groovy:36)
Caused by: com.kms.katalon.core.exception.StepFailedException: com.kms.katalon.core.webui.exception.WebElementNotFoundException: Web element with id: 'Object Repository/Form Verification/Enspire Form/Page_Enspire Family Beginnings Registration_996fe8/label_Consent to Receive Certain Text Messa_5ce4cc' located by '//div[@id='__next']/div/div/main/article/section[2]/div/div[2]/div/div/div/form/section/div/div[9]/div/div[2]/label' not found
	... 23 more


2022-04-18 23:29:05 - [TEST_STEP][PASSED] - openBrowser(""): Browser is opened with url: ''

2022-04-18 23:29:05 - [MESSAGE][WARNING] - A browser is already opened. Closing browser and opening a new one

2022-04-18 23:29:06 - [MESSAGE][INFO] - Starting 'Chrome' driver

2022-04-18 23:29:06 - [MESSAGE][INFO] - Action delay is set to 0 milliseconds

2022-04-18 23:29:08 - [MESSAGE][PASSED] - Browser is opened with url: ''

2022-04-18 23:29:08 - [TEST_STEP][PASSED] - navigateToUrl(Enspire): Navigate to 'https://enfamil-us.cdn.test.us-east-1.starterkit.rbcloud.io/enspire-family-beginnings/?slug=self_enroll' successfully

2022-04-18 23:29:09 - [MESSAGE][PASSED] - Navigate to 'https://enfamil-us.cdn.test.us-east-1.starterkit.rbcloud.io/enspire-family-beginnings/?slug=self_enroll' successfully

2022-04-18 23:29:09 - [TEST_STEP][PASSED] - maximizeWindow(): Current window maximized

2022-04-18 23:29:10 - [MESSAGE][PASSED] - Current window maximized

2022-04-18 23:29:10 - [TEST_STEP][PASSED] - delay(8): Delayed 8 second(s)

2022-04-18 23:29:18 - [MESSAGE][PASSED] - Delayed 8 second(s)

2022-04-18 23:29:18 - [TEST_STEP][PASSED] - click(findTestObject("Object Repository/Form Verification/Enspire Form/Page_Enspire Family Beginnings Registration_996fe8/button_GOT IT_onetrust-close-btn-handler on_95ce22")): Object: 'Object Repository/Form Verification/Enspire Form/Page_Enspire Family Beginnings Registration_996fe8/button_GOT IT_onetrust-close-btn-handler on_95ce22' is clicked on

2022-04-18 23:29:18 - [MESSAGE][PASSED] - Object: 'Object Repository/Form Verification/Enspire Form/Page_Enspire Family Beginnings Registration_996fe8/button_GOT IT_onetrust-close-btn-handler on_95ce22' is clicked on

2022-04-18 23:29:18 - [TEST_STEP][PASSED] - verifyElementPresent(findTestObject("Object Repository/Form Verification/Enspire Form/Page_Enspire Family Beginnings Registration_996fe8/span_Enspire Family Beginnings by Enfamil"), 0): Object 'Object Repository/Form Verification/Enspire Form/Page_Enspire Family Beginnings Registration_996fe8/span_Enspire Family Beginnings by Enfamil' is present

2022-04-18 23:29:18 - [MESSAGE][WARNING] - Timeout '0' is invalid. Using default page load timeout: '5'

2022-04-18 23:29:21 - [MESSAGE][PASSED] - Object 'Object Repository/Form Verification/Enspire Form/Page_Enspire Family Beginnings Registration_996fe8/span_Enspire Family Beginnings by Enfamil' is present

2022-04-18 23:29:21 - [TEST_STEP][PASSED] - verifyElementText(findTestObject("Object Repository/Form Verification/Enspire Form/Page_Enspire Family Beginnings Registration_996fe8/span_Enspire Family Beginnings by Enfamil"), "Enspire Family Beginningsâ„¢ by EnfamilÂ®"): Actual text and expected text of test object 'Object Repository/Form Verification/Enspire Form/Page_Enspire Family Beginnings Registration_996fe8/span_Enspire Family Beginnings by Enfamil' are matched.

2022-04-18 23:29:22 - [MESSAGE][PASSED] - Actual text and expected text of test object 'Object Repository/Form Verification/Enspire Form/Page_Enspire Family Beginnings Registration_996fe8/span_Enspire Family Beginnings by Enfamil' are matched.

2022-04-18 23:29:22 - [TEST_STEP][PASSED] - verifyElementPresent(findTestObject("Object Repository/Form Verification/Enspire Form/Page_Enspire Family Beginnings Registration_996fe8/h1_Enspire Family Beginnings by Enfamil"), 0): Object 'Object Repository/Form Verification/Enspire Form/Page_Enspire Family Beginnings Registration_996fe8/h1_Enspire Family Beginnings by Enfamil' is present

2022-04-18 23:29:22 - [MESSAGE][WARNING] - Timeout '0' is invalid. Using default page load timeout: '5'

2022-04-18 23:29:22 - [MESSAGE][PASSED] - Object 'Object Repository/Form Verification/Enspire Form/Page_Enspire Family Beginnings Registration_996fe8/h1_Enspire Family Beginnings by Enfamil' is present

2022-04-18 23:29:22 - [TEST_STEP][PASSED] - verifyElementText(findTestObject("Object Repository/Form Verification/Enspire Form/Page_Enspire Family Beginnings Registration_996fe8/h1_Enspire Family Beginnings by Enfamil"), "Enspire Family Beginningsâ„¢ by EnfamilÂ®"): Actual text and expected text of test object 'Object Repository/Form Verification/Enspire Form/Page_Enspire Family Beginnings Registration_996fe8/h1_Enspire Family Beginnings by Enfamil' are matched.

2022-04-18 23:29:23 - [MESSAGE][PASSED] - Actual text and expected text of test object 'Object Repository/Form Verification/Enspire Form/Page_Enspire Family Beginnings Registration_996fe8/h1_Enspire Family Beginnings by Enfamil' are matched.

2022-04-18 23:29:23 - [TEST_STEP][PASSED] - verifyElementPresent(findTestObject("Object Repository/Form Verification/Enspire Form/Page_Enspire Family Beginnings Registration_996fe8/p_Enjoy special values, free gifts, a dedic_e6dd85"), 0): Object 'Object Repository/Form Verification/Enspire Form/Page_Enspire Family Beginnings Registration_996fe8/p_Enjoy special values, free gifts, a dedic_e6dd85' is present

2022-04-18 23:29:23 - [MESSAGE][WARNING] - Timeout '0' is invalid. Using default page load timeout: '5'

2022-04-18 23:29:23 - [MESSAGE][PASSED] - Object 'Object Repository/Form Verification/Enspire Form/Page_Enspire Family Beginnings Registration_996fe8/p_Enjoy special values, free gifts, a dedic_e6dd85' is present

2022-04-18 23:29:23 - [TEST_STEP][PASSED] - verifyElementText(findTestObject("Object Repository/Form Verification/Enspire Form/Page_Enspire Family Beginnings Registration_996fe8/p_Enjoy special values, free gifts, a dedic_e6dd85"), "Enjoy special values, free gifts, a dedicated phone number to reach an Enspire Expert, emails tailored to your babyâ€™s developmental stage and more."): Actual text and expected text of test object 'Object Repository/Form Verification/Enspire Form/Page_Enspire Family Beginnings Registration_996fe8/p_Enjoy special values, free gifts, a dedic_e6dd85' are matched.

2022-04-18 23:29:24 - [MESSAGE][PASSED] - Actual text and expected text of test object 'Object Repository/Form Verification/Enspire Form/Page_Enspire Family Beginnings Registration_996fe8/p_Enjoy special values, free gifts, a dedic_e6dd85' are matched.

2022-04-18 23:29:24 - [TEST_STEP][PASSED] - verifyElementPresent(findTestObject("Object Repository/Form Verification/Enspire Form/Page_Enspire Family Beginnings Registration_996fe8/img_Enspire Family Beginnings Registration__662615"), 0): Object 'Object Repository/Form Verification/Enspire Form/Page_Enspire Family Beginnings Registration_996fe8/img_Enspire Family Beginnings Registration__662615' is present

2022-04-18 23:29:24 - [MESSAGE][WARNING] - Timeout '0' is invalid. Using default page load timeout: '5'

2022-04-18 23:29:24 - [MESSAGE][PASSED] - Object 'Object Repository/Form Verification/Enspire Form/Page_Enspire Family Beginnings Registration_996fe8/img_Enspire Family Beginnings Registration__662615' is present

2022-04-18 23:29:24 - [TEST_STEP][PASSED] - verifyElementPresent(findTestObject("Object Repository/Form Verification/Enspire Form/Page_Enspire Family Beginnings Registration_996fe8/p_PERSONALIZE YOUR EXPERIENCE"), 0): Object 'Object Repository/Form Verification/Enspire Form/Page_Enspire Family Beginnings Registration_996fe8/p_PERSONALIZE YOUR EXPERIENCE' is present

2022-04-18 23:29:24 - [MESSAGE][WARNING] - Timeout '0' is invalid. Using default page load timeout: '5'

2022-04-18 23:29:24 - [MESSAGE][PASSED] - Object 'Object Repository/Form Verification/Enspire Form/Page_Enspire Family Beginnings Registration_996fe8/p_PERSONALIZE YOUR EXPERIENCE' is present

2022-04-18 23:29:24 - [TEST_STEP][PASSED] - verifyElementText(findTestObject("Object Repository/Form Verification/Enspire Form/Page_Enspire Family Beginnings Registration_996fe8/p_PERSONALIZE YOUR EXPERIENCE"), "PERSONALIZE YOUR EXPERIENCE"): Actual text and expected text of test object 'Object Repository/Form Verification/Enspire Form/Page_Enspire Family Beginnings Registration_996fe8/p_PERSONALIZE YOUR EXPERIENCE' are matched.

2022-04-18 23:29:25 - [MESSAGE][PASSED] - Actual text and expected text of test object 'Object Repository/Form Verification/Enspire Form/Page_Enspire Family Beginnings Registration_996fe8/p_PERSONALIZE YOUR EXPERIENCE' are matched.

2022-04-18 23:29:25 - [TEST_STEP][PASSED] - verifyElementPresent(findTestObject("Object Repository/Form Verification/Enspire Form/Page_Enspire Family Beginnings Registration_996fe8/p_1. Tell us your name and email"), 0): Object 'Object Repository/Form Verification/Enspire Form/Page_Enspire Family Beginnings Registration_996fe8/p_1. Tell us your name and email' is present

2022-04-18 23:29:25 - [MESSAGE][WARNING] - Timeout '0' is invalid. Using default page load timeout: '5'

2022-04-18 23:29:25 - [MESSAGE][PASSED] - Object 'Object Repository/Form Verification/Enspire Form/Page_Enspire Family Beginnings Registration_996fe8/p_1. Tell us your name and email' is present

2022-04-18 23:29:25 - [TEST_STEP][PASSED] - verifyElementText(findTestObject("Object Repository/Form Verification/Enspire Form/Page_Enspire Family Beginnings Registration_996fe8/p_1. Tell us your name and email"), "1. Tell us your name and email."): Actual text and expected text of test object 'Object Repository/Form Verification/Enspire Form/Page_Enspire Family Beginnings Registration_996fe8/p_1. Tell us your name and email' are matched.

2022-04-18 23:29:26 - [MESSAGE][PASSED] - Actual text and expected text of test object 'Object Repository/Form Verification/Enspire Form/Page_Enspire Family Beginnings Registration_996fe8/p_1. Tell us your name and email' are matched.

2022-04-18 23:29:26 - [TEST_STEP][PASSED] - verifyElementPresent(findTestObject("Object Repository/Form Verification/Enspire Form/Page_Enspire Family Beginnings Registration_996fe8/input_First Name_bda32aa6-a964-46d2-b907-bb_101ad6"), 0): Object 'Object Repository/Form Verification/Enspire Form/Page_Enspire Family Beginnings Registration_996fe8/input_First Name_bda32aa6-a964-46d2-b907-bb_101ad6' is present

2022-04-18 23:29:26 - [MESSAGE][WARNING] - Timeout '0' is invalid. Using default page load timeout: '5'

2022-04-18 23:29:26 - [MESSAGE][PASSED] - Object 'Object Repository/Form Verification/Enspire Form/Page_Enspire Family Beginnings Registration_996fe8/input_First Name_bda32aa6-a964-46d2-b907-bb_101ad6' is present

2022-04-18 23:29:26 - [TEST_STEP][PASSED] - verifyElementClickable(findTestObject("Form Verification/Enspire Form/Page_Enspire Family Beginnings Registration_996fe8/input_First Name_bda32aa6-a964-46d2-b907-bb_101ad6")): Object 'Object Repository/Form Verification/Enspire Form/Page_Enspire Family Beginnings Registration_996fe8/input_First Name_bda32aa6-a964-46d2-b907-bb_101ad6' is clickable

2022-04-18 23:29:26 - [MESSAGE][PASSED] - Object 'Object Repository/Form Verification/Enspire Form/Page_Enspire Family Beginnings Registration_996fe8/input_First Name_bda32aa6-a964-46d2-b907-bb_101ad6' is clickable

2022-04-18 23:29:26 - [TEST_STEP][PASSED] - verifyElementPresent(findTestObject("Object Repository/Form Verification/Enspire Form/Page_Enspire Family Beginnings Registration_996fe8/input_Last Name_df44e44d-2cc6-4d1c-a220-d50_400c72"), 0): Object 'Object Repository/Form Verification/Enspire Form/Page_Enspire Family Beginnings Registration_996fe8/input_Last Name_df44e44d-2cc6-4d1c-a220-d50_400c72' is present

2022-04-18 23:29:27 - [MESSAGE][WARNING] - Timeout '0' is invalid. Using default page load timeout: '5'

2022-04-18 23:29:27 - [MESSAGE][PASSED] - Object 'Object Repository/Form Verification/Enspire Form/Page_Enspire Family Beginnings Registration_996fe8/input_Last Name_df44e44d-2cc6-4d1c-a220-d50_400c72' is present

2022-04-18 23:29:27 - [TEST_STEP][PASSED] - verifyElementClickable(findTestObject("Form Verification/Enspire Form/Page_Enspire Family Beginnings Registration_996fe8/input_Last Name_df44e44d-2cc6-4d1c-a220-d50_400c72")): Object 'Object Repository/Form Verification/Enspire Form/Page_Enspire Family Beginnings Registration_996fe8/input_Last Name_df44e44d-2cc6-4d1c-a220-d50_400c72' is clickable

2022-04-18 23:29:27 - [MESSAGE][PASSED] - Object 'Object Repository/Form Verification/Enspire Form/Page_Enspire Family Beginnings Registration_996fe8/input_Last Name_df44e44d-2cc6-4d1c-a220-d50_400c72' is clickable

2022-04-18 23:29:27 - [TEST_STEP][PASSED] - verifyElementPresent(findTestObject("Object Repository/Form Verification/Enspire Form/Page_Enspire Family Beginnings Registration_996fe8/input_Email_9e95da2d-15d0-44dd-9b32-eec35c51690d"), 0): Object 'Object Repository/Form Verification/Enspire Form/Page_Enspire Family Beginnings Registration_996fe8/input_Email_9e95da2d-15d0-44dd-9b32-eec35c51690d' is present

2022-04-18 23:29:27 - [MESSAGE][WARNING] - Timeout '0' is invalid. Using default page load timeout: '5'

2022-04-18 23:29:28 - [MESSAGE][PASSED] - Object 'Object Repository/Form Verification/Enspire Form/Page_Enspire Family Beginnings Registration_996fe8/input_Email_9e95da2d-15d0-44dd-9b32-eec35c51690d' is present

2022-04-18 23:29:28 - [TEST_STEP][PASSED] - verifyElementClickable(findTestObject("Form Verification/Enspire Form/Page_Enspire Family Beginnings Registration_996fe8/input_Email_9e95da2d-15d0-44dd-9b32-eec35c51690d")): Object 'Object Repository/Form Verification/Enspire Form/Page_Enspire Family Beginnings Registration_996fe8/input_Email_9e95da2d-15d0-44dd-9b32-eec35c51690d' is clickable

2022-04-18 23:29:28 - [MESSAGE][PASSED] - Object 'Object Repository/Form Verification/Enspire Form/Page_Enspire Family Beginnings Registration_996fe8/input_Email_9e95da2d-15d0-44dd-9b32-eec35c51690d' is clickable

2022-04-18 23:29:28 - [TEST_STEP][PASSED] - verifyElementPresent(findTestObject("Object Repository/Form Verification/Enspire Form/Page_Enspire Family Beginnings Registration_996fe8/p_2. Enter your address"), 0): Object 'Object Repository/Form Verification/Enspire Form/Page_Enspire Family Beginnings Registration_996fe8/p_2. Enter your address' is present

2022-04-18 23:29:28 - [MESSAGE][WARNING] - Timeout '0' is invalid. Using default page load timeout: '5'

2022-04-18 23:29:29 - [MESSAGE][PASSED] - Object 'Object Repository/Form Verification/Enspire Form/Page_Enspire Family Beginnings Registration_996fe8/p_2. Enter your address' is present

2022-04-18 23:29:29 - [TEST_STEP][PASSED] - verifyElementClickable(findTestObject("Object Repository/Form Verification/Enspire Form/Page_Enspire Family Beginnings Registration_996fe8/p_2. Enter your address"), OPTIONAL): Object 'Object Repository/Form Verification/Enspire Form/Page_Enspire Family Beginnings Registration_996fe8/p_2. Enter your address' is clickable

2022-04-18 23:29:29 - [MESSAGE][PASSED] - Object 'Object Repository/Form Verification/Enspire Form/Page_Enspire Family Beginnings Registration_996fe8/p_2. Enter your address' is clickable

2022-04-18 23:29:29 - [TEST_STEP][PASSED] - verifyElementPresent(findTestObject("Object Repository/Form Verification/Enspire Form/Page_Enspire Family Beginnings Registration_996fe8/div_You may receive some gifts closer to yo_321671"), 0): Object 'Object Repository/Form Verification/Enspire Form/Page_Enspire Family Beginnings Registration_996fe8/div_You may receive some gifts closer to yo_321671' is present

2022-04-18 23:29:29 - [MESSAGE][WARNING] - Timeout '0' is invalid. Using default page load timeout: '5'

2022-04-18 23:29:29 - [MESSAGE][PASSED] - Object 'Object Repository/Form Verification/Enspire Form/Page_Enspire Family Beginnings Registration_996fe8/div_You may receive some gifts closer to yo_321671' is present

2022-04-18 23:29:29 - [TEST_STEP][PASSED] - verifyElementText(findTestObject("Object Repository/Form Verification/Enspire Form/Page_Enspire Family Beginnings Registration_996fe8/div_You may receive some gifts closer to yo_321671"), "You may receive some gifts closer to your babyâ€™s due date."): Actual text and expected text of test object 'Object Repository/Form Verification/Enspire Form/Page_Enspire Family Beginnings Registration_996fe8/div_You may receive some gifts closer to yo_321671' are matched.

2022-04-18 23:29:30 - [MESSAGE][PASSED] - Actual text and expected text of test object 'Object Repository/Form Verification/Enspire Form/Page_Enspire Family Beginnings Registration_996fe8/div_You may receive some gifts closer to yo_321671' are matched.

2022-04-18 23:29:30 - [TEST_STEP][PASSED] - verifyElementPresent(findTestObject("Object Repository/Form Verification/Enspire Form/Page_Enspire Family Beginnings Registration_996fe8/input_Street address_d6339477-e514-4e65-ba1_5e745a"), 0): Object 'Object Repository/Form Verification/Enspire Form/Page_Enspire Family Beginnings Registration_996fe8/input_Street address_d6339477-e514-4e65-ba1_5e745a' is present

2022-04-18 23:29:30 - [MESSAGE][WARNING] - Timeout '0' is invalid. Using default page load timeout: '5'

2022-04-18 23:29:30 - [MESSAGE][PASSED] - Object 'Object Repository/Form Verification/Enspire Form/Page_Enspire Family Beginnings Registration_996fe8/input_Street address_d6339477-e514-4e65-ba1_5e745a' is present

2022-04-18 23:29:30 - [TEST_STEP][PASSED] - verifyElementClickable(findTestObject("Form Verification/Enspire Form/Page_Enspire Family Beginnings Registration_996fe8/input_Street address_d6339477-e514-4e65-ba1_5e745a")): Object 'Object Repository/Form Verification/Enspire Form/Page_Enspire Family Beginnings Registration_996fe8/input_Street address_d6339477-e514-4e65-ba1_5e745a' is clickable

2022-04-18 23:29:30 - [MESSAGE][PASSED] - Object 'Object Repository/Form Verification/Enspire Form/Page_Enspire Family Beginnings Registration_996fe8/input_Street address_d6339477-e514-4e65-ba1_5e745a' is clickable

2022-04-18 23:29:30 - [TEST_STEP][PASSED] - verifyElementPresent(findTestObject("Object Repository/Form Verification/Enspire Form/Page_Enspire Family Beginnings Registration_996fe8/input_UnitSuiteApt (optional)_c8d5824c-02e8_6cff11"), 0): Object 'Object Repository/Form Verification/Enspire Form/Page_Enspire Family Beginnings Registration_996fe8/input_UnitSuiteApt (optional)_c8d5824c-02e8_6cff11' is present

2022-04-18 23:29:31 - [MESSAGE][WARNING] - Timeout '0' is invalid. Using default page load timeout: '5'

2022-04-18 23:29:31 - [MESSAGE][PASSED] - Object 'Object Repository/Form Verification/Enspire Form/Page_Enspire Family Beginnings Registration_996fe8/input_UnitSuiteApt (optional)_c8d5824c-02e8_6cff11' is present

2022-04-18 23:29:31 - [TEST_STEP][PASSED] - verifyElementClickable(findTestObject("Form Verification/Enspire Form/Page_Enspire Family Beginnings Registration_996fe8/input_UnitSuiteApt (optional)_c8d5824c-02e8_6cff11")): Object 'Object Repository/Form Verification/Enspire Form/Page_Enspire Family Beginnings Registration_996fe8/input_UnitSuiteApt (optional)_c8d5824c-02e8_6cff11' is clickable

2022-04-18 23:29:31 - [MESSAGE][PASSED] - Object 'Object Repository/Form Verification/Enspire Form/Page_Enspire Family Beginnings Registration_996fe8/input_UnitSuiteApt (optional)_c8d5824c-02e8_6cff11' is clickable

2022-04-18 23:29:31 - [TEST_STEP][PASSED] - verifyElementPresent(findTestObject("Object Repository/Form Verification/Enspire Form/Page_Enspire Family Beginnings Registration_996fe8/input_City_18fdd373-a4ad-4c45-b8a2-d0a8b43ea8ae"), 0): Object 'Object Repository/Form Verification/Enspire Form/Page_Enspire Family Beginnings Registration_996fe8/input_City_18fdd373-a4ad-4c45-b8a2-d0a8b43ea8ae' is present

2022-04-18 23:29:31 - [MESSAGE][WARNING] - Timeout '0' is invalid. Using default page load timeout: '5'

2022-04-18 23:29:32 - [MESSAGE][PASSED] - Object 'Object Repository/Form Verification/Enspire Form/Page_Enspire Family Beginnings Registration_996fe8/input_City_18fdd373-a4ad-4c45-b8a2-d0a8b43ea8ae' is present

2022-04-18 23:29:32 - [TEST_STEP][PASSED] - verifyElementClickable(findTestObject("Form Verification/Enspire Form/Page_Enspire Family Beginnings Registration_996fe8/input_City_18fdd373-a4ad-4c45-b8a2-d0a8b43ea8ae")): Object 'Object Repository/Form Verification/Enspire Form/Page_Enspire Family Beginnings Registration_996fe8/input_City_18fdd373-a4ad-4c45-b8a2-d0a8b43ea8ae' is clickable

2022-04-18 23:29:32 - [MESSAGE][PASSED] - Object 'Object Repository/Form Verification/Enspire Form/Page_Enspire Family Beginnings Registration_996fe8/input_City_18fdd373-a4ad-4c45-b8a2-d0a8b43ea8ae' is clickable

2022-04-18 23:29:32 - [TEST_STEP][PASSED] - verifyElementPresent(findTestObject("Object Repository/Form Verification/Enspire Form/Page_Enspire Family Beginnings Registration_996fe8/div_State"), 0): Object 'Object Repository/Form Verification/Enspire Form/Page_Enspire Family Beginnings Registration_996fe8/div_State' is present

2022-04-18 23:29:32 - [MESSAGE][WARNING] - Timeout '0' is invalid. Using default page load timeout: '5'

2022-04-18 23:29:33 - [MESSAGE][PASSED] - Object 'Object Repository/Form Verification/Enspire Form/Page_Enspire Family Beginnings Registration_996fe8/div_State' is present

2022-04-18 23:29:33 - [TEST_STEP][PASSED] - verifyElementText(findTestObject("Form Verification/Enspire Form/Page_Enspire Family Beginnings Registration_996fe8/div_State"), "State"): Actual text and expected text of test object 'Object Repository/Form Verification/Enspire Form/Page_Enspire Family Beginnings Registration_996fe8/div_State' are matched.

2022-04-18 23:29:33 - [MESSAGE][PASSED] - Actual text and expected text of test object 'Object Repository/Form Verification/Enspire Form/Page_Enspire Family Beginnings Registration_996fe8/div_State' are matched.

2022-04-18 23:29:33 - [TEST_STEP][PASSED] - verifyElementPresent(findTestObject("Object Repository/Form Verification/Enspire Form/Page_Enspire Family Beginnings Registration_996fe8/input_Zip code_b3d77e6e-ceea-4dff-908a-1f2d_4ec643"), 0): Object 'Object Repository/Form Verification/Enspire Form/Page_Enspire Family Beginnings Registration_996fe8/input_Zip code_b3d77e6e-ceea-4dff-908a-1f2d_4ec643' is present

2022-04-18 23:29:33 - [MESSAGE][WARNING] - Timeout '0' is invalid. Using default page load timeout: '5'

2022-04-18 23:29:33 - [MESSAGE][PASSED] - Object 'Object Repository/Form Verification/Enspire Form/Page_Enspire Family Beginnings Registration_996fe8/input_Zip code_b3d77e6e-ceea-4dff-908a-1f2d_4ec643' is present

2022-04-18 23:29:33 - [TEST_STEP][PASSED] - verifyElementClickable(findTestObject("Form Verification/Enspire Form/Page_Enspire Family Beginnings Registration_996fe8/input_Zip code_b3d77e6e-ceea-4dff-908a-1f2d_4ec643")): Object 'Object Repository/Form Verification/Enspire Form/Page_Enspire Family Beginnings Registration_996fe8/input_Zip code_b3d77e6e-ceea-4dff-908a-1f2d_4ec643' is clickable

2022-04-18 23:29:34 - [MESSAGE][PASSED] - Object 'Object Repository/Form Verification/Enspire Form/Page_Enspire Family Beginnings Registration_996fe8/input_Zip code_b3d77e6e-ceea-4dff-908a-1f2d_4ec643' is clickable

2022-04-18 23:29:34 - [TEST_STEP][PASSED] - verifyElementPresent(findTestObject("Object Repository/Form Verification/Enspire Form/Page_Enspire Family Beginnings Registration_996fe8/p_3. Set password"), 0): Object 'Object Repository/Form Verification/Enspire Form/Page_Enspire Family Beginnings Registration_996fe8/p_3. Set password' is present

2022-04-18 23:29:34 - [MESSAGE][WARNING] - Timeout '0' is invalid. Using default page load timeout: '5'

2022-04-18 23:29:34 - [MESSAGE][PASSED] - Object 'Object Repository/Form Verification/Enspire Form/Page_Enspire Family Beginnings Registration_996fe8/p_3. Set password' is present

2022-04-18 23:29:34 - [TEST_STEP][PASSED] - verifyElementText(findTestObject("Form Verification/Enspire Form/Page_Enspire Family Beginnings Registration_996fe8/p_3. Set password"), "3. Set password."): Actual text and expected text of test object 'Object Repository/Form Verification/Enspire Form/Page_Enspire Family Beginnings Registration_996fe8/p_3. Set password' are matched.

2022-04-18 23:29:35 - [MESSAGE][PASSED] - Actual text and expected text of test object 'Object Repository/Form Verification/Enspire Form/Page_Enspire Family Beginnings Registration_996fe8/p_3. Set password' are matched.

2022-04-18 23:29:35 - [TEST_STEP][PASSED] - verifyElementPresent(findTestObject("Object Repository/Form Verification/Enspire Form/Page_Enspire Family Beginnings Registration_996fe8/input_Password_7dd74fb4-6489-42c8-8964-2cc2_e023cd"), 0): Object 'Object Repository/Form Verification/Enspire Form/Page_Enspire Family Beginnings Registration_996fe8/input_Password_7dd74fb4-6489-42c8-8964-2cc2_e023cd' is present

2022-04-18 23:29:35 - [MESSAGE][WARNING] - Timeout '0' is invalid. Using default page load timeout: '5'

2022-04-18 23:29:35 - [MESSAGE][PASSED] - Object 'Object Repository/Form Verification/Enspire Form/Page_Enspire Family Beginnings Registration_996fe8/input_Password_7dd74fb4-6489-42c8-8964-2cc2_e023cd' is present

2022-04-18 23:29:35 - [TEST_STEP][PASSED] - verifyElementClickable(findTestObject("Form Verification/Enspire Form/Page_Enspire Family Beginnings Registration_996fe8/input_Password_7dd74fb4-6489-42c8-8964-2cc2_e023cd")): Object 'Object Repository/Form Verification/Enspire Form/Page_Enspire Family Beginnings Registration_996fe8/input_Password_7dd74fb4-6489-42c8-8964-2cc2_e023cd' is clickable

2022-04-18 23:29:36 - [MESSAGE][PASSED] - Object 'Object Repository/Form Verification/Enspire Form/Page_Enspire Family Beginnings Registration_996fe8/input_Password_7dd74fb4-6489-42c8-8964-2cc2_e023cd' is clickable

2022-04-18 23:29:36 - [TEST_STEP][PASSED] - verifyElementPresent(findTestObject("Object Repository/Form Verification/Enspire Form/Page_Enspire Family Beginnings Registration_996fe8/button_Hide"), 0): Object 'Object Repository/Form Verification/Enspire Form/Page_Enspire Family Beginnings Registration_996fe8/button_Hide' is present

2022-04-18 23:29:36 - [MESSAGE][WARNING] - Timeout '0' is invalid. Using default page load timeout: '5'

2022-04-18 23:29:36 - [MESSAGE][PASSED] - Object 'Object Repository/Form Verification/Enspire Form/Page_Enspire Family Beginnings Registration_996fe8/button_Hide' is present

2022-04-18 23:29:36 - [TEST_STEP][PASSED] - verifyElementClickable(findTestObject("Object Repository/Form Verification/Enspire Form/Page_Enspire Family Beginnings Registration_996fe8/button_Hide")): Object 'Object Repository/Form Verification/Enspire Form/Page_Enspire Family Beginnings Registration_996fe8/button_Hide' is clickable

2022-04-18 23:29:36 - [MESSAGE][PASSED] - Object 'Object Repository/Form Verification/Enspire Form/Page_Enspire Family Beginnings Registration_996fe8/button_Hide' is clickable

2022-04-18 23:29:36 - [TEST_STEP][PASSED] - verifyElementPresent(findTestObject("Object Repository/Form Verification/Enspire Form/Page_Enspire Family Beginnings Registration_996fe8/div_Password must containAt least 8 charact_619724"), 0): Object 'Object Repository/Form Verification/Enspire Form/Page_Enspire Family Beginnings Registration_996fe8/div_Password must containAt least 8 charact_619724' is present

2022-04-18 23:29:36 - [MESSAGE][WARNING] - Timeout '0' is invalid. Using default page load timeout: '5'

2022-04-18 23:29:37 - [MESSAGE][PASSED] - Object 'Object Repository/Form Verification/Enspire Form/Page_Enspire Family Beginnings Registration_996fe8/div_Password must containAt least 8 charact_619724' is present

2022-04-18 23:29:37 - [TEST_STEP][PASSED] - verifyElementText(findTestObject("Object Repository/Form Verification/Enspire Form/Page_Enspire Family Beginnings Registration_996fe8/div_Password must containAt least 8 charact_619724"), "Password must contain:
At least 8 characters
A lowercase letter
An uppercase letter
A number
A special character
Must not be your email address"): Actual text and expected text of test object 'Object Repository/Form Verification/Enspire Form/Page_Enspire Family Beginnings Registration_996fe8/div_Password must containAt least 8 charact_619724' are matched.

2022-04-18 23:29:37 - [MESSAGE][PASSED] - Actual text and expected text of test object 'Object Repository/Form Verification/Enspire Form/Page_Enspire Family Beginnings Registration_996fe8/div_Password must containAt least 8 charact_619724' are matched.

2022-04-18 23:29:37 - [TEST_STEP][PASSED] - verifyElementText(findTestObject("Object Repository/Form Verification/Enspire Form/Page_Enspire Family Beginnings Registration_996fe8/span_Password must contain"), "Password must contain:"): Actual text and expected text of test object 'Object Repository/Form Verification/Enspire Form/Page_Enspire Family Beginnings Registration_996fe8/span_Password must contain' are matched.

2022-04-18 23:29:38 - [MESSAGE][PASSED] - Actual text and expected text of test object 'Object Repository/Form Verification/Enspire Form/Page_Enspire Family Beginnings Registration_996fe8/span_Password must contain' are matched.

2022-04-18 23:29:38 - [TEST_STEP][PASSED] - verifyElementText(findTestObject("Object Repository/Form Verification/Enspire Form/Page_Enspire Family Beginnings Registration_996fe8/span_At least 8 characters"), "At least 8 characters"): Actual text and expected text of test object 'Object Repository/Form Verification/Enspire Form/Page_Enspire Family Beginnings Registration_996fe8/span_At least 8 characters' are matched.

2022-04-18 23:29:38 - [MESSAGE][PASSED] - Actual text and expected text of test object 'Object Repository/Form Verification/Enspire Form/Page_Enspire Family Beginnings Registration_996fe8/span_At least 8 characters' are matched.

2022-04-18 23:29:38 - [TEST_STEP][PASSED] - verifyElementText(findTestObject("Object Repository/Form Verification/Enspire Form/Page_Enspire Family Beginnings Registration_996fe8/li_A lowercase letter"), "A lowercase letter"): Actual text and expected text of test object 'Object Repository/Form Verification/Enspire Form/Page_Enspire Family Beginnings Registration_996fe8/li_A lowercase letter' are matched.

2022-04-18 23:29:38 - [MESSAGE][PASSED] - Actual text and expected text of test object 'Object Repository/Form Verification/Enspire Form/Page_Enspire Family Beginnings Registration_996fe8/li_A lowercase letter' are matched.

2022-04-18 23:29:38 - [TEST_STEP][PASSED] - verifyElementText(findTestObject("Object Repository/Form Verification/Enspire Form/Page_Enspire Family Beginnings Registration_996fe8/span_An uppercase letter"), "An uppercase letter"): Actual text and expected text of test object 'Object Repository/Form Verification/Enspire Form/Page_Enspire Family Beginnings Registration_996fe8/span_An uppercase letter' are matched.

2022-04-18 23:29:39 - [MESSAGE][PASSED] - Actual text and expected text of test object 'Object Repository/Form Verification/Enspire Form/Page_Enspire Family Beginnings Registration_996fe8/span_An uppercase letter' are matched.

2022-04-18 23:29:39 - [TEST_STEP][PASSED] - verifyElementText(findTestObject("Object Repository/Form Verification/Enspire Form/Page_Enspire Family Beginnings Registration_996fe8/span_A number"), "A number"): Actual text and expected text of test object 'Object Repository/Form Verification/Enspire Form/Page_Enspire Family Beginnings Registration_996fe8/span_A number' are matched.

2022-04-18 23:29:39 - [MESSAGE][PASSED] - Actual text and expected text of test object 'Object Repository/Form Verification/Enspire Form/Page_Enspire Family Beginnings Registration_996fe8/span_A number' are matched.

2022-04-18 23:29:39 - [TEST_STEP][PASSED] - verifyElementText(findTestObject("Object Repository/Form Verification/Enspire Form/Page_Enspire Family Beginnings Registration_996fe8/span_A special character"), "A special character"): Actual text and expected text of test object 'Object Repository/Form Verification/Enspire Form/Page_Enspire Family Beginnings Registration_996fe8/span_A special character' are matched.

2022-04-18 23:29:40 - [MESSAGE][PASSED] - Actual text and expected text of test object 'Object Repository/Form Verification/Enspire Form/Page_Enspire Family Beginnings Registration_996fe8/span_A special character' are matched.

2022-04-18 23:29:40 - [TEST_STEP][PASSED] - verifyElementText(findTestObject("Object Repository/Form Verification/Enspire Form/Page_Enspire Family Beginnings Registration_996fe8/span_Must not be your email address"), "Must not be your email address"): Actual text and expected text of test object 'Object Repository/Form Verification/Enspire Form/Page_Enspire Family Beginnings Registration_996fe8/span_Must not be your email address' are matched.

2022-04-18 23:29:40 - [MESSAGE][PASSED] - Actual text and expected text of test object 'Object Repository/Form Verification/Enspire Form/Page_Enspire Family Beginnings Registration_996fe8/span_Must not be your email address' are matched.

2022-04-18 23:29:40 - [TEST_STEP][PASSED] - verifyElementPresent(findTestObject("Object Repository/Form Verification/Enspire Form/Page_Enspire Family Beginnings Registration_996fe8/p_4. Stay up to date with Enspire Family Be_293c8a"), 0): Object 'Object Repository/Form Verification/Enspire Form/Page_Enspire Family Beginnings Registration_996fe8/p_4. Stay up to date with Enspire Family Be_293c8a' is present

2022-04-18 23:29:40 - [MESSAGE][WARNING] - Timeout '0' is invalid. Using default page load timeout: '5'

2022-04-18 23:29:41 - [MESSAGE][PASSED] - Object 'Object Repository/Form Verification/Enspire Form/Page_Enspire Family Beginnings Registration_996fe8/p_4. Stay up to date with Enspire Family Be_293c8a' is present

2022-04-18 23:29:41 - [TEST_STEP][PASSED] - verifyElementText(findTestObject("Object Repository/Form Verification/Enspire Form/Page_Enspire Family Beginnings Registration_996fe8/p_4. Stay up to date with Enspire Family Be_293c8a"), "4. Stay up to date with Enspire Family Beginnings."): Actual text and expected text of test object 'Object Repository/Form Verification/Enspire Form/Page_Enspire Family Beginnings Registration_996fe8/p_4. Stay up to date with Enspire Family Be_293c8a' are matched.

2022-04-18 23:29:41 - [MESSAGE][PASSED] - Actual text and expected text of test object 'Object Repository/Form Verification/Enspire Form/Page_Enspire Family Beginnings Registration_996fe8/p_4. Stay up to date with Enspire Family Be_293c8a' are matched.

2022-04-18 23:29:41 - [TEST_STEP][PASSED] - verifyElementPresent(findTestObject("Object Repository/Form Verification/Enspire Form/Page_Enspire Family Beginnings Registration_996fe8/div_You will receive the latest product and_c60db3"), 0): Object 'Object Repository/Form Verification/Enspire Form/Page_Enspire Family Beginnings Registration_996fe8/div_You will receive the latest product and_c60db3' is present

2022-04-18 23:29:41 - [MESSAGE][WARNING] - Timeout '0' is invalid. Using default page load timeout: '5'

2022-04-18 23:29:41 - [MESSAGE][PASSED] - Object 'Object Repository/Form Verification/Enspire Form/Page_Enspire Family Beginnings Registration_996fe8/div_You will receive the latest product and_c60db3' is present

2022-04-18 23:29:41 - [TEST_STEP][PASSED] - verifyElementText(findTestObject("Object Repository/Form Verification/Enspire Form/Page_Enspire Family Beginnings Registration_996fe8/div_You will receive the latest product and_c60db3"), "You will receive the latest product and discount information."): Actual text and expected text of test object 'Object Repository/Form Verification/Enspire Form/Page_Enspire Family Beginnings Registration_996fe8/div_You will receive the latest product and_c60db3' are matched.

2022-04-18 23:29:42 - [MESSAGE][PASSED] - Actual text and expected text of test object 'Object Repository/Form Verification/Enspire Form/Page_Enspire Family Beginnings Registration_996fe8/div_You will receive the latest product and_c60db3' are matched.

2022-04-18 23:29:42 - [TEST_STEP][PASSED] - verifyElementPresent(findTestObject("Object Repository/Form Verification/Enspire Form/Page_Enspire Family Beginnings Registration_996fe8/input_Mobile phone (optional)_eaf6a18d-7532_9ddcd5"), 0): Object 'Object Repository/Form Verification/Enspire Form/Page_Enspire Family Beginnings Registration_996fe8/input_Mobile phone (optional)_eaf6a18d-7532_9ddcd5' is present

2022-04-18 23:29:42 - [MESSAGE][WARNING] - Timeout '0' is invalid. Using default page load timeout: '5'

2022-04-18 23:29:42 - [MESSAGE][PASSED] - Object 'Object Repository/Form Verification/Enspire Form/Page_Enspire Family Beginnings Registration_996fe8/input_Mobile phone (optional)_eaf6a18d-7532_9ddcd5' is present

2022-04-18 23:29:42 - [TEST_STEP][PASSED] - verifyElementClickable(findTestObject("Object Repository/Form Verification/Enspire Form/Page_Enspire Family Beginnings Registration_996fe8/input_Mobile phone (optional)_eaf6a18d-7532_9ddcd5_1")): Object 'Object Repository/Form Verification/Enspire Form/Page_Enspire Family Beginnings Registration_996fe8/input_Mobile phone (optional)_eaf6a18d-7532_9ddcd5_1' is clickable

2022-04-18 23:29:43 - [MESSAGE][PASSED] - Object 'Object Repository/Form Verification/Enspire Form/Page_Enspire Family Beginnings Registration_996fe8/input_Mobile phone (optional)_eaf6a18d-7532_9ddcd5_1' is clickable

2022-04-18 23:29:43 - [TEST_STEP][FAILED] - verifyElementPresent(findTestObject("Object Repository/Form Verification/Enspire Form/Page_Enspire Family Beginnings Registration_996fe8/label_Consent to Receive Certain Text Messa_5ce4cc"), 0): com.kms.katalon.core.webui.exception.WebElementNotFoundException: Web element with id: 'Object Repository/Form Verification/Enspire Form/Page_Enspire Family Beginnings Registration_996fe8/label_Consent to Receive Certain Text Messa_5ce4cc' located by '//div[@id='__next']/div/div/main/article/section[2]/div/div[2]/div/div/div/form/section/div/div[9]/div/div[2]/label' not found (Root cause: com.kms.katalon.core.exception.StepFailedException: com.kms.katalon.core.webui.exception.WebElementNotFoundException: Web element with id: 'Object Repository/Form Verification/Enspire Form/Page_Enspire Family Beginnings Registration_996fe8/label_Consent to Receive Certain Text Messa_5ce4cc' located by '//div[@id='__next']/div/div/main/article/section[2]/div/div[2]/div/div/div/form/section/div/div[9]/div/div[2]/label' not found
	at com.kms.katalon.core.webui.keyword.internal.WebUIKeywordMain.stepFailed(WebUIKeywordMain.groovy:64)
	at com.kms.katalon.core.webui.keyword.builtin.VerifyElementPresentKeyword$_verifyElementPresent_closure1.doCall(VerifyElementPresentKeyword.groovy:85)
	at com.kms.katalon.core.webui.keyword.builtin.VerifyElementPresentKeyword$_verifyElementPresent_closure1.call(VerifyElementPresentKeyword.groovy)
	at com.kms.katalon.core.webui.keyword.internal.WebUIKeywordMain.runKeyword(WebUIKeywordMain.groovy:20)
	at com.kms.katalon.core.webui.keyword.builtin.VerifyElementPresentKeyword.verifyElementPresent(VerifyElementPresentKeyword.groovy:92)
	at com.kms.katalon.core.webui.keyword.builtin.VerifyElementPresentKeyword.execute(VerifyElementPresentKeyword.groovy:68)
	at com.kms.katalon.core.keyword.internal.KeywordExecutor.executeKeywordForPlatform(KeywordExecutor.groovy:74)
	at com.kms.katalon.core.webui.keyword.WebUiBuiltInKeywords.verifyElementPresent(WebUiBuiltInKeywords.groovy:1464)
	at com.kms.katalon.core.webui.keyword.WebUiBuiltInKeywords$verifyElementPresent$4.call(Unknown Source)
	at Enspire - Form Verification - UAT.run(Enspire - Form Verification - UAT:176)
	at com.kms.katalon.core.main.ScriptEngine.run(ScriptEngine.java:194)
	at com.kms.katalon.core.main.ScriptEngine.runScriptAsRawText(ScriptEngine.java:119)
	at com.kms.katalon.core.main.TestCaseExecutor.runScript(TestCaseExecutor.java:445)
	at com.kms.katalon.core.main.TestCaseExecutor.doExecute(TestCaseExecutor.java:436)
	at com.kms.katalon.core.main.TestCaseExecutor.processExecutionPhase(TestCaseExecutor.java:415)
	at com.kms.katalon.core.main.TestCaseExecutor.accessMainPhase(TestCaseExecutor.java:407)
	at com.kms.katalon.core.main.TestCaseExecutor.execute(TestCaseExecutor.java:284)
	at com.kms.katalon.core.common.CommonExecutor.accessTestCaseMainPhase(CommonExecutor.java:65)
	at com.kms.katalon.core.main.TestSuiteExecutor.accessTestSuiteMainPhase(TestSuiteExecutor.java:144)
	at com.kms.katalon.core.main.TestSuiteExecutor.execute(TestSuiteExecutor.java:106)
	at com.kms.katalon.core.main.TestCaseMain.startTestSuite(TestCaseMain.java:185)
	at com.kms.katalon.core.main.TestCaseMain$startTestSuite$0.call(Unknown Source)
	at TempTestSuite1650304259606.run(TempTestSuite1650304259606.groovy:36)
)

2022-04-18 23:29:43 - [MESSAGE][WARNING] - Timeout '0' is invalid. Using default page load timeout: '5'

2022-04-18 23:29:49 - [MESSAGE][INFO] - Unable to find the element located by 'By.xpath: //div[@id='__next']/div/div/main/article/section[2]/div/div[2]/div/div/div/form/section/div/div[9]/div/div[2]/label'. Please recheck the objects properties to make sure the desired element is located. 

2022-04-18 23:29:49 - [MESSAGE][FAILED] - com.kms.katalon.core.webui.exception.WebElementNotFoundException: Web element with id: 'Object Repository/Form Verification/Enspire Form/Page_Enspire Family Beginnings Registration_996fe8/label_Consent to Receive Certain Text Messa_5ce4cc' located by '//div[@id='__next']/div/div/main/article/section[2]/div/div[2]/div/div/div/form/section/div/div[9]/div/div[2]/label' not found (Root cause: com.kms.katalon.core.exception.StepFailedException: com.kms.katalon.core.webui.exception.WebElementNotFoundException: Web element with id: 'Object Repository/Form Verification/Enspire Form/Page_Enspire Family Beginnings Registration_996fe8/label_Consent to Receive Certain Text Messa_5ce4cc' located by '//div[@id='__next']/div/div/main/article/section[2]/div/div[2]/div/div/div/form/section/div/div[9]/div/div[2]/label' not found
	at com.kms.katalon.core.webui.keyword.internal.WebUIKeywordMain.stepFailed(WebUIKeywordMain.groovy:64)
	at com.kms.katalon.core.webui.keyword.builtin.VerifyElementPresentKeyword$_verifyElementPresent_closure1.doCall(VerifyElementPresentKeyword.groovy:85)
	at com.kms.katalon.core.webui.keyword.builtin.VerifyElementPresentKeyword$_verifyElementPresent_closure1.call(VerifyElementPresentKeyword.groovy)
	at com.kms.katalon.core.webui.keyword.internal.WebUIKeywordMain.runKeyword(WebUIKeywordMain.groovy:20)
	at com.kms.katalon.core.webui.keyword.builtin.VerifyElementPresentKeyword.verifyElementPresent(VerifyElementPresentKeyword.groovy:92)
	at com.kms.katalon.core.webui.keyword.builtin.VerifyElementPresentKeyword.execute(VerifyElementPresentKeyword.groovy:68)
	at com.kms.katalon.core.keyword.internal.KeywordExecutor.executeKeywordForPlatform(KeywordExecutor.groovy:74)
	at com.kms.katalon.core.webui.keyword.WebUiBuiltInKeywords.verifyElementPresent(WebUiBuiltInKeywords.groovy:1464)
	at com.kms.katalon.core.webui.keyword.WebUiBuiltInKeywords$verifyElementPresent$4.call(Unknown Source)
	at Enspire - Form Verification - UAT.run(Enspire - Form Verification - UAT:176)
	at com.kms.katalon.core.main.ScriptEngine.run(ScriptEngine.java:194)
	at com.kms.katalon.core.main.ScriptEngine.runScriptAsRawText(ScriptEngine.java:119)
	at com.kms.katalon.core.main.TestCaseExecutor.runScript(TestCaseExecutor.java:445)
	at com.kms.katalon.core.main.TestCaseExecutor.doExecute(TestCaseExecutor.java:436)
	at com.kms.katalon.core.main.TestCaseExecutor.processExecutionPhase(TestCaseExecutor.java:415)
	at com.kms.katalon.core.main.TestCaseExecutor.accessMainPhase(TestCaseExecutor.java:407)
	at com.kms.katalon.core.main.TestCaseExecutor.execute(TestCaseExecutor.java:284)
	at com.kms.katalon.core.common.CommonExecutor.accessTestCaseMainPhase(CommonExecutor.java:65)
	at com.kms.katalon.core.main.TestSuiteExecutor.accessTestSuiteMainPhase(TestSuiteExecutor.java:144)
	at com.kms.katalon.core.main.TestSuiteExecutor.execute(TestSuiteExecutor.java:106)
	at com.kms.katalon.core.main.TestCaseMain.startTestSuite(TestCaseMain.java:185)
	at com.kms.katalon.core.main.TestCaseMain$startTestSuite$0.call(Unknown Source)
	at TempTestSuite1650304259606.run(TempTestSuite1650304259606.groovy:36)
)
[[ATTACHMENT|D:\\SmoketestSuite\\enfamilUS\\Reports\\20220418_232059\\SmokeTestCollection - Venkat\\SmokeTestSuite-Collection - UAT\\20220418_232059\\1650304789452.png]]

2022-04-18 23:29:49 - [TEST_STEP][FAILED] - verifyElementPresent(findTestObject("Object Repository/Form Verification/Enspire Form/Page_Enspire Family Beginnings Registration_996fe8/span_Consent to Receive Certain Text Messag_3845ec"), 0): com.kms.katalon.core.webui.exception.WebElementNotFoundException: Web element with id: 'Object Repository/Form Verification/Enspire Form/Page_Enspire Family Beginnings Registration_996fe8/span_Consent to Receive Certain Text Messag_3845ec' located by '//div[@id='__next']/div/div/main/article/section[2]/div/div[2]/div/div/div/form/section/div/div[9]/div/div[2]/label/div/div/div/p/span' not found (Root cause: com.kms.katalon.core.exception.StepFailedException: com.kms.katalon.core.webui.exception.WebElementNotFoundException: Web element with id: 'Object Repository/Form Verification/Enspire Form/Page_Enspire Family Beginnings Registration_996fe8/span_Consent to Receive Certain Text Messag_3845ec' located by '//div[@id='__next']/div/div/main/article/section[2]/div/div[2]/div/div/div/form/section/div/div[9]/div/div[2]/label/div/div/div/p/span' not found
	at com.kms.katalon.core.webui.keyword.internal.WebUIKeywordMain.stepFailed(WebUIKeywordMain.groovy:64)
	at com.kms.katalon.core.webui.keyword.builtin.VerifyElementPresentKeyword$_verifyElementPresent_closure1.doCall(VerifyElementPresentKeyword.groovy:85)
	at com.kms.katalon.core.webui.keyword.builtin.VerifyElementPresentKeyword$_verifyElementPresent_closure1.call(VerifyElementPresentKeyword.groovy)
	at com.kms.katalon.core.webui.keyword.internal.WebUIKeywordMain.runKeyword(WebUIKeywordMain.groovy:20)
	at com.kms.katalon.core.webui.keyword.builtin.VerifyElementPresentKeyword.verifyElementPresent(VerifyElementPresentKeyword.groovy:92)
	at com.kms.katalon.core.webui.keyword.builtin.VerifyElementPresentKeyword.execute(VerifyElementPresentKeyword.groovy:68)
	at com.kms.katalon.core.keyword.internal.KeywordExecutor.executeKeywordForPlatform(KeywordExecutor.groovy:74)
	at com.kms.katalon.core.webui.keyword.WebUiBuiltInKeywords.verifyElementPresent(WebUiBuiltInKeywords.groovy:1464)
	at com.kms.katalon.core.webui.keyword.WebUiBuiltInKeywords$verifyElementPresent$4.call(Unknown Source)
	at Enspire - Form Verification - UAT.run(Enspire - Form Verification - UAT:179)
	at com.kms.katalon.core.main.ScriptEngine.run(ScriptEngine.java:194)
	at com.kms.katalon.core.main.ScriptEngine.runScriptAsRawText(ScriptEngine.java:119)
	at com.kms.katalon.core.main.TestCaseExecutor.runScript(TestCaseExecutor.java:445)
	at com.kms.katalon.core.main.TestCaseExecutor.doExecute(TestCaseExecutor.java:436)
	at com.kms.katalon.core.main.TestCaseExecutor.processExecutionPhase(TestCaseExecutor.java:415)
	at com.kms.katalon.core.main.TestCaseExecutor.accessMainPhase(TestCaseExecutor.java:407)
	at com.kms.katalon.core.main.TestCaseExecutor.execute(TestCaseExecutor.java:284)
	at com.kms.katalon.core.common.CommonExecutor.accessTestCaseMainPhase(CommonExecutor.java:65)
	at com.kms.katalon.core.main.TestSuiteExecutor.accessTestSuiteMainPhase(TestSuiteExecutor.java:144)
	at com.kms.katalon.core.main.TestSuiteExecutor.execute(TestSuiteExecutor.java:106)
	at com.kms.katalon.core.main.TestCaseMain.startTestSuite(TestCaseMain.java:185)
	at com.kms.katalon.core.main.TestCaseMain$startTestSuite$0.call(Unknown Source)
	at TempTestSuite1650304259606.run(TempTestSuite1650304259606.groovy:36)
)

2022-04-18 23:29:49 - [MESSAGE][WARNING] - Timeout '0' is invalid. Using default page load timeout: '5'

2022-04-18 23:29:56 - [MESSAGE][INFO] - Unable to find the element located by 'By.xpath: //div[@id='__next']/div/div/main/article/section[2]/div/div[2]/div/div/div/form/section/div/div[9]/div/div[2]/label/div/div/div/p/span'. Please recheck the objects properties to make sure the desired element is located. 

2022-04-18 23:29:56 - [MESSAGE][FAILED] - com.kms.katalon.core.webui.exception.WebElementNotFoundException: Web element with id: 'Object Repository/Form Verification/Enspire Form/Page_Enspire Family Beginnings Registration_996fe8/span_Consent to Receive Certain Text Messag_3845ec' located by '//div[@id='__next']/div/div/main/article/section[2]/div/div[2]/div/div/div/form/section/div/div[9]/div/div[2]/label/div/div/div/p/span' not found (Root cause: com.kms.katalon.core.exception.StepFailedException: com.kms.katalon.core.webui.exception.WebElementNotFoundException: Web element with id: 'Object Repository/Form Verification/Enspire Form/Page_Enspire Family Beginnings Registration_996fe8/span_Consent to Receive Certain Text Messag_3845ec' located by '//div[@id='__next']/div/div/main/article/section[2]/div/div[2]/div/div/div/form/section/div/div[9]/div/div[2]/label/div/div/div/p/span' not found
	at com.kms.katalon.core.webui.keyword.internal.WebUIKeywordMain.stepFailed(WebUIKeywordMain.groovy:64)
	at com.kms.katalon.core.webui.keyword.builtin.VerifyElementPresentKeyword$_verifyElementPresent_closure1.doCall(VerifyElementPresentKeyword.groovy:85)
	at com.kms.katalon.core.webui.keyword.builtin.VerifyElementPresentKeyword$_verifyElementPresent_closure1.call(VerifyElementPresentKeyword.groovy)
	at com.kms.katalon.core.webui.keyword.internal.WebUIKeywordMain.runKeyword(WebUIKeywordMain.groovy:20)
	at com.kms.katalon.core.webui.keyword.builtin.VerifyElementPresentKeyword.verifyElementPresent(VerifyElementPresentKeyword.groovy:92)
	at com.kms.katalon.core.webui.keyword.builtin.VerifyElementPresentKeyword.execute(VerifyElementPresentKeyword.groovy:68)
	at com.kms.katalon.core.keyword.internal.KeywordExecutor.executeKeywordForPlatform(KeywordExecutor.groovy:74)
	at com.kms.katalon.core.webui.keyword.WebUiBuiltInKeywords.verifyElementPresent(WebUiBuiltInKeywords.groovy:1464)
	at com.kms.katalon.core.webui.keyword.WebUiBuiltInKeywords$verifyElementPresent$4.call(Unknown Source)
	at Enspire - Form Verification - UAT.run(Enspire - Form Verification - UAT:179)
	at com.kms.katalon.core.main.ScriptEngine.run(ScriptEngine.java:194)
	at com.kms.katalon.core.main.ScriptEngine.runScriptAsRawText(ScriptEngine.java:119)
	at com.kms.katalon.core.main.TestCaseExecutor.runScript(TestCaseExecutor.java:445)
	at com.kms.katalon.core.main.TestCaseExecutor.doExecute(TestCaseExecutor.java:436)
	at com.kms.katalon.core.main.TestCaseExecutor.processExecutionPhase(TestCaseExecutor.java:415)
	at com.kms.katalon.core.main.TestCaseExecutor.accessMainPhase(TestCaseExecutor.java:407)
	at com.kms.katalon.core.main.TestCaseExecutor.execute(TestCaseExecutor.java:284)
	at com.kms.katalon.core.common.CommonExecutor.accessTestCaseMainPhase(CommonExecutor.java:65)
	at com.kms.katalon.core.main.TestSuiteExecutor.accessTestSuiteMainPhase(TestSuiteExecutor.java:144)
	at com.kms.katalon.core.main.TestSuiteExecutor.execute(TestSuiteExecutor.java:106)
	at com.kms.katalon.core.main.TestCaseMain.startTestSuite(TestCaseMain.java:185)
	at com.kms.katalon.core.main.TestCaseMain$startTestSuite$0.call(Unknown Source)
	at TempTestSuite1650304259606.run(TempTestSuite1650304259606.groovy:36)
)
[[ATTACHMENT|D:\\SmoketestSuite\\enfamilUS\\Reports\\20220418_232059\\SmokeTestCollection - Venkat\\SmokeTestSuite-Collection - UAT\\20220418_232059\\1650304796041.png]]

2022-04-18 23:29:56 - [TEST_STEP][FAILED] - verifyElementText(findTestObject("Object Repository/Form Verification/Enspire Form/Page_Enspire Family Beginnings Registration_996fe8/span_Consent to Receive Certain Text Messag_3845ec"), "Consent to Receive Certain Text Messages: By signing up for Enfamil text alerts you will receive occasional messages that include information regarding infant and toddler formula. Message and data rates may apply. Text STOP to cancel, HELP for help. By opting-in you agree to get texts from Enfamil at your mobile number, which may be sent through an automatic telephone dialing system. Your consent to receive such texts is not required for you to obtain any Enfamil products."): com.kms.katalon.core.webui.exception.WebElementNotFoundException: Web element with id: 'Object Repository/Form Verification/Enspire Form/Page_Enspire Family Beginnings Registration_996fe8/span_Consent to Receive Certain Text Messag_3845ec' located by '//div[@id='__next']/div/div/main/article/section[2]/div/div[2]/div/div/div/form/section/div/div[9]/div/div[2]/label/div/div/div/p/span' not found (Root cause: com.kms.katalon.core.exception.StepFailedException: com.kms.katalon.core.webui.exception.WebElementNotFoundException: Web element with id: 'Object Repository/Form Verification/Enspire Form/Page_Enspire Family Beginnings Registration_996fe8/span_Consent to Receive Certain Text Messag_3845ec' located by '//div[@id='__next']/div/div/main/article/section[2]/div/div[2]/div/div/div/form/section/div/div[9]/div/div[2]/label/div/div/div/p/span' not found
	at com.kms.katalon.core.webui.keyword.internal.WebUIKeywordMain.stepFailed(WebUIKeywordMain.groovy:64)
	at com.kms.katalon.core.webui.keyword.builtin.VerifyElementTextKeyword$_verifyElementText_closure1.doCall(VerifyElementTextKeyword.groovy:64)
	at com.kms.katalon.core.webui.keyword.builtin.VerifyElementTextKeyword$_verifyElementText_closure1.call(VerifyElementTextKeyword.groovy)
	at com.kms.katalon.core.webui.keyword.internal.WebUIKeywordMain.runKeyword(WebUIKeywordMain.groovy:20)
	at com.kms.katalon.core.webui.keyword.builtin.VerifyElementTextKeyword.verifyElementText(VerifyElementTextKeyword.groovy:72)
	at com.kms.katalon.core.webui.keyword.builtin.VerifyElementTextKeyword.execute(VerifyElementTextKeyword.groovy:40)
	at com.kms.katalon.core.keyword.internal.KeywordExecutor.executeKeywordForPlatform(KeywordExecutor.groovy:74)
	at com.kms.katalon.core.webui.keyword.WebUiBuiltInKeywords.verifyElementText(WebUiBuiltInKeywords.groovy:4749)
	at com.kms.katalon.core.webui.keyword.WebUiBuiltInKeywords$verifyElementText$5.call(Unknown Source)
	at Enspire - Form Verification - UAT.run(Enspire - Form Verification - UAT:182)
	at com.kms.katalon.core.main.ScriptEngine.run(ScriptEngine.java:194)
	at com.kms.katalon.core.main.ScriptEngine.runScriptAsRawText(ScriptEngine.java:119)
	at com.kms.katalon.core.main.TestCaseExecutor.runScript(TestCaseExecutor.java:445)
	at com.kms.katalon.core.main.TestCaseExecutor.doExecute(TestCaseExecutor.java:436)
	at com.kms.katalon.core.main.TestCaseExecutor.processExecutionPhase(TestCaseExecutor.java:415)
	at com.kms.katalon.core.main.TestCaseExecutor.accessMainPhase(TestCaseExecutor.java:407)
	at com.kms.katalon.core.main.TestCaseExecutor.execute(TestCaseExecutor.java:284)
	at com.kms.katalon.core.common.CommonExecutor.accessTestCaseMainPhase(CommonExecutor.java:65)
	at com.kms.katalon.core.main.TestSuiteExecutor.accessTestSuiteMainPhase(TestSuiteExecutor.java:144)
	at com.kms.katalon.core.main.TestSuiteExecutor.execute(TestSuiteExecutor.java:106)
	at com.kms.katalon.core.main.TestCaseMain.startTestSuite(TestCaseMain.java:185)
	at com.kms.katalon.core.main.TestCaseMain$startTestSuite$0.call(Unknown Source)
	at TempTestSuite1650304259606.run(TempTestSuite1650304259606.groovy:36)
)

2022-04-18 23:30:02 - [MESSAGE][INFO] - Unable to find the element located by 'By.xpath: //div[@id='__next']/div/div/main/article/section[2]/div/div[2]/div/div/div/form/section/div/div[9]/div/div[2]/label/div/div/div/p/span'. Please recheck the objects properties to make sure the desired element is located. 

2022-04-18 23:30:02 - [MESSAGE][FAILED] - com.kms.katalon.core.webui.exception.WebElementNotFoundException: Web element with id: 'Object Repository/Form Verification/Enspire Form/Page_Enspire Family Beginnings Registration_996fe8/span_Consent to Receive Certain Text Messag_3845ec' located by '//div[@id='__next']/div/div/main/article/section[2]/div/div[2]/div/div/div/form/section/div/div[9]/div/div[2]/label/div/div/div/p/span' not found (Root cause: com.kms.katalon.core.exception.StepFailedException: com.kms.katalon.core.webui.exception.WebElementNotFoundException: Web element with id: 'Object Repository/Form Verification/Enspire Form/Page_Enspire Family Beginnings Registration_996fe8/span_Consent to Receive Certain Text Messag_3845ec' located by '//div[@id='__next']/div/div/main/article/section[2]/div/div[2]/div/div/div/form/section/div/div[9]/div/div[2]/label/div/div/div/p/span' not found
	at com.kms.katalon.core.webui.keyword.internal.WebUIKeywordMain.stepFailed(WebUIKeywordMain.groovy:64)
	at com.kms.katalon.core.webui.keyword.builtin.VerifyElementTextKeyword$_verifyElementText_closure1.doCall(VerifyElementTextKeyword.groovy:64)
	at com.kms.katalon.core.webui.keyword.builtin.VerifyElementTextKeyword$_verifyElementText_closure1.call(VerifyElementTextKeyword.groovy)
	at com.kms.katalon.core.webui.keyword.internal.WebUIKeywordMain.runKeyword(WebUIKeywordMain.groovy:20)
	at com.kms.katalon.core.webui.keyword.builtin.VerifyElementTextKeyword.verifyElementText(VerifyElementTextKeyword.groovy:72)
	at com.kms.katalon.core.webui.keyword.builtin.VerifyElementTextKeyword.execute(VerifyElementTextKeyword.groovy:40)
	at com.kms.katalon.core.keyword.internal.KeywordExecutor.executeKeywordForPlatform(KeywordExecutor.groovy:74)
	at com.kms.katalon.core.webui.keyword.WebUiBuiltInKeywords.verifyElementText(WebUiBuiltInKeywords.groovy:4749)
	at com.kms.katalon.core.webui.keyword.WebUiBuiltInKeywords$verifyElementText$5.call(Unknown Source)
	at Enspire - Form Verification - UAT.run(Enspire - Form Verification - UAT:182)
	at com.kms.katalon.core.main.ScriptEngine.run(ScriptEngine.java:194)
	at com.kms.katalon.core.main.ScriptEngine.runScriptAsRawText(ScriptEngine.java:119)
	at com.kms.katalon.core.main.TestCaseExecutor.runScript(TestCaseExecutor.java:445)
	at com.kms.katalon.core.main.TestCaseExecutor.doExecute(TestCaseExecutor.java:436)
	at com.kms.katalon.core.main.TestCaseExecutor.processExecutionPhase(TestCaseExecutor.java:415)
	at com.kms.katalon.core.main.TestCaseExecutor.accessMainPhase(TestCaseExecutor.java:407)
	at com.kms.katalon.core.main.TestCaseExecutor.execute(TestCaseExecutor.java:284)
	at com.kms.katalon.core.common.CommonExecutor.accessTestCaseMainPhase(CommonExecutor.java:65)
	at com.kms.katalon.core.main.TestSuiteExecutor.accessTestSuiteMainPhase(TestSuiteExecutor.java:144)
	at com.kms.katalon.core.main.TestSuiteExecutor.execute(TestSuiteExecutor.java:106)
	at com.kms.katalon.core.main.TestCaseMain.startTestSuite(TestCaseMain.java:185)
	at com.kms.katalon.core.main.TestCaseMain$startTestSuite$0.call(Unknown Source)
	at TempTestSuite1650304259606.run(TempTestSuite1650304259606.groovy:36)
)
[[ATTACHMENT|D:\\SmoketestSuite\\enfamilUS\\Reports\\20220418_232059\\SmokeTestCollection - Venkat\\SmokeTestSuite-Collection - UAT\\20220418_232059\\1650304802598.png]]

2022-04-18 23:30:02 - [TEST_STEP][PASSED] - verifyElementPresent(findTestObject("Object Repository/Form Verification/Enspire Form/Page_Enspire Family Beginnings Registration_996fe8/p_5. Customize your profile for you and your baby"), 0): Object 'Object Repository/Form Verification/Enspire Form/Page_Enspire Family Beginnings Registration_996fe8/p_5. Customize your profile for you and your baby' is present

2022-04-18 23:30:02 - [MESSAGE][WARNING] - Timeout '0' is invalid. Using default page load timeout: '5'

2022-04-18 23:30:03 - [MESSAGE][PASSED] - Object 'Object Repository/Form Verification/Enspire Form/Page_Enspire Family Beginnings Registration_996fe8/p_5. Customize your profile for you and your baby' is present

2022-04-18 23:30:03 - [TEST_STEP][PASSED] - verifyElementText(findTestObject("Object Repository/Form Verification/Enspire Form/Page_Enspire Family Beginnings Registration_996fe8/p_5. Customize your profile for you and your baby"), "5. Customize your profile for you and your baby."): Actual text and expected text of test object 'Object Repository/Form Verification/Enspire Form/Page_Enspire Family Beginnings Registration_996fe8/p_5. Customize your profile for you and your baby' are matched.

2022-04-18 23:30:03 - [MESSAGE][PASSED] - Actual text and expected text of test object 'Object Repository/Form Verification/Enspire Form/Page_Enspire Family Beginnings Registration_996fe8/p_5. Customize your profile for you and your baby' are matched.

2022-04-18 23:30:03 - [TEST_STEP][PASSED] - verifyElementPresent(findTestObject("Object Repository/Form Verification/Enspire Form/Page_Enspire Family Beginnings Registration_996fe8/div_Well provide tips and samples to fit yo_5c2778"), 0): Object 'Object Repository/Form Verification/Enspire Form/Page_Enspire Family Beginnings Registration_996fe8/div_Well provide tips and samples to fit yo_5c2778' is present

2022-04-18 23:30:03 - [MESSAGE][WARNING] - Timeout '0' is invalid. Using default page load timeout: '5'

2022-04-18 23:30:04 - [MESSAGE][PASSED] - Object 'Object Repository/Form Verification/Enspire Form/Page_Enspire Family Beginnings Registration_996fe8/div_Well provide tips and samples to fit yo_5c2778' is present

2022-04-18 23:30:04 - [TEST_STEP][PASSED] - verifyElementText(findTestObject("Object Repository/Form Verification/Enspire Form/Page_Enspire Family Beginnings Registration_996fe8/div_Well provide tips and samples to fit yo_5c2778"), "Weâ€™ll provide tips and samples to fit your needs."): Actual text and expected text of test object 'Object Repository/Form Verification/Enspire Form/Page_Enspire Family Beginnings Registration_996fe8/div_Well provide tips and samples to fit yo_5c2778' are matched.

2022-04-18 23:30:04 - [MESSAGE][PASSED] - Actual text and expected text of test object 'Object Repository/Form Verification/Enspire Form/Page_Enspire Family Beginnings Registration_996fe8/div_Well provide tips and samples to fit yo_5c2778' are matched.

2022-04-18 23:30:04 - [TEST_STEP][PASSED] - verifyElementPresent(findTestObject("Object Repository/Form Verification/Enspire Form/Page_Enspire Family Beginnings Registration_996fe8/label_Babys Due Date or Birth Date"), 0): Object 'Object Repository/Form Verification/Enspire Form/Page_Enspire Family Beginnings Registration_996fe8/label_Babys Due Date or Birth Date' is present

2022-04-18 23:30:04 - [MESSAGE][WARNING] - Timeout '0' is invalid. Using default page load timeout: '5'

2022-04-18 23:30:04 - [MESSAGE][PASSED] - Object 'Object Repository/Form Verification/Enspire Form/Page_Enspire Family Beginnings Registration_996fe8/label_Babys Due Date or Birth Date' is present

2022-04-18 23:30:04 - [TEST_STEP][PASSED] - verifyElementText(findTestObject("Object Repository/Form Verification/Enspire Form/Page_Enspire Family Beginnings Registration_996fe8/label_Babys Due Date or Birth Date"), "Baby's Due Date or Birth Date"): Actual text and expected text of test object 'Object Repository/Form Verification/Enspire Form/Page_Enspire Family Beginnings Registration_996fe8/label_Babys Due Date or Birth Date' are matched.

2022-04-18 23:30:05 - [MESSAGE][PASSED] - Actual text and expected text of test object 'Object Repository/Form Verification/Enspire Form/Page_Enspire Family Beginnings Registration_996fe8/label_Babys Due Date or Birth Date' are matched.

2022-04-18 23:30:05 - [TEST_STEP][PASSED] - verifyElementPresent(findTestObject("Object Repository/Form Verification/Enspire Form/Page_Enspire Family Beginnings Registration_996fe8/input_concat(Baby, , s Due Date or Birth Da_e66dc1"), 0): Object 'Object Repository/Form Verification/Enspire Form/Page_Enspire Family Beginnings Registration_996fe8/input_concat(Baby, , s Due Date or Birth Da_e66dc1' is present

2022-04-18 23:30:05 - [MESSAGE][WARNING] - Timeout '0' is invalid. Using default page load timeout: '5'

2022-04-18 23:30:05 - [MESSAGE][PASSED] - Object 'Object Repository/Form Verification/Enspire Form/Page_Enspire Family Beginnings Registration_996fe8/input_concat(Baby, , s Due Date or Birth Da_e66dc1' is present

2022-04-18 23:30:05 - [TEST_STEP][PASSED] - verifyElementClickable(findTestObject("Object Repository/Form Verification/Enspire Form/Page_Enspire Family Beginnings Registration_996fe8/input_concat(Baby, , s Due Date or Birth Da_e66dc1_1")): Object 'Object Repository/Form Verification/Enspire Form/Page_Enspire Family Beginnings Registration_996fe8/input_concat(Baby, , s Due Date or Birth Da_e66dc1_1' is clickable

2022-04-18 23:30:06 - [MESSAGE][PASSED] - Object 'Object Repository/Form Verification/Enspire Form/Page_Enspire Family Beginnings Registration_996fe8/input_concat(Baby, , s Due Date or Birth Da_e66dc1_1' is clickable

2022-04-18 23:30:06 - [TEST_STEP][PASSED] - verifyElementPresent(findTestObject("Object Repository/Form Verification/Enspire Form/Page_Enspire Family Beginnings Registration_996fe8/button_Why"), 0): Object 'Object Repository/Form Verification/Enspire Form/Page_Enspire Family Beginnings Registration_996fe8/button_Why' is present

2022-04-18 23:30:06 - [MESSAGE][WARNING] - Timeout '0' is invalid. Using default page load timeout: '5'

2022-04-18 23:30:06 - [MESSAGE][PASSED] - Object 'Object Repository/Form Verification/Enspire Form/Page_Enspire Family Beginnings Registration_996fe8/button_Why' is present

2022-04-18 23:30:06 - [TEST_STEP][PASSED] - verifyElementText(findTestObject("Object Repository/Form Verification/Enspire Form/Page_Enspire Family Beginnings Registration_996fe8/button_Why"), "Why?"): Actual text and expected text of test object 'Object Repository/Form Verification/Enspire Form/Page_Enspire Family Beginnings Registration_996fe8/button_Why' are matched.

2022-04-18 23:30:06 - [MESSAGE][PASSED] - Actual text and expected text of test object 'Object Repository/Form Verification/Enspire Form/Page_Enspire Family Beginnings Registration_996fe8/button_Why' are matched.

2022-04-18 23:30:06 - [TEST_STEP][PASSED] - verifyElementClickable(findTestObject("Object Repository/Form Verification/Enspire Form/Page_Enspire Family Beginnings Registration_996fe8/button_Why")): Object 'Object Repository/Form Verification/Enspire Form/Page_Enspire Family Beginnings Registration_996fe8/button_Why' is clickable

2022-04-18 23:30:07 - [MESSAGE][PASSED] - Object 'Object Repository/Form Verification/Enspire Form/Page_Enspire Family Beginnings Registration_996fe8/button_Why' is clickable

2022-04-18 23:30:07 - [TEST_STEP][PASSED] - verifyElementPresent(findTestObject("Object Repository/Form Verification/Enspire Form/Page_Enspire Family Beginnings Registration_996fe8/p_Relationship to child"), 0): Object 'Object Repository/Form Verification/Enspire Form/Page_Enspire Family Beginnings Registration_996fe8/p_Relationship to child' is present

2022-04-18 23:30:07 - [MESSAGE][WARNING] - Timeout '0' is invalid. Using default page load timeout: '5'

2022-04-18 23:30:07 - [MESSAGE][PASSED] - Object 'Object Repository/Form Verification/Enspire Form/Page_Enspire Family Beginnings Registration_996fe8/p_Relationship to child' is present

2022-04-18 23:30:07 - [TEST_STEP][PASSED] - verifyElementText(findTestObject("Object Repository/Form Verification/Enspire Form/Page_Enspire Family Beginnings Registration_996fe8/p_Relationship to child"), "Relationship to child"): Actual text and expected text of test object 'Object Repository/Form Verification/Enspire Form/Page_Enspire Family Beginnings Registration_996fe8/p_Relationship to child' are matched.

2022-04-18 23:30:08 - [MESSAGE][PASSED] - Actual text and expected text of test object 'Object Repository/Form Verification/Enspire Form/Page_Enspire Family Beginnings Registration_996fe8/p_Relationship to child' are matched.

2022-04-18 23:30:08 - [TEST_STEP][FAILED] - verifyElementPresent(findTestObject("Object Repository/Form Verification/Enspire Form/Page_Enspire Family Beginnings Registration_996fe8/div_Select one"), 0): com.kms.katalon.core.webui.exception.WebElementNotFoundException: Web element with id: 'Object Repository/Form Verification/Enspire Form/Page_Enspire Family Beginnings Registration_996fe8/div_Select one' located by '//div[@id='c53e0840-3d96-4439-9a91-577015717d2c']/div/div' not found (Root cause: com.kms.katalon.core.exception.StepFailedException: com.kms.katalon.core.webui.exception.WebElementNotFoundException: Web element with id: 'Object Repository/Form Verification/Enspire Form/Page_Enspire Family Beginnings Registration_996fe8/div_Select one' located by '//div[@id='c53e0840-3d96-4439-9a91-577015717d2c']/div/div' not found
	at com.kms.katalon.core.webui.keyword.internal.WebUIKeywordMain.stepFailed(WebUIKeywordMain.groovy:64)
	at com.kms.katalon.core.webui.keyword.builtin.VerifyElementPresentKeyword$_verifyElementPresent_closure1.doCall(VerifyElementPresentKeyword.groovy:85)
	at com.kms.katalon.core.webui.keyword.builtin.VerifyElementPresentKeyword$_verifyElementPresent_closure1.call(VerifyElementPresentKeyword.groovy)
	at com.kms.katalon.core.webui.keyword.internal.WebUIKeywordMain.runKeyword(WebUIKeywordMain.groovy:20)
	at com.kms.katalon.core.webui.keyword.builtin.VerifyElementPresentKeyword.verifyElementPresent(VerifyElementPresentKeyword.groovy:92)
	at com.kms.katalon.core.webui.keyword.builtin.VerifyElementPresentKeyword.execute(VerifyElementPresentKeyword.groovy:68)
	at com.kms.katalon.core.keyword.internal.KeywordExecutor.executeKeywordForPlatform(KeywordExecutor.groovy:74)
	at com.kms.katalon.core.webui.keyword.WebUiBuiltInKeywords.verifyElementPresent(WebUiBuiltInKeywords.groovy:1464)
	at com.kms.katalon.core.webui.keyword.WebUiBuiltInKeywords$verifyElementPresent$4.call(Unknown Source)
	at Enspire - Form Verification - UAT.run(Enspire - Form Verification - UAT:222)
	at com.kms.katalon.core.main.ScriptEngine.run(ScriptEngine.java:194)
	at com.kms.katalon.core.main.ScriptEngine.runScriptAsRawText(ScriptEngine.java:119)
	at com.kms.katalon.core.main.TestCaseExecutor.runScript(TestCaseExecutor.java:445)
	at com.kms.katalon.core.main.TestCaseExecutor.doExecute(TestCaseExecutor.java:436)
	at com.kms.katalon.core.main.TestCaseExecutor.processExecutionPhase(TestCaseExecutor.java:415)
	at com.kms.katalon.core.main.TestCaseExecutor.accessMainPhase(TestCaseExecutor.java:407)
	at com.kms.katalon.core.main.TestCaseExecutor.execute(TestCaseExecutor.java:284)
	at com.kms.katalon.core.common.CommonExecutor.accessTestCaseMainPhase(CommonExecutor.java:65)
	at com.kms.katalon.core.main.TestSuiteExecutor.accessTestSuiteMainPhase(TestSuiteExecutor.java:144)
	at com.kms.katalon.core.main.TestSuiteExecutor.execute(TestSuiteExecutor.java:106)
	at com.kms.katalon.core.main.TestCaseMain.startTestSuite(TestCaseMain.java:185)
	at com.kms.katalon.core.main.TestCaseMain$startTestSuite$0.call(Unknown Source)
	at TempTestSuite1650304259606.run(TempTestSuite1650304259606.groovy:36)
)

2022-04-18 23:30:08 - [MESSAGE][WARNING] - Timeout '0' is invalid. Using default page load timeout: '5'

2022-04-18 23:30:14 - [MESSAGE][INFO] - Unable to find the element located by 'By.xpath: //div[@id='c53e0840-3d96-4439-9a91-577015717d2c']/div/div'. Please recheck the objects properties to make sure the desired element is located. 

2022-04-18 23:30:14 - [MESSAGE][FAILED] - com.kms.katalon.core.webui.exception.WebElementNotFoundException: Web element with id: 'Object Repository/Form Verification/Enspire Form/Page_Enspire Family Beginnings Registration_996fe8/div_Select one' located by '//div[@id='c53e0840-3d96-4439-9a91-577015717d2c']/div/div' not found (Root cause: com.kms.katalon.core.exception.StepFailedException: com.kms.katalon.core.webui.exception.WebElementNotFoundException: Web element with id: 'Object Repository/Form Verification/Enspire Form/Page_Enspire Family Beginnings Registration_996fe8/div_Select one' located by '//div[@id='c53e0840-3d96-4439-9a91-577015717d2c']/div/div' not found
	at com.kms.katalon.core.webui.keyword.internal.WebUIKeywordMain.stepFailed(WebUIKeywordMain.groovy:64)
	at com.kms.katalon.core.webui.keyword.builtin.VerifyElementPresentKeyword$_verifyElementPresent_closure1.doCall(VerifyElementPresentKeyword.groovy:85)
	at com.kms.katalon.core.webui.keyword.builtin.VerifyElementPresentKeyword$_verifyElementPresent_closure1.call(VerifyElementPresentKeyword.groovy)
	at com.kms.katalon.core.webui.keyword.internal.WebUIKeywordMain.runKeyword(WebUIKeywordMain.groovy:20)
	at com.kms.katalon.core.webui.keyword.builtin.VerifyElementPresentKeyword.verifyElementPresent(VerifyElementPresentKeyword.groovy:92)
	at com.kms.katalon.core.webui.keyword.builtin.VerifyElementPresentKeyword.execute(VerifyElementPresentKeyword.groovy:68)
	at com.kms.katalon.core.keyword.internal.KeywordExecutor.executeKeywordForPlatform(KeywordExecutor.groovy:74)
	at com.kms.katalon.core.webui.keyword.WebUiBuiltInKeywords.verifyElementPresent(WebUiBuiltInKeywords.groovy:1464)
	at com.kms.katalon.core.webui.keyword.WebUiBuiltInKeywords$verifyElementPresent$4.call(Unknown Source)
	at Enspire - Form Verification - UAT.run(Enspire - Form Verification - UAT:222)
	at com.kms.katalon.core.main.ScriptEngine.run(ScriptEngine.java:194)
	at com.kms.katalon.core.main.ScriptEngine.runScriptAsRawText(ScriptEngine.java:119)
	at com.kms.katalon.core.main.TestCaseExecutor.runScript(TestCaseExecutor.java:445)
	at com.kms.katalon.core.main.TestCaseExecutor.doExecute(TestCaseExecutor.java:436)
	at com.kms.katalon.core.main.TestCaseExecutor.processExecutionPhase(TestCaseExecutor.java:415)
	at com.kms.katalon.core.main.TestCaseExecutor.accessMainPhase(TestCaseExecutor.java:407)
	at com.kms.katalon.core.main.TestCaseExecutor.execute(TestCaseExecutor.java:284)
	at com.kms.katalon.core.common.CommonExecutor.accessTestCaseMainPhase(CommonExecutor.java:65)
	at com.kms.katalon.core.main.TestSuiteExecutor.accessTestSuiteMainPhase(TestSuiteExecutor.java:144)
	at com.kms.katalon.core.main.TestSuiteExecutor.execute(TestSuiteExecutor.java:106)
	at com.kms.katalon.core.main.TestCaseMain.startTestSuite(TestCaseMain.java:185)
	at com.kms.katalon.core.main.TestCaseMain$startTestSuite$0.call(Unknown Source)
	at TempTestSuite1650304259606.run(TempTestSuite1650304259606.groovy:36)
)
[[ATTACHMENT|D:\\SmoketestSuite\\enfamilUS\\Reports\\20220418_232059\\SmokeTestCollection - Venkat\\SmokeTestSuite-Collection - UAT\\20220418_232059\\1650304814381.png]]

2022-04-18 23:30:14 - [TEST_STEP][FAILED] - verifyElementText(findTestObject("Object Repository/Form Verification/Enspire Form/Page_Enspire Family Beginnings Registration_996fe8/div_Select one"), "Select one"): com.kms.katalon.core.webui.exception.WebElementNotFoundException: Web element with id: 'Object Repository/Form Verification/Enspire Form/Page_Enspire Family Beginnings Registration_996fe8/div_Select one' located by '//div[@id='c53e0840-3d96-4439-9a91-577015717d2c']/div/div' not found (Root cause: com.kms.katalon.core.exception.StepFailedException: com.kms.katalon.core.webui.exception.WebElementNotFoundException: Web element with id: 'Object Repository/Form Verification/Enspire Form/Page_Enspire Family Beginnings Registration_996fe8/div_Select one' located by '//div[@id='c53e0840-3d96-4439-9a91-577015717d2c']/div/div' not found
	at com.kms.katalon.core.webui.keyword.internal.WebUIKeywordMain.stepFailed(WebUIKeywordMain.groovy:64)
	at com.kms.katalon.core.webui.keyword.builtin.VerifyElementTextKeyword$_verifyElementText_closure1.doCall(VerifyElementTextKeyword.groovy:64)
	at com.kms.katalon.core.webui.keyword.builtin.VerifyElementTextKeyword$_verifyElementText_closure1.call(VerifyElementTextKeyword.groovy)
	at com.kms.katalon.core.webui.keyword.internal.WebUIKeywordMain.runKeyword(WebUIKeywordMain.groovy:20)
	at com.kms.katalon.core.webui.keyword.builtin.VerifyElementTextKeyword.verifyElementText(VerifyElementTextKeyword.groovy:72)
	at com.kms.katalon.core.webui.keyword.builtin.VerifyElementTextKeyword.execute(VerifyElementTextKeyword.groovy:40)
	at com.kms.katalon.core.keyword.internal.KeywordExecutor.executeKeywordForPlatform(KeywordExecutor.groovy:74)
	at com.kms.katalon.core.webui.keyword.WebUiBuiltInKeywords.verifyElementText(WebUiBuiltInKeywords.groovy:4749)
	at com.kms.katalon.core.webui.keyword.WebUiBuiltInKeywords$verifyElementText$5.call(Unknown Source)
	at Enspire - Form Verification - UAT.run(Enspire - Form Verification - UAT:225)
	at com.kms.katalon.core.main.ScriptEngine.run(ScriptEngine.java:194)
	at com.kms.katalon.core.main.ScriptEngine.runScriptAsRawText(ScriptEngine.java:119)
	at com.kms.katalon.core.main.TestCaseExecutor.runScript(TestCaseExecutor.java:445)
	at com.kms.katalon.core.main.TestCaseExecutor.doExecute(TestCaseExecutor.java:436)
	at com.kms.katalon.core.main.TestCaseExecutor.processExecutionPhase(TestCaseExecutor.java:415)
	at com.kms.katalon.core.main.TestCaseExecutor.accessMainPhase(TestCaseExecutor.java:407)
	at com.kms.katalon.core.main.TestCaseExecutor.execute(TestCaseExecutor.java:284)
	at com.kms.katalon.core.common.CommonExecutor.accessTestCaseMainPhase(CommonExecutor.java:65)
	at com.kms.katalon.core.main.TestSuiteExecutor.accessTestSuiteMainPhase(TestSuiteExecutor.java:144)
	at com.kms.katalon.core.main.TestSuiteExecutor.execute(TestSuiteExecutor.java:106)
	at com.kms.katalon.core.main.TestCaseMain.startTestSuite(TestCaseMain.java:185)
	at com.kms.katalon.core.main.TestCaseMain$startTestSuite$0.call(Unknown Source)
	at TempTestSuite1650304259606.run(TempTestSuite1650304259606.groovy:36)
)

2022-04-18 23:30:20 - [MESSAGE][INFO] - Unable to find the element located by 'By.xpath: //div[@id='c53e0840-3d96-4439-9a91-577015717d2c']/div/div'. Please recheck the objects properties to make sure the desired element is located. 

2022-04-18 23:30:21 - [MESSAGE][FAILED] - com.kms.katalon.core.webui.exception.WebElementNotFoundException: Web element with id: 'Object Repository/Form Verification/Enspire Form/Page_Enspire Family Beginnings Registration_996fe8/div_Select one' located by '//div[@id='c53e0840-3d96-4439-9a91-577015717d2c']/div/div' not found (Root cause: com.kms.katalon.core.exception.StepFailedException: com.kms.katalon.core.webui.exception.WebElementNotFoundException: Web element with id: 'Object Repository/Form Verification/Enspire Form/Page_Enspire Family Beginnings Registration_996fe8/div_Select one' located by '//div[@id='c53e0840-3d96-4439-9a91-577015717d2c']/div/div' not found
	at com.kms.katalon.core.webui.keyword.internal.WebUIKeywordMain.stepFailed(WebUIKeywordMain.groovy:64)
	at com.kms.katalon.core.webui.keyword.builtin.VerifyElementTextKeyword$_verifyElementText_closure1.doCall(VerifyElementTextKeyword.groovy:64)
	at com.kms.katalon.core.webui.keyword.builtin.VerifyElementTextKeyword$_verifyElementText_closure1.call(VerifyElementTextKeyword.groovy)
	at com.kms.katalon.core.webui.keyword.internal.WebUIKeywordMain.runKeyword(WebUIKeywordMain.groovy:20)
	at com.kms.katalon.core.webui.keyword.builtin.VerifyElementTextKeyword.verifyElementText(VerifyElementTextKeyword.groovy:72)
	at com.kms.katalon.core.webui.keyword.builtin.VerifyElementTextKeyword.execute(VerifyElementTextKeyword.groovy:40)
	at com.kms.katalon.core.keyword.internal.KeywordExecutor.executeKeywordForPlatform(KeywordExecutor.groovy:74)
	at com.kms.katalon.core.webui.keyword.WebUiBuiltInKeywords.verifyElementText(WebUiBuiltInKeywords.groovy:4749)
	at com.kms.katalon.core.webui.keyword.WebUiBuiltInKeywords$verifyElementText$5.call(Unknown Source)
	at Enspire - Form Verification - UAT.run(Enspire - Form Verification - UAT:225)
	at com.kms.katalon.core.main.ScriptEngine.run(ScriptEngine.java:194)
	at com.kms.katalon.core.main.ScriptEngine.runScriptAsRawText(ScriptEngine.java:119)
	at com.kms.katalon.core.main.TestCaseExecutor.runScript(TestCaseExecutor.java:445)
	at com.kms.katalon.core.main.TestCaseExecutor.doExecute(TestCaseExecutor.java:436)
	at com.kms.katalon.core.main.TestCaseExecutor.processExecutionPhase(TestCaseExecutor.java:415)
	at com.kms.katalon.core.main.TestCaseExecutor.accessMainPhase(TestCaseExecutor.java:407)
	at com.kms.katalon.core.main.TestCaseExecutor.execute(TestCaseExecutor.java:284)
	at com.kms.katalon.core.common.CommonExecutor.accessTestCaseMainPhase(CommonExecutor.java:65)
	at com.kms.katalon.core.main.TestSuiteExecutor.accessTestSuiteMainPhase(TestSuiteExecutor.java:144)
	at com.kms.katalon.core.main.TestSuiteExecutor.execute(TestSuiteExecutor.java:106)
	at com.kms.katalon.core.main.TestCaseMain.startTestSuite(TestCaseMain.java:185)
	at com.kms.katalon.core.main.TestCaseMain$startTestSuite$0.call(Unknown Source)
	at TempTestSuite1650304259606.run(TempTestSuite1650304259606.groovy:36)
)
[[ATTACHMENT|D:\\SmoketestSuite\\enfamilUS\\Reports\\20220418_232059\\SmokeTestCollection - Venkat\\SmokeTestSuite-Collection - UAT\\20220418_232059\\1650304820911.png]]

2022-04-18 23:30:21 - [TEST_STEP][PASSED] - verifyElementPresent(findTestObject("Object Repository/Form Verification/Enspire Form/Page_Enspire Family Beginnings Registration_996fe8/span_How are you currently feeding your little one"), 0): Object 'Object Repository/Form Verification/Enspire Form/Page_Enspire Family Beginnings Registration_996fe8/span_How are you currently feeding your little one' is present

2022-04-18 23:30:21 - [MESSAGE][WARNING] - Timeout '0' is invalid. Using default page load timeout: '5'

2022-04-18 23:30:21 - [MESSAGE][PASSED] - Object 'Object Repository/Form Verification/Enspire Form/Page_Enspire Family Beginnings Registration_996fe8/span_How are you currently feeding your little one' is present

2022-04-18 23:30:21 - [TEST_STEP][PASSED] - verifyElementText(findTestObject("Object Repository/Form Verification/Enspire Form/Page_Enspire Family Beginnings Registration_996fe8/span_How are you currently feeding your little one"), "How are you currently feeding your little one?"): Actual text and expected text of test object 'Object Repository/Form Verification/Enspire Form/Page_Enspire Family Beginnings Registration_996fe8/span_How are you currently feeding your little one' are matched.

2022-04-18 23:30:21 - [MESSAGE][PASSED] - Actual text and expected text of test object 'Object Repository/Form Verification/Enspire Form/Page_Enspire Family Beginnings Registration_996fe8/span_How are you currently feeding your little one' are matched.

2022-04-18 23:30:21 - [TEST_STEP][PASSED] - verifyElementPresent(findTestObject("Object Repository/Form Verification/Enspire Form/Page_Enspire Family Beginnings Registration_996fe8/span_(optional)"), 0): Object 'Object Repository/Form Verification/Enspire Form/Page_Enspire Family Beginnings Registration_996fe8/span_(optional)' is present

2022-04-18 23:30:22 - [MESSAGE][WARNING] - Timeout '0' is invalid. Using default page load timeout: '5'

2022-04-18 23:30:22 - [MESSAGE][PASSED] - Object 'Object Repository/Form Verification/Enspire Form/Page_Enspire Family Beginnings Registration_996fe8/span_(optional)' is present

2022-04-18 23:30:22 - [TEST_STEP][PASSED] - verifyElementText(findTestObject("Object Repository/Form Verification/Enspire Form/Page_Enspire Family Beginnings Registration_996fe8/span_(optional)"), "(optional)"): Actual text and expected text of test object 'Object Repository/Form Verification/Enspire Form/Page_Enspire Family Beginnings Registration_996fe8/span_(optional)' are matched.

2022-04-18 23:30:22 - [MESSAGE][PASSED] - Actual text and expected text of test object 'Object Repository/Form Verification/Enspire Form/Page_Enspire Family Beginnings Registration_996fe8/span_(optional)' are matched.

2022-04-18 23:30:22 - [TEST_STEP][PASSED] - verifyElementPresent(findTestObject("Object Repository/Form Verification/Enspire Form/Page_Enspire Family Beginnings Registration_996fe8/p_Do you expect to receive infant formula f_11fd50"), 0): Object 'Object Repository/Form Verification/Enspire Form/Page_Enspire Family Beginnings Registration_996fe8/p_Do you expect to receive infant formula f_11fd50' is present

2022-04-18 23:30:22 - [MESSAGE][WARNING] - Timeout '0' is invalid. Using default page load timeout: '5'

2022-04-18 23:30:23 - [MESSAGE][PASSED] - Object 'Object Repository/Form Verification/Enspire Form/Page_Enspire Family Beginnings Registration_996fe8/p_Do you expect to receive infant formula f_11fd50' is present

2022-04-18 23:30:23 - [TEST_STEP][PASSED] - verifyElementText(findTestObject("Object Repository/Form Verification/Enspire Form/Page_Enspire Family Beginnings Registration_996fe8/p_Do you expect to receive infant formula f_11fd50"), "Do you expect to receive infant formula from the government-sponsored Special Supplemental Nutrition Program for Women, Infants, and Children (WICÂ®)?"): Actual text and expected text of test object 'Object Repository/Form Verification/Enspire Form/Page_Enspire Family Beginnings Registration_996fe8/p_Do you expect to receive infant formula f_11fd50' are matched.

2022-04-18 23:30:23 - [MESSAGE][PASSED] - Actual text and expected text of test object 'Object Repository/Form Verification/Enspire Form/Page_Enspire Family Beginnings Registration_996fe8/p_Do you expect to receive infant formula f_11fd50' are matched.

2022-04-18 23:30:23 - [TEST_STEP][PASSED] - verifyElementPresent(findTestObject("Object Repository/Form Verification/Enspire Form/Page_Enspire Family Beginnings Registration_996fe8/p_Your answer helps us personalize your Ens_02095d"), 0): Object 'Object Repository/Form Verification/Enspire Form/Page_Enspire Family Beginnings Registration_996fe8/p_Your answer helps us personalize your Ens_02095d' is present

2022-04-18 23:30:23 - [MESSAGE][WARNING] - Timeout '0' is invalid. Using default page load timeout: '5'

2022-04-18 23:30:23 - [MESSAGE][PASSED] - Object 'Object Repository/Form Verification/Enspire Form/Page_Enspire Family Beginnings Registration_996fe8/p_Your answer helps us personalize your Ens_02095d' is present

2022-04-18 23:30:23 - [TEST_STEP][PASSED] - verifyElementText(findTestObject("Object Repository/Form Verification/Enspire Form/Page_Enspire Family Beginnings Registration_996fe8/p_Your answer helps us personalize your Ens_02095d"), "Your answer helps us personalize your Enspire Family Beginnings experience."): Actual text and expected text of test object 'Object Repository/Form Verification/Enspire Form/Page_Enspire Family Beginnings Registration_996fe8/p_Your answer helps us personalize your Ens_02095d' are matched.

2022-04-18 23:30:24 - [MESSAGE][PASSED] - Actual text and expected text of test object 'Object Repository/Form Verification/Enspire Form/Page_Enspire Family Beginnings Registration_996fe8/p_Your answer helps us personalize your Ens_02095d' are matched.

2022-04-18 23:30:24 - [TEST_STEP][PASSED] - verifyElementPresent(findTestObject("Object Repository/Form Verification/Enspire Form/Page_Enspire Family Beginnings Registration_996fe8/label_Yes"), 0): Object 'Object Repository/Form Verification/Enspire Form/Page_Enspire Family Beginnings Registration_996fe8/label_Yes' is present

2022-04-18 23:30:24 - [MESSAGE][WARNING] - Timeout '0' is invalid. Using default page load timeout: '5'

2022-04-18 23:30:24 - [MESSAGE][PASSED] - Object 'Object Repository/Form Verification/Enspire Form/Page_Enspire Family Beginnings Registration_996fe8/label_Yes' is present

2022-04-18 23:30:24 - [TEST_STEP][PASSED] - verifyElementText(findTestObject("Object Repository/Form Verification/Enspire Form/Page_Enspire Family Beginnings Registration_996fe8/label_Yes"), "Yes"): Actual text and expected text of test object 'Object Repository/Form Verification/Enspire Form/Page_Enspire Family Beginnings Registration_996fe8/label_Yes' are matched.

2022-04-18 23:30:25 - [MESSAGE][PASSED] - Actual text and expected text of test object 'Object Repository/Form Verification/Enspire Form/Page_Enspire Family Beginnings Registration_996fe8/label_Yes' are matched.

2022-04-18 23:30:25 - [TEST_STEP][PASSED] - verifyElementPresent(findTestObject("Object Repository/Form Verification/Enspire Form/Page_Enspire Family Beginnings Registration_996fe8/label_No"), 0): Object 'Object Repository/Form Verification/Enspire Form/Page_Enspire Family Beginnings Registration_996fe8/label_No' is present

2022-04-18 23:30:25 - [MESSAGE][WARNING] - Timeout '0' is invalid. Using default page load timeout: '5'

2022-04-18 23:30:25 - [MESSAGE][PASSED] - Object 'Object Repository/Form Verification/Enspire Form/Page_Enspire Family Beginnings Registration_996fe8/label_No' is present

2022-04-18 23:30:25 - [TEST_STEP][PASSED] - verifyElementText(findTestObject("Object Repository/Form Verification/Enspire Form/Page_Enspire Family Beginnings Registration_996fe8/label_No"), "No"): Actual text and expected text of test object 'Object Repository/Form Verification/Enspire Form/Page_Enspire Family Beginnings Registration_996fe8/label_No' are matched.

2022-04-18 23:30:26 - [MESSAGE][PASSED] - Actual text and expected text of test object 'Object Repository/Form Verification/Enspire Form/Page_Enspire Family Beginnings Registration_996fe8/label_No' are matched.

2022-04-18 23:30:26 - [TEST_STEP][PASSED] - verifyElementPresent(findTestObject("Object Repository/Form Verification/Enspire Form/Page_Enspire Family Beginnings Registration_996fe8/label_Not sure"), 0): Object 'Object Repository/Form Verification/Enspire Form/Page_Enspire Family Beginnings Registration_996fe8/label_Not sure' is present

2022-04-18 23:30:26 - [MESSAGE][WARNING] - Timeout '0' is invalid. Using default page load timeout: '5'

2022-04-18 23:30:26 - [MESSAGE][PASSED] - Object 'Object Repository/Form Verification/Enspire Form/Page_Enspire Family Beginnings Registration_996fe8/label_Not sure' is present

2022-04-18 23:30:26 - [TEST_STEP][PASSED] - verifyElementText(findTestObject("Object Repository/Form Verification/Enspire Form/Page_Enspire Family Beginnings Registration_996fe8/label_Not sure"), "Not sure"): Actual text and expected text of test object 'Object Repository/Form Verification/Enspire Form/Page_Enspire Family Beginnings Registration_996fe8/label_Not sure' are matched.

2022-04-18 23:30:26 - [MESSAGE][PASSED] - Actual text and expected text of test object 'Object Repository/Form Verification/Enspire Form/Page_Enspire Family Beginnings Registration_996fe8/label_Not sure' are matched.

2022-04-18 23:30:26 - [TEST_STEP][PASSED] - verifyElementPresent(findTestObject("Object Repository/Form Verification/Enspire Form/Page_Enspire Family Beginnings Registration_996fe8/p_Terms and Conditions"), 0): Object 'Object Repository/Form Verification/Enspire Form/Page_Enspire Family Beginnings Registration_996fe8/p_Terms and Conditions' is present

2022-04-18 23:30:26 - [MESSAGE][WARNING] - Timeout '0' is invalid. Using default page load timeout: '5'

2022-04-18 23:30:27 - [MESSAGE][PASSED] - Object 'Object Repository/Form Verification/Enspire Form/Page_Enspire Family Beginnings Registration_996fe8/p_Terms and Conditions' is present

2022-04-18 23:30:27 - [TEST_STEP][PASSED] - verifyElementText(findTestObject("Object Repository/Form Verification/Enspire Form/Page_Enspire Family Beginnings Registration_996fe8/p_Terms and Conditions"), "Terms and Conditions"): Actual text and expected text of test object 'Object Repository/Form Verification/Enspire Form/Page_Enspire Family Beginnings Registration_996fe8/p_Terms and Conditions' are matched.

2022-04-18 23:30:27 - [MESSAGE][PASSED] - Actual text and expected text of test object 'Object Repository/Form Verification/Enspire Form/Page_Enspire Family Beginnings Registration_996fe8/p_Terms and Conditions' are matched.

2022-04-18 23:30:27 - [TEST_STEP][PASSED] - verifyElementPresent(findTestObject("Object Repository/Form Verification/Enspire Form/Page_Enspire Family Beginnings Registration_996fe8/p_By clicking Submit, I agree to join the E_a301af"), 0): Object 'Object Repository/Form Verification/Enspire Form/Page_Enspire Family Beginnings Registration_996fe8/p_By clicking Submit, I agree to join the E_a301af' is present

2022-04-18 23:30:27 - [MESSAGE][WARNING] - Timeout '0' is invalid. Using default page load timeout: '5'

2022-04-18 23:30:28 - [MESSAGE][PASSED] - Object 'Object Repository/Form Verification/Enspire Form/Page_Enspire Family Beginnings Registration_996fe8/p_By clicking Submit, I agree to join the E_a301af' is present

2022-04-18 23:30:28 - [TEST_STEP][PASSED] - verifyElementText(findTestObject("Object Repository/Form Verification/Enspire Form/Page_Enspire Family Beginnings Registration_996fe8/p_By clicking Submit, I agree to join the E_a301af"), "By clicking â€œSubmitâ€�, I agree to join the Enspire Family Beginnings by Enfamil program and to receive free samples, offers and other communications from the Enspire Family Beginnings by Enfamil program and receive other information and offers on family-related health and hygiene products and services from Mead Johnson Nutritionâ€™s affiliated companies. I understand that my information will be shared with such affiliates and will be used in accordance with their own privacy policies. By joining, I acknowledge that I have reviewed and agree to the Terms of Use and Privacy Policy."): Actual text and expected text of test object 'Object Repository/Form Verification/Enspire Form/Page_Enspire Family Beginnings Registration_996fe8/p_By clicking Submit, I agree to join the E_a301af' are matched.

2022-04-18 23:30:28 - [MESSAGE][PASSED] - Actual text and expected text of test object 'Object Repository/Form Verification/Enspire Form/Page_Enspire Family Beginnings Registration_996fe8/p_By clicking Submit, I agree to join the E_a301af' are matched.

2022-04-18 23:30:28 - [TEST_STEP][PASSED] - verifyElementPresent(findTestObject("Object Repository/Form Verification/Enspire Form/Page_Enspire Family Beginnings Registration_996fe8/a_Terms of Use"), 0): Object 'Object Repository/Form Verification/Enspire Form/Page_Enspire Family Beginnings Registration_996fe8/a_Terms of Use' is present

2022-04-18 23:30:28 - [MESSAGE][WARNING] - Timeout '0' is invalid. Using default page load timeout: '5'

2022-04-18 23:30:28 - [MESSAGE][PASSED] - Object 'Object Repository/Form Verification/Enspire Form/Page_Enspire Family Beginnings Registration_996fe8/a_Terms of Use' is present

2022-04-18 23:30:28 - [TEST_STEP][PASSED] - verifyElementText(findTestObject("Object Repository/Form Verification/Enspire Form/Page_Enspire Family Beginnings Registration_996fe8/a_Terms of Use"), "Terms of Use"): Actual text and expected text of test object 'Object Repository/Form Verification/Enspire Form/Page_Enspire Family Beginnings Registration_996fe8/a_Terms of Use' are matched.

2022-04-18 23:30:29 - [MESSAGE][PASSED] - Actual text and expected text of test object 'Object Repository/Form Verification/Enspire Form/Page_Enspire Family Beginnings Registration_996fe8/a_Terms of Use' are matched.

2022-04-18 23:30:29 - [TEST_STEP][PASSED] - verifyElementClickable(findTestObject("Object Repository/Form Verification/Enspire Form/Page_Enspire Family Beginnings Registration_996fe8/a_Terms of Use")): Object 'Object Repository/Form Verification/Enspire Form/Page_Enspire Family Beginnings Registration_996fe8/a_Terms of Use' is clickable

2022-04-18 23:30:29 - [MESSAGE][PASSED] - Object 'Object Repository/Form Verification/Enspire Form/Page_Enspire Family Beginnings Registration_996fe8/a_Terms of Use' is clickable

2022-04-18 23:30:29 - [TEST_STEP][PASSED] - verifyElementPresent(findTestObject("Object Repository/Form Verification/Enspire Form/Page_Enspire Family Beginnings Registration_996fe8/a_Privacy Policy"), 0): Object 'Object Repository/Form Verification/Enspire Form/Page_Enspire Family Beginnings Registration_996fe8/a_Privacy Policy' is present

2022-04-18 23:30:29 - [MESSAGE][WARNING] - Timeout '0' is invalid. Using default page load timeout: '5'

2022-04-18 23:30:30 - [MESSAGE][PASSED] - Object 'Object Repository/Form Verification/Enspire Form/Page_Enspire Family Beginnings Registration_996fe8/a_Privacy Policy' is present

2022-04-18 23:30:30 - [TEST_STEP][PASSED] - verifyElementText(findTestObject("Object Repository/Form Verification/Enspire Form/Page_Enspire Family Beginnings Registration_996fe8/a_Privacy Policy"), "Privacy Policy"): Actual text and expected text of test object 'Object Repository/Form Verification/Enspire Form/Page_Enspire Family Beginnings Registration_996fe8/a_Privacy Policy' are matched.

2022-04-18 23:30:30 - [MESSAGE][PASSED] - Actual text and expected text of test object 'Object Repository/Form Verification/Enspire Form/Page_Enspire Family Beginnings Registration_996fe8/a_Privacy Policy' are matched.

2022-04-18 23:30:30 - [TEST_STEP][PASSED] - verifyElementClickable(findTestObject("Object Repository/Form Verification/Enspire Form/Page_Enspire Family Beginnings Registration_996fe8/a_Privacy Policy")): Object 'Object Repository/Form Verification/Enspire Form/Page_Enspire Family Beginnings Registration_996fe8/a_Privacy Policy' is clickable

2022-04-18 23:30:30 - [MESSAGE][PASSED] - Object 'Object Repository/Form Verification/Enspire Form/Page_Enspire Family Beginnings Registration_996fe8/a_Privacy Policy' is clickable

2022-04-18 23:30:30 - [TEST_STEP][PASSED] - verifyElementPresent(findTestObject("Object Repository/Form Verification/Enspire Form/Page_Enspire Family Beginnings Registration_996fe8/button_Submit"), 0): Object 'Object Repository/Form Verification/Enspire Form/Page_Enspire Family Beginnings Registration_996fe8/button_Submit' is present

2022-04-18 23:30:31 - [MESSAGE][WARNING] - Timeout '0' is invalid. Using default page load timeout: '5'

2022-04-18 23:30:31 - [MESSAGE][PASSED] - Object 'Object Repository/Form Verification/Enspire Form/Page_Enspire Family Beginnings Registration_996fe8/button_Submit' is present

2022-04-18 23:30:31 - [TEST_STEP][PASSED] - verifyElementText(findTestObject("Object Repository/Form Verification/Enspire Form/Page_Enspire Family Beginnings Registration_996fe8/button_Submit"), "Submit"): Actual text and expected text of test object 'Object Repository/Form Verification/Enspire Form/Page_Enspire Family Beginnings Registration_996fe8/button_Submit' are matched.

2022-04-18 23:30:31 - [MESSAGE][PASSED] - Actual text and expected text of test object 'Object Repository/Form Verification/Enspire Form/Page_Enspire Family Beginnings Registration_996fe8/button_Submit' are matched.

2022-04-18 23:30:31 - [TEST_STEP][PASSED] - verifyElementClickable(findTestObject("Object Repository/Form Verification/Enspire Form/Page_Enspire Family Beginnings Registration_996fe8/button_Submit")): Object 'Object Repository/Form Verification/Enspire Form/Page_Enspire Family Beginnings Registration_996fe8/button_Submit' is clickable

2022-04-18 23:30:32 - [MESSAGE][PASSED] - Object 'Object Repository/Form Verification/Enspire Form/Page_Enspire Family Beginnings Registration_996fe8/button_Submit' is clickable

2022-04-18 23:30:32 - [TEST_STEP][PASSED] - closeBrowser(): Browser is closed

2022-04-18 23:30:33 - [MESSAGE][PASSED] - Browser is closed]]></system-out>
         <system-err><![CDATA[2022-04-18 23:29:04 - [TEST_CASE][FAILED] - Test Cases/Venkat/Forms Verification/Enspire - Form Verification - UAT: Test Cases/Venkat/Forms Verification/Enspire - Form Verification - UAT FAILED.
Reason:
com.kms.katalon.core.exception.StepFailedException: com.kms.katalon.core.webui.exception.WebElementNotFoundException: Web element with id: 'Object Repository/Form Verification/Enspire Form/Page_Enspire Family Beginnings Registration_996fe8/label_Consent to Receive Certain Text Messa_5ce4cc' located by '//div[@id='__next']/div/div/main/article/section[2]/div/div[2]/div/div/div/form/section/div/div[9]/div/div[2]/label' not found (Root cause: com.kms.katalon.core.exception.StepFailedException: com.kms.katalon.core.webui.exception.WebElementNotFoundException: Web element with id: 'Object Repository/Form Verification/Enspire Form/Page_Enspire Family Beginnings Registration_996fe8/label_Consent to Receive Certain Text Messa_5ce4cc' located by '//div[@id='__next']/div/div/main/article/section[2]/div/div[2]/div/div/div/form/section/div/div[9]/div/div[2]/label' not found
	at com.kms.katalon.core.webui.keyword.internal.WebUIKeywordMain.stepFailed(WebUIKeywordMain.groovy:64)
	at com.kms.katalon.core.webui.keyword.builtin.VerifyElementPresentKeyword$_verifyElementPresent_closure1.doCall(VerifyElementPresentKeyword.groovy:85)
	at com.kms.katalon.core.webui.keyword.builtin.VerifyElementPresentKeyword$_verifyElementPresent_closure1.call(VerifyElementPresentKeyword.groovy)
	at com.kms.katalon.core.webui.keyword.internal.WebUIKeywordMain.runKeyword(WebUIKeywordMain.groovy:20)
	at com.kms.katalon.core.webui.keyword.builtin.VerifyElementPresentKeyword.verifyElementPresent(VerifyElementPresentKeyword.groovy:92)
	at com.kms.katalon.core.webui.keyword.builtin.VerifyElementPresentKeyword.execute(VerifyElementPresentKeyword.groovy:68)
	at com.kms.katalon.core.keyword.internal.KeywordExecutor.executeKeywordForPlatform(KeywordExecutor.groovy:74)
	at com.kms.katalon.core.webui.keyword.WebUiBuiltInKeywords.verifyElementPresent(WebUiBuiltInKeywords.groovy:1464)
	at com.kms.katalon.core.webui.keyword.WebUiBuiltInKeywords$verifyElementPresent$4.call(Unknown Source)
	at Enspire - Form Verification - UAT.run(Enspire - Form Verification - UAT:176)
	at com.kms.katalon.core.main.ScriptEngine.run(ScriptEngine.java:194)
	at com.kms.katalon.core.main.ScriptEngine.runScriptAsRawText(ScriptEngine.java:119)
	at com.kms.katalon.core.main.TestCaseExecutor.runScript(TestCaseExecutor.java:445)
	at com.kms.katalon.core.main.TestCaseExecutor.doExecute(TestCaseExecutor.java:436)
	at com.kms.katalon.core.main.TestCaseExecutor.processExecutionPhase(TestCaseExecutor.java:415)
	at com.kms.katalon.core.main.TestCaseExecutor.accessMainPhase(TestCaseExecutor.java:407)
	at com.kms.katalon.core.main.TestCaseExecutor.execute(TestCaseExecutor.java:284)
	at com.kms.katalon.core.common.CommonExecutor.accessTestCaseMainPhase(CommonExecutor.java:65)
	at com.kms.katalon.core.main.TestSuiteExecutor.accessTestSuiteMainPhase(TestSuiteExecutor.java:144)
	at com.kms.katalon.core.main.TestSuiteExecutor.execute(TestSuiteExecutor.java:106)
	at com.kms.katalon.core.main.TestCaseMain.startTestSuite(TestCaseMain.java:185)
	at com.kms.katalon.core.main.TestCaseMain$startTestSuite$0.call(Unknown Source)
	at TempTestSuite1650304259606.run(TempTestSuite1650304259606.groovy:36)
)
	at com.kms.katalon.core.keyword.internal.KeywordMain.stepFailed(KeywordMain.groovy:39)
	at com.kms.katalon.core.webui.keyword.internal.WebUIKeywordMain.stepFailed(WebUIKeywordMain.groovy:64)
	at com.kms.katalon.core.webui.keyword.builtin.VerifyElementPresentKeyword$_verifyElementPresent_closure1.doCall(VerifyElementPresentKeyword.groovy:85)
	at com.kms.katalon.core.webui.keyword.builtin.VerifyElementPresentKeyword$_verifyElementPresent_closure1.call(VerifyElementPresentKeyword.groovy)
	at com.kms.katalon.core.webui.keyword.internal.WebUIKeywordMain.runKeyword(WebUIKeywordMain.groovy:20)
	at com.kms.katalon.core.webui.keyword.builtin.VerifyElementPresentKeyword.verifyElementPresent(VerifyElementPresentKeyword.groovy:92)
	at com.kms.katalon.core.webui.keyword.builtin.VerifyElementPresentKeyword.execute(VerifyElementPresentKeyword.groovy:68)
	at com.kms.katalon.core.keyword.internal.KeywordExecutor.executeKeywordForPlatform(KeywordExecutor.groovy:74)
	at com.kms.katalon.core.webui.keyword.WebUiBuiltInKeywords.verifyElementPresent(WebUiBuiltInKeywords.groovy:1464)
	at com.kms.katalon.core.webui.keyword.WebUiBuiltInKeywords$verifyElementPresent$4.call(Unknown Source)
	at Enspire - Form Verification - UAT.run(Enspire - Form Verification - UAT:176)
	at com.kms.katalon.core.main.ScriptEngine.run(ScriptEngine.java:194)
	at com.kms.katalon.core.main.ScriptEngine.runScriptAsRawText(ScriptEngine.java:119)
	at com.kms.katalon.core.main.TestCaseExecutor.runScript(TestCaseExecutor.java:445)
	at com.kms.katalon.core.main.TestCaseExecutor.doExecute(TestCaseExecutor.java:436)
	at com.kms.katalon.core.main.TestCaseExecutor.processExecutionPhase(TestCaseExecutor.java:415)
	at com.kms.katalon.core.main.TestCaseExecutor.accessMainPhase(TestCaseExecutor.java:407)
	at com.kms.katalon.core.main.TestCaseExecutor.execute(TestCaseExecutor.java:284)
	at com.kms.katalon.core.common.CommonExecutor.accessTestCaseMainPhase(CommonExecutor.java:65)
	at com.kms.katalon.core.main.TestSuiteExecutor.accessTestSuiteMainPhase(TestSuiteExecutor.java:144)
	at com.kms.katalon.core.main.TestSuiteExecutor.execute(TestSuiteExecutor.java:106)
	at com.kms.katalon.core.main.TestCaseMain.startTestSuite(TestCaseMain.java:185)
	at com.kms.katalon.core.main.TestCaseMain$startTestSuite$0.call(Unknown Source)
	at TempTestSuite1650304259606.run(TempTestSuite1650304259606.groovy:36)
Caused by: com.kms.katalon.core.exception.StepFailedException: com.kms.katalon.core.webui.exception.WebElementNotFoundException: Web element with id: 'Object Repository/Form Verification/Enspire Form/Page_Enspire Family Beginnings Registration_996fe8/label_Consent to Receive Certain Text Messa_5ce4cc' located by '//div[@id='__next']/div/div/main/article/section[2]/div/div[2]/div/div/div/form/section/div/div[9]/div/div[2]/label' not found
	... 23 more]]></system-err>
      </testcase>
      <testcase name="Test Cases/Venkat/Forms Verification/HCP Offer - Form Verification" time="37.133" classname="Test Cases/Venkat/Forms Verification/HCP Offer - Form Verification" status="FAILED">
         <failure type="FAILED" message="Test Cases/Venkat/Forms Verification/HCP Offer - Form Verification FAILED.
Reason:
com.kms.katalon.core.exception.StepFailedException: Actual text 'Get your offer worth up to $15 off on Enfamil NeuroProâ„¢' and expected text 'Get your offer worth up to $15 on Enfamil products' of test object 'Object Repository/Form Verification/HCP Offer Form/Page_/h3_Get your offer worth up to 15 off on Enf_306f7c' are NOT matched. (Root cause: com.kms.katalon.core.exception.StepFailedException: Actual text 'Get your offer worth up to $15 off on Enfamil NeuroProâ„¢' and expected text 'Get your offer worth up to $15 on Enfamil products' of test object 'Object Repository/Form Verification/HCP Offer Form/Page_/h3_Get your offer worth up to 15 off on Enf_306f7c' are NOT matched.
	at com.kms.katalon.core.webui.keyword.internal.WebUIKeywordMain.stepFailed(WebUIKeywordMain.groovy:64)
	at com.kms.katalon.core.webui.keyword.builtin.VerifyElementTextKeyword$_verifyElementText_closure1.doCall(VerifyElementTextKeyword.groovy:57)
	at com.kms.katalon.core.webui.keyword.builtin.VerifyElementTextKeyword$_verifyElementText_closure1.call(VerifyElementTextKeyword.groovy)
	at com.kms.katalon.core.webui.keyword.internal.WebUIKeywordMain.runKeyword(WebUIKeywordMain.groovy:20)
	at com.kms.katalon.core.webui.keyword.builtin.VerifyElementTextKeyword.verifyElementText(VerifyElementTextKeyword.groovy:72)
	at com.kms.katalon.core.webui.keyword.builtin.VerifyElementTextKeyword.execute(VerifyElementTextKeyword.groovy:40)
	at com.kms.katalon.core.keyword.internal.KeywordExecutor.executeKeywordForPlatform(KeywordExecutor.groovy:74)
	at com.kms.katalon.core.webui.keyword.WebUiBuiltInKeywords.verifyElementText(WebUiBuiltInKeywords.groovy:4749)
	at com.kms.katalon.core.webui.keyword.WebUiBuiltInKeywords$verifyElementText$5.call(Unknown Source)
	at HCP Offer - Form Verification.run(HCP Offer - Form Verification:38)
	at com.kms.katalon.core.main.ScriptEngine.run(ScriptEngine.java:194)
	at com.kms.katalon.core.main.ScriptEngine.runScriptAsRawText(ScriptEngine.java:119)
	at com.kms.katalon.core.main.TestCaseExecutor.runScript(TestCaseExecutor.java:445)
	at com.kms.katalon.core.main.TestCaseExecutor.doExecute(TestCaseExecutor.java:436)
	at com.kms.katalon.core.main.TestCaseExecutor.processExecutionPhase(TestCaseExecutor.java:415)
	at com.kms.katalon.core.main.TestCaseExecutor.accessMainPhase(TestCaseExecutor.java:407)
	at com.kms.katalon.core.main.TestCaseExecutor.execute(TestCaseExecutor.java:284)
	at com.kms.katalon.core.common.CommonExecutor.accessTestCaseMainPhase(CommonExecutor.java:65)
	at com.kms.katalon.core.main.TestSuiteExecutor.accessTestSuiteMainPhase(TestSuiteExecutor.java:144)
	at com.kms.katalon.core.main.TestSuiteExecutor.execute(TestSuiteExecutor.java:106)
	at com.kms.katalon.core.main.TestCaseMain.startTestSuite(TestCaseMain.java:185)
	at com.kms.katalon.core.main.TestCaseMain$startTestSuite$0.call(Unknown Source)
	at TempTestSuite1650304259606.run(TempTestSuite1650304259606.groovy:36)
)
	at com.kms.katalon.core.keyword.internal.KeywordMain.stepFailed(KeywordMain.groovy:39)
	at com.kms.katalon.core.webui.keyword.internal.WebUIKeywordMain.stepFailed(WebUIKeywordMain.groovy:64)
	at com.kms.katalon.core.webui.keyword.builtin.VerifyElementTextKeyword$_verifyElementText_closure1.doCall(VerifyElementTextKeyword.groovy:57)
	at com.kms.katalon.core.webui.keyword.builtin.VerifyElementTextKeyword$_verifyElementText_closure1.call(VerifyElementTextKeyword.groovy)
	at com.kms.katalon.core.webui.keyword.internal.WebUIKeywordMain.runKeyword(WebUIKeywordMain.groovy:20)
	at com.kms.katalon.core.webui.keyword.builtin.VerifyElementTextKeyword.verifyElementText(VerifyElementTextKeyword.groovy:72)
	at com.kms.katalon.core.webui.keyword.builtin.VerifyElementTextKeyword.execute(VerifyElementTextKeyword.groovy:40)
	at com.kms.katalon.core.keyword.internal.KeywordExecutor.executeKeywordForPlatform(KeywordExecutor.groovy:74)
	at com.kms.katalon.core.webui.keyword.WebUiBuiltInKeywords.verifyElementText(WebUiBuiltInKeywords.groovy:4749)
	at com.kms.katalon.core.webui.keyword.WebUiBuiltInKeywords$verifyElementText$5.call(Unknown Source)
	at HCP Offer - Form Verification.run(HCP Offer - Form Verification:38)
	at com.kms.katalon.core.main.ScriptEngine.run(ScriptEngine.java:194)
	at com.kms.katalon.core.main.ScriptEngine.runScriptAsRawText(ScriptEngine.java:119)
	at com.kms.katalon.core.main.TestCaseExecutor.runScript(TestCaseExecutor.java:445)
	at com.kms.katalon.core.main.TestCaseExecutor.doExecute(TestCaseExecutor.java:436)
	at com.kms.katalon.core.main.TestCaseExecutor.processExecutionPhase(TestCaseExecutor.java:415)
	at com.kms.katalon.core.main.TestCaseExecutor.accessMainPhase(TestCaseExecutor.java:407)
	at com.kms.katalon.core.main.TestCaseExecutor.execute(TestCaseExecutor.java:284)
	at com.kms.katalon.core.common.CommonExecutor.accessTestCaseMainPhase(CommonExecutor.java:65)
	at com.kms.katalon.core.main.TestSuiteExecutor.accessTestSuiteMainPhase(TestSuiteExecutor.java:144)
	at com.kms.katalon.core.main.TestSuiteExecutor.execute(TestSuiteExecutor.java:106)
	at com.kms.katalon.core.main.TestCaseMain.startTestSuite(TestCaseMain.java:185)
	at com.kms.katalon.core.main.TestCaseMain$startTestSuite$0.call(Unknown Source)
	at TempTestSuite1650304259606.run(TempTestSuite1650304259606.groovy:36)
Caused by: com.kms.katalon.core.exception.StepFailedException: Actual text 'Get your offer worth up to $15 off on Enfamil NeuroProâ„¢' and expected text 'Get your offer worth up to $15 on Enfamil products' of test object 'Object Repository/Form Verification/HCP Offer Form/Page_/h3_Get your offer worth up to 15 off on Enf_306f7c' are NOT matched.
	... 23 more
"/>
         <system-out><![CDATA[2022-04-18 23:30:33 - [TEST_CASE][FAILED] - Test Cases/Venkat/Forms Verification/HCP Offer - Form Verification: Test Cases/Venkat/Forms Verification/HCP Offer - Form Verification FAILED.
Reason:
com.kms.katalon.core.exception.StepFailedException: Actual text 'Get your offer worth up to $15 off on Enfamil NeuroProâ„¢' and expected text 'Get your offer worth up to $15 on Enfamil products' of test object 'Object Repository/Form Verification/HCP Offer Form/Page_/h3_Get your offer worth up to 15 off on Enf_306f7c' are NOT matched. (Root cause: com.kms.katalon.core.exception.StepFailedException: Actual text 'Get your offer worth up to $15 off on Enfamil NeuroProâ„¢' and expected text 'Get your offer worth up to $15 on Enfamil products' of test object 'Object Repository/Form Verification/HCP Offer Form/Page_/h3_Get your offer worth up to 15 off on Enf_306f7c' are NOT matched.
	at com.kms.katalon.core.webui.keyword.internal.WebUIKeywordMain.stepFailed(WebUIKeywordMain.groovy:64)
	at com.kms.katalon.core.webui.keyword.builtin.VerifyElementTextKeyword$_verifyElementText_closure1.doCall(VerifyElementTextKeyword.groovy:57)
	at com.kms.katalon.core.webui.keyword.builtin.VerifyElementTextKeyword$_verifyElementText_closure1.call(VerifyElementTextKeyword.groovy)
	at com.kms.katalon.core.webui.keyword.internal.WebUIKeywordMain.runKeyword(WebUIKeywordMain.groovy:20)
	at com.kms.katalon.core.webui.keyword.builtin.VerifyElementTextKeyword.verifyElementText(VerifyElementTextKeyword.groovy:72)
	at com.kms.katalon.core.webui.keyword.builtin.VerifyElementTextKeyword.execute(VerifyElementTextKeyword.groovy:40)
	at com.kms.katalon.core.keyword.internal.KeywordExecutor.executeKeywordForPlatform(KeywordExecutor.groovy:74)
	at com.kms.katalon.core.webui.keyword.WebUiBuiltInKeywords.verifyElementText(WebUiBuiltInKeywords.groovy:4749)
	at com.kms.katalon.core.webui.keyword.WebUiBuiltInKeywords$verifyElementText$5.call(Unknown Source)
	at HCP Offer - Form Verification.run(HCP Offer - Form Verification:38)
	at com.kms.katalon.core.main.ScriptEngine.run(ScriptEngine.java:194)
	at com.kms.katalon.core.main.ScriptEngine.runScriptAsRawText(ScriptEngine.java:119)
	at com.kms.katalon.core.main.TestCaseExecutor.runScript(TestCaseExecutor.java:445)
	at com.kms.katalon.core.main.TestCaseExecutor.doExecute(TestCaseExecutor.java:436)
	at com.kms.katalon.core.main.TestCaseExecutor.processExecutionPhase(TestCaseExecutor.java:415)
	at com.kms.katalon.core.main.TestCaseExecutor.accessMainPhase(TestCaseExecutor.java:407)
	at com.kms.katalon.core.main.TestCaseExecutor.execute(TestCaseExecutor.java:284)
	at com.kms.katalon.core.common.CommonExecutor.accessTestCaseMainPhase(CommonExecutor.java:65)
	at com.kms.katalon.core.main.TestSuiteExecutor.accessTestSuiteMainPhase(TestSuiteExecutor.java:144)
	at com.kms.katalon.core.main.TestSuiteExecutor.execute(TestSuiteExecutor.java:106)
	at com.kms.katalon.core.main.TestCaseMain.startTestSuite(TestCaseMain.java:185)
	at com.kms.katalon.core.main.TestCaseMain$startTestSuite$0.call(Unknown Source)
	at TempTestSuite1650304259606.run(TempTestSuite1650304259606.groovy:36)
)
	at com.kms.katalon.core.keyword.internal.KeywordMain.stepFailed(KeywordMain.groovy:39)
	at com.kms.katalon.core.webui.keyword.internal.WebUIKeywordMain.stepFailed(WebUIKeywordMain.groovy:64)
	at com.kms.katalon.core.webui.keyword.builtin.VerifyElementTextKeyword$_verifyElementText_closure1.doCall(VerifyElementTextKeyword.groovy:57)
	at com.kms.katalon.core.webui.keyword.builtin.VerifyElementTextKeyword$_verifyElementText_closure1.call(VerifyElementTextKeyword.groovy)
	at com.kms.katalon.core.webui.keyword.internal.WebUIKeywordMain.runKeyword(WebUIKeywordMain.groovy:20)
	at com.kms.katalon.core.webui.keyword.builtin.VerifyElementTextKeyword.verifyElementText(VerifyElementTextKeyword.groovy:72)
	at com.kms.katalon.core.webui.keyword.builtin.VerifyElementTextKeyword.execute(VerifyElementTextKeyword.groovy:40)
	at com.kms.katalon.core.keyword.internal.KeywordExecutor.executeKeywordForPlatform(KeywordExecutor.groovy:74)
	at com.kms.katalon.core.webui.keyword.WebUiBuiltInKeywords.verifyElementText(WebUiBuiltInKeywords.groovy:4749)
	at com.kms.katalon.core.webui.keyword.WebUiBuiltInKeywords$verifyElementText$5.call(Unknown Source)
	at HCP Offer - Form Verification.run(HCP Offer - Form Verification:38)
	at com.kms.katalon.core.main.ScriptEngine.run(ScriptEngine.java:194)
	at com.kms.katalon.core.main.ScriptEngine.runScriptAsRawText(ScriptEngine.java:119)
	at com.kms.katalon.core.main.TestCaseExecutor.runScript(TestCaseExecutor.java:445)
	at com.kms.katalon.core.main.TestCaseExecutor.doExecute(TestCaseExecutor.java:436)
	at com.kms.katalon.core.main.TestCaseExecutor.processExecutionPhase(TestCaseExecutor.java:415)
	at com.kms.katalon.core.main.TestCaseExecutor.accessMainPhase(TestCaseExecutor.java:407)
	at com.kms.katalon.core.main.TestCaseExecutor.execute(TestCaseExecutor.java:284)
	at com.kms.katalon.core.common.CommonExecutor.accessTestCaseMainPhase(CommonExecutor.java:65)
	at com.kms.katalon.core.main.TestSuiteExecutor.accessTestSuiteMainPhase(TestSuiteExecutor.java:144)
	at com.kms.katalon.core.main.TestSuiteExecutor.execute(TestSuiteExecutor.java:106)
	at com.kms.katalon.core.main.TestCaseMain.startTestSuite(TestCaseMain.java:185)
	at com.kms.katalon.core.main.TestCaseMain$startTestSuite$0.call(Unknown Source)
	at TempTestSuite1650304259606.run(TempTestSuite1650304259606.groovy:36)
Caused by: com.kms.katalon.core.exception.StepFailedException: Actual text 'Get your offer worth up to $15 off on Enfamil NeuroProâ„¢' and expected text 'Get your offer worth up to $15 on Enfamil products' of test object 'Object Repository/Form Verification/HCP Offer Form/Page_/h3_Get your offer worth up to 15 off on Enf_306f7c' are NOT matched.
	... 23 more


2022-04-18 23:30:33 - [TEST_STEP][PASSED] - openBrowser(""): Browser is opened with url: ''

2022-04-18 23:30:33 - [MESSAGE][INFO] - Starting 'Chrome' driver

2022-04-18 23:30:33 - [MESSAGE][INFO] - Action delay is set to 0 milliseconds

2022-04-18 23:30:35 - [MESSAGE][PASSED] - Browser is opened with url: ''

2022-04-18 23:30:35 - [TEST_STEP][PASSED] - navigateToUrl(HCPoffer): Navigate to 'https://enfamil-us.cdn.test.us-east-1.starterkit.rbcloud.io/hcp-offer/' successfully

2022-04-18 23:30:37 - [MESSAGE][PASSED] - Navigate to 'https://enfamil-us.cdn.test.us-east-1.starterkit.rbcloud.io/hcp-offer/' successfully

2022-04-18 23:30:37 - [TEST_STEP][PASSED] - maximizeWindow(): Current window maximized

2022-04-18 23:30:37 - [MESSAGE][PASSED] - Current window maximized

2022-04-18 23:30:37 - [TEST_STEP][PASSED] - delay(10): Delayed 10 second(s)

2022-04-18 23:30:47 - [MESSAGE][PASSED] - Delayed 10 second(s)

2022-04-18 23:30:47 - [TEST_STEP][PASSED] - click(findTestObject("Object Repository/Form Verification/HCP Offer Form/Page_/button_GOT IT_onetrust-close-btn-handler on_95ce22")): Object: 'Object Repository/Form Verification/HCP Offer Form/Page_/button_GOT IT_onetrust-close-btn-handler on_95ce22' is clicked on

2022-04-18 23:30:48 - [MESSAGE][PASSED] - Object: 'Object Repository/Form Verification/HCP Offer Form/Page_/button_GOT IT_onetrust-close-btn-handler on_95ce22' is clicked on

2022-04-18 23:30:48 - [TEST_STEP][PASSED] - verifyElementPresent(findTestObject("Object Repository/Form Verification/HCP Offer Form/Page_/span_Redeem Offer"), 0): Object 'Object Repository/Form Verification/HCP Offer Form/Page_/span_Redeem Offer' is present

2022-04-18 23:30:48 - [MESSAGE][WARNING] - Timeout '0' is invalid. Using default page load timeout: '5'

2022-04-18 23:30:49 - [MESSAGE][PASSED] - Object 'Object Repository/Form Verification/HCP Offer Form/Page_/span_Redeem Offer' is present

2022-04-18 23:30:49 - [TEST_STEP][PASSED] - verifyElementText(findTestObject("Object Repository/Form Verification/HCP Offer Form/Page_/span_Redeem Offer"), "Redeem Offer"): Actual text and expected text of test object 'Object Repository/Form Verification/HCP Offer Form/Page_/span_Redeem Offer' are matched.

2022-04-18 23:30:50 - [MESSAGE][PASSED] - Actual text and expected text of test object 'Object Repository/Form Verification/HCP Offer Form/Page_/span_Redeem Offer' are matched.

2022-04-18 23:30:50 - [TEST_STEP][PASSED] - verifyElementPresent(findTestObject("Object Repository/Form Verification/HCP Offer Form/Page_/h3_Get your offer worth up to 15 off on Enf_306f7c"), 0): Object 'Object Repository/Form Verification/HCP Offer Form/Page_/h3_Get your offer worth up to 15 off on Enf_306f7c' is present

2022-04-18 23:30:50 - [MESSAGE][WARNING] - Timeout '0' is invalid. Using default page load timeout: '5'

2022-04-18 23:30:50 - [MESSAGE][PASSED] - Object 'Object Repository/Form Verification/HCP Offer Form/Page_/h3_Get your offer worth up to 15 off on Enf_306f7c' is present

2022-04-18 23:30:50 - [TEST_STEP][FAILED] - verifyElementText(findTestObject("Object Repository/Form Verification/HCP Offer Form/Page_/h3_Get your offer worth up to 15 off on Enf_306f7c"), "Get your offer worth up to $15 on Enfamil products"): Actual text 'Get your offer worth up to $15 off on Enfamil NeuroProâ„¢' and expected text 'Get your offer worth up to $15 on Enfamil products' of test object 'Object Repository/Form Verification/HCP Offer Form/Page_/h3_Get your offer worth up to 15 off on Enf_306f7c' are NOT matched. (Root cause: com.kms.katalon.core.exception.StepFailedException: Actual text 'Get your offer worth up to $15 off on Enfamil NeuroProâ„¢' and expected text 'Get your offer worth up to $15 on Enfamil products' of test object 'Object Repository/Form Verification/HCP Offer Form/Page_/h3_Get your offer worth up to 15 off on Enf_306f7c' are NOT matched.
	at com.kms.katalon.core.webui.keyword.internal.WebUIKeywordMain.stepFailed(WebUIKeywordMain.groovy:64)
	at com.kms.katalon.core.webui.keyword.builtin.VerifyElementTextKeyword$_verifyElementText_closure1.doCall(VerifyElementTextKeyword.groovy:57)
	at com.kms.katalon.core.webui.keyword.builtin.VerifyElementTextKeyword$_verifyElementText_closure1.call(VerifyElementTextKeyword.groovy)
	at com.kms.katalon.core.webui.keyword.internal.WebUIKeywordMain.runKeyword(WebUIKeywordMain.groovy:20)
	at com.kms.katalon.core.webui.keyword.builtin.VerifyElementTextKeyword.verifyElementText(VerifyElementTextKeyword.groovy:72)
	at com.kms.katalon.core.webui.keyword.builtin.VerifyElementTextKeyword.execute(VerifyElementTextKeyword.groovy:40)
	at com.kms.katalon.core.keyword.internal.KeywordExecutor.executeKeywordForPlatform(KeywordExecutor.groovy:74)
	at com.kms.katalon.core.webui.keyword.WebUiBuiltInKeywords.verifyElementText(WebUiBuiltInKeywords.groovy:4749)
	at com.kms.katalon.core.webui.keyword.WebUiBuiltInKeywords$verifyElementText$5.call(Unknown Source)
	at HCP Offer - Form Verification.run(HCP Offer - Form Verification:38)
	at com.kms.katalon.core.main.ScriptEngine.run(ScriptEngine.java:194)
	at com.kms.katalon.core.main.ScriptEngine.runScriptAsRawText(ScriptEngine.java:119)
	at com.kms.katalon.core.main.TestCaseExecutor.runScript(TestCaseExecutor.java:445)
	at com.kms.katalon.core.main.TestCaseExecutor.doExecute(TestCaseExecutor.java:436)
	at com.kms.katalon.core.main.TestCaseExecutor.processExecutionPhase(TestCaseExecutor.java:415)
	at com.kms.katalon.core.main.TestCaseExecutor.accessMainPhase(TestCaseExecutor.java:407)
	at com.kms.katalon.core.main.TestCaseExecutor.execute(TestCaseExecutor.java:284)
	at com.kms.katalon.core.common.CommonExecutor.accessTestCaseMainPhase(CommonExecutor.java:65)
	at com.kms.katalon.core.main.TestSuiteExecutor.accessTestSuiteMainPhase(TestSuiteExecutor.java:144)
	at com.kms.katalon.core.main.TestSuiteExecutor.execute(TestSuiteExecutor.java:106)
	at com.kms.katalon.core.main.TestCaseMain.startTestSuite(TestCaseMain.java:185)
	at com.kms.katalon.core.main.TestCaseMain$startTestSuite$0.call(Unknown Source)
	at TempTestSuite1650304259606.run(TempTestSuite1650304259606.groovy:36)
)

2022-04-18 23:30:52 - [MESSAGE][FAILED] - Actual text 'Get your offer worth up to $15 off on Enfamil NeuroProâ„¢' and expected text 'Get your offer worth up to $15 on Enfamil products' of test object 'Object Repository/Form Verification/HCP Offer Form/Page_/h3_Get your offer worth up to 15 off on Enf_306f7c' are NOT matched. (Root cause: com.kms.katalon.core.exception.StepFailedException: Actual text 'Get your offer worth up to $15 off on Enfamil NeuroProâ„¢' and expected text 'Get your offer worth up to $15 on Enfamil products' of test object 'Object Repository/Form Verification/HCP Offer Form/Page_/h3_Get your offer worth up to 15 off on Enf_306f7c' are NOT matched.
	at com.kms.katalon.core.webui.keyword.internal.WebUIKeywordMain.stepFailed(WebUIKeywordMain.groovy:64)
	at com.kms.katalon.core.webui.keyword.builtin.VerifyElementTextKeyword$_verifyElementText_closure1.doCall(VerifyElementTextKeyword.groovy:57)
	at com.kms.katalon.core.webui.keyword.builtin.VerifyElementTextKeyword$_verifyElementText_closure1.call(VerifyElementTextKeyword.groovy)
	at com.kms.katalon.core.webui.keyword.internal.WebUIKeywordMain.runKeyword(WebUIKeywordMain.groovy:20)
	at com.kms.katalon.core.webui.keyword.builtin.VerifyElementTextKeyword.verifyElementText(VerifyElementTextKeyword.groovy:72)
	at com.kms.katalon.core.webui.keyword.builtin.VerifyElementTextKeyword.execute(VerifyElementTextKeyword.groovy:40)
	at com.kms.katalon.core.keyword.internal.KeywordExecutor.executeKeywordForPlatform(KeywordExecutor.groovy:74)
	at com.kms.katalon.core.webui.keyword.WebUiBuiltInKeywords.verifyElementText(WebUiBuiltInKeywords.groovy:4749)
	at com.kms.katalon.core.webui.keyword.WebUiBuiltInKeywords$verifyElementText$5.call(Unknown Source)
	at HCP Offer - Form Verification.run(HCP Offer - Form Verification:38)
	at com.kms.katalon.core.main.ScriptEngine.run(ScriptEngine.java:194)
	at com.kms.katalon.core.main.ScriptEngine.runScriptAsRawText(ScriptEngine.java:119)
	at com.kms.katalon.core.main.TestCaseExecutor.runScript(TestCaseExecutor.java:445)
	at com.kms.katalon.core.main.TestCaseExecutor.doExecute(TestCaseExecutor.java:436)
	at com.kms.katalon.core.main.TestCaseExecutor.processExecutionPhase(TestCaseExecutor.java:415)
	at com.kms.katalon.core.main.TestCaseExecutor.accessMainPhase(TestCaseExecutor.java:407)
	at com.kms.katalon.core.main.TestCaseExecutor.execute(TestCaseExecutor.java:284)
	at com.kms.katalon.core.common.CommonExecutor.accessTestCaseMainPhase(CommonExecutor.java:65)
	at com.kms.katalon.core.main.TestSuiteExecutor.accessTestSuiteMainPhase(TestSuiteExecutor.java:144)
	at com.kms.katalon.core.main.TestSuiteExecutor.execute(TestSuiteExecutor.java:106)
	at com.kms.katalon.core.main.TestCaseMain.startTestSuite(TestCaseMain.java:185)
	at com.kms.katalon.core.main.TestCaseMain$startTestSuite$0.call(Unknown Source)
	at TempTestSuite1650304259606.run(TempTestSuite1650304259606.groovy:36)
)
[[ATTACHMENT|D:\\SmoketestSuite\\enfamilUS\\Reports\\20220418_232059\\SmokeTestCollection - Venkat\\SmokeTestSuite-Collection - UAT\\20220418_232059\\1650304851738.png]]

2022-04-18 23:30:52 - [TEST_STEP][PASSED] - verifyElementPresent(findTestObject("Object Repository/Form Verification/HCP Offer Form/Page_/p_Fill out the form below and check your em_794ef1"), 0): Object 'Object Repository/Form Verification/HCP Offer Form/Page_/p_Fill out the form below and check your em_794ef1' is present

2022-04-18 23:30:52 - [MESSAGE][WARNING] - Timeout '0' is invalid. Using default page load timeout: '5'

2022-04-18 23:30:52 - [MESSAGE][PASSED] - Object 'Object Repository/Form Verification/HCP Offer Form/Page_/p_Fill out the form below and check your em_794ef1' is present

2022-04-18 23:30:52 - [TEST_STEP][PASSED] - verifyElementText(findTestObject("Object Repository/Form Verification/HCP Offer Form/Page_/p_Fill out the form below and check your em_794ef1"), "Fill out the form below and check your email for next steps."): Actual text and expected text of test object 'Object Repository/Form Verification/HCP Offer Form/Page_/p_Fill out the form below and check your em_794ef1' are matched.

2022-04-18 23:30:53 - [MESSAGE][PASSED] - Actual text and expected text of test object 'Object Repository/Form Verification/HCP Offer Form/Page_/p_Fill out the form below and check your em_794ef1' are matched.

2022-04-18 23:30:53 - [TEST_STEP][PASSED] - verifyElementPresent(findTestObject("Object Repository/Form Verification/HCP Offer Form/Page_/img_Redeem Offer_carousel-item__image"), 0): Object 'Object Repository/Form Verification/HCP Offer Form/Page_/img_Redeem Offer_carousel-item__image' is present

2022-04-18 23:30:53 - [MESSAGE][WARNING] - Timeout '0' is invalid. Using default page load timeout: '5'

2022-04-18 23:30:53 - [MESSAGE][PASSED] - Object 'Object Repository/Form Verification/HCP Offer Form/Page_/img_Redeem Offer_carousel-item__image' is present

2022-04-18 23:30:53 - [TEST_STEP][PASSED] - verifyElementPresent(findTestObject("Object Repository/Form Verification/HCP Offer Form/Page_/input_First name_e3371ce6-6846-459b-8624-a3_9ee797"), 0): Object 'Object Repository/Form Verification/HCP Offer Form/Page_/input_First name_e3371ce6-6846-459b-8624-a3_9ee797' is present

2022-04-18 23:30:53 - [MESSAGE][WARNING] - Timeout '0' is invalid. Using default page load timeout: '5'

2022-04-18 23:30:53 - [MESSAGE][PASSED] - Object 'Object Repository/Form Verification/HCP Offer Form/Page_/input_First name_e3371ce6-6846-459b-8624-a3_9ee797' is present

2022-04-18 23:30:53 - [TEST_STEP][PASSED] - verifyElementClickable(findTestObject("Form Verification/HCP Offer Form/Page_/input_First name_e3371ce6-6846-459b-8624-a3_9ee797")): Object 'Object Repository/Form Verification/HCP Offer Form/Page_/input_First name_e3371ce6-6846-459b-8624-a3_9ee797' is clickable

2022-04-18 23:30:54 - [MESSAGE][PASSED] - Object 'Object Repository/Form Verification/HCP Offer Form/Page_/input_First name_e3371ce6-6846-459b-8624-a3_9ee797' is clickable

2022-04-18 23:30:54 - [TEST_STEP][PASSED] - verifyElementPresent(findTestObject("Object Repository/Form Verification/HCP Offer Form/Page_/input_Last name_4953cab3-a783-46e5-b36a-3ea_0ebc41"), 0): Object 'Object Repository/Form Verification/HCP Offer Form/Page_/input_Last name_4953cab3-a783-46e5-b36a-3ea_0ebc41' is present

2022-04-18 23:30:54 - [MESSAGE][WARNING] - Timeout '0' is invalid. Using default page load timeout: '5'

2022-04-18 23:30:54 - [MESSAGE][PASSED] - Object 'Object Repository/Form Verification/HCP Offer Form/Page_/input_Last name_4953cab3-a783-46e5-b36a-3ea_0ebc41' is present

2022-04-18 23:30:54 - [TEST_STEP][PASSED] - verifyElementClickable(findTestObject("Form Verification/HCP Offer Form/Page_/input_Last name_4953cab3-a783-46e5-b36a-3ea_0ebc41")): Object 'Object Repository/Form Verification/HCP Offer Form/Page_/input_Last name_4953cab3-a783-46e5-b36a-3ea_0ebc41' is clickable

2022-04-18 23:30:55 - [MESSAGE][PASSED] - Object 'Object Repository/Form Verification/HCP Offer Form/Page_/input_Last name_4953cab3-a783-46e5-b36a-3ea_0ebc41' is clickable

2022-04-18 23:30:55 - [TEST_STEP][PASSED] - verifyElementPresent(findTestObject("Object Repository/Form Verification/HCP Offer Form/Page_/input_Street Address_09adf00a-2a13-4493-8dc_72c6d2"), 0): Object 'Object Repository/Form Verification/HCP Offer Form/Page_/input_Street Address_09adf00a-2a13-4493-8dc_72c6d2' is present

2022-04-18 23:30:55 - [MESSAGE][WARNING] - Timeout '0' is invalid. Using default page load timeout: '5'

2022-04-18 23:30:55 - [MESSAGE][PASSED] - Object 'Object Repository/Form Verification/HCP Offer Form/Page_/input_Street Address_09adf00a-2a13-4493-8dc_72c6d2' is present

2022-04-18 23:30:55 - [TEST_STEP][PASSED] - verifyElementClickable(findTestObject("Form Verification/HCP Offer Form/Page_/input_Street Address_09adf00a-2a13-4493-8dc_72c6d2")): Object 'Object Repository/Form Verification/HCP Offer Form/Page_/input_Street Address_09adf00a-2a13-4493-8dc_72c6d2' is clickable

2022-04-18 23:30:55 - [MESSAGE][PASSED] - Object 'Object Repository/Form Verification/HCP Offer Form/Page_/input_Street Address_09adf00a-2a13-4493-8dc_72c6d2' is clickable

2022-04-18 23:30:55 - [TEST_STEP][PASSED] - verifyElementPresent(findTestObject("Object Repository/Form Verification/HCP Offer Form/Page_/input_UnitSuiteApt_006fe22a-d7ee-4d57-bfac-_645c72"), 0): Object 'Object Repository/Form Verification/HCP Offer Form/Page_/input_UnitSuiteApt_006fe22a-d7ee-4d57-bfac-_645c72' is present

2022-04-18 23:30:55 - [MESSAGE][WARNING] - Timeout '0' is invalid. Using default page load timeout: '5'

2022-04-18 23:30:56 - [MESSAGE][PASSED] - Object 'Object Repository/Form Verification/HCP Offer Form/Page_/input_UnitSuiteApt_006fe22a-d7ee-4d57-bfac-_645c72' is present

2022-04-18 23:30:56 - [TEST_STEP][PASSED] - verifyElementClickable(findTestObject("Form Verification/HCP Offer Form/Page_/input_UnitSuiteApt_006fe22a-d7ee-4d57-bfac-_645c72")): Object 'Object Repository/Form Verification/HCP Offer Form/Page_/input_UnitSuiteApt_006fe22a-d7ee-4d57-bfac-_645c72' is clickable

2022-04-18 23:30:56 - [MESSAGE][PASSED] - Object 'Object Repository/Form Verification/HCP Offer Form/Page_/input_UnitSuiteApt_006fe22a-d7ee-4d57-bfac-_645c72' is clickable

2022-04-18 23:30:56 - [TEST_STEP][PASSED] - verifyElementPresent(findTestObject("Object Repository/Form Verification/HCP Offer Form/Page_/input_City_eace8285-a56b-4a2e-bbcc-122a92ab2580"), 0): Object 'Object Repository/Form Verification/HCP Offer Form/Page_/input_City_eace8285-a56b-4a2e-bbcc-122a92ab2580' is present

2022-04-18 23:30:56 - [MESSAGE][WARNING] - Timeout '0' is invalid. Using default page load timeout: '5'

2022-04-18 23:30:57 - [MESSAGE][PASSED] - Object 'Object Repository/Form Verification/HCP Offer Form/Page_/input_City_eace8285-a56b-4a2e-bbcc-122a92ab2580' is present

2022-04-18 23:30:57 - [TEST_STEP][PASSED] - verifyElementClickable(findTestObject("Form Verification/HCP Offer Form/Page_/input_City_eace8285-a56b-4a2e-bbcc-122a92ab2580")): Object 'Object Repository/Form Verification/HCP Offer Form/Page_/input_City_eace8285-a56b-4a2e-bbcc-122a92ab2580' is clickable

2022-04-18 23:30:57 - [MESSAGE][PASSED] - Object 'Object Repository/Form Verification/HCP Offer Form/Page_/input_City_eace8285-a56b-4a2e-bbcc-122a92ab2580' is clickable

2022-04-18 23:30:57 - [TEST_STEP][PASSED] - verifyElementPresent(findTestObject("Object Repository/Form Verification/HCP Offer Form/Page_/div_State"), 0): Object 'Object Repository/Form Verification/HCP Offer Form/Page_/div_State' is present

2022-04-18 23:30:57 - [MESSAGE][WARNING] - Timeout '0' is invalid. Using default page load timeout: '5'

2022-04-18 23:30:57 - [MESSAGE][PASSED] - Object 'Object Repository/Form Verification/HCP Offer Form/Page_/div_State' is present

2022-04-18 23:30:57 - [TEST_STEP][PASSED] - verifyElementClickable(findTestObject("Object Repository/Form Verification/HCP Offer Form/Page_/div_State")): Object 'Object Repository/Form Verification/HCP Offer Form/Page_/div_State' is clickable

2022-04-18 23:30:58 - [MESSAGE][PASSED] - Object 'Object Repository/Form Verification/HCP Offer Form/Page_/div_State' is clickable

2022-04-18 23:30:58 - [TEST_STEP][PASSED] - verifyElementPresent(findTestObject("Object Repository/Form Verification/HCP Offer Form/Page_/input_Zip Code_482f5eb3-b873-4b90-ad22-00b8_0f9439"), 0): Object 'Object Repository/Form Verification/HCP Offer Form/Page_/input_Zip Code_482f5eb3-b873-4b90-ad22-00b8_0f9439' is present

2022-04-18 23:30:58 - [MESSAGE][WARNING] - Timeout '0' is invalid. Using default page load timeout: '5'

2022-04-18 23:30:58 - [MESSAGE][PASSED] - Object 'Object Repository/Form Verification/HCP Offer Form/Page_/input_Zip Code_482f5eb3-b873-4b90-ad22-00b8_0f9439' is present

2022-04-18 23:30:58 - [TEST_STEP][PASSED] - verifyElementClickable(findTestObject("Form Verification/HCP Offer Form/Page_/input_Zip Code_482f5eb3-b873-4b90-ad22-00b8_0f9439")): Object 'Object Repository/Form Verification/HCP Offer Form/Page_/input_Zip Code_482f5eb3-b873-4b90-ad22-00b8_0f9439' is clickable

2022-04-18 23:30:59 - [MESSAGE][PASSED] - Object 'Object Repository/Form Verification/HCP Offer Form/Page_/input_Zip Code_482f5eb3-b873-4b90-ad22-00b8_0f9439' is clickable

2022-04-18 23:30:59 - [TEST_STEP][PASSED] - verifyElementPresent(findTestObject("Object Repository/Form Verification/HCP Offer Form/Page_/input_Email_4189f5a2-5629-4393-ba54-4b513dd8788b"), 0): Object 'Object Repository/Form Verification/HCP Offer Form/Page_/input_Email_4189f5a2-5629-4393-ba54-4b513dd8788b' is present

2022-04-18 23:30:59 - [MESSAGE][WARNING] - Timeout '0' is invalid. Using default page load timeout: '5'

2022-04-18 23:30:59 - [MESSAGE][PASSED] - Object 'Object Repository/Form Verification/HCP Offer Form/Page_/input_Email_4189f5a2-5629-4393-ba54-4b513dd8788b' is present

2022-04-18 23:30:59 - [TEST_STEP][PASSED] - verifyElementClickable(findTestObject("Form Verification/HCP Offer Form/Page_/input_Email_4189f5a2-5629-4393-ba54-4b513dd8788b")): Object 'Object Repository/Form Verification/HCP Offer Form/Page_/input_Email_4189f5a2-5629-4393-ba54-4b513dd8788b' is clickable

2022-04-18 23:30:59 - [MESSAGE][PASSED] - Object 'Object Repository/Form Verification/HCP Offer Form/Page_/input_Email_4189f5a2-5629-4393-ba54-4b513dd8788b' is clickable

2022-04-18 23:30:59 - [TEST_STEP][PASSED] - verifyElementPresent(findTestObject("Object Repository/Form Verification/HCP Offer Form/Page_/input_Due date or birth date_2e8446ea-2d1a-_cf9144"), 0): Object 'Object Repository/Form Verification/HCP Offer Form/Page_/input_Due date or birth date_2e8446ea-2d1a-_cf9144' is present

2022-04-18 23:31:00 - [MESSAGE][WARNING] - Timeout '0' is invalid. Using default page load timeout: '5'

2022-04-18 23:31:00 - [MESSAGE][PASSED] - Object 'Object Repository/Form Verification/HCP Offer Form/Page_/input_Due date or birth date_2e8446ea-2d1a-_cf9144' is present

2022-04-18 23:31:00 - [TEST_STEP][PASSED] - verifyElementClickable(findTestObject("Form Verification/HCP Offer Form/Page_/input_Due date or birth date_2e8446ea-2d1a-_cf9144")): Object 'Object Repository/Form Verification/HCP Offer Form/Page_/input_Due date or birth date_2e8446ea-2d1a-_cf9144' is clickable

2022-04-18 23:31:00 - [MESSAGE][PASSED] - Object 'Object Repository/Form Verification/HCP Offer Form/Page_/input_Due date or birth date_2e8446ea-2d1a-_cf9144' is clickable

2022-04-18 23:31:00 - [TEST_STEP][PASSED] - verifyElementPresent(findTestObject("Object Repository/Form Verification/HCP Offer Form/Page_/button_Why"), 0): Object 'Object Repository/Form Verification/HCP Offer Form/Page_/button_Why' is present

2022-04-18 23:31:00 - [MESSAGE][WARNING] - Timeout '0' is invalid. Using default page load timeout: '5'

2022-04-18 23:31:01 - [MESSAGE][PASSED] - Object 'Object Repository/Form Verification/HCP Offer Form/Page_/button_Why' is present

2022-04-18 23:31:01 - [TEST_STEP][PASSED] - verifyElementText(findTestObject("Object Repository/Form Verification/HCP Offer Form/Page_/button_Why"), "Why?"): Actual text and expected text of test object 'Object Repository/Form Verification/HCP Offer Form/Page_/button_Why' are matched.

2022-04-18 23:31:01 - [MESSAGE][PASSED] - Actual text and expected text of test object 'Object Repository/Form Verification/HCP Offer Form/Page_/button_Why' are matched.

2022-04-18 23:31:01 - [TEST_STEP][PASSED] - verifyElementClickable(findTestObject("Object Repository/Form Verification/HCP Offer Form/Page_/button_Why")): Object 'Object Repository/Form Verification/HCP Offer Form/Page_/button_Why' is clickable

2022-04-18 23:31:02 - [MESSAGE][PASSED] - Object 'Object Repository/Form Verification/HCP Offer Form/Page_/button_Why' is clickable

2022-04-18 23:31:02 - [TEST_STEP][PASSED] - verifyElementPresent(findTestObject("Object Repository/Form Verification/HCP Offer Form/Page_/input_Phone_5ea36e97-7c24-4041-8332-06a04fb5bb8c"), 0): Object 'Object Repository/Form Verification/HCP Offer Form/Page_/input_Phone_5ea36e97-7c24-4041-8332-06a04fb5bb8c' is present

2022-04-18 23:31:02 - [MESSAGE][WARNING] - Timeout '0' is invalid. Using default page load timeout: '5'

2022-04-18 23:31:02 - [MESSAGE][PASSED] - Object 'Object Repository/Form Verification/HCP Offer Form/Page_/input_Phone_5ea36e97-7c24-4041-8332-06a04fb5bb8c' is present

2022-04-18 23:31:02 - [TEST_STEP][PASSED] - verifyElementClickable(findTestObject("Form Verification/HCP Offer Form/Page_/input_Phone_5ea36e97-7c24-4041-8332-06a04fb5bb8c")): Object 'Object Repository/Form Verification/HCP Offer Form/Page_/input_Phone_5ea36e97-7c24-4041-8332-06a04fb5bb8c' is clickable

2022-04-18 23:31:02 - [MESSAGE][PASSED] - Object 'Object Repository/Form Verification/HCP Offer Form/Page_/input_Phone_5ea36e97-7c24-4041-8332-06a04fb5bb8c' is clickable

2022-04-18 23:31:02 - [TEST_STEP][PASSED] - verifyElementPresent(findTestObject("Object Repository/Form Verification/HCP Offer Form/Page_/input_Code Activation_74592baf-a945-44e8-85_e2ed3b"), 0): Object 'Object Repository/Form Verification/HCP Offer Form/Page_/input_Code Activation_74592baf-a945-44e8-85_e2ed3b' is present

2022-04-18 23:31:03 - [MESSAGE][WARNING] - Timeout '0' is invalid. Using default page load timeout: '5'

2022-04-18 23:31:03 - [MESSAGE][PASSED] - Object 'Object Repository/Form Verification/HCP Offer Form/Page_/input_Code Activation_74592baf-a945-44e8-85_e2ed3b' is present

2022-04-18 23:31:03 - [TEST_STEP][PASSED] - verifyElementClickable(findTestObject("Object Repository/Form Verification/HCP Offer Form/Page_/input_Code Activation_74592baf-a945-44e8-85_e2ed3b")): Object 'Object Repository/Form Verification/HCP Offer Form/Page_/input_Code Activation_74592baf-a945-44e8-85_e2ed3b' is clickable

2022-04-18 23:31:03 - [MESSAGE][PASSED] - Object 'Object Repository/Form Verification/HCP Offer Form/Page_/input_Code Activation_74592baf-a945-44e8-85_e2ed3b' is clickable

2022-04-18 23:31:03 - [TEST_STEP][PASSED] - verifyElementPresent(findTestObject("Object Repository/Form Verification/HCP Offer Form/Page_/button_Shop retailers"), 0): Object 'Object Repository/Form Verification/HCP Offer Form/Page_/button_Shop retailers' is present

2022-04-18 23:31:03 - [MESSAGE][WARNING] - Timeout '0' is invalid. Using default page load timeout: '5'

2022-04-18 23:31:04 - [MESSAGE][PASSED] - Object 'Object Repository/Form Verification/HCP Offer Form/Page_/button_Shop retailers' is present

2022-04-18 23:31:04 - [TEST_STEP][PASSED] - verifyElementText(findTestObject("Object Repository/Form Verification/HCP Offer Form/Page_/span_Shop retailers"), "Shop retailers"): Actual text and expected text of test object 'Object Repository/Form Verification/HCP Offer Form/Page_/span_Shop retailers' are matched.

2022-04-18 23:31:04 - [MESSAGE][PASSED] - Actual text and expected text of test object 'Object Repository/Form Verification/HCP Offer Form/Page_/span_Shop retailers' are matched.

2022-04-18 23:31:04 - [TEST_STEP][PASSED] - verifyElementPresent(findTestObject("Object Repository/Form Verification/HCP Offer Form/Page_/div"), 0): Object 'Object Repository/Form Verification/HCP Offer Form/Page_/div' is present

2022-04-18 23:31:04 - [MESSAGE][WARNING] - Timeout '0' is invalid. Using default page load timeout: '5'

2022-04-18 23:31:05 - [MESSAGE][PASSED] - Object 'Object Repository/Form Verification/HCP Offer Form/Page_/div' is present

2022-04-18 23:31:05 - [TEST_STEP][PASSED] - verifyElementPresent(findTestObject("Object Repository/Form Verification/HCP Offer Form/Page_/div_With submission of this form, you will _8ed342"), 0): Object 'Object Repository/Form Verification/HCP Offer Form/Page_/div_With submission of this form, you will _8ed342' is present

2022-04-18 23:31:05 - [MESSAGE][WARNING] - Timeout '0' is invalid. Using default page load timeout: '5'

2022-04-18 23:31:05 - [MESSAGE][PASSED] - Object 'Object Repository/Form Verification/HCP Offer Form/Page_/div_With submission of this form, you will _8ed342' is present

2022-04-18 23:31:05 - [TEST_STEP][PASSED] - verifyElementText(findTestObject("Object Repository/Form Verification/HCP Offer Form/Page_/div_With submission of this form, you will _8ed342"), "With submission of this form, you will automatically be enrolled into the Enfamil Family BeginningsÂ® Program"): Actual text and expected text of test object 'Object Repository/Form Verification/HCP Offer Form/Page_/div_With submission of this form, you will _8ed342' are matched.

2022-04-18 23:31:05 - [MESSAGE][PASSED] - Actual text and expected text of test object 'Object Repository/Form Verification/HCP Offer Form/Page_/div_With submission of this form, you will _8ed342' are matched.

2022-04-18 23:31:05 - [TEST_STEP][PASSED] - verifyElementPresent(findTestObject("Object Repository/Form Verification/HCP Offer Form/Page_/p_Terms and Conditions"), 0): Object 'Object Repository/Form Verification/HCP Offer Form/Page_/p_Terms and Conditions' is present

2022-04-18 23:31:05 - [MESSAGE][WARNING] - Timeout '0' is invalid. Using default page load timeout: '5'

2022-04-18 23:31:06 - [MESSAGE][PASSED] - Object 'Object Repository/Form Verification/HCP Offer Form/Page_/p_Terms and Conditions' is present

2022-04-18 23:31:06 - [TEST_STEP][PASSED] - verifyElementText(findTestObject("Object Repository/Form Verification/HCP Offer Form/Page_/p_Terms and Conditions"), "Terms and Conditions"): Actual text and expected text of test object 'Object Repository/Form Verification/HCP Offer Form/Page_/p_Terms and Conditions' are matched.

2022-04-18 23:31:06 - [MESSAGE][PASSED] - Actual text and expected text of test object 'Object Repository/Form Verification/HCP Offer Form/Page_/p_Terms and Conditions' are matched.

2022-04-18 23:31:06 - [TEST_STEP][PASSED] - verifyElementPresent(findTestObject("Object Repository/Form Verification/HCP Offer Form/Page_/ol_Offer will run from August 15, 2022 - De_c988ff"), 0): Object 'Object Repository/Form Verification/HCP Offer Form/Page_/ol_Offer will run from August 15, 2022 - De_c988ff' is present

2022-04-18 23:31:06 - [MESSAGE][WARNING] - Timeout '0' is invalid. Using default page load timeout: '5'

2022-04-18 23:31:07 - [MESSAGE][PASSED] - Object 'Object Repository/Form Verification/HCP Offer Form/Page_/ol_Offer will run from August 15, 2022 - De_c988ff' is present

2022-04-18 23:31:07 - [TEST_STEP][PASSED] - verifyElementText(findTestObject("Object Repository/Form Verification/HCP Offer Form/Page_/ol_Offer will run from August 15, 2022 - De_c988ff"), "Offer will run from August 15, 2022 - Dec 31, 2022.
Offer only applies to 17 oz or larger versions of Enfamil Enspire, Enfamil Enspire Gentlease, Enfamil NeuroPro Sensitive, Enfamil A.R., Enfamil Reguline, Enfamil ProSobee, or Nutramigen.
Limit of one offer per child or household.
Enfamil has the right to cancel this offer at any time without prior notice.
Void where prohibited by law."): Actual text and expected text of test object 'Object Repository/Form Verification/HCP Offer Form/Page_/ol_Offer will run from August 15, 2022 - De_c988ff' are matched.

2022-04-18 23:31:07 - [MESSAGE][PASSED] - Actual text and expected text of test object 'Object Repository/Form Verification/HCP Offer Form/Page_/ol_Offer will run from August 15, 2022 - De_c988ff' are matched.

2022-04-18 23:31:07 - [TEST_STEP][PASSED] - verifyElementPresent(findTestObject("Object Repository/Form Verification/HCP Offer Form/Page_/h4_Advanced Nutrition to Fuel Their Possibilities"), 0): Object 'Object Repository/Form Verification/HCP Offer Form/Page_/h4_Advanced Nutrition to Fuel Their Possibilities' is present

2022-04-18 23:31:07 - [MESSAGE][WARNING] - Timeout '0' is invalid. Using default page load timeout: '5'

2022-04-18 23:31:07 - [MESSAGE][PASSED] - Object 'Object Repository/Form Verification/HCP Offer Form/Page_/h4_Advanced Nutrition to Fuel Their Possibilities' is present

2022-04-18 23:31:07 - [TEST_STEP][PASSED] - verifyElementText(findTestObject("Object Repository/Form Verification/HCP Offer Form/Page_/h4_Advanced Nutrition to Fuel Their Possibilities"), "Advanced Nutrition to Fuel Their Possibilities"): Actual text and expected text of test object 'Object Repository/Form Verification/HCP Offer Form/Page_/h4_Advanced Nutrition to Fuel Their Possibilities' are matched.

2022-04-18 23:31:08 - [MESSAGE][PASSED] - Actual text and expected text of test object 'Object Repository/Form Verification/HCP Offer Form/Page_/h4_Advanced Nutrition to Fuel Their Possibilities' are matched.

2022-04-18 23:31:08 - [TEST_STEP][PASSED] - verifyElementPresent(findTestObject("Object Repository/Form Verification/HCP Offer Form/Page_/p_Enfamil NeuroPro is the only brand to hav_ad6880"), 0): Object 'Object Repository/Form Verification/HCP Offer Form/Page_/p_Enfamil NeuroPro is the only brand to hav_ad6880' is present

2022-04-18 23:31:08 - [MESSAGE][WARNING] - Timeout '0' is invalid. Using default page load timeout: '5'

2022-04-18 23:31:08 - [MESSAGE][PASSED] - Object 'Object Repository/Form Verification/HCP Offer Form/Page_/p_Enfamil NeuroPro is the only brand to hav_ad6880' is present

2022-04-18 23:31:08 - [TEST_STEP][PASSED] - verifyElementText(findTestObject("Object Repository/Form Verification/HCP Offer Form/Page_/p_Enfamil NeuroPro is the only brand to hav_ad6880"), "Enfamil NeuroPro is the only brand to have both expert-recommended DHA and a Triple Prebiotic immune Blendâ„¢."): Actual text and expected text of test object 'Object Repository/Form Verification/HCP Offer Form/Page_/p_Enfamil NeuroPro is the only brand to hav_ad6880' are matched.

2022-04-18 23:31:09 - [MESSAGE][PASSED] - Actual text and expected text of test object 'Object Repository/Form Verification/HCP Offer Form/Page_/p_Enfamil NeuroPro is the only brand to hav_ad6880' are matched.

2022-04-18 23:31:09 - [TEST_STEP][PASSED] - verifyElementPresent(findTestObject("Object Repository/Form Verification/HCP Offer Form/Page_/a_Learn more"), 0): Object 'Object Repository/Form Verification/HCP Offer Form/Page_/a_Learn more' is present

2022-04-18 23:31:09 - [MESSAGE][WARNING] - Timeout '0' is invalid. Using default page load timeout: '5'

2022-04-18 23:31:09 - [MESSAGE][PASSED] - Object 'Object Repository/Form Verification/HCP Offer Form/Page_/a_Learn more' is present

2022-04-18 23:31:09 - [TEST_STEP][PASSED] - verifyElementText(findTestObject("Object Repository/Form Verification/HCP Offer Form/Page_/a_Learn more"), "Learn more"): Actual text and expected text of test object 'Object Repository/Form Verification/HCP Offer Form/Page_/a_Learn more' are matched.

2022-04-18 23:31:10 - [MESSAGE][PASSED] - Actual text and expected text of test object 'Object Repository/Form Verification/HCP Offer Form/Page_/a_Learn more' are matched.

2022-04-18 23:31:10 - [TEST_STEP][PASSED] - verifyElementClickable(findTestObject("Object Repository/Form Verification/HCP Offer Form/Page_/a_Learn more")): Object 'Object Repository/Form Verification/HCP Offer Form/Page_/a_Learn more' is clickable

2022-04-18 23:31:10 - [MESSAGE][PASSED] - Object 'Object Repository/Form Verification/HCP Offer Form/Page_/a_Learn more' is clickable]]></system-out>
         <system-err><![CDATA[2022-04-18 23:30:33 - [TEST_CASE][FAILED] - Test Cases/Venkat/Forms Verification/HCP Offer - Form Verification: Test Cases/Venkat/Forms Verification/HCP Offer - Form Verification FAILED.
Reason:
com.kms.katalon.core.exception.StepFailedException: Actual text 'Get your offer worth up to $15 off on Enfamil NeuroProâ„¢' and expected text 'Get your offer worth up to $15 on Enfamil products' of test object 'Object Repository/Form Verification/HCP Offer Form/Page_/h3_Get your offer worth up to 15 off on Enf_306f7c' are NOT matched. (Root cause: com.kms.katalon.core.exception.StepFailedException: Actual text 'Get your offer worth up to $15 off on Enfamil NeuroProâ„¢' and expected text 'Get your offer worth up to $15 on Enfamil products' of test object 'Object Repository/Form Verification/HCP Offer Form/Page_/h3_Get your offer worth up to 15 off on Enf_306f7c' are NOT matched.
	at com.kms.katalon.core.webui.keyword.internal.WebUIKeywordMain.stepFailed(WebUIKeywordMain.groovy:64)
	at com.kms.katalon.core.webui.keyword.builtin.VerifyElementTextKeyword$_verifyElementText_closure1.doCall(VerifyElementTextKeyword.groovy:57)
	at com.kms.katalon.core.webui.keyword.builtin.VerifyElementTextKeyword$_verifyElementText_closure1.call(VerifyElementTextKeyword.groovy)
	at com.kms.katalon.core.webui.keyword.internal.WebUIKeywordMain.runKeyword(WebUIKeywordMain.groovy:20)
	at com.kms.katalon.core.webui.keyword.builtin.VerifyElementTextKeyword.verifyElementText(VerifyElementTextKeyword.groovy:72)
	at com.kms.katalon.core.webui.keyword.builtin.VerifyElementTextKeyword.execute(VerifyElementTextKeyword.groovy:40)
	at com.kms.katalon.core.keyword.internal.KeywordExecutor.executeKeywordForPlatform(KeywordExecutor.groovy:74)
	at com.kms.katalon.core.webui.keyword.WebUiBuiltInKeywords.verifyElementText(WebUiBuiltInKeywords.groovy:4749)
	at com.kms.katalon.core.webui.keyword.WebUiBuiltInKeywords$verifyElementText$5.call(Unknown Source)
	at HCP Offer - Form Verification.run(HCP Offer - Form Verification:38)
	at com.kms.katalon.core.main.ScriptEngine.run(ScriptEngine.java:194)
	at com.kms.katalon.core.main.ScriptEngine.runScriptAsRawText(ScriptEngine.java:119)
	at com.kms.katalon.core.main.TestCaseExecutor.runScript(TestCaseExecutor.java:445)
	at com.kms.katalon.core.main.TestCaseExecutor.doExecute(TestCaseExecutor.java:436)
	at com.kms.katalon.core.main.TestCaseExecutor.processExecutionPhase(TestCaseExecutor.java:415)
	at com.kms.katalon.core.main.TestCaseExecutor.accessMainPhase(TestCaseExecutor.java:407)
	at com.kms.katalon.core.main.TestCaseExecutor.execute(TestCaseExecutor.java:284)
	at com.kms.katalon.core.common.CommonExecutor.accessTestCaseMainPhase(CommonExecutor.java:65)
	at com.kms.katalon.core.main.TestSuiteExecutor.accessTestSuiteMainPhase(TestSuiteExecutor.java:144)
	at com.kms.katalon.core.main.TestSuiteExecutor.execute(TestSuiteExecutor.java:106)
	at com.kms.katalon.core.main.TestCaseMain.startTestSuite(TestCaseMain.java:185)
	at com.kms.katalon.core.main.TestCaseMain$startTestSuite$0.call(Unknown Source)
	at TempTestSuite1650304259606.run(TempTestSuite1650304259606.groovy:36)
)
	at com.kms.katalon.core.keyword.internal.KeywordMain.stepFailed(KeywordMain.groovy:39)
	at com.kms.katalon.core.webui.keyword.internal.WebUIKeywordMain.stepFailed(WebUIKeywordMain.groovy:64)
	at com.kms.katalon.core.webui.keyword.builtin.VerifyElementTextKeyword$_verifyElementText_closure1.doCall(VerifyElementTextKeyword.groovy:57)
	at com.kms.katalon.core.webui.keyword.builtin.VerifyElementTextKeyword$_verifyElementText_closure1.call(VerifyElementTextKeyword.groovy)
	at com.kms.katalon.core.webui.keyword.internal.WebUIKeywordMain.runKeyword(WebUIKeywordMain.groovy:20)
	at com.kms.katalon.core.webui.keyword.builtin.VerifyElementTextKeyword.verifyElementText(VerifyElementTextKeyword.groovy:72)
	at com.kms.katalon.core.webui.keyword.builtin.VerifyElementTextKeyword.execute(VerifyElementTextKeyword.groovy:40)
	at com.kms.katalon.core.keyword.internal.KeywordExecutor.executeKeywordForPlatform(KeywordExecutor.groovy:74)
	at com.kms.katalon.core.webui.keyword.WebUiBuiltInKeywords.verifyElementText(WebUiBuiltInKeywords.groovy:4749)
	at com.kms.katalon.core.webui.keyword.WebUiBuiltInKeywords$verifyElementText$5.call(Unknown Source)
	at HCP Offer - Form Verification.run(HCP Offer - Form Verification:38)
	at com.kms.katalon.core.main.ScriptEngine.run(ScriptEngine.java:194)
	at com.kms.katalon.core.main.ScriptEngine.runScriptAsRawText(ScriptEngine.java:119)
	at com.kms.katalon.core.main.TestCaseExecutor.runScript(TestCaseExecutor.java:445)
	at com.kms.katalon.core.main.TestCaseExecutor.doExecute(TestCaseExecutor.java:436)
	at com.kms.katalon.core.main.TestCaseExecutor.processExecutionPhase(TestCaseExecutor.java:415)
	at com.kms.katalon.core.main.TestCaseExecutor.accessMainPhase(TestCaseExecutor.java:407)
	at com.kms.katalon.core.main.TestCaseExecutor.execute(TestCaseExecutor.java:284)
	at com.kms.katalon.core.common.CommonExecutor.accessTestCaseMainPhase(CommonExecutor.java:65)
	at com.kms.katalon.core.main.TestSuiteExecutor.accessTestSuiteMainPhase(TestSuiteExecutor.java:144)
	at com.kms.katalon.core.main.TestSuiteExecutor.execute(TestSuiteExecutor.java:106)
	at com.kms.katalon.core.main.TestCaseMain.startTestSuite(TestCaseMain.java:185)
	at com.kms.katalon.core.main.TestCaseMain$startTestSuite$0.call(Unknown Source)
	at TempTestSuite1650304259606.run(TempTestSuite1650304259606.groovy:36)
Caused by: com.kms.katalon.core.exception.StepFailedException: Actual text 'Get your offer worth up to $15 off on Enfamil NeuroProâ„¢' and expected text 'Get your offer worth up to $15 on Enfamil products' of test object 'Object Repository/Form Verification/HCP Offer Form/Page_/h3_Get your offer worth up to 15 off on Enf_306f7c' are NOT matched.
	... 23 more]]></system-err>
      </testcase>
      <testcase name="Test Cases/Venkat/Forms Verification/Nutramigen - Form Verification - UAT" time="125.98" classname="Test Cases/Venkat/Forms Verification/Nutramigen - Form Verification - UAT" status="FAILED">
         <failure type="FAILED" message="Test Cases/Venkat/Forms Verification/Nutramigen - Form Verification - UAT FAILED.
Reason:
com.kms.katalon.core.exception.StepFailedException: com.kms.katalon.core.webui.exception.WebElementNotFoundException: Web element with id: 'Object Repository/Form Verification/Nutramigen Form EN/Page_Nutramigen  Enfamil/div_State' located by '//div[@id='f9acd18e-7be3-472a-9f63-3affc22b70db']/div/div/div' not found (Root cause: com.kms.katalon.core.exception.StepFailedException: com.kms.katalon.core.webui.exception.WebElementNotFoundException: Web element with id: 'Object Repository/Form Verification/Nutramigen Form EN/Page_Nutramigen  Enfamil/div_State' located by '//div[@id='f9acd18e-7be3-472a-9f63-3affc22b70db']/div/div/div' not found
	at com.kms.katalon.core.webui.keyword.internal.WebUIKeywordMain.stepFailed(WebUIKeywordMain.groovy:64)
	at com.kms.katalon.core.webui.keyword.builtin.VerifyElementPresentKeyword$_verifyElementPresent_closure1.doCall(VerifyElementPresentKeyword.groovy:85)
	at com.kms.katalon.core.webui.keyword.builtin.VerifyElementPresentKeyword$_verifyElementPresent_closure1.call(VerifyElementPresentKeyword.groovy)
	at com.kms.katalon.core.webui.keyword.internal.WebUIKeywordMain.runKeyword(WebUIKeywordMain.groovy:20)
	at com.kms.katalon.core.webui.keyword.builtin.VerifyElementPresentKeyword.verifyElementPresent(VerifyElementPresentKeyword.groovy:92)
	at com.kms.katalon.core.webui.keyword.builtin.VerifyElementPresentKeyword.execute(VerifyElementPresentKeyword.groovy:68)
	at com.kms.katalon.core.keyword.internal.KeywordExecutor.executeKeywordForPlatform(KeywordExecutor.groovy:74)
	at com.kms.katalon.core.webui.keyword.WebUiBuiltInKeywords.verifyElementPresent(WebUiBuiltInKeywords.groovy:1464)
	at com.kms.katalon.core.webui.keyword.WebUiBuiltInKeywords$verifyElementPresent$4.call(Unknown Source)
	at Nutramigen - Form Verification - UAT.run(Nutramigen - Form Verification - UAT:111)
	at com.kms.katalon.core.main.ScriptEngine.run(ScriptEngine.java:194)
	at com.kms.katalon.core.main.ScriptEngine.runScriptAsRawText(ScriptEngine.java:119)
	at com.kms.katalon.core.main.TestCaseExecutor.runScript(TestCaseExecutor.java:445)
	at com.kms.katalon.core.main.TestCaseExecutor.doExecute(TestCaseExecutor.java:436)
	at com.kms.katalon.core.main.TestCaseExecutor.processExecutionPhase(TestCaseExecutor.java:415)
	at com.kms.katalon.core.main.TestCaseExecutor.accessMainPhase(TestCaseExecutor.java:407)
	at com.kms.katalon.core.main.TestCaseExecutor.execute(TestCaseExecutor.java:284)
	at com.kms.katalon.core.common.CommonExecutor.accessTestCaseMainPhase(CommonExecutor.java:65)
	at com.kms.katalon.core.main.TestSuiteExecutor.accessTestSuiteMainPhase(TestSuiteExecutor.java:144)
	at com.kms.katalon.core.main.TestSuiteExecutor.execute(TestSuiteExecutor.java:106)
	at com.kms.katalon.core.main.TestCaseMain.startTestSuite(TestCaseMain.java:185)
	at com.kms.katalon.core.main.TestCaseMain$startTestSuite$0.call(Unknown Source)
	at TempTestSuite1650304259606.run(TempTestSuite1650304259606.groovy:36)
)
	at com.kms.katalon.core.keyword.internal.KeywordMain.stepFailed(KeywordMain.groovy:39)
	at com.kms.katalon.core.webui.keyword.internal.WebUIKeywordMain.stepFailed(WebUIKeywordMain.groovy:64)
	at com.kms.katalon.core.webui.keyword.builtin.VerifyElementPresentKeyword$_verifyElementPresent_closure1.doCall(VerifyElementPresentKeyword.groovy:85)
	at com.kms.katalon.core.webui.keyword.builtin.VerifyElementPresentKeyword$_verifyElementPresent_closure1.call(VerifyElementPresentKeyword.groovy)
	at com.kms.katalon.core.webui.keyword.internal.WebUIKeywordMain.runKeyword(WebUIKeywordMain.groovy:20)
	at com.kms.katalon.core.webui.keyword.builtin.VerifyElementPresentKeyword.verifyElementPresent(VerifyElementPresentKeyword.groovy:92)
	at com.kms.katalon.core.webui.keyword.builtin.VerifyElementPresentKeyword.execute(VerifyElementPresentKeyword.groovy:68)
	at com.kms.katalon.core.keyword.internal.KeywordExecutor.executeKeywordForPlatform(KeywordExecutor.groovy:74)
	at com.kms.katalon.core.webui.keyword.WebUiBuiltInKeywords.verifyElementPresent(WebUiBuiltInKeywords.groovy:1464)
	at com.kms.katalon.core.webui.keyword.WebUiBuiltInKeywords$verifyElementPresent$4.call(Unknown Source)
	at Nutramigen - Form Verification - UAT.run(Nutramigen - Form Verification - UAT:111)
	at com.kms.katalon.core.main.ScriptEngine.run(ScriptEngine.java:194)
	at com.kms.katalon.core.main.ScriptEngine.runScriptAsRawText(ScriptEngine.java:119)
	at com.kms.katalon.core.main.TestCaseExecutor.runScript(TestCaseExecutor.java:445)
	at com.kms.katalon.core.main.TestCaseExecutor.doExecute(TestCaseExecutor.java:436)
	at com.kms.katalon.core.main.TestCaseExecutor.processExecutionPhase(TestCaseExecutor.java:415)
	at com.kms.katalon.core.main.TestCaseExecutor.accessMainPhase(TestCaseExecutor.java:407)
	at com.kms.katalon.core.main.TestCaseExecutor.execute(TestCaseExecutor.java:284)
	at com.kms.katalon.core.common.CommonExecutor.accessTestCaseMainPhase(CommonExecutor.java:65)
	at com.kms.katalon.core.main.TestSuiteExecutor.accessTestSuiteMainPhase(TestSuiteExecutor.java:144)
	at com.kms.katalon.core.main.TestSuiteExecutor.execute(TestSuiteExecutor.java:106)
	at com.kms.katalon.core.main.TestCaseMain.startTestSuite(TestCaseMain.java:185)
	at com.kms.katalon.core.main.TestCaseMain$startTestSuite$0.call(Unknown Source)
	at TempTestSuite1650304259606.run(TempTestSuite1650304259606.groovy:36)
Caused by: com.kms.katalon.core.exception.StepFailedException: com.kms.katalon.core.webui.exception.WebElementNotFoundException: Web element with id: 'Object Repository/Form Verification/Nutramigen Form EN/Page_Nutramigen  Enfamil/div_State' located by '//div[@id='f9acd18e-7be3-472a-9f63-3affc22b70db']/div/div/div' not found
	... 23 more
"/>
         <system-out><![CDATA[2022-04-18 23:31:10 - [TEST_CASE][FAILED] - Test Cases/Venkat/Forms Verification/Nutramigen - Form Verification - UAT: Test Cases/Venkat/Forms Verification/Nutramigen - Form Verification - UAT FAILED.
Reason:
com.kms.katalon.core.exception.StepFailedException: com.kms.katalon.core.webui.exception.WebElementNotFoundException: Web element with id: 'Object Repository/Form Verification/Nutramigen Form EN/Page_Nutramigen  Enfamil/div_State' located by '//div[@id='f9acd18e-7be3-472a-9f63-3affc22b70db']/div/div/div' not found (Root cause: com.kms.katalon.core.exception.StepFailedException: com.kms.katalon.core.webui.exception.WebElementNotFoundException: Web element with id: 'Object Repository/Form Verification/Nutramigen Form EN/Page_Nutramigen  Enfamil/div_State' located by '//div[@id='f9acd18e-7be3-472a-9f63-3affc22b70db']/div/div/div' not found
	at com.kms.katalon.core.webui.keyword.internal.WebUIKeywordMain.stepFailed(WebUIKeywordMain.groovy:64)
	at com.kms.katalon.core.webui.keyword.builtin.VerifyElementPresentKeyword$_verifyElementPresent_closure1.doCall(VerifyElementPresentKeyword.groovy:85)
	at com.kms.katalon.core.webui.keyword.builtin.VerifyElementPresentKeyword$_verifyElementPresent_closure1.call(VerifyElementPresentKeyword.groovy)
	at com.kms.katalon.core.webui.keyword.internal.WebUIKeywordMain.runKeyword(WebUIKeywordMain.groovy:20)
	at com.kms.katalon.core.webui.keyword.builtin.VerifyElementPresentKeyword.verifyElementPresent(VerifyElementPresentKeyword.groovy:92)
	at com.kms.katalon.core.webui.keyword.builtin.VerifyElementPresentKeyword.execute(VerifyElementPresentKeyword.groovy:68)
	at com.kms.katalon.core.keyword.internal.KeywordExecutor.executeKeywordForPlatform(KeywordExecutor.groovy:74)
	at com.kms.katalon.core.webui.keyword.WebUiBuiltInKeywords.verifyElementPresent(WebUiBuiltInKeywords.groovy:1464)
	at com.kms.katalon.core.webui.keyword.WebUiBuiltInKeywords$verifyElementPresent$4.call(Unknown Source)
	at Nutramigen - Form Verification - UAT.run(Nutramigen - Form Verification - UAT:111)
	at com.kms.katalon.core.main.ScriptEngine.run(ScriptEngine.java:194)
	at com.kms.katalon.core.main.ScriptEngine.runScriptAsRawText(ScriptEngine.java:119)
	at com.kms.katalon.core.main.TestCaseExecutor.runScript(TestCaseExecutor.java:445)
	at com.kms.katalon.core.main.TestCaseExecutor.doExecute(TestCaseExecutor.java:436)
	at com.kms.katalon.core.main.TestCaseExecutor.processExecutionPhase(TestCaseExecutor.java:415)
	at com.kms.katalon.core.main.TestCaseExecutor.accessMainPhase(TestCaseExecutor.java:407)
	at com.kms.katalon.core.main.TestCaseExecutor.execute(TestCaseExecutor.java:284)
	at com.kms.katalon.core.common.CommonExecutor.accessTestCaseMainPhase(CommonExecutor.java:65)
	at com.kms.katalon.core.main.TestSuiteExecutor.accessTestSuiteMainPhase(TestSuiteExecutor.java:144)
	at com.kms.katalon.core.main.TestSuiteExecutor.execute(TestSuiteExecutor.java:106)
	at com.kms.katalon.core.main.TestCaseMain.startTestSuite(TestCaseMain.java:185)
	at com.kms.katalon.core.main.TestCaseMain$startTestSuite$0.call(Unknown Source)
	at TempTestSuite1650304259606.run(TempTestSuite1650304259606.groovy:36)
)
	at com.kms.katalon.core.keyword.internal.KeywordMain.stepFailed(KeywordMain.groovy:39)
	at com.kms.katalon.core.webui.keyword.internal.WebUIKeywordMain.stepFailed(WebUIKeywordMain.groovy:64)
	at com.kms.katalon.core.webui.keyword.builtin.VerifyElementPresentKeyword$_verifyElementPresent_closure1.doCall(VerifyElementPresentKeyword.groovy:85)
	at com.kms.katalon.core.webui.keyword.builtin.VerifyElementPresentKeyword$_verifyElementPresent_closure1.call(VerifyElementPresentKeyword.groovy)
	at com.kms.katalon.core.webui.keyword.internal.WebUIKeywordMain.runKeyword(WebUIKeywordMain.groovy:20)
	at com.kms.katalon.core.webui.keyword.builtin.VerifyElementPresentKeyword.verifyElementPresent(VerifyElementPresentKeyword.groovy:92)
	at com.kms.katalon.core.webui.keyword.builtin.VerifyElementPresentKeyword.execute(VerifyElementPresentKeyword.groovy:68)
	at com.kms.katalon.core.keyword.internal.KeywordExecutor.executeKeywordForPlatform(KeywordExecutor.groovy:74)
	at com.kms.katalon.core.webui.keyword.WebUiBuiltInKeywords.verifyElementPresent(WebUiBuiltInKeywords.groovy:1464)
	at com.kms.katalon.core.webui.keyword.WebUiBuiltInKeywords$verifyElementPresent$4.call(Unknown Source)
	at Nutramigen - Form Verification - UAT.run(Nutramigen - Form Verification - UAT:111)
	at com.kms.katalon.core.main.ScriptEngine.run(ScriptEngine.java:194)
	at com.kms.katalon.core.main.ScriptEngine.runScriptAsRawText(ScriptEngine.java:119)
	at com.kms.katalon.core.main.TestCaseExecutor.runScript(TestCaseExecutor.java:445)
	at com.kms.katalon.core.main.TestCaseExecutor.doExecute(TestCaseExecutor.java:436)
	at com.kms.katalon.core.main.TestCaseExecutor.processExecutionPhase(TestCaseExecutor.java:415)
	at com.kms.katalon.core.main.TestCaseExecutor.accessMainPhase(TestCaseExecutor.java:407)
	at com.kms.katalon.core.main.TestCaseExecutor.execute(TestCaseExecutor.java:284)
	at com.kms.katalon.core.common.CommonExecutor.accessTestCaseMainPhase(CommonExecutor.java:65)
	at com.kms.katalon.core.main.TestSuiteExecutor.accessTestSuiteMainPhase(TestSuiteExecutor.java:144)
	at com.kms.katalon.core.main.TestSuiteExecutor.execute(TestSuiteExecutor.java:106)
	at com.kms.katalon.core.main.TestCaseMain.startTestSuite(TestCaseMain.java:185)
	at com.kms.katalon.core.main.TestCaseMain$startTestSuite$0.call(Unknown Source)
	at TempTestSuite1650304259606.run(TempTestSuite1650304259606.groovy:36)
Caused by: com.kms.katalon.core.exception.StepFailedException: com.kms.katalon.core.webui.exception.WebElementNotFoundException: Web element with id: 'Object Repository/Form Verification/Nutramigen Form EN/Page_Nutramigen  Enfamil/div_State' located by '//div[@id='f9acd18e-7be3-472a-9f63-3affc22b70db']/div/div/div' not found
	... 23 more


2022-04-18 23:31:11 - [TEST_STEP][PASSED] - openBrowser(""): Browser is opened with url: ''

2022-04-18 23:31:11 - [MESSAGE][WARNING] - A browser is already opened. Closing browser and opening a new one

2022-04-18 23:31:12 - [MESSAGE][INFO] - Starting 'Chrome' driver

2022-04-18 23:31:12 - [MESSAGE][INFO] - Action delay is set to 0 milliseconds

2022-04-18 23:31:13 - [MESSAGE][PASSED] - Browser is opened with url: ''

2022-04-18 23:31:13 - [TEST_STEP][PASSED] - navigateToUrl(Nutramigen): Navigate to 'https://enfamil-us.cdn.test.us-east-1.starterkit.rbcloud.io/nutramigen-savings-and-support-program/' successfully

2022-04-18 23:31:15 - [MESSAGE][PASSED] - Navigate to 'https://enfamil-us.cdn.test.us-east-1.starterkit.rbcloud.io/nutramigen-savings-and-support-program/' successfully

2022-04-18 23:31:15 - [TEST_STEP][PASSED] - maximizeWindow(): Current window maximized

2022-04-18 23:31:16 - [MESSAGE][PASSED] - Current window maximized

2022-04-18 23:31:16 - [TEST_STEP][PASSED] - delay(8): Delayed 8 second(s)

2022-04-18 23:31:24 - [MESSAGE][PASSED] - Delayed 8 second(s)

2022-04-18 23:31:24 - [TEST_STEP][PASSED] - click(findTestObject("Object Repository/Form Verification/Nutramigen Form EN/Page_Nutramigen  Enfamil/button_GOT IT_onetrust-close-btn-handler on_95ce22")): Object: 'Object Repository/Form Verification/Nutramigen Form EN/Page_Nutramigen  Enfamil/button_GOT IT_onetrust-close-btn-handler on_95ce22' is clicked on

2022-04-18 23:31:25 - [MESSAGE][PASSED] - Object: 'Object Repository/Form Verification/Nutramigen Form EN/Page_Nutramigen  Enfamil/button_GOT IT_onetrust-close-btn-handler on_95ce22' is clicked on

2022-04-18 23:31:25 - [TEST_STEP][PASSED] - verifyElementPresent(findTestObject("Object Repository/Form Verification/Nutramigen Form EN/Page_Nutramigen  Enfamil/span_Nutramigen Savings and Support"), 0): Object 'Object Repository/Form Verification/Nutramigen Form EN/Page_Nutramigen  Enfamil/span_Nutramigen Savings and Support' is present

2022-04-18 23:31:25 - [MESSAGE][WARNING] - Timeout '0' is invalid. Using default page load timeout: '5'

2022-04-18 23:31:26 - [MESSAGE][PASSED] - Object 'Object Repository/Form Verification/Nutramigen Form EN/Page_Nutramigen  Enfamil/span_Nutramigen Savings and Support' is present

2022-04-18 23:31:26 - [TEST_STEP][PASSED] - verifyElementText(findTestObject("Object Repository/Form Verification/Nutramigen Form EN/Page_Nutramigen  Enfamil/span_Nutramigen Savings and Support"), "NutramigenÂ® Savings and Support"): Actual text and expected text of test object 'Object Repository/Form Verification/Nutramigen Form EN/Page_Nutramigen  Enfamil/span_Nutramigen Savings and Support' are matched.

2022-04-18 23:31:27 - [MESSAGE][PASSED] - Actual text and expected text of test object 'Object Repository/Form Verification/Nutramigen Form EN/Page_Nutramigen  Enfamil/span_Nutramigen Savings and Support' are matched.

2022-04-18 23:31:27 - [TEST_STEP][PASSED] - verifyElementPresent(findTestObject("Object Repository/Form Verification/Nutramigen Form EN/Page_Nutramigen  Enfamil/h1_Nutramigen Savings and Support"), 0): Object 'Object Repository/Form Verification/Nutramigen Form EN/Page_Nutramigen  Enfamil/h1_Nutramigen Savings and Support' is present

2022-04-18 23:31:27 - [MESSAGE][WARNING] - Timeout '0' is invalid. Using default page load timeout: '5'

2022-04-18 23:31:27 - [MESSAGE][PASSED] - Object 'Object Repository/Form Verification/Nutramigen Form EN/Page_Nutramigen  Enfamil/h1_Nutramigen Savings and Support' is present

2022-04-18 23:31:27 - [TEST_STEP][PASSED] - verifyElementText(findTestObject("Object Repository/Form Verification/Nutramigen Form EN/Page_Nutramigen  Enfamil/h1_Nutramigen Savings and Support"), "NutramigenÂ® Savings and Support"): Actual text and expected text of test object 'Object Repository/Form Verification/Nutramigen Form EN/Page_Nutramigen  Enfamil/h1_Nutramigen Savings and Support' are matched.

2022-04-18 23:31:27 - [MESSAGE][PASSED] - Actual text and expected text of test object 'Object Repository/Form Verification/Nutramigen Form EN/Page_Nutramigen  Enfamil/h1_Nutramigen Savings and Support' are matched.

2022-04-18 23:31:27 - [TEST_STEP][PASSED] - verifyElementPresent(findTestObject("Object Repository/Form Verification/Nutramigen Form EN/Page_Nutramigen  Enfamil/p_Join now for up to 130 in exclusive savin_72035f"), 0): Object 'Object Repository/Form Verification/Nutramigen Form EN/Page_Nutramigen  Enfamil/p_Join now for up to 130 in exclusive savin_72035f' is present

2022-04-18 23:31:28 - [MESSAGE][WARNING] - Timeout '0' is invalid. Using default page load timeout: '5'

2022-04-18 23:31:28 - [MESSAGE][PASSED] - Object 'Object Repository/Form Verification/Nutramigen Form EN/Page_Nutramigen  Enfamil/p_Join now for up to 130 in exclusive savin_72035f' is present

2022-04-18 23:31:28 - [TEST_STEP][PASSED] - verifyElementText(findTestObject("Object Repository/Form Verification/Nutramigen Form EN/Page_Nutramigen  Enfamil/p_Join now for up to 130 in exclusive savin_72035f"), "Join now for up to $130 in exclusive savings, samples, tips for cow's milk allergy management and more.*"): Actual text and expected text of test object 'Object Repository/Form Verification/Nutramigen Form EN/Page_Nutramigen  Enfamil/p_Join now for up to 130 in exclusive savin_72035f' are matched.

2022-04-18 23:31:28 - [MESSAGE][PASSED] - Actual text and expected text of test object 'Object Repository/Form Verification/Nutramigen Form EN/Page_Nutramigen  Enfamil/p_Join now for up to 130 in exclusive savin_72035f' are matched.

2022-04-18 23:31:28 - [TEST_STEP][PASSED] - verifyElementPresent(findTestObject("Object Repository/Form Verification/Nutramigen Form EN/Page_Nutramigen  Enfamil/p_Benefits may vary"), 0): Object 'Object Repository/Form Verification/Nutramigen Form EN/Page_Nutramigen  Enfamil/p_Benefits may vary' is present

2022-04-18 23:31:28 - [MESSAGE][WARNING] - Timeout '0' is invalid. Using default page load timeout: '5'

2022-04-18 23:31:29 - [MESSAGE][PASSED] - Object 'Object Repository/Form Verification/Nutramigen Form EN/Page_Nutramigen  Enfamil/p_Benefits may vary' is present

2022-04-18 23:31:29 - [TEST_STEP][PASSED] - verifyElementText(findTestObject("Object Repository/Form Verification/Nutramigen Form EN/Page_Nutramigen  Enfamil/p_Benefits may vary"), "*Benefits may vary."): Actual text and expected text of test object 'Object Repository/Form Verification/Nutramigen Form EN/Page_Nutramigen  Enfamil/p_Benefits may vary' are matched.

2022-04-18 23:31:29 - [MESSAGE][PASSED] - Actual text and expected text of test object 'Object Repository/Form Verification/Nutramigen Form EN/Page_Nutramigen  Enfamil/p_Benefits may vary' are matched.

2022-04-18 23:31:29 - [TEST_STEP][PASSED] - verifyElementPresent(findTestObject("Object Repository/Form Verification/Nutramigen Form EN/Page_Nutramigen  Enfamil/img_Nutramigen Savings and Support Program__4b42fe"), 0): Object 'Object Repository/Form Verification/Nutramigen Form EN/Page_Nutramigen  Enfamil/img_Nutramigen Savings and Support Program__4b42fe' is present

2022-04-18 23:31:29 - [MESSAGE][WARNING] - Timeout '0' is invalid. Using default page load timeout: '5'

2022-04-18 23:31:30 - [MESSAGE][PASSED] - Object 'Object Repository/Form Verification/Nutramigen Form EN/Page_Nutramigen  Enfamil/img_Nutramigen Savings and Support Program__4b42fe' is present

2022-04-18 23:31:30 - [TEST_STEP][PASSED] - verifyElementPresent(findTestObject("Object Repository/Form Verification/Nutramigen Form EN/Page_Nutramigen  Enfamil/p_PERSONALIZE YOUR EXPERIENCE"), 0): Object 'Object Repository/Form Verification/Nutramigen Form EN/Page_Nutramigen  Enfamil/p_PERSONALIZE YOUR EXPERIENCE' is present

2022-04-18 23:31:30 - [MESSAGE][WARNING] - Timeout '0' is invalid. Using default page load timeout: '5'

2022-04-18 23:31:30 - [MESSAGE][PASSED] - Object 'Object Repository/Form Verification/Nutramigen Form EN/Page_Nutramigen  Enfamil/p_PERSONALIZE YOUR EXPERIENCE' is present

2022-04-18 23:31:30 - [TEST_STEP][PASSED] - verifyElementText(findTestObject("Object Repository/Form Verification/Nutramigen Form EN/Page_Nutramigen  Enfamil/p_PERSONALIZE YOUR EXPERIENCE"), "PERSONALIZE YOUR EXPERIENCE"): Actual text and expected text of test object 'Object Repository/Form Verification/Nutramigen Form EN/Page_Nutramigen  Enfamil/p_PERSONALIZE YOUR EXPERIENCE' are matched.

2022-04-18 23:31:30 - [MESSAGE][PASSED] - Actual text and expected text of test object 'Object Repository/Form Verification/Nutramigen Form EN/Page_Nutramigen  Enfamil/p_PERSONALIZE YOUR EXPERIENCE' are matched.

2022-04-18 23:31:30 - [TEST_STEP][PASSED] - verifyElementPresent(findTestObject("Object Repository/Form Verification/Nutramigen Form EN/Page_Nutramigen  Enfamil/p_1. Tell us your name and email"), 0): Object 'Object Repository/Form Verification/Nutramigen Form EN/Page_Nutramigen  Enfamil/p_1. Tell us your name and email' is present

2022-04-18 23:31:30 - [MESSAGE][WARNING] - Timeout '0' is invalid. Using default page load timeout: '5'

2022-04-18 23:31:31 - [MESSAGE][PASSED] - Object 'Object Repository/Form Verification/Nutramigen Form EN/Page_Nutramigen  Enfamil/p_1. Tell us your name and email' is present

2022-04-18 23:31:31 - [TEST_STEP][PASSED] - verifyElementText(findTestObject("Object Repository/Form Verification/Nutramigen Form EN/Page_Nutramigen  Enfamil/p_1. Tell us your name and email"), "1. Tell us your name and email."): Actual text and expected text of test object 'Object Repository/Form Verification/Nutramigen Form EN/Page_Nutramigen  Enfamil/p_1. Tell us your name and email' are matched.

2022-04-18 23:31:31 - [MESSAGE][PASSED] - Actual text and expected text of test object 'Object Repository/Form Verification/Nutramigen Form EN/Page_Nutramigen  Enfamil/p_1. Tell us your name and email' are matched.

2022-04-18 23:31:31 - [TEST_STEP][PASSED] - verifyElementPresent(findTestObject("Object Repository/Form Verification/Nutramigen Form EN/Page_Nutramigen  Enfamil/input_First Name_fb93a681-abac-454b-96d8-6b_b88fa4"), 0): Object 'Object Repository/Form Verification/Nutramigen Form EN/Page_Nutramigen  Enfamil/input_First Name_fb93a681-abac-454b-96d8-6b_b88fa4' is present

2022-04-18 23:31:31 - [MESSAGE][WARNING] - Timeout '0' is invalid. Using default page load timeout: '5'

2022-04-18 23:31:32 - [MESSAGE][PASSED] - Object 'Object Repository/Form Verification/Nutramigen Form EN/Page_Nutramigen  Enfamil/input_First Name_fb93a681-abac-454b-96d8-6b_b88fa4' is present

2022-04-18 23:31:32 - [TEST_STEP][PASSED] - verifyElementClickable(findTestObject("Form Verification/Nutramigen Form EN/Page_Nutramigen  Enfamil/input_First Name_fb93a681-abac-454b-96d8-6b_b88fa4")): Object 'Object Repository/Form Verification/Nutramigen Form EN/Page_Nutramigen  Enfamil/input_First Name_fb93a681-abac-454b-96d8-6b_b88fa4' is clickable

2022-04-18 23:31:32 - [MESSAGE][PASSED] - Object 'Object Repository/Form Verification/Nutramigen Form EN/Page_Nutramigen  Enfamil/input_First Name_fb93a681-abac-454b-96d8-6b_b88fa4' is clickable

2022-04-18 23:31:32 - [TEST_STEP][PASSED] - verifyElementPresent(findTestObject("Object Repository/Form Verification/Nutramigen Form EN/Page_Nutramigen  Enfamil/input_Last Name_f79d7000-6316-40fb-a3e6-b1f_b5683d"), 0): Object 'Object Repository/Form Verification/Nutramigen Form EN/Page_Nutramigen  Enfamil/input_Last Name_f79d7000-6316-40fb-a3e6-b1f_b5683d' is present

2022-04-18 23:31:32 - [MESSAGE][WARNING] - Timeout '0' is invalid. Using default page load timeout: '5'

2022-04-18 23:31:32 - [MESSAGE][PASSED] - Object 'Object Repository/Form Verification/Nutramigen Form EN/Page_Nutramigen  Enfamil/input_Last Name_f79d7000-6316-40fb-a3e6-b1f_b5683d' is present

2022-04-18 23:31:32 - [TEST_STEP][PASSED] - verifyElementClickable(findTestObject("Form Verification/Nutramigen Form EN/Page_Nutramigen  Enfamil/input_Last Name_f79d7000-6316-40fb-a3e6-b1f_b5683d")): Object 'Object Repository/Form Verification/Nutramigen Form EN/Page_Nutramigen  Enfamil/input_Last Name_f79d7000-6316-40fb-a3e6-b1f_b5683d' is clickable

2022-04-18 23:31:33 - [MESSAGE][PASSED] - Object 'Object Repository/Form Verification/Nutramigen Form EN/Page_Nutramigen  Enfamil/input_Last Name_f79d7000-6316-40fb-a3e6-b1f_b5683d' is clickable

2022-04-18 23:31:33 - [TEST_STEP][PASSED] - verifyElementPresent(findTestObject("Object Repository/Form Verification/Nutramigen Form EN/Page_Nutramigen  Enfamil/input_Email_9fcda2d9-4eb1-44ad-9f84-baea49c9ae6a"), 0): Object 'Object Repository/Form Verification/Nutramigen Form EN/Page_Nutramigen  Enfamil/input_Email_9fcda2d9-4eb1-44ad-9f84-baea49c9ae6a' is present

2022-04-18 23:31:33 - [MESSAGE][WARNING] - Timeout '0' is invalid. Using default page load timeout: '5'

2022-04-18 23:31:33 - [MESSAGE][PASSED] - Object 'Object Repository/Form Verification/Nutramigen Form EN/Page_Nutramigen  Enfamil/input_Email_9fcda2d9-4eb1-44ad-9f84-baea49c9ae6a' is present

2022-04-18 23:31:33 - [TEST_STEP][PASSED] - verifyElementClickable(findTestObject("Form Verification/Nutramigen Form EN/Page_Nutramigen  Enfamil/input_Email_9fcda2d9-4eb1-44ad-9f84-baea49c9ae6a")): Object 'Object Repository/Form Verification/Nutramigen Form EN/Page_Nutramigen  Enfamil/input_Email_9fcda2d9-4eb1-44ad-9f84-baea49c9ae6a' is clickable

2022-04-18 23:31:34 - [MESSAGE][PASSED] - Object 'Object Repository/Form Verification/Nutramigen Form EN/Page_Nutramigen  Enfamil/input_Email_9fcda2d9-4eb1-44ad-9f84-baea49c9ae6a' is clickable

2022-04-18 23:31:34 - [TEST_STEP][PASSED] - verifyElementPresent(findTestObject("Object Repository/Form Verification/Nutramigen Form EN/Page_Nutramigen  Enfamil/p_2. Enter your address"), 0): Object 'Object Repository/Form Verification/Nutramigen Form EN/Page_Nutramigen  Enfamil/p_2. Enter your address' is present

2022-04-18 23:31:34 - [MESSAGE][WARNING] - Timeout '0' is invalid. Using default page load timeout: '5'

2022-04-18 23:31:34 - [MESSAGE][PASSED] - Object 'Object Repository/Form Verification/Nutramigen Form EN/Page_Nutramigen  Enfamil/p_2. Enter your address' is present

2022-04-18 23:31:34 - [TEST_STEP][PASSED] - verifyElementText(findTestObject("Object Repository/Form Verification/Nutramigen Form EN/Page_Nutramigen  Enfamil/p_2. Enter your address"), "2. Enter your address."): Actual text and expected text of test object 'Object Repository/Form Verification/Nutramigen Form EN/Page_Nutramigen  Enfamil/p_2. Enter your address' are matched.

2022-04-18 23:31:34 - [MESSAGE][PASSED] - Actual text and expected text of test object 'Object Repository/Form Verification/Nutramigen Form EN/Page_Nutramigen  Enfamil/p_2. Enter your address' are matched.

2022-04-18 23:31:34 - [TEST_STEP][PASSED] - verifyElementPresent(findTestObject("Object Repository/Form Verification/Nutramigen Form EN/Page_Nutramigen  Enfamil/div_2. Enter your address.You may receive s_cffe19"), 0): Object 'Object Repository/Form Verification/Nutramigen Form EN/Page_Nutramigen  Enfamil/div_2. Enter your address.You may receive s_cffe19' is present

2022-04-18 23:31:35 - [MESSAGE][WARNING] - Timeout '0' is invalid. Using default page load timeout: '5'

2022-04-18 23:31:35 - [MESSAGE][PASSED] - Object 'Object Repository/Form Verification/Nutramigen Form EN/Page_Nutramigen  Enfamil/div_2. Enter your address.You may receive s_cffe19' is present

2022-04-18 23:31:35 - [TEST_STEP][PASSED] - verifyElementText(findTestObject("Object Repository/Form Verification/Nutramigen Form EN/Page_Nutramigen  Enfamil/div_2. Enter your address.You may receive s_cffe19"), "2. Enter your address.
You may receive some gifts closer to your babyâ€™s due date."): Actual text and expected text of test object 'Object Repository/Form Verification/Nutramigen Form EN/Page_Nutramigen  Enfamil/div_2. Enter your address.You may receive s_cffe19' are matched.

2022-04-18 23:31:35 - [MESSAGE][PASSED] - Actual text and expected text of test object 'Object Repository/Form Verification/Nutramigen Form EN/Page_Nutramigen  Enfamil/div_2. Enter your address.You may receive s_cffe19' are matched.

2022-04-18 23:31:35 - [TEST_STEP][PASSED] - verifyElementPresent(findTestObject("Object Repository/Form Verification/Nutramigen Form EN/Page_Nutramigen  Enfamil/input_Street address_65b812a7-bc02-4bcd-ac9_5261a8"), 0): Object 'Object Repository/Form Verification/Nutramigen Form EN/Page_Nutramigen  Enfamil/input_Street address_65b812a7-bc02-4bcd-ac9_5261a8' is present

2022-04-18 23:31:35 - [MESSAGE][WARNING] - Timeout '0' is invalid. Using default page load timeout: '5'

2022-04-18 23:31:36 - [MESSAGE][PASSED] - Object 'Object Repository/Form Verification/Nutramigen Form EN/Page_Nutramigen  Enfamil/input_Street address_65b812a7-bc02-4bcd-ac9_5261a8' is present

2022-04-18 23:31:36 - [TEST_STEP][PASSED] - verifyElementClickable(findTestObject("Form Verification/Nutramigen Form EN/Page_Nutramigen  Enfamil/input_Street address_65b812a7-bc02-4bcd-ac9_5261a8")): Object 'Object Repository/Form Verification/Nutramigen Form EN/Page_Nutramigen  Enfamil/input_Street address_65b812a7-bc02-4bcd-ac9_5261a8' is clickable

2022-04-18 23:31:36 - [MESSAGE][PASSED] - Object 'Object Repository/Form Verification/Nutramigen Form EN/Page_Nutramigen  Enfamil/input_Street address_65b812a7-bc02-4bcd-ac9_5261a8' is clickable

2022-04-18 23:31:36 - [TEST_STEP][PASSED] - verifyElementPresent(findTestObject("Object Repository/Form Verification/Nutramigen Form EN/Page_Nutramigen  Enfamil/input_UnitSuiteApt (optional)_c2ceb8f5-0157_bab9a4"), 0): Object 'Object Repository/Form Verification/Nutramigen Form EN/Page_Nutramigen  Enfamil/input_UnitSuiteApt (optional)_c2ceb8f5-0157_bab9a4' is present

2022-04-18 23:31:36 - [MESSAGE][WARNING] - Timeout '0' is invalid. Using default page load timeout: '5'

2022-04-18 23:31:36 - [MESSAGE][PASSED] - Object 'Object Repository/Form Verification/Nutramigen Form EN/Page_Nutramigen  Enfamil/input_UnitSuiteApt (optional)_c2ceb8f5-0157_bab9a4' is present

2022-04-18 23:31:36 - [TEST_STEP][PASSED] - verifyElementClickable(findTestObject("Form Verification/Nutramigen Form EN/Page_Nutramigen  Enfamil/input_UnitSuiteApt (optional)_c2ceb8f5-0157_bab9a4")): Object 'Object Repository/Form Verification/Nutramigen Form EN/Page_Nutramigen  Enfamil/input_UnitSuiteApt (optional)_c2ceb8f5-0157_bab9a4' is clickable

2022-04-18 23:31:37 - [MESSAGE][PASSED] - Object 'Object Repository/Form Verification/Nutramigen Form EN/Page_Nutramigen  Enfamil/input_UnitSuiteApt (optional)_c2ceb8f5-0157_bab9a4' is clickable

2022-04-18 23:31:37 - [TEST_STEP][PASSED] - verifyElementPresent(findTestObject("Object Repository/Form Verification/Nutramigen Form EN/Page_Nutramigen  Enfamil/input_City_06a36acf-6633-4f94-886b-c290462de787"), 0): Object 'Object Repository/Form Verification/Nutramigen Form EN/Page_Nutramigen  Enfamil/input_City_06a36acf-6633-4f94-886b-c290462de787' is present

2022-04-18 23:31:37 - [MESSAGE][WARNING] - Timeout '0' is invalid. Using default page load timeout: '5'

2022-04-18 23:31:37 - [MESSAGE][PASSED] - Object 'Object Repository/Form Verification/Nutramigen Form EN/Page_Nutramigen  Enfamil/input_City_06a36acf-6633-4f94-886b-c290462de787' is present

2022-04-18 23:31:37 - [TEST_STEP][PASSED] - verifyElementClickable(findTestObject("Form Verification/Nutramigen Form EN/Page_Nutramigen  Enfamil/input_City_06a36acf-6633-4f94-886b-c290462de787")): Object 'Object Repository/Form Verification/Nutramigen Form EN/Page_Nutramigen  Enfamil/input_City_06a36acf-6633-4f94-886b-c290462de787' is clickable

2022-04-18 23:31:38 - [MESSAGE][PASSED] - Object 'Object Repository/Form Verification/Nutramigen Form EN/Page_Nutramigen  Enfamil/input_City_06a36acf-6633-4f94-886b-c290462de787' is clickable

2022-04-18 23:31:38 - [TEST_STEP][FAILED] - verifyElementPresent(findTestObject("Object Repository/Form Verification/Nutramigen Form EN/Page_Nutramigen  Enfamil/div_State"), 0): com.kms.katalon.core.webui.exception.WebElementNotFoundException: Web element with id: 'Object Repository/Form Verification/Nutramigen Form EN/Page_Nutramigen  Enfamil/div_State' located by '//div[@id='f9acd18e-7be3-472a-9f63-3affc22b70db']/div/div/div' not found (Root cause: com.kms.katalon.core.exception.StepFailedException: com.kms.katalon.core.webui.exception.WebElementNotFoundException: Web element with id: 'Object Repository/Form Verification/Nutramigen Form EN/Page_Nutramigen  Enfamil/div_State' located by '//div[@id='f9acd18e-7be3-472a-9f63-3affc22b70db']/div/div/div' not found
	at com.kms.katalon.core.webui.keyword.internal.WebUIKeywordMain.stepFailed(WebUIKeywordMain.groovy:64)
	at com.kms.katalon.core.webui.keyword.builtin.VerifyElementPresentKeyword$_verifyElementPresent_closure1.doCall(VerifyElementPresentKeyword.groovy:85)
	at com.kms.katalon.core.webui.keyword.builtin.VerifyElementPresentKeyword$_verifyElementPresent_closure1.call(VerifyElementPresentKeyword.groovy)
	at com.kms.katalon.core.webui.keyword.internal.WebUIKeywordMain.runKeyword(WebUIKeywordMain.groovy:20)
	at com.kms.katalon.core.webui.keyword.builtin.VerifyElementPresentKeyword.verifyElementPresent(VerifyElementPresentKeyword.groovy:92)
	at com.kms.katalon.core.webui.keyword.builtin.VerifyElementPresentKeyword.execute(VerifyElementPresentKeyword.groovy:68)
	at com.kms.katalon.core.keyword.internal.KeywordExecutor.executeKeywordForPlatform(KeywordExecutor.groovy:74)
	at com.kms.katalon.core.webui.keyword.WebUiBuiltInKeywords.verifyElementPresent(WebUiBuiltInKeywords.groovy:1464)
	at com.kms.katalon.core.webui.keyword.WebUiBuiltInKeywords$verifyElementPresent$4.call(Unknown Source)
	at Nutramigen - Form Verification - UAT.run(Nutramigen - Form Verification - UAT:111)
	at com.kms.katalon.core.main.ScriptEngine.run(ScriptEngine.java:194)
	at com.kms.katalon.core.main.ScriptEngine.runScriptAsRawText(ScriptEngine.java:119)
	at com.kms.katalon.core.main.TestCaseExecutor.runScript(TestCaseExecutor.java:445)
	at com.kms.katalon.core.main.TestCaseExecutor.doExecute(TestCaseExecutor.java:436)
	at com.kms.katalon.core.main.TestCaseExecutor.processExecutionPhase(TestCaseExecutor.java:415)
	at com.kms.katalon.core.main.TestCaseExecutor.accessMainPhase(TestCaseExecutor.java:407)
	at com.kms.katalon.core.main.TestCaseExecutor.execute(TestCaseExecutor.java:284)
	at com.kms.katalon.core.common.CommonExecutor.accessTestCaseMainPhase(CommonExecutor.java:65)
	at com.kms.katalon.core.main.TestSuiteExecutor.accessTestSuiteMainPhase(TestSuiteExecutor.java:144)
	at com.kms.katalon.core.main.TestSuiteExecutor.execute(TestSuiteExecutor.java:106)
	at com.kms.katalon.core.main.TestCaseMain.startTestSuite(TestCaseMain.java:185)
	at com.kms.katalon.core.main.TestCaseMain$startTestSuite$0.call(Unknown Source)
	at TempTestSuite1650304259606.run(TempTestSuite1650304259606.groovy:36)
)

2022-04-18 23:31:38 - [MESSAGE][WARNING] - Timeout '0' is invalid. Using default page load timeout: '5'

2022-04-18 23:31:44 - [MESSAGE][INFO] - Unable to find the element located by 'By.xpath: //div[@id='f9acd18e-7be3-472a-9f63-3affc22b70db']/div/div/div'. Please recheck the objects properties to make sure the desired element is located. 

2022-04-18 23:31:44 - [MESSAGE][FAILED] - com.kms.katalon.core.webui.exception.WebElementNotFoundException: Web element with id: 'Object Repository/Form Verification/Nutramigen Form EN/Page_Nutramigen  Enfamil/div_State' located by '//div[@id='f9acd18e-7be3-472a-9f63-3affc22b70db']/div/div/div' not found (Root cause: com.kms.katalon.core.exception.StepFailedException: com.kms.katalon.core.webui.exception.WebElementNotFoundException: Web element with id: 'Object Repository/Form Verification/Nutramigen Form EN/Page_Nutramigen  Enfamil/div_State' located by '//div[@id='f9acd18e-7be3-472a-9f63-3affc22b70db']/div/div/div' not found
	at com.kms.katalon.core.webui.keyword.internal.WebUIKeywordMain.stepFailed(WebUIKeywordMain.groovy:64)
	at com.kms.katalon.core.webui.keyword.builtin.VerifyElementPresentKeyword$_verifyElementPresent_closure1.doCall(VerifyElementPresentKeyword.groovy:85)
	at com.kms.katalon.core.webui.keyword.builtin.VerifyElementPresentKeyword$_verifyElementPresent_closure1.call(VerifyElementPresentKeyword.groovy)
	at com.kms.katalon.core.webui.keyword.internal.WebUIKeywordMain.runKeyword(WebUIKeywordMain.groovy:20)
	at com.kms.katalon.core.webui.keyword.builtin.VerifyElementPresentKeyword.verifyElementPresent(VerifyElementPresentKeyword.groovy:92)
	at com.kms.katalon.core.webui.keyword.builtin.VerifyElementPresentKeyword.execute(VerifyElementPresentKeyword.groovy:68)
	at com.kms.katalon.core.keyword.internal.KeywordExecutor.executeKeywordForPlatform(KeywordExecutor.groovy:74)
	at com.kms.katalon.core.webui.keyword.WebUiBuiltInKeywords.verifyElementPresent(WebUiBuiltInKeywords.groovy:1464)
	at com.kms.katalon.core.webui.keyword.WebUiBuiltInKeywords$verifyElementPresent$4.call(Unknown Source)
	at Nutramigen - Form Verification - UAT.run(Nutramigen - Form Verification - UAT:111)
	at com.kms.katalon.core.main.ScriptEngine.run(ScriptEngine.java:194)
	at com.kms.katalon.core.main.ScriptEngine.runScriptAsRawText(ScriptEngine.java:119)
	at com.kms.katalon.core.main.TestCaseExecutor.runScript(TestCaseExecutor.java:445)
	at com.kms.katalon.core.main.TestCaseExecutor.doExecute(TestCaseExecutor.java:436)
	at com.kms.katalon.core.main.TestCaseExecutor.processExecutionPhase(TestCaseExecutor.java:415)
	at com.kms.katalon.core.main.TestCaseExecutor.accessMainPhase(TestCaseExecutor.java:407)
	at com.kms.katalon.core.main.TestCaseExecutor.execute(TestCaseExecutor.java:284)
	at com.kms.katalon.core.common.CommonExecutor.accessTestCaseMainPhase(CommonExecutor.java:65)
	at com.kms.katalon.core.main.TestSuiteExecutor.accessTestSuiteMainPhase(TestSuiteExecutor.java:144)
	at com.kms.katalon.core.main.TestSuiteExecutor.execute(TestSuiteExecutor.java:106)
	at com.kms.katalon.core.main.TestCaseMain.startTestSuite(TestCaseMain.java:185)
	at com.kms.katalon.core.main.TestCaseMain$startTestSuite$0.call(Unknown Source)
	at TempTestSuite1650304259606.run(TempTestSuite1650304259606.groovy:36)
)
[[ATTACHMENT|D:\\SmoketestSuite\\enfamilUS\\Reports\\20220418_232059\\SmokeTestCollection - Venkat\\SmokeTestSuite-Collection - UAT\\20220418_232059\\1650304904637.png]]

2022-04-18 23:31:44 - [TEST_STEP][FAILED] - verifyElementClickable(findTestObject("Object Repository/Form Verification/Nutramigen Form EN/Page_Nutramigen  Enfamil/div_State")): Web element with id: 'Object Repository/Form Verification/Nutramigen Form EN/Page_Nutramigen  Enfamil/div_State' located by '//div[@id='f9acd18e-7be3-472a-9f63-3affc22b70db']/div/div/div' not found (Root cause: com.kms.katalon.core.exception.StepFailedException: Web element with id: 'Object Repository/Form Verification/Nutramigen Form EN/Page_Nutramigen  Enfamil/div_State' located by '//div[@id='f9acd18e-7be3-472a-9f63-3affc22b70db']/div/div/div' not found
	at com.kms.katalon.core.webui.keyword.internal.WebUIKeywordMain.stepFailed(WebUIKeywordMain.groovy:64)
	at com.kms.katalon.core.webui.keyword.builtin.VerifyElementClickableKeyword$_verifyElementClickable_closure1.doCall(VerifyElementClickableKeyword.groovy:88)
	at com.kms.katalon.core.webui.keyword.builtin.VerifyElementClickableKeyword$_verifyElementClickable_closure1.call(VerifyElementClickableKeyword.groovy)
	at com.kms.katalon.core.webui.keyword.internal.WebUIKeywordMain.runKeyword(WebUIKeywordMain.groovy:20)
	at com.kms.katalon.core.webui.keyword.builtin.VerifyElementClickableKeyword.verifyElementClickable(VerifyElementClickableKeyword.groovy:96)
	at com.kms.katalon.core.webui.keyword.builtin.VerifyElementClickableKeyword.execute(VerifyElementClickableKeyword.groovy:67)
	at com.kms.katalon.core.keyword.internal.KeywordExecutor.executeKeywordForPlatform(KeywordExecutor.groovy:74)
	at com.kms.katalon.core.webui.keyword.WebUiBuiltInKeywords.verifyElementClickable(WebUiBuiltInKeywords.groovy:566)
	at com.kms.katalon.core.webui.keyword.WebUiBuiltInKeywords$verifyElementClickable$6.call(Unknown Source)
	at Nutramigen - Form Verification - UAT.run(Nutramigen - Form Verification - UAT:114)
	at com.kms.katalon.core.main.ScriptEngine.run(ScriptEngine.java:194)
	at com.kms.katalon.core.main.ScriptEngine.runScriptAsRawText(ScriptEngine.java:119)
	at com.kms.katalon.core.main.TestCaseExecutor.runScript(TestCaseExecutor.java:445)
	at com.kms.katalon.core.main.TestCaseExecutor.doExecute(TestCaseExecutor.java:436)
	at com.kms.katalon.core.main.TestCaseExecutor.processExecutionPhase(TestCaseExecutor.java:415)
	at com.kms.katalon.core.main.TestCaseExecutor.accessMainPhase(TestCaseExecutor.java:407)
	at com.kms.katalon.core.main.TestCaseExecutor.execute(TestCaseExecutor.java:284)
	at com.kms.katalon.core.common.CommonExecutor.accessTestCaseMainPhase(CommonExecutor.java:65)
	at com.kms.katalon.core.main.TestSuiteExecutor.accessTestSuiteMainPhase(TestSuiteExecutor.java:144)
	at com.kms.katalon.core.main.TestSuiteExecutor.execute(TestSuiteExecutor.java:106)
	at com.kms.katalon.core.main.TestCaseMain.startTestSuite(TestCaseMain.java:185)
	at com.kms.katalon.core.main.TestCaseMain$startTestSuite$0.call(Unknown Source)
	at TempTestSuite1650304259606.run(TempTestSuite1650304259606.groovy:36)
)

2022-04-18 23:31:50 - [MESSAGE][INFO] - Unable to find the element located by 'By.xpath: //div[@id='f9acd18e-7be3-472a-9f63-3affc22b70db']/div/div/div'. Please recheck the objects properties to make sure the desired element is located. 

2022-04-18 23:31:51 - [MESSAGE][FAILED] - Web element with id: 'Object Repository/Form Verification/Nutramigen Form EN/Page_Nutramigen  Enfamil/div_State' located by '//div[@id='f9acd18e-7be3-472a-9f63-3affc22b70db']/div/div/div' not found (Root cause: com.kms.katalon.core.exception.StepFailedException: Web element with id: 'Object Repository/Form Verification/Nutramigen Form EN/Page_Nutramigen  Enfamil/div_State' located by '//div[@id='f9acd18e-7be3-472a-9f63-3affc22b70db']/div/div/div' not found
	at com.kms.katalon.core.webui.keyword.internal.WebUIKeywordMain.stepFailed(WebUIKeywordMain.groovy:64)
	at com.kms.katalon.core.webui.keyword.builtin.VerifyElementClickableKeyword$_verifyElementClickable_closure1.doCall(VerifyElementClickableKeyword.groovy:88)
	at com.kms.katalon.core.webui.keyword.builtin.VerifyElementClickableKeyword$_verifyElementClickable_closure1.call(VerifyElementClickableKeyword.groovy)
	at com.kms.katalon.core.webui.keyword.internal.WebUIKeywordMain.runKeyword(WebUIKeywordMain.groovy:20)
	at com.kms.katalon.core.webui.keyword.builtin.VerifyElementClickableKeyword.verifyElementClickable(VerifyElementClickableKeyword.groovy:96)
	at com.kms.katalon.core.webui.keyword.builtin.VerifyElementClickableKeyword.execute(VerifyElementClickableKeyword.groovy:67)
	at com.kms.katalon.core.keyword.internal.KeywordExecutor.executeKeywordForPlatform(KeywordExecutor.groovy:74)
	at com.kms.katalon.core.webui.keyword.WebUiBuiltInKeywords.verifyElementClickable(WebUiBuiltInKeywords.groovy:566)
	at com.kms.katalon.core.webui.keyword.WebUiBuiltInKeywords$verifyElementClickable$6.call(Unknown Source)
	at Nutramigen - Form Verification - UAT.run(Nutramigen - Form Verification - UAT:114)
	at com.kms.katalon.core.main.ScriptEngine.run(ScriptEngine.java:194)
	at com.kms.katalon.core.main.ScriptEngine.runScriptAsRawText(ScriptEngine.java:119)
	at com.kms.katalon.core.main.TestCaseExecutor.runScript(TestCaseExecutor.java:445)
	at com.kms.katalon.core.main.TestCaseExecutor.doExecute(TestCaseExecutor.java:436)
	at com.kms.katalon.core.main.TestCaseExecutor.processExecutionPhase(TestCaseExecutor.java:415)
	at com.kms.katalon.core.main.TestCaseExecutor.accessMainPhase(TestCaseExecutor.java:407)
	at com.kms.katalon.core.main.TestCaseExecutor.execute(TestCaseExecutor.java:284)
	at com.kms.katalon.core.common.CommonExecutor.accessTestCaseMainPhase(CommonExecutor.java:65)
	at com.kms.katalon.core.main.TestSuiteExecutor.accessTestSuiteMainPhase(TestSuiteExecutor.java:144)
	at com.kms.katalon.core.main.TestSuiteExecutor.execute(TestSuiteExecutor.java:106)
	at com.kms.katalon.core.main.TestCaseMain.startTestSuite(TestCaseMain.java:185)
	at com.kms.katalon.core.main.TestCaseMain$startTestSuite$0.call(Unknown Source)
	at TempTestSuite1650304259606.run(TempTestSuite1650304259606.groovy:36)
)
[[ATTACHMENT|D:\\SmoketestSuite\\enfamilUS\\Reports\\20220418_232059\\SmokeTestCollection - Venkat\\SmokeTestSuite-Collection - UAT\\20220418_232059\\1650304910965.png]]

2022-04-18 23:31:51 - [TEST_STEP][PASSED] - verifyElementPresent(findTestObject("Object Repository/Form Verification/Nutramigen Form EN/Page_Nutramigen  Enfamil/input_Zip code_722c29a2-2f5f-4d57-9ea0-2040_c80e4e"), 0): Object 'Object Repository/Form Verification/Nutramigen Form EN/Page_Nutramigen  Enfamil/input_Zip code_722c29a2-2f5f-4d57-9ea0-2040_c80e4e' is present

2022-04-18 23:31:51 - [MESSAGE][WARNING] - Timeout '0' is invalid. Using default page load timeout: '5'

2022-04-18 23:31:51 - [MESSAGE][PASSED] - Object 'Object Repository/Form Verification/Nutramigen Form EN/Page_Nutramigen  Enfamil/input_Zip code_722c29a2-2f5f-4d57-9ea0-2040_c80e4e' is present

2022-04-18 23:31:51 - [TEST_STEP][PASSED] - verifyElementClickable(findTestObject("Form Verification/Nutramigen Form EN/Page_Nutramigen  Enfamil/input_Zip code_722c29a2-2f5f-4d57-9ea0-2040_c80e4e")): Object 'Object Repository/Form Verification/Nutramigen Form EN/Page_Nutramigen  Enfamil/input_Zip code_722c29a2-2f5f-4d57-9ea0-2040_c80e4e' is clickable

2022-04-18 23:31:51 - [MESSAGE][PASSED] - Object 'Object Repository/Form Verification/Nutramigen Form EN/Page_Nutramigen  Enfamil/input_Zip code_722c29a2-2f5f-4d57-9ea0-2040_c80e4e' is clickable

2022-04-18 23:31:51 - [TEST_STEP][PASSED] - verifyElementPresent(findTestObject("Object Repository/Form Verification/Nutramigen Form EN/Page_Nutramigen  Enfamil/p_3. Set password"), 0): Object 'Object Repository/Form Verification/Nutramigen Form EN/Page_Nutramigen  Enfamil/p_3. Set password' is present

2022-04-18 23:31:52 - [MESSAGE][WARNING] - Timeout '0' is invalid. Using default page load timeout: '5'

2022-04-18 23:31:52 - [MESSAGE][PASSED] - Object 'Object Repository/Form Verification/Nutramigen Form EN/Page_Nutramigen  Enfamil/p_3. Set password' is present

2022-04-18 23:31:52 - [TEST_STEP][PASSED] - verifyElementText(findTestObject("Object Repository/Form Verification/Nutramigen Form EN/Page_Nutramigen  Enfamil/p_3. Set password"), "3. Set password."): Actual text and expected text of test object 'Object Repository/Form Verification/Nutramigen Form EN/Page_Nutramigen  Enfamil/p_3. Set password' are matched.

2022-04-18 23:31:52 - [MESSAGE][PASSED] - Actual text and expected text of test object 'Object Repository/Form Verification/Nutramigen Form EN/Page_Nutramigen  Enfamil/p_3. Set password' are matched.

2022-04-18 23:31:52 - [TEST_STEP][PASSED] - verifyElementPresent(findTestObject("Object Repository/Form Verification/Nutramigen Form EN/Page_Nutramigen  Enfamil/input_Password_866a7dab-8bf6-4bee-a159-5265_93e73f"), 0): Object 'Object Repository/Form Verification/Nutramigen Form EN/Page_Nutramigen  Enfamil/input_Password_866a7dab-8bf6-4bee-a159-5265_93e73f' is present

2022-04-18 23:31:52 - [MESSAGE][WARNING] - Timeout '0' is invalid. Using default page load timeout: '5'

2022-04-18 23:31:53 - [MESSAGE][PASSED] - Object 'Object Repository/Form Verification/Nutramigen Form EN/Page_Nutramigen  Enfamil/input_Password_866a7dab-8bf6-4bee-a159-5265_93e73f' is present

2022-04-18 23:31:53 - [TEST_STEP][PASSED] - verifyElementText(findTestObject("Form Verification/Nutramigen Form EN/Page_Nutramigen  Enfamil/input_Password_866a7dab-8bf6-4bee-a159-5265_93e73f"), ""): Actual text and expected text of test object 'Object Repository/Form Verification/Nutramigen Form EN/Page_Nutramigen  Enfamil/input_Password_866a7dab-8bf6-4bee-a159-5265_93e73f' are matched.

2022-04-18 23:31:53 - [MESSAGE][PASSED] - Actual text and expected text of test object 'Object Repository/Form Verification/Nutramigen Form EN/Page_Nutramigen  Enfamil/input_Password_866a7dab-8bf6-4bee-a159-5265_93e73f' are matched.

2022-04-18 23:31:53 - [TEST_STEP][PASSED] - verifyElementPresent(findTestObject("Object Repository/Form Verification/Nutramigen Form EN/Page_Nutramigen  Enfamil/button_Hide"), 0): Object 'Object Repository/Form Verification/Nutramigen Form EN/Page_Nutramigen  Enfamil/button_Hide' is present

2022-04-18 23:31:53 - [MESSAGE][WARNING] - Timeout '0' is invalid. Using default page load timeout: '5'

2022-04-18 23:31:54 - [MESSAGE][PASSED] - Object 'Object Repository/Form Verification/Nutramigen Form EN/Page_Nutramigen  Enfamil/button_Hide' is present

2022-04-18 23:31:54 - [TEST_STEP][PASSED] - verifyElementClickable(findTestObject("Object Repository/Form Verification/Nutramigen Form EN/Page_Nutramigen  Enfamil/button_Hide")): Object 'Object Repository/Form Verification/Nutramigen Form EN/Page_Nutramigen  Enfamil/button_Hide' is clickable

2022-04-18 23:31:54 - [MESSAGE][PASSED] - Object 'Object Repository/Form Verification/Nutramigen Form EN/Page_Nutramigen  Enfamil/button_Hide' is clickable

2022-04-18 23:31:54 - [TEST_STEP][PASSED] - verifyElementPresent(findTestObject("Object Repository/Form Verification/Nutramigen Form EN/Page_Nutramigen  Enfamil/div_Password must containAt least 8 charact_619724"), 0): Object 'Object Repository/Form Verification/Nutramigen Form EN/Page_Nutramigen  Enfamil/div_Password must containAt least 8 charact_619724' is present

2022-04-18 23:31:54 - [MESSAGE][WARNING] - Timeout '0' is invalid. Using default page load timeout: '5'

2022-04-18 23:31:54 - [MESSAGE][PASSED] - Object 'Object Repository/Form Verification/Nutramigen Form EN/Page_Nutramigen  Enfamil/div_Password must containAt least 8 charact_619724' is present

2022-04-18 23:31:54 - [TEST_STEP][PASSED] - verifyElementText(findTestObject("Object Repository/Form Verification/Nutramigen Form EN/Page_Nutramigen  Enfamil/div_Password must containAt least 8 charact_619724"), "Password must contain:
At least 8 characters
A lowercase letter
An uppercase letter
A number
A special character
Must not be your email address"): Actual text and expected text of test object 'Object Repository/Form Verification/Nutramigen Form EN/Page_Nutramigen  Enfamil/div_Password must containAt least 8 charact_619724' are matched.

2022-04-18 23:31:55 - [MESSAGE][PASSED] - Actual text and expected text of test object 'Object Repository/Form Verification/Nutramigen Form EN/Page_Nutramigen  Enfamil/div_Password must containAt least 8 charact_619724' are matched.

2022-04-18 23:31:55 - [TEST_STEP][PASSED] - verifyElementPresent(findTestObject("Object Repository/Form Verification/Nutramigen Form EN/Page_Nutramigen  Enfamil/p_4. Stay up to date via SMS"), 0): Object 'Object Repository/Form Verification/Nutramigen Form EN/Page_Nutramigen  Enfamil/p_4. Stay up to date via SMS' is present

2022-04-18 23:31:55 - [MESSAGE][WARNING] - Timeout '0' is invalid. Using default page load timeout: '5'

2022-04-18 23:31:55 - [MESSAGE][PASSED] - Object 'Object Repository/Form Verification/Nutramigen Form EN/Page_Nutramigen  Enfamil/p_4. Stay up to date via SMS' is present

2022-04-18 23:31:55 - [TEST_STEP][PASSED] - verifyElementText(findTestObject("Object Repository/Form Verification/Nutramigen Form EN/Page_Nutramigen  Enfamil/p_4. Stay up to date via SMS"), "4. Stay up to date via SMS."): Actual text and expected text of test object 'Object Repository/Form Verification/Nutramigen Form EN/Page_Nutramigen  Enfamil/p_4. Stay up to date via SMS' are matched.

2022-04-18 23:31:56 - [MESSAGE][PASSED] - Actual text and expected text of test object 'Object Repository/Form Verification/Nutramigen Form EN/Page_Nutramigen  Enfamil/p_4. Stay up to date via SMS' are matched.

2022-04-18 23:31:56 - [TEST_STEP][PASSED] - verifyElementPresent(findTestObject("Object Repository/Form Verification/Nutramigen Form EN/Page_Nutramigen  Enfamil/p_You will receive the latest product and d_ad0807"), 0): Object 'Object Repository/Form Verification/Nutramigen Form EN/Page_Nutramigen  Enfamil/p_You will receive the latest product and d_ad0807' is present

2022-04-18 23:31:56 - [MESSAGE][WARNING] - Timeout '0' is invalid. Using default page load timeout: '5'

2022-04-18 23:31:56 - [MESSAGE][PASSED] - Object 'Object Repository/Form Verification/Nutramigen Form EN/Page_Nutramigen  Enfamil/p_You will receive the latest product and d_ad0807' is present

2022-04-18 23:31:56 - [TEST_STEP][PASSED] - verifyElementText(findTestObject("Object Repository/Form Verification/Nutramigen Form EN/Page_Nutramigen  Enfamil/p_You will receive the latest product and d_ad0807"), "You will receive the latest product and discount information."): Actual text and expected text of test object 'Object Repository/Form Verification/Nutramigen Form EN/Page_Nutramigen  Enfamil/p_You will receive the latest product and d_ad0807' are matched.

2022-04-18 23:31:56 - [MESSAGE][PASSED] - Actual text and expected text of test object 'Object Repository/Form Verification/Nutramigen Form EN/Page_Nutramigen  Enfamil/p_You will receive the latest product and d_ad0807' are matched.

2022-04-18 23:31:56 - [TEST_STEP][PASSED] - verifyElementPresent(findTestObject("Object Repository/Form Verification/Nutramigen Form EN/Page_Nutramigen  Enfamil/input_Mobile phone (optional)_11bc8c7d-cb5a_a1e949"), 0): Object 'Object Repository/Form Verification/Nutramigen Form EN/Page_Nutramigen  Enfamil/input_Mobile phone (optional)_11bc8c7d-cb5a_a1e949' is present

2022-04-18 23:31:56 - [MESSAGE][WARNING] - Timeout '0' is invalid. Using default page load timeout: '5'

2022-04-18 23:31:57 - [MESSAGE][PASSED] - Object 'Object Repository/Form Verification/Nutramigen Form EN/Page_Nutramigen  Enfamil/input_Mobile phone (optional)_11bc8c7d-cb5a_a1e949' is present

2022-04-18 23:31:57 - [TEST_STEP][PASSED] - verifyElementClickable(findTestObject("Form Verification/Nutramigen Form EN/Page_Nutramigen  Enfamil/input_Mobile phone (optional)_11bc8c7d-cb5a_a1e949")): Object 'Object Repository/Form Verification/Nutramigen Form EN/Page_Nutramigen  Enfamil/input_Mobile phone (optional)_11bc8c7d-cb5a_a1e949' is clickable

2022-04-18 23:31:57 - [MESSAGE][PASSED] - Object 'Object Repository/Form Verification/Nutramigen Form EN/Page_Nutramigen  Enfamil/input_Mobile phone (optional)_11bc8c7d-cb5a_a1e949' is clickable

2022-04-18 23:31:57 - [TEST_STEP][FAILED] - verifyElementPresent(findTestObject("Object Repository/Form Verification/Nutramigen Form EN/Page_Nutramigen  Enfamil/label_Consent to Receive Certain Text Messa_5ce4cc"), 0): com.kms.katalon.core.webui.exception.WebElementNotFoundException: Web element with id: 'Object Repository/Form Verification/Nutramigen Form EN/Page_Nutramigen  Enfamil/label_Consent to Receive Certain Text Messa_5ce4cc' located by '//div[@id='__next']/div/div/main/article/section[2]/div/div[2]/div/div/div/form/section/div/div[9]/div/div[2]/label' not found (Root cause: com.kms.katalon.core.exception.StepFailedException: com.kms.katalon.core.webui.exception.WebElementNotFoundException: Web element with id: 'Object Repository/Form Verification/Nutramigen Form EN/Page_Nutramigen  Enfamil/label_Consent to Receive Certain Text Messa_5ce4cc' located by '//div[@id='__next']/div/div/main/article/section[2]/div/div[2]/div/div/div/form/section/div/div[9]/div/div[2]/label' not found
	at com.kms.katalon.core.webui.keyword.internal.WebUIKeywordMain.stepFailed(WebUIKeywordMain.groovy:64)
	at com.kms.katalon.core.webui.keyword.builtin.VerifyElementPresentKeyword$_verifyElementPresent_closure1.doCall(VerifyElementPresentKeyword.groovy:85)
	at com.kms.katalon.core.webui.keyword.builtin.VerifyElementPresentKeyword$_verifyElementPresent_closure1.call(VerifyElementPresentKeyword.groovy)
	at com.kms.katalon.core.webui.keyword.internal.WebUIKeywordMain.runKeyword(WebUIKeywordMain.groovy:20)
	at com.kms.katalon.core.webui.keyword.builtin.VerifyElementPresentKeyword.verifyElementPresent(VerifyElementPresentKeyword.groovy:92)
	at com.kms.katalon.core.webui.keyword.builtin.VerifyElementPresentKeyword.execute(VerifyElementPresentKeyword.groovy:68)
	at com.kms.katalon.core.keyword.internal.KeywordExecutor.executeKeywordForPlatform(KeywordExecutor.groovy:74)
	at com.kms.katalon.core.webui.keyword.WebUiBuiltInKeywords.verifyElementPresent(WebUiBuiltInKeywords.groovy:1464)
	at com.kms.katalon.core.webui.keyword.WebUiBuiltInKeywords$verifyElementPresent$4.call(Unknown Source)
	at Nutramigen - Form Verification - UAT.run(Nutramigen - Form Verification - UAT:161)
	at com.kms.katalon.core.main.ScriptEngine.run(ScriptEngine.java:194)
	at com.kms.katalon.core.main.ScriptEngine.runScriptAsRawText(ScriptEngine.java:119)
	at com.kms.katalon.core.main.TestCaseExecutor.runScript(TestCaseExecutor.java:445)
	at com.kms.katalon.core.main.TestCaseExecutor.doExecute(TestCaseExecutor.java:436)
	at com.kms.katalon.core.main.TestCaseExecutor.processExecutionPhase(TestCaseExecutor.java:415)
	at com.kms.katalon.core.main.TestCaseExecutor.accessMainPhase(TestCaseExecutor.java:407)
	at com.kms.katalon.core.main.TestCaseExecutor.execute(TestCaseExecutor.java:284)
	at com.kms.katalon.core.common.CommonExecutor.accessTestCaseMainPhase(CommonExecutor.java:65)
	at com.kms.katalon.core.main.TestSuiteExecutor.accessTestSuiteMainPhase(TestSuiteExecutor.java:144)
	at com.kms.katalon.core.main.TestSuiteExecutor.execute(TestSuiteExecutor.java:106)
	at com.kms.katalon.core.main.TestCaseMain.startTestSuite(TestCaseMain.java:185)
	at com.kms.katalon.core.main.TestCaseMain$startTestSuite$0.call(Unknown Source)
	at TempTestSuite1650304259606.run(TempTestSuite1650304259606.groovy:36)
)

2022-04-18 23:31:57 - [MESSAGE][WARNING] - Timeout '0' is invalid. Using default page load timeout: '5'

2022-04-18 23:32:03 - [MESSAGE][INFO] - Unable to find the element located by 'By.xpath: //div[@id='__next']/div/div/main/article/section[2]/div/div[2]/div/div/div/form/section/div/div[9]/div/div[2]/label'. Please recheck the objects properties to make sure the desired element is located. 

2022-04-18 23:32:03 - [MESSAGE][FAILED] - com.kms.katalon.core.webui.exception.WebElementNotFoundException: Web element with id: 'Object Repository/Form Verification/Nutramigen Form EN/Page_Nutramigen  Enfamil/label_Consent to Receive Certain Text Messa_5ce4cc' located by '//div[@id='__next']/div/div/main/article/section[2]/div/div[2]/div/div/div/form/section/div/div[9]/div/div[2]/label' not found (Root cause: com.kms.katalon.core.exception.StepFailedException: com.kms.katalon.core.webui.exception.WebElementNotFoundException: Web element with id: 'Object Repository/Form Verification/Nutramigen Form EN/Page_Nutramigen  Enfamil/label_Consent to Receive Certain Text Messa_5ce4cc' located by '//div[@id='__next']/div/div/main/article/section[2]/div/div[2]/div/div/div/form/section/div/div[9]/div/div[2]/label' not found
	at com.kms.katalon.core.webui.keyword.internal.WebUIKeywordMain.stepFailed(WebUIKeywordMain.groovy:64)
	at com.kms.katalon.core.webui.keyword.builtin.VerifyElementPresentKeyword$_verifyElementPresent_closure1.doCall(VerifyElementPresentKeyword.groovy:85)
	at com.kms.katalon.core.webui.keyword.builtin.VerifyElementPresentKeyword$_verifyElementPresent_closure1.call(VerifyElementPresentKeyword.groovy)
	at com.kms.katalon.core.webui.keyword.internal.WebUIKeywordMain.runKeyword(WebUIKeywordMain.groovy:20)
	at com.kms.katalon.core.webui.keyword.builtin.VerifyElementPresentKeyword.verifyElementPresent(VerifyElementPresentKeyword.groovy:92)
	at com.kms.katalon.core.webui.keyword.builtin.VerifyElementPresentKeyword.execute(VerifyElementPresentKeyword.groovy:68)
	at com.kms.katalon.core.keyword.internal.KeywordExecutor.executeKeywordForPlatform(KeywordExecutor.groovy:74)
	at com.kms.katalon.core.webui.keyword.WebUiBuiltInKeywords.verifyElementPresent(WebUiBuiltInKeywords.groovy:1464)
	at com.kms.katalon.core.webui.keyword.WebUiBuiltInKeywords$verifyElementPresent$4.call(Unknown Source)
	at Nutramigen - Form Verification - UAT.run(Nutramigen - Form Verification - UAT:161)
	at com.kms.katalon.core.main.ScriptEngine.run(ScriptEngine.java:194)
	at com.kms.katalon.core.main.ScriptEngine.runScriptAsRawText(ScriptEngine.java:119)
	at com.kms.katalon.core.main.TestCaseExecutor.runScript(TestCaseExecutor.java:445)
	at com.kms.katalon.core.main.TestCaseExecutor.doExecute(TestCaseExecutor.java:436)
	at com.kms.katalon.core.main.TestCaseExecutor.processExecutionPhase(TestCaseExecutor.java:415)
	at com.kms.katalon.core.main.TestCaseExecutor.accessMainPhase(TestCaseExecutor.java:407)
	at com.kms.katalon.core.main.TestCaseExecutor.execute(TestCaseExecutor.java:284)
	at com.kms.katalon.core.common.CommonExecutor.accessTestCaseMainPhase(CommonExecutor.java:65)
	at com.kms.katalon.core.main.TestSuiteExecutor.accessTestSuiteMainPhase(TestSuiteExecutor.java:144)
	at com.kms.katalon.core.main.TestSuiteExecutor.execute(TestSuiteExecutor.java:106)
	at com.kms.katalon.core.main.TestCaseMain.startTestSuite(TestCaseMain.java:185)
	at com.kms.katalon.core.main.TestCaseMain$startTestSuite$0.call(Unknown Source)
	at TempTestSuite1650304259606.run(TempTestSuite1650304259606.groovy:36)
)
[[ATTACHMENT|D:\\SmoketestSuite\\enfamilUS\\Reports\\20220418_232059\\SmokeTestCollection - Venkat\\SmokeTestSuite-Collection - UAT\\20220418_232059\\1650304923668.png]]

2022-04-18 23:32:03 - [TEST_STEP][FAILED] - verifyElementPresent(findTestObject("Object Repository/Form Verification/Nutramigen Form EN/Page_Nutramigen  Enfamil/span_Consent to Receive Certain Text Messag_3845ec"), 0): com.kms.katalon.core.webui.exception.WebElementNotFoundException: Web element with id: 'Object Repository/Form Verification/Nutramigen Form EN/Page_Nutramigen  Enfamil/span_Consent to Receive Certain Text Messag_3845ec' located by '//div[@id='__next']/div/div/main/article/section[2]/div/div[2]/div/div/div/form/section/div/div[9]/div/div[2]/label/div/div/div/p/span' not found (Root cause: com.kms.katalon.core.exception.StepFailedException: com.kms.katalon.core.webui.exception.WebElementNotFoundException: Web element with id: 'Object Repository/Form Verification/Nutramigen Form EN/Page_Nutramigen  Enfamil/span_Consent to Receive Certain Text Messag_3845ec' located by '//div[@id='__next']/div/div/main/article/section[2]/div/div[2]/div/div/div/form/section/div/div[9]/div/div[2]/label/div/div/div/p/span' not found
	at com.kms.katalon.core.webui.keyword.internal.WebUIKeywordMain.stepFailed(WebUIKeywordMain.groovy:64)
	at com.kms.katalon.core.webui.keyword.builtin.VerifyElementPresentKeyword$_verifyElementPresent_closure1.doCall(VerifyElementPresentKeyword.groovy:85)
	at com.kms.katalon.core.webui.keyword.builtin.VerifyElementPresentKeyword$_verifyElementPresent_closure1.call(VerifyElementPresentKeyword.groovy)
	at com.kms.katalon.core.webui.keyword.internal.WebUIKeywordMain.runKeyword(WebUIKeywordMain.groovy:20)
	at com.kms.katalon.core.webui.keyword.builtin.VerifyElementPresentKeyword.verifyElementPresent(VerifyElementPresentKeyword.groovy:92)
	at com.kms.katalon.core.webui.keyword.builtin.VerifyElementPresentKeyword.execute(VerifyElementPresentKeyword.groovy:68)
	at com.kms.katalon.core.keyword.internal.KeywordExecutor.executeKeywordForPlatform(KeywordExecutor.groovy:74)
	at com.kms.katalon.core.webui.keyword.WebUiBuiltInKeywords.verifyElementPresent(WebUiBuiltInKeywords.groovy:1464)
	at com.kms.katalon.core.webui.keyword.WebUiBuiltInKeywords$verifyElementPresent$4.call(Unknown Source)
	at Nutramigen - Form Verification - UAT.run(Nutramigen - Form Verification - UAT:164)
	at com.kms.katalon.core.main.ScriptEngine.run(ScriptEngine.java:194)
	at com.kms.katalon.core.main.ScriptEngine.runScriptAsRawText(ScriptEngine.java:119)
	at com.kms.katalon.core.main.TestCaseExecutor.runScript(TestCaseExecutor.java:445)
	at com.kms.katalon.core.main.TestCaseExecutor.doExecute(TestCaseExecutor.java:436)
	at com.kms.katalon.core.main.TestCaseExecutor.processExecutionPhase(TestCaseExecutor.java:415)
	at com.kms.katalon.core.main.TestCaseExecutor.accessMainPhase(TestCaseExecutor.java:407)
	at com.kms.katalon.core.main.TestCaseExecutor.execute(TestCaseExecutor.java:284)
	at com.kms.katalon.core.common.CommonExecutor.accessTestCaseMainPhase(CommonExecutor.java:65)
	at com.kms.katalon.core.main.TestSuiteExecutor.accessTestSuiteMainPhase(TestSuiteExecutor.java:144)
	at com.kms.katalon.core.main.TestSuiteExecutor.execute(TestSuiteExecutor.java:106)
	at com.kms.katalon.core.main.TestCaseMain.startTestSuite(TestCaseMain.java:185)
	at com.kms.katalon.core.main.TestCaseMain$startTestSuite$0.call(Unknown Source)
	at TempTestSuite1650304259606.run(TempTestSuite1650304259606.groovy:36)
)

2022-04-18 23:32:03 - [MESSAGE][WARNING] - Timeout '0' is invalid. Using default page load timeout: '5'

2022-04-18 23:32:10 - [MESSAGE][INFO] - Unable to find the element located by 'By.xpath: //div[@id='__next']/div/div/main/article/section[2]/div/div[2]/div/div/div/form/section/div/div[9]/div/div[2]/label/div/div/div/p/span'. Please recheck the objects properties to make sure the desired element is located. 

2022-04-18 23:32:10 - [MESSAGE][FAILED] - com.kms.katalon.core.webui.exception.WebElementNotFoundException: Web element with id: 'Object Repository/Form Verification/Nutramigen Form EN/Page_Nutramigen  Enfamil/span_Consent to Receive Certain Text Messag_3845ec' located by '//div[@id='__next']/div/div/main/article/section[2]/div/div[2]/div/div/div/form/section/div/div[9]/div/div[2]/label/div/div/div/p/span' not found (Root cause: com.kms.katalon.core.exception.StepFailedException: com.kms.katalon.core.webui.exception.WebElementNotFoundException: Web element with id: 'Object Repository/Form Verification/Nutramigen Form EN/Page_Nutramigen  Enfamil/span_Consent to Receive Certain Text Messag_3845ec' located by '//div[@id='__next']/div/div/main/article/section[2]/div/div[2]/div/div/div/form/section/div/div[9]/div/div[2]/label/div/div/div/p/span' not found
	at com.kms.katalon.core.webui.keyword.internal.WebUIKeywordMain.stepFailed(WebUIKeywordMain.groovy:64)
	at com.kms.katalon.core.webui.keyword.builtin.VerifyElementPresentKeyword$_verifyElementPresent_closure1.doCall(VerifyElementPresentKeyword.groovy:85)
	at com.kms.katalon.core.webui.keyword.builtin.VerifyElementPresentKeyword$_verifyElementPresent_closure1.call(VerifyElementPresentKeyword.groovy)
	at com.kms.katalon.core.webui.keyword.internal.WebUIKeywordMain.runKeyword(WebUIKeywordMain.groovy:20)
	at com.kms.katalon.core.webui.keyword.builtin.VerifyElementPresentKeyword.verifyElementPresent(VerifyElementPresentKeyword.groovy:92)
	at com.kms.katalon.core.webui.keyword.builtin.VerifyElementPresentKeyword.execute(VerifyElementPresentKeyword.groovy:68)
	at com.kms.katalon.core.keyword.internal.KeywordExecutor.executeKeywordForPlatform(KeywordExecutor.groovy:74)
	at com.kms.katalon.core.webui.keyword.WebUiBuiltInKeywords.verifyElementPresent(WebUiBuiltInKeywords.groovy:1464)
	at com.kms.katalon.core.webui.keyword.WebUiBuiltInKeywords$verifyElementPresent$4.call(Unknown Source)
	at Nutramigen - Form Verification - UAT.run(Nutramigen - Form Verification - UAT:164)
	at com.kms.katalon.core.main.ScriptEngine.run(ScriptEngine.java:194)
	at com.kms.katalon.core.main.ScriptEngine.runScriptAsRawText(ScriptEngine.java:119)
	at com.kms.katalon.core.main.TestCaseExecutor.runScript(TestCaseExecutor.java:445)
	at com.kms.katalon.core.main.TestCaseExecutor.doExecute(TestCaseExecutor.java:436)
	at com.kms.katalon.core.main.TestCaseExecutor.processExecutionPhase(TestCaseExecutor.java:415)
	at com.kms.katalon.core.main.TestCaseExecutor.accessMainPhase(TestCaseExecutor.java:407)
	at com.kms.katalon.core.main.TestCaseExecutor.execute(TestCaseExecutor.java:284)
	at com.kms.katalon.core.common.CommonExecutor.accessTestCaseMainPhase(CommonExecutor.java:65)
	at com.kms.katalon.core.main.TestSuiteExecutor.accessTestSuiteMainPhase(TestSuiteExecutor.java:144)
	at com.kms.katalon.core.main.TestSuiteExecutor.execute(TestSuiteExecutor.java:106)
	at com.kms.katalon.core.main.TestCaseMain.startTestSuite(TestCaseMain.java:185)
	at com.kms.katalon.core.main.TestCaseMain$startTestSuite$0.call(Unknown Source)
	at TempTestSuite1650304259606.run(TempTestSuite1650304259606.groovy:36)
)
[[ATTACHMENT|D:\\SmoketestSuite\\enfamilUS\\Reports\\20220418_232059\\SmokeTestCollection - Venkat\\SmokeTestSuite-Collection - UAT\\20220418_232059\\1650304930266.png]]

2022-04-18 23:32:10 - [TEST_STEP][FAILED] - verifyElementText(findTestObject("Object Repository/Form Verification/Nutramigen Form EN/Page_Nutramigen  Enfamil/span_Consent to Receive Certain Text Messag_3845ec"), "Consent to Receive Certain Text Messages: By signing up for Enfamil text alerts you will receive occasional messages that include information regarding infant and toddler formula. Message and data rates may apply. Text STOP to cancel, HELP for help. By opting-in, you agree to get texts from Enfamil at your mobile number, which may be sent through an automatic telephone dialing system. Your consent to receive such texts is not required for you to obtain any Enfamil products."): com.kms.katalon.core.webui.exception.WebElementNotFoundException: Web element with id: 'Object Repository/Form Verification/Nutramigen Form EN/Page_Nutramigen  Enfamil/span_Consent to Receive Certain Text Messag_3845ec' located by '//div[@id='__next']/div/div/main/article/section[2]/div/div[2]/div/div/div/form/section/div/div[9]/div/div[2]/label/div/div/div/p/span' not found (Root cause: com.kms.katalon.core.exception.StepFailedException: com.kms.katalon.core.webui.exception.WebElementNotFoundException: Web element with id: 'Object Repository/Form Verification/Nutramigen Form EN/Page_Nutramigen  Enfamil/span_Consent to Receive Certain Text Messag_3845ec' located by '//div[@id='__next']/div/div/main/article/section[2]/div/div[2]/div/div/div/form/section/div/div[9]/div/div[2]/label/div/div/div/p/span' not found
	at com.kms.katalon.core.webui.keyword.internal.WebUIKeywordMain.stepFailed(WebUIKeywordMain.groovy:64)
	at com.kms.katalon.core.webui.keyword.builtin.VerifyElementTextKeyword$_verifyElementText_closure1.doCall(VerifyElementTextKeyword.groovy:64)
	at com.kms.katalon.core.webui.keyword.builtin.VerifyElementTextKeyword$_verifyElementText_closure1.call(VerifyElementTextKeyword.groovy)
	at com.kms.katalon.core.webui.keyword.internal.WebUIKeywordMain.runKeyword(WebUIKeywordMain.groovy:20)
	at com.kms.katalon.core.webui.keyword.builtin.VerifyElementTextKeyword.verifyElementText(VerifyElementTextKeyword.groovy:72)
	at com.kms.katalon.core.webui.keyword.builtin.VerifyElementTextKeyword.execute(VerifyElementTextKeyword.groovy:40)
	at com.kms.katalon.core.keyword.internal.KeywordExecutor.executeKeywordForPlatform(KeywordExecutor.groovy:74)
	at com.kms.katalon.core.webui.keyword.WebUiBuiltInKeywords.verifyElementText(WebUiBuiltInKeywords.groovy:4749)
	at com.kms.katalon.core.webui.keyword.WebUiBuiltInKeywords$verifyElementText$5.call(Unknown Source)
	at Nutramigen - Form Verification - UAT.run(Nutramigen - Form Verification - UAT:167)
	at com.kms.katalon.core.main.ScriptEngine.run(ScriptEngine.java:194)
	at com.kms.katalon.core.main.ScriptEngine.runScriptAsRawText(ScriptEngine.java:119)
	at com.kms.katalon.core.main.TestCaseExecutor.runScript(TestCaseExecutor.java:445)
	at com.kms.katalon.core.main.TestCaseExecutor.doExecute(TestCaseExecutor.java:436)
	at com.kms.katalon.core.main.TestCaseExecutor.processExecutionPhase(TestCaseExecutor.java:415)
	at com.kms.katalon.core.main.TestCaseExecutor.accessMainPhase(TestCaseExecutor.java:407)
	at com.kms.katalon.core.main.TestCaseExecutor.execute(TestCaseExecutor.java:284)
	at com.kms.katalon.core.common.CommonExecutor.accessTestCaseMainPhase(CommonExecutor.java:65)
	at com.kms.katalon.core.main.TestSuiteExecutor.accessTestSuiteMainPhase(TestSuiteExecutor.java:144)
	at com.kms.katalon.core.main.TestSuiteExecutor.execute(TestSuiteExecutor.java:106)
	at com.kms.katalon.core.main.TestCaseMain.startTestSuite(TestCaseMain.java:185)
	at com.kms.katalon.core.main.TestCaseMain$startTestSuite$0.call(Unknown Source)
	at TempTestSuite1650304259606.run(TempTestSuite1650304259606.groovy:36)
)

2022-04-18 23:32:16 - [MESSAGE][INFO] - Unable to find the element located by 'By.xpath: //div[@id='__next']/div/div/main/article/section[2]/div/div[2]/div/div/div/form/section/div/div[9]/div/div[2]/label/div/div/div/p/span'. Please recheck the objects properties to make sure the desired element is located. 

2022-04-18 23:32:16 - [MESSAGE][FAILED] - com.kms.katalon.core.webui.exception.WebElementNotFoundException: Web element with id: 'Object Repository/Form Verification/Nutramigen Form EN/Page_Nutramigen  Enfamil/span_Consent to Receive Certain Text Messag_3845ec' located by '//div[@id='__next']/div/div/main/article/section[2]/div/div[2]/div/div/div/form/section/div/div[9]/div/div[2]/label/div/div/div/p/span' not found (Root cause: com.kms.katalon.core.exception.StepFailedException: com.kms.katalon.core.webui.exception.WebElementNotFoundException: Web element with id: 'Object Repository/Form Verification/Nutramigen Form EN/Page_Nutramigen  Enfamil/span_Consent to Receive Certain Text Messag_3845ec' located by '//div[@id='__next']/div/div/main/article/section[2]/div/div[2]/div/div/div/form/section/div/div[9]/div/div[2]/label/div/div/div/p/span' not found
	at com.kms.katalon.core.webui.keyword.internal.WebUIKeywordMain.stepFailed(WebUIKeywordMain.groovy:64)
	at com.kms.katalon.core.webui.keyword.builtin.VerifyElementTextKeyword$_verifyElementText_closure1.doCall(VerifyElementTextKeyword.groovy:64)
	at com.kms.katalon.core.webui.keyword.builtin.VerifyElementTextKeyword$_verifyElementText_closure1.call(VerifyElementTextKeyword.groovy)
	at com.kms.katalon.core.webui.keyword.internal.WebUIKeywordMain.runKeyword(WebUIKeywordMain.groovy:20)
	at com.kms.katalon.core.webui.keyword.builtin.VerifyElementTextKeyword.verifyElementText(VerifyElementTextKeyword.groovy:72)
	at com.kms.katalon.core.webui.keyword.builtin.VerifyElementTextKeyword.execute(VerifyElementTextKeyword.groovy:40)
	at com.kms.katalon.core.keyword.internal.KeywordExecutor.executeKeywordForPlatform(KeywordExecutor.groovy:74)
	at com.kms.katalon.core.webui.keyword.WebUiBuiltInKeywords.verifyElementText(WebUiBuiltInKeywords.groovy:4749)
	at com.kms.katalon.core.webui.keyword.WebUiBuiltInKeywords$verifyElementText$5.call(Unknown Source)
	at Nutramigen - Form Verification - UAT.run(Nutramigen - Form Verification - UAT:167)
	at com.kms.katalon.core.main.ScriptEngine.run(ScriptEngine.java:194)
	at com.kms.katalon.core.main.ScriptEngine.runScriptAsRawText(ScriptEngine.java:119)
	at com.kms.katalon.core.main.TestCaseExecutor.runScript(TestCaseExecutor.java:445)
	at com.kms.katalon.core.main.TestCaseExecutor.doExecute(TestCaseExecutor.java:436)
	at com.kms.katalon.core.main.TestCaseExecutor.processExecutionPhase(TestCaseExecutor.java:415)
	at com.kms.katalon.core.main.TestCaseExecutor.accessMainPhase(TestCaseExecutor.java:407)
	at com.kms.katalon.core.main.TestCaseExecutor.execute(TestCaseExecutor.java:284)
	at com.kms.katalon.core.common.CommonExecutor.accessTestCaseMainPhase(CommonExecutor.java:65)
	at com.kms.katalon.core.main.TestSuiteExecutor.accessTestSuiteMainPhase(TestSuiteExecutor.java:144)
	at com.kms.katalon.core.main.TestSuiteExecutor.execute(TestSuiteExecutor.java:106)
	at com.kms.katalon.core.main.TestCaseMain.startTestSuite(TestCaseMain.java:185)
	at com.kms.katalon.core.main.TestCaseMain$startTestSuite$0.call(Unknown Source)
	at TempTestSuite1650304259606.run(TempTestSuite1650304259606.groovy:36)
)
[[ATTACHMENT|D:\\SmoketestSuite\\enfamilUS\\Reports\\20220418_232059\\SmokeTestCollection - Venkat\\SmokeTestSuite-Collection - UAT\\20220418_232059\\1650304936759.png]]

2022-04-18 23:32:16 - [TEST_STEP][PASSED] - verifyElementPresent(findTestObject("Object Repository/Form Verification/Nutramigen Form EN/Page_Nutramigen  Enfamil/p_5. Customize your profile for you and your baby"), 0): Object 'Object Repository/Form Verification/Nutramigen Form EN/Page_Nutramigen  Enfamil/p_5. Customize your profile for you and your baby' is present

2022-04-18 23:32:17 - [MESSAGE][WARNING] - Timeout '0' is invalid. Using default page load timeout: '5'

2022-04-18 23:32:17 - [MESSAGE][PASSED] - Object 'Object Repository/Form Verification/Nutramigen Form EN/Page_Nutramigen  Enfamil/p_5. Customize your profile for you and your baby' is present

2022-04-18 23:32:17 - [TEST_STEP][PASSED] - verifyElementText(findTestObject("Object Repository/Form Verification/Nutramigen Form EN/Page_Nutramigen  Enfamil/p_5. Customize your profile for you and your baby"), "5. Customize your profile for you and your baby."): Actual text and expected text of test object 'Object Repository/Form Verification/Nutramigen Form EN/Page_Nutramigen  Enfamil/p_5. Customize your profile for you and your baby' are matched.

2022-04-18 23:32:17 - [MESSAGE][PASSED] - Actual text and expected text of test object 'Object Repository/Form Verification/Nutramigen Form EN/Page_Nutramigen  Enfamil/p_5. Customize your profile for you and your baby' are matched.

2022-04-18 23:32:17 - [TEST_STEP][PASSED] - verifyElementPresent(findTestObject("Object Repository/Form Verification/Nutramigen Form EN/Page_Nutramigen  Enfamil/p_Well provide tips and samples to fit your needs"), 0): Object 'Object Repository/Form Verification/Nutramigen Form EN/Page_Nutramigen  Enfamil/p_Well provide tips and samples to fit your needs' is present

2022-04-18 23:32:17 - [MESSAGE][WARNING] - Timeout '0' is invalid. Using default page load timeout: '5'

2022-04-18 23:32:18 - [MESSAGE][PASSED] - Object 'Object Repository/Form Verification/Nutramigen Form EN/Page_Nutramigen  Enfamil/p_Well provide tips and samples to fit your needs' is present

2022-04-18 23:32:18 - [TEST_STEP][PASSED] - verifyElementText(findTestObject("Object Repository/Form Verification/Nutramigen Form EN/Page_Nutramigen  Enfamil/p_Well provide tips and samples to fit your needs"), "Weâ€™ll provide tips and samples to fit your needs."): Actual text and expected text of test object 'Object Repository/Form Verification/Nutramigen Form EN/Page_Nutramigen  Enfamil/p_Well provide tips and samples to fit your needs' are matched.

2022-04-18 23:32:18 - [MESSAGE][PASSED] - Actual text and expected text of test object 'Object Repository/Form Verification/Nutramigen Form EN/Page_Nutramigen  Enfamil/p_Well provide tips and samples to fit your needs' are matched.

2022-04-18 23:32:18 - [TEST_STEP][PASSED] - verifyElementPresent(findTestObject("Object Repository/Form Verification/Nutramigen Form EN/Page_Nutramigen  Enfamil/label_Babys Due Date or Birth Date"), 0): Object 'Object Repository/Form Verification/Nutramigen Form EN/Page_Nutramigen  Enfamil/label_Babys Due Date or Birth Date' is present

2022-04-18 23:32:18 - [MESSAGE][WARNING] - Timeout '0' is invalid. Using default page load timeout: '5'

2022-04-18 23:32:18 - [MESSAGE][PASSED] - Object 'Object Repository/Form Verification/Nutramigen Form EN/Page_Nutramigen  Enfamil/label_Babys Due Date or Birth Date' is present

2022-04-18 23:32:18 - [TEST_STEP][PASSED] - verifyElementText(findTestObject("Object Repository/Form Verification/Nutramigen Form EN/Page_Nutramigen  Enfamil/label_Babys Due Date or Birth Date"), "Baby's Due Date or Birth Date"): Actual text and expected text of test object 'Object Repository/Form Verification/Nutramigen Form EN/Page_Nutramigen  Enfamil/label_Babys Due Date or Birth Date' are matched.

2022-04-18 23:32:19 - [MESSAGE][PASSED] - Actual text and expected text of test object 'Object Repository/Form Verification/Nutramigen Form EN/Page_Nutramigen  Enfamil/label_Babys Due Date or Birth Date' are matched.

2022-04-18 23:32:19 - [TEST_STEP][PASSED] - verifyElementPresent(findTestObject("Object Repository/Form Verification/Nutramigen Form EN/Page_Nutramigen  Enfamil/input_concat(Baby, , s Due Date or Birth Da_fc80e8"), 0): Object 'Object Repository/Form Verification/Nutramigen Form EN/Page_Nutramigen  Enfamil/input_concat(Baby, , s Due Date or Birth Da_fc80e8' is present

2022-04-18 23:32:19 - [MESSAGE][WARNING] - Timeout '0' is invalid. Using default page load timeout: '5'

2022-04-18 23:32:19 - [MESSAGE][PASSED] - Object 'Object Repository/Form Verification/Nutramigen Form EN/Page_Nutramigen  Enfamil/input_concat(Baby, , s Due Date or Birth Da_fc80e8' is present

2022-04-18 23:32:19 - [TEST_STEP][PASSED] - verifyElementClickable(findTestObject("Form Verification/Nutramigen Form EN/Page_Nutramigen  Enfamil/input_concat(Baby, , s Due Date or Birth Da_fc80e8")): Object 'Object Repository/Form Verification/Nutramigen Form EN/Page_Nutramigen  Enfamil/input_concat(Baby, , s Due Date or Birth Da_fc80e8' is clickable

2022-04-18 23:32:20 - [MESSAGE][PASSED] - Object 'Object Repository/Form Verification/Nutramigen Form EN/Page_Nutramigen  Enfamil/input_concat(Baby, , s Due Date or Birth Da_fc80e8' is clickable

2022-04-18 23:32:20 - [TEST_STEP][PASSED] - verifyElementPresent(findTestObject("Object Repository/Form Verification/Nutramigen Form EN/Page_Nutramigen  Enfamil/button_Why"), 0): Object 'Object Repository/Form Verification/Nutramigen Form EN/Page_Nutramigen  Enfamil/button_Why' is present

2022-04-18 23:32:20 - [MESSAGE][WARNING] - Timeout '0' is invalid. Using default page load timeout: '5'

2022-04-18 23:32:20 - [MESSAGE][PASSED] - Object 'Object Repository/Form Verification/Nutramigen Form EN/Page_Nutramigen  Enfamil/button_Why' is present

2022-04-18 23:32:20 - [TEST_STEP][PASSED] - verifyElementText(findTestObject("Object Repository/Form Verification/Nutramigen Form EN/Page_Nutramigen  Enfamil/button_Why"), "Why?"): Actual text and expected text of test object 'Object Repository/Form Verification/Nutramigen Form EN/Page_Nutramigen  Enfamil/button_Why' are matched.

2022-04-18 23:32:21 - [MESSAGE][PASSED] - Actual text and expected text of test object 'Object Repository/Form Verification/Nutramigen Form EN/Page_Nutramigen  Enfamil/button_Why' are matched.

2022-04-18 23:32:21 - [TEST_STEP][PASSED] - verifyElementClickable(findTestObject("Object Repository/Form Verification/Nutramigen Form EN/Page_Nutramigen  Enfamil/button_Why")): Object 'Object Repository/Form Verification/Nutramigen Form EN/Page_Nutramigen  Enfamil/button_Why' is clickable

2022-04-18 23:32:21 - [MESSAGE][PASSED] - Object 'Object Repository/Form Verification/Nutramigen Form EN/Page_Nutramigen  Enfamil/button_Why' is clickable

2022-04-18 23:32:21 - [TEST_STEP][PASSED] - verifyElementPresent(findTestObject("Object Repository/Form Verification/Nutramigen Form EN/Page_Nutramigen  Enfamil/p_Relationship to child"), 0): Object 'Object Repository/Form Verification/Nutramigen Form EN/Page_Nutramigen  Enfamil/p_Relationship to child' is present

2022-04-18 23:32:21 - [MESSAGE][WARNING] - Timeout '0' is invalid. Using default page load timeout: '5'

2022-04-18 23:32:21 - [MESSAGE][PASSED] - Object 'Object Repository/Form Verification/Nutramigen Form EN/Page_Nutramigen  Enfamil/p_Relationship to child' is present

2022-04-18 23:32:21 - [TEST_STEP][PASSED] - verifyElementText(findTestObject("Object Repository/Form Verification/Nutramigen Form EN/Page_Nutramigen  Enfamil/p_Relationship to child"), "Relationship to child"): Actual text and expected text of test object 'Object Repository/Form Verification/Nutramigen Form EN/Page_Nutramigen  Enfamil/p_Relationship to child' are matched.

2022-04-18 23:32:22 - [MESSAGE][PASSED] - Actual text and expected text of test object 'Object Repository/Form Verification/Nutramigen Form EN/Page_Nutramigen  Enfamil/p_Relationship to child' are matched.

2022-04-18 23:32:22 - [TEST_STEP][FAILED] - verifyElementPresent(findTestObject("Object Repository/Form Verification/Nutramigen Form EN/Page_Nutramigen  Enfamil/div_Select one"), 0): com.kms.katalon.core.webui.exception.WebElementNotFoundException: Web element with id: 'Object Repository/Form Verification/Nutramigen Form EN/Page_Nutramigen  Enfamil/div_Select one' located by '//div[@id='ec4933e0-1ea5-4110-a00b-3b7aee327760']/div/div' not found (Root cause: com.kms.katalon.core.exception.StepFailedException: com.kms.katalon.core.webui.exception.WebElementNotFoundException: Web element with id: 'Object Repository/Form Verification/Nutramigen Form EN/Page_Nutramigen  Enfamil/div_Select one' located by '//div[@id='ec4933e0-1ea5-4110-a00b-3b7aee327760']/div/div' not found
	at com.kms.katalon.core.webui.keyword.internal.WebUIKeywordMain.stepFailed(WebUIKeywordMain.groovy:64)
	at com.kms.katalon.core.webui.keyword.builtin.VerifyElementPresentKeyword$_verifyElementPresent_closure1.doCall(VerifyElementPresentKeyword.groovy:85)
	at com.kms.katalon.core.webui.keyword.builtin.VerifyElementPresentKeyword$_verifyElementPresent_closure1.call(VerifyElementPresentKeyword.groovy)
	at com.kms.katalon.core.webui.keyword.internal.WebUIKeywordMain.runKeyword(WebUIKeywordMain.groovy:20)
	at com.kms.katalon.core.webui.keyword.builtin.VerifyElementPresentKeyword.verifyElementPresent(VerifyElementPresentKeyword.groovy:92)
	at com.kms.katalon.core.webui.keyword.builtin.VerifyElementPresentKeyword.execute(VerifyElementPresentKeyword.groovy:68)
	at com.kms.katalon.core.keyword.internal.KeywordExecutor.executeKeywordForPlatform(KeywordExecutor.groovy:74)
	at com.kms.katalon.core.webui.keyword.WebUiBuiltInKeywords.verifyElementPresent(WebUiBuiltInKeywords.groovy:1464)
	at com.kms.katalon.core.webui.keyword.WebUiBuiltInKeywords$verifyElementPresent$4.call(Unknown Source)
	at Nutramigen - Form Verification - UAT.run(Nutramigen - Form Verification - UAT:207)
	at com.kms.katalon.core.main.ScriptEngine.run(ScriptEngine.java:194)
	at com.kms.katalon.core.main.ScriptEngine.runScriptAsRawText(ScriptEngine.java:119)
	at com.kms.katalon.core.main.TestCaseExecutor.runScript(TestCaseExecutor.java:445)
	at com.kms.katalon.core.main.TestCaseExecutor.doExecute(TestCaseExecutor.java:436)
	at com.kms.katalon.core.main.TestCaseExecutor.processExecutionPhase(TestCaseExecutor.java:415)
	at com.kms.katalon.core.main.TestCaseExecutor.accessMainPhase(TestCaseExecutor.java:407)
	at com.kms.katalon.core.main.TestCaseExecutor.execute(TestCaseExecutor.java:284)
	at com.kms.katalon.core.common.CommonExecutor.accessTestCaseMainPhase(CommonExecutor.java:65)
	at com.kms.katalon.core.main.TestSuiteExecutor.accessTestSuiteMainPhase(TestSuiteExecutor.java:144)
	at com.kms.katalon.core.main.TestSuiteExecutor.execute(TestSuiteExecutor.java:106)
	at com.kms.katalon.core.main.TestCaseMain.startTestSuite(TestCaseMain.java:185)
	at com.kms.katalon.core.main.TestCaseMain$startTestSuite$0.call(Unknown Source)
	at TempTestSuite1650304259606.run(TempTestSuite1650304259606.groovy:36)
)

2022-04-18 23:32:22 - [MESSAGE][WARNING] - Timeout '0' is invalid. Using default page load timeout: '5'

2022-04-18 23:32:28 - [MESSAGE][INFO] - Unable to find the element located by 'By.xpath: //div[@id='ec4933e0-1ea5-4110-a00b-3b7aee327760']/div/div'. Please recheck the objects properties to make sure the desired element is located. 

2022-04-18 23:32:28 - [MESSAGE][FAILED] - com.kms.katalon.core.webui.exception.WebElementNotFoundException: Web element with id: 'Object Repository/Form Verification/Nutramigen Form EN/Page_Nutramigen  Enfamil/div_Select one' located by '//div[@id='ec4933e0-1ea5-4110-a00b-3b7aee327760']/div/div' not found (Root cause: com.kms.katalon.core.exception.StepFailedException: com.kms.katalon.core.webui.exception.WebElementNotFoundException: Web element with id: 'Object Repository/Form Verification/Nutramigen Form EN/Page_Nutramigen  Enfamil/div_Select one' located by '//div[@id='ec4933e0-1ea5-4110-a00b-3b7aee327760']/div/div' not found
	at com.kms.katalon.core.webui.keyword.internal.WebUIKeywordMain.stepFailed(WebUIKeywordMain.groovy:64)
	at com.kms.katalon.core.webui.keyword.builtin.VerifyElementPresentKeyword$_verifyElementPresent_closure1.doCall(VerifyElementPresentKeyword.groovy:85)
	at com.kms.katalon.core.webui.keyword.builtin.VerifyElementPresentKeyword$_verifyElementPresent_closure1.call(VerifyElementPresentKeyword.groovy)
	at com.kms.katalon.core.webui.keyword.internal.WebUIKeywordMain.runKeyword(WebUIKeywordMain.groovy:20)
	at com.kms.katalon.core.webui.keyword.builtin.VerifyElementPresentKeyword.verifyElementPresent(VerifyElementPresentKeyword.groovy:92)
	at com.kms.katalon.core.webui.keyword.builtin.VerifyElementPresentKeyword.execute(VerifyElementPresentKeyword.groovy:68)
	at com.kms.katalon.core.keyword.internal.KeywordExecutor.executeKeywordForPlatform(KeywordExecutor.groovy:74)
	at com.kms.katalon.core.webui.keyword.WebUiBuiltInKeywords.verifyElementPresent(WebUiBuiltInKeywords.groovy:1464)
	at com.kms.katalon.core.webui.keyword.WebUiBuiltInKeywords$verifyElementPresent$4.call(Unknown Source)
	at Nutramigen - Form Verification - UAT.run(Nutramigen - Form Verification - UAT:207)
	at com.kms.katalon.core.main.ScriptEngine.run(ScriptEngine.java:194)
	at com.kms.katalon.core.main.ScriptEngine.runScriptAsRawText(ScriptEngine.java:119)
	at com.kms.katalon.core.main.TestCaseExecutor.runScript(TestCaseExecutor.java:445)
	at com.kms.katalon.core.main.TestCaseExecutor.doExecute(TestCaseExecutor.java:436)
	at com.kms.katalon.core.main.TestCaseExecutor.processExecutionPhase(TestCaseExecutor.java:415)
	at com.kms.katalon.core.main.TestCaseExecutor.accessMainPhase(TestCaseExecutor.java:407)
	at com.kms.katalon.core.main.TestCaseExecutor.execute(TestCaseExecutor.java:284)
	at com.kms.katalon.core.common.CommonExecutor.accessTestCaseMainPhase(CommonExecutor.java:65)
	at com.kms.katalon.core.main.TestSuiteExecutor.accessTestSuiteMainPhase(TestSuiteExecutor.java:144)
	at com.kms.katalon.core.main.TestSuiteExecutor.execute(TestSuiteExecutor.java:106)
	at com.kms.katalon.core.main.TestCaseMain.startTestSuite(TestCaseMain.java:185)
	at com.kms.katalon.core.main.TestCaseMain$startTestSuite$0.call(Unknown Source)
	at TempTestSuite1650304259606.run(TempTestSuite1650304259606.groovy:36)
)
[[ATTACHMENT|D:\\SmoketestSuite\\enfamilUS\\Reports\\20220418_232059\\SmokeTestCollection - Venkat\\SmokeTestSuite-Collection - UAT\\20220418_232059\\1650304948651.png]]

2022-04-18 23:32:28 - [TEST_STEP][FAILED] - verifyElementText(findTestObject("Object Repository/Form Verification/Nutramigen Form EN/Page_Nutramigen  Enfamil/div_Select one"), "Select one"): com.kms.katalon.core.webui.exception.WebElementNotFoundException: Web element with id: 'Object Repository/Form Verification/Nutramigen Form EN/Page_Nutramigen  Enfamil/div_Select one' located by '//div[@id='ec4933e0-1ea5-4110-a00b-3b7aee327760']/div/div' not found (Root cause: com.kms.katalon.core.exception.StepFailedException: com.kms.katalon.core.webui.exception.WebElementNotFoundException: Web element with id: 'Object Repository/Form Verification/Nutramigen Form EN/Page_Nutramigen  Enfamil/div_Select one' located by '//div[@id='ec4933e0-1ea5-4110-a00b-3b7aee327760']/div/div' not found
	at com.kms.katalon.core.webui.keyword.internal.WebUIKeywordMain.stepFailed(WebUIKeywordMain.groovy:64)
	at com.kms.katalon.core.webui.keyword.builtin.VerifyElementTextKeyword$_verifyElementText_closure1.doCall(VerifyElementTextKeyword.groovy:64)
	at com.kms.katalon.core.webui.keyword.builtin.VerifyElementTextKeyword$_verifyElementText_closure1.call(VerifyElementTextKeyword.groovy)
	at com.kms.katalon.core.webui.keyword.internal.WebUIKeywordMain.runKeyword(WebUIKeywordMain.groovy:20)
	at com.kms.katalon.core.webui.keyword.builtin.VerifyElementTextKeyword.verifyElementText(VerifyElementTextKeyword.groovy:72)
	at com.kms.katalon.core.webui.keyword.builtin.VerifyElementTextKeyword.execute(VerifyElementTextKeyword.groovy:40)
	at com.kms.katalon.core.keyword.internal.KeywordExecutor.executeKeywordForPlatform(KeywordExecutor.groovy:74)
	at com.kms.katalon.core.webui.keyword.WebUiBuiltInKeywords.verifyElementText(WebUiBuiltInKeywords.groovy:4749)
	at com.kms.katalon.core.webui.keyword.WebUiBuiltInKeywords$verifyElementText$5.call(Unknown Source)
	at Nutramigen - Form Verification - UAT.run(Nutramigen - Form Verification - UAT:210)
	at com.kms.katalon.core.main.ScriptEngine.run(ScriptEngine.java:194)
	at com.kms.katalon.core.main.ScriptEngine.runScriptAsRawText(ScriptEngine.java:119)
	at com.kms.katalon.core.main.TestCaseExecutor.runScript(TestCaseExecutor.java:445)
	at com.kms.katalon.core.main.TestCaseExecutor.doExecute(TestCaseExecutor.java:436)
	at com.kms.katalon.core.main.TestCaseExecutor.processExecutionPhase(TestCaseExecutor.java:415)
	at com.kms.katalon.core.main.TestCaseExecutor.accessMainPhase(TestCaseExecutor.java:407)
	at com.kms.katalon.core.main.TestCaseExecutor.execute(TestCaseExecutor.java:284)
	at com.kms.katalon.core.common.CommonExecutor.accessTestCaseMainPhase(CommonExecutor.java:65)
	at com.kms.katalon.core.main.TestSuiteExecutor.accessTestSuiteMainPhase(TestSuiteExecutor.java:144)
	at com.kms.katalon.core.main.TestSuiteExecutor.execute(TestSuiteExecutor.java:106)
	at com.kms.katalon.core.main.TestCaseMain.startTestSuite(TestCaseMain.java:185)
	at com.kms.katalon.core.main.TestCaseMain$startTestSuite$0.call(Unknown Source)
	at TempTestSuite1650304259606.run(TempTestSuite1650304259606.groovy:36)
)

2022-04-18 23:32:35 - [MESSAGE][INFO] - Unable to find the element located by 'By.xpath: //div[@id='ec4933e0-1ea5-4110-a00b-3b7aee327760']/div/div'. Please recheck the objects properties to make sure the desired element is located. 

2022-04-18 23:32:35 - [MESSAGE][FAILED] - com.kms.katalon.core.webui.exception.WebElementNotFoundException: Web element with id: 'Object Repository/Form Verification/Nutramigen Form EN/Page_Nutramigen  Enfamil/div_Select one' located by '//div[@id='ec4933e0-1ea5-4110-a00b-3b7aee327760']/div/div' not found (Root cause: com.kms.katalon.core.exception.StepFailedException: com.kms.katalon.core.webui.exception.WebElementNotFoundException: Web element with id: 'Object Repository/Form Verification/Nutramigen Form EN/Page_Nutramigen  Enfamil/div_Select one' located by '//div[@id='ec4933e0-1ea5-4110-a00b-3b7aee327760']/div/div' not found
	at com.kms.katalon.core.webui.keyword.internal.WebUIKeywordMain.stepFailed(WebUIKeywordMain.groovy:64)
	at com.kms.katalon.core.webui.keyword.builtin.VerifyElementTextKeyword$_verifyElementText_closure1.doCall(VerifyElementTextKeyword.groovy:64)
	at com.kms.katalon.core.webui.keyword.builtin.VerifyElementTextKeyword$_verifyElementText_closure1.call(VerifyElementTextKeyword.groovy)
	at com.kms.katalon.core.webui.keyword.internal.WebUIKeywordMain.runKeyword(WebUIKeywordMain.groovy:20)
	at com.kms.katalon.core.webui.keyword.builtin.VerifyElementTextKeyword.verifyElementText(VerifyElementTextKeyword.groovy:72)
	at com.kms.katalon.core.webui.keyword.builtin.VerifyElementTextKeyword.execute(VerifyElementTextKeyword.groovy:40)
	at com.kms.katalon.core.keyword.internal.KeywordExecutor.executeKeywordForPlatform(KeywordExecutor.groovy:74)
	at com.kms.katalon.core.webui.keyword.WebUiBuiltInKeywords.verifyElementText(WebUiBuiltInKeywords.groovy:4749)
	at com.kms.katalon.core.webui.keyword.WebUiBuiltInKeywords$verifyElementText$5.call(Unknown Source)
	at Nutramigen - Form Verification - UAT.run(Nutramigen - Form Verification - UAT:210)
	at com.kms.katalon.core.main.ScriptEngine.run(ScriptEngine.java:194)
	at com.kms.katalon.core.main.ScriptEngine.runScriptAsRawText(ScriptEngine.java:119)
	at com.kms.katalon.core.main.TestCaseExecutor.runScript(TestCaseExecutor.java:445)
	at com.kms.katalon.core.main.TestCaseExecutor.doExecute(TestCaseExecutor.java:436)
	at com.kms.katalon.core.main.TestCaseExecutor.processExecutionPhase(TestCaseExecutor.java:415)
	at com.kms.katalon.core.main.TestCaseExecutor.accessMainPhase(TestCaseExecutor.java:407)
	at com.kms.katalon.core.main.TestCaseExecutor.execute(TestCaseExecutor.java:284)
	at com.kms.katalon.core.common.CommonExecutor.accessTestCaseMainPhase(CommonExecutor.java:65)
	at com.kms.katalon.core.main.TestSuiteExecutor.accessTestSuiteMainPhase(TestSuiteExecutor.java:144)
	at com.kms.katalon.core.main.TestSuiteExecutor.execute(TestSuiteExecutor.java:106)
	at com.kms.katalon.core.main.TestCaseMain.startTestSuite(TestCaseMain.java:185)
	at com.kms.katalon.core.main.TestCaseMain$startTestSuite$0.call(Unknown Source)
	at TempTestSuite1650304259606.run(TempTestSuite1650304259606.groovy:36)
)
[[ATTACHMENT|D:\\SmoketestSuite\\enfamilUS\\Reports\\20220418_232059\\SmokeTestCollection - Venkat\\SmokeTestSuite-Collection - UAT\\20220418_232059\\1650304955139.png]]

2022-04-18 23:32:35 - [TEST_STEP][FAILED] - verifyElementClickable(findTestObject("Object Repository/Form Verification/Nutramigen Form EN/Page_Nutramigen  Enfamil/div_Select one")): Web element with id: 'Object Repository/Form Verification/Nutramigen Form EN/Page_Nutramigen  Enfamil/div_Select one' located by '//div[@id='ec4933e0-1ea5-4110-a00b-3b7aee327760']/div/div' not found (Root cause: com.kms.katalon.core.exception.StepFailedException: Web element with id: 'Object Repository/Form Verification/Nutramigen Form EN/Page_Nutramigen  Enfamil/div_Select one' located by '//div[@id='ec4933e0-1ea5-4110-a00b-3b7aee327760']/div/div' not found
	at com.kms.katalon.core.webui.keyword.internal.WebUIKeywordMain.stepFailed(WebUIKeywordMain.groovy:64)
	at com.kms.katalon.core.webui.keyword.builtin.VerifyElementClickableKeyword$_verifyElementClickable_closure1.doCall(VerifyElementClickableKeyword.groovy:88)
	at com.kms.katalon.core.webui.keyword.builtin.VerifyElementClickableKeyword$_verifyElementClickable_closure1.call(VerifyElementClickableKeyword.groovy)
	at com.kms.katalon.core.webui.keyword.internal.WebUIKeywordMain.runKeyword(WebUIKeywordMain.groovy:20)
	at com.kms.katalon.core.webui.keyword.builtin.VerifyElementClickableKeyword.verifyElementClickable(VerifyElementClickableKeyword.groovy:96)
	at com.kms.katalon.core.webui.keyword.builtin.VerifyElementClickableKeyword.execute(VerifyElementClickableKeyword.groovy:67)
	at com.kms.katalon.core.keyword.internal.KeywordExecutor.executeKeywordForPlatform(KeywordExecutor.groovy:74)
	at com.kms.katalon.core.webui.keyword.WebUiBuiltInKeywords.verifyElementClickable(WebUiBuiltInKeywords.groovy:566)
	at com.kms.katalon.core.webui.keyword.WebUiBuiltInKeywords$verifyElementClickable$6.call(Unknown Source)
	at Nutramigen - Form Verification - UAT.run(Nutramigen - Form Verification - UAT:213)
	at com.kms.katalon.core.main.ScriptEngine.run(ScriptEngine.java:194)
	at com.kms.katalon.core.main.ScriptEngine.runScriptAsRawText(ScriptEngine.java:119)
	at com.kms.katalon.core.main.TestCaseExecutor.runScript(TestCaseExecutor.java:445)
	at com.kms.katalon.core.main.TestCaseExecutor.doExecute(TestCaseExecutor.java:436)
	at com.kms.katalon.core.main.TestCaseExecutor.processExecutionPhase(TestCaseExecutor.java:415)
	at com.kms.katalon.core.main.TestCaseExecutor.accessMainPhase(TestCaseExecutor.java:407)
	at com.kms.katalon.core.main.TestCaseExecutor.execute(TestCaseExecutor.java:284)
	at com.kms.katalon.core.common.CommonExecutor.accessTestCaseMainPhase(CommonExecutor.java:65)
	at com.kms.katalon.core.main.TestSuiteExecutor.accessTestSuiteMainPhase(TestSuiteExecutor.java:144)
	at com.kms.katalon.core.main.TestSuiteExecutor.execute(TestSuiteExecutor.java:106)
	at com.kms.katalon.core.main.TestCaseMain.startTestSuite(TestCaseMain.java:185)
	at com.kms.katalon.core.main.TestCaseMain$startTestSuite$0.call(Unknown Source)
	at TempTestSuite1650304259606.run(TempTestSuite1650304259606.groovy:36)
)

2022-04-18 23:32:41 - [MESSAGE][INFO] - Unable to find the element located by 'By.xpath: //div[@id='ec4933e0-1ea5-4110-a00b-3b7aee327760']/div/div'. Please recheck the objects properties to make sure the desired element is located. 

2022-04-18 23:32:41 - [MESSAGE][FAILED] - Web element with id: 'Object Repository/Form Verification/Nutramigen Form EN/Page_Nutramigen  Enfamil/div_Select one' located by '//div[@id='ec4933e0-1ea5-4110-a00b-3b7aee327760']/div/div' not found (Root cause: com.kms.katalon.core.exception.StepFailedException: Web element with id: 'Object Repository/Form Verification/Nutramigen Form EN/Page_Nutramigen  Enfamil/div_Select one' located by '//div[@id='ec4933e0-1ea5-4110-a00b-3b7aee327760']/div/div' not found
	at com.kms.katalon.core.webui.keyword.internal.WebUIKeywordMain.stepFailed(WebUIKeywordMain.groovy:64)
	at com.kms.katalon.core.webui.keyword.builtin.VerifyElementClickableKeyword$_verifyElementClickable_closure1.doCall(VerifyElementClickableKeyword.groovy:88)
	at com.kms.katalon.core.webui.keyword.builtin.VerifyElementClickableKeyword$_verifyElementClickable_closure1.call(VerifyElementClickableKeyword.groovy)
	at com.kms.katalon.core.webui.keyword.internal.WebUIKeywordMain.runKeyword(WebUIKeywordMain.groovy:20)
	at com.kms.katalon.core.webui.keyword.builtin.VerifyElementClickableKeyword.verifyElementClickable(VerifyElementClickableKeyword.groovy:96)
	at com.kms.katalon.core.webui.keyword.builtin.VerifyElementClickableKeyword.execute(VerifyElementClickableKeyword.groovy:67)
	at com.kms.katalon.core.keyword.internal.KeywordExecutor.executeKeywordForPlatform(KeywordExecutor.groovy:74)
	at com.kms.katalon.core.webui.keyword.WebUiBuiltInKeywords.verifyElementClickable(WebUiBuiltInKeywords.groovy:566)
	at com.kms.katalon.core.webui.keyword.WebUiBuiltInKeywords$verifyElementClickable$6.call(Unknown Source)
	at Nutramigen - Form Verification - UAT.run(Nutramigen - Form Verification - UAT:213)
	at com.kms.katalon.core.main.ScriptEngine.run(ScriptEngine.java:194)
	at com.kms.katalon.core.main.ScriptEngine.runScriptAsRawText(ScriptEngine.java:119)
	at com.kms.katalon.core.main.TestCaseExecutor.runScript(TestCaseExecutor.java:445)
	at com.kms.katalon.core.main.TestCaseExecutor.doExecute(TestCaseExecutor.java:436)
	at com.kms.katalon.core.main.TestCaseExecutor.processExecutionPhase(TestCaseExecutor.java:415)
	at com.kms.katalon.core.main.TestCaseExecutor.accessMainPhase(TestCaseExecutor.java:407)
	at com.kms.katalon.core.main.TestCaseExecutor.execute(TestCaseExecutor.java:284)
	at com.kms.katalon.core.common.CommonExecutor.accessTestCaseMainPhase(CommonExecutor.java:65)
	at com.kms.katalon.core.main.TestSuiteExecutor.accessTestSuiteMainPhase(TestSuiteExecutor.java:144)
	at com.kms.katalon.core.main.TestSuiteExecutor.execute(TestSuiteExecutor.java:106)
	at com.kms.katalon.core.main.TestCaseMain.startTestSuite(TestCaseMain.java:185)
	at com.kms.katalon.core.main.TestCaseMain$startTestSuite$0.call(Unknown Source)
	at TempTestSuite1650304259606.run(TempTestSuite1650304259606.groovy:36)
)
[[ATTACHMENT|D:\\SmoketestSuite\\enfamilUS\\Reports\\20220418_232059\\SmokeTestCollection - Venkat\\SmokeTestSuite-Collection - UAT\\20220418_232059\\1650304961596.png]]

2022-04-18 23:32:41 - [TEST_STEP][PASSED] - verifyElementPresent(findTestObject("Object Repository/Form Verification/Nutramigen Form EN/Page_Nutramigen  Enfamil/p_How are you currently feeding your little_6134cd"), 0): Object 'Object Repository/Form Verification/Nutramigen Form EN/Page_Nutramigen  Enfamil/p_How are you currently feeding your little_6134cd' is present

2022-04-18 23:32:41 - [MESSAGE][WARNING] - Timeout '0' is invalid. Using default page load timeout: '5'

2022-04-18 23:32:42 - [MESSAGE][PASSED] - Object 'Object Repository/Form Verification/Nutramigen Form EN/Page_Nutramigen  Enfamil/p_How are you currently feeding your little_6134cd' is present

2022-04-18 23:32:42 - [TEST_STEP][PASSED] - verifyElementText(findTestObject("Object Repository/Form Verification/Nutramigen Form EN/Page_Nutramigen  Enfamil/span_How are you currently feeding your little one"), "How are you currently feeding your little one?"): Actual text and expected text of test object 'Object Repository/Form Verification/Nutramigen Form EN/Page_Nutramigen  Enfamil/span_How are you currently feeding your little one' are matched.

2022-04-18 23:32:42 - [MESSAGE][PASSED] - Actual text and expected text of test object 'Object Repository/Form Verification/Nutramigen Form EN/Page_Nutramigen  Enfamil/span_How are you currently feeding your little one' are matched.

2022-04-18 23:32:42 - [TEST_STEP][PASSED] - verifyElementText(findTestObject("Object Repository/Form Verification/Nutramigen Form EN/Page_Nutramigen  Enfamil/span_(optional)"), "(optional)"): Actual text and expected text of test object 'Object Repository/Form Verification/Nutramigen Form EN/Page_Nutramigen  Enfamil/span_(optional)' are matched.

2022-04-18 23:32:42 - [MESSAGE][PASSED] - Actual text and expected text of test object 'Object Repository/Form Verification/Nutramigen Form EN/Page_Nutramigen  Enfamil/span_(optional)' are matched.

2022-04-18 23:32:42 - [TEST_STEP][FAILED] - verifyElementPresent(findTestObject("Object Repository/Form Verification/Nutramigen Form EN/Page_Nutramigen  Enfamil/div_Select one"), 0): com.kms.katalon.core.webui.exception.WebElementNotFoundException: Web element with id: 'Object Repository/Form Verification/Nutramigen Form EN/Page_Nutramigen  Enfamil/div_Select one' located by '//div[@id='ec4933e0-1ea5-4110-a00b-3b7aee327760']/div/div' not found (Root cause: com.kms.katalon.core.exception.StepFailedException: com.kms.katalon.core.webui.exception.WebElementNotFoundException: Web element with id: 'Object Repository/Form Verification/Nutramigen Form EN/Page_Nutramigen  Enfamil/div_Select one' located by '//div[@id='ec4933e0-1ea5-4110-a00b-3b7aee327760']/div/div' not found
	at com.kms.katalon.core.webui.keyword.internal.WebUIKeywordMain.stepFailed(WebUIKeywordMain.groovy:64)
	at com.kms.katalon.core.webui.keyword.builtin.VerifyElementPresentKeyword$_verifyElementPresent_closure1.doCall(VerifyElementPresentKeyword.groovy:85)
	at com.kms.katalon.core.webui.keyword.builtin.VerifyElementPresentKeyword$_verifyElementPresent_closure1.call(VerifyElementPresentKeyword.groovy)
	at com.kms.katalon.core.webui.keyword.internal.WebUIKeywordMain.runKeyword(WebUIKeywordMain.groovy:20)
	at com.kms.katalon.core.webui.keyword.builtin.VerifyElementPresentKeyword.verifyElementPresent(VerifyElementPresentKeyword.groovy:92)
	at com.kms.katalon.core.webui.keyword.builtin.VerifyElementPresentKeyword.execute(VerifyElementPresentKeyword.groovy:68)
	at com.kms.katalon.core.keyword.internal.KeywordExecutor.executeKeywordForPlatform(KeywordExecutor.groovy:74)
	at com.kms.katalon.core.webui.keyword.WebUiBuiltInKeywords.verifyElementPresent(WebUiBuiltInKeywords.groovy:1464)
	at com.kms.katalon.core.webui.keyword.WebUiBuiltInKeywords$verifyElementPresent$4.call(Unknown Source)
	at Nutramigen - Form Verification - UAT.run(Nutramigen - Form Verification - UAT:224)
	at com.kms.katalon.core.main.ScriptEngine.run(ScriptEngine.java:194)
	at com.kms.katalon.core.main.ScriptEngine.runScriptAsRawText(ScriptEngine.java:119)
	at com.kms.katalon.core.main.TestCaseExecutor.runScript(TestCaseExecutor.java:445)
	at com.kms.katalon.core.main.TestCaseExecutor.doExecute(TestCaseExecutor.java:436)
	at com.kms.katalon.core.main.TestCaseExecutor.processExecutionPhase(TestCaseExecutor.java:415)
	at com.kms.katalon.core.main.TestCaseExecutor.accessMainPhase(TestCaseExecutor.java:407)
	at com.kms.katalon.core.main.TestCaseExecutor.execute(TestCaseExecutor.java:284)
	at com.kms.katalon.core.common.CommonExecutor.accessTestCaseMainPhase(CommonExecutor.java:65)
	at com.kms.katalon.core.main.TestSuiteExecutor.accessTestSuiteMainPhase(TestSuiteExecutor.java:144)
	at com.kms.katalon.core.main.TestSuiteExecutor.execute(TestSuiteExecutor.java:106)
	at com.kms.katalon.core.main.TestCaseMain.startTestSuite(TestCaseMain.java:185)
	at com.kms.katalon.core.main.TestCaseMain$startTestSuite$0.call(Unknown Source)
	at TempTestSuite1650304259606.run(TempTestSuite1650304259606.groovy:36)
)

2022-04-18 23:32:43 - [MESSAGE][WARNING] - Timeout '0' is invalid. Using default page load timeout: '5'

2022-04-18 23:32:49 - [MESSAGE][INFO] - Unable to find the element located by 'By.xpath: //div[@id='ec4933e0-1ea5-4110-a00b-3b7aee327760']/div/div'. Please recheck the objects properties to make sure the desired element is located. 

2022-04-18 23:32:49 - [MESSAGE][FAILED] - com.kms.katalon.core.webui.exception.WebElementNotFoundException: Web element with id: 'Object Repository/Form Verification/Nutramigen Form EN/Page_Nutramigen  Enfamil/div_Select one' located by '//div[@id='ec4933e0-1ea5-4110-a00b-3b7aee327760']/div/div' not found (Root cause: com.kms.katalon.core.exception.StepFailedException: com.kms.katalon.core.webui.exception.WebElementNotFoundException: Web element with id: 'Object Repository/Form Verification/Nutramigen Form EN/Page_Nutramigen  Enfamil/div_Select one' located by '//div[@id='ec4933e0-1ea5-4110-a00b-3b7aee327760']/div/div' not found
	at com.kms.katalon.core.webui.keyword.internal.WebUIKeywordMain.stepFailed(WebUIKeywordMain.groovy:64)
	at com.kms.katalon.core.webui.keyword.builtin.VerifyElementPresentKeyword$_verifyElementPresent_closure1.doCall(VerifyElementPresentKeyword.groovy:85)
	at com.kms.katalon.core.webui.keyword.builtin.VerifyElementPresentKeyword$_verifyElementPresent_closure1.call(VerifyElementPresentKeyword.groovy)
	at com.kms.katalon.core.webui.keyword.internal.WebUIKeywordMain.runKeyword(WebUIKeywordMain.groovy:20)
	at com.kms.katalon.core.webui.keyword.builtin.VerifyElementPresentKeyword.verifyElementPresent(VerifyElementPresentKeyword.groovy:92)
	at com.kms.katalon.core.webui.keyword.builtin.VerifyElementPresentKeyword.execute(VerifyElementPresentKeyword.groovy:68)
	at com.kms.katalon.core.keyword.internal.KeywordExecutor.executeKeywordForPlatform(KeywordExecutor.groovy:74)
	at com.kms.katalon.core.webui.keyword.WebUiBuiltInKeywords.verifyElementPresent(WebUiBuiltInKeywords.groovy:1464)
	at com.kms.katalon.core.webui.keyword.WebUiBuiltInKeywords$verifyElementPresent$4.call(Unknown Source)
	at Nutramigen - Form Verification - UAT.run(Nutramigen - Form Verification - UAT:224)
	at com.kms.katalon.core.main.ScriptEngine.run(ScriptEngine.java:194)
	at com.kms.katalon.core.main.ScriptEngine.runScriptAsRawText(ScriptEngine.java:119)
	at com.kms.katalon.core.main.TestCaseExecutor.runScript(TestCaseExecutor.java:445)
	at com.kms.katalon.core.main.TestCaseExecutor.doExecute(TestCaseExecutor.java:436)
	at com.kms.katalon.core.main.TestCaseExecutor.processExecutionPhase(TestCaseExecutor.java:415)
	at com.kms.katalon.core.main.TestCaseExecutor.accessMainPhase(TestCaseExecutor.java:407)
	at com.kms.katalon.core.main.TestCaseExecutor.execute(TestCaseExecutor.java:284)
	at com.kms.katalon.core.common.CommonExecutor.accessTestCaseMainPhase(CommonExecutor.java:65)
	at com.kms.katalon.core.main.TestSuiteExecutor.accessTestSuiteMainPhase(TestSuiteExecutor.java:144)
	at com.kms.katalon.core.main.TestSuiteExecutor.execute(TestSuiteExecutor.java:106)
	at com.kms.katalon.core.main.TestCaseMain.startTestSuite(TestCaseMain.java:185)
	at com.kms.katalon.core.main.TestCaseMain$startTestSuite$0.call(Unknown Source)
	at TempTestSuite1650304259606.run(TempTestSuite1650304259606.groovy:36)
)
[[ATTACHMENT|D:\\SmoketestSuite\\enfamilUS\\Reports\\20220418_232059\\SmokeTestCollection - Venkat\\SmokeTestSuite-Collection - UAT\\20220418_232059\\1650304969366.png]]

2022-04-18 23:32:49 - [TEST_STEP][FAILED] - verifyElementText(findTestObject("Object Repository/Form Verification/Nutramigen Form EN/Page_Nutramigen  Enfamil/div_Select one"), "Select one"): com.kms.katalon.core.webui.exception.WebElementNotFoundException: Web element with id: 'Object Repository/Form Verification/Nutramigen Form EN/Page_Nutramigen  Enfamil/div_Select one' located by '//div[@id='ec4933e0-1ea5-4110-a00b-3b7aee327760']/div/div' not found (Root cause: com.kms.katalon.core.exception.StepFailedException: com.kms.katalon.core.webui.exception.WebElementNotFoundException: Web element with id: 'Object Repository/Form Verification/Nutramigen Form EN/Page_Nutramigen  Enfamil/div_Select one' located by '//div[@id='ec4933e0-1ea5-4110-a00b-3b7aee327760']/div/div' not found
	at com.kms.katalon.core.webui.keyword.internal.WebUIKeywordMain.stepFailed(WebUIKeywordMain.groovy:64)
	at com.kms.katalon.core.webui.keyword.builtin.VerifyElementTextKeyword$_verifyElementText_closure1.doCall(VerifyElementTextKeyword.groovy:64)
	at com.kms.katalon.core.webui.keyword.builtin.VerifyElementTextKeyword$_verifyElementText_closure1.call(VerifyElementTextKeyword.groovy)
	at com.kms.katalon.core.webui.keyword.internal.WebUIKeywordMain.runKeyword(WebUIKeywordMain.groovy:20)
	at com.kms.katalon.core.webui.keyword.builtin.VerifyElementTextKeyword.verifyElementText(VerifyElementTextKeyword.groovy:72)
	at com.kms.katalon.core.webui.keyword.builtin.VerifyElementTextKeyword.execute(VerifyElementTextKeyword.groovy:40)
	at com.kms.katalon.core.keyword.internal.KeywordExecutor.executeKeywordForPlatform(KeywordExecutor.groovy:74)
	at com.kms.katalon.core.webui.keyword.WebUiBuiltInKeywords.verifyElementText(WebUiBuiltInKeywords.groovy:4749)
	at com.kms.katalon.core.webui.keyword.WebUiBuiltInKeywords$verifyElementText$5.call(Unknown Source)
	at Nutramigen - Form Verification - UAT.run(Nutramigen - Form Verification - UAT:227)
	at com.kms.katalon.core.main.ScriptEngine.run(ScriptEngine.java:194)
	at com.kms.katalon.core.main.ScriptEngine.runScriptAsRawText(ScriptEngine.java:119)
	at com.kms.katalon.core.main.TestCaseExecutor.runScript(TestCaseExecutor.java:445)
	at com.kms.katalon.core.main.TestCaseExecutor.doExecute(TestCaseExecutor.java:436)
	at com.kms.katalon.core.main.TestCaseExecutor.processExecutionPhase(TestCaseExecutor.java:415)
	at com.kms.katalon.core.main.TestCaseExecutor.accessMainPhase(TestCaseExecutor.java:407)
	at com.kms.katalon.core.main.TestCaseExecutor.execute(TestCaseExecutor.java:284)
	at com.kms.katalon.core.common.CommonExecutor.accessTestCaseMainPhase(CommonExecutor.java:65)
	at com.kms.katalon.core.main.TestSuiteExecutor.accessTestSuiteMainPhase(TestSuiteExecutor.java:144)
	at com.kms.katalon.core.main.TestSuiteExecutor.execute(TestSuiteExecutor.java:106)
	at com.kms.katalon.core.main.TestCaseMain.startTestSuite(TestCaseMain.java:185)
	at com.kms.katalon.core.main.TestCaseMain$startTestSuite$0.call(Unknown Source)
	at TempTestSuite1650304259606.run(TempTestSuite1650304259606.groovy:36)
)

2022-04-18 23:32:55 - [MESSAGE][INFO] - Unable to find the element located by 'By.xpath: //div[@id='ec4933e0-1ea5-4110-a00b-3b7aee327760']/div/div'. Please recheck the objects properties to make sure the desired element is located. 

2022-04-18 23:32:55 - [MESSAGE][FAILED] - com.kms.katalon.core.webui.exception.WebElementNotFoundException: Web element with id: 'Object Repository/Form Verification/Nutramigen Form EN/Page_Nutramigen  Enfamil/div_Select one' located by '//div[@id='ec4933e0-1ea5-4110-a00b-3b7aee327760']/div/div' not found (Root cause: com.kms.katalon.core.exception.StepFailedException: com.kms.katalon.core.webui.exception.WebElementNotFoundException: Web element with id: 'Object Repository/Form Verification/Nutramigen Form EN/Page_Nutramigen  Enfamil/div_Select one' located by '//div[@id='ec4933e0-1ea5-4110-a00b-3b7aee327760']/div/div' not found
	at com.kms.katalon.core.webui.keyword.internal.WebUIKeywordMain.stepFailed(WebUIKeywordMain.groovy:64)
	at com.kms.katalon.core.webui.keyword.builtin.VerifyElementTextKeyword$_verifyElementText_closure1.doCall(VerifyElementTextKeyword.groovy:64)
	at com.kms.katalon.core.webui.keyword.builtin.VerifyElementTextKeyword$_verifyElementText_closure1.call(VerifyElementTextKeyword.groovy)
	at com.kms.katalon.core.webui.keyword.internal.WebUIKeywordMain.runKeyword(WebUIKeywordMain.groovy:20)
	at com.kms.katalon.core.webui.keyword.builtin.VerifyElementTextKeyword.verifyElementText(VerifyElementTextKeyword.groovy:72)
	at com.kms.katalon.core.webui.keyword.builtin.VerifyElementTextKeyword.execute(VerifyElementTextKeyword.groovy:40)
	at com.kms.katalon.core.keyword.internal.KeywordExecutor.executeKeywordForPlatform(KeywordExecutor.groovy:74)
	at com.kms.katalon.core.webui.keyword.WebUiBuiltInKeywords.verifyElementText(WebUiBuiltInKeywords.groovy:4749)
	at com.kms.katalon.core.webui.keyword.WebUiBuiltInKeywords$verifyElementText$5.call(Unknown Source)
	at Nutramigen - Form Verification - UAT.run(Nutramigen - Form Verification - UAT:227)
	at com.kms.katalon.core.main.ScriptEngine.run(ScriptEngine.java:194)
	at com.kms.katalon.core.main.ScriptEngine.runScriptAsRawText(ScriptEngine.java:119)
	at com.kms.katalon.core.main.TestCaseExecutor.runScript(TestCaseExecutor.java:445)
	at com.kms.katalon.core.main.TestCaseExecutor.doExecute(TestCaseExecutor.java:436)
	at com.kms.katalon.core.main.TestCaseExecutor.processExecutionPhase(TestCaseExecutor.java:415)
	at com.kms.katalon.core.main.TestCaseExecutor.accessMainPhase(TestCaseExecutor.java:407)
	at com.kms.katalon.core.main.TestCaseExecutor.execute(TestCaseExecutor.java:284)
	at com.kms.katalon.core.common.CommonExecutor.accessTestCaseMainPhase(CommonExecutor.java:65)
	at com.kms.katalon.core.main.TestSuiteExecutor.accessTestSuiteMainPhase(TestSuiteExecutor.java:144)
	at com.kms.katalon.core.main.TestSuiteExecutor.execute(TestSuiteExecutor.java:106)
	at com.kms.katalon.core.main.TestCaseMain.startTestSuite(TestCaseMain.java:185)
	at com.kms.katalon.core.main.TestCaseMain$startTestSuite$0.call(Unknown Source)
	at TempTestSuite1650304259606.run(TempTestSuite1650304259606.groovy:36)
)
[[ATTACHMENT|D:\\SmoketestSuite\\enfamilUS\\Reports\\20220418_232059\\SmokeTestCollection - Venkat\\SmokeTestSuite-Collection - UAT\\20220418_232059\\1650304975704.png]]

2022-04-18 23:32:55 - [TEST_STEP][FAILED] - verifyElementClickable(findTestObject("Object Repository/Form Verification/Nutramigen Form EN/Page_Nutramigen  Enfamil/div_Select one")): Web element with id: 'Object Repository/Form Verification/Nutramigen Form EN/Page_Nutramigen  Enfamil/div_Select one' located by '//div[@id='ec4933e0-1ea5-4110-a00b-3b7aee327760']/div/div' not found (Root cause: com.kms.katalon.core.exception.StepFailedException: Web element with id: 'Object Repository/Form Verification/Nutramigen Form EN/Page_Nutramigen  Enfamil/div_Select one' located by '//div[@id='ec4933e0-1ea5-4110-a00b-3b7aee327760']/div/div' not found
	at com.kms.katalon.core.webui.keyword.internal.WebUIKeywordMain.stepFailed(WebUIKeywordMain.groovy:64)
	at com.kms.katalon.core.webui.keyword.builtin.VerifyElementClickableKeyword$_verifyElementClickable_closure1.doCall(VerifyElementClickableKeyword.groovy:88)
	at com.kms.katalon.core.webui.keyword.builtin.VerifyElementClickableKeyword$_verifyElementClickable_closure1.call(VerifyElementClickableKeyword.groovy)
	at com.kms.katalon.core.webui.keyword.internal.WebUIKeywordMain.runKeyword(WebUIKeywordMain.groovy:20)
	at com.kms.katalon.core.webui.keyword.builtin.VerifyElementClickableKeyword.verifyElementClickable(VerifyElementClickableKeyword.groovy:96)
	at com.kms.katalon.core.webui.keyword.builtin.VerifyElementClickableKeyword.execute(VerifyElementClickableKeyword.groovy:67)
	at com.kms.katalon.core.keyword.internal.KeywordExecutor.executeKeywordForPlatform(KeywordExecutor.groovy:74)
	at com.kms.katalon.core.webui.keyword.WebUiBuiltInKeywords.verifyElementClickable(WebUiBuiltInKeywords.groovy:566)
	at com.kms.katalon.core.webui.keyword.WebUiBuiltInKeywords$verifyElementClickable$6.call(Unknown Source)
	at Nutramigen - Form Verification - UAT.run(Nutramigen - Form Verification - UAT:230)
	at com.kms.katalon.core.main.ScriptEngine.run(ScriptEngine.java:194)
	at com.kms.katalon.core.main.ScriptEngine.runScriptAsRawText(ScriptEngine.java:119)
	at com.kms.katalon.core.main.TestCaseExecutor.runScript(TestCaseExecutor.java:445)
	at com.kms.katalon.core.main.TestCaseExecutor.doExecute(TestCaseExecutor.java:436)
	at com.kms.katalon.core.main.TestCaseExecutor.processExecutionPhase(TestCaseExecutor.java:415)
	at com.kms.katalon.core.main.TestCaseExecutor.accessMainPhase(TestCaseExecutor.java:407)
	at com.kms.katalon.core.main.TestCaseExecutor.execute(TestCaseExecutor.java:284)
	at com.kms.katalon.core.common.CommonExecutor.accessTestCaseMainPhase(CommonExecutor.java:65)
	at com.kms.katalon.core.main.TestSuiteExecutor.accessTestSuiteMainPhase(TestSuiteExecutor.java:144)
	at com.kms.katalon.core.main.TestSuiteExecutor.execute(TestSuiteExecutor.java:106)
	at com.kms.katalon.core.main.TestCaseMain.startTestSuite(TestCaseMain.java:185)
	at com.kms.katalon.core.main.TestCaseMain$startTestSuite$0.call(Unknown Source)
	at TempTestSuite1650304259606.run(TempTestSuite1650304259606.groovy:36)
)

2022-04-18 23:33:02 - [MESSAGE][INFO] - Unable to find the element located by 'By.xpath: //div[@id='ec4933e0-1ea5-4110-a00b-3b7aee327760']/div/div'. Please recheck the objects properties to make sure the desired element is located. 

2022-04-18 23:33:02 - [MESSAGE][FAILED] - Web element with id: 'Object Repository/Form Verification/Nutramigen Form EN/Page_Nutramigen  Enfamil/div_Select one' located by '//div[@id='ec4933e0-1ea5-4110-a00b-3b7aee327760']/div/div' not found (Root cause: com.kms.katalon.core.exception.StepFailedException: Web element with id: 'Object Repository/Form Verification/Nutramigen Form EN/Page_Nutramigen  Enfamil/div_Select one' located by '//div[@id='ec4933e0-1ea5-4110-a00b-3b7aee327760']/div/div' not found
	at com.kms.katalon.core.webui.keyword.internal.WebUIKeywordMain.stepFailed(WebUIKeywordMain.groovy:64)
	at com.kms.katalon.core.webui.keyword.builtin.VerifyElementClickableKeyword$_verifyElementClickable_closure1.doCall(VerifyElementClickableKeyword.groovy:88)
	at com.kms.katalon.core.webui.keyword.builtin.VerifyElementClickableKeyword$_verifyElementClickable_closure1.call(VerifyElementClickableKeyword.groovy)
	at com.kms.katalon.core.webui.keyword.internal.WebUIKeywordMain.runKeyword(WebUIKeywordMain.groovy:20)
	at com.kms.katalon.core.webui.keyword.builtin.VerifyElementClickableKeyword.verifyElementClickable(VerifyElementClickableKeyword.groovy:96)
	at com.kms.katalon.core.webui.keyword.builtin.VerifyElementClickableKeyword.execute(VerifyElementClickableKeyword.groovy:67)
	at com.kms.katalon.core.keyword.internal.KeywordExecutor.executeKeywordForPlatform(KeywordExecutor.groovy:74)
	at com.kms.katalon.core.webui.keyword.WebUiBuiltInKeywords.verifyElementClickable(WebUiBuiltInKeywords.groovy:566)
	at com.kms.katalon.core.webui.keyword.WebUiBuiltInKeywords$verifyElementClickable$6.call(Unknown Source)
	at Nutramigen - Form Verification - UAT.run(Nutramigen - Form Verification - UAT:230)
	at com.kms.katalon.core.main.ScriptEngine.run(ScriptEngine.java:194)
	at com.kms.katalon.core.main.ScriptEngine.runScriptAsRawText(ScriptEngine.java:119)
	at com.kms.katalon.core.main.TestCaseExecutor.runScript(TestCaseExecutor.java:445)
	at com.kms.katalon.core.main.TestCaseExecutor.doExecute(TestCaseExecutor.java:436)
	at com.kms.katalon.core.main.TestCaseExecutor.processExecutionPhase(TestCaseExecutor.java:415)
	at com.kms.katalon.core.main.TestCaseExecutor.accessMainPhase(TestCaseExecutor.java:407)
	at com.kms.katalon.core.main.TestCaseExecutor.execute(TestCaseExecutor.java:284)
	at com.kms.katalon.core.common.CommonExecutor.accessTestCaseMainPhase(CommonExecutor.java:65)
	at com.kms.katalon.core.main.TestSuiteExecutor.accessTestSuiteMainPhase(TestSuiteExecutor.java:144)
	at com.kms.katalon.core.main.TestSuiteExecutor.execute(TestSuiteExecutor.java:106)
	at com.kms.katalon.core.main.TestCaseMain.startTestSuite(TestCaseMain.java:185)
	at com.kms.katalon.core.main.TestCaseMain$startTestSuite$0.call(Unknown Source)
	at TempTestSuite1650304259606.run(TempTestSuite1650304259606.groovy:36)
)
[[ATTACHMENT|D:\\SmoketestSuite\\enfamilUS\\Reports\\20220418_232059\\SmokeTestCollection - Venkat\\SmokeTestSuite-Collection - UAT\\20220418_232059\\1650304982193.png]]

2022-04-18 23:33:02 - [TEST_STEP][PASSED] - verifyElementPresent(findTestObject("Object Repository/Form Verification/Nutramigen Form EN/Page_Nutramigen  Enfamil/p_Do you expect to receive infant formula f_11fd50"), 0): Object 'Object Repository/Form Verification/Nutramigen Form EN/Page_Nutramigen  Enfamil/p_Do you expect to receive infant formula f_11fd50' is present

2022-04-18 23:33:02 - [MESSAGE][WARNING] - Timeout '0' is invalid. Using default page load timeout: '5'

2022-04-18 23:33:02 - [MESSAGE][PASSED] - Object 'Object Repository/Form Verification/Nutramigen Form EN/Page_Nutramigen  Enfamil/p_Do you expect to receive infant formula f_11fd50' is present

2022-04-18 23:33:02 - [TEST_STEP][PASSED] - verifyElementText(findTestObject("Object Repository/Form Verification/Nutramigen Form EN/Page_Nutramigen  Enfamil/p_Do you expect to receive infant formula f_11fd50"), "Do you expect to receive infant formula from the government-sponsored Special Supplemental Nutrition Program for Women, Infants, and Children (WIC)?"): Actual text and expected text of test object 'Object Repository/Form Verification/Nutramigen Form EN/Page_Nutramigen  Enfamil/p_Do you expect to receive infant formula f_11fd50' are matched.

2022-04-18 23:33:03 - [MESSAGE][PASSED] - Actual text and expected text of test object 'Object Repository/Form Verification/Nutramigen Form EN/Page_Nutramigen  Enfamil/p_Do you expect to receive infant formula f_11fd50' are matched.

2022-04-18 23:33:03 - [TEST_STEP][PASSED] - verifyElementPresent(findTestObject("Object Repository/Form Verification/Nutramigen Form EN/Page_Nutramigen  Enfamil/p_Your answer helps us personalize your experience"), 0): Object 'Object Repository/Form Verification/Nutramigen Form EN/Page_Nutramigen  Enfamil/p_Your answer helps us personalize your experience' is present

2022-04-18 23:33:03 - [MESSAGE][WARNING] - Timeout '0' is invalid. Using default page load timeout: '5'

2022-04-18 23:33:03 - [MESSAGE][PASSED] - Object 'Object Repository/Form Verification/Nutramigen Form EN/Page_Nutramigen  Enfamil/p_Your answer helps us personalize your experience' is present

2022-04-18 23:33:03 - [TEST_STEP][PASSED] - verifyElementText(findTestObject("Object Repository/Form Verification/Nutramigen Form EN/Page_Nutramigen  Enfamil/p_Your answer helps us personalize your experience"), "Your answer helps us personalize your experience."): Actual text and expected text of test object 'Object Repository/Form Verification/Nutramigen Form EN/Page_Nutramigen  Enfamil/p_Your answer helps us personalize your experience' are matched.

2022-04-18 23:33:04 - [MESSAGE][PASSED] - Actual text and expected text of test object 'Object Repository/Form Verification/Nutramigen Form EN/Page_Nutramigen  Enfamil/p_Your answer helps us personalize your experience' are matched.

2022-04-18 23:33:04 - [TEST_STEP][PASSED] - verifyElementPresent(findTestObject("Object Repository/Form Verification/Nutramigen Form EN/Page_Nutramigen  Enfamil/label_Yes"), 0): Object 'Object Repository/Form Verification/Nutramigen Form EN/Page_Nutramigen  Enfamil/label_Yes' is present

2022-04-18 23:33:04 - [MESSAGE][WARNING] - Timeout '0' is invalid. Using default page load timeout: '5'

2022-04-18 23:33:04 - [MESSAGE][PASSED] - Object 'Object Repository/Form Verification/Nutramigen Form EN/Page_Nutramigen  Enfamil/label_Yes' is present

2022-04-18 23:33:04 - [TEST_STEP][PASSED] - verifyElementText(findTestObject("Object Repository/Form Verification/Nutramigen Form EN/Page_Nutramigen  Enfamil/label_Yes"), "Yes"): Actual text and expected text of test object 'Object Repository/Form Verification/Nutramigen Form EN/Page_Nutramigen  Enfamil/label_Yes' are matched.

2022-04-18 23:33:04 - [MESSAGE][PASSED] - Actual text and expected text of test object 'Object Repository/Form Verification/Nutramigen Form EN/Page_Nutramigen  Enfamil/label_Yes' are matched.

2022-04-18 23:33:04 - [TEST_STEP][PASSED] - verifyElementClickable(findTestObject("Object Repository/Form Verification/Nutramigen Form EN/Page_Nutramigen  Enfamil/label_Yes")): Object 'Object Repository/Form Verification/Nutramigen Form EN/Page_Nutramigen  Enfamil/label_Yes' is clickable

2022-04-18 23:33:05 - [MESSAGE][PASSED] - Object 'Object Repository/Form Verification/Nutramigen Form EN/Page_Nutramigen  Enfamil/label_Yes' is clickable

2022-04-18 23:33:05 - [TEST_STEP][PASSED] - verifyElementPresent(findTestObject("Object Repository/Form Verification/Nutramigen Form EN/Page_Nutramigen  Enfamil/label_No"), 0): Object 'Object Repository/Form Verification/Nutramigen Form EN/Page_Nutramigen  Enfamil/label_No' is present

2022-04-18 23:33:05 - [MESSAGE][WARNING] - Timeout '0' is invalid. Using default page load timeout: '5'

2022-04-18 23:33:05 - [MESSAGE][PASSED] - Object 'Object Repository/Form Verification/Nutramigen Form EN/Page_Nutramigen  Enfamil/label_No' is present

2022-04-18 23:33:05 - [TEST_STEP][PASSED] - verifyElementText(findTestObject("Object Repository/Form Verification/Nutramigen Form EN/Page_Nutramigen  Enfamil/label_No"), "No"): Actual text and expected text of test object 'Object Repository/Form Verification/Nutramigen Form EN/Page_Nutramigen  Enfamil/label_No' are matched.

2022-04-18 23:33:06 - [MESSAGE][PASSED] - Actual text and expected text of test object 'Object Repository/Form Verification/Nutramigen Form EN/Page_Nutramigen  Enfamil/label_No' are matched.

2022-04-18 23:33:06 - [TEST_STEP][PASSED] - verifyElementClickable(findTestObject("Object Repository/Form Verification/Nutramigen Form EN/Page_Nutramigen  Enfamil/label_No")): Object 'Object Repository/Form Verification/Nutramigen Form EN/Page_Nutramigen  Enfamil/label_No' is clickable

2022-04-18 23:33:06 - [MESSAGE][PASSED] - Object 'Object Repository/Form Verification/Nutramigen Form EN/Page_Nutramigen  Enfamil/label_No' is clickable

2022-04-18 23:33:06 - [TEST_STEP][PASSED] - verifyElementPresent(findTestObject("Object Repository/Form Verification/Nutramigen Form EN/Page_Nutramigen  Enfamil/label_Not sure"), 0): Object 'Object Repository/Form Verification/Nutramigen Form EN/Page_Nutramigen  Enfamil/label_Not sure' is present

2022-04-18 23:33:06 - [MESSAGE][WARNING] - Timeout '0' is invalid. Using default page load timeout: '5'

2022-04-18 23:33:06 - [MESSAGE][PASSED] - Object 'Object Repository/Form Verification/Nutramigen Form EN/Page_Nutramigen  Enfamil/label_Not sure' is present

2022-04-18 23:33:06 - [TEST_STEP][PASSED] - verifyElementText(findTestObject("Object Repository/Form Verification/Nutramigen Form EN/Page_Nutramigen  Enfamil/label_Not sure"), "Not sure"): Actual text and expected text of test object 'Object Repository/Form Verification/Nutramigen Form EN/Page_Nutramigen  Enfamil/label_Not sure' are matched.

2022-04-18 23:33:07 - [MESSAGE][PASSED] - Actual text and expected text of test object 'Object Repository/Form Verification/Nutramigen Form EN/Page_Nutramigen  Enfamil/label_Not sure' are matched.

2022-04-18 23:33:07 - [TEST_STEP][PASSED] - verifyElementClickable(findTestObject("Object Repository/Form Verification/Nutramigen Form EN/Page_Nutramigen  Enfamil/label_Not sure")): Object 'Object Repository/Form Verification/Nutramigen Form EN/Page_Nutramigen  Enfamil/label_Not sure' is clickable

2022-04-18 23:33:07 - [MESSAGE][PASSED] - Object 'Object Repository/Form Verification/Nutramigen Form EN/Page_Nutramigen  Enfamil/label_Not sure' is clickable

2022-04-18 23:33:07 - [TEST_STEP][PASSED] - verifyElementPresent(findTestObject("Object Repository/Form Verification/Nutramigen Form EN/Page_Nutramigen  Enfamil/button_Submit"), 0): Object 'Object Repository/Form Verification/Nutramigen Form EN/Page_Nutramigen  Enfamil/button_Submit' is present

2022-04-18 23:33:07 - [MESSAGE][WARNING] - Timeout '0' is invalid. Using default page load timeout: '5'

2022-04-18 23:33:08 - [MESSAGE][PASSED] - Object 'Object Repository/Form Verification/Nutramigen Form EN/Page_Nutramigen  Enfamil/button_Submit' is present

2022-04-18 23:33:08 - [TEST_STEP][PASSED] - verifyElementText(findTestObject("Object Repository/Form Verification/Nutramigen Form EN/Page_Nutramigen  Enfamil/button_Submit"), "Submit"): Actual text and expected text of test object 'Object Repository/Form Verification/Nutramigen Form EN/Page_Nutramigen  Enfamil/button_Submit' are matched.

2022-04-18 23:33:08 - [MESSAGE][PASSED] - Actual text and expected text of test object 'Object Repository/Form Verification/Nutramigen Form EN/Page_Nutramigen  Enfamil/button_Submit' are matched.

2022-04-18 23:33:08 - [TEST_STEP][PASSED] - verifyElementClickable(findTestObject("Object Repository/Form Verification/Nutramigen Form EN/Page_Nutramigen  Enfamil/button_Submit")): Object 'Object Repository/Form Verification/Nutramigen Form EN/Page_Nutramigen  Enfamil/button_Submit' is clickable

2022-04-18 23:33:09 - [MESSAGE][PASSED] - Object 'Object Repository/Form Verification/Nutramigen Form EN/Page_Nutramigen  Enfamil/button_Submit' is clickable

2022-04-18 23:33:09 - [TEST_STEP][PASSED] - verifyElementPresent(findTestObject("Object Repository/Form Verification/Nutramigen Form EN/Page_Nutramigen  Enfamil/p_Terms and Conditions"), 0): Object 'Object Repository/Form Verification/Nutramigen Form EN/Page_Nutramigen  Enfamil/p_Terms and Conditions' is present

2022-04-18 23:33:09 - [MESSAGE][WARNING] - Timeout '0' is invalid. Using default page load timeout: '5'

2022-04-18 23:33:09 - [MESSAGE][PASSED] - Object 'Object Repository/Form Verification/Nutramigen Form EN/Page_Nutramigen  Enfamil/p_Terms and Conditions' is present

2022-04-18 23:33:09 - [TEST_STEP][PASSED] - verifyElementText(findTestObject("Object Repository/Form Verification/Nutramigen Form EN/Page_Nutramigen  Enfamil/p_Terms and Conditions"), "Terms and Conditions"): Actual text and expected text of test object 'Object Repository/Form Verification/Nutramigen Form EN/Page_Nutramigen  Enfamil/p_Terms and Conditions' are matched.

2022-04-18 23:33:09 - [MESSAGE][PASSED] - Actual text and expected text of test object 'Object Repository/Form Verification/Nutramigen Form EN/Page_Nutramigen  Enfamil/p_Terms and Conditions' are matched.

2022-04-18 23:33:09 - [TEST_STEP][PASSED] - verifyElementPresent(findTestObject("Object Repository/Form Verification/Nutramigen Form EN/Page_Nutramigen  Enfamil/p_By clicking Submit, I agree to join the N_c705a0"), 0): Object 'Object Repository/Form Verification/Nutramigen Form EN/Page_Nutramigen  Enfamil/p_By clicking Submit, I agree to join the N_c705a0' is present

2022-04-18 23:33:09 - [MESSAGE][WARNING] - Timeout '0' is invalid. Using default page load timeout: '5'

2022-04-18 23:33:10 - [MESSAGE][PASSED] - Object 'Object Repository/Form Verification/Nutramigen Form EN/Page_Nutramigen  Enfamil/p_By clicking Submit, I agree to join the N_c705a0' is present

2022-04-18 23:33:10 - [TEST_STEP][PASSED] - verifyElementText(findTestObject("Object Repository/Form Verification/Nutramigen Form EN/Page_Nutramigen  Enfamil/p_By clicking Submit, I agree to join the N_c705a0"), "By clicking â€œSubmitâ€�, I agree to join the Nutramigen Savings and Support program and to receive free samples, offers and other communications from the Nutramigen Savings and Support program and receive other information and offers on family-related health and hygiene products and services from Mead Johnson Nutritionâ€™s affiliated companies. I understand that my information will be shared with such affiliates and will be used in accordance with their own privacy policies. By joining, I acknowledge that I have reviewed and agree to the  Terms of Use and Privacy Policy."): Actual text and expected text of test object 'Object Repository/Form Verification/Nutramigen Form EN/Page_Nutramigen  Enfamil/p_By clicking Submit, I agree to join the N_c705a0' are matched.

2022-04-18 23:33:10 - [MESSAGE][PASSED] - Actual text and expected text of test object 'Object Repository/Form Verification/Nutramigen Form EN/Page_Nutramigen  Enfamil/p_By clicking Submit, I agree to join the N_c705a0' are matched.

2022-04-18 23:33:10 - [TEST_STEP][PASSED] - verifyElementPresent(findTestObject("Object Repository/Form Verification/Nutramigen Form EN/Page_Nutramigen  Enfamil/a_Nutramigen"), 0): Object 'Object Repository/Form Verification/Nutramigen Form EN/Page_Nutramigen  Enfamil/a_Nutramigen' is present

2022-04-18 23:33:10 - [MESSAGE][WARNING] - Timeout '0' is invalid. Using default page load timeout: '5'

2022-04-18 23:33:11 - [MESSAGE][PASSED] - Object 'Object Repository/Form Verification/Nutramigen Form EN/Page_Nutramigen  Enfamil/a_Nutramigen' is present

2022-04-18 23:33:11 - [TEST_STEP][PASSED] - verifyElementText(findTestObject("Object Repository/Form Verification/Nutramigen Form EN/Page_Nutramigen  Enfamil/a_Nutramigen"), "Nutramigen"): Actual text and expected text of test object 'Object Repository/Form Verification/Nutramigen Form EN/Page_Nutramigen  Enfamil/a_Nutramigen' are matched.

2022-04-18 23:33:11 - [MESSAGE][PASSED] - Actual text and expected text of test object 'Object Repository/Form Verification/Nutramigen Form EN/Page_Nutramigen  Enfamil/a_Nutramigen' are matched.

2022-04-18 23:33:11 - [TEST_STEP][PASSED] - verifyElementClickable(findTestObject("Object Repository/Form Verification/Nutramigen Form EN/Page_Nutramigen  Enfamil/a_Nutramigen")): Object 'Object Repository/Form Verification/Nutramigen Form EN/Page_Nutramigen  Enfamil/a_Nutramigen' is clickable

2022-04-18 23:33:11 - [MESSAGE][PASSED] - Object 'Object Repository/Form Verification/Nutramigen Form EN/Page_Nutramigen  Enfamil/a_Nutramigen' is clickable

2022-04-18 23:33:11 - [TEST_STEP][PASSED] - verifyElementPresent(findTestObject("Object Repository/Form Verification/Nutramigen Form EN/Page_Nutramigen  Enfamil/a_Nutramigen_1"), 0): Object 'Object Repository/Form Verification/Nutramigen Form EN/Page_Nutramigen  Enfamil/a_Nutramigen_1' is present

2022-04-18 23:33:11 - [MESSAGE][WARNING] - Timeout '0' is invalid. Using default page load timeout: '5'

2022-04-18 23:33:12 - [MESSAGE][PASSED] - Object 'Object Repository/Form Verification/Nutramigen Form EN/Page_Nutramigen  Enfamil/a_Nutramigen_1' is present

2022-04-18 23:33:12 - [TEST_STEP][PASSED] - verifyElementText(findTestObject("Object Repository/Form Verification/Nutramigen Form EN/Page_Nutramigen  Enfamil/a_Nutramigen_1"), "Nutramigen"): Actual text and expected text of test object 'Object Repository/Form Verification/Nutramigen Form EN/Page_Nutramigen  Enfamil/a_Nutramigen_1' are matched.

2022-04-18 23:33:12 - [MESSAGE][PASSED] - Actual text and expected text of test object 'Object Repository/Form Verification/Nutramigen Form EN/Page_Nutramigen  Enfamil/a_Nutramigen_1' are matched.

2022-04-18 23:33:12 - [TEST_STEP][PASSED] - verifyElementClickable(findTestObject("Object Repository/Form Verification/Nutramigen Form EN/Page_Nutramigen  Enfamil/a_Nutramigen_1")): Object 'Object Repository/Form Verification/Nutramigen Form EN/Page_Nutramigen  Enfamil/a_Nutramigen_1' is clickable

2022-04-18 23:33:13 - [MESSAGE][PASSED] - Object 'Object Repository/Form Verification/Nutramigen Form EN/Page_Nutramigen  Enfamil/a_Nutramigen_1' is clickable

2022-04-18 23:33:13 - [TEST_STEP][PASSED] - verifyElementPresent(findTestObject("Object Repository/Form Verification/Nutramigen Form EN/Page_Nutramigen  Enfamil/a_Terms of Use"), 0): Object 'Object Repository/Form Verification/Nutramigen Form EN/Page_Nutramigen  Enfamil/a_Terms of Use' is present

2022-04-18 23:33:13 - [MESSAGE][WARNING] - Timeout '0' is invalid. Using default page load timeout: '5'

2022-04-18 23:33:13 - [MESSAGE][PASSED] - Object 'Object Repository/Form Verification/Nutramigen Form EN/Page_Nutramigen  Enfamil/a_Terms of Use' is present

2022-04-18 23:33:13 - [TEST_STEP][PASSED] - verifyElementText(findTestObject("Object Repository/Form Verification/Nutramigen Form EN/Page_Nutramigen  Enfamil/a_Terms of Use"), "Terms of Use"): Actual text and expected text of test object 'Object Repository/Form Verification/Nutramigen Form EN/Page_Nutramigen  Enfamil/a_Terms of Use' are matched.

2022-04-18 23:33:13 - [MESSAGE][PASSED] - Actual text and expected text of test object 'Object Repository/Form Verification/Nutramigen Form EN/Page_Nutramigen  Enfamil/a_Terms of Use' are matched.

2022-04-18 23:33:13 - [TEST_STEP][PASSED] - verifyElementClickable(findTestObject("Object Repository/Form Verification/Nutramigen Form EN/Page_Nutramigen  Enfamil/a_Terms of Use")): Object 'Object Repository/Form Verification/Nutramigen Form EN/Page_Nutramigen  Enfamil/a_Terms of Use' is clickable

2022-04-18 23:33:14 - [MESSAGE][PASSED] - Object 'Object Repository/Form Verification/Nutramigen Form EN/Page_Nutramigen  Enfamil/a_Terms of Use' is clickable

2022-04-18 23:33:14 - [TEST_STEP][PASSED] - verifyElementPresent(findTestObject("Object Repository/Form Verification/Nutramigen Form EN/Page_Nutramigen  Enfamil/a_Privacy Policy"), 0): Object 'Object Repository/Form Verification/Nutramigen Form EN/Page_Nutramigen  Enfamil/a_Privacy Policy' is present

2022-04-18 23:33:14 - [MESSAGE][WARNING] - Timeout '0' is invalid. Using default page load timeout: '5'

2022-04-18 23:33:14 - [MESSAGE][PASSED] - Object 'Object Repository/Form Verification/Nutramigen Form EN/Page_Nutramigen  Enfamil/a_Privacy Policy' is present

2022-04-18 23:33:14 - [TEST_STEP][PASSED] - verifyElementText(findTestObject("Object Repository/Form Verification/Nutramigen Form EN/Page_Nutramigen  Enfamil/a_Privacy Policy"), "Privacy Policy"): Actual text and expected text of test object 'Object Repository/Form Verification/Nutramigen Form EN/Page_Nutramigen  Enfamil/a_Privacy Policy' are matched.

2022-04-18 23:33:15 - [MESSAGE][PASSED] - Actual text and expected text of test object 'Object Repository/Form Verification/Nutramigen Form EN/Page_Nutramigen  Enfamil/a_Privacy Policy' are matched.

2022-04-18 23:33:15 - [TEST_STEP][PASSED] - verifyElementClickable(findTestObject("Object Repository/Form Verification/Nutramigen Form EN/Page_Nutramigen  Enfamil/a_Privacy Policy")): Object 'Object Repository/Form Verification/Nutramigen Form EN/Page_Nutramigen  Enfamil/a_Privacy Policy' is clickable

2022-04-18 23:33:15 - [MESSAGE][PASSED] - Object 'Object Repository/Form Verification/Nutramigen Form EN/Page_Nutramigen  Enfamil/a_Privacy Policy' is clickable

2022-04-18 23:33:15 - [TEST_STEP][PASSED] - closeBrowser(): Browser is closed

2022-04-18 23:33:16 - [MESSAGE][PASSED] - Browser is closed]]></system-out>
         <system-err><![CDATA[2022-04-18 23:31:10 - [TEST_CASE][FAILED] - Test Cases/Venkat/Forms Verification/Nutramigen - Form Verification - UAT: Test Cases/Venkat/Forms Verification/Nutramigen - Form Verification - UAT FAILED.
Reason:
com.kms.katalon.core.exception.StepFailedException: com.kms.katalon.core.webui.exception.WebElementNotFoundException: Web element with id: 'Object Repository/Form Verification/Nutramigen Form EN/Page_Nutramigen  Enfamil/div_State' located by '//div[@id='f9acd18e-7be3-472a-9f63-3affc22b70db']/div/div/div' not found (Root cause: com.kms.katalon.core.exception.StepFailedException: com.kms.katalon.core.webui.exception.WebElementNotFoundException: Web element with id: 'Object Repository/Form Verification/Nutramigen Form EN/Page_Nutramigen  Enfamil/div_State' located by '//div[@id='f9acd18e-7be3-472a-9f63-3affc22b70db']/div/div/div' not found
	at com.kms.katalon.core.webui.keyword.internal.WebUIKeywordMain.stepFailed(WebUIKeywordMain.groovy:64)
	at com.kms.katalon.core.webui.keyword.builtin.VerifyElementPresentKeyword$_verifyElementPresent_closure1.doCall(VerifyElementPresentKeyword.groovy:85)
	at com.kms.katalon.core.webui.keyword.builtin.VerifyElementPresentKeyword$_verifyElementPresent_closure1.call(VerifyElementPresentKeyword.groovy)
	at com.kms.katalon.core.webui.keyword.internal.WebUIKeywordMain.runKeyword(WebUIKeywordMain.groovy:20)
	at com.kms.katalon.core.webui.keyword.builtin.VerifyElementPresentKeyword.verifyElementPresent(VerifyElementPresentKeyword.groovy:92)
	at com.kms.katalon.core.webui.keyword.builtin.VerifyElementPresentKeyword.execute(VerifyElementPresentKeyword.groovy:68)
	at com.kms.katalon.core.keyword.internal.KeywordExecutor.executeKeywordForPlatform(KeywordExecutor.groovy:74)
	at com.kms.katalon.core.webui.keyword.WebUiBuiltInKeywords.verifyElementPresent(WebUiBuiltInKeywords.groovy:1464)
	at com.kms.katalon.core.webui.keyword.WebUiBuiltInKeywords$verifyElementPresent$4.call(Unknown Source)
	at Nutramigen - Form Verification - UAT.run(Nutramigen - Form Verification - UAT:111)
	at com.kms.katalon.core.main.ScriptEngine.run(ScriptEngine.java:194)
	at com.kms.katalon.core.main.ScriptEngine.runScriptAsRawText(ScriptEngine.java:119)
	at com.kms.katalon.core.main.TestCaseExecutor.runScript(TestCaseExecutor.java:445)
	at com.kms.katalon.core.main.TestCaseExecutor.doExecute(TestCaseExecutor.java:436)
	at com.kms.katalon.core.main.TestCaseExecutor.processExecutionPhase(TestCaseExecutor.java:415)
	at com.kms.katalon.core.main.TestCaseExecutor.accessMainPhase(TestCaseExecutor.java:407)
	at com.kms.katalon.core.main.TestCaseExecutor.execute(TestCaseExecutor.java:284)
	at com.kms.katalon.core.common.CommonExecutor.accessTestCaseMainPhase(CommonExecutor.java:65)
	at com.kms.katalon.core.main.TestSuiteExecutor.accessTestSuiteMainPhase(TestSuiteExecutor.java:144)
	at com.kms.katalon.core.main.TestSuiteExecutor.execute(TestSuiteExecutor.java:106)
	at com.kms.katalon.core.main.TestCaseMain.startTestSuite(TestCaseMain.java:185)
	at com.kms.katalon.core.main.TestCaseMain$startTestSuite$0.call(Unknown Source)
	at TempTestSuite1650304259606.run(TempTestSuite1650304259606.groovy:36)
)
	at com.kms.katalon.core.keyword.internal.KeywordMain.stepFailed(KeywordMain.groovy:39)
	at com.kms.katalon.core.webui.keyword.internal.WebUIKeywordMain.stepFailed(WebUIKeywordMain.groovy:64)
	at com.kms.katalon.core.webui.keyword.builtin.VerifyElementPresentKeyword$_verifyElementPresent_closure1.doCall(VerifyElementPresentKeyword.groovy:85)
	at com.kms.katalon.core.webui.keyword.builtin.VerifyElementPresentKeyword$_verifyElementPresent_closure1.call(VerifyElementPresentKeyword.groovy)
	at com.kms.katalon.core.webui.keyword.internal.WebUIKeywordMain.runKeyword(WebUIKeywordMain.groovy:20)
	at com.kms.katalon.core.webui.keyword.builtin.VerifyElementPresentKeyword.verifyElementPresent(VerifyElementPresentKeyword.groovy:92)
	at com.kms.katalon.core.webui.keyword.builtin.VerifyElementPresentKeyword.execute(VerifyElementPresentKeyword.groovy:68)
	at com.kms.katalon.core.keyword.internal.KeywordExecutor.executeKeywordForPlatform(KeywordExecutor.groovy:74)
	at com.kms.katalon.core.webui.keyword.WebUiBuiltInKeywords.verifyElementPresent(WebUiBuiltInKeywords.groovy:1464)
	at com.kms.katalon.core.webui.keyword.WebUiBuiltInKeywords$verifyElementPresent$4.call(Unknown Source)
	at Nutramigen - Form Verification - UAT.run(Nutramigen - Form Verification - UAT:111)
	at com.kms.katalon.core.main.ScriptEngine.run(ScriptEngine.java:194)
	at com.kms.katalon.core.main.ScriptEngine.runScriptAsRawText(ScriptEngine.java:119)
	at com.kms.katalon.core.main.TestCaseExecutor.runScript(TestCaseExecutor.java:445)
	at com.kms.katalon.core.main.TestCaseExecutor.doExecute(TestCaseExecutor.java:436)
	at com.kms.katalon.core.main.TestCaseExecutor.processExecutionPhase(TestCaseExecutor.java:415)
	at com.kms.katalon.core.main.TestCaseExecutor.accessMainPhase(TestCaseExecutor.java:407)
	at com.kms.katalon.core.main.TestCaseExecutor.execute(TestCaseExecutor.java:284)
	at com.kms.katalon.core.common.CommonExecutor.accessTestCaseMainPhase(CommonExecutor.java:65)
	at com.kms.katalon.core.main.TestSuiteExecutor.accessTestSuiteMainPhase(TestSuiteExecutor.java:144)
	at com.kms.katalon.core.main.TestSuiteExecutor.execute(TestSuiteExecutor.java:106)
	at com.kms.katalon.core.main.TestCaseMain.startTestSuite(TestCaseMain.java:185)
	at com.kms.katalon.core.main.TestCaseMain$startTestSuite$0.call(Unknown Source)
	at TempTestSuite1650304259606.run(TempTestSuite1650304259606.groovy:36)
Caused by: com.kms.katalon.core.exception.StepFailedException: com.kms.katalon.core.webui.exception.WebElementNotFoundException: Web element with id: 'Object Repository/Form Verification/Nutramigen Form EN/Page_Nutramigen  Enfamil/div_State' located by '//div[@id='f9acd18e-7be3-472a-9f63-3affc22b70db']/div/div/div' not found
	... 23 more]]></system-err>
      </testcase>
      <testcase name="Test Cases/Venkat/Forms Verification/Precon - Form Verification" time="370.948" classname="Test Cases/Venkat/Forms Verification/Precon - Form Verification" status="FAILED">
         <failure type="FAILED" message="Test Cases/Venkat/Forms Verification/Precon - Form Verification FAILED.
Reason:
com.kms.katalon.core.exception.StepFailedException: com.kms.katalon.core.webui.exception.WebElementNotFoundException: Web element with id: 'Object Repository/Form Verification/Precon Form/Page_/div_Select one' located by '//div[@id='dcfb004e-7d4f-446f-9b9a-ae565fa3bd86']/div/div/div' not found (Root cause: com.kms.katalon.core.exception.StepFailedException: com.kms.katalon.core.webui.exception.WebElementNotFoundException: Web element with id: 'Object Repository/Form Verification/Precon Form/Page_/div_Select one' located by '//div[@id='dcfb004e-7d4f-446f-9b9a-ae565fa3bd86']/div/div/div' not found
	at com.kms.katalon.core.webui.keyword.internal.WebUIKeywordMain.stepFailed(WebUIKeywordMain.groovy:64)
	at com.kms.katalon.core.webui.keyword.builtin.VerifyElementPresentKeyword$_verifyElementPresent_closure1.doCall(VerifyElementPresentKeyword.groovy:85)
	at com.kms.katalon.core.webui.keyword.builtin.VerifyElementPresentKeyword$_verifyElementPresent_closure1.call(VerifyElementPresentKeyword.groovy)
	at com.kms.katalon.core.webui.keyword.internal.WebUIKeywordMain.runKeyword(WebUIKeywordMain.groovy:20)
	at com.kms.katalon.core.webui.keyword.builtin.VerifyElementPresentKeyword.verifyElementPresent(VerifyElementPresentKeyword.groovy:92)
	at com.kms.katalon.core.webui.keyword.builtin.VerifyElementPresentKeyword.execute(VerifyElementPresentKeyword.groovy:68)
	at com.kms.katalon.core.keyword.internal.KeywordExecutor.executeKeywordForPlatform(KeywordExecutor.groovy:74)
	at com.kms.katalon.core.webui.keyword.WebUiBuiltInKeywords.verifyElementPresent(WebUiBuiltInKeywords.groovy:1464)
	at com.kms.katalon.core.webui.keyword.WebUiBuiltInKeywords$verifyElementPresent$4.call(Unknown Source)
	at Precon - Form Verification.run(Precon - Form Verification:69)
	at com.kms.katalon.core.main.ScriptEngine.run(ScriptEngine.java:194)
	at com.kms.katalon.core.main.ScriptEngine.runScriptAsRawText(ScriptEngine.java:119)
	at com.kms.katalon.core.main.TestCaseExecutor.runScript(TestCaseExecutor.java:445)
	at com.kms.katalon.core.main.TestCaseExecutor.doExecute(TestCaseExecutor.java:436)
	at com.kms.katalon.core.main.TestCaseExecutor.processExecutionPhase(TestCaseExecutor.java:415)
	at com.kms.katalon.core.main.TestCaseExecutor.accessMainPhase(TestCaseExecutor.java:407)
	at com.kms.katalon.core.main.TestCaseExecutor.execute(TestCaseExecutor.java:284)
	at com.kms.katalon.core.common.CommonExecutor.accessTestCaseMainPhase(CommonExecutor.java:65)
	at com.kms.katalon.core.main.TestSuiteExecutor.accessTestSuiteMainPhase(TestSuiteExecutor.java:144)
	at com.kms.katalon.core.main.TestSuiteExecutor.execute(TestSuiteExecutor.java:106)
	at com.kms.katalon.core.main.TestCaseMain.startTestSuite(TestCaseMain.java:185)
	at com.kms.katalon.core.main.TestCaseMain$startTestSuite$0.call(Unknown Source)
	at TempTestSuite1650304259606.run(TempTestSuite1650304259606.groovy:36)
)
	at com.kms.katalon.core.keyword.internal.KeywordMain.stepFailed(KeywordMain.groovy:39)
	at com.kms.katalon.core.webui.keyword.internal.WebUIKeywordMain.stepFailed(WebUIKeywordMain.groovy:64)
	at com.kms.katalon.core.webui.keyword.builtin.VerifyElementPresentKeyword$_verifyElementPresent_closure1.doCall(VerifyElementPresentKeyword.groovy:85)
	at com.kms.katalon.core.webui.keyword.builtin.VerifyElementPresentKeyword$_verifyElementPresent_closure1.call(VerifyElementPresentKeyword.groovy)
	at com.kms.katalon.core.webui.keyword.internal.WebUIKeywordMain.runKeyword(WebUIKeywordMain.groovy:20)
	at com.kms.katalon.core.webui.keyword.builtin.VerifyElementPresentKeyword.verifyElementPresent(VerifyElementPresentKeyword.groovy:92)
	at com.kms.katalon.core.webui.keyword.builtin.VerifyElementPresentKeyword.execute(VerifyElementPresentKeyword.groovy:68)
	at com.kms.katalon.core.keyword.internal.KeywordExecutor.executeKeywordForPlatform(KeywordExecutor.groovy:74)
	at com.kms.katalon.core.webui.keyword.WebUiBuiltInKeywords.verifyElementPresent(WebUiBuiltInKeywords.groovy:1464)
	at com.kms.katalon.core.webui.keyword.WebUiBuiltInKeywords$verifyElementPresent$4.call(Unknown Source)
	at Precon - Form Verification.run(Precon - Form Verification:69)
	at com.kms.katalon.core.main.ScriptEngine.run(ScriptEngine.java:194)
	at com.kms.katalon.core.main.ScriptEngine.runScriptAsRawText(ScriptEngine.java:119)
	at com.kms.katalon.core.main.TestCaseExecutor.runScript(TestCaseExecutor.java:445)
	at com.kms.katalon.core.main.TestCaseExecutor.doExecute(TestCaseExecutor.java:436)
	at com.kms.katalon.core.main.TestCaseExecutor.processExecutionPhase(TestCaseExecutor.java:415)
	at com.kms.katalon.core.main.TestCaseExecutor.accessMainPhase(TestCaseExecutor.java:407)
	at com.kms.katalon.core.main.TestCaseExecutor.execute(TestCaseExecutor.java:284)
	at com.kms.katalon.core.common.CommonExecutor.accessTestCaseMainPhase(CommonExecutor.java:65)
	at com.kms.katalon.core.main.TestSuiteExecutor.accessTestSuiteMainPhase(TestSuiteExecutor.java:144)
	at com.kms.katalon.core.main.TestSuiteExecutor.execute(TestSuiteExecutor.java:106)
	at com.kms.katalon.core.main.TestCaseMain.startTestSuite(TestCaseMain.java:185)
	at com.kms.katalon.core.main.TestCaseMain$startTestSuite$0.call(Unknown Source)
	at TempTestSuite1650304259606.run(TempTestSuite1650304259606.groovy:36)
Caused by: com.kms.katalon.core.exception.StepFailedException: com.kms.katalon.core.webui.exception.WebElementNotFoundException: Web element with id: 'Object Repository/Form Verification/Precon Form/Page_/div_Select one' located by '//div[@id='dcfb004e-7d4f-446f-9b9a-ae565fa3bd86']/div/div/div' not found
	... 23 more
"/>
         <system-out><![CDATA[2022-04-18 23:33:16 - [TEST_CASE][FAILED] - Test Cases/Venkat/Forms Verification/Precon - Form Verification: Test Cases/Venkat/Forms Verification/Precon - Form Verification FAILED.
Reason:
com.kms.katalon.core.exception.StepFailedException: com.kms.katalon.core.webui.exception.WebElementNotFoundException: Web element with id: 'Object Repository/Form Verification/Precon Form/Page_/div_Select one' located by '//div[@id='dcfb004e-7d4f-446f-9b9a-ae565fa3bd86']/div/div/div' not found (Root cause: com.kms.katalon.core.exception.StepFailedException: com.kms.katalon.core.webui.exception.WebElementNotFoundException: Web element with id: 'Object Repository/Form Verification/Precon Form/Page_/div_Select one' located by '//div[@id='dcfb004e-7d4f-446f-9b9a-ae565fa3bd86']/div/div/div' not found
	at com.kms.katalon.core.webui.keyword.internal.WebUIKeywordMain.stepFailed(WebUIKeywordMain.groovy:64)
	at com.kms.katalon.core.webui.keyword.builtin.VerifyElementPresentKeyword$_verifyElementPresent_closure1.doCall(VerifyElementPresentKeyword.groovy:85)
	at com.kms.katalon.core.webui.keyword.builtin.VerifyElementPresentKeyword$_verifyElementPresent_closure1.call(VerifyElementPresentKeyword.groovy)
	at com.kms.katalon.core.webui.keyword.internal.WebUIKeywordMain.runKeyword(WebUIKeywordMain.groovy:20)
	at com.kms.katalon.core.webui.keyword.builtin.VerifyElementPresentKeyword.verifyElementPresent(VerifyElementPresentKeyword.groovy:92)
	at com.kms.katalon.core.webui.keyword.builtin.VerifyElementPresentKeyword.execute(VerifyElementPresentKeyword.groovy:68)
	at com.kms.katalon.core.keyword.internal.KeywordExecutor.executeKeywordForPlatform(KeywordExecutor.groovy:74)
	at com.kms.katalon.core.webui.keyword.WebUiBuiltInKeywords.verifyElementPresent(WebUiBuiltInKeywords.groovy:1464)
	at com.kms.katalon.core.webui.keyword.WebUiBuiltInKeywords$verifyElementPresent$4.call(Unknown Source)
	at Precon - Form Verification.run(Precon - Form Verification:69)
	at com.kms.katalon.core.main.ScriptEngine.run(ScriptEngine.java:194)
	at com.kms.katalon.core.main.ScriptEngine.runScriptAsRawText(ScriptEngine.java:119)
	at com.kms.katalon.core.main.TestCaseExecutor.runScript(TestCaseExecutor.java:445)
	at com.kms.katalon.core.main.TestCaseExecutor.doExecute(TestCaseExecutor.java:436)
	at com.kms.katalon.core.main.TestCaseExecutor.processExecutionPhase(TestCaseExecutor.java:415)
	at com.kms.katalon.core.main.TestCaseExecutor.accessMainPhase(TestCaseExecutor.java:407)
	at com.kms.katalon.core.main.TestCaseExecutor.execute(TestCaseExecutor.java:284)
	at com.kms.katalon.core.common.CommonExecutor.accessTestCaseMainPhase(CommonExecutor.java:65)
	at com.kms.katalon.core.main.TestSuiteExecutor.accessTestSuiteMainPhase(TestSuiteExecutor.java:144)
	at com.kms.katalon.core.main.TestSuiteExecutor.execute(TestSuiteExecutor.java:106)
	at com.kms.katalon.core.main.TestCaseMain.startTestSuite(TestCaseMain.java:185)
	at com.kms.katalon.core.main.TestCaseMain$startTestSuite$0.call(Unknown Source)
	at TempTestSuite1650304259606.run(TempTestSuite1650304259606.groovy:36)
)
	at com.kms.katalon.core.keyword.internal.KeywordMain.stepFailed(KeywordMain.groovy:39)
	at com.kms.katalon.core.webui.keyword.internal.WebUIKeywordMain.stepFailed(WebUIKeywordMain.groovy:64)
	at com.kms.katalon.core.webui.keyword.builtin.VerifyElementPresentKeyword$_verifyElementPresent_closure1.doCall(VerifyElementPresentKeyword.groovy:85)
	at com.kms.katalon.core.webui.keyword.builtin.VerifyElementPresentKeyword$_verifyElementPresent_closure1.call(VerifyElementPresentKeyword.groovy)
	at com.kms.katalon.core.webui.keyword.internal.WebUIKeywordMain.runKeyword(WebUIKeywordMain.groovy:20)
	at com.kms.katalon.core.webui.keyword.builtin.VerifyElementPresentKeyword.verifyElementPresent(VerifyElementPresentKeyword.groovy:92)
	at com.kms.katalon.core.webui.keyword.builtin.VerifyElementPresentKeyword.execute(VerifyElementPresentKeyword.groovy:68)
	at com.kms.katalon.core.keyword.internal.KeywordExecutor.executeKeywordForPlatform(KeywordExecutor.groovy:74)
	at com.kms.katalon.core.webui.keyword.WebUiBuiltInKeywords.verifyElementPresent(WebUiBuiltInKeywords.groovy:1464)
	at com.kms.katalon.core.webui.keyword.WebUiBuiltInKeywords$verifyElementPresent$4.call(Unknown Source)
	at Precon - Form Verification.run(Precon - Form Verification:69)
	at com.kms.katalon.core.main.ScriptEngine.run(ScriptEngine.java:194)
	at com.kms.katalon.core.main.ScriptEngine.runScriptAsRawText(ScriptEngine.java:119)
	at com.kms.katalon.core.main.TestCaseExecutor.runScript(TestCaseExecutor.java:445)
	at com.kms.katalon.core.main.TestCaseExecutor.doExecute(TestCaseExecutor.java:436)
	at com.kms.katalon.core.main.TestCaseExecutor.processExecutionPhase(TestCaseExecutor.java:415)
	at com.kms.katalon.core.main.TestCaseExecutor.accessMainPhase(TestCaseExecutor.java:407)
	at com.kms.katalon.core.main.TestCaseExecutor.execute(TestCaseExecutor.java:284)
	at com.kms.katalon.core.common.CommonExecutor.accessTestCaseMainPhase(CommonExecutor.java:65)
	at com.kms.katalon.core.main.TestSuiteExecutor.accessTestSuiteMainPhase(TestSuiteExecutor.java:144)
	at com.kms.katalon.core.main.TestSuiteExecutor.execute(TestSuiteExecutor.java:106)
	at com.kms.katalon.core.main.TestCaseMain.startTestSuite(TestCaseMain.java:185)
	at com.kms.katalon.core.main.TestCaseMain$startTestSuite$0.call(Unknown Source)
	at TempTestSuite1650304259606.run(TempTestSuite1650304259606.groovy:36)
Caused by: com.kms.katalon.core.exception.StepFailedException: com.kms.katalon.core.webui.exception.WebElementNotFoundException: Web element with id: 'Object Repository/Form Verification/Precon Form/Page_/div_Select one' located by '//div[@id='dcfb004e-7d4f-446f-9b9a-ae565fa3bd86']/div/div/div' not found
	... 23 more


2022-04-18 23:33:17 - [TEST_STEP][PASSED] - openBrowser(""): Browser is opened with url: ''

2022-04-18 23:33:17 - [MESSAGE][INFO] - Starting 'Chrome' driver

2022-04-18 23:33:17 - [MESSAGE][INFO] - Action delay is set to 0 milliseconds

2022-04-18 23:33:18 - [MESSAGE][PASSED] - Browser is opened with url: ''

2022-04-18 23:33:18 - [TEST_STEP][PASSED] - navigateToUrl(Precon): Navigate to 'https://enfamil-us.cdn.test.us-east-1.starterkit.rbcloud.io/moms-to-be-enrollment/' successfully

2022-04-18 23:33:21 - [MESSAGE][PASSED] - Navigate to 'https://enfamil-us.cdn.test.us-east-1.starterkit.rbcloud.io/moms-to-be-enrollment/' successfully

2022-04-18 23:33:21 - [TEST_STEP][PASSED] - maximizeWindow(): Current window maximized

2022-04-18 23:33:21 - [MESSAGE][PASSED] - Current window maximized

2022-04-18 23:33:21 - [TEST_STEP][PASSED] - delay(5): Delayed 5 second(s)

2022-04-18 23:33:26 - [MESSAGE][PASSED] - Delayed 5 second(s)

2022-04-18 23:33:26 - [TEST_STEP][PASSED] - click(findTestObject("Object Repository/Form Verification/Precon Form/Page_/button_GOT IT_onetrust-close-btn-handler on_95ce22")): Object: 'Object Repository/Form Verification/Precon Form/Page_/button_GOT IT_onetrust-close-btn-handler on_95ce22' is clicked on

2022-04-18 23:33:29 - [MESSAGE][PASSED] - Object: 'Object Repository/Form Verification/Precon Form/Page_/button_GOT IT_onetrust-close-btn-handler on_95ce22' is clicked on

2022-04-18 23:33:29 - [TEST_STEP][PASSED] - verifyElementPresent(findTestObject("Object Repository/Form Verification/Precon Form/Page_/span_Enfamil Family Beginnings for Moms To Be"), 0): Object 'Object Repository/Form Verification/Precon Form/Page_/span_Enfamil Family Beginnings for Moms To Be' is present

2022-04-18 23:33:29 - [MESSAGE][WARNING] - Timeout '0' is invalid. Using default page load timeout: '5'

2022-04-18 23:33:31 - [MESSAGE][PASSED] - Object 'Object Repository/Form Verification/Precon Form/Page_/span_Enfamil Family Beginnings for Moms To Be' is present

2022-04-18 23:33:31 - [TEST_STEP][PASSED] - verifyElementText(findTestObject("Object Repository/Form Verification/Precon Form/Page_/span_Enfamil Family Beginnings for Moms To Be"), "Enfamil Family Beginnings for Moms To Be"): Actual text and expected text of test object 'Object Repository/Form Verification/Precon Form/Page_/span_Enfamil Family Beginnings for Moms To Be' are matched.

2022-04-18 23:33:33 - [MESSAGE][PASSED] - Actual text and expected text of test object 'Object Repository/Form Verification/Precon Form/Page_/span_Enfamil Family Beginnings for Moms To Be' are matched.

2022-04-18 23:33:33 - [TEST_STEP][PASSED] - verifyElementPresent(findTestObject("Object Repository/Form Verification/Precon Form/Page_/div_Enfamil Family Beginnings"), 0): Object 'Object Repository/Form Verification/Precon Form/Page_/div_Enfamil Family Beginnings' is present

2022-04-18 23:33:33 - [MESSAGE][WARNING] - Timeout '0' is invalid. Using default page load timeout: '5'

2022-04-18 23:33:33 - [MESSAGE][PASSED] - Object 'Object Repository/Form Verification/Precon Form/Page_/div_Enfamil Family Beginnings' is present

2022-04-18 23:33:33 - [TEST_STEP][PASSED] - verifyElementText(findTestObject("Object Repository/Form Verification/Precon Form/Page_/div_Enfamil Family Beginnings"), "ENFAMIL FAMILY BEGINNINGS"): Actual text and expected text of test object 'Object Repository/Form Verification/Precon Form/Page_/div_Enfamil Family Beginnings' are matched.

2022-04-18 23:33:34 - [MESSAGE][PASSED] - Actual text and expected text of test object 'Object Repository/Form Verification/Precon Form/Page_/div_Enfamil Family Beginnings' are matched.

2022-04-18 23:33:34 - [TEST_STEP][PASSED] - verifyElementPresent(findTestObject("Object Repository/Form Verification/Precon Form/Page_/div_Join for up to 400 in free gifts"), 0): Object 'Object Repository/Form Verification/Precon Form/Page_/div_Join for up to 400 in free gifts' is present

2022-04-18 23:33:34 - [MESSAGE][WARNING] - Timeout '0' is invalid. Using default page load timeout: '5'

2022-04-18 23:33:34 - [MESSAGE][PASSED] - Object 'Object Repository/Form Verification/Precon Form/Page_/div_Join for up to 400 in free gifts' is present

2022-04-18 23:33:34 - [TEST_STEP][PASSED] - verifyElementText(findTestObject("Object Repository/Form Verification/Precon Form/Page_/div_Join for up to 400 in free gifts"), "Join for up to $400 in free gifts."): Actual text and expected text of test object 'Object Repository/Form Verification/Precon Form/Page_/div_Join for up to 400 in free gifts' are matched.

2022-04-18 23:33:35 - [MESSAGE][PASSED] - Actual text and expected text of test object 'Object Repository/Form Verification/Precon Form/Page_/div_Join for up to 400 in free gifts' are matched.

2022-04-18 23:33:35 - [TEST_STEP][PASSED] - verifyElementPresent(findTestObject("Object Repository/Form Verification/Precon Form/Page_/input_First Name_486c5e53-2548-4f26-be7a-d5_fcb248"), 0): Object 'Object Repository/Form Verification/Precon Form/Page_/input_First Name_486c5e53-2548-4f26-be7a-d5_fcb248' is present

2022-04-18 23:33:35 - [MESSAGE][WARNING] - Timeout '0' is invalid. Using default page load timeout: '5'

2022-04-18 23:33:35 - [MESSAGE][PASSED] - Object 'Object Repository/Form Verification/Precon Form/Page_/input_First Name_486c5e53-2548-4f26-be7a-d5_fcb248' is present

2022-04-18 23:33:35 - [TEST_STEP][PASSED] - verifyElementClickable(findTestObject("Form Verification/Precon Form/Page_/input_First Name_486c5e53-2548-4f26-be7a-d5_fcb248")): Object 'Object Repository/Form Verification/Precon Form/Page_/input_First Name_486c5e53-2548-4f26-be7a-d5_fcb248' is clickable

2022-04-18 23:33:35 - [MESSAGE][PASSED] - Object 'Object Repository/Form Verification/Precon Form/Page_/input_First Name_486c5e53-2548-4f26-be7a-d5_fcb248' is clickable

2022-04-18 23:33:35 - [TEST_STEP][PASSED] - verifyElementPresent(findTestObject("Object Repository/Form Verification/Precon Form/Page_/input_Last Name_8d6160dc-8ee6-412c-81fa-526_7cb424"), 0): Object 'Object Repository/Form Verification/Precon Form/Page_/input_Last Name_8d6160dc-8ee6-412c-81fa-526_7cb424' is present

2022-04-18 23:33:36 - [MESSAGE][WARNING] - Timeout '0' is invalid. Using default page load timeout: '5'

2022-04-18 23:33:36 - [MESSAGE][PASSED] - Object 'Object Repository/Form Verification/Precon Form/Page_/input_Last Name_8d6160dc-8ee6-412c-81fa-526_7cb424' is present

2022-04-18 23:33:36 - [TEST_STEP][PASSED] - verifyElementClickable(findTestObject("Form Verification/Precon Form/Page_/input_Last Name_8d6160dc-8ee6-412c-81fa-526_7cb424")): Object 'Object Repository/Form Verification/Precon Form/Page_/input_Last Name_8d6160dc-8ee6-412c-81fa-526_7cb424' is clickable

2022-04-18 23:33:36 - [MESSAGE][PASSED] - Object 'Object Repository/Form Verification/Precon Form/Page_/input_Last Name_8d6160dc-8ee6-412c-81fa-526_7cb424' is clickable

2022-04-18 23:33:36 - [TEST_STEP][PASSED] - verifyElementPresent(findTestObject("Object Repository/Form Verification/Precon Form/Page_/input_Email_be1731a6-126d-4f04-8d75-331aca87e9b2"), 0): Object 'Object Repository/Form Verification/Precon Form/Page_/input_Email_be1731a6-126d-4f04-8d75-331aca87e9b2' is present

2022-04-18 23:33:36 - [MESSAGE][WARNING] - Timeout '0' is invalid. Using default page load timeout: '5'

2022-04-18 23:33:37 - [MESSAGE][PASSED] - Object 'Object Repository/Form Verification/Precon Form/Page_/input_Email_be1731a6-126d-4f04-8d75-331aca87e9b2' is present

2022-04-18 23:33:37 - [TEST_STEP][PASSED] - verifyElementClickable(findTestObject("Form Verification/Precon Form/Page_/input_Email_be1731a6-126d-4f04-8d75-331aca87e9b2")): Object 'Object Repository/Form Verification/Precon Form/Page_/input_Email_be1731a6-126d-4f04-8d75-331aca87e9b2' is clickable

2022-04-18 23:33:37 - [MESSAGE][PASSED] - Object 'Object Repository/Form Verification/Precon Form/Page_/input_Email_be1731a6-126d-4f04-8d75-331aca87e9b2' is clickable

2022-04-18 23:33:37 - [TEST_STEP][PASSED] - verifyElementPresent(findTestObject("Object Repository/Form Verification/Precon Form/Page_/div_Tell us more about yourself so we can t_f89e59"), 0): Object 'Object Repository/Form Verification/Precon Form/Page_/div_Tell us more about yourself so we can t_f89e59' is present

2022-04-18 23:33:37 - [MESSAGE][WARNING] - Timeout '0' is invalid. Using default page load timeout: '5'

2022-04-18 23:33:38 - [MESSAGE][PASSED] - Object 'Object Repository/Form Verification/Precon Form/Page_/div_Tell us more about yourself so we can t_f89e59' is present

2022-04-18 23:33:38 - [TEST_STEP][PASSED] - verifyElementText(findTestObject("Object Repository/Form Verification/Precon Form/Page_/div_Tell us more about yourself so we can t_f89e59"), "Tell us more about yourself so we can tailor your experience."): Actual text and expected text of test object 'Object Repository/Form Verification/Precon Form/Page_/div_Tell us more about yourself so we can t_f89e59' are matched.

2022-04-18 23:33:38 - [MESSAGE][PASSED] - Actual text and expected text of test object 'Object Repository/Form Verification/Precon Form/Page_/div_Tell us more about yourself so we can t_f89e59' are matched.

2022-04-18 23:33:38 - [TEST_STEP][FAILED] - verifyElementPresent(findTestObject("Object Repository/Form Verification/Precon Form/Page_/div_Select one"), 0): com.kms.katalon.core.webui.exception.WebElementNotFoundException: Web element with id: 'Object Repository/Form Verification/Precon Form/Page_/div_Select one' located by '//div[@id='dcfb004e-7d4f-446f-9b9a-ae565fa3bd86']/div/div/div' not found (Root cause: com.kms.katalon.core.exception.StepFailedException: com.kms.katalon.core.webui.exception.WebElementNotFoundException: Web element with id: 'Object Repository/Form Verification/Precon Form/Page_/div_Select one' located by '//div[@id='dcfb004e-7d4f-446f-9b9a-ae565fa3bd86']/div/div/div' not found
	at com.kms.katalon.core.webui.keyword.internal.WebUIKeywordMain.stepFailed(WebUIKeywordMain.groovy:64)
	at com.kms.katalon.core.webui.keyword.builtin.VerifyElementPresentKeyword$_verifyElementPresent_closure1.doCall(VerifyElementPresentKeyword.groovy:85)
	at com.kms.katalon.core.webui.keyword.builtin.VerifyElementPresentKeyword$_verifyElementPresent_closure1.call(VerifyElementPresentKeyword.groovy)
	at com.kms.katalon.core.webui.keyword.internal.WebUIKeywordMain.runKeyword(WebUIKeywordMain.groovy:20)
	at com.kms.katalon.core.webui.keyword.builtin.VerifyElementPresentKeyword.verifyElementPresent(VerifyElementPresentKeyword.groovy:92)
	at com.kms.katalon.core.webui.keyword.builtin.VerifyElementPresentKeyword.execute(VerifyElementPresentKeyword.groovy:68)
	at com.kms.katalon.core.keyword.internal.KeywordExecutor.executeKeywordForPlatform(KeywordExecutor.groovy:74)
	at com.kms.katalon.core.webui.keyword.WebUiBuiltInKeywords.verifyElementPresent(WebUiBuiltInKeywords.groovy:1464)
	at com.kms.katalon.core.webui.keyword.WebUiBuiltInKeywords$verifyElementPresent$4.call(Unknown Source)
	at Precon - Form Verification.run(Precon - Form Verification:69)
	at com.kms.katalon.core.main.ScriptEngine.run(ScriptEngine.java:194)
	at com.kms.katalon.core.main.ScriptEngine.runScriptAsRawText(ScriptEngine.java:119)
	at com.kms.katalon.core.main.TestCaseExecutor.runScript(TestCaseExecutor.java:445)
	at com.kms.katalon.core.main.TestCaseExecutor.doExecute(TestCaseExecutor.java:436)
	at com.kms.katalon.core.main.TestCaseExecutor.processExecutionPhase(TestCaseExecutor.java:415)
	at com.kms.katalon.core.main.TestCaseExecutor.accessMainPhase(TestCaseExecutor.java:407)
	at com.kms.katalon.core.main.TestCaseExecutor.execute(TestCaseExecutor.java:284)
	at com.kms.katalon.core.common.CommonExecutor.accessTestCaseMainPhase(CommonExecutor.java:65)
	at com.kms.katalon.core.main.TestSuiteExecutor.accessTestSuiteMainPhase(TestSuiteExecutor.java:144)
	at com.kms.katalon.core.main.TestSuiteExecutor.execute(TestSuiteExecutor.java:106)
	at com.kms.katalon.core.main.TestCaseMain.startTestSuite(TestCaseMain.java:185)
	at com.kms.katalon.core.main.TestCaseMain$startTestSuite$0.call(Unknown Source)
	at TempTestSuite1650304259606.run(TempTestSuite1650304259606.groovy:36)
)

2022-04-18 23:33:38 - [MESSAGE][WARNING] - Timeout '0' is invalid. Using default page load timeout: '5'

2022-04-18 23:33:45 - [MESSAGE][INFO] - Unable to find the element located by 'By.xpath: //div[@id='dcfb004e-7d4f-446f-9b9a-ae565fa3bd86']/div/div/div'. Please recheck the objects properties to make sure the desired element is located. 

2022-04-18 23:33:45 - [MESSAGE][FAILED] - com.kms.katalon.core.webui.exception.WebElementNotFoundException: Web element with id: 'Object Repository/Form Verification/Precon Form/Page_/div_Select one' located by '//div[@id='dcfb004e-7d4f-446f-9b9a-ae565fa3bd86']/div/div/div' not found (Root cause: com.kms.katalon.core.exception.StepFailedException: com.kms.katalon.core.webui.exception.WebElementNotFoundException: Web element with id: 'Object Repository/Form Verification/Precon Form/Page_/div_Select one' located by '//div[@id='dcfb004e-7d4f-446f-9b9a-ae565fa3bd86']/div/div/div' not found
	at com.kms.katalon.core.webui.keyword.internal.WebUIKeywordMain.stepFailed(WebUIKeywordMain.groovy:64)
	at com.kms.katalon.core.webui.keyword.builtin.VerifyElementPresentKeyword$_verifyElementPresent_closure1.doCall(VerifyElementPresentKeyword.groovy:85)
	at com.kms.katalon.core.webui.keyword.builtin.VerifyElementPresentKeyword$_verifyElementPresent_closure1.call(VerifyElementPresentKeyword.groovy)
	at com.kms.katalon.core.webui.keyword.internal.WebUIKeywordMain.runKeyword(WebUIKeywordMain.groovy:20)
	at com.kms.katalon.core.webui.keyword.builtin.VerifyElementPresentKeyword.verifyElementPresent(VerifyElementPresentKeyword.groovy:92)
	at com.kms.katalon.core.webui.keyword.builtin.VerifyElementPresentKeyword.execute(VerifyElementPresentKeyword.groovy:68)
	at com.kms.katalon.core.keyword.internal.KeywordExecutor.executeKeywordForPlatform(KeywordExecutor.groovy:74)
	at com.kms.katalon.core.webui.keyword.WebUiBuiltInKeywords.verifyElementPresent(WebUiBuiltInKeywords.groovy:1464)
	at com.kms.katalon.core.webui.keyword.WebUiBuiltInKeywords$verifyElementPresent$4.call(Unknown Source)
	at Precon - Form Verification.run(Precon - Form Verification:69)
	at com.kms.katalon.core.main.ScriptEngine.run(ScriptEngine.java:194)
	at com.kms.katalon.core.main.ScriptEngine.runScriptAsRawText(ScriptEngine.java:119)
	at com.kms.katalon.core.main.TestCaseExecutor.runScript(TestCaseExecutor.java:445)
	at com.kms.katalon.core.main.TestCaseExecutor.doExecute(TestCaseExecutor.java:436)
	at com.kms.katalon.core.main.TestCaseExecutor.processExecutionPhase(TestCaseExecutor.java:415)
	at com.kms.katalon.core.main.TestCaseExecutor.accessMainPhase(TestCaseExecutor.java:407)
	at com.kms.katalon.core.main.TestCaseExecutor.execute(TestCaseExecutor.java:284)
	at com.kms.katalon.core.common.CommonExecutor.accessTestCaseMainPhase(CommonExecutor.java:65)
	at com.kms.katalon.core.main.TestSuiteExecutor.accessTestSuiteMainPhase(TestSuiteExecutor.java:144)
	at com.kms.katalon.core.main.TestSuiteExecutor.execute(TestSuiteExecutor.java:106)
	at com.kms.katalon.core.main.TestCaseMain.startTestSuite(TestCaseMain.java:185)
	at com.kms.katalon.core.main.TestCaseMain$startTestSuite$0.call(Unknown Source)
	at TempTestSuite1650304259606.run(TempTestSuite1650304259606.groovy:36)
)
[[ATTACHMENT|D:\\SmoketestSuite\\enfamilUS\\Reports\\20220418_232059\\SmokeTestCollection - Venkat\\SmokeTestSuite-Collection - UAT\\20220418_232059\\1650305025019.png]]

2022-04-18 23:33:45 - [TEST_STEP][FAILED] - verifyElementClickable(findTestObject("Object Repository/Form Verification/Precon Form/Page_/div_Select one")): Web element with id: 'Object Repository/Form Verification/Precon Form/Page_/div_Select one' located by '//div[@id='dcfb004e-7d4f-446f-9b9a-ae565fa3bd86']/div/div/div' not found (Root cause: com.kms.katalon.core.exception.StepFailedException: Web element with id: 'Object Repository/Form Verification/Precon Form/Page_/div_Select one' located by '//div[@id='dcfb004e-7d4f-446f-9b9a-ae565fa3bd86']/div/div/div' not found
	at com.kms.katalon.core.webui.keyword.internal.WebUIKeywordMain.stepFailed(WebUIKeywordMain.groovy:64)
	at com.kms.katalon.core.webui.keyword.builtin.VerifyElementClickableKeyword$_verifyElementClickable_closure1.doCall(VerifyElementClickableKeyword.groovy:88)
	at com.kms.katalon.core.webui.keyword.builtin.VerifyElementClickableKeyword$_verifyElementClickable_closure1.call(VerifyElementClickableKeyword.groovy)
	at com.kms.katalon.core.webui.keyword.internal.WebUIKeywordMain.runKeyword(WebUIKeywordMain.groovy:20)
	at com.kms.katalon.core.webui.keyword.builtin.VerifyElementClickableKeyword.verifyElementClickable(VerifyElementClickableKeyword.groovy:96)
	at com.kms.katalon.core.webui.keyword.builtin.VerifyElementClickableKeyword.execute(VerifyElementClickableKeyword.groovy:67)
	at com.kms.katalon.core.keyword.internal.KeywordExecutor.executeKeywordForPlatform(KeywordExecutor.groovy:74)
	at com.kms.katalon.core.webui.keyword.WebUiBuiltInKeywords.verifyElementClickable(WebUiBuiltInKeywords.groovy:566)
	at com.kms.katalon.core.webui.keyword.WebUiBuiltInKeywords$verifyElementClickable$6.call(Unknown Source)
	at Precon - Form Verification.run(Precon - Form Verification:71)
	at com.kms.katalon.core.main.ScriptEngine.run(ScriptEngine.java:194)
	at com.kms.katalon.core.main.ScriptEngine.runScriptAsRawText(ScriptEngine.java:119)
	at com.kms.katalon.core.main.TestCaseExecutor.runScript(TestCaseExecutor.java:445)
	at com.kms.katalon.core.main.TestCaseExecutor.doExecute(TestCaseExecutor.java:436)
	at com.kms.katalon.core.main.TestCaseExecutor.processExecutionPhase(TestCaseExecutor.java:415)
	at com.kms.katalon.core.main.TestCaseExecutor.accessMainPhase(TestCaseExecutor.java:407)
	at com.kms.katalon.core.main.TestCaseExecutor.execute(TestCaseExecutor.java:284)
	at com.kms.katalon.core.common.CommonExecutor.accessTestCaseMainPhase(CommonExecutor.java:65)
	at com.kms.katalon.core.main.TestSuiteExecutor.accessTestSuiteMainPhase(TestSuiteExecutor.java:144)
	at com.kms.katalon.core.main.TestSuiteExecutor.execute(TestSuiteExecutor.java:106)
	at com.kms.katalon.core.main.TestCaseMain.startTestSuite(TestCaseMain.java:185)
	at com.kms.katalon.core.main.TestCaseMain$startTestSuite$0.call(Unknown Source)
	at TempTestSuite1650304259606.run(TempTestSuite1650304259606.groovy:36)
)

2022-04-18 23:33:51 - [MESSAGE][INFO] - Unable to find the element located by 'By.xpath: //div[@id='dcfb004e-7d4f-446f-9b9a-ae565fa3bd86']/div/div/div'. Please recheck the objects properties to make sure the desired element is located. 

2022-04-18 23:33:51 - [MESSAGE][FAILED] - Web element with id: 'Object Repository/Form Verification/Precon Form/Page_/div_Select one' located by '//div[@id='dcfb004e-7d4f-446f-9b9a-ae565fa3bd86']/div/div/div' not found (Root cause: com.kms.katalon.core.exception.StepFailedException: Web element with id: 'Object Repository/Form Verification/Precon Form/Page_/div_Select one' located by '//div[@id='dcfb004e-7d4f-446f-9b9a-ae565fa3bd86']/div/div/div' not found
	at com.kms.katalon.core.webui.keyword.internal.WebUIKeywordMain.stepFailed(WebUIKeywordMain.groovy:64)
	at com.kms.katalon.core.webui.keyword.builtin.VerifyElementClickableKeyword$_verifyElementClickable_closure1.doCall(VerifyElementClickableKeyword.groovy:88)
	at com.kms.katalon.core.webui.keyword.builtin.VerifyElementClickableKeyword$_verifyElementClickable_closure1.call(VerifyElementClickableKeyword.groovy)
	at com.kms.katalon.core.webui.keyword.internal.WebUIKeywordMain.runKeyword(WebUIKeywordMain.groovy:20)
	at com.kms.katalon.core.webui.keyword.builtin.VerifyElementClickableKeyword.verifyElementClickable(VerifyElementClickableKeyword.groovy:96)
	at com.kms.katalon.core.webui.keyword.builtin.VerifyElementClickableKeyword.execute(VerifyElementClickableKeyword.groovy:67)
	at com.kms.katalon.core.keyword.internal.KeywordExecutor.executeKeywordForPlatform(KeywordExecutor.groovy:74)
	at com.kms.katalon.core.webui.keyword.WebUiBuiltInKeywords.verifyElementClickable(WebUiBuiltInKeywords.groovy:566)
	at com.kms.katalon.core.webui.keyword.WebUiBuiltInKeywords$verifyElementClickable$6.call(Unknown Source)
	at Precon - Form Verification.run(Precon - Form Verification:71)
	at com.kms.katalon.core.main.ScriptEngine.run(ScriptEngine.java:194)
	at com.kms.katalon.core.main.ScriptEngine.runScriptAsRawText(ScriptEngine.java:119)
	at com.kms.katalon.core.main.TestCaseExecutor.runScript(TestCaseExecutor.java:445)
	at com.kms.katalon.core.main.TestCaseExecutor.doExecute(TestCaseExecutor.java:436)
	at com.kms.katalon.core.main.TestCaseExecutor.processExecutionPhase(TestCaseExecutor.java:415)
	at com.kms.katalon.core.main.TestCaseExecutor.accessMainPhase(TestCaseExecutor.java:407)
	at com.kms.katalon.core.main.TestCaseExecutor.execute(TestCaseExecutor.java:284)
	at com.kms.katalon.core.common.CommonExecutor.accessTestCaseMainPhase(CommonExecutor.java:65)
	at com.kms.katalon.core.main.TestSuiteExecutor.accessTestSuiteMainPhase(TestSuiteExecutor.java:144)
	at com.kms.katalon.core.main.TestSuiteExecutor.execute(TestSuiteExecutor.java:106)
	at com.kms.katalon.core.main.TestCaseMain.startTestSuite(TestCaseMain.java:185)
	at com.kms.katalon.core.main.TestCaseMain$startTestSuite$0.call(Unknown Source)
	at TempTestSuite1650304259606.run(TempTestSuite1650304259606.groovy:36)
)
[[ATTACHMENT|D:\\SmoketestSuite\\enfamilUS\\Reports\\20220418_232059\\SmokeTestCollection - Venkat\\SmokeTestSuite-Collection - UAT\\20220418_232059\\1650305031448.png]]

2022-04-18 23:33:51 - [TEST_STEP][PASSED] - verifyElementPresent(findTestObject("Object Repository/Form Verification/Precon Form/Page_/p_By clicking Join Now and Enter Sweepstake_0b0cd5"), 0): Object 'Object Repository/Form Verification/Precon Form/Page_/p_By clicking Join Now and Enter Sweepstake_0b0cd5' is present

2022-04-18 23:33:51 - [MESSAGE][WARNING] - Timeout '0' is invalid. Using default page load timeout: '5'

2022-04-18 23:33:52 - [MESSAGE][PASSED] - Object 'Object Repository/Form Verification/Precon Form/Page_/p_By clicking Join Now and Enter Sweepstake_0b0cd5' is present

2022-04-18 23:33:52 - [TEST_STEP][PASSED] - verifyElementText(findTestObject("Object Repository/Form Verification/Precon Form/Page_/p_By clicking Join Now and Enter Sweepstake_0b0cd5"), "By clicking â€œJoin Now and Enter Sweepstakes,â€� I agree to join Enfamil Family Beginnings and receive free samples, offers and other communications from Enfamil and Mead Johnson Nutritionâ€™s affiliated companies I understand and agree to the  Terms of Use , Privacy Policy and Sweepstakes Official Rules."): Actual text and expected text of test object 'Object Repository/Form Verification/Precon Form/Page_/p_By clicking Join Now and Enter Sweepstake_0b0cd5' are matched.

2022-04-18 23:33:52 - [MESSAGE][PASSED] - Actual text and expected text of test object 'Object Repository/Form Verification/Precon Form/Page_/p_By clicking Join Now and Enter Sweepstake_0b0cd5' are matched.

2022-04-18 23:33:52 - [TEST_STEP][PASSED] - verifyElementPresent(findTestObject("Object Repository/Form Verification/Precon Form/Page_/a_Terms of Use"), 0): Object 'Object Repository/Form Verification/Precon Form/Page_/a_Terms of Use' is present

2022-04-18 23:33:52 - [MESSAGE][WARNING] - Timeout '0' is invalid. Using default page load timeout: '5'

2022-04-18 23:33:52 - [MESSAGE][PASSED] - Object 'Object Repository/Form Verification/Precon Form/Page_/a_Terms of Use' is present

2022-04-18 23:33:52 - [TEST_STEP][PASSED] - verifyElementText(findTestObject("Object Repository/Form Verification/Precon Form/Page_/a_Terms of Use"), "Terms of Use"): Actual text and expected text of test object 'Object Repository/Form Verification/Precon Form/Page_/a_Terms of Use' are matched.

2022-04-18 23:33:53 - [MESSAGE][PASSED] - Actual text and expected text of test object 'Object Repository/Form Verification/Precon Form/Page_/a_Terms of Use' are matched.

2022-04-18 23:33:53 - [TEST_STEP][PASSED] - verifyElementClickable(findTestObject("Object Repository/Form Verification/Precon Form/Page_/a_Terms of Use")): Object 'Object Repository/Form Verification/Precon Form/Page_/a_Terms of Use' is clickable

2022-04-18 23:33:53 - [MESSAGE][PASSED] - Object 'Object Repository/Form Verification/Precon Form/Page_/a_Terms of Use' is clickable

2022-04-18 23:33:53 - [TEST_STEP][PASSED] - verifyElementPresent(findTestObject("Object Repository/Form Verification/Precon Form/Page_/a_Privacy Policy"), 0): Object 'Object Repository/Form Verification/Precon Form/Page_/a_Privacy Policy' is present

2022-04-18 23:33:53 - [MESSAGE][WARNING] - Timeout '0' is invalid. Using default page load timeout: '5'

2022-04-18 23:33:54 - [MESSAGE][PASSED] - Object 'Object Repository/Form Verification/Precon Form/Page_/a_Privacy Policy' is present

2022-04-18 23:33:54 - [TEST_STEP][PASSED] - verifyElementText(findTestObject("Object Repository/Form Verification/Precon Form/Page_/a_Privacy Policy"), "Privacy Policy"): Actual text and expected text of test object 'Object Repository/Form Verification/Precon Form/Page_/a_Privacy Policy' are matched.

2022-04-18 23:33:54 - [MESSAGE][PASSED] - Actual text and expected text of test object 'Object Repository/Form Verification/Precon Form/Page_/a_Privacy Policy' are matched.

2022-04-18 23:33:54 - [TEST_STEP][PASSED] - verifyElementClickable(findTestObject("Object Repository/Form Verification/Precon Form/Page_/a_Privacy Policy")): Object 'Object Repository/Form Verification/Precon Form/Page_/a_Privacy Policy' is clickable

2022-04-18 23:33:55 - [MESSAGE][PASSED] - Object 'Object Repository/Form Verification/Precon Form/Page_/a_Privacy Policy' is clickable

2022-04-18 23:33:55 - [TEST_STEP][PASSED] - verifyElementPresent(findTestObject("Object Repository/Form Verification/Precon Form/Page_/a_Sweepstakes Official Rules"), 0): Object 'Object Repository/Form Verification/Precon Form/Page_/a_Sweepstakes Official Rules' is present

2022-04-18 23:33:55 - [MESSAGE][WARNING] - Timeout '0' is invalid. Using default page load timeout: '5'

2022-04-18 23:33:55 - [MESSAGE][PASSED] - Object 'Object Repository/Form Verification/Precon Form/Page_/a_Sweepstakes Official Rules' is present

2022-04-18 23:33:55 - [TEST_STEP][FAILED] - verifyElementText(findTestObject("Object Repository/Form Verification/Precon Form/Page_/a_Sweepstakes Official Rules"), "Sweepstakes Official Rules."): Actual text 'Sweepstakes Official Rules' and expected text 'Sweepstakes Official Rules.' of test object 'Object Repository/Form Verification/Precon Form/Page_/a_Sweepstakes Official Rules' are NOT matched. (Root cause: com.kms.katalon.core.exception.StepFailedException: Actual text 'Sweepstakes Official Rules' and expected text 'Sweepstakes Official Rules.' of test object 'Object Repository/Form Verification/Precon Form/Page_/a_Sweepstakes Official Rules' are NOT matched.
	at com.kms.katalon.core.webui.keyword.internal.WebUIKeywordMain.stepFailed(WebUIKeywordMain.groovy:64)
	at com.kms.katalon.core.webui.keyword.builtin.VerifyElementTextKeyword$_verifyElementText_closure1.doCall(VerifyElementTextKeyword.groovy:57)
	at com.kms.katalon.core.webui.keyword.builtin.VerifyElementTextKeyword$_verifyElementText_closure1.call(VerifyElementTextKeyword.groovy)
	at com.kms.katalon.core.webui.keyword.internal.WebUIKeywordMain.runKeyword(WebUIKeywordMain.groovy:20)
	at com.kms.katalon.core.webui.keyword.builtin.VerifyElementTextKeyword.verifyElementText(VerifyElementTextKeyword.groovy:72)
	at com.kms.katalon.core.webui.keyword.builtin.VerifyElementTextKeyword.execute(VerifyElementTextKeyword.groovy:40)
	at com.kms.katalon.core.keyword.internal.KeywordExecutor.executeKeywordForPlatform(KeywordExecutor.groovy:74)
	at com.kms.katalon.core.webui.keyword.WebUiBuiltInKeywords.verifyElementText(WebUiBuiltInKeywords.groovy:4749)
	at com.kms.katalon.core.webui.keyword.WebUiBuiltInKeywords$verifyElementText$5.call(Unknown Source)
	at Precon - Form Verification.run(Precon - Form Verification:94)
	at com.kms.katalon.core.main.ScriptEngine.run(ScriptEngine.java:194)
	at com.kms.katalon.core.main.ScriptEngine.runScriptAsRawText(ScriptEngine.java:119)
	at com.kms.katalon.core.main.TestCaseExecutor.runScript(TestCaseExecutor.java:445)
	at com.kms.katalon.core.main.TestCaseExecutor.doExecute(TestCaseExecutor.java:436)
	at com.kms.katalon.core.main.TestCaseExecutor.processExecutionPhase(TestCaseExecutor.java:415)
	at com.kms.katalon.core.main.TestCaseExecutor.accessMainPhase(TestCaseExecutor.java:407)
	at com.kms.katalon.core.main.TestCaseExecutor.execute(TestCaseExecutor.java:284)
	at com.kms.katalon.core.common.CommonExecutor.accessTestCaseMainPhase(CommonExecutor.java:65)
	at com.kms.katalon.core.main.TestSuiteExecutor.accessTestSuiteMainPhase(TestSuiteExecutor.java:144)
	at com.kms.katalon.core.main.TestSuiteExecutor.execute(TestSuiteExecutor.java:106)
	at com.kms.katalon.core.main.TestCaseMain.startTestSuite(TestCaseMain.java:185)
	at com.kms.katalon.core.main.TestCaseMain$startTestSuite$0.call(Unknown Source)
	at TempTestSuite1650304259606.run(TempTestSuite1650304259606.groovy:36)
)

2022-04-18 23:33:56 - [MESSAGE][FAILED] - Actual text 'Sweepstakes Official Rules' and expected text 'Sweepstakes Official Rules.' of test object 'Object Repository/Form Verification/Precon Form/Page_/a_Sweepstakes Official Rules' are NOT matched. (Root cause: com.kms.katalon.core.exception.StepFailedException: Actual text 'Sweepstakes Official Rules' and expected text 'Sweepstakes Official Rules.' of test object 'Object Repository/Form Verification/Precon Form/Page_/a_Sweepstakes Official Rules' are NOT matched.
	at com.kms.katalon.core.webui.keyword.internal.WebUIKeywordMain.stepFailed(WebUIKeywordMain.groovy:64)
	at com.kms.katalon.core.webui.keyword.builtin.VerifyElementTextKeyword$_verifyElementText_closure1.doCall(VerifyElementTextKeyword.groovy:57)
	at com.kms.katalon.core.webui.keyword.builtin.VerifyElementTextKeyword$_verifyElementText_closure1.call(VerifyElementTextKeyword.groovy)
	at com.kms.katalon.core.webui.keyword.internal.WebUIKeywordMain.runKeyword(WebUIKeywordMain.groovy:20)
	at com.kms.katalon.core.webui.keyword.builtin.VerifyElementTextKeyword.verifyElementText(VerifyElementTextKeyword.groovy:72)
	at com.kms.katalon.core.webui.keyword.builtin.VerifyElementTextKeyword.execute(VerifyElementTextKeyword.groovy:40)
	at com.kms.katalon.core.keyword.internal.KeywordExecutor.executeKeywordForPlatform(KeywordExecutor.groovy:74)
	at com.kms.katalon.core.webui.keyword.WebUiBuiltInKeywords.verifyElementText(WebUiBuiltInKeywords.groovy:4749)
	at com.kms.katalon.core.webui.keyword.WebUiBuiltInKeywords$verifyElementText$5.call(Unknown Source)
	at Precon - Form Verification.run(Precon - Form Verification:94)
	at com.kms.katalon.core.main.ScriptEngine.run(ScriptEngine.java:194)
	at com.kms.katalon.core.main.ScriptEngine.runScriptAsRawText(ScriptEngine.java:119)
	at com.kms.katalon.core.main.TestCaseExecutor.runScript(TestCaseExecutor.java:445)
	at com.kms.katalon.core.main.TestCaseExecutor.doExecute(TestCaseExecutor.java:436)
	at com.kms.katalon.core.main.TestCaseExecutor.processExecutionPhase(TestCaseExecutor.java:415)
	at com.kms.katalon.core.main.TestCaseExecutor.accessMainPhase(TestCaseExecutor.java:407)
	at com.kms.katalon.core.main.TestCaseExecutor.execute(TestCaseExecutor.java:284)
	at com.kms.katalon.core.common.CommonExecutor.accessTestCaseMainPhase(CommonExecutor.java:65)
	at com.kms.katalon.core.main.TestSuiteExecutor.accessTestSuiteMainPhase(TestSuiteExecutor.java:144)
	at com.kms.katalon.core.main.TestSuiteExecutor.execute(TestSuiteExecutor.java:106)
	at com.kms.katalon.core.main.TestCaseMain.startTestSuite(TestCaseMain.java:185)
	at com.kms.katalon.core.main.TestCaseMain$startTestSuite$0.call(Unknown Source)
	at TempTestSuite1650304259606.run(TempTestSuite1650304259606.groovy:36)
)
[[ATTACHMENT|D:\\SmoketestSuite\\enfamilUS\\Reports\\20220418_232059\\SmokeTestCollection - Venkat\\SmokeTestSuite-Collection - UAT\\20220418_232059\\1650305036003.png]]

2022-04-18 23:33:56 - [TEST_STEP][PASSED] - verifyElementClickable(findTestObject("Object Repository/Form Verification/Precon Form/Page_/a_Sweepstakes Official Rules")): Object 'Object Repository/Form Verification/Precon Form/Page_/a_Sweepstakes Official Rules' is clickable

2022-04-18 23:33:56 - [MESSAGE][PASSED] - Object 'Object Repository/Form Verification/Precon Form/Page_/a_Sweepstakes Official Rules' is clickable

2022-04-18 23:33:56 - [TEST_STEP][PASSED] - verifyElementPresent(findTestObject("Object Repository/Form Verification/Precon Form/Page_/button_Join now"), 0): Object 'Object Repository/Form Verification/Precon Form/Page_/button_Join now' is present

2022-04-18 23:33:56 - [MESSAGE][WARNING] - Timeout '0' is invalid. Using default page load timeout: '5'

2022-04-18 23:33:56 - [MESSAGE][PASSED] - Object 'Object Repository/Form Verification/Precon Form/Page_/button_Join now' is present

2022-04-18 23:33:56 - [TEST_STEP][PASSED] - verifyElementText(findTestObject("Object Repository/Form Verification/Precon Form/Page_/button_Join now"), "Join now"): Actual text and expected text of test object 'Object Repository/Form Verification/Precon Form/Page_/button_Join now' are matched.

2022-04-18 23:33:57 - [MESSAGE][PASSED] - Actual text and expected text of test object 'Object Repository/Form Verification/Precon Form/Page_/button_Join now' are matched.

2022-04-18 23:33:57 - [TEST_STEP][PASSED] - verifyElementClickable(findTestObject("Object Repository/Form Verification/Precon Form/Page_/button_Join now")): Object 'Object Repository/Form Verification/Precon Form/Page_/button_Join now' is clickable

2022-04-18 23:33:57 - [MESSAGE][PASSED] - Object 'Object Repository/Form Verification/Precon Form/Page_/button_Join now' is clickable

2022-04-18 23:33:57 - [TEST_STEP][PASSED] - verifyElementPresent(findTestObject("Object Repository/Form Verification/Precon Form/Page_/div_BENEFITS"), 0): Object 'Object Repository/Form Verification/Precon Form/Page_/div_BENEFITS' is present

2022-04-18 23:33:58 - [MESSAGE][WARNING] - Timeout '0' is invalid. Using default page load timeout: '5'

2022-04-18 23:33:58 - [MESSAGE][PASSED] - Object 'Object Repository/Form Verification/Precon Form/Page_/div_BENEFITS' is present

2022-04-18 23:33:58 - [TEST_STEP][PASSED] - verifyElementVisible(findTestObject("Object Repository/Form Verification/Precon Form/Page_/div_BENEFITS")): Object 'Object Repository/Form Verification/Precon Form/Page_/div_BENEFITS' is visible

2022-04-18 23:33:58 - [MESSAGE][PASSED] - Object 'Object Repository/Form Verification/Precon Form/Page_/div_BENEFITS' is visible

2022-04-18 23:33:58 - [TEST_STEP][PASSED] - verifyElementText(findTestObject("Object Repository/Form Verification/Precon Form/Page_/div_BENEFITS"), "BENEFITS"): Actual text and expected text of test object 'Object Repository/Form Verification/Precon Form/Page_/div_BENEFITS' are matched.

2022-04-18 23:33:59 - [MESSAGE][PASSED] - Actual text and expected text of test object 'Object Repository/Form Verification/Precon Form/Page_/div_BENEFITS' are matched.

2022-04-18 23:33:59 - [TEST_STEP][PASSED] - verifyElementPresent(findTestObject("Object Repository/Form Verification/Precon Form/Page_/h3_8 reasons to join Enfamil Family Beginnings"), 0): Object 'Object Repository/Form Verification/Precon Form/Page_/h3_8 reasons to join Enfamil Family Beginnings' is present

2022-04-18 23:33:59 - [MESSAGE][WARNING] - Timeout '0' is invalid. Using default page load timeout: '5'

2022-04-18 23:33:59 - [MESSAGE][PASSED] - Object 'Object Repository/Form Verification/Precon Form/Page_/h3_8 reasons to join Enfamil Family Beginnings' is present

2022-04-18 23:33:59 - [TEST_STEP][PASSED] - verifyElementText(findTestObject("Object Repository/Form Verification/Precon Form/Page_/h3_8 reasons to join Enfamil Family Beginnings"), "8 reasons to join Enfamil Family Beginnings."): Actual text and expected text of test object 'Object Repository/Form Verification/Precon Form/Page_/h3_8 reasons to join Enfamil Family Beginnings' are matched.

2022-04-18 23:34:00 - [MESSAGE][PASSED] - Actual text and expected text of test object 'Object Repository/Form Verification/Precon Form/Page_/h3_8 reasons to join Enfamil Family Beginnings' are matched.

2022-04-18 23:34:00 - [TEST_STEP][PASSED] - verifyElementPresent(findTestObject("Object Repository/Form Verification/Precon Form/Page_/div_Benefits may vary1"), 0): Object 'Object Repository/Form Verification/Precon Form/Page_/div_Benefits may vary1' is present

2022-04-18 23:34:00 - [MESSAGE][WARNING] - Timeout '0' is invalid. Using default page load timeout: '5'

2022-04-18 23:34:00 - [MESSAGE][PASSED] - Object 'Object Repository/Form Verification/Precon Form/Page_/div_Benefits may vary1' is present

2022-04-18 23:34:00 - [TEST_STEP][PASSED] - verifyElementText(findTestObject("Object Repository/Form Verification/Precon Form/Page_/div_Benefits may vary1"), "Benefits may vary1"): Actual text and expected text of test object 'Object Repository/Form Verification/Precon Form/Page_/div_Benefits may vary1' are matched.

2022-04-18 23:34:00 - [MESSAGE][PASSED] - Actual text and expected text of test object 'Object Repository/Form Verification/Precon Form/Page_/div_Benefits may vary1' are matched.

2022-04-18 23:34:00 - [TEST_STEP][FAILED] - verifyElementPresent(findTestObject("Object Repository/Form Verification/Precon Form/Page_/h4_1. Belly Badges"), 0): com.kms.katalon.core.webui.exception.WebElementNotFoundException: Web element with id: 'Object Repository/Form Verification/Precon Form/Page_/h4_1. Belly Badges' located by '//div[@id='__next']/div/div/main/article/section[2]/div/div[3]/div/div[2]/div/div[2]/div/h4' not found (Root cause: com.kms.katalon.core.exception.StepFailedException: com.kms.katalon.core.webui.exception.WebElementNotFoundException: Web element with id: 'Object Repository/Form Verification/Precon Form/Page_/h4_1. Belly Badges' located by '//div[@id='__next']/div/div/main/article/section[2]/div/div[3]/div/div[2]/div/div[2]/div/h4' not found
	at com.kms.katalon.core.webui.keyword.internal.WebUIKeywordMain.stepFailed(WebUIKeywordMain.groovy:64)
	at com.kms.katalon.core.webui.keyword.builtin.VerifyElementPresentKeyword$_verifyElementPresent_closure1.doCall(VerifyElementPresentKeyword.groovy:85)
	at com.kms.katalon.core.webui.keyword.builtin.VerifyElementPresentKeyword$_verifyElementPresent_closure1.call(VerifyElementPresentKeyword.groovy)
	at com.kms.katalon.core.webui.keyword.internal.WebUIKeywordMain.runKeyword(WebUIKeywordMain.groovy:20)
	at com.kms.katalon.core.webui.keyword.builtin.VerifyElementPresentKeyword.verifyElementPresent(VerifyElementPresentKeyword.groovy:92)
	at com.kms.katalon.core.webui.keyword.builtin.VerifyElementPresentKeyword.execute(VerifyElementPresentKeyword.groovy:68)
	at com.kms.katalon.core.keyword.internal.KeywordExecutor.executeKeywordForPlatform(KeywordExecutor.groovy:74)
	at com.kms.katalon.core.webui.keyword.WebUiBuiltInKeywords.verifyElementPresent(WebUiBuiltInKeywords.groovy:1464)
	at com.kms.katalon.core.webui.keyword.WebUiBuiltInKeywords$verifyElementPresent$4.call(Unknown Source)
	at Precon - Form Verification.run(Precon - Form Verification:123)
	at com.kms.katalon.core.main.ScriptEngine.run(ScriptEngine.java:194)
	at com.kms.katalon.core.main.ScriptEngine.runScriptAsRawText(ScriptEngine.java:119)
	at com.kms.katalon.core.main.TestCaseExecutor.runScript(TestCaseExecutor.java:445)
	at com.kms.katalon.core.main.TestCaseExecutor.doExecute(TestCaseExecutor.java:436)
	at com.kms.katalon.core.main.TestCaseExecutor.processExecutionPhase(TestCaseExecutor.java:415)
	at com.kms.katalon.core.main.TestCaseExecutor.accessMainPhase(TestCaseExecutor.java:407)
	at com.kms.katalon.core.main.TestCaseExecutor.execute(TestCaseExecutor.java:284)
	at com.kms.katalon.core.common.CommonExecutor.accessTestCaseMainPhase(CommonExecutor.java:65)
	at com.kms.katalon.core.main.TestSuiteExecutor.accessTestSuiteMainPhase(TestSuiteExecutor.java:144)
	at com.kms.katalon.core.main.TestSuiteExecutor.execute(TestSuiteExecutor.java:106)
	at com.kms.katalon.core.main.TestCaseMain.startTestSuite(TestCaseMain.java:185)
	at com.kms.katalon.core.main.TestCaseMain$startTestSuite$0.call(Unknown Source)
	at TempTestSuite1650304259606.run(TempTestSuite1650304259606.groovy:36)
)

2022-04-18 23:34:01 - [MESSAGE][WARNING] - Timeout '0' is invalid. Using default page load timeout: '5'

2022-04-18 23:34:07 - [MESSAGE][INFO] - Unable to find the element located by 'By.xpath: //div[@id='__next']/div/div/main/article/section[2]/div/div[3]/div/div[2]/div/div[2]/div/h4'. Please recheck the objects properties to make sure the desired element is located. 

2022-04-18 23:34:07 - [MESSAGE][FAILED] - com.kms.katalon.core.webui.exception.WebElementNotFoundException: Web element with id: 'Object Repository/Form Verification/Precon Form/Page_/h4_1. Belly Badges' located by '//div[@id='__next']/div/div/main/article/section[2]/div/div[3]/div/div[2]/div/div[2]/div/h4' not found (Root cause: com.kms.katalon.core.exception.StepFailedException: com.kms.katalon.core.webui.exception.WebElementNotFoundException: Web element with id: 'Object Repository/Form Verification/Precon Form/Page_/h4_1. Belly Badges' located by '//div[@id='__next']/div/div/main/article/section[2]/div/div[3]/div/div[2]/div/div[2]/div/h4' not found
	at com.kms.katalon.core.webui.keyword.internal.WebUIKeywordMain.stepFailed(WebUIKeywordMain.groovy:64)
	at com.kms.katalon.core.webui.keyword.builtin.VerifyElementPresentKeyword$_verifyElementPresent_closure1.doCall(VerifyElementPresentKeyword.groovy:85)
	at com.kms.katalon.core.webui.keyword.builtin.VerifyElementPresentKeyword$_verifyElementPresent_closure1.call(VerifyElementPresentKeyword.groovy)
	at com.kms.katalon.core.webui.keyword.internal.WebUIKeywordMain.runKeyword(WebUIKeywordMain.groovy:20)
	at com.kms.katalon.core.webui.keyword.builtin.VerifyElementPresentKeyword.verifyElementPresent(VerifyElementPresentKeyword.groovy:92)
	at com.kms.katalon.core.webui.keyword.builtin.VerifyElementPresentKeyword.execute(VerifyElementPresentKeyword.groovy:68)
	at com.kms.katalon.core.keyword.internal.KeywordExecutor.executeKeywordForPlatform(KeywordExecutor.groovy:74)
	at com.kms.katalon.core.webui.keyword.WebUiBuiltInKeywords.verifyElementPresent(WebUiBuiltInKeywords.groovy:1464)
	at com.kms.katalon.core.webui.keyword.WebUiBuiltInKeywords$verifyElementPresent$4.call(Unknown Source)
	at Precon - Form Verification.run(Precon - Form Verification:123)
	at com.kms.katalon.core.main.ScriptEngine.run(ScriptEngine.java:194)
	at com.kms.katalon.core.main.ScriptEngine.runScriptAsRawText(ScriptEngine.java:119)
	at com.kms.katalon.core.main.TestCaseExecutor.runScript(TestCaseExecutor.java:445)
	at com.kms.katalon.core.main.TestCaseExecutor.doExecute(TestCaseExecutor.java:436)
	at com.kms.katalon.core.main.TestCaseExecutor.processExecutionPhase(TestCaseExecutor.java:415)
	at com.kms.katalon.core.main.TestCaseExecutor.accessMainPhase(TestCaseExecutor.java:407)
	at com.kms.katalon.core.main.TestCaseExecutor.execute(TestCaseExecutor.java:284)
	at com.kms.katalon.core.common.CommonExecutor.accessTestCaseMainPhase(CommonExecutor.java:65)
	at com.kms.katalon.core.main.TestSuiteExecutor.accessTestSuiteMainPhase(TestSuiteExecutor.java:144)
	at com.kms.katalon.core.main.TestSuiteExecutor.execute(TestSuiteExecutor.java:106)
	at com.kms.katalon.core.main.TestCaseMain.startTestSuite(TestCaseMain.java:185)
	at com.kms.katalon.core.main.TestCaseMain$startTestSuite$0.call(Unknown Source)
	at TempTestSuite1650304259606.run(TempTestSuite1650304259606.groovy:36)
)
[[ATTACHMENT|D:\\SmoketestSuite\\enfamilUS\\Reports\\20220418_232059\\SmokeTestCollection - Venkat\\SmokeTestSuite-Collection - UAT\\20220418_232059\\1650305047330.png]]

2022-04-18 23:34:07 - [TEST_STEP][FAILED] - verifyElementText(findTestObject("Object Repository/Form Verification/Precon Form/Page_/h4_1. Belly Badges"), "1. Belly Badgesâ„¢"): com.kms.katalon.core.webui.exception.WebElementNotFoundException: Web element with id: 'Object Repository/Form Verification/Precon Form/Page_/h4_1. Belly Badges' located by '//div[@id='__next']/div/div/main/article/section[2]/div/div[3]/div/div[2]/div/div[2]/div/h4' not found (Root cause: com.kms.katalon.core.exception.StepFailedException: com.kms.katalon.core.webui.exception.WebElementNotFoundException: Web element with id: 'Object Repository/Form Verification/Precon Form/Page_/h4_1. Belly Badges' located by '//div[@id='__next']/div/div/main/article/section[2]/div/div[3]/div/div[2]/div/div[2]/div/h4' not found
	at com.kms.katalon.core.webui.keyword.internal.WebUIKeywordMain.stepFailed(WebUIKeywordMain.groovy:64)
	at com.kms.katalon.core.webui.keyword.builtin.VerifyElementTextKeyword$_verifyElementText_closure1.doCall(VerifyElementTextKeyword.groovy:64)
	at com.kms.katalon.core.webui.keyword.builtin.VerifyElementTextKeyword$_verifyElementText_closure1.call(VerifyElementTextKeyword.groovy)
	at com.kms.katalon.core.webui.keyword.internal.WebUIKeywordMain.runKeyword(WebUIKeywordMain.groovy:20)
	at com.kms.katalon.core.webui.keyword.builtin.VerifyElementTextKeyword.verifyElementText(VerifyElementTextKeyword.groovy:72)
	at com.kms.katalon.core.webui.keyword.builtin.VerifyElementTextKeyword.execute(VerifyElementTextKeyword.groovy:40)
	at com.kms.katalon.core.keyword.internal.KeywordExecutor.executeKeywordForPlatform(KeywordExecutor.groovy:74)
	at com.kms.katalon.core.webui.keyword.WebUiBuiltInKeywords.verifyElementText(WebUiBuiltInKeywords.groovy:4749)
	at com.kms.katalon.core.webui.keyword.WebUiBuiltInKeywords$verifyElementText$5.call(Unknown Source)
	at Precon - Form Verification.run(Precon - Form Verification:125)
	at com.kms.katalon.core.main.ScriptEngine.run(ScriptEngine.java:194)
	at com.kms.katalon.core.main.ScriptEngine.runScriptAsRawText(ScriptEngine.java:119)
	at com.kms.katalon.core.main.TestCaseExecutor.runScript(TestCaseExecutor.java:445)
	at com.kms.katalon.core.main.TestCaseExecutor.doExecute(TestCaseExecutor.java:436)
	at com.kms.katalon.core.main.TestCaseExecutor.processExecutionPhase(TestCaseExecutor.java:415)
	at com.kms.katalon.core.main.TestCaseExecutor.accessMainPhase(TestCaseExecutor.java:407)
	at com.kms.katalon.core.main.TestCaseExecutor.execute(TestCaseExecutor.java:284)
	at com.kms.katalon.core.common.CommonExecutor.accessTestCaseMainPhase(CommonExecutor.java:65)
	at com.kms.katalon.core.main.TestSuiteExecutor.accessTestSuiteMainPhase(TestSuiteExecutor.java:144)
	at com.kms.katalon.core.main.TestSuiteExecutor.execute(TestSuiteExecutor.java:106)
	at com.kms.katalon.core.main.TestCaseMain.startTestSuite(TestCaseMain.java:185)
	at com.kms.katalon.core.main.TestCaseMain$startTestSuite$0.call(Unknown Source)
	at TempTestSuite1650304259606.run(TempTestSuite1650304259606.groovy:36)
)

2022-04-18 23:34:13 - [MESSAGE][INFO] - Unable to find the element located by 'By.xpath: //div[@id='__next']/div/div/main/article/section[2]/div/div[3]/div/div[2]/div/div[2]/div/h4'. Please recheck the objects properties to make sure the desired element is located. 

2022-04-18 23:34:14 - [MESSAGE][FAILED] - com.kms.katalon.core.webui.exception.WebElementNotFoundException: Web element with id: 'Object Repository/Form Verification/Precon Form/Page_/h4_1. Belly Badges' located by '//div[@id='__next']/div/div/main/article/section[2]/div/div[3]/div/div[2]/div/div[2]/div/h4' not found (Root cause: com.kms.katalon.core.exception.StepFailedException: com.kms.katalon.core.webui.exception.WebElementNotFoundException: Web element with id: 'Object Repository/Form Verification/Precon Form/Page_/h4_1. Belly Badges' located by '//div[@id='__next']/div/div/main/article/section[2]/div/div[3]/div/div[2]/div/div[2]/div/h4' not found
	at com.kms.katalon.core.webui.keyword.internal.WebUIKeywordMain.stepFailed(WebUIKeywordMain.groovy:64)
	at com.kms.katalon.core.webui.keyword.builtin.VerifyElementTextKeyword$_verifyElementText_closure1.doCall(VerifyElementTextKeyword.groovy:64)
	at com.kms.katalon.core.webui.keyword.builtin.VerifyElementTextKeyword$_verifyElementText_closure1.call(VerifyElementTextKeyword.groovy)
	at com.kms.katalon.core.webui.keyword.internal.WebUIKeywordMain.runKeyword(WebUIKeywordMain.groovy:20)
	at com.kms.katalon.core.webui.keyword.builtin.VerifyElementTextKeyword.verifyElementText(VerifyElementTextKeyword.groovy:72)
	at com.kms.katalon.core.webui.keyword.builtin.VerifyElementTextKeyword.execute(VerifyElementTextKeyword.groovy:40)
	at com.kms.katalon.core.keyword.internal.KeywordExecutor.executeKeywordForPlatform(KeywordExecutor.groovy:74)
	at com.kms.katalon.core.webui.keyword.WebUiBuiltInKeywords.verifyElementText(WebUiBuiltInKeywords.groovy:4749)
	at com.kms.katalon.core.webui.keyword.WebUiBuiltInKeywords$verifyElementText$5.call(Unknown Source)
	at Precon - Form Verification.run(Precon - Form Verification:125)
	at com.kms.katalon.core.main.ScriptEngine.run(ScriptEngine.java:194)
	at com.kms.katalon.core.main.ScriptEngine.runScriptAsRawText(ScriptEngine.java:119)
	at com.kms.katalon.core.main.TestCaseExecutor.runScript(TestCaseExecutor.java:445)
	at com.kms.katalon.core.main.TestCaseExecutor.doExecute(TestCaseExecutor.java:436)
	at com.kms.katalon.core.main.TestCaseExecutor.processExecutionPhase(TestCaseExecutor.java:415)
	at com.kms.katalon.core.main.TestCaseExecutor.accessMainPhase(TestCaseExecutor.java:407)
	at com.kms.katalon.core.main.TestCaseExecutor.execute(TestCaseExecutor.java:284)
	at com.kms.katalon.core.common.CommonExecutor.accessTestCaseMainPhase(CommonExecutor.java:65)
	at com.kms.katalon.core.main.TestSuiteExecutor.accessTestSuiteMainPhase(TestSuiteExecutor.java:144)
	at com.kms.katalon.core.main.TestSuiteExecutor.execute(TestSuiteExecutor.java:106)
	at com.kms.katalon.core.main.TestCaseMain.startTestSuite(TestCaseMain.java:185)
	at com.kms.katalon.core.main.TestCaseMain$startTestSuite$0.call(Unknown Source)
	at TempTestSuite1650304259606.run(TempTestSuite1650304259606.groovy:36)
)
[[ATTACHMENT|D:\\SmoketestSuite\\enfamilUS\\Reports\\20220418_232059\\SmokeTestCollection - Venkat\\SmokeTestSuite-Collection - UAT\\20220418_232059\\1650305053871.png]]

2022-04-18 23:34:14 - [TEST_STEP][FAILED] - verifyElementPresent(findTestObject("Object Repository/Form Verification/Precon Form/Page_/div_1. Belly BadgesGet a set of Belly Badge_0e7fce"), 0): com.kms.katalon.core.webui.exception.WebElementNotFoundException: Web element with id: 'Object Repository/Form Verification/Precon Form/Page_/div_1. Belly BadgesGet a set of Belly Badge_0e7fce' located by '//div[@id='__next']/div/div/main/article/section[2]/div/div[3]/div/div[2]/div' not found (Root cause: com.kms.katalon.core.exception.StepFailedException: com.kms.katalon.core.webui.exception.WebElementNotFoundException: Web element with id: 'Object Repository/Form Verification/Precon Form/Page_/div_1. Belly BadgesGet a set of Belly Badge_0e7fce' located by '//div[@id='__next']/div/div/main/article/section[2]/div/div[3]/div/div[2]/div' not found
	at com.kms.katalon.core.webui.keyword.internal.WebUIKeywordMain.stepFailed(WebUIKeywordMain.groovy:64)
	at com.kms.katalon.core.webui.keyword.builtin.VerifyElementPresentKeyword$_verifyElementPresent_closure1.doCall(VerifyElementPresentKeyword.groovy:85)
	at com.kms.katalon.core.webui.keyword.builtin.VerifyElementPresentKeyword$_verifyElementPresent_closure1.call(VerifyElementPresentKeyword.groovy)
	at com.kms.katalon.core.webui.keyword.internal.WebUIKeywordMain.runKeyword(WebUIKeywordMain.groovy:20)
	at com.kms.katalon.core.webui.keyword.builtin.VerifyElementPresentKeyword.verifyElementPresent(VerifyElementPresentKeyword.groovy:92)
	at com.kms.katalon.core.webui.keyword.builtin.VerifyElementPresentKeyword.execute(VerifyElementPresentKeyword.groovy:68)
	at com.kms.katalon.core.keyword.internal.KeywordExecutor.executeKeywordForPlatform(KeywordExecutor.groovy:74)
	at com.kms.katalon.core.webui.keyword.WebUiBuiltInKeywords.verifyElementPresent(WebUiBuiltInKeywords.groovy:1464)
	at com.kms.katalon.core.webui.keyword.WebUiBuiltInKeywords$verifyElementPresent$4.call(Unknown Source)
	at Precon - Form Verification.run(Precon - Form Verification:127)
	at com.kms.katalon.core.main.ScriptEngine.run(ScriptEngine.java:194)
	at com.kms.katalon.core.main.ScriptEngine.runScriptAsRawText(ScriptEngine.java:119)
	at com.kms.katalon.core.main.TestCaseExecutor.runScript(TestCaseExecutor.java:445)
	at com.kms.katalon.core.main.TestCaseExecutor.doExecute(TestCaseExecutor.java:436)
	at com.kms.katalon.core.main.TestCaseExecutor.processExecutionPhase(TestCaseExecutor.java:415)
	at com.kms.katalon.core.main.TestCaseExecutor.accessMainPhase(TestCaseExecutor.java:407)
	at com.kms.katalon.core.main.TestCaseExecutor.execute(TestCaseExecutor.java:284)
	at com.kms.katalon.core.common.CommonExecutor.accessTestCaseMainPhase(CommonExecutor.java:65)
	at com.kms.katalon.core.main.TestSuiteExecutor.accessTestSuiteMainPhase(TestSuiteExecutor.java:144)
	at com.kms.katalon.core.main.TestSuiteExecutor.execute(TestSuiteExecutor.java:106)
	at com.kms.katalon.core.main.TestCaseMain.startTestSuite(TestCaseMain.java:185)
	at com.kms.katalon.core.main.TestCaseMain$startTestSuite$0.call(Unknown Source)
	at TempTestSuite1650304259606.run(TempTestSuite1650304259606.groovy:36)
)

2022-04-18 23:34:14 - [MESSAGE][WARNING] - Timeout '0' is invalid. Using default page load timeout: '5'

2022-04-18 23:34:20 - [MESSAGE][INFO] - Unable to find the element located by 'By.xpath: //div[@id='__next']/div/div/main/article/section[2]/div/div[3]/div/div[2]/div'. Please recheck the objects properties to make sure the desired element is located. 

2022-04-18 23:34:20 - [MESSAGE][FAILED] - com.kms.katalon.core.webui.exception.WebElementNotFoundException: Web element with id: 'Object Repository/Form Verification/Precon Form/Page_/div_1. Belly BadgesGet a set of Belly Badge_0e7fce' located by '//div[@id='__next']/div/div/main/article/section[2]/div/div[3]/div/div[2]/div' not found (Root cause: com.kms.katalon.core.exception.StepFailedException: com.kms.katalon.core.webui.exception.WebElementNotFoundException: Web element with id: 'Object Repository/Form Verification/Precon Form/Page_/div_1. Belly BadgesGet a set of Belly Badge_0e7fce' located by '//div[@id='__next']/div/div/main/article/section[2]/div/div[3]/div/div[2]/div' not found
	at com.kms.katalon.core.webui.keyword.internal.WebUIKeywordMain.stepFailed(WebUIKeywordMain.groovy:64)
	at com.kms.katalon.core.webui.keyword.builtin.VerifyElementPresentKeyword$_verifyElementPresent_closure1.doCall(VerifyElementPresentKeyword.groovy:85)
	at com.kms.katalon.core.webui.keyword.builtin.VerifyElementPresentKeyword$_verifyElementPresent_closure1.call(VerifyElementPresentKeyword.groovy)
	at com.kms.katalon.core.webui.keyword.internal.WebUIKeywordMain.runKeyword(WebUIKeywordMain.groovy:20)
	at com.kms.katalon.core.webui.keyword.builtin.VerifyElementPresentKeyword.verifyElementPresent(VerifyElementPresentKeyword.groovy:92)
	at com.kms.katalon.core.webui.keyword.builtin.VerifyElementPresentKeyword.execute(VerifyElementPresentKeyword.groovy:68)
	at com.kms.katalon.core.keyword.internal.KeywordExecutor.executeKeywordForPlatform(KeywordExecutor.groovy:74)
	at com.kms.katalon.core.webui.keyword.WebUiBuiltInKeywords.verifyElementPresent(WebUiBuiltInKeywords.groovy:1464)
	at com.kms.katalon.core.webui.keyword.WebUiBuiltInKeywords$verifyElementPresent$4.call(Unknown Source)
	at Precon - Form Verification.run(Precon - Form Verification:127)
	at com.kms.katalon.core.main.ScriptEngine.run(ScriptEngine.java:194)
	at com.kms.katalon.core.main.ScriptEngine.runScriptAsRawText(ScriptEngine.java:119)
	at com.kms.katalon.core.main.TestCaseExecutor.runScript(TestCaseExecutor.java:445)
	at com.kms.katalon.core.main.TestCaseExecutor.doExecute(TestCaseExecutor.java:436)
	at com.kms.katalon.core.main.TestCaseExecutor.processExecutionPhase(TestCaseExecutor.java:415)
	at com.kms.katalon.core.main.TestCaseExecutor.accessMainPhase(TestCaseExecutor.java:407)
	at com.kms.katalon.core.main.TestCaseExecutor.execute(TestCaseExecutor.java:284)
	at com.kms.katalon.core.common.CommonExecutor.accessTestCaseMainPhase(CommonExecutor.java:65)
	at com.kms.katalon.core.main.TestSuiteExecutor.accessTestSuiteMainPhase(TestSuiteExecutor.java:144)
	at com.kms.katalon.core.main.TestSuiteExecutor.execute(TestSuiteExecutor.java:106)
	at com.kms.katalon.core.main.TestCaseMain.startTestSuite(TestCaseMain.java:185)
	at com.kms.katalon.core.main.TestCaseMain$startTestSuite$0.call(Unknown Source)
	at TempTestSuite1650304259606.run(TempTestSuite1650304259606.groovy:36)
)
[[ATTACHMENT|D:\\SmoketestSuite\\enfamilUS\\Reports\\20220418_232059\\SmokeTestCollection - Venkat\\SmokeTestSuite-Collection - UAT\\20220418_232059\\1650305060190.png]]

2022-04-18 23:34:20 - [TEST_STEP][FAILED] - verifyElementPresent(findTestObject("Object Repository/Form Verification/Precon Form/Page_/p_Get a set of Belly Badges so you can shar_9bafd4"), 0): com.kms.katalon.core.webui.exception.WebElementNotFoundException: Web element with id: 'Object Repository/Form Verification/Precon Form/Page_/p_Get a set of Belly Badges so you can shar_9bafd4' located by '//div[@id='__next']/div/div/main/article/section[2]/div/div[3]/div/div[2]/div/div[2]/div[2]/p' not found (Root cause: com.kms.katalon.core.exception.StepFailedException: com.kms.katalon.core.webui.exception.WebElementNotFoundException: Web element with id: 'Object Repository/Form Verification/Precon Form/Page_/p_Get a set of Belly Badges so you can shar_9bafd4' located by '//div[@id='__next']/div/div/main/article/section[2]/div/div[3]/div/div[2]/div/div[2]/div[2]/p' not found
	at com.kms.katalon.core.webui.keyword.internal.WebUIKeywordMain.stepFailed(WebUIKeywordMain.groovy:64)
	at com.kms.katalon.core.webui.keyword.builtin.VerifyElementPresentKeyword$_verifyElementPresent_closure1.doCall(VerifyElementPresentKeyword.groovy:85)
	at com.kms.katalon.core.webui.keyword.builtin.VerifyElementPresentKeyword$_verifyElementPresent_closure1.call(VerifyElementPresentKeyword.groovy)
	at com.kms.katalon.core.webui.keyword.internal.WebUIKeywordMain.runKeyword(WebUIKeywordMain.groovy:20)
	at com.kms.katalon.core.webui.keyword.builtin.VerifyElementPresentKeyword.verifyElementPresent(VerifyElementPresentKeyword.groovy:92)
	at com.kms.katalon.core.webui.keyword.builtin.VerifyElementPresentKeyword.execute(VerifyElementPresentKeyword.groovy:68)
	at com.kms.katalon.core.keyword.internal.KeywordExecutor.executeKeywordForPlatform(KeywordExecutor.groovy:74)
	at com.kms.katalon.core.webui.keyword.WebUiBuiltInKeywords.verifyElementPresent(WebUiBuiltInKeywords.groovy:1464)
	at com.kms.katalon.core.webui.keyword.WebUiBuiltInKeywords$verifyElementPresent$4.call(Unknown Source)
	at Precon - Form Verification.run(Precon - Form Verification:130)
	at com.kms.katalon.core.main.ScriptEngine.run(ScriptEngine.java:194)
	at com.kms.katalon.core.main.ScriptEngine.runScriptAsRawText(ScriptEngine.java:119)
	at com.kms.katalon.core.main.TestCaseExecutor.runScript(TestCaseExecutor.java:445)
	at com.kms.katalon.core.main.TestCaseExecutor.doExecute(TestCaseExecutor.java:436)
	at com.kms.katalon.core.main.TestCaseExecutor.processExecutionPhase(TestCaseExecutor.java:415)
	at com.kms.katalon.core.main.TestCaseExecutor.accessMainPhase(TestCaseExecutor.java:407)
	at com.kms.katalon.core.main.TestCaseExecutor.execute(TestCaseExecutor.java:284)
	at com.kms.katalon.core.common.CommonExecutor.accessTestCaseMainPhase(CommonExecutor.java:65)
	at com.kms.katalon.core.main.TestSuiteExecutor.accessTestSuiteMainPhase(TestSuiteExecutor.java:144)
	at com.kms.katalon.core.main.TestSuiteExecutor.execute(TestSuiteExecutor.java:106)
	at com.kms.katalon.core.main.TestCaseMain.startTestSuite(TestCaseMain.java:185)
	at com.kms.katalon.core.main.TestCaseMain$startTestSuite$0.call(Unknown Source)
	at TempTestSuite1650304259606.run(TempTestSuite1650304259606.groovy:36)
)

2022-04-18 23:34:20 - [MESSAGE][WARNING] - Timeout '0' is invalid. Using default page load timeout: '5'

2022-04-18 23:34:26 - [MESSAGE][INFO] - Unable to find the element located by 'By.xpath: //div[@id='__next']/div/div/main/article/section[2]/div/div[3]/div/div[2]/div/div[2]/div[2]/p'. Please recheck the objects properties to make sure the desired element is located. 

2022-04-18 23:34:26 - [MESSAGE][FAILED] - com.kms.katalon.core.webui.exception.WebElementNotFoundException: Web element with id: 'Object Repository/Form Verification/Precon Form/Page_/p_Get a set of Belly Badges so you can shar_9bafd4' located by '//div[@id='__next']/div/div/main/article/section[2]/div/div[3]/div/div[2]/div/div[2]/div[2]/p' not found (Root cause: com.kms.katalon.core.exception.StepFailedException: com.kms.katalon.core.webui.exception.WebElementNotFoundException: Web element with id: 'Object Repository/Form Verification/Precon Form/Page_/p_Get a set of Belly Badges so you can shar_9bafd4' located by '//div[@id='__next']/div/div/main/article/section[2]/div/div[3]/div/div[2]/div/div[2]/div[2]/p' not found
	at com.kms.katalon.core.webui.keyword.internal.WebUIKeywordMain.stepFailed(WebUIKeywordMain.groovy:64)
	at com.kms.katalon.core.webui.keyword.builtin.VerifyElementPresentKeyword$_verifyElementPresent_closure1.doCall(VerifyElementPresentKeyword.groovy:85)
	at com.kms.katalon.core.webui.keyword.builtin.VerifyElementPresentKeyword$_verifyElementPresent_closure1.call(VerifyElementPresentKeyword.groovy)
	at com.kms.katalon.core.webui.keyword.internal.WebUIKeywordMain.runKeyword(WebUIKeywordMain.groovy:20)
	at com.kms.katalon.core.webui.keyword.builtin.VerifyElementPresentKeyword.verifyElementPresent(VerifyElementPresentKeyword.groovy:92)
	at com.kms.katalon.core.webui.keyword.builtin.VerifyElementPresentKeyword.execute(VerifyElementPresentKeyword.groovy:68)
	at com.kms.katalon.core.keyword.internal.KeywordExecutor.executeKeywordForPlatform(KeywordExecutor.groovy:74)
	at com.kms.katalon.core.webui.keyword.WebUiBuiltInKeywords.verifyElementPresent(WebUiBuiltInKeywords.groovy:1464)
	at com.kms.katalon.core.webui.keyword.WebUiBuiltInKeywords$verifyElementPresent$4.call(Unknown Source)
	at Precon - Form Verification.run(Precon - Form Verification:130)
	at com.kms.katalon.core.main.ScriptEngine.run(ScriptEngine.java:194)
	at com.kms.katalon.core.main.ScriptEngine.runScriptAsRawText(ScriptEngine.java:119)
	at com.kms.katalon.core.main.TestCaseExecutor.runScript(TestCaseExecutor.java:445)
	at com.kms.katalon.core.main.TestCaseExecutor.doExecute(TestCaseExecutor.java:436)
	at com.kms.katalon.core.main.TestCaseExecutor.processExecutionPhase(TestCaseExecutor.java:415)
	at com.kms.katalon.core.main.TestCaseExecutor.accessMainPhase(TestCaseExecutor.java:407)
	at com.kms.katalon.core.main.TestCaseExecutor.execute(TestCaseExecutor.java:284)
	at com.kms.katalon.core.common.CommonExecutor.accessTestCaseMainPhase(CommonExecutor.java:65)
	at com.kms.katalon.core.main.TestSuiteExecutor.accessTestSuiteMainPhase(TestSuiteExecutor.java:144)
	at com.kms.katalon.core.main.TestSuiteExecutor.execute(TestSuiteExecutor.java:106)
	at com.kms.katalon.core.main.TestCaseMain.startTestSuite(TestCaseMain.java:185)
	at com.kms.katalon.core.main.TestCaseMain$startTestSuite$0.call(Unknown Source)
	at TempTestSuite1650304259606.run(TempTestSuite1650304259606.groovy:36)
)
[[ATTACHMENT|D:\\SmoketestSuite\\enfamilUS\\Reports\\20220418_232059\\SmokeTestCollection - Venkat\\SmokeTestSuite-Collection - UAT\\20220418_232059\\1650305066747.png]]

2022-04-18 23:34:26 - [TEST_STEP][FAILED] - verifyElementPresent(findTestObject("Object Repository/Form Verification/Precon Form/Page_/a_Learn more"), 0): com.kms.katalon.core.webui.exception.WebElementNotFoundException: Web element with id: 'Object Repository/Form Verification/Precon Form/Page_/a_Learn more' located by '//div[@id='__next']/div/div/main/article/section[2]/div/div[3]/div/div[2]/div/div[2]/div[2]/p[2]/a' not found (Root cause: com.kms.katalon.core.exception.StepFailedException: com.kms.katalon.core.webui.exception.WebElementNotFoundException: Web element with id: 'Object Repository/Form Verification/Precon Form/Page_/a_Learn more' located by '//div[@id='__next']/div/div/main/article/section[2]/div/div[3]/div/div[2]/div/div[2]/div[2]/p[2]/a' not found
	at com.kms.katalon.core.webui.keyword.internal.WebUIKeywordMain.stepFailed(WebUIKeywordMain.groovy:64)
	at com.kms.katalon.core.webui.keyword.builtin.VerifyElementPresentKeyword$_verifyElementPresent_closure1.doCall(VerifyElementPresentKeyword.groovy:85)
	at com.kms.katalon.core.webui.keyword.builtin.VerifyElementPresentKeyword$_verifyElementPresent_closure1.call(VerifyElementPresentKeyword.groovy)
	at com.kms.katalon.core.webui.keyword.internal.WebUIKeywordMain.runKeyword(WebUIKeywordMain.groovy:20)
	at com.kms.katalon.core.webui.keyword.builtin.VerifyElementPresentKeyword.verifyElementPresent(VerifyElementPresentKeyword.groovy:92)
	at com.kms.katalon.core.webui.keyword.builtin.VerifyElementPresentKeyword.execute(VerifyElementPresentKeyword.groovy:68)
	at com.kms.katalon.core.keyword.internal.KeywordExecutor.executeKeywordForPlatform(KeywordExecutor.groovy:74)
	at com.kms.katalon.core.webui.keyword.WebUiBuiltInKeywords.verifyElementPresent(WebUiBuiltInKeywords.groovy:1464)
	at com.kms.katalon.core.webui.keyword.WebUiBuiltInKeywords$verifyElementPresent$4.call(Unknown Source)
	at Precon - Form Verification.run(Precon - Form Verification:133)
	at com.kms.katalon.core.main.ScriptEngine.run(ScriptEngine.java:194)
	at com.kms.katalon.core.main.ScriptEngine.runScriptAsRawText(ScriptEngine.java:119)
	at com.kms.katalon.core.main.TestCaseExecutor.runScript(TestCaseExecutor.java:445)
	at com.kms.katalon.core.main.TestCaseExecutor.doExecute(TestCaseExecutor.java:436)
	at com.kms.katalon.core.main.TestCaseExecutor.processExecutionPhase(TestCaseExecutor.java:415)
	at com.kms.katalon.core.main.TestCaseExecutor.accessMainPhase(TestCaseExecutor.java:407)
	at com.kms.katalon.core.main.TestCaseExecutor.execute(TestCaseExecutor.java:284)
	at com.kms.katalon.core.common.CommonExecutor.accessTestCaseMainPhase(CommonExecutor.java:65)
	at com.kms.katalon.core.main.TestSuiteExecutor.accessTestSuiteMainPhase(TestSuiteExecutor.java:144)
	at com.kms.katalon.core.main.TestSuiteExecutor.execute(TestSuiteExecutor.java:106)
	at com.kms.katalon.core.main.TestCaseMain.startTestSuite(TestCaseMain.java:185)
	at com.kms.katalon.core.main.TestCaseMain$startTestSuite$0.call(Unknown Source)
	at TempTestSuite1650304259606.run(TempTestSuite1650304259606.groovy:36)
)

2022-04-18 23:34:27 - [MESSAGE][WARNING] - Timeout '0' is invalid. Using default page load timeout: '5'

2022-04-18 23:34:33 - [MESSAGE][INFO] - Unable to find the element located by 'By.xpath: //div[@id='__next']/div/div/main/article/section[2]/div/div[3]/div/div[2]/div/div[2]/div[2]/p[2]/a'. Please recheck the objects properties to make sure the desired element is located. 

2022-04-18 23:34:33 - [MESSAGE][FAILED] - com.kms.katalon.core.webui.exception.WebElementNotFoundException: Web element with id: 'Object Repository/Form Verification/Precon Form/Page_/a_Learn more' located by '//div[@id='__next']/div/div/main/article/section[2]/div/div[3]/div/div[2]/div/div[2]/div[2]/p[2]/a' not found (Root cause: com.kms.katalon.core.exception.StepFailedException: com.kms.katalon.core.webui.exception.WebElementNotFoundException: Web element with id: 'Object Repository/Form Verification/Precon Form/Page_/a_Learn more' located by '//div[@id='__next']/div/div/main/article/section[2]/div/div[3]/div/div[2]/div/div[2]/div[2]/p[2]/a' not found
	at com.kms.katalon.core.webui.keyword.internal.WebUIKeywordMain.stepFailed(WebUIKeywordMain.groovy:64)
	at com.kms.katalon.core.webui.keyword.builtin.VerifyElementPresentKeyword$_verifyElementPresent_closure1.doCall(VerifyElementPresentKeyword.groovy:85)
	at com.kms.katalon.core.webui.keyword.builtin.VerifyElementPresentKeyword$_verifyElementPresent_closure1.call(VerifyElementPresentKeyword.groovy)
	at com.kms.katalon.core.webui.keyword.internal.WebUIKeywordMain.runKeyword(WebUIKeywordMain.groovy:20)
	at com.kms.katalon.core.webui.keyword.builtin.VerifyElementPresentKeyword.verifyElementPresent(VerifyElementPresentKeyword.groovy:92)
	at com.kms.katalon.core.webui.keyword.builtin.VerifyElementPresentKeyword.execute(VerifyElementPresentKeyword.groovy:68)
	at com.kms.katalon.core.keyword.internal.KeywordExecutor.executeKeywordForPlatform(KeywordExecutor.groovy:74)
	at com.kms.katalon.core.webui.keyword.WebUiBuiltInKeywords.verifyElementPresent(WebUiBuiltInKeywords.groovy:1464)
	at com.kms.katalon.core.webui.keyword.WebUiBuiltInKeywords$verifyElementPresent$4.call(Unknown Source)
	at Precon - Form Verification.run(Precon - Form Verification:133)
	at com.kms.katalon.core.main.ScriptEngine.run(ScriptEngine.java:194)
	at com.kms.katalon.core.main.ScriptEngine.runScriptAsRawText(ScriptEngine.java:119)
	at com.kms.katalon.core.main.TestCaseExecutor.runScript(TestCaseExecutor.java:445)
	at com.kms.katalon.core.main.TestCaseExecutor.doExecute(TestCaseExecutor.java:436)
	at com.kms.katalon.core.main.TestCaseExecutor.processExecutionPhase(TestCaseExecutor.java:415)
	at com.kms.katalon.core.main.TestCaseExecutor.accessMainPhase(TestCaseExecutor.java:407)
	at com.kms.katalon.core.main.TestCaseExecutor.execute(TestCaseExecutor.java:284)
	at com.kms.katalon.core.common.CommonExecutor.accessTestCaseMainPhase(CommonExecutor.java:65)
	at com.kms.katalon.core.main.TestSuiteExecutor.accessTestSuiteMainPhase(TestSuiteExecutor.java:144)
	at com.kms.katalon.core.main.TestSuiteExecutor.execute(TestSuiteExecutor.java:106)
	at com.kms.katalon.core.main.TestCaseMain.startTestSuite(TestCaseMain.java:185)
	at com.kms.katalon.core.main.TestCaseMain$startTestSuite$0.call(Unknown Source)
	at TempTestSuite1650304259606.run(TempTestSuite1650304259606.groovy:36)
)
[[ATTACHMENT|D:\\SmoketestSuite\\enfamilUS\\Reports\\20220418_232059\\SmokeTestCollection - Venkat\\SmokeTestSuite-Collection - UAT\\20220418_232059\\1650305073205.png]]

2022-04-18 23:34:33 - [TEST_STEP][FAILED] - verifyElementClickable(findTestObject("Object Repository/Form Verification/Precon Form/Page_/a_Learn more")): Web element with id: 'Object Repository/Form Verification/Precon Form/Page_/a_Learn more' located by '//div[@id='__next']/div/div/main/article/section[2]/div/div[3]/div/div[2]/div/div[2]/div[2]/p[2]/a' not found (Root cause: com.kms.katalon.core.exception.StepFailedException: Web element with id: 'Object Repository/Form Verification/Precon Form/Page_/a_Learn more' located by '//div[@id='__next']/div/div/main/article/section[2]/div/div[3]/div/div[2]/div/div[2]/div[2]/p[2]/a' not found
	at com.kms.katalon.core.webui.keyword.internal.WebUIKeywordMain.stepFailed(WebUIKeywordMain.groovy:64)
	at com.kms.katalon.core.webui.keyword.builtin.VerifyElementClickableKeyword$_verifyElementClickable_closure1.doCall(VerifyElementClickableKeyword.groovy:88)
	at com.kms.katalon.core.webui.keyword.builtin.VerifyElementClickableKeyword$_verifyElementClickable_closure1.call(VerifyElementClickableKeyword.groovy)
	at com.kms.katalon.core.webui.keyword.internal.WebUIKeywordMain.runKeyword(WebUIKeywordMain.groovy:20)
	at com.kms.katalon.core.webui.keyword.builtin.VerifyElementClickableKeyword.verifyElementClickable(VerifyElementClickableKeyword.groovy:96)
	at com.kms.katalon.core.webui.keyword.builtin.VerifyElementClickableKeyword.execute(VerifyElementClickableKeyword.groovy:67)
	at com.kms.katalon.core.keyword.internal.KeywordExecutor.executeKeywordForPlatform(KeywordExecutor.groovy:74)
	at com.kms.katalon.core.webui.keyword.WebUiBuiltInKeywords.verifyElementClickable(WebUiBuiltInKeywords.groovy:566)
	at com.kms.katalon.core.webui.keyword.WebUiBuiltInKeywords$verifyElementClickable$6.call(Unknown Source)
	at Precon - Form Verification.run(Precon - Form Verification:135)
	at com.kms.katalon.core.main.ScriptEngine.run(ScriptEngine.java:194)
	at com.kms.katalon.core.main.ScriptEngine.runScriptAsRawText(ScriptEngine.java:119)
	at com.kms.katalon.core.main.TestCaseExecutor.runScript(TestCaseExecutor.java:445)
	at com.kms.katalon.core.main.TestCaseExecutor.doExecute(TestCaseExecutor.java:436)
	at com.kms.katalon.core.main.TestCaseExecutor.processExecutionPhase(TestCaseExecutor.java:415)
	at com.kms.katalon.core.main.TestCaseExecutor.accessMainPhase(TestCaseExecutor.java:407)
	at com.kms.katalon.core.main.TestCaseExecutor.execute(TestCaseExecutor.java:284)
	at com.kms.katalon.core.common.CommonExecutor.accessTestCaseMainPhase(CommonExecutor.java:65)
	at com.kms.katalon.core.main.TestSuiteExecutor.accessTestSuiteMainPhase(TestSuiteExecutor.java:144)
	at com.kms.katalon.core.main.TestSuiteExecutor.execute(TestSuiteExecutor.java:106)
	at com.kms.katalon.core.main.TestCaseMain.startTestSuite(TestCaseMain.java:185)
	at com.kms.katalon.core.main.TestCaseMain$startTestSuite$0.call(Unknown Source)
	at TempTestSuite1650304259606.run(TempTestSuite1650304259606.groovy:36)
)

2022-04-18 23:34:39 - [MESSAGE][INFO] - Unable to find the element located by 'By.xpath: //div[@id='__next']/div/div/main/article/section[2]/div/div[3]/div/div[2]/div/div[2]/div[2]/p[2]/a'. Please recheck the objects properties to make sure the desired element is located. 

2022-04-18 23:34:39 - [MESSAGE][FAILED] - Web element with id: 'Object Repository/Form Verification/Precon Form/Page_/a_Learn more' located by '//div[@id='__next']/div/div/main/article/section[2]/div/div[3]/div/div[2]/div/div[2]/div[2]/p[2]/a' not found (Root cause: com.kms.katalon.core.exception.StepFailedException: Web element with id: 'Object Repository/Form Verification/Precon Form/Page_/a_Learn more' located by '//div[@id='__next']/div/div/main/article/section[2]/div/div[3]/div/div[2]/div/div[2]/div[2]/p[2]/a' not found
	at com.kms.katalon.core.webui.keyword.internal.WebUIKeywordMain.stepFailed(WebUIKeywordMain.groovy:64)
	at com.kms.katalon.core.webui.keyword.builtin.VerifyElementClickableKeyword$_verifyElementClickable_closure1.doCall(VerifyElementClickableKeyword.groovy:88)
	at com.kms.katalon.core.webui.keyword.builtin.VerifyElementClickableKeyword$_verifyElementClickable_closure1.call(VerifyElementClickableKeyword.groovy)
	at com.kms.katalon.core.webui.keyword.internal.WebUIKeywordMain.runKeyword(WebUIKeywordMain.groovy:20)
	at com.kms.katalon.core.webui.keyword.builtin.VerifyElementClickableKeyword.verifyElementClickable(VerifyElementClickableKeyword.groovy:96)
	at com.kms.katalon.core.webui.keyword.builtin.VerifyElementClickableKeyword.execute(VerifyElementClickableKeyword.groovy:67)
	at com.kms.katalon.core.keyword.internal.KeywordExecutor.executeKeywordForPlatform(KeywordExecutor.groovy:74)
	at com.kms.katalon.core.webui.keyword.WebUiBuiltInKeywords.verifyElementClickable(WebUiBuiltInKeywords.groovy:566)
	at com.kms.katalon.core.webui.keyword.WebUiBuiltInKeywords$verifyElementClickable$6.call(Unknown Source)
	at Precon - Form Verification.run(Precon - Form Verification:135)
	at com.kms.katalon.core.main.ScriptEngine.run(ScriptEngine.java:194)
	at com.kms.katalon.core.main.ScriptEngine.runScriptAsRawText(ScriptEngine.java:119)
	at com.kms.katalon.core.main.TestCaseExecutor.runScript(TestCaseExecutor.java:445)
	at com.kms.katalon.core.main.TestCaseExecutor.doExecute(TestCaseExecutor.java:436)
	at com.kms.katalon.core.main.TestCaseExecutor.processExecutionPhase(TestCaseExecutor.java:415)
	at com.kms.katalon.core.main.TestCaseExecutor.accessMainPhase(TestCaseExecutor.java:407)
	at com.kms.katalon.core.main.TestCaseExecutor.execute(TestCaseExecutor.java:284)
	at com.kms.katalon.core.common.CommonExecutor.accessTestCaseMainPhase(CommonExecutor.java:65)
	at com.kms.katalon.core.main.TestSuiteExecutor.accessTestSuiteMainPhase(TestSuiteExecutor.java:144)
	at com.kms.katalon.core.main.TestSuiteExecutor.execute(TestSuiteExecutor.java:106)
	at com.kms.katalon.core.main.TestCaseMain.startTestSuite(TestCaseMain.java:185)
	at com.kms.katalon.core.main.TestCaseMain$startTestSuite$0.call(Unknown Source)
	at TempTestSuite1650304259606.run(TempTestSuite1650304259606.groovy:36)
)
[[ATTACHMENT|D:\\SmoketestSuite\\enfamilUS\\Reports\\20220418_232059\\SmokeTestCollection - Venkat\\SmokeTestSuite-Collection - UAT\\20220418_232059\\1650305079745.png]]

2022-04-18 23:34:39 - [TEST_STEP][FAILED] - verifyElementPresent(findTestObject("Object Repository/Form Verification/Precon Form/Page_/div_2. A Chance to win free formula for a y_fdef2d"), 0): com.kms.katalon.core.webui.exception.WebElementNotFoundException: Web element with id: 'Object Repository/Form Verification/Precon Form/Page_/div_2. A Chance to win free formula for a y_fdef2d' located by '//div[@id='__next']/div/div/main/article/section[2]/div/div[3]/div/div[2]/div[2]' not found (Root cause: com.kms.katalon.core.exception.StepFailedException: com.kms.katalon.core.webui.exception.WebElementNotFoundException: Web element with id: 'Object Repository/Form Verification/Precon Form/Page_/div_2. A Chance to win free formula for a y_fdef2d' located by '//div[@id='__next']/div/div/main/article/section[2]/div/div[3]/div/div[2]/div[2]' not found
	at com.kms.katalon.core.webui.keyword.internal.WebUIKeywordMain.stepFailed(WebUIKeywordMain.groovy:64)
	at com.kms.katalon.core.webui.keyword.builtin.VerifyElementPresentKeyword$_verifyElementPresent_closure1.doCall(VerifyElementPresentKeyword.groovy:85)
	at com.kms.katalon.core.webui.keyword.builtin.VerifyElementPresentKeyword$_verifyElementPresent_closure1.call(VerifyElementPresentKeyword.groovy)
	at com.kms.katalon.core.webui.keyword.internal.WebUIKeywordMain.runKeyword(WebUIKeywordMain.groovy:20)
	at com.kms.katalon.core.webui.keyword.builtin.VerifyElementPresentKeyword.verifyElementPresent(VerifyElementPresentKeyword.groovy:92)
	at com.kms.katalon.core.webui.keyword.builtin.VerifyElementPresentKeyword.execute(VerifyElementPresentKeyword.groovy:68)
	at com.kms.katalon.core.keyword.internal.KeywordExecutor.executeKeywordForPlatform(KeywordExecutor.groovy:74)
	at com.kms.katalon.core.webui.keyword.WebUiBuiltInKeywords.verifyElementPresent(WebUiBuiltInKeywords.groovy:1464)
	at com.kms.katalon.core.webui.keyword.WebUiBuiltInKeywords$verifyElementPresent$4.call(Unknown Source)
	at Precon - Form Verification.run(Precon - Form Verification:137)
	at com.kms.katalon.core.main.ScriptEngine.run(ScriptEngine.java:194)
	at com.kms.katalon.core.main.ScriptEngine.runScriptAsRawText(ScriptEngine.java:119)
	at com.kms.katalon.core.main.TestCaseExecutor.runScript(TestCaseExecutor.java:445)
	at com.kms.katalon.core.main.TestCaseExecutor.doExecute(TestCaseExecutor.java:436)
	at com.kms.katalon.core.main.TestCaseExecutor.processExecutionPhase(TestCaseExecutor.java:415)
	at com.kms.katalon.core.main.TestCaseExecutor.accessMainPhase(TestCaseExecutor.java:407)
	at com.kms.katalon.core.main.TestCaseExecutor.execute(TestCaseExecutor.java:284)
	at com.kms.katalon.core.common.CommonExecutor.accessTestCaseMainPhase(CommonExecutor.java:65)
	at com.kms.katalon.core.main.TestSuiteExecutor.accessTestSuiteMainPhase(TestSuiteExecutor.java:144)
	at com.kms.katalon.core.main.TestSuiteExecutor.execute(TestSuiteExecutor.java:106)
	at com.kms.katalon.core.main.TestCaseMain.startTestSuite(TestCaseMain.java:185)
	at com.kms.katalon.core.main.TestCaseMain$startTestSuite$0.call(Unknown Source)
	at TempTestSuite1650304259606.run(TempTestSuite1650304259606.groovy:36)
)

2022-04-18 23:34:40 - [MESSAGE][WARNING] - Timeout '0' is invalid. Using default page load timeout: '5'

2022-04-18 23:34:46 - [MESSAGE][INFO] - Unable to find the element located by 'By.xpath: //div[@id='__next']/div/div/main/article/section[2]/div/div[3]/div/div[2]/div[2]'. Please recheck the objects properties to make sure the desired element is located. 

2022-04-18 23:34:46 - [MESSAGE][FAILED] - com.kms.katalon.core.webui.exception.WebElementNotFoundException: Web element with id: 'Object Repository/Form Verification/Precon Form/Page_/div_2. A Chance to win free formula for a y_fdef2d' located by '//div[@id='__next']/div/div/main/article/section[2]/div/div[3]/div/div[2]/div[2]' not found (Root cause: com.kms.katalon.core.exception.StepFailedException: com.kms.katalon.core.webui.exception.WebElementNotFoundException: Web element with id: 'Object Repository/Form Verification/Precon Form/Page_/div_2. A Chance to win free formula for a y_fdef2d' located by '//div[@id='__next']/div/div/main/article/section[2]/div/div[3]/div/div[2]/div[2]' not found
	at com.kms.katalon.core.webui.keyword.internal.WebUIKeywordMain.stepFailed(WebUIKeywordMain.groovy:64)
	at com.kms.katalon.core.webui.keyword.builtin.VerifyElementPresentKeyword$_verifyElementPresent_closure1.doCall(VerifyElementPresentKeyword.groovy:85)
	at com.kms.katalon.core.webui.keyword.builtin.VerifyElementPresentKeyword$_verifyElementPresent_closure1.call(VerifyElementPresentKeyword.groovy)
	at com.kms.katalon.core.webui.keyword.internal.WebUIKeywordMain.runKeyword(WebUIKeywordMain.groovy:20)
	at com.kms.katalon.core.webui.keyword.builtin.VerifyElementPresentKeyword.verifyElementPresent(VerifyElementPresentKeyword.groovy:92)
	at com.kms.katalon.core.webui.keyword.builtin.VerifyElementPresentKeyword.execute(VerifyElementPresentKeyword.groovy:68)
	at com.kms.katalon.core.keyword.internal.KeywordExecutor.executeKeywordForPlatform(KeywordExecutor.groovy:74)
	at com.kms.katalon.core.webui.keyword.WebUiBuiltInKeywords.verifyElementPresent(WebUiBuiltInKeywords.groovy:1464)
	at com.kms.katalon.core.webui.keyword.WebUiBuiltInKeywords$verifyElementPresent$4.call(Unknown Source)
	at Precon - Form Verification.run(Precon - Form Verification:137)
	at com.kms.katalon.core.main.ScriptEngine.run(ScriptEngine.java:194)
	at com.kms.katalon.core.main.ScriptEngine.runScriptAsRawText(ScriptEngine.java:119)
	at com.kms.katalon.core.main.TestCaseExecutor.runScript(TestCaseExecutor.java:445)
	at com.kms.katalon.core.main.TestCaseExecutor.doExecute(TestCaseExecutor.java:436)
	at com.kms.katalon.core.main.TestCaseExecutor.processExecutionPhase(TestCaseExecutor.java:415)
	at com.kms.katalon.core.main.TestCaseExecutor.accessMainPhase(TestCaseExecutor.java:407)
	at com.kms.katalon.core.main.TestCaseExecutor.execute(TestCaseExecutor.java:284)
	at com.kms.katalon.core.common.CommonExecutor.accessTestCaseMainPhase(CommonExecutor.java:65)
	at com.kms.katalon.core.main.TestSuiteExecutor.accessTestSuiteMainPhase(TestSuiteExecutor.java:144)
	at com.kms.katalon.core.main.TestSuiteExecutor.execute(TestSuiteExecutor.java:106)
	at com.kms.katalon.core.main.TestCaseMain.startTestSuite(TestCaseMain.java:185)
	at com.kms.katalon.core.main.TestCaseMain$startTestSuite$0.call(Unknown Source)
	at TempTestSuite1650304259606.run(TempTestSuite1650304259606.groovy:36)
)
[[ATTACHMENT|D:\\SmoketestSuite\\enfamilUS\\Reports\\20220418_232059\\SmokeTestCollection - Venkat\\SmokeTestSuite-Collection - UAT\\20220418_232059\\1650305086138.png]]

2022-04-18 23:34:46 - [TEST_STEP][FAILED] - verifyElementPresent(findTestObject("Object Repository/Form Verification/Precon Form/Page_/h4_2. A Chance to win free formula for a year"), 0): com.kms.katalon.core.webui.exception.WebElementNotFoundException: Web element with id: 'Object Repository/Form Verification/Precon Form/Page_/h4_2. A Chance to win free formula for a year' located by '//div[@id='__next']/div/div/main/article/section[2]/div/div[3]/div/div[2]/div[2]/div[2]/div/h4' not found (Root cause: com.kms.katalon.core.exception.StepFailedException: com.kms.katalon.core.webui.exception.WebElementNotFoundException: Web element with id: 'Object Repository/Form Verification/Precon Form/Page_/h4_2. A Chance to win free formula for a year' located by '//div[@id='__next']/div/div/main/article/section[2]/div/div[3]/div/div[2]/div[2]/div[2]/div/h4' not found
	at com.kms.katalon.core.webui.keyword.internal.WebUIKeywordMain.stepFailed(WebUIKeywordMain.groovy:64)
	at com.kms.katalon.core.webui.keyword.builtin.VerifyElementPresentKeyword$_verifyElementPresent_closure1.doCall(VerifyElementPresentKeyword.groovy:85)
	at com.kms.katalon.core.webui.keyword.builtin.VerifyElementPresentKeyword$_verifyElementPresent_closure1.call(VerifyElementPresentKeyword.groovy)
	at com.kms.katalon.core.webui.keyword.internal.WebUIKeywordMain.runKeyword(WebUIKeywordMain.groovy:20)
	at com.kms.katalon.core.webui.keyword.builtin.VerifyElementPresentKeyword.verifyElementPresent(VerifyElementPresentKeyword.groovy:92)
	at com.kms.katalon.core.webui.keyword.builtin.VerifyElementPresentKeyword.execute(VerifyElementPresentKeyword.groovy:68)
	at com.kms.katalon.core.keyword.internal.KeywordExecutor.executeKeywordForPlatform(KeywordExecutor.groovy:74)
	at com.kms.katalon.core.webui.keyword.WebUiBuiltInKeywords.verifyElementPresent(WebUiBuiltInKeywords.groovy:1464)
	at com.kms.katalon.core.webui.keyword.WebUiBuiltInKeywords$verifyElementPresent$4.call(Unknown Source)
	at Precon - Form Verification.run(Precon - Form Verification:140)
	at com.kms.katalon.core.main.ScriptEngine.run(ScriptEngine.java:194)
	at com.kms.katalon.core.main.ScriptEngine.runScriptAsRawText(ScriptEngine.java:119)
	at com.kms.katalon.core.main.TestCaseExecutor.runScript(TestCaseExecutor.java:445)
	at com.kms.katalon.core.main.TestCaseExecutor.doExecute(TestCaseExecutor.java:436)
	at com.kms.katalon.core.main.TestCaseExecutor.processExecutionPhase(TestCaseExecutor.java:415)
	at com.kms.katalon.core.main.TestCaseExecutor.accessMainPhase(TestCaseExecutor.java:407)
	at com.kms.katalon.core.main.TestCaseExecutor.execute(TestCaseExecutor.java:284)
	at com.kms.katalon.core.common.CommonExecutor.accessTestCaseMainPhase(CommonExecutor.java:65)
	at com.kms.katalon.core.main.TestSuiteExecutor.accessTestSuiteMainPhase(TestSuiteExecutor.java:144)
	at com.kms.katalon.core.main.TestSuiteExecutor.execute(TestSuiteExecutor.java:106)
	at com.kms.katalon.core.main.TestCaseMain.startTestSuite(TestCaseMain.java:185)
	at com.kms.katalon.core.main.TestCaseMain$startTestSuite$0.call(Unknown Source)
	at TempTestSuite1650304259606.run(TempTestSuite1650304259606.groovy:36)
)

2022-04-18 23:34:46 - [MESSAGE][WARNING] - Timeout '0' is invalid. Using default page load timeout: '5'

2022-04-18 23:34:52 - [MESSAGE][INFO] - Unable to find the element located by 'By.xpath: //div[@id='__next']/div/div/main/article/section[2]/div/div[3]/div/div[2]/div[2]/div[2]/div/h4'. Please recheck the objects properties to make sure the desired element is located. 

2022-04-18 23:34:52 - [MESSAGE][FAILED] - com.kms.katalon.core.webui.exception.WebElementNotFoundException: Web element with id: 'Object Repository/Form Verification/Precon Form/Page_/h4_2. A Chance to win free formula for a year' located by '//div[@id='__next']/div/div/main/article/section[2]/div/div[3]/div/div[2]/div[2]/div[2]/div/h4' not found (Root cause: com.kms.katalon.core.exception.StepFailedException: com.kms.katalon.core.webui.exception.WebElementNotFoundException: Web element with id: 'Object Repository/Form Verification/Precon Form/Page_/h4_2. A Chance to win free formula for a year' located by '//div[@id='__next']/div/div/main/article/section[2]/div/div[3]/div/div[2]/div[2]/div[2]/div/h4' not found
	at com.kms.katalon.core.webui.keyword.internal.WebUIKeywordMain.stepFailed(WebUIKeywordMain.groovy:64)
	at com.kms.katalon.core.webui.keyword.builtin.VerifyElementPresentKeyword$_verifyElementPresent_closure1.doCall(VerifyElementPresentKeyword.groovy:85)
	at com.kms.katalon.core.webui.keyword.builtin.VerifyElementPresentKeyword$_verifyElementPresent_closure1.call(VerifyElementPresentKeyword.groovy)
	at com.kms.katalon.core.webui.keyword.internal.WebUIKeywordMain.runKeyword(WebUIKeywordMain.groovy:20)
	at com.kms.katalon.core.webui.keyword.builtin.VerifyElementPresentKeyword.verifyElementPresent(VerifyElementPresentKeyword.groovy:92)
	at com.kms.katalon.core.webui.keyword.builtin.VerifyElementPresentKeyword.execute(VerifyElementPresentKeyword.groovy:68)
	at com.kms.katalon.core.keyword.internal.KeywordExecutor.executeKeywordForPlatform(KeywordExecutor.groovy:74)
	at com.kms.katalon.core.webui.keyword.WebUiBuiltInKeywords.verifyElementPresent(WebUiBuiltInKeywords.groovy:1464)
	at com.kms.katalon.core.webui.keyword.WebUiBuiltInKeywords$verifyElementPresent$4.call(Unknown Source)
	at Precon - Form Verification.run(Precon - Form Verification:140)
	at com.kms.katalon.core.main.ScriptEngine.run(ScriptEngine.java:194)
	at com.kms.katalon.core.main.ScriptEngine.runScriptAsRawText(ScriptEngine.java:119)
	at com.kms.katalon.core.main.TestCaseExecutor.runScript(TestCaseExecutor.java:445)
	at com.kms.katalon.core.main.TestCaseExecutor.doExecute(TestCaseExecutor.java:436)
	at com.kms.katalon.core.main.TestCaseExecutor.processExecutionPhase(TestCaseExecutor.java:415)
	at com.kms.katalon.core.main.TestCaseExecutor.accessMainPhase(TestCaseExecutor.java:407)
	at com.kms.katalon.core.main.TestCaseExecutor.execute(TestCaseExecutor.java:284)
	at com.kms.katalon.core.common.CommonExecutor.accessTestCaseMainPhase(CommonExecutor.java:65)
	at com.kms.katalon.core.main.TestSuiteExecutor.accessTestSuiteMainPhase(TestSuiteExecutor.java:144)
	at com.kms.katalon.core.main.TestSuiteExecutor.execute(TestSuiteExecutor.java:106)
	at com.kms.katalon.core.main.TestCaseMain.startTestSuite(TestCaseMain.java:185)
	at com.kms.katalon.core.main.TestCaseMain$startTestSuite$0.call(Unknown Source)
	at TempTestSuite1650304259606.run(TempTestSuite1650304259606.groovy:36)
)
[[ATTACHMENT|D:\\SmoketestSuite\\enfamilUS\\Reports\\20220418_232059\\SmokeTestCollection - Venkat\\SmokeTestSuite-Collection - UAT\\20220418_232059\\1650305092516.png]]

2022-04-18 23:34:52 - [TEST_STEP][FAILED] - verifyElementText(findTestObject("Object Repository/Form Verification/Precon Form/Page_/h4_2. A Chance to win free formula for a year"), "2. A Chance to win free formula for a year"): com.kms.katalon.core.webui.exception.WebElementNotFoundException: Web element with id: 'Object Repository/Form Verification/Precon Form/Page_/h4_2. A Chance to win free formula for a year' located by '//div[@id='__next']/div/div/main/article/section[2]/div/div[3]/div/div[2]/div[2]/div[2]/div/h4' not found (Root cause: com.kms.katalon.core.exception.StepFailedException: com.kms.katalon.core.webui.exception.WebElementNotFoundException: Web element with id: 'Object Repository/Form Verification/Precon Form/Page_/h4_2. A Chance to win free formula for a year' located by '//div[@id='__next']/div/div/main/article/section[2]/div/div[3]/div/div[2]/div[2]/div[2]/div/h4' not found
	at com.kms.katalon.core.webui.keyword.internal.WebUIKeywordMain.stepFailed(WebUIKeywordMain.groovy:64)
	at com.kms.katalon.core.webui.keyword.builtin.VerifyElementTextKeyword$_verifyElementText_closure1.doCall(VerifyElementTextKeyword.groovy:64)
	at com.kms.katalon.core.webui.keyword.builtin.VerifyElementTextKeyword$_verifyElementText_closure1.call(VerifyElementTextKeyword.groovy)
	at com.kms.katalon.core.webui.keyword.internal.WebUIKeywordMain.runKeyword(WebUIKeywordMain.groovy:20)
	at com.kms.katalon.core.webui.keyword.builtin.VerifyElementTextKeyword.verifyElementText(VerifyElementTextKeyword.groovy:72)
	at com.kms.katalon.core.webui.keyword.builtin.VerifyElementTextKeyword.execute(VerifyElementTextKeyword.groovy:40)
	at com.kms.katalon.core.keyword.internal.KeywordExecutor.executeKeywordForPlatform(KeywordExecutor.groovy:74)
	at com.kms.katalon.core.webui.keyword.WebUiBuiltInKeywords.verifyElementText(WebUiBuiltInKeywords.groovy:4749)
	at com.kms.katalon.core.webui.keyword.WebUiBuiltInKeywords$verifyElementText$5.call(Unknown Source)
	at Precon - Form Verification.run(Precon - Form Verification:143)
	at com.kms.katalon.core.main.ScriptEngine.run(ScriptEngine.java:194)
	at com.kms.katalon.core.main.ScriptEngine.runScriptAsRawText(ScriptEngine.java:119)
	at com.kms.katalon.core.main.TestCaseExecutor.runScript(TestCaseExecutor.java:445)
	at com.kms.katalon.core.main.TestCaseExecutor.doExecute(TestCaseExecutor.java:436)
	at com.kms.katalon.core.main.TestCaseExecutor.processExecutionPhase(TestCaseExecutor.java:415)
	at com.kms.katalon.core.main.TestCaseExecutor.accessMainPhase(TestCaseExecutor.java:407)
	at com.kms.katalon.core.main.TestCaseExecutor.execute(TestCaseExecutor.java:284)
	at com.kms.katalon.core.common.CommonExecutor.accessTestCaseMainPhase(CommonExecutor.java:65)
	at com.kms.katalon.core.main.TestSuiteExecutor.accessTestSuiteMainPhase(TestSuiteExecutor.java:144)
	at com.kms.katalon.core.main.TestSuiteExecutor.execute(TestSuiteExecutor.java:106)
	at com.kms.katalon.core.main.TestCaseMain.startTestSuite(TestCaseMain.java:185)
	at com.kms.katalon.core.main.TestCaseMain$startTestSuite$0.call(Unknown Source)
	at TempTestSuite1650304259606.run(TempTestSuite1650304259606.groovy:36)
)

2022-04-18 23:34:58 - [MESSAGE][INFO] - Unable to find the element located by 'By.xpath: //div[@id='__next']/div/div/main/article/section[2]/div/div[3]/div/div[2]/div[2]/div[2]/div/h4'. Please recheck the objects properties to make sure the desired element is located. 

2022-04-18 23:34:59 - [MESSAGE][FAILED] - com.kms.katalon.core.webui.exception.WebElementNotFoundException: Web element with id: 'Object Repository/Form Verification/Precon Form/Page_/h4_2. A Chance to win free formula for a year' located by '//div[@id='__next']/div/div/main/article/section[2]/div/div[3]/div/div[2]/div[2]/div[2]/div/h4' not found (Root cause: com.kms.katalon.core.exception.StepFailedException: com.kms.katalon.core.webui.exception.WebElementNotFoundException: Web element with id: 'Object Repository/Form Verification/Precon Form/Page_/h4_2. A Chance to win free formula for a year' located by '//div[@id='__next']/div/div/main/article/section[2]/div/div[3]/div/div[2]/div[2]/div[2]/div/h4' not found
	at com.kms.katalon.core.webui.keyword.internal.WebUIKeywordMain.stepFailed(WebUIKeywordMain.groovy:64)
	at com.kms.katalon.core.webui.keyword.builtin.VerifyElementTextKeyword$_verifyElementText_closure1.doCall(VerifyElementTextKeyword.groovy:64)
	at com.kms.katalon.core.webui.keyword.builtin.VerifyElementTextKeyword$_verifyElementText_closure1.call(VerifyElementTextKeyword.groovy)
	at com.kms.katalon.core.webui.keyword.internal.WebUIKeywordMain.runKeyword(WebUIKeywordMain.groovy:20)
	at com.kms.katalon.core.webui.keyword.builtin.VerifyElementTextKeyword.verifyElementText(VerifyElementTextKeyword.groovy:72)
	at com.kms.katalon.core.webui.keyword.builtin.VerifyElementTextKeyword.execute(VerifyElementTextKeyword.groovy:40)
	at com.kms.katalon.core.keyword.internal.KeywordExecutor.executeKeywordForPlatform(KeywordExecutor.groovy:74)
	at com.kms.katalon.core.webui.keyword.WebUiBuiltInKeywords.verifyElementText(WebUiBuiltInKeywords.groovy:4749)
	at com.kms.katalon.core.webui.keyword.WebUiBuiltInKeywords$verifyElementText$5.call(Unknown Source)
	at Precon - Form Verification.run(Precon - Form Verification:143)
	at com.kms.katalon.core.main.ScriptEngine.run(ScriptEngine.java:194)
	at com.kms.katalon.core.main.ScriptEngine.runScriptAsRawText(ScriptEngine.java:119)
	at com.kms.katalon.core.main.TestCaseExecutor.runScript(TestCaseExecutor.java:445)
	at com.kms.katalon.core.main.TestCaseExecutor.doExecute(TestCaseExecutor.java:436)
	at com.kms.katalon.core.main.TestCaseExecutor.processExecutionPhase(TestCaseExecutor.java:415)
	at com.kms.katalon.core.main.TestCaseExecutor.accessMainPhase(TestCaseExecutor.java:407)
	at com.kms.katalon.core.main.TestCaseExecutor.execute(TestCaseExecutor.java:284)
	at com.kms.katalon.core.common.CommonExecutor.accessTestCaseMainPhase(CommonExecutor.java:65)
	at com.kms.katalon.core.main.TestSuiteExecutor.accessTestSuiteMainPhase(TestSuiteExecutor.java:144)
	at com.kms.katalon.core.main.TestSuiteExecutor.execute(TestSuiteExecutor.java:106)
	at com.kms.katalon.core.main.TestCaseMain.startTestSuite(TestCaseMain.java:185)
	at com.kms.katalon.core.main.TestCaseMain$startTestSuite$0.call(Unknown Source)
	at TempTestSuite1650304259606.run(TempTestSuite1650304259606.groovy:36)
)
[[ATTACHMENT|D:\\SmoketestSuite\\enfamilUS\\Reports\\20220418_232059\\SmokeTestCollection - Venkat\\SmokeTestSuite-Collection - UAT\\20220418_232059\\1650305098871.png]]

2022-04-18 23:34:59 - [TEST_STEP][FAILED] - verifyElementPresent(findTestObject("Object Repository/Form Verification/Precon Form/Page_/p_By signing up for Enfamil Family Beginnin_031202"), 0): com.kms.katalon.core.webui.exception.WebElementNotFoundException: Web element with id: 'Object Repository/Form Verification/Precon Form/Page_/p_By signing up for Enfamil Family Beginnin_031202' located by '//div[@id='__next']/div/div/main/article/section[2]/div/div[3]/div/div[2]/div[2]/div[2]/div[2]/p' not found (Root cause: com.kms.katalon.core.exception.StepFailedException: com.kms.katalon.core.webui.exception.WebElementNotFoundException: Web element with id: 'Object Repository/Form Verification/Precon Form/Page_/p_By signing up for Enfamil Family Beginnin_031202' located by '//div[@id='__next']/div/div/main/article/section[2]/div/div[3]/div/div[2]/div[2]/div[2]/div[2]/p' not found
	at com.kms.katalon.core.webui.keyword.internal.WebUIKeywordMain.stepFailed(WebUIKeywordMain.groovy:64)
	at com.kms.katalon.core.webui.keyword.builtin.VerifyElementPresentKeyword$_verifyElementPresent_closure1.doCall(VerifyElementPresentKeyword.groovy:85)
	at com.kms.katalon.core.webui.keyword.builtin.VerifyElementPresentKeyword$_verifyElementPresent_closure1.call(VerifyElementPresentKeyword.groovy)
	at com.kms.katalon.core.webui.keyword.internal.WebUIKeywordMain.runKeyword(WebUIKeywordMain.groovy:20)
	at com.kms.katalon.core.webui.keyword.builtin.VerifyElementPresentKeyword.verifyElementPresent(VerifyElementPresentKeyword.groovy:92)
	at com.kms.katalon.core.webui.keyword.builtin.VerifyElementPresentKeyword.execute(VerifyElementPresentKeyword.groovy:68)
	at com.kms.katalon.core.keyword.internal.KeywordExecutor.executeKeywordForPlatform(KeywordExecutor.groovy:74)
	at com.kms.katalon.core.webui.keyword.WebUiBuiltInKeywords.verifyElementPresent(WebUiBuiltInKeywords.groovy:1464)
	at com.kms.katalon.core.webui.keyword.WebUiBuiltInKeywords$verifyElementPresent$4.call(Unknown Source)
	at Precon - Form Verification.run(Precon - Form Verification:146)
	at com.kms.katalon.core.main.ScriptEngine.run(ScriptEngine.java:194)
	at com.kms.katalon.core.main.ScriptEngine.runScriptAsRawText(ScriptEngine.java:119)
	at com.kms.katalon.core.main.TestCaseExecutor.runScript(TestCaseExecutor.java:445)
	at com.kms.katalon.core.main.TestCaseExecutor.doExecute(TestCaseExecutor.java:436)
	at com.kms.katalon.core.main.TestCaseExecutor.processExecutionPhase(TestCaseExecutor.java:415)
	at com.kms.katalon.core.main.TestCaseExecutor.accessMainPhase(TestCaseExecutor.java:407)
	at com.kms.katalon.core.main.TestCaseExecutor.execute(TestCaseExecutor.java:284)
	at com.kms.katalon.core.common.CommonExecutor.accessTestCaseMainPhase(CommonExecutor.java:65)
	at com.kms.katalon.core.main.TestSuiteExecutor.accessTestSuiteMainPhase(TestSuiteExecutor.java:144)
	at com.kms.katalon.core.main.TestSuiteExecutor.execute(TestSuiteExecutor.java:106)
	at com.kms.katalon.core.main.TestCaseMain.startTestSuite(TestCaseMain.java:185)
	at com.kms.katalon.core.main.TestCaseMain$startTestSuite$0.call(Unknown Source)
	at TempTestSuite1650304259606.run(TempTestSuite1650304259606.groovy:36)
)

2022-04-18 23:34:59 - [MESSAGE][WARNING] - Timeout '0' is invalid. Using default page load timeout: '5'

2022-04-18 23:35:05 - [MESSAGE][INFO] - Unable to find the element located by 'By.xpath: //div[@id='__next']/div/div/main/article/section[2]/div/div[3]/div/div[2]/div[2]/div[2]/div[2]/p'. Please recheck the objects properties to make sure the desired element is located. 

2022-04-18 23:35:05 - [MESSAGE][FAILED] - com.kms.katalon.core.webui.exception.WebElementNotFoundException: Web element with id: 'Object Repository/Form Verification/Precon Form/Page_/p_By signing up for Enfamil Family Beginnin_031202' located by '//div[@id='__next']/div/div/main/article/section[2]/div/div[3]/div/div[2]/div[2]/div[2]/div[2]/p' not found (Root cause: com.kms.katalon.core.exception.StepFailedException: com.kms.katalon.core.webui.exception.WebElementNotFoundException: Web element with id: 'Object Repository/Form Verification/Precon Form/Page_/p_By signing up for Enfamil Family Beginnin_031202' located by '//div[@id='__next']/div/div/main/article/section[2]/div/div[3]/div/div[2]/div[2]/div[2]/div[2]/p' not found
	at com.kms.katalon.core.webui.keyword.internal.WebUIKeywordMain.stepFailed(WebUIKeywordMain.groovy:64)
	at com.kms.katalon.core.webui.keyword.builtin.VerifyElementPresentKeyword$_verifyElementPresent_closure1.doCall(VerifyElementPresentKeyword.groovy:85)
	at com.kms.katalon.core.webui.keyword.builtin.VerifyElementPresentKeyword$_verifyElementPresent_closure1.call(VerifyElementPresentKeyword.groovy)
	at com.kms.katalon.core.webui.keyword.internal.WebUIKeywordMain.runKeyword(WebUIKeywordMain.groovy:20)
	at com.kms.katalon.core.webui.keyword.builtin.VerifyElementPresentKeyword.verifyElementPresent(VerifyElementPresentKeyword.groovy:92)
	at com.kms.katalon.core.webui.keyword.builtin.VerifyElementPresentKeyword.execute(VerifyElementPresentKeyword.groovy:68)
	at com.kms.katalon.core.keyword.internal.KeywordExecutor.executeKeywordForPlatform(KeywordExecutor.groovy:74)
	at com.kms.katalon.core.webui.keyword.WebUiBuiltInKeywords.verifyElementPresent(WebUiBuiltInKeywords.groovy:1464)
	at com.kms.katalon.core.webui.keyword.WebUiBuiltInKeywords$verifyElementPresent$4.call(Unknown Source)
	at Precon - Form Verification.run(Precon - Form Verification:146)
	at com.kms.katalon.core.main.ScriptEngine.run(ScriptEngine.java:194)
	at com.kms.katalon.core.main.ScriptEngine.runScriptAsRawText(ScriptEngine.java:119)
	at com.kms.katalon.core.main.TestCaseExecutor.runScript(TestCaseExecutor.java:445)
	at com.kms.katalon.core.main.TestCaseExecutor.doExecute(TestCaseExecutor.java:436)
	at com.kms.katalon.core.main.TestCaseExecutor.processExecutionPhase(TestCaseExecutor.java:415)
	at com.kms.katalon.core.main.TestCaseExecutor.accessMainPhase(TestCaseExecutor.java:407)
	at com.kms.katalon.core.main.TestCaseExecutor.execute(TestCaseExecutor.java:284)
	at com.kms.katalon.core.common.CommonExecutor.accessTestCaseMainPhase(CommonExecutor.java:65)
	at com.kms.katalon.core.main.TestSuiteExecutor.accessTestSuiteMainPhase(TestSuiteExecutor.java:144)
	at com.kms.katalon.core.main.TestSuiteExecutor.execute(TestSuiteExecutor.java:106)
	at com.kms.katalon.core.main.TestCaseMain.startTestSuite(TestCaseMain.java:185)
	at com.kms.katalon.core.main.TestCaseMain$startTestSuite$0.call(Unknown Source)
	at TempTestSuite1650304259606.run(TempTestSuite1650304259606.groovy:36)
)
[[ATTACHMENT|D:\\SmoketestSuite\\enfamilUS\\Reports\\20220418_232059\\SmokeTestCollection - Venkat\\SmokeTestSuite-Collection - UAT\\20220418_232059\\1650305105638.png]]

2022-04-18 23:35:05 - [TEST_STEP][FAILED] - verifyElementText(findTestObject("Object Repository/Form Verification/Precon Form/Page_/p_By signing up for Enfamil Family Beginnin_031202"), "By signing up for Enfamil Family BeginningsÂ®, you gain entry to our sweepstakes to win a yearâ€™s supply of free formula2."): com.kms.katalon.core.webui.exception.WebElementNotFoundException: Web element with id: 'Object Repository/Form Verification/Precon Form/Page_/p_By signing up for Enfamil Family Beginnin_031202' located by '//div[@id='__next']/div/div/main/article/section[2]/div/div[3]/div/div[2]/div[2]/div[2]/div[2]/p' not found (Root cause: com.kms.katalon.core.exception.StepFailedException: com.kms.katalon.core.webui.exception.WebElementNotFoundException: Web element with id: 'Object Repository/Form Verification/Precon Form/Page_/p_By signing up for Enfamil Family Beginnin_031202' located by '//div[@id='__next']/div/div/main/article/section[2]/div/div[3]/div/div[2]/div[2]/div[2]/div[2]/p' not found
	at com.kms.katalon.core.webui.keyword.internal.WebUIKeywordMain.stepFailed(WebUIKeywordMain.groovy:64)
	at com.kms.katalon.core.webui.keyword.builtin.VerifyElementTextKeyword$_verifyElementText_closure1.doCall(VerifyElementTextKeyword.groovy:64)
	at com.kms.katalon.core.webui.keyword.builtin.VerifyElementTextKeyword$_verifyElementText_closure1.call(VerifyElementTextKeyword.groovy)
	at com.kms.katalon.core.webui.keyword.internal.WebUIKeywordMain.runKeyword(WebUIKeywordMain.groovy:20)
	at com.kms.katalon.core.webui.keyword.builtin.VerifyElementTextKeyword.verifyElementText(VerifyElementTextKeyword.groovy:72)
	at com.kms.katalon.core.webui.keyword.builtin.VerifyElementTextKeyword.execute(VerifyElementTextKeyword.groovy:40)
	at com.kms.katalon.core.keyword.internal.KeywordExecutor.executeKeywordForPlatform(KeywordExecutor.groovy:74)
	at com.kms.katalon.core.webui.keyword.WebUiBuiltInKeywords.verifyElementText(WebUiBuiltInKeywords.groovy:4749)
	at com.kms.katalon.core.webui.keyword.WebUiBuiltInKeywords$verifyElementText$5.call(Unknown Source)
	at Precon - Form Verification.run(Precon - Form Verification:149)
	at com.kms.katalon.core.main.ScriptEngine.run(ScriptEngine.java:194)
	at com.kms.katalon.core.main.ScriptEngine.runScriptAsRawText(ScriptEngine.java:119)
	at com.kms.katalon.core.main.TestCaseExecutor.runScript(TestCaseExecutor.java:445)
	at com.kms.katalon.core.main.TestCaseExecutor.doExecute(TestCaseExecutor.java:436)
	at com.kms.katalon.core.main.TestCaseExecutor.processExecutionPhase(TestCaseExecutor.java:415)
	at com.kms.katalon.core.main.TestCaseExecutor.accessMainPhase(TestCaseExecutor.java:407)
	at com.kms.katalon.core.main.TestCaseExecutor.execute(TestCaseExecutor.java:284)
	at com.kms.katalon.core.common.CommonExecutor.accessTestCaseMainPhase(CommonExecutor.java:65)
	at com.kms.katalon.core.main.TestSuiteExecutor.accessTestSuiteMainPhase(TestSuiteExecutor.java:144)
	at com.kms.katalon.core.main.TestSuiteExecutor.execute(TestSuiteExecutor.java:106)
	at com.kms.katalon.core.main.TestCaseMain.startTestSuite(TestCaseMain.java:185)
	at com.kms.katalon.core.main.TestCaseMain$startTestSuite$0.call(Unknown Source)
	at TempTestSuite1650304259606.run(TempTestSuite1650304259606.groovy:36)
)

2022-04-18 23:35:12 - [MESSAGE][INFO] - Unable to find the element located by 'By.xpath: //div[@id='__next']/div/div/main/article/section[2]/div/div[3]/div/div[2]/div[2]/div[2]/div[2]/p'. Please recheck the objects properties to make sure the desired element is located. 

2022-04-18 23:35:12 - [MESSAGE][FAILED] - com.kms.katalon.core.webui.exception.WebElementNotFoundException: Web element with id: 'Object Repository/Form Verification/Precon Form/Page_/p_By signing up for Enfamil Family Beginnin_031202' located by '//div[@id='__next']/div/div/main/article/section[2]/div/div[3]/div/div[2]/div[2]/div[2]/div[2]/p' not found (Root cause: com.kms.katalon.core.exception.StepFailedException: com.kms.katalon.core.webui.exception.WebElementNotFoundException: Web element with id: 'Object Repository/Form Verification/Precon Form/Page_/p_By signing up for Enfamil Family Beginnin_031202' located by '//div[@id='__next']/div/div/main/article/section[2]/div/div[3]/div/div[2]/div[2]/div[2]/div[2]/p' not found
	at com.kms.katalon.core.webui.keyword.internal.WebUIKeywordMain.stepFailed(WebUIKeywordMain.groovy:64)
	at com.kms.katalon.core.webui.keyword.builtin.VerifyElementTextKeyword$_verifyElementText_closure1.doCall(VerifyElementTextKeyword.groovy:64)
	at com.kms.katalon.core.webui.keyword.builtin.VerifyElementTextKeyword$_verifyElementText_closure1.call(VerifyElementTextKeyword.groovy)
	at com.kms.katalon.core.webui.keyword.internal.WebUIKeywordMain.runKeyword(WebUIKeywordMain.groovy:20)
	at com.kms.katalon.core.webui.keyword.builtin.VerifyElementTextKeyword.verifyElementText(VerifyElementTextKeyword.groovy:72)
	at com.kms.katalon.core.webui.keyword.builtin.VerifyElementTextKeyword.execute(VerifyElementTextKeyword.groovy:40)
	at com.kms.katalon.core.keyword.internal.KeywordExecutor.executeKeywordForPlatform(KeywordExecutor.groovy:74)
	at com.kms.katalon.core.webui.keyword.WebUiBuiltInKeywords.verifyElementText(WebUiBuiltInKeywords.groovy:4749)
	at com.kms.katalon.core.webui.keyword.WebUiBuiltInKeywords$verifyElementText$5.call(Unknown Source)
	at Precon - Form Verification.run(Precon - Form Verification:149)
	at com.kms.katalon.core.main.ScriptEngine.run(ScriptEngine.java:194)
	at com.kms.katalon.core.main.ScriptEngine.runScriptAsRawText(ScriptEngine.java:119)
	at com.kms.katalon.core.main.TestCaseExecutor.runScript(TestCaseExecutor.java:445)
	at com.kms.katalon.core.main.TestCaseExecutor.doExecute(TestCaseExecutor.java:436)
	at com.kms.katalon.core.main.TestCaseExecutor.processExecutionPhase(TestCaseExecutor.java:415)
	at com.kms.katalon.core.main.TestCaseExecutor.accessMainPhase(TestCaseExecutor.java:407)
	at com.kms.katalon.core.main.TestCaseExecutor.execute(TestCaseExecutor.java:284)
	at com.kms.katalon.core.common.CommonExecutor.accessTestCaseMainPhase(CommonExecutor.java:65)
	at com.kms.katalon.core.main.TestSuiteExecutor.accessTestSuiteMainPhase(TestSuiteExecutor.java:144)
	at com.kms.katalon.core.main.TestSuiteExecutor.execute(TestSuiteExecutor.java:106)
	at com.kms.katalon.core.main.TestCaseMain.startTestSuite(TestCaseMain.java:185)
	at com.kms.katalon.core.main.TestCaseMain$startTestSuite$0.call(Unknown Source)
	at TempTestSuite1650304259606.run(TempTestSuite1650304259606.groovy:36)
)
[[ATTACHMENT|D:\\SmoketestSuite\\enfamilUS\\Reports\\20220418_232059\\SmokeTestCollection - Venkat\\SmokeTestSuite-Collection - UAT\\20220418_232059\\1650305112124.png]]

2022-04-18 23:35:12 - [TEST_STEP][FAILED] - verifyElementPresent(findTestObject("Object Repository/Form Verification/Precon Form/Page_/a_Learn more_1"), 0): com.kms.katalon.core.webui.exception.WebElementNotFoundException: Web element with id: 'Object Repository/Form Verification/Precon Form/Page_/a_Learn more_1' located by '//div[@id='__next']/div/div/main/article/section[2]/div/div[3]/div/div[2]/div[2]/div[2]/div[2]/p[2]/a' not found (Root cause: com.kms.katalon.core.exception.StepFailedException: com.kms.katalon.core.webui.exception.WebElementNotFoundException: Web element with id: 'Object Repository/Form Verification/Precon Form/Page_/a_Learn more_1' located by '//div[@id='__next']/div/div/main/article/section[2]/div/div[3]/div/div[2]/div[2]/div[2]/div[2]/p[2]/a' not found
	at com.kms.katalon.core.webui.keyword.internal.WebUIKeywordMain.stepFailed(WebUIKeywordMain.groovy:64)
	at com.kms.katalon.core.webui.keyword.builtin.VerifyElementPresentKeyword$_verifyElementPresent_closure1.doCall(VerifyElementPresentKeyword.groovy:85)
	at com.kms.katalon.core.webui.keyword.builtin.VerifyElementPresentKeyword$_verifyElementPresent_closure1.call(VerifyElementPresentKeyword.groovy)
	at com.kms.katalon.core.webui.keyword.internal.WebUIKeywordMain.runKeyword(WebUIKeywordMain.groovy:20)
	at com.kms.katalon.core.webui.keyword.builtin.VerifyElementPresentKeyword.verifyElementPresent(VerifyElementPresentKeyword.groovy:92)
	at com.kms.katalon.core.webui.keyword.builtin.VerifyElementPresentKeyword.execute(VerifyElementPresentKeyword.groovy:68)
	at com.kms.katalon.core.keyword.internal.KeywordExecutor.executeKeywordForPlatform(KeywordExecutor.groovy:74)
	at com.kms.katalon.core.webui.keyword.WebUiBuiltInKeywords.verifyElementPresent(WebUiBuiltInKeywords.groovy:1464)
	at com.kms.katalon.core.webui.keyword.WebUiBuiltInKeywords$verifyElementPresent$4.call(Unknown Source)
	at Precon - Form Verification.run(Precon - Form Verification:152)
	at com.kms.katalon.core.main.ScriptEngine.run(ScriptEngine.java:194)
	at com.kms.katalon.core.main.ScriptEngine.runScriptAsRawText(ScriptEngine.java:119)
	at com.kms.katalon.core.main.TestCaseExecutor.runScript(TestCaseExecutor.java:445)
	at com.kms.katalon.core.main.TestCaseExecutor.doExecute(TestCaseExecutor.java:436)
	at com.kms.katalon.core.main.TestCaseExecutor.processExecutionPhase(TestCaseExecutor.java:415)
	at com.kms.katalon.core.main.TestCaseExecutor.accessMainPhase(TestCaseExecutor.java:407)
	at com.kms.katalon.core.main.TestCaseExecutor.execute(TestCaseExecutor.java:284)
	at com.kms.katalon.core.common.CommonExecutor.accessTestCaseMainPhase(CommonExecutor.java:65)
	at com.kms.katalon.core.main.TestSuiteExecutor.accessTestSuiteMainPhase(TestSuiteExecutor.java:144)
	at com.kms.katalon.core.main.TestSuiteExecutor.execute(TestSuiteExecutor.java:106)
	at com.kms.katalon.core.main.TestCaseMain.startTestSuite(TestCaseMain.java:185)
	at com.kms.katalon.core.main.TestCaseMain$startTestSuite$0.call(Unknown Source)
	at TempTestSuite1650304259606.run(TempTestSuite1650304259606.groovy:36)
)

2022-04-18 23:35:12 - [MESSAGE][WARNING] - Timeout '0' is invalid. Using default page load timeout: '5'

2022-04-18 23:35:18 - [MESSAGE][INFO] - Unable to find the element located by 'By.xpath: //div[@id='__next']/div/div/main/article/section[2]/div/div[3]/div/div[2]/div[2]/div[2]/div[2]/p[2]/a'. Please recheck the objects properties to make sure the desired element is located. 

2022-04-18 23:35:18 - [MESSAGE][FAILED] - com.kms.katalon.core.webui.exception.WebElementNotFoundException: Web element with id: 'Object Repository/Form Verification/Precon Form/Page_/a_Learn more_1' located by '//div[@id='__next']/div/div/main/article/section[2]/div/div[3]/div/div[2]/div[2]/div[2]/div[2]/p[2]/a' not found (Root cause: com.kms.katalon.core.exception.StepFailedException: com.kms.katalon.core.webui.exception.WebElementNotFoundException: Web element with id: 'Object Repository/Form Verification/Precon Form/Page_/a_Learn more_1' located by '//div[@id='__next']/div/div/main/article/section[2]/div/div[3]/div/div[2]/div[2]/div[2]/div[2]/p[2]/a' not found
	at com.kms.katalon.core.webui.keyword.internal.WebUIKeywordMain.stepFailed(WebUIKeywordMain.groovy:64)
	at com.kms.katalon.core.webui.keyword.builtin.VerifyElementPresentKeyword$_verifyElementPresent_closure1.doCall(VerifyElementPresentKeyword.groovy:85)
	at com.kms.katalon.core.webui.keyword.builtin.VerifyElementPresentKeyword$_verifyElementPresent_closure1.call(VerifyElementPresentKeyword.groovy)
	at com.kms.katalon.core.webui.keyword.internal.WebUIKeywordMain.runKeyword(WebUIKeywordMain.groovy:20)
	at com.kms.katalon.core.webui.keyword.builtin.VerifyElementPresentKeyword.verifyElementPresent(VerifyElementPresentKeyword.groovy:92)
	at com.kms.katalon.core.webui.keyword.builtin.VerifyElementPresentKeyword.execute(VerifyElementPresentKeyword.groovy:68)
	at com.kms.katalon.core.keyword.internal.KeywordExecutor.executeKeywordForPlatform(KeywordExecutor.groovy:74)
	at com.kms.katalon.core.webui.keyword.WebUiBuiltInKeywords.verifyElementPresent(WebUiBuiltInKeywords.groovy:1464)
	at com.kms.katalon.core.webui.keyword.WebUiBuiltInKeywords$verifyElementPresent$4.call(Unknown Source)
	at Precon - Form Verification.run(Precon - Form Verification:152)
	at com.kms.katalon.core.main.ScriptEngine.run(ScriptEngine.java:194)
	at com.kms.katalon.core.main.ScriptEngine.runScriptAsRawText(ScriptEngine.java:119)
	at com.kms.katalon.core.main.TestCaseExecutor.runScript(TestCaseExecutor.java:445)
	at com.kms.katalon.core.main.TestCaseExecutor.doExecute(TestCaseExecutor.java:436)
	at com.kms.katalon.core.main.TestCaseExecutor.processExecutionPhase(TestCaseExecutor.java:415)
	at com.kms.katalon.core.main.TestCaseExecutor.accessMainPhase(TestCaseExecutor.java:407)
	at com.kms.katalon.core.main.TestCaseExecutor.execute(TestCaseExecutor.java:284)
	at com.kms.katalon.core.common.CommonExecutor.accessTestCaseMainPhase(CommonExecutor.java:65)
	at com.kms.katalon.core.main.TestSuiteExecutor.accessTestSuiteMainPhase(TestSuiteExecutor.java:144)
	at com.kms.katalon.core.main.TestSuiteExecutor.execute(TestSuiteExecutor.java:106)
	at com.kms.katalon.core.main.TestCaseMain.startTestSuite(TestCaseMain.java:185)
	at com.kms.katalon.core.main.TestCaseMain$startTestSuite$0.call(Unknown Source)
	at TempTestSuite1650304259606.run(TempTestSuite1650304259606.groovy:36)
)
[[ATTACHMENT|D:\\SmoketestSuite\\enfamilUS\\Reports\\20220418_232059\\SmokeTestCollection - Venkat\\SmokeTestSuite-Collection - UAT\\20220418_232059\\1650305118569.png]]

2022-04-18 23:35:18 - [TEST_STEP][FAILED] - verifyElementText(findTestObject("Object Repository/Form Verification/Precon Form/Page_/a_Learn more_1"), "Learn more"): com.kms.katalon.core.webui.exception.WebElementNotFoundException: Web element with id: 'Object Repository/Form Verification/Precon Form/Page_/a_Learn more_1' located by '//div[@id='__next']/div/div/main/article/section[2]/div/div[3]/div/div[2]/div[2]/div[2]/div[2]/p[2]/a' not found (Root cause: com.kms.katalon.core.exception.StepFailedException: com.kms.katalon.core.webui.exception.WebElementNotFoundException: Web element with id: 'Object Repository/Form Verification/Precon Form/Page_/a_Learn more_1' located by '//div[@id='__next']/div/div/main/article/section[2]/div/div[3]/div/div[2]/div[2]/div[2]/div[2]/p[2]/a' not found
	at com.kms.katalon.core.webui.keyword.internal.WebUIKeywordMain.stepFailed(WebUIKeywordMain.groovy:64)
	at com.kms.katalon.core.webui.keyword.builtin.VerifyElementTextKeyword$_verifyElementText_closure1.doCall(VerifyElementTextKeyword.groovy:64)
	at com.kms.katalon.core.webui.keyword.builtin.VerifyElementTextKeyword$_verifyElementText_closure1.call(VerifyElementTextKeyword.groovy)
	at com.kms.katalon.core.webui.keyword.internal.WebUIKeywordMain.runKeyword(WebUIKeywordMain.groovy:20)
	at com.kms.katalon.core.webui.keyword.builtin.VerifyElementTextKeyword.verifyElementText(VerifyElementTextKeyword.groovy:72)
	at com.kms.katalon.core.webui.keyword.builtin.VerifyElementTextKeyword.execute(VerifyElementTextKeyword.groovy:40)
	at com.kms.katalon.core.keyword.internal.KeywordExecutor.executeKeywordForPlatform(KeywordExecutor.groovy:74)
	at com.kms.katalon.core.webui.keyword.WebUiBuiltInKeywords.verifyElementText(WebUiBuiltInKeywords.groovy:4749)
	at com.kms.katalon.core.webui.keyword.WebUiBuiltInKeywords$verifyElementText$5.call(Unknown Source)
	at Precon - Form Verification.run(Precon - Form Verification:154)
	at com.kms.katalon.core.main.ScriptEngine.run(ScriptEngine.java:194)
	at com.kms.katalon.core.main.ScriptEngine.runScriptAsRawText(ScriptEngine.java:119)
	at com.kms.katalon.core.main.TestCaseExecutor.runScript(TestCaseExecutor.java:445)
	at com.kms.katalon.core.main.TestCaseExecutor.doExecute(TestCaseExecutor.java:436)
	at com.kms.katalon.core.main.TestCaseExecutor.processExecutionPhase(TestCaseExecutor.java:415)
	at com.kms.katalon.core.main.TestCaseExecutor.accessMainPhase(TestCaseExecutor.java:407)
	at com.kms.katalon.core.main.TestCaseExecutor.execute(TestCaseExecutor.java:284)
	at com.kms.katalon.core.common.CommonExecutor.accessTestCaseMainPhase(CommonExecutor.java:65)
	at com.kms.katalon.core.main.TestSuiteExecutor.accessTestSuiteMainPhase(TestSuiteExecutor.java:144)
	at com.kms.katalon.core.main.TestSuiteExecutor.execute(TestSuiteExecutor.java:106)
	at com.kms.katalon.core.main.TestCaseMain.startTestSuite(TestCaseMain.java:185)
	at com.kms.katalon.core.main.TestCaseMain$startTestSuite$0.call(Unknown Source)
	at TempTestSuite1650304259606.run(TempTestSuite1650304259606.groovy:36)
)

2022-04-18 23:35:24 - [MESSAGE][INFO] - Unable to find the element located by 'By.xpath: //div[@id='__next']/div/div/main/article/section[2]/div/div[3]/div/div[2]/div[2]/div[2]/div[2]/p[2]/a'. Please recheck the objects properties to make sure the desired element is located. 

2022-04-18 23:35:25 - [MESSAGE][FAILED] - com.kms.katalon.core.webui.exception.WebElementNotFoundException: Web element with id: 'Object Repository/Form Verification/Precon Form/Page_/a_Learn more_1' located by '//div[@id='__next']/div/div/main/article/section[2]/div/div[3]/div/div[2]/div[2]/div[2]/div[2]/p[2]/a' not found (Root cause: com.kms.katalon.core.exception.StepFailedException: com.kms.katalon.core.webui.exception.WebElementNotFoundException: Web element with id: 'Object Repository/Form Verification/Precon Form/Page_/a_Learn more_1' located by '//div[@id='__next']/div/div/main/article/section[2]/div/div[3]/div/div[2]/div[2]/div[2]/div[2]/p[2]/a' not found
	at com.kms.katalon.core.webui.keyword.internal.WebUIKeywordMain.stepFailed(WebUIKeywordMain.groovy:64)
	at com.kms.katalon.core.webui.keyword.builtin.VerifyElementTextKeyword$_verifyElementText_closure1.doCall(VerifyElementTextKeyword.groovy:64)
	at com.kms.katalon.core.webui.keyword.builtin.VerifyElementTextKeyword$_verifyElementText_closure1.call(VerifyElementTextKeyword.groovy)
	at com.kms.katalon.core.webui.keyword.internal.WebUIKeywordMain.runKeyword(WebUIKeywordMain.groovy:20)
	at com.kms.katalon.core.webui.keyword.builtin.VerifyElementTextKeyword.verifyElementText(VerifyElementTextKeyword.groovy:72)
	at com.kms.katalon.core.webui.keyword.builtin.VerifyElementTextKeyword.execute(VerifyElementTextKeyword.groovy:40)
	at com.kms.katalon.core.keyword.internal.KeywordExecutor.executeKeywordForPlatform(KeywordExecutor.groovy:74)
	at com.kms.katalon.core.webui.keyword.WebUiBuiltInKeywords.verifyElementText(WebUiBuiltInKeywords.groovy:4749)
	at com.kms.katalon.core.webui.keyword.WebUiBuiltInKeywords$verifyElementText$5.call(Unknown Source)
	at Precon - Form Verification.run(Precon - Form Verification:154)
	at com.kms.katalon.core.main.ScriptEngine.run(ScriptEngine.java:194)
	at com.kms.katalon.core.main.ScriptEngine.runScriptAsRawText(ScriptEngine.java:119)
	at com.kms.katalon.core.main.TestCaseExecutor.runScript(TestCaseExecutor.java:445)
	at com.kms.katalon.core.main.TestCaseExecutor.doExecute(TestCaseExecutor.java:436)
	at com.kms.katalon.core.main.TestCaseExecutor.processExecutionPhase(TestCaseExecutor.java:415)
	at com.kms.katalon.core.main.TestCaseExecutor.accessMainPhase(TestCaseExecutor.java:407)
	at com.kms.katalon.core.main.TestCaseExecutor.execute(TestCaseExecutor.java:284)
	at com.kms.katalon.core.common.CommonExecutor.accessTestCaseMainPhase(CommonExecutor.java:65)
	at com.kms.katalon.core.main.TestSuiteExecutor.accessTestSuiteMainPhase(TestSuiteExecutor.java:144)
	at com.kms.katalon.core.main.TestSuiteExecutor.execute(TestSuiteExecutor.java:106)
	at com.kms.katalon.core.main.TestCaseMain.startTestSuite(TestCaseMain.java:185)
	at com.kms.katalon.core.main.TestCaseMain$startTestSuite$0.call(Unknown Source)
	at TempTestSuite1650304259606.run(TempTestSuite1650304259606.groovy:36)
)
[[ATTACHMENT|D:\\SmoketestSuite\\enfamilUS\\Reports\\20220418_232059\\SmokeTestCollection - Venkat\\SmokeTestSuite-Collection - UAT\\20220418_232059\\1650305124878.png]]

2022-04-18 23:35:25 - [TEST_STEP][FAILED] - verifyElementClickable(findTestObject("Object Repository/Form Verification/Precon Form/Page_/a_Learn more_1")): Web element with id: 'Object Repository/Form Verification/Precon Form/Page_/a_Learn more_1' located by '//div[@id='__next']/div/div/main/article/section[2]/div/div[3]/div/div[2]/div[2]/div[2]/div[2]/p[2]/a' not found (Root cause: com.kms.katalon.core.exception.StepFailedException: Web element with id: 'Object Repository/Form Verification/Precon Form/Page_/a_Learn more_1' located by '//div[@id='__next']/div/div/main/article/section[2]/div/div[3]/div/div[2]/div[2]/div[2]/div[2]/p[2]/a' not found
	at com.kms.katalon.core.webui.keyword.internal.WebUIKeywordMain.stepFailed(WebUIKeywordMain.groovy:64)
	at com.kms.katalon.core.webui.keyword.builtin.VerifyElementClickableKeyword$_verifyElementClickable_closure1.doCall(VerifyElementClickableKeyword.groovy:88)
	at com.kms.katalon.core.webui.keyword.builtin.VerifyElementClickableKeyword$_verifyElementClickable_closure1.call(VerifyElementClickableKeyword.groovy)
	at com.kms.katalon.core.webui.keyword.internal.WebUIKeywordMain.runKeyword(WebUIKeywordMain.groovy:20)
	at com.kms.katalon.core.webui.keyword.builtin.VerifyElementClickableKeyword.verifyElementClickable(VerifyElementClickableKeyword.groovy:96)
	at com.kms.katalon.core.webui.keyword.builtin.VerifyElementClickableKeyword.execute(VerifyElementClickableKeyword.groovy:67)
	at com.kms.katalon.core.keyword.internal.KeywordExecutor.executeKeywordForPlatform(KeywordExecutor.groovy:74)
	at com.kms.katalon.core.webui.keyword.WebUiBuiltInKeywords.verifyElementClickable(WebUiBuiltInKeywords.groovy:566)
	at com.kms.katalon.core.webui.keyword.WebUiBuiltInKeywords$verifyElementClickable$6.call(Unknown Source)
	at Precon - Form Verification.run(Precon - Form Verification:156)
	at com.kms.katalon.core.main.ScriptEngine.run(ScriptEngine.java:194)
	at com.kms.katalon.core.main.ScriptEngine.runScriptAsRawText(ScriptEngine.java:119)
	at com.kms.katalon.core.main.TestCaseExecutor.runScript(TestCaseExecutor.java:445)
	at com.kms.katalon.core.main.TestCaseExecutor.doExecute(TestCaseExecutor.java:436)
	at com.kms.katalon.core.main.TestCaseExecutor.processExecutionPhase(TestCaseExecutor.java:415)
	at com.kms.katalon.core.main.TestCaseExecutor.accessMainPhase(TestCaseExecutor.java:407)
	at com.kms.katalon.core.main.TestCaseExecutor.execute(TestCaseExecutor.java:284)
	at com.kms.katalon.core.common.CommonExecutor.accessTestCaseMainPhase(CommonExecutor.java:65)
	at com.kms.katalon.core.main.TestSuiteExecutor.accessTestSuiteMainPhase(TestSuiteExecutor.java:144)
	at com.kms.katalon.core.main.TestSuiteExecutor.execute(TestSuiteExecutor.java:106)
	at com.kms.katalon.core.main.TestCaseMain.startTestSuite(TestCaseMain.java:185)
	at com.kms.katalon.core.main.TestCaseMain$startTestSuite$0.call(Unknown Source)
	at TempTestSuite1650304259606.run(TempTestSuite1650304259606.groovy:36)
)

2022-04-18 23:35:31 - [MESSAGE][INFO] - Unable to find the element located by 'By.xpath: //div[@id='__next']/div/div/main/article/section[2]/div/div[3]/div/div[2]/div[2]/div[2]/div[2]/p[2]/a'. Please recheck the objects properties to make sure the desired element is located. 

2022-04-18 23:35:31 - [MESSAGE][FAILED] - Web element with id: 'Object Repository/Form Verification/Precon Form/Page_/a_Learn more_1' located by '//div[@id='__next']/div/div/main/article/section[2]/div/div[3]/div/div[2]/div[2]/div[2]/div[2]/p[2]/a' not found (Root cause: com.kms.katalon.core.exception.StepFailedException: Web element with id: 'Object Repository/Form Verification/Precon Form/Page_/a_Learn more_1' located by '//div[@id='__next']/div/div/main/article/section[2]/div/div[3]/div/div[2]/div[2]/div[2]/div[2]/p[2]/a' not found
	at com.kms.katalon.core.webui.keyword.internal.WebUIKeywordMain.stepFailed(WebUIKeywordMain.groovy:64)
	at com.kms.katalon.core.webui.keyword.builtin.VerifyElementClickableKeyword$_verifyElementClickable_closure1.doCall(VerifyElementClickableKeyword.groovy:88)
	at com.kms.katalon.core.webui.keyword.builtin.VerifyElementClickableKeyword$_verifyElementClickable_closure1.call(VerifyElementClickableKeyword.groovy)
	at com.kms.katalon.core.webui.keyword.internal.WebUIKeywordMain.runKeyword(WebUIKeywordMain.groovy:20)
	at com.kms.katalon.core.webui.keyword.builtin.VerifyElementClickableKeyword.verifyElementClickable(VerifyElementClickableKeyword.groovy:96)
	at com.kms.katalon.core.webui.keyword.builtin.VerifyElementClickableKeyword.execute(VerifyElementClickableKeyword.groovy:67)
	at com.kms.katalon.core.keyword.internal.KeywordExecutor.executeKeywordForPlatform(KeywordExecutor.groovy:74)
	at com.kms.katalon.core.webui.keyword.WebUiBuiltInKeywords.verifyElementClickable(WebUiBuiltInKeywords.groovy:566)
	at com.kms.katalon.core.webui.keyword.WebUiBuiltInKeywords$verifyElementClickable$6.call(Unknown Source)
	at Precon - Form Verification.run(Precon - Form Verification:156)
	at com.kms.katalon.core.main.ScriptEngine.run(ScriptEngine.java:194)
	at com.kms.katalon.core.main.ScriptEngine.runScriptAsRawText(ScriptEngine.java:119)
	at com.kms.katalon.core.main.TestCaseExecutor.runScript(TestCaseExecutor.java:445)
	at com.kms.katalon.core.main.TestCaseExecutor.doExecute(TestCaseExecutor.java:436)
	at com.kms.katalon.core.main.TestCaseExecutor.processExecutionPhase(TestCaseExecutor.java:415)
	at com.kms.katalon.core.main.TestCaseExecutor.accessMainPhase(TestCaseExecutor.java:407)
	at com.kms.katalon.core.main.TestCaseExecutor.execute(TestCaseExecutor.java:284)
	at com.kms.katalon.core.common.CommonExecutor.accessTestCaseMainPhase(CommonExecutor.java:65)
	at com.kms.katalon.core.main.TestSuiteExecutor.accessTestSuiteMainPhase(TestSuiteExecutor.java:144)
	at com.kms.katalon.core.main.TestSuiteExecutor.execute(TestSuiteExecutor.java:106)
	at com.kms.katalon.core.main.TestCaseMain.startTestSuite(TestCaseMain.java:185)
	at com.kms.katalon.core.main.TestCaseMain$startTestSuite$0.call(Unknown Source)
	at TempTestSuite1650304259606.run(TempTestSuite1650304259606.groovy:36)
)
[[ATTACHMENT|D:\\SmoketestSuite\\enfamilUS\\Reports\\20220418_232059\\SmokeTestCollection - Venkat\\SmokeTestSuite-Collection - UAT\\20220418_232059\\1650305131289.png]]

2022-04-18 23:35:31 - [TEST_STEP][FAILED] - verifyElementPresent(findTestObject("Object Repository/Form Verification/Precon Form/Page_/div_3. Formula samplesAs a member of the En_98fbbb"), 0): com.kms.katalon.core.webui.exception.WebElementNotFoundException: Web element with id: 'Object Repository/Form Verification/Precon Form/Page_/div_3. Formula samplesAs a member of the En_98fbbb' located by '//div[@id='__next']/div/div/main/article/section[2]/div/div[3]/div/div[2]/div[3]' not found (Root cause: com.kms.katalon.core.exception.StepFailedException: com.kms.katalon.core.webui.exception.WebElementNotFoundException: Web element with id: 'Object Repository/Form Verification/Precon Form/Page_/div_3. Formula samplesAs a member of the En_98fbbb' located by '//div[@id='__next']/div/div/main/article/section[2]/div/div[3]/div/div[2]/div[3]' not found
	at com.kms.katalon.core.webui.keyword.internal.WebUIKeywordMain.stepFailed(WebUIKeywordMain.groovy:64)
	at com.kms.katalon.core.webui.keyword.builtin.VerifyElementPresentKeyword$_verifyElementPresent_closure1.doCall(VerifyElementPresentKeyword.groovy:85)
	at com.kms.katalon.core.webui.keyword.builtin.VerifyElementPresentKeyword$_verifyElementPresent_closure1.call(VerifyElementPresentKeyword.groovy)
	at com.kms.katalon.core.webui.keyword.internal.WebUIKeywordMain.runKeyword(WebUIKeywordMain.groovy:20)
	at com.kms.katalon.core.webui.keyword.builtin.VerifyElementPresentKeyword.verifyElementPresent(VerifyElementPresentKeyword.groovy:92)
	at com.kms.katalon.core.webui.keyword.builtin.VerifyElementPresentKeyword.execute(VerifyElementPresentKeyword.groovy:68)
	at com.kms.katalon.core.keyword.internal.KeywordExecutor.executeKeywordForPlatform(KeywordExecutor.groovy:74)
	at com.kms.katalon.core.webui.keyword.WebUiBuiltInKeywords.verifyElementPresent(WebUiBuiltInKeywords.groovy:1464)
	at com.kms.katalon.core.webui.keyword.WebUiBuiltInKeywords$verifyElementPresent$4.call(Unknown Source)
	at Precon - Form Verification.run(Precon - Form Verification:158)
	at com.kms.katalon.core.main.ScriptEngine.run(ScriptEngine.java:194)
	at com.kms.katalon.core.main.ScriptEngine.runScriptAsRawText(ScriptEngine.java:119)
	at com.kms.katalon.core.main.TestCaseExecutor.runScript(TestCaseExecutor.java:445)
	at com.kms.katalon.core.main.TestCaseExecutor.doExecute(TestCaseExecutor.java:436)
	at com.kms.katalon.core.main.TestCaseExecutor.processExecutionPhase(TestCaseExecutor.java:415)
	at com.kms.katalon.core.main.TestCaseExecutor.accessMainPhase(TestCaseExecutor.java:407)
	at com.kms.katalon.core.main.TestCaseExecutor.execute(TestCaseExecutor.java:284)
	at com.kms.katalon.core.common.CommonExecutor.accessTestCaseMainPhase(CommonExecutor.java:65)
	at com.kms.katalon.core.main.TestSuiteExecutor.accessTestSuiteMainPhase(TestSuiteExecutor.java:144)
	at com.kms.katalon.core.main.TestSuiteExecutor.execute(TestSuiteExecutor.java:106)
	at com.kms.katalon.core.main.TestCaseMain.startTestSuite(TestCaseMain.java:185)
	at com.kms.katalon.core.main.TestCaseMain$startTestSuite$0.call(Unknown Source)
	at TempTestSuite1650304259606.run(TempTestSuite1650304259606.groovy:36)
)

2022-04-18 23:35:31 - [MESSAGE][WARNING] - Timeout '0' is invalid. Using default page load timeout: '5'

2022-04-18 23:35:37 - [MESSAGE][INFO] - Unable to find the element located by 'By.xpath: //div[@id='__next']/div/div/main/article/section[2]/div/div[3]/div/div[2]/div[3]'. Please recheck the objects properties to make sure the desired element is located. 

2022-04-18 23:35:38 - [MESSAGE][FAILED] - com.kms.katalon.core.webui.exception.WebElementNotFoundException: Web element with id: 'Object Repository/Form Verification/Precon Form/Page_/div_3. Formula samplesAs a member of the En_98fbbb' located by '//div[@id='__next']/div/div/main/article/section[2]/div/div[3]/div/div[2]/div[3]' not found (Root cause: com.kms.katalon.core.exception.StepFailedException: com.kms.katalon.core.webui.exception.WebElementNotFoundException: Web element with id: 'Object Repository/Form Verification/Precon Form/Page_/div_3. Formula samplesAs a member of the En_98fbbb' located by '//div[@id='__next']/div/div/main/article/section[2]/div/div[3]/div/div[2]/div[3]' not found
	at com.kms.katalon.core.webui.keyword.internal.WebUIKeywordMain.stepFailed(WebUIKeywordMain.groovy:64)
	at com.kms.katalon.core.webui.keyword.builtin.VerifyElementPresentKeyword$_verifyElementPresent_closure1.doCall(VerifyElementPresentKeyword.groovy:85)
	at com.kms.katalon.core.webui.keyword.builtin.VerifyElementPresentKeyword$_verifyElementPresent_closure1.call(VerifyElementPresentKeyword.groovy)
	at com.kms.katalon.core.webui.keyword.internal.WebUIKeywordMain.runKeyword(WebUIKeywordMain.groovy:20)
	at com.kms.katalon.core.webui.keyword.builtin.VerifyElementPresentKeyword.verifyElementPresent(VerifyElementPresentKeyword.groovy:92)
	at com.kms.katalon.core.webui.keyword.builtin.VerifyElementPresentKeyword.execute(VerifyElementPresentKeyword.groovy:68)
	at com.kms.katalon.core.keyword.internal.KeywordExecutor.executeKeywordForPlatform(KeywordExecutor.groovy:74)
	at com.kms.katalon.core.webui.keyword.WebUiBuiltInKeywords.verifyElementPresent(WebUiBuiltInKeywords.groovy:1464)
	at com.kms.katalon.core.webui.keyword.WebUiBuiltInKeywords$verifyElementPresent$4.call(Unknown Source)
	at Precon - Form Verification.run(Precon - Form Verification:158)
	at com.kms.katalon.core.main.ScriptEngine.run(ScriptEngine.java:194)
	at com.kms.katalon.core.main.ScriptEngine.runScriptAsRawText(ScriptEngine.java:119)
	at com.kms.katalon.core.main.TestCaseExecutor.runScript(TestCaseExecutor.java:445)
	at com.kms.katalon.core.main.TestCaseExecutor.doExecute(TestCaseExecutor.java:436)
	at com.kms.katalon.core.main.TestCaseExecutor.processExecutionPhase(TestCaseExecutor.java:415)
	at com.kms.katalon.core.main.TestCaseExecutor.accessMainPhase(TestCaseExecutor.java:407)
	at com.kms.katalon.core.main.TestCaseExecutor.execute(TestCaseExecutor.java:284)
	at com.kms.katalon.core.common.CommonExecutor.accessTestCaseMainPhase(CommonExecutor.java:65)
	at com.kms.katalon.core.main.TestSuiteExecutor.accessTestSuiteMainPhase(TestSuiteExecutor.java:144)
	at com.kms.katalon.core.main.TestSuiteExecutor.execute(TestSuiteExecutor.java:106)
	at com.kms.katalon.core.main.TestCaseMain.startTestSuite(TestCaseMain.java:185)
	at com.kms.katalon.core.main.TestCaseMain$startTestSuite$0.call(Unknown Source)
	at TempTestSuite1650304259606.run(TempTestSuite1650304259606.groovy:36)
)
[[ATTACHMENT|D:\\SmoketestSuite\\enfamilUS\\Reports\\20220418_232059\\SmokeTestCollection - Venkat\\SmokeTestSuite-Collection - UAT\\20220418_232059\\1650305137819.png]]

2022-04-18 23:35:38 - [TEST_STEP][FAILED] - verifyElementPresent(findTestObject("Object Repository/Form Verification/Precon Form/Page_/h4_3. Formula samples"), 0): com.kms.katalon.core.webui.exception.WebElementNotFoundException: Web element with id: 'Object Repository/Form Verification/Precon Form/Page_/h4_3. Formula samples' located by '//div[@id='__next']/div/div/main/article/section[2]/div/div[3]/div/div[2]/div[3]/div[2]/div/h4' not found (Root cause: com.kms.katalon.core.exception.StepFailedException: com.kms.katalon.core.webui.exception.WebElementNotFoundException: Web element with id: 'Object Repository/Form Verification/Precon Form/Page_/h4_3. Formula samples' located by '//div[@id='__next']/div/div/main/article/section[2]/div/div[3]/div/div[2]/div[3]/div[2]/div/h4' not found
	at com.kms.katalon.core.webui.keyword.internal.WebUIKeywordMain.stepFailed(WebUIKeywordMain.groovy:64)
	at com.kms.katalon.core.webui.keyword.builtin.VerifyElementPresentKeyword$_verifyElementPresent_closure1.doCall(VerifyElementPresentKeyword.groovy:85)
	at com.kms.katalon.core.webui.keyword.builtin.VerifyElementPresentKeyword$_verifyElementPresent_closure1.call(VerifyElementPresentKeyword.groovy)
	at com.kms.katalon.core.webui.keyword.internal.WebUIKeywordMain.runKeyword(WebUIKeywordMain.groovy:20)
	at com.kms.katalon.core.webui.keyword.builtin.VerifyElementPresentKeyword.verifyElementPresent(VerifyElementPresentKeyword.groovy:92)
	at com.kms.katalon.core.webui.keyword.builtin.VerifyElementPresentKeyword.execute(VerifyElementPresentKeyword.groovy:68)
	at com.kms.katalon.core.keyword.internal.KeywordExecutor.executeKeywordForPlatform(KeywordExecutor.groovy:74)
	at com.kms.katalon.core.webui.keyword.WebUiBuiltInKeywords.verifyElementPresent(WebUiBuiltInKeywords.groovy:1464)
	at com.kms.katalon.core.webui.keyword.WebUiBuiltInKeywords$verifyElementPresent$4.call(Unknown Source)
	at Precon - Form Verification.run(Precon - Form Verification:161)
	at com.kms.katalon.core.main.ScriptEngine.run(ScriptEngine.java:194)
	at com.kms.katalon.core.main.ScriptEngine.runScriptAsRawText(ScriptEngine.java:119)
	at com.kms.katalon.core.main.TestCaseExecutor.runScript(TestCaseExecutor.java:445)
	at com.kms.katalon.core.main.TestCaseExecutor.doExecute(TestCaseExecutor.java:436)
	at com.kms.katalon.core.main.TestCaseExecutor.processExecutionPhase(TestCaseExecutor.java:415)
	at com.kms.katalon.core.main.TestCaseExecutor.accessMainPhase(TestCaseExecutor.java:407)
	at com.kms.katalon.core.main.TestCaseExecutor.execute(TestCaseExecutor.java:284)
	at com.kms.katalon.core.common.CommonExecutor.accessTestCaseMainPhase(CommonExecutor.java:65)
	at com.kms.katalon.core.main.TestSuiteExecutor.accessTestSuiteMainPhase(TestSuiteExecutor.java:144)
	at com.kms.katalon.core.main.TestSuiteExecutor.execute(TestSuiteExecutor.java:106)
	at com.kms.katalon.core.main.TestCaseMain.startTestSuite(TestCaseMain.java:185)
	at com.kms.katalon.core.main.TestCaseMain$startTestSuite$0.call(Unknown Source)
	at TempTestSuite1650304259606.run(TempTestSuite1650304259606.groovy:36)
)

2022-04-18 23:35:38 - [MESSAGE][WARNING] - Timeout '0' is invalid. Using default page load timeout: '5'

2022-04-18 23:35:44 - [MESSAGE][INFO] - Unable to find the element located by 'By.xpath: //div[@id='__next']/div/div/main/article/section[2]/div/div[3]/div/div[2]/div[3]/div[2]/div/h4'. Please recheck the objects properties to make sure the desired element is located. 

2022-04-18 23:35:44 - [MESSAGE][FAILED] - com.kms.katalon.core.webui.exception.WebElementNotFoundException: Web element with id: 'Object Repository/Form Verification/Precon Form/Page_/h4_3. Formula samples' located by '//div[@id='__next']/div/div/main/article/section[2]/div/div[3]/div/div[2]/div[3]/div[2]/div/h4' not found (Root cause: com.kms.katalon.core.exception.StepFailedException: com.kms.katalon.core.webui.exception.WebElementNotFoundException: Web element with id: 'Object Repository/Form Verification/Precon Form/Page_/h4_3. Formula samples' located by '//div[@id='__next']/div/div/main/article/section[2]/div/div[3]/div/div[2]/div[3]/div[2]/div/h4' not found
	at com.kms.katalon.core.webui.keyword.internal.WebUIKeywordMain.stepFailed(WebUIKeywordMain.groovy:64)
	at com.kms.katalon.core.webui.keyword.builtin.VerifyElementPresentKeyword$_verifyElementPresent_closure1.doCall(VerifyElementPresentKeyword.groovy:85)
	at com.kms.katalon.core.webui.keyword.builtin.VerifyElementPresentKeyword$_verifyElementPresent_closure1.call(VerifyElementPresentKeyword.groovy)
	at com.kms.katalon.core.webui.keyword.internal.WebUIKeywordMain.runKeyword(WebUIKeywordMain.groovy:20)
	at com.kms.katalon.core.webui.keyword.builtin.VerifyElementPresentKeyword.verifyElementPresent(VerifyElementPresentKeyword.groovy:92)
	at com.kms.katalon.core.webui.keyword.builtin.VerifyElementPresentKeyword.execute(VerifyElementPresentKeyword.groovy:68)
	at com.kms.katalon.core.keyword.internal.KeywordExecutor.executeKeywordForPlatform(KeywordExecutor.groovy:74)
	at com.kms.katalon.core.webui.keyword.WebUiBuiltInKeywords.verifyElementPresent(WebUiBuiltInKeywords.groovy:1464)
	at com.kms.katalon.core.webui.keyword.WebUiBuiltInKeywords$verifyElementPresent$4.call(Unknown Source)
	at Precon - Form Verification.run(Precon - Form Verification:161)
	at com.kms.katalon.core.main.ScriptEngine.run(ScriptEngine.java:194)
	at com.kms.katalon.core.main.ScriptEngine.runScriptAsRawText(ScriptEngine.java:119)
	at com.kms.katalon.core.main.TestCaseExecutor.runScript(TestCaseExecutor.java:445)
	at com.kms.katalon.core.main.TestCaseExecutor.doExecute(TestCaseExecutor.java:436)
	at com.kms.katalon.core.main.TestCaseExecutor.processExecutionPhase(TestCaseExecutor.java:415)
	at com.kms.katalon.core.main.TestCaseExecutor.accessMainPhase(TestCaseExecutor.java:407)
	at com.kms.katalon.core.main.TestCaseExecutor.execute(TestCaseExecutor.java:284)
	at com.kms.katalon.core.common.CommonExecutor.accessTestCaseMainPhase(CommonExecutor.java:65)
	at com.kms.katalon.core.main.TestSuiteExecutor.accessTestSuiteMainPhase(TestSuiteExecutor.java:144)
	at com.kms.katalon.core.main.TestSuiteExecutor.execute(TestSuiteExecutor.java:106)
	at com.kms.katalon.core.main.TestCaseMain.startTestSuite(TestCaseMain.java:185)
	at com.kms.katalon.core.main.TestCaseMain$startTestSuite$0.call(Unknown Source)
	at TempTestSuite1650304259606.run(TempTestSuite1650304259606.groovy:36)
)
[[ATTACHMENT|D:\\SmoketestSuite\\enfamilUS\\Reports\\20220418_232059\\SmokeTestCollection - Venkat\\SmokeTestSuite-Collection - UAT\\20220418_232059\\1650305144138.png]]

2022-04-18 23:35:44 - [TEST_STEP][FAILED] - verifyElementText(findTestObject("Object Repository/Form Verification/Precon Form/Page_/h4_3. Formula samples"), "3. Formula samples"): com.kms.katalon.core.webui.exception.WebElementNotFoundException: Web element with id: 'Object Repository/Form Verification/Precon Form/Page_/h4_3. Formula samples' located by '//div[@id='__next']/div/div/main/article/section[2]/div/div[3]/div/div[2]/div[3]/div[2]/div/h4' not found (Root cause: com.kms.katalon.core.exception.StepFailedException: com.kms.katalon.core.webui.exception.WebElementNotFoundException: Web element with id: 'Object Repository/Form Verification/Precon Form/Page_/h4_3. Formula samples' located by '//div[@id='__next']/div/div/main/article/section[2]/div/div[3]/div/div[2]/div[3]/div[2]/div/h4' not found
	at com.kms.katalon.core.webui.keyword.internal.WebUIKeywordMain.stepFailed(WebUIKeywordMain.groovy:64)
	at com.kms.katalon.core.webui.keyword.builtin.VerifyElementTextKeyword$_verifyElementText_closure1.doCall(VerifyElementTextKeyword.groovy:64)
	at com.kms.katalon.core.webui.keyword.builtin.VerifyElementTextKeyword$_verifyElementText_closure1.call(VerifyElementTextKeyword.groovy)
	at com.kms.katalon.core.webui.keyword.internal.WebUIKeywordMain.runKeyword(WebUIKeywordMain.groovy:20)
	at com.kms.katalon.core.webui.keyword.builtin.VerifyElementTextKeyword.verifyElementText(VerifyElementTextKeyword.groovy:72)
	at com.kms.katalon.core.webui.keyword.builtin.VerifyElementTextKeyword.execute(VerifyElementTextKeyword.groovy:40)
	at com.kms.katalon.core.keyword.internal.KeywordExecutor.executeKeywordForPlatform(KeywordExecutor.groovy:74)
	at com.kms.katalon.core.webui.keyword.WebUiBuiltInKeywords.verifyElementText(WebUiBuiltInKeywords.groovy:4749)
	at com.kms.katalon.core.webui.keyword.WebUiBuiltInKeywords$verifyElementText$5.call(Unknown Source)
	at Precon - Form Verification.run(Precon - Form Verification:164)
	at com.kms.katalon.core.main.ScriptEngine.run(ScriptEngine.java:194)
	at com.kms.katalon.core.main.ScriptEngine.runScriptAsRawText(ScriptEngine.java:119)
	at com.kms.katalon.core.main.TestCaseExecutor.runScript(TestCaseExecutor.java:445)
	at com.kms.katalon.core.main.TestCaseExecutor.doExecute(TestCaseExecutor.java:436)
	at com.kms.katalon.core.main.TestCaseExecutor.processExecutionPhase(TestCaseExecutor.java:415)
	at com.kms.katalon.core.main.TestCaseExecutor.accessMainPhase(TestCaseExecutor.java:407)
	at com.kms.katalon.core.main.TestCaseExecutor.execute(TestCaseExecutor.java:284)
	at com.kms.katalon.core.common.CommonExecutor.accessTestCaseMainPhase(CommonExecutor.java:65)
	at com.kms.katalon.core.main.TestSuiteExecutor.accessTestSuiteMainPhase(TestSuiteExecutor.java:144)
	at com.kms.katalon.core.main.TestSuiteExecutor.execute(TestSuiteExecutor.java:106)
	at com.kms.katalon.core.main.TestCaseMain.startTestSuite(TestCaseMain.java:185)
	at com.kms.katalon.core.main.TestCaseMain$startTestSuite$0.call(Unknown Source)
	at TempTestSuite1650304259606.run(TempTestSuite1650304259606.groovy:36)
)

2022-04-18 23:35:50 - [MESSAGE][INFO] - Unable to find the element located by 'By.xpath: //div[@id='__next']/div/div/main/article/section[2]/div/div[3]/div/div[2]/div[3]/div[2]/div/h4'. Please recheck the objects properties to make sure the desired element is located. 

2022-04-18 23:35:50 - [MESSAGE][FAILED] - com.kms.katalon.core.webui.exception.WebElementNotFoundException: Web element with id: 'Object Repository/Form Verification/Precon Form/Page_/h4_3. Formula samples' located by '//div[@id='__next']/div/div/main/article/section[2]/div/div[3]/div/div[2]/div[3]/div[2]/div/h4' not found (Root cause: com.kms.katalon.core.exception.StepFailedException: com.kms.katalon.core.webui.exception.WebElementNotFoundException: Web element with id: 'Object Repository/Form Verification/Precon Form/Page_/h4_3. Formula samples' located by '//div[@id='__next']/div/div/main/article/section[2]/div/div[3]/div/div[2]/div[3]/div[2]/div/h4' not found
	at com.kms.katalon.core.webui.keyword.internal.WebUIKeywordMain.stepFailed(WebUIKeywordMain.groovy:64)
	at com.kms.katalon.core.webui.keyword.builtin.VerifyElementTextKeyword$_verifyElementText_closure1.doCall(VerifyElementTextKeyword.groovy:64)
	at com.kms.katalon.core.webui.keyword.builtin.VerifyElementTextKeyword$_verifyElementText_closure1.call(VerifyElementTextKeyword.groovy)
	at com.kms.katalon.core.webui.keyword.internal.WebUIKeywordMain.runKeyword(WebUIKeywordMain.groovy:20)
	at com.kms.katalon.core.webui.keyword.builtin.VerifyElementTextKeyword.verifyElementText(VerifyElementTextKeyword.groovy:72)
	at com.kms.katalon.core.webui.keyword.builtin.VerifyElementTextKeyword.execute(VerifyElementTextKeyword.groovy:40)
	at com.kms.katalon.core.keyword.internal.KeywordExecutor.executeKeywordForPlatform(KeywordExecutor.groovy:74)
	at com.kms.katalon.core.webui.keyword.WebUiBuiltInKeywords.verifyElementText(WebUiBuiltInKeywords.groovy:4749)
	at com.kms.katalon.core.webui.keyword.WebUiBuiltInKeywords$verifyElementText$5.call(Unknown Source)
	at Precon - Form Verification.run(Precon - Form Verification:164)
	at com.kms.katalon.core.main.ScriptEngine.run(ScriptEngine.java:194)
	at com.kms.katalon.core.main.ScriptEngine.runScriptAsRawText(ScriptEngine.java:119)
	at com.kms.katalon.core.main.TestCaseExecutor.runScript(TestCaseExecutor.java:445)
	at com.kms.katalon.core.main.TestCaseExecutor.doExecute(TestCaseExecutor.java:436)
	at com.kms.katalon.core.main.TestCaseExecutor.processExecutionPhase(TestCaseExecutor.java:415)
	at com.kms.katalon.core.main.TestCaseExecutor.accessMainPhase(TestCaseExecutor.java:407)
	at com.kms.katalon.core.main.TestCaseExecutor.execute(TestCaseExecutor.java:284)
	at com.kms.katalon.core.common.CommonExecutor.accessTestCaseMainPhase(CommonExecutor.java:65)
	at com.kms.katalon.core.main.TestSuiteExecutor.accessTestSuiteMainPhase(TestSuiteExecutor.java:144)
	at com.kms.katalon.core.main.TestSuiteExecutor.execute(TestSuiteExecutor.java:106)
	at com.kms.katalon.core.main.TestCaseMain.startTestSuite(TestCaseMain.java:185)
	at com.kms.katalon.core.main.TestCaseMain$startTestSuite$0.call(Unknown Source)
	at TempTestSuite1650304259606.run(TempTestSuite1650304259606.groovy:36)
)
[[ATTACHMENT|D:\\SmoketestSuite\\enfamilUS\\Reports\\20220418_232059\\SmokeTestCollection - Venkat\\SmokeTestSuite-Collection - UAT\\20220418_232059\\1650305150468.png]]

2022-04-18 23:35:50 - [TEST_STEP][FAILED] - verifyElementPresent(findTestObject("Object Repository/Form Verification/Precon Form/Page_/p_As a member of the Enfamil Family Beginni_9731d6"), 0): com.kms.katalon.core.webui.exception.WebElementNotFoundException: Web element with id: 'Object Repository/Form Verification/Precon Form/Page_/p_As a member of the Enfamil Family Beginni_9731d6' located by '//div[@id='__next']/div/div/main/article/section[2]/div/div[3]/div/div[2]/div[3]/div[2]/div[2]/p' not found (Root cause: com.kms.katalon.core.exception.StepFailedException: com.kms.katalon.core.webui.exception.WebElementNotFoundException: Web element with id: 'Object Repository/Form Verification/Precon Form/Page_/p_As a member of the Enfamil Family Beginni_9731d6' located by '//div[@id='__next']/div/div/main/article/section[2]/div/div[3]/div/div[2]/div[3]/div[2]/div[2]/p' not found
	at com.kms.katalon.core.webui.keyword.internal.WebUIKeywordMain.stepFailed(WebUIKeywordMain.groovy:64)
	at com.kms.katalon.core.webui.keyword.builtin.VerifyElementPresentKeyword$_verifyElementPresent_closure1.doCall(VerifyElementPresentKeyword.groovy:85)
	at com.kms.katalon.core.webui.keyword.builtin.VerifyElementPresentKeyword$_verifyElementPresent_closure1.call(VerifyElementPresentKeyword.groovy)
	at com.kms.katalon.core.webui.keyword.internal.WebUIKeywordMain.runKeyword(WebUIKeywordMain.groovy:20)
	at com.kms.katalon.core.webui.keyword.builtin.VerifyElementPresentKeyword.verifyElementPresent(VerifyElementPresentKeyword.groovy:92)
	at com.kms.katalon.core.webui.keyword.builtin.VerifyElementPresentKeyword.execute(VerifyElementPresentKeyword.groovy:68)
	at com.kms.katalon.core.keyword.internal.KeywordExecutor.executeKeywordForPlatform(KeywordExecutor.groovy:74)
	at com.kms.katalon.core.webui.keyword.WebUiBuiltInKeywords.verifyElementPresent(WebUiBuiltInKeywords.groovy:1464)
	at com.kms.katalon.core.webui.keyword.WebUiBuiltInKeywords$verifyElementPresent$4.call(Unknown Source)
	at Precon - Form Verification.run(Precon - Form Verification:166)
	at com.kms.katalon.core.main.ScriptEngine.run(ScriptEngine.java:194)
	at com.kms.katalon.core.main.ScriptEngine.runScriptAsRawText(ScriptEngine.java:119)
	at com.kms.katalon.core.main.TestCaseExecutor.runScript(TestCaseExecutor.java:445)
	at com.kms.katalon.core.main.TestCaseExecutor.doExecute(TestCaseExecutor.java:436)
	at com.kms.katalon.core.main.TestCaseExecutor.processExecutionPhase(TestCaseExecutor.java:415)
	at com.kms.katalon.core.main.TestCaseExecutor.accessMainPhase(TestCaseExecutor.java:407)
	at com.kms.katalon.core.main.TestCaseExecutor.execute(TestCaseExecutor.java:284)
	at com.kms.katalon.core.common.CommonExecutor.accessTestCaseMainPhase(CommonExecutor.java:65)
	at com.kms.katalon.core.main.TestSuiteExecutor.accessTestSuiteMainPhase(TestSuiteExecutor.java:144)
	at com.kms.katalon.core.main.TestSuiteExecutor.execute(TestSuiteExecutor.java:106)
	at com.kms.katalon.core.main.TestCaseMain.startTestSuite(TestCaseMain.java:185)
	at com.kms.katalon.core.main.TestCaseMain$startTestSuite$0.call(Unknown Source)
	at TempTestSuite1650304259606.run(TempTestSuite1650304259606.groovy:36)
)

2022-04-18 23:35:50 - [MESSAGE][WARNING] - Timeout '0' is invalid. Using default page load timeout: '5'

2022-04-18 23:35:56 - [MESSAGE][INFO] - Unable to find the element located by 'By.xpath: //div[@id='__next']/div/div/main/article/section[2]/div/div[3]/div/div[2]/div[3]/div[2]/div[2]/p'. Please recheck the objects properties to make sure the desired element is located. 

2022-04-18 23:35:57 - [MESSAGE][FAILED] - com.kms.katalon.core.webui.exception.WebElementNotFoundException: Web element with id: 'Object Repository/Form Verification/Precon Form/Page_/p_As a member of the Enfamil Family Beginni_9731d6' located by '//div[@id='__next']/div/div/main/article/section[2]/div/div[3]/div/div[2]/div[3]/div[2]/div[2]/p' not found (Root cause: com.kms.katalon.core.exception.StepFailedException: com.kms.katalon.core.webui.exception.WebElementNotFoundException: Web element with id: 'Object Repository/Form Verification/Precon Form/Page_/p_As a member of the Enfamil Family Beginni_9731d6' located by '//div[@id='__next']/div/div/main/article/section[2]/div/div[3]/div/div[2]/div[3]/div[2]/div[2]/p' not found
	at com.kms.katalon.core.webui.keyword.internal.WebUIKeywordMain.stepFailed(WebUIKeywordMain.groovy:64)
	at com.kms.katalon.core.webui.keyword.builtin.VerifyElementPresentKeyword$_verifyElementPresent_closure1.doCall(VerifyElementPresentKeyword.groovy:85)
	at com.kms.katalon.core.webui.keyword.builtin.VerifyElementPresentKeyword$_verifyElementPresent_closure1.call(VerifyElementPresentKeyword.groovy)
	at com.kms.katalon.core.webui.keyword.internal.WebUIKeywordMain.runKeyword(WebUIKeywordMain.groovy:20)
	at com.kms.katalon.core.webui.keyword.builtin.VerifyElementPresentKeyword.verifyElementPresent(VerifyElementPresentKeyword.groovy:92)
	at com.kms.katalon.core.webui.keyword.builtin.VerifyElementPresentKeyword.execute(VerifyElementPresentKeyword.groovy:68)
	at com.kms.katalon.core.keyword.internal.KeywordExecutor.executeKeywordForPlatform(KeywordExecutor.groovy:74)
	at com.kms.katalon.core.webui.keyword.WebUiBuiltInKeywords.verifyElementPresent(WebUiBuiltInKeywords.groovy:1464)
	at com.kms.katalon.core.webui.keyword.WebUiBuiltInKeywords$verifyElementPresent$4.call(Unknown Source)
	at Precon - Form Verification.run(Precon - Form Verification:166)
	at com.kms.katalon.core.main.ScriptEngine.run(ScriptEngine.java:194)
	at com.kms.katalon.core.main.ScriptEngine.runScriptAsRawText(ScriptEngine.java:119)
	at com.kms.katalon.core.main.TestCaseExecutor.runScript(TestCaseExecutor.java:445)
	at com.kms.katalon.core.main.TestCaseExecutor.doExecute(TestCaseExecutor.java:436)
	at com.kms.katalon.core.main.TestCaseExecutor.processExecutionPhase(TestCaseExecutor.java:415)
	at com.kms.katalon.core.main.TestCaseExecutor.accessMainPhase(TestCaseExecutor.java:407)
	at com.kms.katalon.core.main.TestCaseExecutor.execute(TestCaseExecutor.java:284)
	at com.kms.katalon.core.common.CommonExecutor.accessTestCaseMainPhase(CommonExecutor.java:65)
	at com.kms.katalon.core.main.TestSuiteExecutor.accessTestSuiteMainPhase(TestSuiteExecutor.java:144)
	at com.kms.katalon.core.main.TestSuiteExecutor.execute(TestSuiteExecutor.java:106)
	at com.kms.katalon.core.main.TestCaseMain.startTestSuite(TestCaseMain.java:185)
	at com.kms.katalon.core.main.TestCaseMain$startTestSuite$0.call(Unknown Source)
	at TempTestSuite1650304259606.run(TempTestSuite1650304259606.groovy:36)
)
[[ATTACHMENT|D:\\SmoketestSuite\\enfamilUS\\Reports\\20220418_232059\\SmokeTestCollection - Venkat\\SmokeTestSuite-Collection - UAT\\20220418_232059\\1650305156884.png]]

2022-04-18 23:35:57 - [TEST_STEP][FAILED] - verifyElementText(findTestObject("Object Repository/Form Verification/Precon Form/Page_/p_As a member of the Enfamil Family Beginni_9731d6"), "As a member of the Enfamil Family BeginningsÂ® program, you may be eligible for free samples."): com.kms.katalon.core.webui.exception.WebElementNotFoundException: Web element with id: 'Object Repository/Form Verification/Precon Form/Page_/p_As a member of the Enfamil Family Beginni_9731d6' located by '//div[@id='__next']/div/div/main/article/section[2]/div/div[3]/div/div[2]/div[3]/div[2]/div[2]/p' not found (Root cause: com.kms.katalon.core.exception.StepFailedException: com.kms.katalon.core.webui.exception.WebElementNotFoundException: Web element with id: 'Object Repository/Form Verification/Precon Form/Page_/p_As a member of the Enfamil Family Beginni_9731d6' located by '//div[@id='__next']/div/div/main/article/section[2]/div/div[3]/div/div[2]/div[3]/div[2]/div[2]/p' not found
	at com.kms.katalon.core.webui.keyword.internal.WebUIKeywordMain.stepFailed(WebUIKeywordMain.groovy:64)
	at com.kms.katalon.core.webui.keyword.builtin.VerifyElementTextKeyword$_verifyElementText_closure1.doCall(VerifyElementTextKeyword.groovy:64)
	at com.kms.katalon.core.webui.keyword.builtin.VerifyElementTextKeyword$_verifyElementText_closure1.call(VerifyElementTextKeyword.groovy)
	at com.kms.katalon.core.webui.keyword.internal.WebUIKeywordMain.runKeyword(WebUIKeywordMain.groovy:20)
	at com.kms.katalon.core.webui.keyword.builtin.VerifyElementTextKeyword.verifyElementText(VerifyElementTextKeyword.groovy:72)
	at com.kms.katalon.core.webui.keyword.builtin.VerifyElementTextKeyword.execute(VerifyElementTextKeyword.groovy:40)
	at com.kms.katalon.core.keyword.internal.KeywordExecutor.executeKeywordForPlatform(KeywordExecutor.groovy:74)
	at com.kms.katalon.core.webui.keyword.WebUiBuiltInKeywords.verifyElementText(WebUiBuiltInKeywords.groovy:4749)
	at com.kms.katalon.core.webui.keyword.WebUiBuiltInKeywords$verifyElementText$5.call(Unknown Source)
	at Precon - Form Verification.run(Precon - Form Verification:169)
	at com.kms.katalon.core.main.ScriptEngine.run(ScriptEngine.java:194)
	at com.kms.katalon.core.main.ScriptEngine.runScriptAsRawText(ScriptEngine.java:119)
	at com.kms.katalon.core.main.TestCaseExecutor.runScript(TestCaseExecutor.java:445)
	at com.kms.katalon.core.main.TestCaseExecutor.doExecute(TestCaseExecutor.java:436)
	at com.kms.katalon.core.main.TestCaseExecutor.processExecutionPhase(TestCaseExecutor.java:415)
	at com.kms.katalon.core.main.TestCaseExecutor.accessMainPhase(TestCaseExecutor.java:407)
	at com.kms.katalon.core.main.TestCaseExecutor.execute(TestCaseExecutor.java:284)
	at com.kms.katalon.core.common.CommonExecutor.accessTestCaseMainPhase(CommonExecutor.java:65)
	at com.kms.katalon.core.main.TestSuiteExecutor.accessTestSuiteMainPhase(TestSuiteExecutor.java:144)
	at com.kms.katalon.core.main.TestSuiteExecutor.execute(TestSuiteExecutor.java:106)
	at com.kms.katalon.core.main.TestCaseMain.startTestSuite(TestCaseMain.java:185)
	at com.kms.katalon.core.main.TestCaseMain$startTestSuite$0.call(Unknown Source)
	at TempTestSuite1650304259606.run(TempTestSuite1650304259606.groovy:36)
)

2022-04-18 23:36:03 - [MESSAGE][INFO] - Unable to find the element located by 'By.xpath: //div[@id='__next']/div/div/main/article/section[2]/div/div[3]/div/div[2]/div[3]/div[2]/div[2]/p'. Please recheck the objects properties to make sure the desired element is located. 

2022-04-18 23:36:03 - [MESSAGE][FAILED] - com.kms.katalon.core.webui.exception.WebElementNotFoundException: Web element with id: 'Object Repository/Form Verification/Precon Form/Page_/p_As a member of the Enfamil Family Beginni_9731d6' located by '//div[@id='__next']/div/div/main/article/section[2]/div/div[3]/div/div[2]/div[3]/div[2]/div[2]/p' not found (Root cause: com.kms.katalon.core.exception.StepFailedException: com.kms.katalon.core.webui.exception.WebElementNotFoundException: Web element with id: 'Object Repository/Form Verification/Precon Form/Page_/p_As a member of the Enfamil Family Beginni_9731d6' located by '//div[@id='__next']/div/div/main/article/section[2]/div/div[3]/div/div[2]/div[3]/div[2]/div[2]/p' not found
	at com.kms.katalon.core.webui.keyword.internal.WebUIKeywordMain.stepFailed(WebUIKeywordMain.groovy:64)
	at com.kms.katalon.core.webui.keyword.builtin.VerifyElementTextKeyword$_verifyElementText_closure1.doCall(VerifyElementTextKeyword.groovy:64)
	at com.kms.katalon.core.webui.keyword.builtin.VerifyElementTextKeyword$_verifyElementText_closure1.call(VerifyElementTextKeyword.groovy)
	at com.kms.katalon.core.webui.keyword.internal.WebUIKeywordMain.runKeyword(WebUIKeywordMain.groovy:20)
	at com.kms.katalon.core.webui.keyword.builtin.VerifyElementTextKeyword.verifyElementText(VerifyElementTextKeyword.groovy:72)
	at com.kms.katalon.core.webui.keyword.builtin.VerifyElementTextKeyword.execute(VerifyElementTextKeyword.groovy:40)
	at com.kms.katalon.core.keyword.internal.KeywordExecutor.executeKeywordForPlatform(KeywordExecutor.groovy:74)
	at com.kms.katalon.core.webui.keyword.WebUiBuiltInKeywords.verifyElementText(WebUiBuiltInKeywords.groovy:4749)
	at com.kms.katalon.core.webui.keyword.WebUiBuiltInKeywords$verifyElementText$5.call(Unknown Source)
	at Precon - Form Verification.run(Precon - Form Verification:169)
	at com.kms.katalon.core.main.ScriptEngine.run(ScriptEngine.java:194)
	at com.kms.katalon.core.main.ScriptEngine.runScriptAsRawText(ScriptEngine.java:119)
	at com.kms.katalon.core.main.TestCaseExecutor.runScript(TestCaseExecutor.java:445)
	at com.kms.katalon.core.main.TestCaseExecutor.doExecute(TestCaseExecutor.java:436)
	at com.kms.katalon.core.main.TestCaseExecutor.processExecutionPhase(TestCaseExecutor.java:415)
	at com.kms.katalon.core.main.TestCaseExecutor.accessMainPhase(TestCaseExecutor.java:407)
	at com.kms.katalon.core.main.TestCaseExecutor.execute(TestCaseExecutor.java:284)
	at com.kms.katalon.core.common.CommonExecutor.accessTestCaseMainPhase(CommonExecutor.java:65)
	at com.kms.katalon.core.main.TestSuiteExecutor.accessTestSuiteMainPhase(TestSuiteExecutor.java:144)
	at com.kms.katalon.core.main.TestSuiteExecutor.execute(TestSuiteExecutor.java:106)
	at com.kms.katalon.core.main.TestCaseMain.startTestSuite(TestCaseMain.java:185)
	at com.kms.katalon.core.main.TestCaseMain$startTestSuite$0.call(Unknown Source)
	at TempTestSuite1650304259606.run(TempTestSuite1650304259606.groovy:36)
)
[[ATTACHMENT|D:\\SmoketestSuite\\enfamilUS\\Reports\\20220418_232059\\SmokeTestCollection - Venkat\\SmokeTestSuite-Collection - UAT\\20220418_232059\\1650305163454.png]]

2022-04-18 23:36:03 - [TEST_STEP][FAILED] - scrollToElement(findTestObject("Object Repository/Form Verification/Precon Form/Page_/div_4. Discount checksEnjoy discounts on En_33130c"), 0): Unable to scroll to object 'Object Repository/Form Verification/Precon Form/Page_/div_4. Discount checksEnjoy discounts on En_33130c' (Root cause: com.kms.katalon.core.exception.StepFailedException: Unable to scroll to object 'Object Repository/Form Verification/Precon Form/Page_/div_4. Discount checksEnjoy discounts on En_33130c'
	at com.kms.katalon.core.webui.keyword.internal.WebUIKeywordMain.stepFailed(WebUIKeywordMain.groovy:64)
	at com.kms.katalon.core.webui.keyword.internal.WebUIKeywordMain.runKeyword(WebUIKeywordMain.groovy:26)
	at com.kms.katalon.core.webui.keyword.builtin.ScrollToElementKeyword.scrollToElement(ScrollToElementKeyword.groovy:88)
	at com.kms.katalon.core.webui.keyword.builtin.ScrollToElementKeyword.execute(ScrollToElementKeyword.groovy:68)
	at com.kms.katalon.core.keyword.internal.KeywordExecutor.executeKeywordForPlatform(KeywordExecutor.groovy:74)
	at com.kms.katalon.core.webui.keyword.WebUiBuiltInKeywords.scrollToElement(WebUiBuiltInKeywords.groovy:4061)
	at com.kms.katalon.core.webui.keyword.WebUiBuiltInKeywords$scrollToElement$3.call(Unknown Source)
	at Precon - Form Verification.run(Precon - Form Verification:172)
	at com.kms.katalon.core.main.ScriptEngine.run(ScriptEngine.java:194)
	at com.kms.katalon.core.main.ScriptEngine.runScriptAsRawText(ScriptEngine.java:119)
	at com.kms.katalon.core.main.TestCaseExecutor.runScript(TestCaseExecutor.java:445)
	at com.kms.katalon.core.main.TestCaseExecutor.doExecute(TestCaseExecutor.java:436)
	at com.kms.katalon.core.main.TestCaseExecutor.processExecutionPhase(TestCaseExecutor.java:415)
	at com.kms.katalon.core.main.TestCaseExecutor.accessMainPhase(TestCaseExecutor.java:407)
	at com.kms.katalon.core.main.TestCaseExecutor.execute(TestCaseExecutor.java:284)
	at com.kms.katalon.core.common.CommonExecutor.accessTestCaseMainPhase(CommonExecutor.java:65)
	at com.kms.katalon.core.main.TestSuiteExecutor.accessTestSuiteMainPhase(TestSuiteExecutor.java:144)
	at com.kms.katalon.core.main.TestSuiteExecutor.execute(TestSuiteExecutor.java:106)
	at com.kms.katalon.core.main.TestCaseMain.startTestSuite(TestCaseMain.java:185)
	at com.kms.katalon.core.main.TestCaseMain$startTestSuite$0.call(Unknown Source)
	at TempTestSuite1650304259606.run(TempTestSuite1650304259606.groovy:36)
Caused by: com.kms.katalon.core.webui.exception.WebElementNotFoundException: Web element with id: 'Object Repository/Form Verification/Precon Form/Page_/div_4. Discount checksEnjoy discounts on En_33130c' located by '//div[@id='__next']/div/div/main/article/section[2]/div/div[3]/div/div[2]/div[4]' not found
	at com.kms.katalon.core.webui.common.WebUiCommonHelper.findWebElement(WebUiCommonHelper.java:1370)
	at com.kms.katalon.core.webui.keyword.internal.WebUIAbstractKeyword.findWebElement(WebUIAbstractKeyword.groovy:27)
	at com.kms.katalon.core.webui.keyword.internal.WebUIAbstractKeyword.findWebElement(WebUIAbstractKeyword.groovy:26)
	at com.kms.katalon.core.webui.keyword.builtin.ScrollToElementKeyword$_scrollToElement_closure1.doCall(ScrollToElementKeyword.groovy:79)
	at com.kms.katalon.core.webui.keyword.builtin.ScrollToElementKeyword$_scrollToElement_closure1.call(ScrollToElementKeyword.groovy)
	at com.kms.katalon.core.webui.keyword.internal.WebUIKeywordMain.runKeyword(WebUIKeywordMain.groovy:20)
	at com.kms.katalon.core.webui.keyword.builtin.ScrollToElementKeyword.scrollToElement(ScrollToElementKeyword.groovy:88)
	at com.kms.katalon.core.webui.keyword.builtin.ScrollToElementKeyword.execute(ScrollToElementKeyword.groovy:68)
	at com.kms.katalon.core.keyword.internal.KeywordExecutor.executeKeywordForPlatform(KeywordExecutor.groovy:74)
	at com.kms.katalon.core.webui.keyword.WebUiBuiltInKeywords.scrollToElement(WebUiBuiltInKeywords.groovy:4061)
	at com.kms.katalon.core.webui.keyword.WebUiBuiltInKeywords$scrollToElement$3.call(Unknown Source)
	at Script1649317447189.run(Script1649317447189.groovy:172)
	... 13 more
)

2022-04-18 23:36:03 - [MESSAGE][WARNING] - Timeout '0' is invalid. Using default page load timeout: '5'

2022-04-18 23:36:09 - [MESSAGE][INFO] - Unable to find the element located by 'By.xpath: //div[@id='__next']/div/div/main/article/section[2]/div/div[3]/div/div[2]/div[4]'. Please recheck the objects properties to make sure the desired element is located. 

2022-04-18 23:36:10 - [MESSAGE][FAILED] - Unable to scroll to object 'Object Repository/Form Verification/Precon Form/Page_/div_4. Discount checksEnjoy discounts on En_33130c' (Root cause: com.kms.katalon.core.exception.StepFailedException: Unable to scroll to object 'Object Repository/Form Verification/Precon Form/Page_/div_4. Discount checksEnjoy discounts on En_33130c'
	at com.kms.katalon.core.webui.keyword.internal.WebUIKeywordMain.stepFailed(WebUIKeywordMain.groovy:64)
	at com.kms.katalon.core.webui.keyword.internal.WebUIKeywordMain.runKeyword(WebUIKeywordMain.groovy:26)
	at com.kms.katalon.core.webui.keyword.builtin.ScrollToElementKeyword.scrollToElement(ScrollToElementKeyword.groovy:88)
	at com.kms.katalon.core.webui.keyword.builtin.ScrollToElementKeyword.execute(ScrollToElementKeyword.groovy:68)
	at com.kms.katalon.core.keyword.internal.KeywordExecutor.executeKeywordForPlatform(KeywordExecutor.groovy:74)
	at com.kms.katalon.core.webui.keyword.WebUiBuiltInKeywords.scrollToElement(WebUiBuiltInKeywords.groovy:4061)
	at com.kms.katalon.core.webui.keyword.WebUiBuiltInKeywords$scrollToElement$3.call(Unknown Source)
	at Precon - Form Verification.run(Precon - Form Verification:172)
	at com.kms.katalon.core.main.ScriptEngine.run(ScriptEngine.java:194)
	at com.kms.katalon.core.main.ScriptEngine.runScriptAsRawText(ScriptEngine.java:119)
	at com.kms.katalon.core.main.TestCaseExecutor.runScript(TestCaseExecutor.java:445)
	at com.kms.katalon.core.main.TestCaseExecutor.doExecute(TestCaseExecutor.java:436)
	at com.kms.katalon.core.main.TestCaseExecutor.processExecutionPhase(TestCaseExecutor.java:415)
	at com.kms.katalon.core.main.TestCaseExecutor.accessMainPhase(TestCaseExecutor.java:407)
	at com.kms.katalon.core.main.TestCaseExecutor.execute(TestCaseExecutor.java:284)
	at com.kms.katalon.core.common.CommonExecutor.accessTestCaseMainPhase(CommonExecutor.java:65)
	at com.kms.katalon.core.main.TestSuiteExecutor.accessTestSuiteMainPhase(TestSuiteExecutor.java:144)
	at com.kms.katalon.core.main.TestSuiteExecutor.execute(TestSuiteExecutor.java:106)
	at com.kms.katalon.core.main.TestCaseMain.startTestSuite(TestCaseMain.java:185)
	at com.kms.katalon.core.main.TestCaseMain$startTestSuite$0.call(Unknown Source)
	at TempTestSuite1650304259606.run(TempTestSuite1650304259606.groovy:36)
Caused by: com.kms.katalon.core.webui.exception.WebElementNotFoundException: Web element with id: 'Object Repository/Form Verification/Precon Form/Page_/div_4. Discount checksEnjoy discounts on En_33130c' located by '//div[@id='__next']/div/div/main/article/section[2]/div/div[3]/div/div[2]/div[4]' not found
	at com.kms.katalon.core.webui.common.WebUiCommonHelper.findWebElement(WebUiCommonHelper.java:1370)
	at com.kms.katalon.core.webui.keyword.internal.WebUIAbstractKeyword.findWebElement(WebUIAbstractKeyword.groovy:27)
	at com.kms.katalon.core.webui.keyword.internal.WebUIAbstractKeyword.findWebElement(WebUIAbstractKeyword.groovy:26)
	at com.kms.katalon.core.webui.keyword.builtin.ScrollToElementKeyword$_scrollToElement_closure1.doCall(ScrollToElementKeyword.groovy:79)
	at com.kms.katalon.core.webui.keyword.builtin.ScrollToElementKeyword$_scrollToElement_closure1.call(ScrollToElementKeyword.groovy)
	at com.kms.katalon.core.webui.keyword.internal.WebUIKeywordMain.runKeyword(WebUIKeywordMain.groovy:20)
	at com.kms.katalon.core.webui.keyword.builtin.ScrollToElementKeyword.scrollToElement(ScrollToElementKeyword.groovy:88)
	at com.kms.katalon.core.webui.keyword.builtin.ScrollToElementKeyword.execute(ScrollToElementKeyword.groovy:68)
	at com.kms.katalon.core.keyword.internal.KeywordExecutor.executeKeywordForPlatform(KeywordExecutor.groovy:74)
	at com.kms.katalon.core.webui.keyword.WebUiBuiltInKeywords.scrollToElement(WebUiBuiltInKeywords.groovy:4061)
	at com.kms.katalon.core.webui.keyword.WebUiBuiltInKeywords$scrollToElement$3.call(Unknown Source)
	at Script1649317447189.run(Script1649317447189.groovy:172)
	... 13 more
)
[[ATTACHMENT|D:\\SmoketestSuite\\enfamilUS\\Reports\\20220418_232059\\SmokeTestCollection - Venkat\\SmokeTestSuite-Collection - UAT\\20220418_232059\\1650305169846.png]]

2022-04-18 23:36:10 - [TEST_STEP][FAILED] - verifyElementPresent(findTestObject("Object Repository/Form Verification/Precon Form/Page_/div_4. Discount checksEnjoy discounts on En_33130c"), 0): com.kms.katalon.core.webui.exception.WebElementNotFoundException: Web element with id: 'Object Repository/Form Verification/Precon Form/Page_/div_4. Discount checksEnjoy discounts on En_33130c' located by '//div[@id='__next']/div/div/main/article/section[2]/div/div[3]/div/div[2]/div[4]' not found (Root cause: com.kms.katalon.core.exception.StepFailedException: com.kms.katalon.core.webui.exception.WebElementNotFoundException: Web element with id: 'Object Repository/Form Verification/Precon Form/Page_/div_4. Discount checksEnjoy discounts on En_33130c' located by '//div[@id='__next']/div/div/main/article/section[2]/div/div[3]/div/div[2]/div[4]' not found
	at com.kms.katalon.core.webui.keyword.internal.WebUIKeywordMain.stepFailed(WebUIKeywordMain.groovy:64)
	at com.kms.katalon.core.webui.keyword.builtin.VerifyElementPresentKeyword$_verifyElementPresent_closure1.doCall(VerifyElementPresentKeyword.groovy:85)
	at com.kms.katalon.core.webui.keyword.builtin.VerifyElementPresentKeyword$_verifyElementPresent_closure1.call(VerifyElementPresentKeyword.groovy)
	at com.kms.katalon.core.webui.keyword.internal.WebUIKeywordMain.runKeyword(WebUIKeywordMain.groovy:20)
	at com.kms.katalon.core.webui.keyword.builtin.VerifyElementPresentKeyword.verifyElementPresent(VerifyElementPresentKeyword.groovy:92)
	at com.kms.katalon.core.webui.keyword.builtin.VerifyElementPresentKeyword.execute(VerifyElementPresentKeyword.groovy:68)
	at com.kms.katalon.core.keyword.internal.KeywordExecutor.executeKeywordForPlatform(KeywordExecutor.groovy:74)
	at com.kms.katalon.core.webui.keyword.WebUiBuiltInKeywords.verifyElementPresent(WebUiBuiltInKeywords.groovy:1464)
	at com.kms.katalon.core.webui.keyword.WebUiBuiltInKeywords$verifyElementPresent$4.call(Unknown Source)
	at Precon - Form Verification.run(Precon - Form Verification:175)
	at com.kms.katalon.core.main.ScriptEngine.run(ScriptEngine.java:194)
	at com.kms.katalon.core.main.ScriptEngine.runScriptAsRawText(ScriptEngine.java:119)
	at com.kms.katalon.core.main.TestCaseExecutor.runScript(TestCaseExecutor.java:445)
	at com.kms.katalon.core.main.TestCaseExecutor.doExecute(TestCaseExecutor.java:436)
	at com.kms.katalon.core.main.TestCaseExecutor.processExecutionPhase(TestCaseExecutor.java:415)
	at com.kms.katalon.core.main.TestCaseExecutor.accessMainPhase(TestCaseExecutor.java:407)
	at com.kms.katalon.core.main.TestCaseExecutor.execute(TestCaseExecutor.java:284)
	at com.kms.katalon.core.common.CommonExecutor.accessTestCaseMainPhase(CommonExecutor.java:65)
	at com.kms.katalon.core.main.TestSuiteExecutor.accessTestSuiteMainPhase(TestSuiteExecutor.java:144)
	at com.kms.katalon.core.main.TestSuiteExecutor.execute(TestSuiteExecutor.java:106)
	at com.kms.katalon.core.main.TestCaseMain.startTestSuite(TestCaseMain.java:185)
	at com.kms.katalon.core.main.TestCaseMain$startTestSuite$0.call(Unknown Source)
	at TempTestSuite1650304259606.run(TempTestSuite1650304259606.groovy:36)
)

2022-04-18 23:36:10 - [MESSAGE][WARNING] - Timeout '0' is invalid. Using default page load timeout: '5'

2022-04-18 23:36:16 - [MESSAGE][INFO] - Unable to find the element located by 'By.xpath: //div[@id='__next']/div/div/main/article/section[2]/div/div[3]/div/div[2]/div[4]'. Please recheck the objects properties to make sure the desired element is located. 

2022-04-18 23:36:16 - [MESSAGE][FAILED] - com.kms.katalon.core.webui.exception.WebElementNotFoundException: Web element with id: 'Object Repository/Form Verification/Precon Form/Page_/div_4. Discount checksEnjoy discounts on En_33130c' located by '//div[@id='__next']/div/div/main/article/section[2]/div/div[3]/div/div[2]/div[4]' not found (Root cause: com.kms.katalon.core.exception.StepFailedException: com.kms.katalon.core.webui.exception.WebElementNotFoundException: Web element with id: 'Object Repository/Form Verification/Precon Form/Page_/div_4. Discount checksEnjoy discounts on En_33130c' located by '//div[@id='__next']/div/div/main/article/section[2]/div/div[3]/div/div[2]/div[4]' not found
	at com.kms.katalon.core.webui.keyword.internal.WebUIKeywordMain.stepFailed(WebUIKeywordMain.groovy:64)
	at com.kms.katalon.core.webui.keyword.builtin.VerifyElementPresentKeyword$_verifyElementPresent_closure1.doCall(VerifyElementPresentKeyword.groovy:85)
	at com.kms.katalon.core.webui.keyword.builtin.VerifyElementPresentKeyword$_verifyElementPresent_closure1.call(VerifyElementPresentKeyword.groovy)
	at com.kms.katalon.core.webui.keyword.internal.WebUIKeywordMain.runKeyword(WebUIKeywordMain.groovy:20)
	at com.kms.katalon.core.webui.keyword.builtin.VerifyElementPresentKeyword.verifyElementPresent(VerifyElementPresentKeyword.groovy:92)
	at com.kms.katalon.core.webui.keyword.builtin.VerifyElementPresentKeyword.execute(VerifyElementPresentKeyword.groovy:68)
	at com.kms.katalon.core.keyword.internal.KeywordExecutor.executeKeywordForPlatform(KeywordExecutor.groovy:74)
	at com.kms.katalon.core.webui.keyword.WebUiBuiltInKeywords.verifyElementPresent(WebUiBuiltInKeywords.groovy:1464)
	at com.kms.katalon.core.webui.keyword.WebUiBuiltInKeywords$verifyElementPresent$4.call(Unknown Source)
	at Precon - Form Verification.run(Precon - Form Verification:175)
	at com.kms.katalon.core.main.ScriptEngine.run(ScriptEngine.java:194)
	at com.kms.katalon.core.main.ScriptEngine.runScriptAsRawText(ScriptEngine.java:119)
	at com.kms.katalon.core.main.TestCaseExecutor.runScript(TestCaseExecutor.java:445)
	at com.kms.katalon.core.main.TestCaseExecutor.doExecute(TestCaseExecutor.java:436)
	at com.kms.katalon.core.main.TestCaseExecutor.processExecutionPhase(TestCaseExecutor.java:415)
	at com.kms.katalon.core.main.TestCaseExecutor.accessMainPhase(TestCaseExecutor.java:407)
	at com.kms.katalon.core.main.TestCaseExecutor.execute(TestCaseExecutor.java:284)
	at com.kms.katalon.core.common.CommonExecutor.accessTestCaseMainPhase(CommonExecutor.java:65)
	at com.kms.katalon.core.main.TestSuiteExecutor.accessTestSuiteMainPhase(TestSuiteExecutor.java:144)
	at com.kms.katalon.core.main.TestSuiteExecutor.execute(TestSuiteExecutor.java:106)
	at com.kms.katalon.core.main.TestCaseMain.startTestSuite(TestCaseMain.java:185)
	at com.kms.katalon.core.main.TestCaseMain$startTestSuite$0.call(Unknown Source)
	at TempTestSuite1650304259606.run(TempTestSuite1650304259606.groovy:36)
)
[[ATTACHMENT|D:\\SmoketestSuite\\enfamilUS\\Reports\\20220418_232059\\SmokeTestCollection - Venkat\\SmokeTestSuite-Collection - UAT\\20220418_232059\\1650305176196.png]]

2022-04-18 23:36:16 - [TEST_STEP][PASSED] - delay(5): Delayed 5 second(s)

2022-04-18 23:36:21 - [MESSAGE][PASSED] - Delayed 5 second(s)

2022-04-18 23:36:21 - [TEST_STEP][FAILED] - verifyElementPresent(findTestObject("Object Repository/Form Verification/Precon Form/Page_/h4_4. Discount checks"), 0): com.kms.katalon.core.webui.exception.WebElementNotFoundException: Web element with id: 'Object Repository/Form Verification/Precon Form/Page_/h4_4. Discount checks' located by '//div[@id='__next']/div/div/main/article/section[2]/div/div[3]/div/div[2]/div[4]/div[2]/div/h4' not found (Root cause: com.kms.katalon.core.exception.StepFailedException: com.kms.katalon.core.webui.exception.WebElementNotFoundException: Web element with id: 'Object Repository/Form Verification/Precon Form/Page_/h4_4. Discount checks' located by '//div[@id='__next']/div/div/main/article/section[2]/div/div[3]/div/div[2]/div[4]/div[2]/div/h4' not found
	at com.kms.katalon.core.webui.keyword.internal.WebUIKeywordMain.stepFailed(WebUIKeywordMain.groovy:64)
	at com.kms.katalon.core.webui.keyword.builtin.VerifyElementPresentKeyword$_verifyElementPresent_closure1.doCall(VerifyElementPresentKeyword.groovy:85)
	at com.kms.katalon.core.webui.keyword.builtin.VerifyElementPresentKeyword$_verifyElementPresent_closure1.call(VerifyElementPresentKeyword.groovy)
	at com.kms.katalon.core.webui.keyword.internal.WebUIKeywordMain.runKeyword(WebUIKeywordMain.groovy:20)
	at com.kms.katalon.core.webui.keyword.builtin.VerifyElementPresentKeyword.verifyElementPresent(VerifyElementPresentKeyword.groovy:92)
	at com.kms.katalon.core.webui.keyword.builtin.VerifyElementPresentKeyword.execute(VerifyElementPresentKeyword.groovy:68)
	at com.kms.katalon.core.keyword.internal.KeywordExecutor.executeKeywordForPlatform(KeywordExecutor.groovy:74)
	at com.kms.katalon.core.webui.keyword.WebUiBuiltInKeywords.verifyElementPresent(WebUiBuiltInKeywords.groovy:1464)
	at com.kms.katalon.core.webui.keyword.WebUiBuiltInKeywords$verifyElementPresent$4.call(Unknown Source)
	at Precon - Form Verification.run(Precon - Form Verification:180)
	at com.kms.katalon.core.main.ScriptEngine.run(ScriptEngine.java:194)
	at com.kms.katalon.core.main.ScriptEngine.runScriptAsRawText(ScriptEngine.java:119)
	at com.kms.katalon.core.main.TestCaseExecutor.runScript(TestCaseExecutor.java:445)
	at com.kms.katalon.core.main.TestCaseExecutor.doExecute(TestCaseExecutor.java:436)
	at com.kms.katalon.core.main.TestCaseExecutor.processExecutionPhase(TestCaseExecutor.java:415)
	at com.kms.katalon.core.main.TestCaseExecutor.accessMainPhase(TestCaseExecutor.java:407)
	at com.kms.katalon.core.main.TestCaseExecutor.execute(TestCaseExecutor.java:284)
	at com.kms.katalon.core.common.CommonExecutor.accessTestCaseMainPhase(CommonExecutor.java:65)
	at com.kms.katalon.core.main.TestSuiteExecutor.accessTestSuiteMainPhase(TestSuiteExecutor.java:144)
	at com.kms.katalon.core.main.TestSuiteExecutor.execute(TestSuiteExecutor.java:106)
	at com.kms.katalon.core.main.TestCaseMain.startTestSuite(TestCaseMain.java:185)
	at com.kms.katalon.core.main.TestCaseMain$startTestSuite$0.call(Unknown Source)
	at TempTestSuite1650304259606.run(TempTestSuite1650304259606.groovy:36)
)

2022-04-18 23:36:21 - [MESSAGE][WARNING] - Timeout '0' is invalid. Using default page load timeout: '5'

2022-04-18 23:36:27 - [MESSAGE][INFO] - Unable to find the element located by 'By.xpath: //div[@id='__next']/div/div/main/article/section[2]/div/div[3]/div/div[2]/div[4]/div[2]/div/h4'. Please recheck the objects properties to make sure the desired element is located. 

2022-04-18 23:36:27 - [MESSAGE][FAILED] - com.kms.katalon.core.webui.exception.WebElementNotFoundException: Web element with id: 'Object Repository/Form Verification/Precon Form/Page_/h4_4. Discount checks' located by '//div[@id='__next']/div/div/main/article/section[2]/div/div[3]/div/div[2]/div[4]/div[2]/div/h4' not found (Root cause: com.kms.katalon.core.exception.StepFailedException: com.kms.katalon.core.webui.exception.WebElementNotFoundException: Web element with id: 'Object Repository/Form Verification/Precon Form/Page_/h4_4. Discount checks' located by '//div[@id='__next']/div/div/main/article/section[2]/div/div[3]/div/div[2]/div[4]/div[2]/div/h4' not found
	at com.kms.katalon.core.webui.keyword.internal.WebUIKeywordMain.stepFailed(WebUIKeywordMain.groovy:64)
	at com.kms.katalon.core.webui.keyword.builtin.VerifyElementPresentKeyword$_verifyElementPresent_closure1.doCall(VerifyElementPresentKeyword.groovy:85)
	at com.kms.katalon.core.webui.keyword.builtin.VerifyElementPresentKeyword$_verifyElementPresent_closure1.call(VerifyElementPresentKeyword.groovy)
	at com.kms.katalon.core.webui.keyword.internal.WebUIKeywordMain.runKeyword(WebUIKeywordMain.groovy:20)
	at com.kms.katalon.core.webui.keyword.builtin.VerifyElementPresentKeyword.verifyElementPresent(VerifyElementPresentKeyword.groovy:92)
	at com.kms.katalon.core.webui.keyword.builtin.VerifyElementPresentKeyword.execute(VerifyElementPresentKeyword.groovy:68)
	at com.kms.katalon.core.keyword.internal.KeywordExecutor.executeKeywordForPlatform(KeywordExecutor.groovy:74)
	at com.kms.katalon.core.webui.keyword.WebUiBuiltInKeywords.verifyElementPresent(WebUiBuiltInKeywords.groovy:1464)
	at com.kms.katalon.core.webui.keyword.WebUiBuiltInKeywords$verifyElementPresent$4.call(Unknown Source)
	at Precon - Form Verification.run(Precon - Form Verification:180)
	at com.kms.katalon.core.main.ScriptEngine.run(ScriptEngine.java:194)
	at com.kms.katalon.core.main.ScriptEngine.runScriptAsRawText(ScriptEngine.java:119)
	at com.kms.katalon.core.main.TestCaseExecutor.runScript(TestCaseExecutor.java:445)
	at com.kms.katalon.core.main.TestCaseExecutor.doExecute(TestCaseExecutor.java:436)
	at com.kms.katalon.core.main.TestCaseExecutor.processExecutionPhase(TestCaseExecutor.java:415)
	at com.kms.katalon.core.main.TestCaseExecutor.accessMainPhase(TestCaseExecutor.java:407)
	at com.kms.katalon.core.main.TestCaseExecutor.execute(TestCaseExecutor.java:284)
	at com.kms.katalon.core.common.CommonExecutor.accessTestCaseMainPhase(CommonExecutor.java:65)
	at com.kms.katalon.core.main.TestSuiteExecutor.accessTestSuiteMainPhase(TestSuiteExecutor.java:144)
	at com.kms.katalon.core.main.TestSuiteExecutor.execute(TestSuiteExecutor.java:106)
	at com.kms.katalon.core.main.TestCaseMain.startTestSuite(TestCaseMain.java:185)
	at com.kms.katalon.core.main.TestCaseMain$startTestSuite$0.call(Unknown Source)
	at TempTestSuite1650304259606.run(TempTestSuite1650304259606.groovy:36)
)
[[ATTACHMENT|D:\\SmoketestSuite\\enfamilUS\\Reports\\20220418_232059\\SmokeTestCollection - Venkat\\SmokeTestSuite-Collection - UAT\\20220418_232059\\1650305187770.png]]

2022-04-18 23:36:27 - [TEST_STEP][FAILED] - verifyElementText(findTestObject("Object Repository/Form Verification/Precon Form/Page_/h4_4. Discount checks"), "4. Discount checks"): com.kms.katalon.core.webui.exception.WebElementNotFoundException: Web element with id: 'Object Repository/Form Verification/Precon Form/Page_/h4_4. Discount checks' located by '//div[@id='__next']/div/div/main/article/section[2]/div/div[3]/div/div[2]/div[4]/div[2]/div/h4' not found (Root cause: com.kms.katalon.core.exception.StepFailedException: com.kms.katalon.core.webui.exception.WebElementNotFoundException: Web element with id: 'Object Repository/Form Verification/Precon Form/Page_/h4_4. Discount checks' located by '//div[@id='__next']/div/div/main/article/section[2]/div/div[3]/div/div[2]/div[4]/div[2]/div/h4' not found
	at com.kms.katalon.core.webui.keyword.internal.WebUIKeywordMain.stepFailed(WebUIKeywordMain.groovy:64)
	at com.kms.katalon.core.webui.keyword.builtin.VerifyElementTextKeyword$_verifyElementText_closure1.doCall(VerifyElementTextKeyword.groovy:64)
	at com.kms.katalon.core.webui.keyword.builtin.VerifyElementTextKeyword$_verifyElementText_closure1.call(VerifyElementTextKeyword.groovy)
	at com.kms.katalon.core.webui.keyword.internal.WebUIKeywordMain.runKeyword(WebUIKeywordMain.groovy:20)
	at com.kms.katalon.core.webui.keyword.builtin.VerifyElementTextKeyword.verifyElementText(VerifyElementTextKeyword.groovy:72)
	at com.kms.katalon.core.webui.keyword.builtin.VerifyElementTextKeyword.execute(VerifyElementTextKeyword.groovy:40)
	at com.kms.katalon.core.keyword.internal.KeywordExecutor.executeKeywordForPlatform(KeywordExecutor.groovy:74)
	at com.kms.katalon.core.webui.keyword.WebUiBuiltInKeywords.verifyElementText(WebUiBuiltInKeywords.groovy:4749)
	at com.kms.katalon.core.webui.keyword.WebUiBuiltInKeywords$verifyElementText$5.call(Unknown Source)
	at Precon - Form Verification.run(Precon - Form Verification:183)
	at com.kms.katalon.core.main.ScriptEngine.run(ScriptEngine.java:194)
	at com.kms.katalon.core.main.ScriptEngine.runScriptAsRawText(ScriptEngine.java:119)
	at com.kms.katalon.core.main.TestCaseExecutor.runScript(TestCaseExecutor.java:445)
	at com.kms.katalon.core.main.TestCaseExecutor.doExecute(TestCaseExecutor.java:436)
	at com.kms.katalon.core.main.TestCaseExecutor.processExecutionPhase(TestCaseExecutor.java:415)
	at com.kms.katalon.core.main.TestCaseExecutor.accessMainPhase(TestCaseExecutor.java:407)
	at com.kms.katalon.core.main.TestCaseExecutor.execute(TestCaseExecutor.java:284)
	at com.kms.katalon.core.common.CommonExecutor.accessTestCaseMainPhase(CommonExecutor.java:65)
	at com.kms.katalon.core.main.TestSuiteExecutor.accessTestSuiteMainPhase(TestSuiteExecutor.java:144)
	at com.kms.katalon.core.main.TestSuiteExecutor.execute(TestSuiteExecutor.java:106)
	at com.kms.katalon.core.main.TestCaseMain.startTestSuite(TestCaseMain.java:185)
	at com.kms.katalon.core.main.TestCaseMain$startTestSuite$0.call(Unknown Source)
	at TempTestSuite1650304259606.run(TempTestSuite1650304259606.groovy:36)
)

2022-04-18 23:36:34 - [MESSAGE][INFO] - Unable to find the element located by 'By.xpath: //div[@id='__next']/div/div/main/article/section[2]/div/div[3]/div/div[2]/div[4]/div[2]/div/h4'. Please recheck the objects properties to make sure the desired element is located. 

2022-04-18 23:36:34 - [MESSAGE][FAILED] - com.kms.katalon.core.webui.exception.WebElementNotFoundException: Web element with id: 'Object Repository/Form Verification/Precon Form/Page_/h4_4. Discount checks' located by '//div[@id='__next']/div/div/main/article/section[2]/div/div[3]/div/div[2]/div[4]/div[2]/div/h4' not found (Root cause: com.kms.katalon.core.exception.StepFailedException: com.kms.katalon.core.webui.exception.WebElementNotFoundException: Web element with id: 'Object Repository/Form Verification/Precon Form/Page_/h4_4. Discount checks' located by '//div[@id='__next']/div/div/main/article/section[2]/div/div[3]/div/div[2]/div[4]/div[2]/div/h4' not found
	at com.kms.katalon.core.webui.keyword.internal.WebUIKeywordMain.stepFailed(WebUIKeywordMain.groovy:64)
	at com.kms.katalon.core.webui.keyword.builtin.VerifyElementTextKeyword$_verifyElementText_closure1.doCall(VerifyElementTextKeyword.groovy:64)
	at com.kms.katalon.core.webui.keyword.builtin.VerifyElementTextKeyword$_verifyElementText_closure1.call(VerifyElementTextKeyword.groovy)
	at com.kms.katalon.core.webui.keyword.internal.WebUIKeywordMain.runKeyword(WebUIKeywordMain.groovy:20)
	at com.kms.katalon.core.webui.keyword.builtin.VerifyElementTextKeyword.verifyElementText(VerifyElementTextKeyword.groovy:72)
	at com.kms.katalon.core.webui.keyword.builtin.VerifyElementTextKeyword.execute(VerifyElementTextKeyword.groovy:40)
	at com.kms.katalon.core.keyword.internal.KeywordExecutor.executeKeywordForPlatform(KeywordExecutor.groovy:74)
	at com.kms.katalon.core.webui.keyword.WebUiBuiltInKeywords.verifyElementText(WebUiBuiltInKeywords.groovy:4749)
	at com.kms.katalon.core.webui.keyword.WebUiBuiltInKeywords$verifyElementText$5.call(Unknown Source)
	at Precon - Form Verification.run(Precon - Form Verification:183)
	at com.kms.katalon.core.main.ScriptEngine.run(ScriptEngine.java:194)
	at com.kms.katalon.core.main.ScriptEngine.runScriptAsRawText(ScriptEngine.java:119)
	at com.kms.katalon.core.main.TestCaseExecutor.runScript(TestCaseExecutor.java:445)
	at com.kms.katalon.core.main.TestCaseExecutor.doExecute(TestCaseExecutor.java:436)
	at com.kms.katalon.core.main.TestCaseExecutor.processExecutionPhase(TestCaseExecutor.java:415)
	at com.kms.katalon.core.main.TestCaseExecutor.accessMainPhase(TestCaseExecutor.java:407)
	at com.kms.katalon.core.main.TestCaseExecutor.execute(TestCaseExecutor.java:284)
	at com.kms.katalon.core.common.CommonExecutor.accessTestCaseMainPhase(CommonExecutor.java:65)
	at com.kms.katalon.core.main.TestSuiteExecutor.accessTestSuiteMainPhase(TestSuiteExecutor.java:144)
	at com.kms.katalon.core.main.TestSuiteExecutor.execute(TestSuiteExecutor.java:106)
	at com.kms.katalon.core.main.TestCaseMain.startTestSuite(TestCaseMain.java:185)
	at com.kms.katalon.core.main.TestCaseMain$startTestSuite$0.call(Unknown Source)
	at TempTestSuite1650304259606.run(TempTestSuite1650304259606.groovy:36)
)
[[ATTACHMENT|D:\\SmoketestSuite\\enfamilUS\\Reports\\20220418_232059\\SmokeTestCollection - Venkat\\SmokeTestSuite-Collection - UAT\\20220418_232059\\1650305194423.png]]

2022-04-18 23:36:34 - [TEST_STEP][FAILED] - verifyElementPresent(findTestObject("Object Repository/Form Verification/Precon Form/Page_/p_Enjoy discounts on Enfamil products. Chec_d0981e"), 0): com.kms.katalon.core.webui.exception.WebElementNotFoundException: Web element with id: 'Object Repository/Form Verification/Precon Form/Page_/p_Enjoy discounts on Enfamil products. Chec_d0981e' located by '(//*[@class='list-selector__content-desc'])[4]/div/div' not found (Root cause: com.kms.katalon.core.exception.StepFailedException: com.kms.katalon.core.webui.exception.WebElementNotFoundException: Web element with id: 'Object Repository/Form Verification/Precon Form/Page_/p_Enjoy discounts on Enfamil products. Chec_d0981e' located by '(//*[@class='list-selector__content-desc'])[4]/div/div' not found
	at com.kms.katalon.core.webui.keyword.internal.WebUIKeywordMain.stepFailed(WebUIKeywordMain.groovy:64)
	at com.kms.katalon.core.webui.keyword.builtin.VerifyElementPresentKeyword$_verifyElementPresent_closure1.doCall(VerifyElementPresentKeyword.groovy:85)
	at com.kms.katalon.core.webui.keyword.builtin.VerifyElementPresentKeyword$_verifyElementPresent_closure1.call(VerifyElementPresentKeyword.groovy)
	at com.kms.katalon.core.webui.keyword.internal.WebUIKeywordMain.runKeyword(WebUIKeywordMain.groovy:20)
	at com.kms.katalon.core.webui.keyword.builtin.VerifyElementPresentKeyword.verifyElementPresent(VerifyElementPresentKeyword.groovy:92)
	at com.kms.katalon.core.webui.keyword.builtin.VerifyElementPresentKeyword.execute(VerifyElementPresentKeyword.groovy:68)
	at com.kms.katalon.core.keyword.internal.KeywordExecutor.executeKeywordForPlatform(KeywordExecutor.groovy:74)
	at com.kms.katalon.core.webui.keyword.WebUiBuiltInKeywords.verifyElementPresent(WebUiBuiltInKeywords.groovy:1464)
	at com.kms.katalon.core.webui.keyword.WebUiBuiltInKeywords$verifyElementPresent$4.call(Unknown Source)
	at Precon - Form Verification.run(Precon - Form Verification:185)
	at com.kms.katalon.core.main.ScriptEngine.run(ScriptEngine.java:194)
	at com.kms.katalon.core.main.ScriptEngine.runScriptAsRawText(ScriptEngine.java:119)
	at com.kms.katalon.core.main.TestCaseExecutor.runScript(TestCaseExecutor.java:445)
	at com.kms.katalon.core.main.TestCaseExecutor.doExecute(TestCaseExecutor.java:436)
	at com.kms.katalon.core.main.TestCaseExecutor.processExecutionPhase(TestCaseExecutor.java:415)
	at com.kms.katalon.core.main.TestCaseExecutor.accessMainPhase(TestCaseExecutor.java:407)
	at com.kms.katalon.core.main.TestCaseExecutor.execute(TestCaseExecutor.java:284)
	at com.kms.katalon.core.common.CommonExecutor.accessTestCaseMainPhase(CommonExecutor.java:65)
	at com.kms.katalon.core.main.TestSuiteExecutor.accessTestSuiteMainPhase(TestSuiteExecutor.java:144)
	at com.kms.katalon.core.main.TestSuiteExecutor.execute(TestSuiteExecutor.java:106)
	at com.kms.katalon.core.main.TestCaseMain.startTestSuite(TestCaseMain.java:185)
	at com.kms.katalon.core.main.TestCaseMain$startTestSuite$0.call(Unknown Source)
	at TempTestSuite1650304259606.run(TempTestSuite1650304259606.groovy:36)
)

2022-04-18 23:36:34 - [MESSAGE][WARNING] - Timeout '0' is invalid. Using default page load timeout: '5'

2022-04-18 23:36:40 - [MESSAGE][INFO] - Unable to find the element located by 'By.xpath: (//*[@class='list-selector__content-desc'])[4]/div/div'. Please recheck the objects properties to make sure the desired element is located. 

2022-04-18 23:36:41 - [MESSAGE][FAILED] - com.kms.katalon.core.webui.exception.WebElementNotFoundException: Web element with id: 'Object Repository/Form Verification/Precon Form/Page_/p_Enjoy discounts on Enfamil products. Chec_d0981e' located by '(//*[@class='list-selector__content-desc'])[4]/div/div' not found (Root cause: com.kms.katalon.core.exception.StepFailedException: com.kms.katalon.core.webui.exception.WebElementNotFoundException: Web element with id: 'Object Repository/Form Verification/Precon Form/Page_/p_Enjoy discounts on Enfamil products. Chec_d0981e' located by '(//*[@class='list-selector__content-desc'])[4]/div/div' not found
	at com.kms.katalon.core.webui.keyword.internal.WebUIKeywordMain.stepFailed(WebUIKeywordMain.groovy:64)
	at com.kms.katalon.core.webui.keyword.builtin.VerifyElementPresentKeyword$_verifyElementPresent_closure1.doCall(VerifyElementPresentKeyword.groovy:85)
	at com.kms.katalon.core.webui.keyword.builtin.VerifyElementPresentKeyword$_verifyElementPresent_closure1.call(VerifyElementPresentKeyword.groovy)
	at com.kms.katalon.core.webui.keyword.internal.WebUIKeywordMain.runKeyword(WebUIKeywordMain.groovy:20)
	at com.kms.katalon.core.webui.keyword.builtin.VerifyElementPresentKeyword.verifyElementPresent(VerifyElementPresentKeyword.groovy:92)
	at com.kms.katalon.core.webui.keyword.builtin.VerifyElementPresentKeyword.execute(VerifyElementPresentKeyword.groovy:68)
	at com.kms.katalon.core.keyword.internal.KeywordExecutor.executeKeywordForPlatform(KeywordExecutor.groovy:74)
	at com.kms.katalon.core.webui.keyword.WebUiBuiltInKeywords.verifyElementPresent(WebUiBuiltInKeywords.groovy:1464)
	at com.kms.katalon.core.webui.keyword.WebUiBuiltInKeywords$verifyElementPresent$4.call(Unknown Source)
	at Precon - Form Verification.run(Precon - Form Verification:185)
	at com.kms.katalon.core.main.ScriptEngine.run(ScriptEngine.java:194)
	at com.kms.katalon.core.main.ScriptEngine.runScriptAsRawText(ScriptEngine.java:119)
	at com.kms.katalon.core.main.TestCaseExecutor.runScript(TestCaseExecutor.java:445)
	at com.kms.katalon.core.main.TestCaseExecutor.doExecute(TestCaseExecutor.java:436)
	at com.kms.katalon.core.main.TestCaseExecutor.processExecutionPhase(TestCaseExecutor.java:415)
	at com.kms.katalon.core.main.TestCaseExecutor.accessMainPhase(TestCaseExecutor.java:407)
	at com.kms.katalon.core.main.TestCaseExecutor.execute(TestCaseExecutor.java:284)
	at com.kms.katalon.core.common.CommonExecutor.accessTestCaseMainPhase(CommonExecutor.java:65)
	at com.kms.katalon.core.main.TestSuiteExecutor.accessTestSuiteMainPhase(TestSuiteExecutor.java:144)
	at com.kms.katalon.core.main.TestSuiteExecutor.execute(TestSuiteExecutor.java:106)
	at com.kms.katalon.core.main.TestCaseMain.startTestSuite(TestCaseMain.java:185)
	at com.kms.katalon.core.main.TestCaseMain$startTestSuite$0.call(Unknown Source)
	at TempTestSuite1650304259606.run(TempTestSuite1650304259606.groovy:36)
)
[[ATTACHMENT|D:\\SmoketestSuite\\enfamilUS\\Reports\\20220418_232059\\SmokeTestCollection - Venkat\\SmokeTestSuite-Collection - UAT\\20220418_232059\\1650305200865.png]]

2022-04-18 23:36:41 - [TEST_STEP][FAILED] - verifyElementText(findTestObject("Object Repository/Form Verification/Precon Form/Page_/p_Enjoy discounts on Enfamil products. Chec_d0981e"), "Enjoy discounts on Enfamil products. Checks are similar to formula coupons in that you'll save money and can use them at most major retailers3."): com.kms.katalon.core.webui.exception.WebElementNotFoundException: Web element with id: 'Object Repository/Form Verification/Precon Form/Page_/p_Enjoy discounts on Enfamil products. Chec_d0981e' located by '(//*[@class='list-selector__content-desc'])[4]/div/div' not found (Root cause: com.kms.katalon.core.exception.StepFailedException: com.kms.katalon.core.webui.exception.WebElementNotFoundException: Web element with id: 'Object Repository/Form Verification/Precon Form/Page_/p_Enjoy discounts on Enfamil products. Chec_d0981e' located by '(//*[@class='list-selector__content-desc'])[4]/div/div' not found
	at com.kms.katalon.core.webui.keyword.internal.WebUIKeywordMain.stepFailed(WebUIKeywordMain.groovy:64)
	at com.kms.katalon.core.webui.keyword.builtin.VerifyElementTextKeyword$_verifyElementText_closure1.doCall(VerifyElementTextKeyword.groovy:64)
	at com.kms.katalon.core.webui.keyword.builtin.VerifyElementTextKeyword$_verifyElementText_closure1.call(VerifyElementTextKeyword.groovy)
	at com.kms.katalon.core.webui.keyword.internal.WebUIKeywordMain.runKeyword(WebUIKeywordMain.groovy:20)
	at com.kms.katalon.core.webui.keyword.builtin.VerifyElementTextKeyword.verifyElementText(VerifyElementTextKeyword.groovy:72)
	at com.kms.katalon.core.webui.keyword.builtin.VerifyElementTextKeyword.execute(VerifyElementTextKeyword.groovy:40)
	at com.kms.katalon.core.keyword.internal.KeywordExecutor.executeKeywordForPlatform(KeywordExecutor.groovy:74)
	at com.kms.katalon.core.webui.keyword.WebUiBuiltInKeywords.verifyElementText(WebUiBuiltInKeywords.groovy:4749)
	at com.kms.katalon.core.webui.keyword.WebUiBuiltInKeywords$verifyElementText$5.call(Unknown Source)
	at Precon - Form Verification.run(Precon - Form Verification:188)
	at com.kms.katalon.core.main.ScriptEngine.run(ScriptEngine.java:194)
	at com.kms.katalon.core.main.ScriptEngine.runScriptAsRawText(ScriptEngine.java:119)
	at com.kms.katalon.core.main.TestCaseExecutor.runScript(TestCaseExecutor.java:445)
	at com.kms.katalon.core.main.TestCaseExecutor.doExecute(TestCaseExecutor.java:436)
	at com.kms.katalon.core.main.TestCaseExecutor.processExecutionPhase(TestCaseExecutor.java:415)
	at com.kms.katalon.core.main.TestCaseExecutor.accessMainPhase(TestCaseExecutor.java:407)
	at com.kms.katalon.core.main.TestCaseExecutor.execute(TestCaseExecutor.java:284)
	at com.kms.katalon.core.common.CommonExecutor.accessTestCaseMainPhase(CommonExecutor.java:65)
	at com.kms.katalon.core.main.TestSuiteExecutor.accessTestSuiteMainPhase(TestSuiteExecutor.java:144)
	at com.kms.katalon.core.main.TestSuiteExecutor.execute(TestSuiteExecutor.java:106)
	at com.kms.katalon.core.main.TestCaseMain.startTestSuite(TestCaseMain.java:185)
	at com.kms.katalon.core.main.TestCaseMain$startTestSuite$0.call(Unknown Source)
	at TempTestSuite1650304259606.run(TempTestSuite1650304259606.groovy:36)
)

2022-04-18 23:36:47 - [MESSAGE][INFO] - Unable to find the element located by 'By.xpath: (//*[@class='list-selector__content-desc'])[4]/div/div'. Please recheck the objects properties to make sure the desired element is located. 

2022-04-18 23:36:47 - [MESSAGE][FAILED] - com.kms.katalon.core.webui.exception.WebElementNotFoundException: Web element with id: 'Object Repository/Form Verification/Precon Form/Page_/p_Enjoy discounts on Enfamil products. Chec_d0981e' located by '(//*[@class='list-selector__content-desc'])[4]/div/div' not found (Root cause: com.kms.katalon.core.exception.StepFailedException: com.kms.katalon.core.webui.exception.WebElementNotFoundException: Web element with id: 'Object Repository/Form Verification/Precon Form/Page_/p_Enjoy discounts on Enfamil products. Chec_d0981e' located by '(//*[@class='list-selector__content-desc'])[4]/div/div' not found
	at com.kms.katalon.core.webui.keyword.internal.WebUIKeywordMain.stepFailed(WebUIKeywordMain.groovy:64)
	at com.kms.katalon.core.webui.keyword.builtin.VerifyElementTextKeyword$_verifyElementText_closure1.doCall(VerifyElementTextKeyword.groovy:64)
	at com.kms.katalon.core.webui.keyword.builtin.VerifyElementTextKeyword$_verifyElementText_closure1.call(VerifyElementTextKeyword.groovy)
	at com.kms.katalon.core.webui.keyword.internal.WebUIKeywordMain.runKeyword(WebUIKeywordMain.groovy:20)
	at com.kms.katalon.core.webui.keyword.builtin.VerifyElementTextKeyword.verifyElementText(VerifyElementTextKeyword.groovy:72)
	at com.kms.katalon.core.webui.keyword.builtin.VerifyElementTextKeyword.execute(VerifyElementTextKeyword.groovy:40)
	at com.kms.katalon.core.keyword.internal.KeywordExecutor.executeKeywordForPlatform(KeywordExecutor.groovy:74)
	at com.kms.katalon.core.webui.keyword.WebUiBuiltInKeywords.verifyElementText(WebUiBuiltInKeywords.groovy:4749)
	at com.kms.katalon.core.webui.keyword.WebUiBuiltInKeywords$verifyElementText$5.call(Unknown Source)
	at Precon - Form Verification.run(Precon - Form Verification:188)
	at com.kms.katalon.core.main.ScriptEngine.run(ScriptEngine.java:194)
	at com.kms.katalon.core.main.ScriptEngine.runScriptAsRawText(ScriptEngine.java:119)
	at com.kms.katalon.core.main.TestCaseExecutor.runScript(TestCaseExecutor.java:445)
	at com.kms.katalon.core.main.TestCaseExecutor.doExecute(TestCaseExecutor.java:436)
	at com.kms.katalon.core.main.TestCaseExecutor.processExecutionPhase(TestCaseExecutor.java:415)
	at com.kms.katalon.core.main.TestCaseExecutor.accessMainPhase(TestCaseExecutor.java:407)
	at com.kms.katalon.core.main.TestCaseExecutor.execute(TestCaseExecutor.java:284)
	at com.kms.katalon.core.common.CommonExecutor.accessTestCaseMainPhase(CommonExecutor.java:65)
	at com.kms.katalon.core.main.TestSuiteExecutor.accessTestSuiteMainPhase(TestSuiteExecutor.java:144)
	at com.kms.katalon.core.main.TestSuiteExecutor.execute(TestSuiteExecutor.java:106)
	at com.kms.katalon.core.main.TestCaseMain.startTestSuite(TestCaseMain.java:185)
	at com.kms.katalon.core.main.TestCaseMain$startTestSuite$0.call(Unknown Source)
	at TempTestSuite1650304259606.run(TempTestSuite1650304259606.groovy:36)
)
[[ATTACHMENT|D:\\SmoketestSuite\\enfamilUS\\Reports\\20220418_232059\\SmokeTestCollection - Venkat\\SmokeTestSuite-Collection - UAT\\20220418_232059\\1650305207313.png]]

2022-04-18 23:36:47 - [TEST_STEP][FAILED] - verifyElementPresent(findTestObject("Object Repository/Form Verification/Precon Form/Page_/div_5. Tips tailored to youWhether youre pr_0f495b"), 0): com.kms.katalon.core.webui.exception.WebElementNotFoundException: Web element with id: 'Object Repository/Form Verification/Precon Form/Page_/div_5. Tips tailored to youWhether youre pr_0f495b' located by '//div[@id='__next']/div/div/main/article/section[2]/div/div[3]/div/div[2]/div[5]' not found (Root cause: com.kms.katalon.core.exception.StepFailedException: com.kms.katalon.core.webui.exception.WebElementNotFoundException: Web element with id: 'Object Repository/Form Verification/Precon Form/Page_/div_5. Tips tailored to youWhether youre pr_0f495b' located by '//div[@id='__next']/div/div/main/article/section[2]/div/div[3]/div/div[2]/div[5]' not found
	at com.kms.katalon.core.webui.keyword.internal.WebUIKeywordMain.stepFailed(WebUIKeywordMain.groovy:64)
	at com.kms.katalon.core.webui.keyword.builtin.VerifyElementPresentKeyword$_verifyElementPresent_closure1.doCall(VerifyElementPresentKeyword.groovy:85)
	at com.kms.katalon.core.webui.keyword.builtin.VerifyElementPresentKeyword$_verifyElementPresent_closure1.call(VerifyElementPresentKeyword.groovy)
	at com.kms.katalon.core.webui.keyword.internal.WebUIKeywordMain.runKeyword(WebUIKeywordMain.groovy:20)
	at com.kms.katalon.core.webui.keyword.builtin.VerifyElementPresentKeyword.verifyElementPresent(VerifyElementPresentKeyword.groovy:92)
	at com.kms.katalon.core.webui.keyword.builtin.VerifyElementPresentKeyword.execute(VerifyElementPresentKeyword.groovy:68)
	at com.kms.katalon.core.keyword.internal.KeywordExecutor.executeKeywordForPlatform(KeywordExecutor.groovy:74)
	at com.kms.katalon.core.webui.keyword.WebUiBuiltInKeywords.verifyElementPresent(WebUiBuiltInKeywords.groovy:1464)
	at com.kms.katalon.core.webui.keyword.WebUiBuiltInKeywords$verifyElementPresent$4.call(Unknown Source)
	at Precon - Form Verification.run(Precon - Form Verification:191)
	at com.kms.katalon.core.main.ScriptEngine.run(ScriptEngine.java:194)
	at com.kms.katalon.core.main.ScriptEngine.runScriptAsRawText(ScriptEngine.java:119)
	at com.kms.katalon.core.main.TestCaseExecutor.runScript(TestCaseExecutor.java:445)
	at com.kms.katalon.core.main.TestCaseExecutor.doExecute(TestCaseExecutor.java:436)
	at com.kms.katalon.core.main.TestCaseExecutor.processExecutionPhase(TestCaseExecutor.java:415)
	at com.kms.katalon.core.main.TestCaseExecutor.accessMainPhase(TestCaseExecutor.java:407)
	at com.kms.katalon.core.main.TestCaseExecutor.execute(TestCaseExecutor.java:284)
	at com.kms.katalon.core.common.CommonExecutor.accessTestCaseMainPhase(CommonExecutor.java:65)
	at com.kms.katalon.core.main.TestSuiteExecutor.accessTestSuiteMainPhase(TestSuiteExecutor.java:144)
	at com.kms.katalon.core.main.TestSuiteExecutor.execute(TestSuiteExecutor.java:106)
	at com.kms.katalon.core.main.TestCaseMain.startTestSuite(TestCaseMain.java:185)
	at com.kms.katalon.core.main.TestCaseMain$startTestSuite$0.call(Unknown Source)
	at TempTestSuite1650304259606.run(TempTestSuite1650304259606.groovy:36)
)

2022-04-18 23:36:47 - [MESSAGE][WARNING] - Timeout '0' is invalid. Using default page load timeout: '5'

2022-04-18 23:36:53 - [MESSAGE][INFO] - Unable to find the element located by 'By.xpath: //div[@id='__next']/div/div/main/article/section[2]/div/div[3]/div/div[2]/div[5]'. Please recheck the objects properties to make sure the desired element is located. 

2022-04-18 23:36:53 - [MESSAGE][FAILED] - com.kms.katalon.core.webui.exception.WebElementNotFoundException: Web element with id: 'Object Repository/Form Verification/Precon Form/Page_/div_5. Tips tailored to youWhether youre pr_0f495b' located by '//div[@id='__next']/div/div/main/article/section[2]/div/div[3]/div/div[2]/div[5]' not found (Root cause: com.kms.katalon.core.exception.StepFailedException: com.kms.katalon.core.webui.exception.WebElementNotFoundException: Web element with id: 'Object Repository/Form Verification/Precon Form/Page_/div_5. Tips tailored to youWhether youre pr_0f495b' located by '//div[@id='__next']/div/div/main/article/section[2]/div/div[3]/div/div[2]/div[5]' not found
	at com.kms.katalon.core.webui.keyword.internal.WebUIKeywordMain.stepFailed(WebUIKeywordMain.groovy:64)
	at com.kms.katalon.core.webui.keyword.builtin.VerifyElementPresentKeyword$_verifyElementPresent_closure1.doCall(VerifyElementPresentKeyword.groovy:85)
	at com.kms.katalon.core.webui.keyword.builtin.VerifyElementPresentKeyword$_verifyElementPresent_closure1.call(VerifyElementPresentKeyword.groovy)
	at com.kms.katalon.core.webui.keyword.internal.WebUIKeywordMain.runKeyword(WebUIKeywordMain.groovy:20)
	at com.kms.katalon.core.webui.keyword.builtin.VerifyElementPresentKeyword.verifyElementPresent(VerifyElementPresentKeyword.groovy:92)
	at com.kms.katalon.core.webui.keyword.builtin.VerifyElementPresentKeyword.execute(VerifyElementPresentKeyword.groovy:68)
	at com.kms.katalon.core.keyword.internal.KeywordExecutor.executeKeywordForPlatform(KeywordExecutor.groovy:74)
	at com.kms.katalon.core.webui.keyword.WebUiBuiltInKeywords.verifyElementPresent(WebUiBuiltInKeywords.groovy:1464)
	at com.kms.katalon.core.webui.keyword.WebUiBuiltInKeywords$verifyElementPresent$4.call(Unknown Source)
	at Precon - Form Verification.run(Precon - Form Verification:191)
	at com.kms.katalon.core.main.ScriptEngine.run(ScriptEngine.java:194)
	at com.kms.katalon.core.main.ScriptEngine.runScriptAsRawText(ScriptEngine.java:119)
	at com.kms.katalon.core.main.TestCaseExecutor.runScript(TestCaseExecutor.java:445)
	at com.kms.katalon.core.main.TestCaseExecutor.doExecute(TestCaseExecutor.java:436)
	at com.kms.katalon.core.main.TestCaseExecutor.processExecutionPhase(TestCaseExecutor.java:415)
	at com.kms.katalon.core.main.TestCaseExecutor.accessMainPhase(TestCaseExecutor.java:407)
	at com.kms.katalon.core.main.TestCaseExecutor.execute(TestCaseExecutor.java:284)
	at com.kms.katalon.core.common.CommonExecutor.accessTestCaseMainPhase(CommonExecutor.java:65)
	at com.kms.katalon.core.main.TestSuiteExecutor.accessTestSuiteMainPhase(TestSuiteExecutor.java:144)
	at com.kms.katalon.core.main.TestSuiteExecutor.execute(TestSuiteExecutor.java:106)
	at com.kms.katalon.core.main.TestCaseMain.startTestSuite(TestCaseMain.java:185)
	at com.kms.katalon.core.main.TestCaseMain$startTestSuite$0.call(Unknown Source)
	at TempTestSuite1650304259606.run(TempTestSuite1650304259606.groovy:36)
)
[[ATTACHMENT|D:\\SmoketestSuite\\enfamilUS\\Reports\\20220418_232059\\SmokeTestCollection - Venkat\\SmokeTestSuite-Collection - UAT\\20220418_232059\\1650305213661.png]]

2022-04-18 23:36:53 - [TEST_STEP][FAILED] - verifyElementPresent(findTestObject("Object Repository/Form Verification/Precon Form/Page_/h4_5. Tips tailored to you"), 0): com.kms.katalon.core.webui.exception.WebElementNotFoundException: Web element with id: 'Object Repository/Form Verification/Precon Form/Page_/h4_5. Tips tailored to you' located by '//div[@id='__next']/div/div/main/article/section[2]/div/div[3]/div/div[2]/div[5]/div[2]/div/h4' not found (Root cause: com.kms.katalon.core.exception.StepFailedException: com.kms.katalon.core.webui.exception.WebElementNotFoundException: Web element with id: 'Object Repository/Form Verification/Precon Form/Page_/h4_5. Tips tailored to you' located by '//div[@id='__next']/div/div/main/article/section[2]/div/div[3]/div/div[2]/div[5]/div[2]/div/h4' not found
	at com.kms.katalon.core.webui.keyword.internal.WebUIKeywordMain.stepFailed(WebUIKeywordMain.groovy:64)
	at com.kms.katalon.core.webui.keyword.builtin.VerifyElementPresentKeyword$_verifyElementPresent_closure1.doCall(VerifyElementPresentKeyword.groovy:85)
	at com.kms.katalon.core.webui.keyword.builtin.VerifyElementPresentKeyword$_verifyElementPresent_closure1.call(VerifyElementPresentKeyword.groovy)
	at com.kms.katalon.core.webui.keyword.internal.WebUIKeywordMain.runKeyword(WebUIKeywordMain.groovy:20)
	at com.kms.katalon.core.webui.keyword.builtin.VerifyElementPresentKeyword.verifyElementPresent(VerifyElementPresentKeyword.groovy:92)
	at com.kms.katalon.core.webui.keyword.builtin.VerifyElementPresentKeyword.execute(VerifyElementPresentKeyword.groovy:68)
	at com.kms.katalon.core.keyword.internal.KeywordExecutor.executeKeywordForPlatform(KeywordExecutor.groovy:74)
	at com.kms.katalon.core.webui.keyword.WebUiBuiltInKeywords.verifyElementPresent(WebUiBuiltInKeywords.groovy:1464)
	at com.kms.katalon.core.webui.keyword.WebUiBuiltInKeywords$verifyElementPresent$4.call(Unknown Source)
	at Precon - Form Verification.run(Precon - Form Verification:194)
	at com.kms.katalon.core.main.ScriptEngine.run(ScriptEngine.java:194)
	at com.kms.katalon.core.main.ScriptEngine.runScriptAsRawText(ScriptEngine.java:119)
	at com.kms.katalon.core.main.TestCaseExecutor.runScript(TestCaseExecutor.java:445)
	at com.kms.katalon.core.main.TestCaseExecutor.doExecute(TestCaseExecutor.java:436)
	at com.kms.katalon.core.main.TestCaseExecutor.processExecutionPhase(TestCaseExecutor.java:415)
	at com.kms.katalon.core.main.TestCaseExecutor.accessMainPhase(TestCaseExecutor.java:407)
	at com.kms.katalon.core.main.TestCaseExecutor.execute(TestCaseExecutor.java:284)
	at com.kms.katalon.core.common.CommonExecutor.accessTestCaseMainPhase(CommonExecutor.java:65)
	at com.kms.katalon.core.main.TestSuiteExecutor.accessTestSuiteMainPhase(TestSuiteExecutor.java:144)
	at com.kms.katalon.core.main.TestSuiteExecutor.execute(TestSuiteExecutor.java:106)
	at com.kms.katalon.core.main.TestCaseMain.startTestSuite(TestCaseMain.java:185)
	at com.kms.katalon.core.main.TestCaseMain$startTestSuite$0.call(Unknown Source)
	at TempTestSuite1650304259606.run(TempTestSuite1650304259606.groovy:36)
)

2022-04-18 23:36:53 - [MESSAGE][WARNING] - Timeout '0' is invalid. Using default page load timeout: '5'

2022-04-18 23:37:00 - [MESSAGE][INFO] - Unable to find the element located by 'By.xpath: //div[@id='__next']/div/div/main/article/section[2]/div/div[3]/div/div[2]/div[5]/div[2]/div/h4'. Please recheck the objects properties to make sure the desired element is located. 

2022-04-18 23:37:00 - [MESSAGE][FAILED] - com.kms.katalon.core.webui.exception.WebElementNotFoundException: Web element with id: 'Object Repository/Form Verification/Precon Form/Page_/h4_5. Tips tailored to you' located by '//div[@id='__next']/div/div/main/article/section[2]/div/div[3]/div/div[2]/div[5]/div[2]/div/h4' not found (Root cause: com.kms.katalon.core.exception.StepFailedException: com.kms.katalon.core.webui.exception.WebElementNotFoundException: Web element with id: 'Object Repository/Form Verification/Precon Form/Page_/h4_5. Tips tailored to you' located by '//div[@id='__next']/div/div/main/article/section[2]/div/div[3]/div/div[2]/div[5]/div[2]/div/h4' not found
	at com.kms.katalon.core.webui.keyword.internal.WebUIKeywordMain.stepFailed(WebUIKeywordMain.groovy:64)
	at com.kms.katalon.core.webui.keyword.builtin.VerifyElementPresentKeyword$_verifyElementPresent_closure1.doCall(VerifyElementPresentKeyword.groovy:85)
	at com.kms.katalon.core.webui.keyword.builtin.VerifyElementPresentKeyword$_verifyElementPresent_closure1.call(VerifyElementPresentKeyword.groovy)
	at com.kms.katalon.core.webui.keyword.internal.WebUIKeywordMain.runKeyword(WebUIKeywordMain.groovy:20)
	at com.kms.katalon.core.webui.keyword.builtin.VerifyElementPresentKeyword.verifyElementPresent(VerifyElementPresentKeyword.groovy:92)
	at com.kms.katalon.core.webui.keyword.builtin.VerifyElementPresentKeyword.execute(VerifyElementPresentKeyword.groovy:68)
	at com.kms.katalon.core.keyword.internal.KeywordExecutor.executeKeywordForPlatform(KeywordExecutor.groovy:74)
	at com.kms.katalon.core.webui.keyword.WebUiBuiltInKeywords.verifyElementPresent(WebUiBuiltInKeywords.groovy:1464)
	at com.kms.katalon.core.webui.keyword.WebUiBuiltInKeywords$verifyElementPresent$4.call(Unknown Source)
	at Precon - Form Verification.run(Precon - Form Verification:194)
	at com.kms.katalon.core.main.ScriptEngine.run(ScriptEngine.java:194)
	at com.kms.katalon.core.main.ScriptEngine.runScriptAsRawText(ScriptEngine.java:119)
	at com.kms.katalon.core.main.TestCaseExecutor.runScript(TestCaseExecutor.java:445)
	at com.kms.katalon.core.main.TestCaseExecutor.doExecute(TestCaseExecutor.java:436)
	at com.kms.katalon.core.main.TestCaseExecutor.processExecutionPhase(TestCaseExecutor.java:415)
	at com.kms.katalon.core.main.TestCaseExecutor.accessMainPhase(TestCaseExecutor.java:407)
	at com.kms.katalon.core.main.TestCaseExecutor.execute(TestCaseExecutor.java:284)
	at com.kms.katalon.core.common.CommonExecutor.accessTestCaseMainPhase(CommonExecutor.java:65)
	at com.kms.katalon.core.main.TestSuiteExecutor.accessTestSuiteMainPhase(TestSuiteExecutor.java:144)
	at com.kms.katalon.core.main.TestSuiteExecutor.execute(TestSuiteExecutor.java:106)
	at com.kms.katalon.core.main.TestCaseMain.startTestSuite(TestCaseMain.java:185)
	at com.kms.katalon.core.main.TestCaseMain$startTestSuite$0.call(Unknown Source)
	at TempTestSuite1650304259606.run(TempTestSuite1650304259606.groovy:36)
)
[[ATTACHMENT|D:\\SmoketestSuite\\enfamilUS\\Reports\\20220418_232059\\SmokeTestCollection - Venkat\\SmokeTestSuite-Collection - UAT\\20220418_232059\\1650305220199.png]]

2022-04-18 23:37:00 - [TEST_STEP][FAILED] - verifyElementPresent(findTestObject("Object Repository/Form Verification/Precon Form/Page_/p_Whether youre pregnant and dont know wher_7ceed8"), 0): com.kms.katalon.core.webui.exception.WebElementNotFoundException: Web element with id: 'Object Repository/Form Verification/Precon Form/Page_/p_Whether youre pregnant and dont know wher_7ceed8' located by '(//*[@class='list-selector__content-desc'])[5]/div/div' not found (Root cause: com.kms.katalon.core.exception.StepFailedException: com.kms.katalon.core.webui.exception.WebElementNotFoundException: Web element with id: 'Object Repository/Form Verification/Precon Form/Page_/p_Whether youre pregnant and dont know wher_7ceed8' located by '(//*[@class='list-selector__content-desc'])[5]/div/div' not found
	at com.kms.katalon.core.webui.keyword.internal.WebUIKeywordMain.stepFailed(WebUIKeywordMain.groovy:64)
	at com.kms.katalon.core.webui.keyword.builtin.VerifyElementPresentKeyword$_verifyElementPresent_closure1.doCall(VerifyElementPresentKeyword.groovy:85)
	at com.kms.katalon.core.webui.keyword.builtin.VerifyElementPresentKeyword$_verifyElementPresent_closure1.call(VerifyElementPresentKeyword.groovy)
	at com.kms.katalon.core.webui.keyword.internal.WebUIKeywordMain.runKeyword(WebUIKeywordMain.groovy:20)
	at com.kms.katalon.core.webui.keyword.builtin.VerifyElementPresentKeyword.verifyElementPresent(VerifyElementPresentKeyword.groovy:92)
	at com.kms.katalon.core.webui.keyword.builtin.VerifyElementPresentKeyword.execute(VerifyElementPresentKeyword.groovy:68)
	at com.kms.katalon.core.keyword.internal.KeywordExecutor.executeKeywordForPlatform(KeywordExecutor.groovy:74)
	at com.kms.katalon.core.webui.keyword.WebUiBuiltInKeywords.verifyElementPresent(WebUiBuiltInKeywords.groovy:1464)
	at com.kms.katalon.core.webui.keyword.WebUiBuiltInKeywords$verifyElementPresent$4.call(Unknown Source)
	at Precon - Form Verification.run(Precon - Form Verification:197)
	at com.kms.katalon.core.main.ScriptEngine.run(ScriptEngine.java:194)
	at com.kms.katalon.core.main.ScriptEngine.runScriptAsRawText(ScriptEngine.java:119)
	at com.kms.katalon.core.main.TestCaseExecutor.runScript(TestCaseExecutor.java:445)
	at com.kms.katalon.core.main.TestCaseExecutor.doExecute(TestCaseExecutor.java:436)
	at com.kms.katalon.core.main.TestCaseExecutor.processExecutionPhase(TestCaseExecutor.java:415)
	at com.kms.katalon.core.main.TestCaseExecutor.accessMainPhase(TestCaseExecutor.java:407)
	at com.kms.katalon.core.main.TestCaseExecutor.execute(TestCaseExecutor.java:284)
	at com.kms.katalon.core.common.CommonExecutor.accessTestCaseMainPhase(CommonExecutor.java:65)
	at com.kms.katalon.core.main.TestSuiteExecutor.accessTestSuiteMainPhase(TestSuiteExecutor.java:144)
	at com.kms.katalon.core.main.TestSuiteExecutor.execute(TestSuiteExecutor.java:106)
	at com.kms.katalon.core.main.TestCaseMain.startTestSuite(TestCaseMain.java:185)
	at com.kms.katalon.core.main.TestCaseMain$startTestSuite$0.call(Unknown Source)
	at TempTestSuite1650304259606.run(TempTestSuite1650304259606.groovy:36)
)

2022-04-18 23:37:00 - [MESSAGE][WARNING] - Timeout '0' is invalid. Using default page load timeout: '5'

2022-04-18 23:37:06 - [MESSAGE][INFO] - Unable to find the element located by 'By.xpath: (//*[@class='list-selector__content-desc'])[5]/div/div'. Please recheck the objects properties to make sure the desired element is located. 

2022-04-18 23:37:06 - [MESSAGE][FAILED] - com.kms.katalon.core.webui.exception.WebElementNotFoundException: Web element with id: 'Object Repository/Form Verification/Precon Form/Page_/p_Whether youre pregnant and dont know wher_7ceed8' located by '(//*[@class='list-selector__content-desc'])[5]/div/div' not found (Root cause: com.kms.katalon.core.exception.StepFailedException: com.kms.katalon.core.webui.exception.WebElementNotFoundException: Web element with id: 'Object Repository/Form Verification/Precon Form/Page_/p_Whether youre pregnant and dont know wher_7ceed8' located by '(//*[@class='list-selector__content-desc'])[5]/div/div' not found
	at com.kms.katalon.core.webui.keyword.internal.WebUIKeywordMain.stepFailed(WebUIKeywordMain.groovy:64)
	at com.kms.katalon.core.webui.keyword.builtin.VerifyElementPresentKeyword$_verifyElementPresent_closure1.doCall(VerifyElementPresentKeyword.groovy:85)
	at com.kms.katalon.core.webui.keyword.builtin.VerifyElementPresentKeyword$_verifyElementPresent_closure1.call(VerifyElementPresentKeyword.groovy)
	at com.kms.katalon.core.webui.keyword.internal.WebUIKeywordMain.runKeyword(WebUIKeywordMain.groovy:20)
	at com.kms.katalon.core.webui.keyword.builtin.VerifyElementPresentKeyword.verifyElementPresent(VerifyElementPresentKeyword.groovy:92)
	at com.kms.katalon.core.webui.keyword.builtin.VerifyElementPresentKeyword.execute(VerifyElementPresentKeyword.groovy:68)
	at com.kms.katalon.core.keyword.internal.KeywordExecutor.executeKeywordForPlatform(KeywordExecutor.groovy:74)
	at com.kms.katalon.core.webui.keyword.WebUiBuiltInKeywords.verifyElementPresent(WebUiBuiltInKeywords.groovy:1464)
	at com.kms.katalon.core.webui.keyword.WebUiBuiltInKeywords$verifyElementPresent$4.call(Unknown Source)
	at Precon - Form Verification.run(Precon - Form Verification:197)
	at com.kms.katalon.core.main.ScriptEngine.run(ScriptEngine.java:194)
	at com.kms.katalon.core.main.ScriptEngine.runScriptAsRawText(ScriptEngine.java:119)
	at com.kms.katalon.core.main.TestCaseExecutor.runScript(TestCaseExecutor.java:445)
	at com.kms.katalon.core.main.TestCaseExecutor.doExecute(TestCaseExecutor.java:436)
	at com.kms.katalon.core.main.TestCaseExecutor.processExecutionPhase(TestCaseExecutor.java:415)
	at com.kms.katalon.core.main.TestCaseExecutor.accessMainPhase(TestCaseExecutor.java:407)
	at com.kms.katalon.core.main.TestCaseExecutor.execute(TestCaseExecutor.java:284)
	at com.kms.katalon.core.common.CommonExecutor.accessTestCaseMainPhase(CommonExecutor.java:65)
	at com.kms.katalon.core.main.TestSuiteExecutor.accessTestSuiteMainPhase(TestSuiteExecutor.java:144)
	at com.kms.katalon.core.main.TestSuiteExecutor.execute(TestSuiteExecutor.java:106)
	at com.kms.katalon.core.main.TestCaseMain.startTestSuite(TestCaseMain.java:185)
	at com.kms.katalon.core.main.TestCaseMain$startTestSuite$0.call(Unknown Source)
	at TempTestSuite1650304259606.run(TempTestSuite1650304259606.groovy:36)
)
[[ATTACHMENT|D:\\SmoketestSuite\\enfamilUS\\Reports\\20220418_232059\\SmokeTestCollection - Venkat\\SmokeTestSuite-Collection - UAT\\20220418_232059\\1650305226585.png]]

2022-04-18 23:37:06 - [TEST_STEP][FAILED] - verifyElementText(findTestObject("Object Repository/Form Verification/Precon Form/Page_/p_Whether youre pregnant and dont know wher_7ceed8"), "Whether you're pregnant and don't know where to start, or you have a newborn and are starting to get the swing of things, we'll send you emails with expert developmental and nutrition tips tailored to your journey."): com.kms.katalon.core.webui.exception.WebElementNotFoundException: Web element with id: 'Object Repository/Form Verification/Precon Form/Page_/p_Whether youre pregnant and dont know wher_7ceed8' located by '(//*[@class='list-selector__content-desc'])[5]/div/div' not found (Root cause: com.kms.katalon.core.exception.StepFailedException: com.kms.katalon.core.webui.exception.WebElementNotFoundException: Web element with id: 'Object Repository/Form Verification/Precon Form/Page_/p_Whether youre pregnant and dont know wher_7ceed8' located by '(//*[@class='list-selector__content-desc'])[5]/div/div' not found
	at com.kms.katalon.core.webui.keyword.internal.WebUIKeywordMain.stepFailed(WebUIKeywordMain.groovy:64)
	at com.kms.katalon.core.webui.keyword.builtin.VerifyElementTextKeyword$_verifyElementText_closure1.doCall(VerifyElementTextKeyword.groovy:64)
	at com.kms.katalon.core.webui.keyword.builtin.VerifyElementTextKeyword$_verifyElementText_closure1.call(VerifyElementTextKeyword.groovy)
	at com.kms.katalon.core.webui.keyword.internal.WebUIKeywordMain.runKeyword(WebUIKeywordMain.groovy:20)
	at com.kms.katalon.core.webui.keyword.builtin.VerifyElementTextKeyword.verifyElementText(VerifyElementTextKeyword.groovy:72)
	at com.kms.katalon.core.webui.keyword.builtin.VerifyElementTextKeyword.execute(VerifyElementTextKeyword.groovy:40)
	at com.kms.katalon.core.keyword.internal.KeywordExecutor.executeKeywordForPlatform(KeywordExecutor.groovy:74)
	at com.kms.katalon.core.webui.keyword.WebUiBuiltInKeywords.verifyElementText(WebUiBuiltInKeywords.groovy:4749)
	at com.kms.katalon.core.webui.keyword.WebUiBuiltInKeywords$verifyElementText$5.call(Unknown Source)
	at Precon - Form Verification.run(Precon - Form Verification:200)
	at com.kms.katalon.core.main.ScriptEngine.run(ScriptEngine.java:194)
	at com.kms.katalon.core.main.ScriptEngine.runScriptAsRawText(ScriptEngine.java:119)
	at com.kms.katalon.core.main.TestCaseExecutor.runScript(TestCaseExecutor.java:445)
	at com.kms.katalon.core.main.TestCaseExecutor.doExecute(TestCaseExecutor.java:436)
	at com.kms.katalon.core.main.TestCaseExecutor.processExecutionPhase(TestCaseExecutor.java:415)
	at com.kms.katalon.core.main.TestCaseExecutor.accessMainPhase(TestCaseExecutor.java:407)
	at com.kms.katalon.core.main.TestCaseExecutor.execute(TestCaseExecutor.java:284)
	at com.kms.katalon.core.common.CommonExecutor.accessTestCaseMainPhase(CommonExecutor.java:65)
	at com.kms.katalon.core.main.TestSuiteExecutor.accessTestSuiteMainPhase(TestSuiteExecutor.java:144)
	at com.kms.katalon.core.main.TestSuiteExecutor.execute(TestSuiteExecutor.java:106)
	at com.kms.katalon.core.main.TestCaseMain.startTestSuite(TestCaseMain.java:185)
	at com.kms.katalon.core.main.TestCaseMain$startTestSuite$0.call(Unknown Source)
	at TempTestSuite1650304259606.run(TempTestSuite1650304259606.groovy:36)
)

2022-04-18 23:37:13 - [MESSAGE][INFO] - Unable to find the element located by 'By.xpath: (//*[@class='list-selector__content-desc'])[5]/div/div'. Please recheck the objects properties to make sure the desired element is located. 

2022-04-18 23:37:13 - [MESSAGE][FAILED] - com.kms.katalon.core.webui.exception.WebElementNotFoundException: Web element with id: 'Object Repository/Form Verification/Precon Form/Page_/p_Whether youre pregnant and dont know wher_7ceed8' located by '(//*[@class='list-selector__content-desc'])[5]/div/div' not found (Root cause: com.kms.katalon.core.exception.StepFailedException: com.kms.katalon.core.webui.exception.WebElementNotFoundException: Web element with id: 'Object Repository/Form Verification/Precon Form/Page_/p_Whether youre pregnant and dont know wher_7ceed8' located by '(//*[@class='list-selector__content-desc'])[5]/div/div' not found
	at com.kms.katalon.core.webui.keyword.internal.WebUIKeywordMain.stepFailed(WebUIKeywordMain.groovy:64)
	at com.kms.katalon.core.webui.keyword.builtin.VerifyElementTextKeyword$_verifyElementText_closure1.doCall(VerifyElementTextKeyword.groovy:64)
	at com.kms.katalon.core.webui.keyword.builtin.VerifyElementTextKeyword$_verifyElementText_closure1.call(VerifyElementTextKeyword.groovy)
	at com.kms.katalon.core.webui.keyword.internal.WebUIKeywordMain.runKeyword(WebUIKeywordMain.groovy:20)
	at com.kms.katalon.core.webui.keyword.builtin.VerifyElementTextKeyword.verifyElementText(VerifyElementTextKeyword.groovy:72)
	at com.kms.katalon.core.webui.keyword.builtin.VerifyElementTextKeyword.execute(VerifyElementTextKeyword.groovy:40)
	at com.kms.katalon.core.keyword.internal.KeywordExecutor.executeKeywordForPlatform(KeywordExecutor.groovy:74)
	at com.kms.katalon.core.webui.keyword.WebUiBuiltInKeywords.verifyElementText(WebUiBuiltInKeywords.groovy:4749)
	at com.kms.katalon.core.webui.keyword.WebUiBuiltInKeywords$verifyElementText$5.call(Unknown Source)
	at Precon - Form Verification.run(Precon - Form Verification:200)
	at com.kms.katalon.core.main.ScriptEngine.run(ScriptEngine.java:194)
	at com.kms.katalon.core.main.ScriptEngine.runScriptAsRawText(ScriptEngine.java:119)
	at com.kms.katalon.core.main.TestCaseExecutor.runScript(TestCaseExecutor.java:445)
	at com.kms.katalon.core.main.TestCaseExecutor.doExecute(TestCaseExecutor.java:436)
	at com.kms.katalon.core.main.TestCaseExecutor.processExecutionPhase(TestCaseExecutor.java:415)
	at com.kms.katalon.core.main.TestCaseExecutor.accessMainPhase(TestCaseExecutor.java:407)
	at com.kms.katalon.core.main.TestCaseExecutor.execute(TestCaseExecutor.java:284)
	at com.kms.katalon.core.common.CommonExecutor.accessTestCaseMainPhase(CommonExecutor.java:65)
	at com.kms.katalon.core.main.TestSuiteExecutor.accessTestSuiteMainPhase(TestSuiteExecutor.java:144)
	at com.kms.katalon.core.main.TestSuiteExecutor.execute(TestSuiteExecutor.java:106)
	at com.kms.katalon.core.main.TestCaseMain.startTestSuite(TestCaseMain.java:185)
	at com.kms.katalon.core.main.TestCaseMain$startTestSuite$0.call(Unknown Source)
	at TempTestSuite1650304259606.run(TempTestSuite1650304259606.groovy:36)
)
[[ATTACHMENT|D:\\SmoketestSuite\\enfamilUS\\Reports\\20220418_232059\\SmokeTestCollection - Venkat\\SmokeTestSuite-Collection - UAT\\20220418_232059\\1650305233014.png]]

2022-04-18 23:37:13 - [TEST_STEP][FAILED] - verifyElementPresent(findTestObject("Object Repository/Form Verification/Precon Form/Page_/div_6. Access to our mobile appAccess to co_eab040"), 0): com.kms.katalon.core.webui.exception.WebElementNotFoundException: Web element with id: 'Object Repository/Form Verification/Precon Form/Page_/div_6. Access to our mobile appAccess to co_eab040' located by '//div[@id='__next']/div/div/main/article/section[2]/div/div[3]/div/div[2]/div[6]' not found (Root cause: com.kms.katalon.core.exception.StepFailedException: com.kms.katalon.core.webui.exception.WebElementNotFoundException: Web element with id: 'Object Repository/Form Verification/Precon Form/Page_/div_6. Access to our mobile appAccess to co_eab040' located by '//div[@id='__next']/div/div/main/article/section[2]/div/div[3]/div/div[2]/div[6]' not found
	at com.kms.katalon.core.webui.keyword.internal.WebUIKeywordMain.stepFailed(WebUIKeywordMain.groovy:64)
	at com.kms.katalon.core.webui.keyword.builtin.VerifyElementPresentKeyword$_verifyElementPresent_closure1.doCall(VerifyElementPresentKeyword.groovy:85)
	at com.kms.katalon.core.webui.keyword.builtin.VerifyElementPresentKeyword$_verifyElementPresent_closure1.call(VerifyElementPresentKeyword.groovy)
	at com.kms.katalon.core.webui.keyword.internal.WebUIKeywordMain.runKeyword(WebUIKeywordMain.groovy:20)
	at com.kms.katalon.core.webui.keyword.builtin.VerifyElementPresentKeyword.verifyElementPresent(VerifyElementPresentKeyword.groovy:92)
	at com.kms.katalon.core.webui.keyword.builtin.VerifyElementPresentKeyword.execute(VerifyElementPresentKeyword.groovy:68)
	at com.kms.katalon.core.keyword.internal.KeywordExecutor.executeKeywordForPlatform(KeywordExecutor.groovy:74)
	at com.kms.katalon.core.webui.keyword.WebUiBuiltInKeywords.verifyElementPresent(WebUiBuiltInKeywords.groovy:1464)
	at com.kms.katalon.core.webui.keyword.WebUiBuiltInKeywords$verifyElementPresent$4.call(Unknown Source)
	at Precon - Form Verification.run(Precon - Form Verification:203)
	at com.kms.katalon.core.main.ScriptEngine.run(ScriptEngine.java:194)
	at com.kms.katalon.core.main.ScriptEngine.runScriptAsRawText(ScriptEngine.java:119)
	at com.kms.katalon.core.main.TestCaseExecutor.runScript(TestCaseExecutor.java:445)
	at com.kms.katalon.core.main.TestCaseExecutor.doExecute(TestCaseExecutor.java:436)
	at com.kms.katalon.core.main.TestCaseExecutor.processExecutionPhase(TestCaseExecutor.java:415)
	at com.kms.katalon.core.main.TestCaseExecutor.accessMainPhase(TestCaseExecutor.java:407)
	at com.kms.katalon.core.main.TestCaseExecutor.execute(TestCaseExecutor.java:284)
	at com.kms.katalon.core.common.CommonExecutor.accessTestCaseMainPhase(CommonExecutor.java:65)
	at com.kms.katalon.core.main.TestSuiteExecutor.accessTestSuiteMainPhase(TestSuiteExecutor.java:144)
	at com.kms.katalon.core.main.TestSuiteExecutor.execute(TestSuiteExecutor.java:106)
	at com.kms.katalon.core.main.TestCaseMain.startTestSuite(TestCaseMain.java:185)
	at com.kms.katalon.core.main.TestCaseMain$startTestSuite$0.call(Unknown Source)
	at TempTestSuite1650304259606.run(TempTestSuite1650304259606.groovy:36)
)

2022-04-18 23:37:13 - [MESSAGE][WARNING] - Timeout '0' is invalid. Using default page load timeout: '5'

2022-04-18 23:37:19 - [MESSAGE][INFO] - Unable to find the element located by 'By.xpath: //div[@id='__next']/div/div/main/article/section[2]/div/div[3]/div/div[2]/div[6]'. Please recheck the objects properties to make sure the desired element is located. 

2022-04-18 23:37:19 - [MESSAGE][FAILED] - com.kms.katalon.core.webui.exception.WebElementNotFoundException: Web element with id: 'Object Repository/Form Verification/Precon Form/Page_/div_6. Access to our mobile appAccess to co_eab040' located by '//div[@id='__next']/div/div/main/article/section[2]/div/div[3]/div/div[2]/div[6]' not found (Root cause: com.kms.katalon.core.exception.StepFailedException: com.kms.katalon.core.webui.exception.WebElementNotFoundException: Web element with id: 'Object Repository/Form Verification/Precon Form/Page_/div_6. Access to our mobile appAccess to co_eab040' located by '//div[@id='__next']/div/div/main/article/section[2]/div/div[3]/div/div[2]/div[6]' not found
	at com.kms.katalon.core.webui.keyword.internal.WebUIKeywordMain.stepFailed(WebUIKeywordMain.groovy:64)
	at com.kms.katalon.core.webui.keyword.builtin.VerifyElementPresentKeyword$_verifyElementPresent_closure1.doCall(VerifyElementPresentKeyword.groovy:85)
	at com.kms.katalon.core.webui.keyword.builtin.VerifyElementPresentKeyword$_verifyElementPresent_closure1.call(VerifyElementPresentKeyword.groovy)
	at com.kms.katalon.core.webui.keyword.internal.WebUIKeywordMain.runKeyword(WebUIKeywordMain.groovy:20)
	at com.kms.katalon.core.webui.keyword.builtin.VerifyElementPresentKeyword.verifyElementPresent(VerifyElementPresentKeyword.groovy:92)
	at com.kms.katalon.core.webui.keyword.builtin.VerifyElementPresentKeyword.execute(VerifyElementPresentKeyword.groovy:68)
	at com.kms.katalon.core.keyword.internal.KeywordExecutor.executeKeywordForPlatform(KeywordExecutor.groovy:74)
	at com.kms.katalon.core.webui.keyword.WebUiBuiltInKeywords.verifyElementPresent(WebUiBuiltInKeywords.groovy:1464)
	at com.kms.katalon.core.webui.keyword.WebUiBuiltInKeywords$verifyElementPresent$4.call(Unknown Source)
	at Precon - Form Verification.run(Precon - Form Verification:203)
	at com.kms.katalon.core.main.ScriptEngine.run(ScriptEngine.java:194)
	at com.kms.katalon.core.main.ScriptEngine.runScriptAsRawText(ScriptEngine.java:119)
	at com.kms.katalon.core.main.TestCaseExecutor.runScript(TestCaseExecutor.java:445)
	at com.kms.katalon.core.main.TestCaseExecutor.doExecute(TestCaseExecutor.java:436)
	at com.kms.katalon.core.main.TestCaseExecutor.processExecutionPhase(TestCaseExecutor.java:415)
	at com.kms.katalon.core.main.TestCaseExecutor.accessMainPhase(TestCaseExecutor.java:407)
	at com.kms.katalon.core.main.TestCaseExecutor.execute(TestCaseExecutor.java:284)
	at com.kms.katalon.core.common.CommonExecutor.accessTestCaseMainPhase(CommonExecutor.java:65)
	at com.kms.katalon.core.main.TestSuiteExecutor.accessTestSuiteMainPhase(TestSuiteExecutor.java:144)
	at com.kms.katalon.core.main.TestSuiteExecutor.execute(TestSuiteExecutor.java:106)
	at com.kms.katalon.core.main.TestCaseMain.startTestSuite(TestCaseMain.java:185)
	at com.kms.katalon.core.main.TestCaseMain$startTestSuite$0.call(Unknown Source)
	at TempTestSuite1650304259606.run(TempTestSuite1650304259606.groovy:36)
)
[[ATTACHMENT|D:\\SmoketestSuite\\enfamilUS\\Reports\\20220418_232059\\SmokeTestCollection - Venkat\\SmokeTestSuite-Collection - UAT\\20220418_232059\\1650305239570.png]]

2022-04-18 23:37:19 - [TEST_STEP][FAILED] - verifyElementPresent(findTestObject("Object Repository/Form Verification/Precon Form/Page_/h4_6. Access to our mobile app"), 0): com.kms.katalon.core.webui.exception.WebElementNotFoundException: Web element with id: 'Object Repository/Form Verification/Precon Form/Page_/h4_6. Access to our mobile app' located by '//div[@id='__next']/div/div/main/article/section[2]/div/div[3]/div/div[2]/div[6]/div[2]/div/h4' not found (Root cause: com.kms.katalon.core.exception.StepFailedException: com.kms.katalon.core.webui.exception.WebElementNotFoundException: Web element with id: 'Object Repository/Form Verification/Precon Form/Page_/h4_6. Access to our mobile app' located by '//div[@id='__next']/div/div/main/article/section[2]/div/div[3]/div/div[2]/div[6]/div[2]/div/h4' not found
	at com.kms.katalon.core.webui.keyword.internal.WebUIKeywordMain.stepFailed(WebUIKeywordMain.groovy:64)
	at com.kms.katalon.core.webui.keyword.builtin.VerifyElementPresentKeyword$_verifyElementPresent_closure1.doCall(VerifyElementPresentKeyword.groovy:85)
	at com.kms.katalon.core.webui.keyword.builtin.VerifyElementPresentKeyword$_verifyElementPresent_closure1.call(VerifyElementPresentKeyword.groovy)
	at com.kms.katalon.core.webui.keyword.internal.WebUIKeywordMain.runKeyword(WebUIKeywordMain.groovy:20)
	at com.kms.katalon.core.webui.keyword.builtin.VerifyElementPresentKeyword.verifyElementPresent(VerifyElementPresentKeyword.groovy:92)
	at com.kms.katalon.core.webui.keyword.builtin.VerifyElementPresentKeyword.execute(VerifyElementPresentKeyword.groovy:68)
	at com.kms.katalon.core.keyword.internal.KeywordExecutor.executeKeywordForPlatform(KeywordExecutor.groovy:74)
	at com.kms.katalon.core.webui.keyword.WebUiBuiltInKeywords.verifyElementPresent(WebUiBuiltInKeywords.groovy:1464)
	at com.kms.katalon.core.webui.keyword.WebUiBuiltInKeywords$verifyElementPresent$4.call(Unknown Source)
	at Precon - Form Verification.run(Precon - Form Verification:206)
	at com.kms.katalon.core.main.ScriptEngine.run(ScriptEngine.java:194)
	at com.kms.katalon.core.main.ScriptEngine.runScriptAsRawText(ScriptEngine.java:119)
	at com.kms.katalon.core.main.TestCaseExecutor.runScript(TestCaseExecutor.java:445)
	at com.kms.katalon.core.main.TestCaseExecutor.doExecute(TestCaseExecutor.java:436)
	at com.kms.katalon.core.main.TestCaseExecutor.processExecutionPhase(TestCaseExecutor.java:415)
	at com.kms.katalon.core.main.TestCaseExecutor.accessMainPhase(TestCaseExecutor.java:407)
	at com.kms.katalon.core.main.TestCaseExecutor.execute(TestCaseExecutor.java:284)
	at com.kms.katalon.core.common.CommonExecutor.accessTestCaseMainPhase(CommonExecutor.java:65)
	at com.kms.katalon.core.main.TestSuiteExecutor.accessTestSuiteMainPhase(TestSuiteExecutor.java:144)
	at com.kms.katalon.core.main.TestSuiteExecutor.execute(TestSuiteExecutor.java:106)
	at com.kms.katalon.core.main.TestCaseMain.startTestSuite(TestCaseMain.java:185)
	at com.kms.katalon.core.main.TestCaseMain$startTestSuite$0.call(Unknown Source)
	at TempTestSuite1650304259606.run(TempTestSuite1650304259606.groovy:36)
)

2022-04-18 23:37:19 - [MESSAGE][WARNING] - Timeout '0' is invalid. Using default page load timeout: '5'

2022-04-18 23:37:26 - [MESSAGE][INFO] - Unable to find the element located by 'By.xpath: //div[@id='__next']/div/div/main/article/section[2]/div/div[3]/div/div[2]/div[6]/div[2]/div/h4'. Please recheck the objects properties to make sure the desired element is located. 

2022-04-18 23:37:26 - [MESSAGE][FAILED] - com.kms.katalon.core.webui.exception.WebElementNotFoundException: Web element with id: 'Object Repository/Form Verification/Precon Form/Page_/h4_6. Access to our mobile app' located by '//div[@id='__next']/div/div/main/article/section[2]/div/div[3]/div/div[2]/div[6]/div[2]/div/h4' not found (Root cause: com.kms.katalon.core.exception.StepFailedException: com.kms.katalon.core.webui.exception.WebElementNotFoundException: Web element with id: 'Object Repository/Form Verification/Precon Form/Page_/h4_6. Access to our mobile app' located by '//div[@id='__next']/div/div/main/article/section[2]/div/div[3]/div/div[2]/div[6]/div[2]/div/h4' not found
	at com.kms.katalon.core.webui.keyword.internal.WebUIKeywordMain.stepFailed(WebUIKeywordMain.groovy:64)
	at com.kms.katalon.core.webui.keyword.builtin.VerifyElementPresentKeyword$_verifyElementPresent_closure1.doCall(VerifyElementPresentKeyword.groovy:85)
	at com.kms.katalon.core.webui.keyword.builtin.VerifyElementPresentKeyword$_verifyElementPresent_closure1.call(VerifyElementPresentKeyword.groovy)
	at com.kms.katalon.core.webui.keyword.internal.WebUIKeywordMain.runKeyword(WebUIKeywordMain.groovy:20)
	at com.kms.katalon.core.webui.keyword.builtin.VerifyElementPresentKeyword.verifyElementPresent(VerifyElementPresentKeyword.groovy:92)
	at com.kms.katalon.core.webui.keyword.builtin.VerifyElementPresentKeyword.execute(VerifyElementPresentKeyword.groovy:68)
	at com.kms.katalon.core.keyword.internal.KeywordExecutor.executeKeywordForPlatform(KeywordExecutor.groovy:74)
	at com.kms.katalon.core.webui.keyword.WebUiBuiltInKeywords.verifyElementPresent(WebUiBuiltInKeywords.groovy:1464)
	at com.kms.katalon.core.webui.keyword.WebUiBuiltInKeywords$verifyElementPresent$4.call(Unknown Source)
	at Precon - Form Verification.run(Precon - Form Verification:206)
	at com.kms.katalon.core.main.ScriptEngine.run(ScriptEngine.java:194)
	at com.kms.katalon.core.main.ScriptEngine.runScriptAsRawText(ScriptEngine.java:119)
	at com.kms.katalon.core.main.TestCaseExecutor.runScript(TestCaseExecutor.java:445)
	at com.kms.katalon.core.main.TestCaseExecutor.doExecute(TestCaseExecutor.java:436)
	at com.kms.katalon.core.main.TestCaseExecutor.processExecutionPhase(TestCaseExecutor.java:415)
	at com.kms.katalon.core.main.TestCaseExecutor.accessMainPhase(TestCaseExecutor.java:407)
	at com.kms.katalon.core.main.TestCaseExecutor.execute(TestCaseExecutor.java:284)
	at com.kms.katalon.core.common.CommonExecutor.accessTestCaseMainPhase(CommonExecutor.java:65)
	at com.kms.katalon.core.main.TestSuiteExecutor.accessTestSuiteMainPhase(TestSuiteExecutor.java:144)
	at com.kms.katalon.core.main.TestSuiteExecutor.execute(TestSuiteExecutor.java:106)
	at com.kms.katalon.core.main.TestCaseMain.startTestSuite(TestCaseMain.java:185)
	at com.kms.katalon.core.main.TestCaseMain$startTestSuite$0.call(Unknown Source)
	at TempTestSuite1650304259606.run(TempTestSuite1650304259606.groovy:36)
)
[[ATTACHMENT|D:\\SmoketestSuite\\enfamilUS\\Reports\\20220418_232059\\SmokeTestCollection - Venkat\\SmokeTestSuite-Collection - UAT\\20220418_232059\\1650305246263.png]]

2022-04-18 23:37:26 - [TEST_STEP][FAILED] - verifyElementText(findTestObject("Object Repository/Form Verification/Precon Form/Page_/h4_6. Access to our mobile app"), "6. Access to our mobile app"): com.kms.katalon.core.webui.exception.WebElementNotFoundException: Web element with id: 'Object Repository/Form Verification/Precon Form/Page_/h4_6. Access to our mobile app' located by '//div[@id='__next']/div/div/main/article/section[2]/div/div[3]/div/div[2]/div[6]/div[2]/div/h4' not found (Root cause: com.kms.katalon.core.exception.StepFailedException: com.kms.katalon.core.webui.exception.WebElementNotFoundException: Web element with id: 'Object Repository/Form Verification/Precon Form/Page_/h4_6. Access to our mobile app' located by '//div[@id='__next']/div/div/main/article/section[2]/div/div[3]/div/div[2]/div[6]/div[2]/div/h4' not found
	at com.kms.katalon.core.webui.keyword.internal.WebUIKeywordMain.stepFailed(WebUIKeywordMain.groovy:64)
	at com.kms.katalon.core.webui.keyword.builtin.VerifyElementTextKeyword$_verifyElementText_closure1.doCall(VerifyElementTextKeyword.groovy:64)
	at com.kms.katalon.core.webui.keyword.builtin.VerifyElementTextKeyword$_verifyElementText_closure1.call(VerifyElementTextKeyword.groovy)
	at com.kms.katalon.core.webui.keyword.internal.WebUIKeywordMain.runKeyword(WebUIKeywordMain.groovy:20)
	at com.kms.katalon.core.webui.keyword.builtin.VerifyElementTextKeyword.verifyElementText(VerifyElementTextKeyword.groovy:72)
	at com.kms.katalon.core.webui.keyword.builtin.VerifyElementTextKeyword.execute(VerifyElementTextKeyword.groovy:40)
	at com.kms.katalon.core.keyword.internal.KeywordExecutor.executeKeywordForPlatform(KeywordExecutor.groovy:74)
	at com.kms.katalon.core.webui.keyword.WebUiBuiltInKeywords.verifyElementText(WebUiBuiltInKeywords.groovy:4749)
	at com.kms.katalon.core.webui.keyword.WebUiBuiltInKeywords$verifyElementText$5.call(Unknown Source)
	at Precon - Form Verification.run(Precon - Form Verification:209)
	at com.kms.katalon.core.main.ScriptEngine.run(ScriptEngine.java:194)
	at com.kms.katalon.core.main.ScriptEngine.runScriptAsRawText(ScriptEngine.java:119)
	at com.kms.katalon.core.main.TestCaseExecutor.runScript(TestCaseExecutor.java:445)
	at com.kms.katalon.core.main.TestCaseExecutor.doExecute(TestCaseExecutor.java:436)
	at com.kms.katalon.core.main.TestCaseExecutor.processExecutionPhase(TestCaseExecutor.java:415)
	at com.kms.katalon.core.main.TestCaseExecutor.accessMainPhase(TestCaseExecutor.java:407)
	at com.kms.katalon.core.main.TestCaseExecutor.execute(TestCaseExecutor.java:284)
	at com.kms.katalon.core.common.CommonExecutor.accessTestCaseMainPhase(CommonExecutor.java:65)
	at com.kms.katalon.core.main.TestSuiteExecutor.accessTestSuiteMainPhase(TestSuiteExecutor.java:144)
	at com.kms.katalon.core.main.TestSuiteExecutor.execute(TestSuiteExecutor.java:106)
	at com.kms.katalon.core.main.TestCaseMain.startTestSuite(TestCaseMain.java:185)
	at com.kms.katalon.core.main.TestCaseMain$startTestSuite$0.call(Unknown Source)
	at TempTestSuite1650304259606.run(TempTestSuite1650304259606.groovy:36)
)

2022-04-18 23:37:32 - [MESSAGE][INFO] - Unable to find the element located by 'By.xpath: //div[@id='__next']/div/div/main/article/section[2]/div/div[3]/div/div[2]/div[6]/div[2]/div/h4'. Please recheck the objects properties to make sure the desired element is located. 

2022-04-18 23:37:32 - [MESSAGE][FAILED] - com.kms.katalon.core.webui.exception.WebElementNotFoundException: Web element with id: 'Object Repository/Form Verification/Precon Form/Page_/h4_6. Access to our mobile app' located by '//div[@id='__next']/div/div/main/article/section[2]/div/div[3]/div/div[2]/div[6]/div[2]/div/h4' not found (Root cause: com.kms.katalon.core.exception.StepFailedException: com.kms.katalon.core.webui.exception.WebElementNotFoundException: Web element with id: 'Object Repository/Form Verification/Precon Form/Page_/h4_6. Access to our mobile app' located by '//div[@id='__next']/div/div/main/article/section[2]/div/div[3]/div/div[2]/div[6]/div[2]/div/h4' not found
	at com.kms.katalon.core.webui.keyword.internal.WebUIKeywordMain.stepFailed(WebUIKeywordMain.groovy:64)
	at com.kms.katalon.core.webui.keyword.builtin.VerifyElementTextKeyword$_verifyElementText_closure1.doCall(VerifyElementTextKeyword.groovy:64)
	at com.kms.katalon.core.webui.keyword.builtin.VerifyElementTextKeyword$_verifyElementText_closure1.call(VerifyElementTextKeyword.groovy)
	at com.kms.katalon.core.webui.keyword.internal.WebUIKeywordMain.runKeyword(WebUIKeywordMain.groovy:20)
	at com.kms.katalon.core.webui.keyword.builtin.VerifyElementTextKeyword.verifyElementText(VerifyElementTextKeyword.groovy:72)
	at com.kms.katalon.core.webui.keyword.builtin.VerifyElementTextKeyword.execute(VerifyElementTextKeyword.groovy:40)
	at com.kms.katalon.core.keyword.internal.KeywordExecutor.executeKeywordForPlatform(KeywordExecutor.groovy:74)
	at com.kms.katalon.core.webui.keyword.WebUiBuiltInKeywords.verifyElementText(WebUiBuiltInKeywords.groovy:4749)
	at com.kms.katalon.core.webui.keyword.WebUiBuiltInKeywords$verifyElementText$5.call(Unknown Source)
	at Precon - Form Verification.run(Precon - Form Verification:209)
	at com.kms.katalon.core.main.ScriptEngine.run(ScriptEngine.java:194)
	at com.kms.katalon.core.main.ScriptEngine.runScriptAsRawText(ScriptEngine.java:119)
	at com.kms.katalon.core.main.TestCaseExecutor.runScript(TestCaseExecutor.java:445)
	at com.kms.katalon.core.main.TestCaseExecutor.doExecute(TestCaseExecutor.java:436)
	at com.kms.katalon.core.main.TestCaseExecutor.processExecutionPhase(TestCaseExecutor.java:415)
	at com.kms.katalon.core.main.TestCaseExecutor.accessMainPhase(TestCaseExecutor.java:407)
	at com.kms.katalon.core.main.TestCaseExecutor.execute(TestCaseExecutor.java:284)
	at com.kms.katalon.core.common.CommonExecutor.accessTestCaseMainPhase(CommonExecutor.java:65)
	at com.kms.katalon.core.main.TestSuiteExecutor.accessTestSuiteMainPhase(TestSuiteExecutor.java:144)
	at com.kms.katalon.core.main.TestSuiteExecutor.execute(TestSuiteExecutor.java:106)
	at com.kms.katalon.core.main.TestCaseMain.startTestSuite(TestCaseMain.java:185)
	at com.kms.katalon.core.main.TestCaseMain$startTestSuite$0.call(Unknown Source)
	at TempTestSuite1650304259606.run(TempTestSuite1650304259606.groovy:36)
)
[[ATTACHMENT|D:\\SmoketestSuite\\enfamilUS\\Reports\\20220418_232059\\SmokeTestCollection - Venkat\\SmokeTestSuite-Collection - UAT\\20220418_232059\\1650305252677.png]]

2022-04-18 23:37:32 - [TEST_STEP][FAILED] - verifyElementPresent(findTestObject("Object Repository/Form Verification/Precon Form/Page_/div_Access to coupons and articles tailored_c8371c"), 0): com.kms.katalon.core.webui.exception.WebElementNotFoundException: Web element with id: 'Object Repository/Form Verification/Precon Form/Page_/div_Access to coupons and articles tailored_c8371c' located by '//div[@id='__next']/div/div/main/article/section[2]/div/div[3]/div/div[2]/div[6]/div[2]/div[2]/div/div/div/div' not found (Root cause: com.kms.katalon.core.exception.StepFailedException: com.kms.katalon.core.webui.exception.WebElementNotFoundException: Web element with id: 'Object Repository/Form Verification/Precon Form/Page_/div_Access to coupons and articles tailored_c8371c' located by '//div[@id='__next']/div/div/main/article/section[2]/div/div[3]/div/div[2]/div[6]/div[2]/div[2]/div/div/div/div' not found
	at com.kms.katalon.core.webui.keyword.internal.WebUIKeywordMain.stepFailed(WebUIKeywordMain.groovy:64)
	at com.kms.katalon.core.webui.keyword.builtin.VerifyElementPresentKeyword$_verifyElementPresent_closure1.doCall(VerifyElementPresentKeyword.groovy:85)
	at com.kms.katalon.core.webui.keyword.builtin.VerifyElementPresentKeyword$_verifyElementPresent_closure1.call(VerifyElementPresentKeyword.groovy)
	at com.kms.katalon.core.webui.keyword.internal.WebUIKeywordMain.runKeyword(WebUIKeywordMain.groovy:20)
	at com.kms.katalon.core.webui.keyword.builtin.VerifyElementPresentKeyword.verifyElementPresent(VerifyElementPresentKeyword.groovy:92)
	at com.kms.katalon.core.webui.keyword.builtin.VerifyElementPresentKeyword.execute(VerifyElementPresentKeyword.groovy:68)
	at com.kms.katalon.core.keyword.internal.KeywordExecutor.executeKeywordForPlatform(KeywordExecutor.groovy:74)
	at com.kms.katalon.core.webui.keyword.WebUiBuiltInKeywords.verifyElementPresent(WebUiBuiltInKeywords.groovy:1464)
	at com.kms.katalon.core.webui.keyword.WebUiBuiltInKeywords$verifyElementPresent$4.call(Unknown Source)
	at Precon - Form Verification.run(Precon - Form Verification:212)
	at com.kms.katalon.core.main.ScriptEngine.run(ScriptEngine.java:194)
	at com.kms.katalon.core.main.ScriptEngine.runScriptAsRawText(ScriptEngine.java:119)
	at com.kms.katalon.core.main.TestCaseExecutor.runScript(TestCaseExecutor.java:445)
	at com.kms.katalon.core.main.TestCaseExecutor.doExecute(TestCaseExecutor.java:436)
	at com.kms.katalon.core.main.TestCaseExecutor.processExecutionPhase(TestCaseExecutor.java:415)
	at com.kms.katalon.core.main.TestCaseExecutor.accessMainPhase(TestCaseExecutor.java:407)
	at com.kms.katalon.core.main.TestCaseExecutor.execute(TestCaseExecutor.java:284)
	at com.kms.katalon.core.common.CommonExecutor.accessTestCaseMainPhase(CommonExecutor.java:65)
	at com.kms.katalon.core.main.TestSuiteExecutor.accessTestSuiteMainPhase(TestSuiteExecutor.java:144)
	at com.kms.katalon.core.main.TestSuiteExecutor.execute(TestSuiteExecutor.java:106)
	at com.kms.katalon.core.main.TestCaseMain.startTestSuite(TestCaseMain.java:185)
	at com.kms.katalon.core.main.TestCaseMain$startTestSuite$0.call(Unknown Source)
	at TempTestSuite1650304259606.run(TempTestSuite1650304259606.groovy:36)
)

2022-04-18 23:37:33 - [MESSAGE][WARNING] - Timeout '0' is invalid. Using default page load timeout: '5'

2022-04-18 23:37:39 - [MESSAGE][INFO] - Unable to find the element located by 'By.xpath: //div[@id='__next']/div/div/main/article/section[2]/div/div[3]/div/div[2]/div[6]/div[2]/div[2]/div/div/div/div'. Please recheck the objects properties to make sure the desired element is located. 

2022-04-18 23:37:39 - [MESSAGE][FAILED] - com.kms.katalon.core.webui.exception.WebElementNotFoundException: Web element with id: 'Object Repository/Form Verification/Precon Form/Page_/div_Access to coupons and articles tailored_c8371c' located by '//div[@id='__next']/div/div/main/article/section[2]/div/div[3]/div/div[2]/div[6]/div[2]/div[2]/div/div/div/div' not found (Root cause: com.kms.katalon.core.exception.StepFailedException: com.kms.katalon.core.webui.exception.WebElementNotFoundException: Web element with id: 'Object Repository/Form Verification/Precon Form/Page_/div_Access to coupons and articles tailored_c8371c' located by '//div[@id='__next']/div/div/main/article/section[2]/div/div[3]/div/div[2]/div[6]/div[2]/div[2]/div/div/div/div' not found
	at com.kms.katalon.core.webui.keyword.internal.WebUIKeywordMain.stepFailed(WebUIKeywordMain.groovy:64)
	at com.kms.katalon.core.webui.keyword.builtin.VerifyElementPresentKeyword$_verifyElementPresent_closure1.doCall(VerifyElementPresentKeyword.groovy:85)
	at com.kms.katalon.core.webui.keyword.builtin.VerifyElementPresentKeyword$_verifyElementPresent_closure1.call(VerifyElementPresentKeyword.groovy)
	at com.kms.katalon.core.webui.keyword.internal.WebUIKeywordMain.runKeyword(WebUIKeywordMain.groovy:20)
	at com.kms.katalon.core.webui.keyword.builtin.VerifyElementPresentKeyword.verifyElementPresent(VerifyElementPresentKeyword.groovy:92)
	at com.kms.katalon.core.webui.keyword.builtin.VerifyElementPresentKeyword.execute(VerifyElementPresentKeyword.groovy:68)
	at com.kms.katalon.core.keyword.internal.KeywordExecutor.executeKeywordForPlatform(KeywordExecutor.groovy:74)
	at com.kms.katalon.core.webui.keyword.WebUiBuiltInKeywords.verifyElementPresent(WebUiBuiltInKeywords.groovy:1464)
	at com.kms.katalon.core.webui.keyword.WebUiBuiltInKeywords$verifyElementPresent$4.call(Unknown Source)
	at Precon - Form Verification.run(Precon - Form Verification:212)
	at com.kms.katalon.core.main.ScriptEngine.run(ScriptEngine.java:194)
	at com.kms.katalon.core.main.ScriptEngine.runScriptAsRawText(ScriptEngine.java:119)
	at com.kms.katalon.core.main.TestCaseExecutor.runScript(TestCaseExecutor.java:445)
	at com.kms.katalon.core.main.TestCaseExecutor.doExecute(TestCaseExecutor.java:436)
	at com.kms.katalon.core.main.TestCaseExecutor.processExecutionPhase(TestCaseExecutor.java:415)
	at com.kms.katalon.core.main.TestCaseExecutor.accessMainPhase(TestCaseExecutor.java:407)
	at com.kms.katalon.core.main.TestCaseExecutor.execute(TestCaseExecutor.java:284)
	at com.kms.katalon.core.common.CommonExecutor.accessTestCaseMainPhase(CommonExecutor.java:65)
	at com.kms.katalon.core.main.TestSuiteExecutor.accessTestSuiteMainPhase(TestSuiteExecutor.java:144)
	at com.kms.katalon.core.main.TestSuiteExecutor.execute(TestSuiteExecutor.java:106)
	at com.kms.katalon.core.main.TestCaseMain.startTestSuite(TestCaseMain.java:185)
	at com.kms.katalon.core.main.TestCaseMain$startTestSuite$0.call(Unknown Source)
	at TempTestSuite1650304259606.run(TempTestSuite1650304259606.groovy:36)
)
[[ATTACHMENT|D:\\SmoketestSuite\\enfamilUS\\Reports\\20220418_232059\\SmokeTestCollection - Venkat\\SmokeTestSuite-Collection - UAT\\20220418_232059\\1650305259167.png]]

2022-04-18 23:37:39 - [TEST_STEP][FAILED] - verifyElementText(findTestObject("Object Repository/Form Verification/Precon Form/Page_/div_Access to coupons and articles tailored_c8371c"), "Access to coupons and articles tailored to your little one's age and stage. Also check out our digital #BellyBadges and share your baby's special milestones with your friends and family."): com.kms.katalon.core.webui.exception.WebElementNotFoundException: Web element with id: 'Object Repository/Form Verification/Precon Form/Page_/div_Access to coupons and articles tailored_c8371c' located by '//div[@id='__next']/div/div/main/article/section[2]/div/div[3]/div/div[2]/div[6]/div[2]/div[2]/div/div/div/div' not found (Root cause: com.kms.katalon.core.exception.StepFailedException: com.kms.katalon.core.webui.exception.WebElementNotFoundException: Web element with id: 'Object Repository/Form Verification/Precon Form/Page_/div_Access to coupons and articles tailored_c8371c' located by '//div[@id='__next']/div/div/main/article/section[2]/div/div[3]/div/div[2]/div[6]/div[2]/div[2]/div/div/div/div' not found
	at com.kms.katalon.core.webui.keyword.internal.WebUIKeywordMain.stepFailed(WebUIKeywordMain.groovy:64)
	at com.kms.katalon.core.webui.keyword.builtin.VerifyElementTextKeyword$_verifyElementText_closure1.doCall(VerifyElementTextKeyword.groovy:64)
	at com.kms.katalon.core.webui.keyword.builtin.VerifyElementTextKeyword$_verifyElementText_closure1.call(VerifyElementTextKeyword.groovy)
	at com.kms.katalon.core.webui.keyword.internal.WebUIKeywordMain.runKeyword(WebUIKeywordMain.groovy:20)
	at com.kms.katalon.core.webui.keyword.builtin.VerifyElementTextKeyword.verifyElementText(VerifyElementTextKeyword.groovy:72)
	at com.kms.katalon.core.webui.keyword.builtin.VerifyElementTextKeyword.execute(VerifyElementTextKeyword.groovy:40)
	at com.kms.katalon.core.keyword.internal.KeywordExecutor.executeKeywordForPlatform(KeywordExecutor.groovy:74)
	at com.kms.katalon.core.webui.keyword.WebUiBuiltInKeywords.verifyElementText(WebUiBuiltInKeywords.groovy:4749)
	at com.kms.katalon.core.webui.keyword.WebUiBuiltInKeywords$verifyElementText$5.call(Unknown Source)
	at Precon - Form Verification.run(Precon - Form Verification:215)
	at com.kms.katalon.core.main.ScriptEngine.run(ScriptEngine.java:194)
	at com.kms.katalon.core.main.ScriptEngine.runScriptAsRawText(ScriptEngine.java:119)
	at com.kms.katalon.core.main.TestCaseExecutor.runScript(TestCaseExecutor.java:445)
	at com.kms.katalon.core.main.TestCaseExecutor.doExecute(TestCaseExecutor.java:436)
	at com.kms.katalon.core.main.TestCaseExecutor.processExecutionPhase(TestCaseExecutor.java:415)
	at com.kms.katalon.core.main.TestCaseExecutor.accessMainPhase(TestCaseExecutor.java:407)
	at com.kms.katalon.core.main.TestCaseExecutor.execute(TestCaseExecutor.java:284)
	at com.kms.katalon.core.common.CommonExecutor.accessTestCaseMainPhase(CommonExecutor.java:65)
	at com.kms.katalon.core.main.TestSuiteExecutor.accessTestSuiteMainPhase(TestSuiteExecutor.java:144)
	at com.kms.katalon.core.main.TestSuiteExecutor.execute(TestSuiteExecutor.java:106)
	at com.kms.katalon.core.main.TestCaseMain.startTestSuite(TestCaseMain.java:185)
	at com.kms.katalon.core.main.TestCaseMain$startTestSuite$0.call(Unknown Source)
	at TempTestSuite1650304259606.run(TempTestSuite1650304259606.groovy:36)
)

2022-04-18 23:37:45 - [MESSAGE][INFO] - Unable to find the element located by 'By.xpath: //div[@id='__next']/div/div/main/article/section[2]/div/div[3]/div/div[2]/div[6]/div[2]/div[2]/div/div/div/div'. Please recheck the objects properties to make sure the desired element is located. 

2022-04-18 23:37:45 - [MESSAGE][FAILED] - com.kms.katalon.core.webui.exception.WebElementNotFoundException: Web element with id: 'Object Repository/Form Verification/Precon Form/Page_/div_Access to coupons and articles tailored_c8371c' located by '//div[@id='__next']/div/div/main/article/section[2]/div/div[3]/div/div[2]/div[6]/div[2]/div[2]/div/div/div/div' not found (Root cause: com.kms.katalon.core.exception.StepFailedException: com.kms.katalon.core.webui.exception.WebElementNotFoundException: Web element with id: 'Object Repository/Form Verification/Precon Form/Page_/div_Access to coupons and articles tailored_c8371c' located by '//div[@id='__next']/div/div/main/article/section[2]/div/div[3]/div/div[2]/div[6]/div[2]/div[2]/div/div/div/div' not found
	at com.kms.katalon.core.webui.keyword.internal.WebUIKeywordMain.stepFailed(WebUIKeywordMain.groovy:64)
	at com.kms.katalon.core.webui.keyword.builtin.VerifyElementTextKeyword$_verifyElementText_closure1.doCall(VerifyElementTextKeyword.groovy:64)
	at com.kms.katalon.core.webui.keyword.builtin.VerifyElementTextKeyword$_verifyElementText_closure1.call(VerifyElementTextKeyword.groovy)
	at com.kms.katalon.core.webui.keyword.internal.WebUIKeywordMain.runKeyword(WebUIKeywordMain.groovy:20)
	at com.kms.katalon.core.webui.keyword.builtin.VerifyElementTextKeyword.verifyElementText(VerifyElementTextKeyword.groovy:72)
	at com.kms.katalon.core.webui.keyword.builtin.VerifyElementTextKeyword.execute(VerifyElementTextKeyword.groovy:40)
	at com.kms.katalon.core.keyword.internal.KeywordExecutor.executeKeywordForPlatform(KeywordExecutor.groovy:74)
	at com.kms.katalon.core.webui.keyword.WebUiBuiltInKeywords.verifyElementText(WebUiBuiltInKeywords.groovy:4749)
	at com.kms.katalon.core.webui.keyword.WebUiBuiltInKeywords$verifyElementText$5.call(Unknown Source)
	at Precon - Form Verification.run(Precon - Form Verification:215)
	at com.kms.katalon.core.main.ScriptEngine.run(ScriptEngine.java:194)
	at com.kms.katalon.core.main.ScriptEngine.runScriptAsRawText(ScriptEngine.java:119)
	at com.kms.katalon.core.main.TestCaseExecutor.runScript(TestCaseExecutor.java:445)
	at com.kms.katalon.core.main.TestCaseExecutor.doExecute(TestCaseExecutor.java:436)
	at com.kms.katalon.core.main.TestCaseExecutor.processExecutionPhase(TestCaseExecutor.java:415)
	at com.kms.katalon.core.main.TestCaseExecutor.accessMainPhase(TestCaseExecutor.java:407)
	at com.kms.katalon.core.main.TestCaseExecutor.execute(TestCaseExecutor.java:284)
	at com.kms.katalon.core.common.CommonExecutor.accessTestCaseMainPhase(CommonExecutor.java:65)
	at com.kms.katalon.core.main.TestSuiteExecutor.accessTestSuiteMainPhase(TestSuiteExecutor.java:144)
	at com.kms.katalon.core.main.TestSuiteExecutor.execute(TestSuiteExecutor.java:106)
	at com.kms.katalon.core.main.TestCaseMain.startTestSuite(TestCaseMain.java:185)
	at com.kms.katalon.core.main.TestCaseMain$startTestSuite$0.call(Unknown Source)
	at TempTestSuite1650304259606.run(TempTestSuite1650304259606.groovy:36)
)
[[ATTACHMENT|D:\\SmoketestSuite\\enfamilUS\\Reports\\20220418_232059\\SmokeTestCollection - Venkat\\SmokeTestSuite-Collection - UAT\\20220418_232059\\1650305265605.png]]

2022-04-18 23:37:45 - [TEST_STEP][FAILED] - verifyElementPresent(findTestObject("Object Repository/Form Verification/Precon Form/Page_/a_Learn more_1_2"), 0): com.kms.katalon.core.webui.exception.WebElementNotFoundException: Web element with id: 'Object Repository/Form Verification/Precon Form/Page_/a_Learn more_1_2' located by '//div[@id='__next']/div/div/main/article/section[2]/div/div[3]/div/div[2]/div[6]/div[2]/div[2]/div/div/div/p/a' not found (Root cause: com.kms.katalon.core.exception.StepFailedException: com.kms.katalon.core.webui.exception.WebElementNotFoundException: Web element with id: 'Object Repository/Form Verification/Precon Form/Page_/a_Learn more_1_2' located by '//div[@id='__next']/div/div/main/article/section[2]/div/div[3]/div/div[2]/div[6]/div[2]/div[2]/div/div/div/p/a' not found
	at com.kms.katalon.core.webui.keyword.internal.WebUIKeywordMain.stepFailed(WebUIKeywordMain.groovy:64)
	at com.kms.katalon.core.webui.keyword.builtin.VerifyElementPresentKeyword$_verifyElementPresent_closure1.doCall(VerifyElementPresentKeyword.groovy:85)
	at com.kms.katalon.core.webui.keyword.builtin.VerifyElementPresentKeyword$_verifyElementPresent_closure1.call(VerifyElementPresentKeyword.groovy)
	at com.kms.katalon.core.webui.keyword.internal.WebUIKeywordMain.runKeyword(WebUIKeywordMain.groovy:20)
	at com.kms.katalon.core.webui.keyword.builtin.VerifyElementPresentKeyword.verifyElementPresent(VerifyElementPresentKeyword.groovy:92)
	at com.kms.katalon.core.webui.keyword.builtin.VerifyElementPresentKeyword.execute(VerifyElementPresentKeyword.groovy:68)
	at com.kms.katalon.core.keyword.internal.KeywordExecutor.executeKeywordForPlatform(KeywordExecutor.groovy:74)
	at com.kms.katalon.core.webui.keyword.WebUiBuiltInKeywords.verifyElementPresent(WebUiBuiltInKeywords.groovy:1464)
	at com.kms.katalon.core.webui.keyword.WebUiBuiltInKeywords$verifyElementPresent$4.call(Unknown Source)
	at Precon - Form Verification.run(Precon - Form Verification:218)
	at com.kms.katalon.core.main.ScriptEngine.run(ScriptEngine.java:194)
	at com.kms.katalon.core.main.ScriptEngine.runScriptAsRawText(ScriptEngine.java:119)
	at com.kms.katalon.core.main.TestCaseExecutor.runScript(TestCaseExecutor.java:445)
	at com.kms.katalon.core.main.TestCaseExecutor.doExecute(TestCaseExecutor.java:436)
	at com.kms.katalon.core.main.TestCaseExecutor.processExecutionPhase(TestCaseExecutor.java:415)
	at com.kms.katalon.core.main.TestCaseExecutor.accessMainPhase(TestCaseExecutor.java:407)
	at com.kms.katalon.core.main.TestCaseExecutor.execute(TestCaseExecutor.java:284)
	at com.kms.katalon.core.common.CommonExecutor.accessTestCaseMainPhase(CommonExecutor.java:65)
	at com.kms.katalon.core.main.TestSuiteExecutor.accessTestSuiteMainPhase(TestSuiteExecutor.java:144)
	at com.kms.katalon.core.main.TestSuiteExecutor.execute(TestSuiteExecutor.java:106)
	at com.kms.katalon.core.main.TestCaseMain.startTestSuite(TestCaseMain.java:185)
	at com.kms.katalon.core.main.TestCaseMain$startTestSuite$0.call(Unknown Source)
	at TempTestSuite1650304259606.run(TempTestSuite1650304259606.groovy:36)
)

2022-04-18 23:37:45 - [MESSAGE][WARNING] - Timeout '0' is invalid. Using default page load timeout: '5'

2022-04-18 23:37:52 - [MESSAGE][INFO] - Unable to find the element located by 'By.xpath: //div[@id='__next']/div/div/main/article/section[2]/div/div[3]/div/div[2]/div[6]/div[2]/div[2]/div/div/div/p/a'. Please recheck the objects properties to make sure the desired element is located. 

2022-04-18 23:37:52 - [MESSAGE][FAILED] - com.kms.katalon.core.webui.exception.WebElementNotFoundException: Web element with id: 'Object Repository/Form Verification/Precon Form/Page_/a_Learn more_1_2' located by '//div[@id='__next']/div/div/main/article/section[2]/div/div[3]/div/div[2]/div[6]/div[2]/div[2]/div/div/div/p/a' not found (Root cause: com.kms.katalon.core.exception.StepFailedException: com.kms.katalon.core.webui.exception.WebElementNotFoundException: Web element with id: 'Object Repository/Form Verification/Precon Form/Page_/a_Learn more_1_2' located by '//div[@id='__next']/div/div/main/article/section[2]/div/div[3]/div/div[2]/div[6]/div[2]/div[2]/div/div/div/p/a' not found
	at com.kms.katalon.core.webui.keyword.internal.WebUIKeywordMain.stepFailed(WebUIKeywordMain.groovy:64)
	at com.kms.katalon.core.webui.keyword.builtin.VerifyElementPresentKeyword$_verifyElementPresent_closure1.doCall(VerifyElementPresentKeyword.groovy:85)
	at com.kms.katalon.core.webui.keyword.builtin.VerifyElementPresentKeyword$_verifyElementPresent_closure1.call(VerifyElementPresentKeyword.groovy)
	at com.kms.katalon.core.webui.keyword.internal.WebUIKeywordMain.runKeyword(WebUIKeywordMain.groovy:20)
	at com.kms.katalon.core.webui.keyword.builtin.VerifyElementPresentKeyword.verifyElementPresent(VerifyElementPresentKeyword.groovy:92)
	at com.kms.katalon.core.webui.keyword.builtin.VerifyElementPresentKeyword.execute(VerifyElementPresentKeyword.groovy:68)
	at com.kms.katalon.core.keyword.internal.KeywordExecutor.executeKeywordForPlatform(KeywordExecutor.groovy:74)
	at com.kms.katalon.core.webui.keyword.WebUiBuiltInKeywords.verifyElementPresent(WebUiBuiltInKeywords.groovy:1464)
	at com.kms.katalon.core.webui.keyword.WebUiBuiltInKeywords$verifyElementPresent$4.call(Unknown Source)
	at Precon - Form Verification.run(Precon - Form Verification:218)
	at com.kms.katalon.core.main.ScriptEngine.run(ScriptEngine.java:194)
	at com.kms.katalon.core.main.ScriptEngine.runScriptAsRawText(ScriptEngine.java:119)
	at com.kms.katalon.core.main.TestCaseExecutor.runScript(TestCaseExecutor.java:445)
	at com.kms.katalon.core.main.TestCaseExecutor.doExecute(TestCaseExecutor.java:436)
	at com.kms.katalon.core.main.TestCaseExecutor.processExecutionPhase(TestCaseExecutor.java:415)
	at com.kms.katalon.core.main.TestCaseExecutor.accessMainPhase(TestCaseExecutor.java:407)
	at com.kms.katalon.core.main.TestCaseExecutor.execute(TestCaseExecutor.java:284)
	at com.kms.katalon.core.common.CommonExecutor.accessTestCaseMainPhase(CommonExecutor.java:65)
	at com.kms.katalon.core.main.TestSuiteExecutor.accessTestSuiteMainPhase(TestSuiteExecutor.java:144)
	at com.kms.katalon.core.main.TestSuiteExecutor.execute(TestSuiteExecutor.java:106)
	at com.kms.katalon.core.main.TestCaseMain.startTestSuite(TestCaseMain.java:185)
	at com.kms.katalon.core.main.TestCaseMain$startTestSuite$0.call(Unknown Source)
	at TempTestSuite1650304259606.run(TempTestSuite1650304259606.groovy:36)
)
[[ATTACHMENT|D:\\SmoketestSuite\\enfamilUS\\Reports\\20220418_232059\\SmokeTestCollection - Venkat\\SmokeTestSuite-Collection - UAT\\20220418_232059\\1650305272219.png]]

2022-04-18 23:37:52 - [TEST_STEP][FAILED] - verifyElementText(findTestObject("Object Repository/Form Verification/Precon Form/Page_/a_Learn more_1_2"), "Learn more"): com.kms.katalon.core.webui.exception.WebElementNotFoundException: Web element with id: 'Object Repository/Form Verification/Precon Form/Page_/a_Learn more_1_2' located by '//div[@id='__next']/div/div/main/article/section[2]/div/div[3]/div/div[2]/div[6]/div[2]/div[2]/div/div/div/p/a' not found (Root cause: com.kms.katalon.core.exception.StepFailedException: com.kms.katalon.core.webui.exception.WebElementNotFoundException: Web element with id: 'Object Repository/Form Verification/Precon Form/Page_/a_Learn more_1_2' located by '//div[@id='__next']/div/div/main/article/section[2]/div/div[3]/div/div[2]/div[6]/div[2]/div[2]/div/div/div/p/a' not found
	at com.kms.katalon.core.webui.keyword.internal.WebUIKeywordMain.stepFailed(WebUIKeywordMain.groovy:64)
	at com.kms.katalon.core.webui.keyword.builtin.VerifyElementTextKeyword$_verifyElementText_closure1.doCall(VerifyElementTextKeyword.groovy:64)
	at com.kms.katalon.core.webui.keyword.builtin.VerifyElementTextKeyword$_verifyElementText_closure1.call(VerifyElementTextKeyword.groovy)
	at com.kms.katalon.core.webui.keyword.internal.WebUIKeywordMain.runKeyword(WebUIKeywordMain.groovy:20)
	at com.kms.katalon.core.webui.keyword.builtin.VerifyElementTextKeyword.verifyElementText(VerifyElementTextKeyword.groovy:72)
	at com.kms.katalon.core.webui.keyword.builtin.VerifyElementTextKeyword.execute(VerifyElementTextKeyword.groovy:40)
	at com.kms.katalon.core.keyword.internal.KeywordExecutor.executeKeywordForPlatform(KeywordExecutor.groovy:74)
	at com.kms.katalon.core.webui.keyword.WebUiBuiltInKeywords.verifyElementText(WebUiBuiltInKeywords.groovy:4749)
	at com.kms.katalon.core.webui.keyword.WebUiBuiltInKeywords$verifyElementText$5.call(Unknown Source)
	at Precon - Form Verification.run(Precon - Form Verification:220)
	at com.kms.katalon.core.main.ScriptEngine.run(ScriptEngine.java:194)
	at com.kms.katalon.core.main.ScriptEngine.runScriptAsRawText(ScriptEngine.java:119)
	at com.kms.katalon.core.main.TestCaseExecutor.runScript(TestCaseExecutor.java:445)
	at com.kms.katalon.core.main.TestCaseExecutor.doExecute(TestCaseExecutor.java:436)
	at com.kms.katalon.core.main.TestCaseExecutor.processExecutionPhase(TestCaseExecutor.java:415)
	at com.kms.katalon.core.main.TestCaseExecutor.accessMainPhase(TestCaseExecutor.java:407)
	at com.kms.katalon.core.main.TestCaseExecutor.execute(TestCaseExecutor.java:284)
	at com.kms.katalon.core.common.CommonExecutor.accessTestCaseMainPhase(CommonExecutor.java:65)
	at com.kms.katalon.core.main.TestSuiteExecutor.accessTestSuiteMainPhase(TestSuiteExecutor.java:144)
	at com.kms.katalon.core.main.TestSuiteExecutor.execute(TestSuiteExecutor.java:106)
	at com.kms.katalon.core.main.TestCaseMain.startTestSuite(TestCaseMain.java:185)
	at com.kms.katalon.core.main.TestCaseMain$startTestSuite$0.call(Unknown Source)
	at TempTestSuite1650304259606.run(TempTestSuite1650304259606.groovy:36)
)

2022-04-18 23:37:58 - [MESSAGE][INFO] - Unable to find the element located by 'By.xpath: //div[@id='__next']/div/div/main/article/section[2]/div/div[3]/div/div[2]/div[6]/div[2]/div[2]/div/div/div/p/a'. Please recheck the objects properties to make sure the desired element is located. 

2022-04-18 23:37:59 - [MESSAGE][FAILED] - com.kms.katalon.core.webui.exception.WebElementNotFoundException: Web element with id: 'Object Repository/Form Verification/Precon Form/Page_/a_Learn more_1_2' located by '//div[@id='__next']/div/div/main/article/section[2]/div/div[3]/div/div[2]/div[6]/div[2]/div[2]/div/div/div/p/a' not found (Root cause: com.kms.katalon.core.exception.StepFailedException: com.kms.katalon.core.webui.exception.WebElementNotFoundException: Web element with id: 'Object Repository/Form Verification/Precon Form/Page_/a_Learn more_1_2' located by '//div[@id='__next']/div/div/main/article/section[2]/div/div[3]/div/div[2]/div[6]/div[2]/div[2]/div/div/div/p/a' not found
	at com.kms.katalon.core.webui.keyword.internal.WebUIKeywordMain.stepFailed(WebUIKeywordMain.groovy:64)
	at com.kms.katalon.core.webui.keyword.builtin.VerifyElementTextKeyword$_verifyElementText_closure1.doCall(VerifyElementTextKeyword.groovy:64)
	at com.kms.katalon.core.webui.keyword.builtin.VerifyElementTextKeyword$_verifyElementText_closure1.call(VerifyElementTextKeyword.groovy)
	at com.kms.katalon.core.webui.keyword.internal.WebUIKeywordMain.runKeyword(WebUIKeywordMain.groovy:20)
	at com.kms.katalon.core.webui.keyword.builtin.VerifyElementTextKeyword.verifyElementText(VerifyElementTextKeyword.groovy:72)
	at com.kms.katalon.core.webui.keyword.builtin.VerifyElementTextKeyword.execute(VerifyElementTextKeyword.groovy:40)
	at com.kms.katalon.core.keyword.internal.KeywordExecutor.executeKeywordForPlatform(KeywordExecutor.groovy:74)
	at com.kms.katalon.core.webui.keyword.WebUiBuiltInKeywords.verifyElementText(WebUiBuiltInKeywords.groovy:4749)
	at com.kms.katalon.core.webui.keyword.WebUiBuiltInKeywords$verifyElementText$5.call(Unknown Source)
	at Precon - Form Verification.run(Precon - Form Verification:220)
	at com.kms.katalon.core.main.ScriptEngine.run(ScriptEngine.java:194)
	at com.kms.katalon.core.main.ScriptEngine.runScriptAsRawText(ScriptEngine.java:119)
	at com.kms.katalon.core.main.TestCaseExecutor.runScript(TestCaseExecutor.java:445)
	at com.kms.katalon.core.main.TestCaseExecutor.doExecute(TestCaseExecutor.java:436)
	at com.kms.katalon.core.main.TestCaseExecutor.processExecutionPhase(TestCaseExecutor.java:415)
	at com.kms.katalon.core.main.TestCaseExecutor.accessMainPhase(TestCaseExecutor.java:407)
	at com.kms.katalon.core.main.TestCaseExecutor.execute(TestCaseExecutor.java:284)
	at com.kms.katalon.core.common.CommonExecutor.accessTestCaseMainPhase(CommonExecutor.java:65)
	at com.kms.katalon.core.main.TestSuiteExecutor.accessTestSuiteMainPhase(TestSuiteExecutor.java:144)
	at com.kms.katalon.core.main.TestSuiteExecutor.execute(TestSuiteExecutor.java:106)
	at com.kms.katalon.core.main.TestCaseMain.startTestSuite(TestCaseMain.java:185)
	at com.kms.katalon.core.main.TestCaseMain$startTestSuite$0.call(Unknown Source)
	at TempTestSuite1650304259606.run(TempTestSuite1650304259606.groovy:36)
)
[[ATTACHMENT|D:\\SmoketestSuite\\enfamilUS\\Reports\\20220418_232059\\SmokeTestCollection - Venkat\\SmokeTestSuite-Collection - UAT\\20220418_232059\\1650305278842.png]]

2022-04-18 23:37:59 - [TEST_STEP][FAILED] - verifyElementClickable(findTestObject("Object Repository/Form Verification/Precon Form/Page_/a_Learn more_1_2")): Web element with id: 'Object Repository/Form Verification/Precon Form/Page_/a_Learn more_1_2' located by '//div[@id='__next']/div/div/main/article/section[2]/div/div[3]/div/div[2]/div[6]/div[2]/div[2]/div/div/div/p/a' not found (Root cause: com.kms.katalon.core.exception.StepFailedException: Web element with id: 'Object Repository/Form Verification/Precon Form/Page_/a_Learn more_1_2' located by '//div[@id='__next']/div/div/main/article/section[2]/div/div[3]/div/div[2]/div[6]/div[2]/div[2]/div/div/div/p/a' not found
	at com.kms.katalon.core.webui.keyword.internal.WebUIKeywordMain.stepFailed(WebUIKeywordMain.groovy:64)
	at com.kms.katalon.core.webui.keyword.builtin.VerifyElementClickableKeyword$_verifyElementClickable_closure1.doCall(VerifyElementClickableKeyword.groovy:88)
	at com.kms.katalon.core.webui.keyword.builtin.VerifyElementClickableKeyword$_verifyElementClickable_closure1.call(VerifyElementClickableKeyword.groovy)
	at com.kms.katalon.core.webui.keyword.internal.WebUIKeywordMain.runKeyword(WebUIKeywordMain.groovy:20)
	at com.kms.katalon.core.webui.keyword.builtin.VerifyElementClickableKeyword.verifyElementClickable(VerifyElementClickableKeyword.groovy:96)
	at com.kms.katalon.core.webui.keyword.builtin.VerifyElementClickableKeyword.execute(VerifyElementClickableKeyword.groovy:67)
	at com.kms.katalon.core.keyword.internal.KeywordExecutor.executeKeywordForPlatform(KeywordExecutor.groovy:74)
	at com.kms.katalon.core.webui.keyword.WebUiBuiltInKeywords.verifyElementClickable(WebUiBuiltInKeywords.groovy:566)
	at com.kms.katalon.core.webui.keyword.WebUiBuiltInKeywords$verifyElementClickable$6.call(Unknown Source)
	at Precon - Form Verification.run(Precon - Form Verification:222)
	at com.kms.katalon.core.main.ScriptEngine.run(ScriptEngine.java:194)
	at com.kms.katalon.core.main.ScriptEngine.runScriptAsRawText(ScriptEngine.java:119)
	at com.kms.katalon.core.main.TestCaseExecutor.runScript(TestCaseExecutor.java:445)
	at com.kms.katalon.core.main.TestCaseExecutor.doExecute(TestCaseExecutor.java:436)
	at com.kms.katalon.core.main.TestCaseExecutor.processExecutionPhase(TestCaseExecutor.java:415)
	at com.kms.katalon.core.main.TestCaseExecutor.accessMainPhase(TestCaseExecutor.java:407)
	at com.kms.katalon.core.main.TestCaseExecutor.execute(TestCaseExecutor.java:284)
	at com.kms.katalon.core.common.CommonExecutor.accessTestCaseMainPhase(CommonExecutor.java:65)
	at com.kms.katalon.core.main.TestSuiteExecutor.accessTestSuiteMainPhase(TestSuiteExecutor.java:144)
	at com.kms.katalon.core.main.TestSuiteExecutor.execute(TestSuiteExecutor.java:106)
	at com.kms.katalon.core.main.TestCaseMain.startTestSuite(TestCaseMain.java:185)
	at com.kms.katalon.core.main.TestCaseMain$startTestSuite$0.call(Unknown Source)
	at TempTestSuite1650304259606.run(TempTestSuite1650304259606.groovy:36)
)

2022-04-18 23:38:05 - [MESSAGE][INFO] - Unable to find the element located by 'By.xpath: //div[@id='__next']/div/div/main/article/section[2]/div/div[3]/div/div[2]/div[6]/div[2]/div[2]/div/div/div/p/a'. Please recheck the objects properties to make sure the desired element is located. 

2022-04-18 23:38:05 - [MESSAGE][FAILED] - Web element with id: 'Object Repository/Form Verification/Precon Form/Page_/a_Learn more_1_2' located by '//div[@id='__next']/div/div/main/article/section[2]/div/div[3]/div/div[2]/div[6]/div[2]/div[2]/div/div/div/p/a' not found (Root cause: com.kms.katalon.core.exception.StepFailedException: Web element with id: 'Object Repository/Form Verification/Precon Form/Page_/a_Learn more_1_2' located by '//div[@id='__next']/div/div/main/article/section[2]/div/div[3]/div/div[2]/div[6]/div[2]/div[2]/div/div/div/p/a' not found
	at com.kms.katalon.core.webui.keyword.internal.WebUIKeywordMain.stepFailed(WebUIKeywordMain.groovy:64)
	at com.kms.katalon.core.webui.keyword.builtin.VerifyElementClickableKeyword$_verifyElementClickable_closure1.doCall(VerifyElementClickableKeyword.groovy:88)
	at com.kms.katalon.core.webui.keyword.builtin.VerifyElementClickableKeyword$_verifyElementClickable_closure1.call(VerifyElementClickableKeyword.groovy)
	at com.kms.katalon.core.webui.keyword.internal.WebUIKeywordMain.runKeyword(WebUIKeywordMain.groovy:20)
	at com.kms.katalon.core.webui.keyword.builtin.VerifyElementClickableKeyword.verifyElementClickable(VerifyElementClickableKeyword.groovy:96)
	at com.kms.katalon.core.webui.keyword.builtin.VerifyElementClickableKeyword.execute(VerifyElementClickableKeyword.groovy:67)
	at com.kms.katalon.core.keyword.internal.KeywordExecutor.executeKeywordForPlatform(KeywordExecutor.groovy:74)
	at com.kms.katalon.core.webui.keyword.WebUiBuiltInKeywords.verifyElementClickable(WebUiBuiltInKeywords.groovy:566)
	at com.kms.katalon.core.webui.keyword.WebUiBuiltInKeywords$verifyElementClickable$6.call(Unknown Source)
	at Precon - Form Verification.run(Precon - Form Verification:222)
	at com.kms.katalon.core.main.ScriptEngine.run(ScriptEngine.java:194)
	at com.kms.katalon.core.main.ScriptEngine.runScriptAsRawText(ScriptEngine.java:119)
	at com.kms.katalon.core.main.TestCaseExecutor.runScript(TestCaseExecutor.java:445)
	at com.kms.katalon.core.main.TestCaseExecutor.doExecute(TestCaseExecutor.java:436)
	at com.kms.katalon.core.main.TestCaseExecutor.processExecutionPhase(TestCaseExecutor.java:415)
	at com.kms.katalon.core.main.TestCaseExecutor.accessMainPhase(TestCaseExecutor.java:407)
	at com.kms.katalon.core.main.TestCaseExecutor.execute(TestCaseExecutor.java:284)
	at com.kms.katalon.core.common.CommonExecutor.accessTestCaseMainPhase(CommonExecutor.java:65)
	at com.kms.katalon.core.main.TestSuiteExecutor.accessTestSuiteMainPhase(TestSuiteExecutor.java:144)
	at com.kms.katalon.core.main.TestSuiteExecutor.execute(TestSuiteExecutor.java:106)
	at com.kms.katalon.core.main.TestCaseMain.startTestSuite(TestCaseMain.java:185)
	at com.kms.katalon.core.main.TestCaseMain$startTestSuite$0.call(Unknown Source)
	at TempTestSuite1650304259606.run(TempTestSuite1650304259606.groovy:36)
)
[[ATTACHMENT|D:\\SmoketestSuite\\enfamilUS\\Reports\\20220418_232059\\SmokeTestCollection - Venkat\\SmokeTestSuite-Collection - UAT\\20220418_232059\\1650305285220.png]]

2022-04-18 23:38:05 - [TEST_STEP][FAILED] - verifyElementPresent(findTestObject("Object Repository/Form Verification/Precon Form/Page_/div_7. Enfamil Shop RewardsStart earning po_1dda2c"), 0): com.kms.katalon.core.webui.exception.WebElementNotFoundException: Web element with id: 'Object Repository/Form Verification/Precon Form/Page_/div_7. Enfamil Shop RewardsStart earning po_1dda2c' located by '//div[@id='__next']/div/div/main/article/section[2]/div/div[3]/div/div[2]/div[7]' not found (Root cause: com.kms.katalon.core.exception.StepFailedException: com.kms.katalon.core.webui.exception.WebElementNotFoundException: Web element with id: 'Object Repository/Form Verification/Precon Form/Page_/div_7. Enfamil Shop RewardsStart earning po_1dda2c' located by '//div[@id='__next']/div/div/main/article/section[2]/div/div[3]/div/div[2]/div[7]' not found
	at com.kms.katalon.core.webui.keyword.internal.WebUIKeywordMain.stepFailed(WebUIKeywordMain.groovy:64)
	at com.kms.katalon.core.webui.keyword.builtin.VerifyElementPresentKeyword$_verifyElementPresent_closure1.doCall(VerifyElementPresentKeyword.groovy:85)
	at com.kms.katalon.core.webui.keyword.builtin.VerifyElementPresentKeyword$_verifyElementPresent_closure1.call(VerifyElementPresentKeyword.groovy)
	at com.kms.katalon.core.webui.keyword.internal.WebUIKeywordMain.runKeyword(WebUIKeywordMain.groovy:20)
	at com.kms.katalon.core.webui.keyword.builtin.VerifyElementPresentKeyword.verifyElementPresent(VerifyElementPresentKeyword.groovy:92)
	at com.kms.katalon.core.webui.keyword.builtin.VerifyElementPresentKeyword.execute(VerifyElementPresentKeyword.groovy:68)
	at com.kms.katalon.core.keyword.internal.KeywordExecutor.executeKeywordForPlatform(KeywordExecutor.groovy:74)
	at com.kms.katalon.core.webui.keyword.WebUiBuiltInKeywords.verifyElementPresent(WebUiBuiltInKeywords.groovy:1464)
	at com.kms.katalon.core.webui.keyword.WebUiBuiltInKeywords$verifyElementPresent$4.call(Unknown Source)
	at Precon - Form Verification.run(Precon - Form Verification:224)
	at com.kms.katalon.core.main.ScriptEngine.run(ScriptEngine.java:194)
	at com.kms.katalon.core.main.ScriptEngine.runScriptAsRawText(ScriptEngine.java:119)
	at com.kms.katalon.core.main.TestCaseExecutor.runScript(TestCaseExecutor.java:445)
	at com.kms.katalon.core.main.TestCaseExecutor.doExecute(TestCaseExecutor.java:436)
	at com.kms.katalon.core.main.TestCaseExecutor.processExecutionPhase(TestCaseExecutor.java:415)
	at com.kms.katalon.core.main.TestCaseExecutor.accessMainPhase(TestCaseExecutor.java:407)
	at com.kms.katalon.core.main.TestCaseExecutor.execute(TestCaseExecutor.java:284)
	at com.kms.katalon.core.common.CommonExecutor.accessTestCaseMainPhase(CommonExecutor.java:65)
	at com.kms.katalon.core.main.TestSuiteExecutor.accessTestSuiteMainPhase(TestSuiteExecutor.java:144)
	at com.kms.katalon.core.main.TestSuiteExecutor.execute(TestSuiteExecutor.java:106)
	at com.kms.katalon.core.main.TestCaseMain.startTestSuite(TestCaseMain.java:185)
	at com.kms.katalon.core.main.TestCaseMain$startTestSuite$0.call(Unknown Source)
	at TempTestSuite1650304259606.run(TempTestSuite1650304259606.groovy:36)
)

2022-04-18 23:38:05 - [MESSAGE][WARNING] - Timeout '0' is invalid. Using default page load timeout: '5'

2022-04-18 23:38:11 - [MESSAGE][INFO] - Unable to find the element located by 'By.xpath: //div[@id='__next']/div/div/main/article/section[2]/div/div[3]/div/div[2]/div[7]'. Please recheck the objects properties to make sure the desired element is located. 

2022-04-18 23:38:11 - [MESSAGE][FAILED] - com.kms.katalon.core.webui.exception.WebElementNotFoundException: Web element with id: 'Object Repository/Form Verification/Precon Form/Page_/div_7. Enfamil Shop RewardsStart earning po_1dda2c' located by '//div[@id='__next']/div/div/main/article/section[2]/div/div[3]/div/div[2]/div[7]' not found (Root cause: com.kms.katalon.core.exception.StepFailedException: com.kms.katalon.core.webui.exception.WebElementNotFoundException: Web element with id: 'Object Repository/Form Verification/Precon Form/Page_/div_7. Enfamil Shop RewardsStart earning po_1dda2c' located by '//div[@id='__next']/div/div/main/article/section[2]/div/div[3]/div/div[2]/div[7]' not found
	at com.kms.katalon.core.webui.keyword.internal.WebUIKeywordMain.stepFailed(WebUIKeywordMain.groovy:64)
	at com.kms.katalon.core.webui.keyword.builtin.VerifyElementPresentKeyword$_verifyElementPresent_closure1.doCall(VerifyElementPresentKeyword.groovy:85)
	at com.kms.katalon.core.webui.keyword.builtin.VerifyElementPresentKeyword$_verifyElementPresent_closure1.call(VerifyElementPresentKeyword.groovy)
	at com.kms.katalon.core.webui.keyword.internal.WebUIKeywordMain.runKeyword(WebUIKeywordMain.groovy:20)
	at com.kms.katalon.core.webui.keyword.builtin.VerifyElementPresentKeyword.verifyElementPresent(VerifyElementPresentKeyword.groovy:92)
	at com.kms.katalon.core.webui.keyword.builtin.VerifyElementPresentKeyword.execute(VerifyElementPresentKeyword.groovy:68)
	at com.kms.katalon.core.keyword.internal.KeywordExecutor.executeKeywordForPlatform(KeywordExecutor.groovy:74)
	at com.kms.katalon.core.webui.keyword.WebUiBuiltInKeywords.verifyElementPresent(WebUiBuiltInKeywords.groovy:1464)
	at com.kms.katalon.core.webui.keyword.WebUiBuiltInKeywords$verifyElementPresent$4.call(Unknown Source)
	at Precon - Form Verification.run(Precon - Form Verification:224)
	at com.kms.katalon.core.main.ScriptEngine.run(ScriptEngine.java:194)
	at com.kms.katalon.core.main.ScriptEngine.runScriptAsRawText(ScriptEngine.java:119)
	at com.kms.katalon.core.main.TestCaseExecutor.runScript(TestCaseExecutor.java:445)
	at com.kms.katalon.core.main.TestCaseExecutor.doExecute(TestCaseExecutor.java:436)
	at com.kms.katalon.core.main.TestCaseExecutor.processExecutionPhase(TestCaseExecutor.java:415)
	at com.kms.katalon.core.main.TestCaseExecutor.accessMainPhase(TestCaseExecutor.java:407)
	at com.kms.katalon.core.main.TestCaseExecutor.execute(TestCaseExecutor.java:284)
	at com.kms.katalon.core.common.CommonExecutor.accessTestCaseMainPhase(CommonExecutor.java:65)
	at com.kms.katalon.core.main.TestSuiteExecutor.accessTestSuiteMainPhase(TestSuiteExecutor.java:144)
	at com.kms.katalon.core.main.TestSuiteExecutor.execute(TestSuiteExecutor.java:106)
	at com.kms.katalon.core.main.TestCaseMain.startTestSuite(TestCaseMain.java:185)
	at com.kms.katalon.core.main.TestCaseMain$startTestSuite$0.call(Unknown Source)
	at TempTestSuite1650304259606.run(TempTestSuite1650304259606.groovy:36)
)
[[ATTACHMENT|D:\\SmoketestSuite\\enfamilUS\\Reports\\20220418_232059\\SmokeTestCollection - Venkat\\SmokeTestSuite-Collection - UAT\\20220418_232059\\1650305291740.png]]

2022-04-18 23:38:11 - [TEST_STEP][FAILED] - verifyElementPresent(findTestObject("Object Repository/Form Verification/Precon Form/Page_/h4_7. Enfamil Shop Rewards"), 0): com.kms.katalon.core.webui.exception.WebElementNotFoundException: Web element with id: 'Object Repository/Form Verification/Precon Form/Page_/h4_7. Enfamil Shop Rewards' located by '//div[@id='__next']/div/div/main/article/section[2]/div/div[3]/div/div[2]/div[7]/div[2]/div/h4' not found (Root cause: com.kms.katalon.core.exception.StepFailedException: com.kms.katalon.core.webui.exception.WebElementNotFoundException: Web element with id: 'Object Repository/Form Verification/Precon Form/Page_/h4_7. Enfamil Shop Rewards' located by '//div[@id='__next']/div/div/main/article/section[2]/div/div[3]/div/div[2]/div[7]/div[2]/div/h4' not found
	at com.kms.katalon.core.webui.keyword.internal.WebUIKeywordMain.stepFailed(WebUIKeywordMain.groovy:64)
	at com.kms.katalon.core.webui.keyword.builtin.VerifyElementPresentKeyword$_verifyElementPresent_closure1.doCall(VerifyElementPresentKeyword.groovy:85)
	at com.kms.katalon.core.webui.keyword.builtin.VerifyElementPresentKeyword$_verifyElementPresent_closure1.call(VerifyElementPresentKeyword.groovy)
	at com.kms.katalon.core.webui.keyword.internal.WebUIKeywordMain.runKeyword(WebUIKeywordMain.groovy:20)
	at com.kms.katalon.core.webui.keyword.builtin.VerifyElementPresentKeyword.verifyElementPresent(VerifyElementPresentKeyword.groovy:92)
	at com.kms.katalon.core.webui.keyword.builtin.VerifyElementPresentKeyword.execute(VerifyElementPresentKeyword.groovy:68)
	at com.kms.katalon.core.keyword.internal.KeywordExecutor.executeKeywordForPlatform(KeywordExecutor.groovy:74)
	at com.kms.katalon.core.webui.keyword.WebUiBuiltInKeywords.verifyElementPresent(WebUiBuiltInKeywords.groovy:1464)
	at com.kms.katalon.core.webui.keyword.WebUiBuiltInKeywords$verifyElementPresent$4.call(Unknown Source)
	at Precon - Form Verification.run(Precon - Form Verification:227)
	at com.kms.katalon.core.main.ScriptEngine.run(ScriptEngine.java:194)
	at com.kms.katalon.core.main.ScriptEngine.runScriptAsRawText(ScriptEngine.java:119)
	at com.kms.katalon.core.main.TestCaseExecutor.runScript(TestCaseExecutor.java:445)
	at com.kms.katalon.core.main.TestCaseExecutor.doExecute(TestCaseExecutor.java:436)
	at com.kms.katalon.core.main.TestCaseExecutor.processExecutionPhase(TestCaseExecutor.java:415)
	at com.kms.katalon.core.main.TestCaseExecutor.accessMainPhase(TestCaseExecutor.java:407)
	at com.kms.katalon.core.main.TestCaseExecutor.execute(TestCaseExecutor.java:284)
	at com.kms.katalon.core.common.CommonExecutor.accessTestCaseMainPhase(CommonExecutor.java:65)
	at com.kms.katalon.core.main.TestSuiteExecutor.accessTestSuiteMainPhase(TestSuiteExecutor.java:144)
	at com.kms.katalon.core.main.TestSuiteExecutor.execute(TestSuiteExecutor.java:106)
	at com.kms.katalon.core.main.TestCaseMain.startTestSuite(TestCaseMain.java:185)
	at com.kms.katalon.core.main.TestCaseMain$startTestSuite$0.call(Unknown Source)
	at TempTestSuite1650304259606.run(TempTestSuite1650304259606.groovy:36)
)

2022-04-18 23:38:12 - [MESSAGE][WARNING] - Timeout '0' is invalid. Using default page load timeout: '5'

2022-04-18 23:38:19 - [MESSAGE][INFO] - Unable to find the element located by 'By.xpath: //div[@id='__next']/div/div/main/article/section[2]/div/div[3]/div/div[2]/div[7]/div[2]/div/h4'. Please recheck the objects properties to make sure the desired element is located. 

2022-04-18 23:38:19 - [MESSAGE][FAILED] - com.kms.katalon.core.webui.exception.WebElementNotFoundException: Web element with id: 'Object Repository/Form Verification/Precon Form/Page_/h4_7. Enfamil Shop Rewards' located by '//div[@id='__next']/div/div/main/article/section[2]/div/div[3]/div/div[2]/div[7]/div[2]/div/h4' not found (Root cause: com.kms.katalon.core.exception.StepFailedException: com.kms.katalon.core.webui.exception.WebElementNotFoundException: Web element with id: 'Object Repository/Form Verification/Precon Form/Page_/h4_7. Enfamil Shop Rewards' located by '//div[@id='__next']/div/div/main/article/section[2]/div/div[3]/div/div[2]/div[7]/div[2]/div/h4' not found
	at com.kms.katalon.core.webui.keyword.internal.WebUIKeywordMain.stepFailed(WebUIKeywordMain.groovy:64)
	at com.kms.katalon.core.webui.keyword.builtin.VerifyElementPresentKeyword$_verifyElementPresent_closure1.doCall(VerifyElementPresentKeyword.groovy:85)
	at com.kms.katalon.core.webui.keyword.builtin.VerifyElementPresentKeyword$_verifyElementPresent_closure1.call(VerifyElementPresentKeyword.groovy)
	at com.kms.katalon.core.webui.keyword.internal.WebUIKeywordMain.runKeyword(WebUIKeywordMain.groovy:20)
	at com.kms.katalon.core.webui.keyword.builtin.VerifyElementPresentKeyword.verifyElementPresent(VerifyElementPresentKeyword.groovy:92)
	at com.kms.katalon.core.webui.keyword.builtin.VerifyElementPresentKeyword.execute(VerifyElementPresentKeyword.groovy:68)
	at com.kms.katalon.core.keyword.internal.KeywordExecutor.executeKeywordForPlatform(KeywordExecutor.groovy:74)
	at com.kms.katalon.core.webui.keyword.WebUiBuiltInKeywords.verifyElementPresent(WebUiBuiltInKeywords.groovy:1464)
	at com.kms.katalon.core.webui.keyword.WebUiBuiltInKeywords$verifyElementPresent$4.call(Unknown Source)
	at Precon - Form Verification.run(Precon - Form Verification:227)
	at com.kms.katalon.core.main.ScriptEngine.run(ScriptEngine.java:194)
	at com.kms.katalon.core.main.ScriptEngine.runScriptAsRawText(ScriptEngine.java:119)
	at com.kms.katalon.core.main.TestCaseExecutor.runScript(TestCaseExecutor.java:445)
	at com.kms.katalon.core.main.TestCaseExecutor.doExecute(TestCaseExecutor.java:436)
	at com.kms.katalon.core.main.TestCaseExecutor.processExecutionPhase(TestCaseExecutor.java:415)
	at com.kms.katalon.core.main.TestCaseExecutor.accessMainPhase(TestCaseExecutor.java:407)
	at com.kms.katalon.core.main.TestCaseExecutor.execute(TestCaseExecutor.java:284)
	at com.kms.katalon.core.common.CommonExecutor.accessTestCaseMainPhase(CommonExecutor.java:65)
	at com.kms.katalon.core.main.TestSuiteExecutor.accessTestSuiteMainPhase(TestSuiteExecutor.java:144)
	at com.kms.katalon.core.main.TestSuiteExecutor.execute(TestSuiteExecutor.java:106)
	at com.kms.katalon.core.main.TestCaseMain.startTestSuite(TestCaseMain.java:185)
	at com.kms.katalon.core.main.TestCaseMain$startTestSuite$0.call(Unknown Source)
	at TempTestSuite1650304259606.run(TempTestSuite1650304259606.groovy:36)
)
[[ATTACHMENT|D:\\SmoketestSuite\\enfamilUS\\Reports\\20220418_232059\\SmokeTestCollection - Venkat\\SmokeTestSuite-Collection - UAT\\20220418_232059\\1650305299066.png]]

2022-04-18 23:38:19 - [TEST_STEP][FAILED] - verifyElementPresent(findTestObject("Object Repository/Form Verification/Precon Form/Page_/p_Start earning points at the Enfamil Shop._e7f63e"), 0): com.kms.katalon.core.webui.exception.WebElementNotFoundException: Web element with id: 'Object Repository/Form Verification/Precon Form/Page_/p_Start earning points at the Enfamil Shop._e7f63e' located by '//div[@id='__next']/div/div/main/article/section[2]/div/div[3]/div/div[2]/div[7]/div[2]/div[2]/p' not found (Root cause: com.kms.katalon.core.exception.StepFailedException: com.kms.katalon.core.webui.exception.WebElementNotFoundException: Web element with id: 'Object Repository/Form Verification/Precon Form/Page_/p_Start earning points at the Enfamil Shop._e7f63e' located by '//div[@id='__next']/div/div/main/article/section[2]/div/div[3]/div/div[2]/div[7]/div[2]/div[2]/p' not found
	at com.kms.katalon.core.webui.keyword.internal.WebUIKeywordMain.stepFailed(WebUIKeywordMain.groovy:64)
	at com.kms.katalon.core.webui.keyword.builtin.VerifyElementPresentKeyword$_verifyElementPresent_closure1.doCall(VerifyElementPresentKeyword.groovy:85)
	at com.kms.katalon.core.webui.keyword.builtin.VerifyElementPresentKeyword$_verifyElementPresent_closure1.call(VerifyElementPresentKeyword.groovy)
	at com.kms.katalon.core.webui.keyword.internal.WebUIKeywordMain.runKeyword(WebUIKeywordMain.groovy:20)
	at com.kms.katalon.core.webui.keyword.builtin.VerifyElementPresentKeyword.verifyElementPresent(VerifyElementPresentKeyword.groovy:92)
	at com.kms.katalon.core.webui.keyword.builtin.VerifyElementPresentKeyword.execute(VerifyElementPresentKeyword.groovy:68)
	at com.kms.katalon.core.keyword.internal.KeywordExecutor.executeKeywordForPlatform(KeywordExecutor.groovy:74)
	at com.kms.katalon.core.webui.keyword.WebUiBuiltInKeywords.verifyElementPresent(WebUiBuiltInKeywords.groovy:1464)
	at com.kms.katalon.core.webui.keyword.WebUiBuiltInKeywords$verifyElementPresent$4.call(Unknown Source)
	at Precon - Form Verification.run(Precon - Form Verification:230)
	at com.kms.katalon.core.main.ScriptEngine.run(ScriptEngine.java:194)
	at com.kms.katalon.core.main.ScriptEngine.runScriptAsRawText(ScriptEngine.java:119)
	at com.kms.katalon.core.main.TestCaseExecutor.runScript(TestCaseExecutor.java:445)
	at com.kms.katalon.core.main.TestCaseExecutor.doExecute(TestCaseExecutor.java:436)
	at com.kms.katalon.core.main.TestCaseExecutor.processExecutionPhase(TestCaseExecutor.java:415)
	at com.kms.katalon.core.main.TestCaseExecutor.accessMainPhase(TestCaseExecutor.java:407)
	at com.kms.katalon.core.main.TestCaseExecutor.execute(TestCaseExecutor.java:284)
	at com.kms.katalon.core.common.CommonExecutor.accessTestCaseMainPhase(CommonExecutor.java:65)
	at com.kms.katalon.core.main.TestSuiteExecutor.accessTestSuiteMainPhase(TestSuiteExecutor.java:144)
	at com.kms.katalon.core.main.TestSuiteExecutor.execute(TestSuiteExecutor.java:106)
	at com.kms.katalon.core.main.TestCaseMain.startTestSuite(TestCaseMain.java:185)
	at com.kms.katalon.core.main.TestCaseMain$startTestSuite$0.call(Unknown Source)
	at TempTestSuite1650304259606.run(TempTestSuite1650304259606.groovy:36)
)

2022-04-18 23:38:19 - [MESSAGE][WARNING] - Timeout '0' is invalid. Using default page load timeout: '5'

2022-04-18 23:38:25 - [MESSAGE][INFO] - Unable to find the element located by 'By.xpath: //div[@id='__next']/div/div/main/article/section[2]/div/div[3]/div/div[2]/div[7]/div[2]/div[2]/p'. Please recheck the objects properties to make sure the desired element is located. 

2022-04-18 23:38:25 - [MESSAGE][FAILED] - com.kms.katalon.core.webui.exception.WebElementNotFoundException: Web element with id: 'Object Repository/Form Verification/Precon Form/Page_/p_Start earning points at the Enfamil Shop._e7f63e' located by '//div[@id='__next']/div/div/main/article/section[2]/div/div[3]/div/div[2]/div[7]/div[2]/div[2]/p' not found (Root cause: com.kms.katalon.core.exception.StepFailedException: com.kms.katalon.core.webui.exception.WebElementNotFoundException: Web element with id: 'Object Repository/Form Verification/Precon Form/Page_/p_Start earning points at the Enfamil Shop._e7f63e' located by '//div[@id='__next']/div/div/main/article/section[2]/div/div[3]/div/div[2]/div[7]/div[2]/div[2]/p' not found
	at com.kms.katalon.core.webui.keyword.internal.WebUIKeywordMain.stepFailed(WebUIKeywordMain.groovy:64)
	at com.kms.katalon.core.webui.keyword.builtin.VerifyElementPresentKeyword$_verifyElementPresent_closure1.doCall(VerifyElementPresentKeyword.groovy:85)
	at com.kms.katalon.core.webui.keyword.builtin.VerifyElementPresentKeyword$_verifyElementPresent_closure1.call(VerifyElementPresentKeyword.groovy)
	at com.kms.katalon.core.webui.keyword.internal.WebUIKeywordMain.runKeyword(WebUIKeywordMain.groovy:20)
	at com.kms.katalon.core.webui.keyword.builtin.VerifyElementPresentKeyword.verifyElementPresent(VerifyElementPresentKeyword.groovy:92)
	at com.kms.katalon.core.webui.keyword.builtin.VerifyElementPresentKeyword.execute(VerifyElementPresentKeyword.groovy:68)
	at com.kms.katalon.core.keyword.internal.KeywordExecutor.executeKeywordForPlatform(KeywordExecutor.groovy:74)
	at com.kms.katalon.core.webui.keyword.WebUiBuiltInKeywords.verifyElementPresent(WebUiBuiltInKeywords.groovy:1464)
	at com.kms.katalon.core.webui.keyword.WebUiBuiltInKeywords$verifyElementPresent$4.call(Unknown Source)
	at Precon - Form Verification.run(Precon - Form Verification:230)
	at com.kms.katalon.core.main.ScriptEngine.run(ScriptEngine.java:194)
	at com.kms.katalon.core.main.ScriptEngine.runScriptAsRawText(ScriptEngine.java:119)
	at com.kms.katalon.core.main.TestCaseExecutor.runScript(TestCaseExecutor.java:445)
	at com.kms.katalon.core.main.TestCaseExecutor.doExecute(TestCaseExecutor.java:436)
	at com.kms.katalon.core.main.TestCaseExecutor.processExecutionPhase(TestCaseExecutor.java:415)
	at com.kms.katalon.core.main.TestCaseExecutor.accessMainPhase(TestCaseExecutor.java:407)
	at com.kms.katalon.core.main.TestCaseExecutor.execute(TestCaseExecutor.java:284)
	at com.kms.katalon.core.common.CommonExecutor.accessTestCaseMainPhase(CommonExecutor.java:65)
	at com.kms.katalon.core.main.TestSuiteExecutor.accessTestSuiteMainPhase(TestSuiteExecutor.java:144)
	at com.kms.katalon.core.main.TestSuiteExecutor.execute(TestSuiteExecutor.java:106)
	at com.kms.katalon.core.main.TestCaseMain.startTestSuite(TestCaseMain.java:185)
	at com.kms.katalon.core.main.TestCaseMain$startTestSuite$0.call(Unknown Source)
	at TempTestSuite1650304259606.run(TempTestSuite1650304259606.groovy:36)
)
[[ATTACHMENT|D:\\SmoketestSuite\\enfamilUS\\Reports\\20220418_232059\\SmokeTestCollection - Venkat\\SmokeTestSuite-Collection - UAT\\20220418_232059\\1650305305655.png]]

2022-04-18 23:38:25 - [TEST_STEP][FAILED] - verifyElementText(findTestObject("Object Repository/Form Verification/Precon Form/Page_/p_Start earning points at the Enfamil Shop._e7f63e"), "Start earning points at the EnfamilÂ® Shop. Get 1 point for every $1 you spend, and get 75 points just for joining."): com.kms.katalon.core.webui.exception.WebElementNotFoundException: Web element with id: 'Object Repository/Form Verification/Precon Form/Page_/p_Start earning points at the Enfamil Shop._e7f63e' located by '//div[@id='__next']/div/div/main/article/section[2]/div/div[3]/div/div[2]/div[7]/div[2]/div[2]/p' not found (Root cause: com.kms.katalon.core.exception.StepFailedException: com.kms.katalon.core.webui.exception.WebElementNotFoundException: Web element with id: 'Object Repository/Form Verification/Precon Form/Page_/p_Start earning points at the Enfamil Shop._e7f63e' located by '//div[@id='__next']/div/div/main/article/section[2]/div/div[3]/div/div[2]/div[7]/div[2]/div[2]/p' not found
	at com.kms.katalon.core.webui.keyword.internal.WebUIKeywordMain.stepFailed(WebUIKeywordMain.groovy:64)
	at com.kms.katalon.core.webui.keyword.builtin.VerifyElementTextKeyword$_verifyElementText_closure1.doCall(VerifyElementTextKeyword.groovy:64)
	at com.kms.katalon.core.webui.keyword.builtin.VerifyElementTextKeyword$_verifyElementText_closure1.call(VerifyElementTextKeyword.groovy)
	at com.kms.katalon.core.webui.keyword.internal.WebUIKeywordMain.runKeyword(WebUIKeywordMain.groovy:20)
	at com.kms.katalon.core.webui.keyword.builtin.VerifyElementTextKeyword.verifyElementText(VerifyElementTextKeyword.groovy:72)
	at com.kms.katalon.core.webui.keyword.builtin.VerifyElementTextKeyword.execute(VerifyElementTextKeyword.groovy:40)
	at com.kms.katalon.core.keyword.internal.KeywordExecutor.executeKeywordForPlatform(KeywordExecutor.groovy:74)
	at com.kms.katalon.core.webui.keyword.WebUiBuiltInKeywords.verifyElementText(WebUiBuiltInKeywords.groovy:4749)
	at com.kms.katalon.core.webui.keyword.WebUiBuiltInKeywords$verifyElementText$5.call(Unknown Source)
	at Precon - Form Verification.run(Precon - Form Verification:233)
	at com.kms.katalon.core.main.ScriptEngine.run(ScriptEngine.java:194)
	at com.kms.katalon.core.main.ScriptEngine.runScriptAsRawText(ScriptEngine.java:119)
	at com.kms.katalon.core.main.TestCaseExecutor.runScript(TestCaseExecutor.java:445)
	at com.kms.katalon.core.main.TestCaseExecutor.doExecute(TestCaseExecutor.java:436)
	at com.kms.katalon.core.main.TestCaseExecutor.processExecutionPhase(TestCaseExecutor.java:415)
	at com.kms.katalon.core.main.TestCaseExecutor.accessMainPhase(TestCaseExecutor.java:407)
	at com.kms.katalon.core.main.TestCaseExecutor.execute(TestCaseExecutor.java:284)
	at com.kms.katalon.core.common.CommonExecutor.accessTestCaseMainPhase(CommonExecutor.java:65)
	at com.kms.katalon.core.main.TestSuiteExecutor.accessTestSuiteMainPhase(TestSuiteExecutor.java:144)
	at com.kms.katalon.core.main.TestSuiteExecutor.execute(TestSuiteExecutor.java:106)
	at com.kms.katalon.core.main.TestCaseMain.startTestSuite(TestCaseMain.java:185)
	at com.kms.katalon.core.main.TestCaseMain$startTestSuite$0.call(Unknown Source)
	at TempTestSuite1650304259606.run(TempTestSuite1650304259606.groovy:36)
)

2022-04-18 23:38:32 - [MESSAGE][INFO] - Unable to find the element located by 'By.xpath: //div[@id='__next']/div/div/main/article/section[2]/div/div[3]/div/div[2]/div[7]/div[2]/div[2]/p'. Please recheck the objects properties to make sure the desired element is located. 

2022-04-18 23:38:32 - [MESSAGE][FAILED] - com.kms.katalon.core.webui.exception.WebElementNotFoundException: Web element with id: 'Object Repository/Form Verification/Precon Form/Page_/p_Start earning points at the Enfamil Shop._e7f63e' located by '//div[@id='__next']/div/div/main/article/section[2]/div/div[3]/div/div[2]/div[7]/div[2]/div[2]/p' not found (Root cause: com.kms.katalon.core.exception.StepFailedException: com.kms.katalon.core.webui.exception.WebElementNotFoundException: Web element with id: 'Object Repository/Form Verification/Precon Form/Page_/p_Start earning points at the Enfamil Shop._e7f63e' located by '//div[@id='__next']/div/div/main/article/section[2]/div/div[3]/div/div[2]/div[7]/div[2]/div[2]/p' not found
	at com.kms.katalon.core.webui.keyword.internal.WebUIKeywordMain.stepFailed(WebUIKeywordMain.groovy:64)
	at com.kms.katalon.core.webui.keyword.builtin.VerifyElementTextKeyword$_verifyElementText_closure1.doCall(VerifyElementTextKeyword.groovy:64)
	at com.kms.katalon.core.webui.keyword.builtin.VerifyElementTextKeyword$_verifyElementText_closure1.call(VerifyElementTextKeyword.groovy)
	at com.kms.katalon.core.webui.keyword.internal.WebUIKeywordMain.runKeyword(WebUIKeywordMain.groovy:20)
	at com.kms.katalon.core.webui.keyword.builtin.VerifyElementTextKeyword.verifyElementText(VerifyElementTextKeyword.groovy:72)
	at com.kms.katalon.core.webui.keyword.builtin.VerifyElementTextKeyword.execute(VerifyElementTextKeyword.groovy:40)
	at com.kms.katalon.core.keyword.internal.KeywordExecutor.executeKeywordForPlatform(KeywordExecutor.groovy:74)
	at com.kms.katalon.core.webui.keyword.WebUiBuiltInKeywords.verifyElementText(WebUiBuiltInKeywords.groovy:4749)
	at com.kms.katalon.core.webui.keyword.WebUiBuiltInKeywords$verifyElementText$5.call(Unknown Source)
	at Precon - Form Verification.run(Precon - Form Verification:233)
	at com.kms.katalon.core.main.ScriptEngine.run(ScriptEngine.java:194)
	at com.kms.katalon.core.main.ScriptEngine.runScriptAsRawText(ScriptEngine.java:119)
	at com.kms.katalon.core.main.TestCaseExecutor.runScript(TestCaseExecutor.java:445)
	at com.kms.katalon.core.main.TestCaseExecutor.doExecute(TestCaseExecutor.java:436)
	at com.kms.katalon.core.main.TestCaseExecutor.processExecutionPhase(TestCaseExecutor.java:415)
	at com.kms.katalon.core.main.TestCaseExecutor.accessMainPhase(TestCaseExecutor.java:407)
	at com.kms.katalon.core.main.TestCaseExecutor.execute(TestCaseExecutor.java:284)
	at com.kms.katalon.core.common.CommonExecutor.accessTestCaseMainPhase(CommonExecutor.java:65)
	at com.kms.katalon.core.main.TestSuiteExecutor.accessTestSuiteMainPhase(TestSuiteExecutor.java:144)
	at com.kms.katalon.core.main.TestSuiteExecutor.execute(TestSuiteExecutor.java:106)
	at com.kms.katalon.core.main.TestCaseMain.startTestSuite(TestCaseMain.java:185)
	at com.kms.katalon.core.main.TestCaseMain$startTestSuite$0.call(Unknown Source)
	at TempTestSuite1650304259606.run(TempTestSuite1650304259606.groovy:36)
)
[[ATTACHMENT|D:\\SmoketestSuite\\enfamilUS\\Reports\\20220418_232059\\SmokeTestCollection - Venkat\\SmokeTestSuite-Collection - UAT\\20220418_232059\\1650305312092.png]]

2022-04-18 23:38:32 - [TEST_STEP][FAILED] - verifyElementPresent(findTestObject("Object Repository/Form Verification/Precon Form/Page_/a_Learn more_1_2_3"), 0): com.kms.katalon.core.webui.exception.WebElementNotFoundException: Web element with id: 'Object Repository/Form Verification/Precon Form/Page_/a_Learn more_1_2_3' located by '//div[@id='__next']/div/div/main/article/section[2]/div/div[3]/div/div[2]/div[7]/div[2]/div[2]/p[2]/a' not found (Root cause: com.kms.katalon.core.exception.StepFailedException: com.kms.katalon.core.webui.exception.WebElementNotFoundException: Web element with id: 'Object Repository/Form Verification/Precon Form/Page_/a_Learn more_1_2_3' located by '//div[@id='__next']/div/div/main/article/section[2]/div/div[3]/div/div[2]/div[7]/div[2]/div[2]/p[2]/a' not found
	at com.kms.katalon.core.webui.keyword.internal.WebUIKeywordMain.stepFailed(WebUIKeywordMain.groovy:64)
	at com.kms.katalon.core.webui.keyword.builtin.VerifyElementPresentKeyword$_verifyElementPresent_closure1.doCall(VerifyElementPresentKeyword.groovy:85)
	at com.kms.katalon.core.webui.keyword.builtin.VerifyElementPresentKeyword$_verifyElementPresent_closure1.call(VerifyElementPresentKeyword.groovy)
	at com.kms.katalon.core.webui.keyword.internal.WebUIKeywordMain.runKeyword(WebUIKeywordMain.groovy:20)
	at com.kms.katalon.core.webui.keyword.builtin.VerifyElementPresentKeyword.verifyElementPresent(VerifyElementPresentKeyword.groovy:92)
	at com.kms.katalon.core.webui.keyword.builtin.VerifyElementPresentKeyword.execute(VerifyElementPresentKeyword.groovy:68)
	at com.kms.katalon.core.keyword.internal.KeywordExecutor.executeKeywordForPlatform(KeywordExecutor.groovy:74)
	at com.kms.katalon.core.webui.keyword.WebUiBuiltInKeywords.verifyElementPresent(WebUiBuiltInKeywords.groovy:1464)
	at com.kms.katalon.core.webui.keyword.WebUiBuiltInKeywords$verifyElementPresent$4.call(Unknown Source)
	at Precon - Form Verification.run(Precon - Form Verification:236)
	at com.kms.katalon.core.main.ScriptEngine.run(ScriptEngine.java:194)
	at com.kms.katalon.core.main.ScriptEngine.runScriptAsRawText(ScriptEngine.java:119)
	at com.kms.katalon.core.main.TestCaseExecutor.runScript(TestCaseExecutor.java:445)
	at com.kms.katalon.core.main.TestCaseExecutor.doExecute(TestCaseExecutor.java:436)
	at com.kms.katalon.core.main.TestCaseExecutor.processExecutionPhase(TestCaseExecutor.java:415)
	at com.kms.katalon.core.main.TestCaseExecutor.accessMainPhase(TestCaseExecutor.java:407)
	at com.kms.katalon.core.main.TestCaseExecutor.execute(TestCaseExecutor.java:284)
	at com.kms.katalon.core.common.CommonExecutor.accessTestCaseMainPhase(CommonExecutor.java:65)
	at com.kms.katalon.core.main.TestSuiteExecutor.accessTestSuiteMainPhase(TestSuiteExecutor.java:144)
	at com.kms.katalon.core.main.TestSuiteExecutor.execute(TestSuiteExecutor.java:106)
	at com.kms.katalon.core.main.TestCaseMain.startTestSuite(TestCaseMain.java:185)
	at com.kms.katalon.core.main.TestCaseMain$startTestSuite$0.call(Unknown Source)
	at TempTestSuite1650304259606.run(TempTestSuite1650304259606.groovy:36)
)

2022-04-18 23:38:32 - [MESSAGE][WARNING] - Timeout '0' is invalid. Using default page load timeout: '5'

2022-04-18 23:38:38 - [MESSAGE][INFO] - Unable to find the element located by 'By.xpath: //div[@id='__next']/div/div/main/article/section[2]/div/div[3]/div/div[2]/div[7]/div[2]/div[2]/p[2]/a'. Please recheck the objects properties to make sure the desired element is located. 

2022-04-18 23:38:38 - [MESSAGE][FAILED] - com.kms.katalon.core.webui.exception.WebElementNotFoundException: Web element with id: 'Object Repository/Form Verification/Precon Form/Page_/a_Learn more_1_2_3' located by '//div[@id='__next']/div/div/main/article/section[2]/div/div[3]/div/div[2]/div[7]/div[2]/div[2]/p[2]/a' not found (Root cause: com.kms.katalon.core.exception.StepFailedException: com.kms.katalon.core.webui.exception.WebElementNotFoundException: Web element with id: 'Object Repository/Form Verification/Precon Form/Page_/a_Learn more_1_2_3' located by '//div[@id='__next']/div/div/main/article/section[2]/div/div[3]/div/div[2]/div[7]/div[2]/div[2]/p[2]/a' not found
	at com.kms.katalon.core.webui.keyword.internal.WebUIKeywordMain.stepFailed(WebUIKeywordMain.groovy:64)
	at com.kms.katalon.core.webui.keyword.builtin.VerifyElementPresentKeyword$_verifyElementPresent_closure1.doCall(VerifyElementPresentKeyword.groovy:85)
	at com.kms.katalon.core.webui.keyword.builtin.VerifyElementPresentKeyword$_verifyElementPresent_closure1.call(VerifyElementPresentKeyword.groovy)
	at com.kms.katalon.core.webui.keyword.internal.WebUIKeywordMain.runKeyword(WebUIKeywordMain.groovy:20)
	at com.kms.katalon.core.webui.keyword.builtin.VerifyElementPresentKeyword.verifyElementPresent(VerifyElementPresentKeyword.groovy:92)
	at com.kms.katalon.core.webui.keyword.builtin.VerifyElementPresentKeyword.execute(VerifyElementPresentKeyword.groovy:68)
	at com.kms.katalon.core.keyword.internal.KeywordExecutor.executeKeywordForPlatform(KeywordExecutor.groovy:74)
	at com.kms.katalon.core.webui.keyword.WebUiBuiltInKeywords.verifyElementPresent(WebUiBuiltInKeywords.groovy:1464)
	at com.kms.katalon.core.webui.keyword.WebUiBuiltInKeywords$verifyElementPresent$4.call(Unknown Source)
	at Precon - Form Verification.run(Precon - Form Verification:236)
	at com.kms.katalon.core.main.ScriptEngine.run(ScriptEngine.java:194)
	at com.kms.katalon.core.main.ScriptEngine.runScriptAsRawText(ScriptEngine.java:119)
	at com.kms.katalon.core.main.TestCaseExecutor.runScript(TestCaseExecutor.java:445)
	at com.kms.katalon.core.main.TestCaseExecutor.doExecute(TestCaseExecutor.java:436)
	at com.kms.katalon.core.main.TestCaseExecutor.processExecutionPhase(TestCaseExecutor.java:415)
	at com.kms.katalon.core.main.TestCaseExecutor.accessMainPhase(TestCaseExecutor.java:407)
	at com.kms.katalon.core.main.TestCaseExecutor.execute(TestCaseExecutor.java:284)
	at com.kms.katalon.core.common.CommonExecutor.accessTestCaseMainPhase(CommonExecutor.java:65)
	at com.kms.katalon.core.main.TestSuiteExecutor.accessTestSuiteMainPhase(TestSuiteExecutor.java:144)
	at com.kms.katalon.core.main.TestSuiteExecutor.execute(TestSuiteExecutor.java:106)
	at com.kms.katalon.core.main.TestCaseMain.startTestSuite(TestCaseMain.java:185)
	at com.kms.katalon.core.main.TestCaseMain$startTestSuite$0.call(Unknown Source)
	at TempTestSuite1650304259606.run(TempTestSuite1650304259606.groovy:36)
)
[[ATTACHMENT|D:\\SmoketestSuite\\enfamilUS\\Reports\\20220418_232059\\SmokeTestCollection - Venkat\\SmokeTestSuite-Collection - UAT\\20220418_232059\\1650305318633.png]]

2022-04-18 23:38:38 - [TEST_STEP][FAILED] - verifyElementText(findTestObject("Object Repository/Form Verification/Precon Form/Page_/a_Learn more_1_2_3"), "Learn more"): com.kms.katalon.core.webui.exception.WebElementNotFoundException: Web element with id: 'Object Repository/Form Verification/Precon Form/Page_/a_Learn more_1_2_3' located by '//div[@id='__next']/div/div/main/article/section[2]/div/div[3]/div/div[2]/div[7]/div[2]/div[2]/p[2]/a' not found (Root cause: com.kms.katalon.core.exception.StepFailedException: com.kms.katalon.core.webui.exception.WebElementNotFoundException: Web element with id: 'Object Repository/Form Verification/Precon Form/Page_/a_Learn more_1_2_3' located by '//div[@id='__next']/div/div/main/article/section[2]/div/div[3]/div/div[2]/div[7]/div[2]/div[2]/p[2]/a' not found
	at com.kms.katalon.core.webui.keyword.internal.WebUIKeywordMain.stepFailed(WebUIKeywordMain.groovy:64)
	at com.kms.katalon.core.webui.keyword.builtin.VerifyElementTextKeyword$_verifyElementText_closure1.doCall(VerifyElementTextKeyword.groovy:64)
	at com.kms.katalon.core.webui.keyword.builtin.VerifyElementTextKeyword$_verifyElementText_closure1.call(VerifyElementTextKeyword.groovy)
	at com.kms.katalon.core.webui.keyword.internal.WebUIKeywordMain.runKeyword(WebUIKeywordMain.groovy:20)
	at com.kms.katalon.core.webui.keyword.builtin.VerifyElementTextKeyword.verifyElementText(VerifyElementTextKeyword.groovy:72)
	at com.kms.katalon.core.webui.keyword.builtin.VerifyElementTextKeyword.execute(VerifyElementTextKeyword.groovy:40)
	at com.kms.katalon.core.keyword.internal.KeywordExecutor.executeKeywordForPlatform(KeywordExecutor.groovy:74)
	at com.kms.katalon.core.webui.keyword.WebUiBuiltInKeywords.verifyElementText(WebUiBuiltInKeywords.groovy:4749)
	at com.kms.katalon.core.webui.keyword.WebUiBuiltInKeywords$verifyElementText$5.call(Unknown Source)
	at Precon - Form Verification.run(Precon - Form Verification:238)
	at com.kms.katalon.core.main.ScriptEngine.run(ScriptEngine.java:194)
	at com.kms.katalon.core.main.ScriptEngine.runScriptAsRawText(ScriptEngine.java:119)
	at com.kms.katalon.core.main.TestCaseExecutor.runScript(TestCaseExecutor.java:445)
	at com.kms.katalon.core.main.TestCaseExecutor.doExecute(TestCaseExecutor.java:436)
	at com.kms.katalon.core.main.TestCaseExecutor.processExecutionPhase(TestCaseExecutor.java:415)
	at com.kms.katalon.core.main.TestCaseExecutor.accessMainPhase(TestCaseExecutor.java:407)
	at com.kms.katalon.core.main.TestCaseExecutor.execute(TestCaseExecutor.java:284)
	at com.kms.katalon.core.common.CommonExecutor.accessTestCaseMainPhase(CommonExecutor.java:65)
	at com.kms.katalon.core.main.TestSuiteExecutor.accessTestSuiteMainPhase(TestSuiteExecutor.java:144)
	at com.kms.katalon.core.main.TestSuiteExecutor.execute(TestSuiteExecutor.java:106)
	at com.kms.katalon.core.main.TestCaseMain.startTestSuite(TestCaseMain.java:185)
	at com.kms.katalon.core.main.TestCaseMain$startTestSuite$0.call(Unknown Source)
	at TempTestSuite1650304259606.run(TempTestSuite1650304259606.groovy:36)
)

2022-04-18 23:38:45 - [MESSAGE][INFO] - Unable to find the element located by 'By.xpath: //div[@id='__next']/div/div/main/article/section[2]/div/div[3]/div/div[2]/div[7]/div[2]/div[2]/p[2]/a'. Please recheck the objects properties to make sure the desired element is located. 

2022-04-18 23:38:45 - [MESSAGE][FAILED] - com.kms.katalon.core.webui.exception.WebElementNotFoundException: Web element with id: 'Object Repository/Form Verification/Precon Form/Page_/a_Learn more_1_2_3' located by '//div[@id='__next']/div/div/main/article/section[2]/div/div[3]/div/div[2]/div[7]/div[2]/div[2]/p[2]/a' not found (Root cause: com.kms.katalon.core.exception.StepFailedException: com.kms.katalon.core.webui.exception.WebElementNotFoundException: Web element with id: 'Object Repository/Form Verification/Precon Form/Page_/a_Learn more_1_2_3' located by '//div[@id='__next']/div/div/main/article/section[2]/div/div[3]/div/div[2]/div[7]/div[2]/div[2]/p[2]/a' not found
	at com.kms.katalon.core.webui.keyword.internal.WebUIKeywordMain.stepFailed(WebUIKeywordMain.groovy:64)
	at com.kms.katalon.core.webui.keyword.builtin.VerifyElementTextKeyword$_verifyElementText_closure1.doCall(VerifyElementTextKeyword.groovy:64)
	at com.kms.katalon.core.webui.keyword.builtin.VerifyElementTextKeyword$_verifyElementText_closure1.call(VerifyElementTextKeyword.groovy)
	at com.kms.katalon.core.webui.keyword.internal.WebUIKeywordMain.runKeyword(WebUIKeywordMain.groovy:20)
	at com.kms.katalon.core.webui.keyword.builtin.VerifyElementTextKeyword.verifyElementText(VerifyElementTextKeyword.groovy:72)
	at com.kms.katalon.core.webui.keyword.builtin.VerifyElementTextKeyword.execute(VerifyElementTextKeyword.groovy:40)
	at com.kms.katalon.core.keyword.internal.KeywordExecutor.executeKeywordForPlatform(KeywordExecutor.groovy:74)
	at com.kms.katalon.core.webui.keyword.WebUiBuiltInKeywords.verifyElementText(WebUiBuiltInKeywords.groovy:4749)
	at com.kms.katalon.core.webui.keyword.WebUiBuiltInKeywords$verifyElementText$5.call(Unknown Source)
	at Precon - Form Verification.run(Precon - Form Verification:238)
	at com.kms.katalon.core.main.ScriptEngine.run(ScriptEngine.java:194)
	at com.kms.katalon.core.main.ScriptEngine.runScriptAsRawText(ScriptEngine.java:119)
	at com.kms.katalon.core.main.TestCaseExecutor.runScript(TestCaseExecutor.java:445)
	at com.kms.katalon.core.main.TestCaseExecutor.doExecute(TestCaseExecutor.java:436)
	at com.kms.katalon.core.main.TestCaseExecutor.processExecutionPhase(TestCaseExecutor.java:415)
	at com.kms.katalon.core.main.TestCaseExecutor.accessMainPhase(TestCaseExecutor.java:407)
	at com.kms.katalon.core.main.TestCaseExecutor.execute(TestCaseExecutor.java:284)
	at com.kms.katalon.core.common.CommonExecutor.accessTestCaseMainPhase(CommonExecutor.java:65)
	at com.kms.katalon.core.main.TestSuiteExecutor.accessTestSuiteMainPhase(TestSuiteExecutor.java:144)
	at com.kms.katalon.core.main.TestSuiteExecutor.execute(TestSuiteExecutor.java:106)
	at com.kms.katalon.core.main.TestCaseMain.startTestSuite(TestCaseMain.java:185)
	at com.kms.katalon.core.main.TestCaseMain$startTestSuite$0.call(Unknown Source)
	at TempTestSuite1650304259606.run(TempTestSuite1650304259606.groovy:36)
)
[[ATTACHMENT|D:\\SmoketestSuite\\enfamilUS\\Reports\\20220418_232059\\SmokeTestCollection - Venkat\\SmokeTestSuite-Collection - UAT\\20220418_232059\\1650305325160.png]]

2022-04-18 23:38:45 - [TEST_STEP][FAILED] - verifyElementClickable(findTestObject("Object Repository/Form Verification/Precon Form/Page_/a_Learn more_1_2_3")): Web element with id: 'Object Repository/Form Verification/Precon Form/Page_/a_Learn more_1_2_3' located by '//div[@id='__next']/div/div/main/article/section[2]/div/div[3]/div/div[2]/div[7]/div[2]/div[2]/p[2]/a' not found (Root cause: com.kms.katalon.core.exception.StepFailedException: Web element with id: 'Object Repository/Form Verification/Precon Form/Page_/a_Learn more_1_2_3' located by '//div[@id='__next']/div/div/main/article/section[2]/div/div[3]/div/div[2]/div[7]/div[2]/div[2]/p[2]/a' not found
	at com.kms.katalon.core.webui.keyword.internal.WebUIKeywordMain.stepFailed(WebUIKeywordMain.groovy:64)
	at com.kms.katalon.core.webui.keyword.builtin.VerifyElementClickableKeyword$_verifyElementClickable_closure1.doCall(VerifyElementClickableKeyword.groovy:88)
	at com.kms.katalon.core.webui.keyword.builtin.VerifyElementClickableKeyword$_verifyElementClickable_closure1.call(VerifyElementClickableKeyword.groovy)
	at com.kms.katalon.core.webui.keyword.internal.WebUIKeywordMain.runKeyword(WebUIKeywordMain.groovy:20)
	at com.kms.katalon.core.webui.keyword.builtin.VerifyElementClickableKeyword.verifyElementClickable(VerifyElementClickableKeyword.groovy:96)
	at com.kms.katalon.core.webui.keyword.builtin.VerifyElementClickableKeyword.execute(VerifyElementClickableKeyword.groovy:67)
	at com.kms.katalon.core.keyword.internal.KeywordExecutor.executeKeywordForPlatform(KeywordExecutor.groovy:74)
	at com.kms.katalon.core.webui.keyword.WebUiBuiltInKeywords.verifyElementClickable(WebUiBuiltInKeywords.groovy:566)
	at com.kms.katalon.core.webui.keyword.WebUiBuiltInKeywords$verifyElementClickable$6.call(Unknown Source)
	at Precon - Form Verification.run(Precon - Form Verification:240)
	at com.kms.katalon.core.main.ScriptEngine.run(ScriptEngine.java:194)
	at com.kms.katalon.core.main.ScriptEngine.runScriptAsRawText(ScriptEngine.java:119)
	at com.kms.katalon.core.main.TestCaseExecutor.runScript(TestCaseExecutor.java:445)
	at com.kms.katalon.core.main.TestCaseExecutor.doExecute(TestCaseExecutor.java:436)
	at com.kms.katalon.core.main.TestCaseExecutor.processExecutionPhase(TestCaseExecutor.java:415)
	at com.kms.katalon.core.main.TestCaseExecutor.accessMainPhase(TestCaseExecutor.java:407)
	at com.kms.katalon.core.main.TestCaseExecutor.execute(TestCaseExecutor.java:284)
	at com.kms.katalon.core.common.CommonExecutor.accessTestCaseMainPhase(CommonExecutor.java:65)
	at com.kms.katalon.core.main.TestSuiteExecutor.accessTestSuiteMainPhase(TestSuiteExecutor.java:144)
	at com.kms.katalon.core.main.TestSuiteExecutor.execute(TestSuiteExecutor.java:106)
	at com.kms.katalon.core.main.TestCaseMain.startTestSuite(TestCaseMain.java:185)
	at com.kms.katalon.core.main.TestCaseMain$startTestSuite$0.call(Unknown Source)
	at TempTestSuite1650304259606.run(TempTestSuite1650304259606.groovy:36)
)

2022-04-18 23:38:51 - [MESSAGE][INFO] - Unable to find the element located by 'By.xpath: //div[@id='__next']/div/div/main/article/section[2]/div/div[3]/div/div[2]/div[7]/div[2]/div[2]/p[2]/a'. Please recheck the objects properties to make sure the desired element is located. 

2022-04-18 23:38:51 - [MESSAGE][FAILED] - Web element with id: 'Object Repository/Form Verification/Precon Form/Page_/a_Learn more_1_2_3' located by '//div[@id='__next']/div/div/main/article/section[2]/div/div[3]/div/div[2]/div[7]/div[2]/div[2]/p[2]/a' not found (Root cause: com.kms.katalon.core.exception.StepFailedException: Web element with id: 'Object Repository/Form Verification/Precon Form/Page_/a_Learn more_1_2_3' located by '//div[@id='__next']/div/div/main/article/section[2]/div/div[3]/div/div[2]/div[7]/div[2]/div[2]/p[2]/a' not found
	at com.kms.katalon.core.webui.keyword.internal.WebUIKeywordMain.stepFailed(WebUIKeywordMain.groovy:64)
	at com.kms.katalon.core.webui.keyword.builtin.VerifyElementClickableKeyword$_verifyElementClickable_closure1.doCall(VerifyElementClickableKeyword.groovy:88)
	at com.kms.katalon.core.webui.keyword.builtin.VerifyElementClickableKeyword$_verifyElementClickable_closure1.call(VerifyElementClickableKeyword.groovy)
	at com.kms.katalon.core.webui.keyword.internal.WebUIKeywordMain.runKeyword(WebUIKeywordMain.groovy:20)
	at com.kms.katalon.core.webui.keyword.builtin.VerifyElementClickableKeyword.verifyElementClickable(VerifyElementClickableKeyword.groovy:96)
	at com.kms.katalon.core.webui.keyword.builtin.VerifyElementClickableKeyword.execute(VerifyElementClickableKeyword.groovy:67)
	at com.kms.katalon.core.keyword.internal.KeywordExecutor.executeKeywordForPlatform(KeywordExecutor.groovy:74)
	at com.kms.katalon.core.webui.keyword.WebUiBuiltInKeywords.verifyElementClickable(WebUiBuiltInKeywords.groovy:566)
	at com.kms.katalon.core.webui.keyword.WebUiBuiltInKeywords$verifyElementClickable$6.call(Unknown Source)
	at Precon - Form Verification.run(Precon - Form Verification:240)
	at com.kms.katalon.core.main.ScriptEngine.run(ScriptEngine.java:194)
	at com.kms.katalon.core.main.ScriptEngine.runScriptAsRawText(ScriptEngine.java:119)
	at com.kms.katalon.core.main.TestCaseExecutor.runScript(TestCaseExecutor.java:445)
	at com.kms.katalon.core.main.TestCaseExecutor.doExecute(TestCaseExecutor.java:436)
	at com.kms.katalon.core.main.TestCaseExecutor.processExecutionPhase(TestCaseExecutor.java:415)
	at com.kms.katalon.core.main.TestCaseExecutor.accessMainPhase(TestCaseExecutor.java:407)
	at com.kms.katalon.core.main.TestCaseExecutor.execute(TestCaseExecutor.java:284)
	at com.kms.katalon.core.common.CommonExecutor.accessTestCaseMainPhase(CommonExecutor.java:65)
	at com.kms.katalon.core.main.TestSuiteExecutor.accessTestSuiteMainPhase(TestSuiteExecutor.java:144)
	at com.kms.katalon.core.main.TestSuiteExecutor.execute(TestSuiteExecutor.java:106)
	at com.kms.katalon.core.main.TestCaseMain.startTestSuite(TestCaseMain.java:185)
	at com.kms.katalon.core.main.TestCaseMain$startTestSuite$0.call(Unknown Source)
	at TempTestSuite1650304259606.run(TempTestSuite1650304259606.groovy:36)
)
[[ATTACHMENT|D:\\SmoketestSuite\\enfamilUS\\Reports\\20220418_232059\\SmokeTestCollection - Venkat\\SmokeTestSuite-Collection - UAT\\20220418_232059\\1650305331635.png]]

2022-04-18 23:38:51 - [TEST_STEP][FAILED] - verifyElementPresent(findTestObject("Object Repository/Form Verification/Precon Form/Page_/div_8. Special offersGet special gifts sent_ed0e1c"), 0): com.kms.katalon.core.webui.exception.WebElementNotFoundException: Web element with id: 'Object Repository/Form Verification/Precon Form/Page_/div_8. Special offersGet special gifts sent_ed0e1c' located by '//div[@id='__next']/div/div/main/article/section[2]/div/div[3]/div/div[2]/div[8]' not found (Root cause: com.kms.katalon.core.exception.StepFailedException: com.kms.katalon.core.webui.exception.WebElementNotFoundException: Web element with id: 'Object Repository/Form Verification/Precon Form/Page_/div_8. Special offersGet special gifts sent_ed0e1c' located by '//div[@id='__next']/div/div/main/article/section[2]/div/div[3]/div/div[2]/div[8]' not found
	at com.kms.katalon.core.webui.keyword.internal.WebUIKeywordMain.stepFailed(WebUIKeywordMain.groovy:64)
	at com.kms.katalon.core.webui.keyword.builtin.VerifyElementPresentKeyword$_verifyElementPresent_closure1.doCall(VerifyElementPresentKeyword.groovy:85)
	at com.kms.katalon.core.webui.keyword.builtin.VerifyElementPresentKeyword$_verifyElementPresent_closure1.call(VerifyElementPresentKeyword.groovy)
	at com.kms.katalon.core.webui.keyword.internal.WebUIKeywordMain.runKeyword(WebUIKeywordMain.groovy:20)
	at com.kms.katalon.core.webui.keyword.builtin.VerifyElementPresentKeyword.verifyElementPresent(VerifyElementPresentKeyword.groovy:92)
	at com.kms.katalon.core.webui.keyword.builtin.VerifyElementPresentKeyword.execute(VerifyElementPresentKeyword.groovy:68)
	at com.kms.katalon.core.keyword.internal.KeywordExecutor.executeKeywordForPlatform(KeywordExecutor.groovy:74)
	at com.kms.katalon.core.webui.keyword.WebUiBuiltInKeywords.verifyElementPresent(WebUiBuiltInKeywords.groovy:1464)
	at com.kms.katalon.core.webui.keyword.WebUiBuiltInKeywords$verifyElementPresent$4.call(Unknown Source)
	at Precon - Form Verification.run(Precon - Form Verification:242)
	at com.kms.katalon.core.main.ScriptEngine.run(ScriptEngine.java:194)
	at com.kms.katalon.core.main.ScriptEngine.runScriptAsRawText(ScriptEngine.java:119)
	at com.kms.katalon.core.main.TestCaseExecutor.runScript(TestCaseExecutor.java:445)
	at com.kms.katalon.core.main.TestCaseExecutor.doExecute(TestCaseExecutor.java:436)
	at com.kms.katalon.core.main.TestCaseExecutor.processExecutionPhase(TestCaseExecutor.java:415)
	at com.kms.katalon.core.main.TestCaseExecutor.accessMainPhase(TestCaseExecutor.java:407)
	at com.kms.katalon.core.main.TestCaseExecutor.execute(TestCaseExecutor.java:284)
	at com.kms.katalon.core.common.CommonExecutor.accessTestCaseMainPhase(CommonExecutor.java:65)
	at com.kms.katalon.core.main.TestSuiteExecutor.accessTestSuiteMainPhase(TestSuiteExecutor.java:144)
	at com.kms.katalon.core.main.TestSuiteExecutor.execute(TestSuiteExecutor.java:106)
	at com.kms.katalon.core.main.TestCaseMain.startTestSuite(TestCaseMain.java:185)
	at com.kms.katalon.core.main.TestCaseMain$startTestSuite$0.call(Unknown Source)
	at TempTestSuite1650304259606.run(TempTestSuite1650304259606.groovy:36)
)

2022-04-18 23:38:51 - [MESSAGE][WARNING] - Timeout '0' is invalid. Using default page load timeout: '5'

2022-04-18 23:38:58 - [MESSAGE][INFO] - Unable to find the element located by 'By.xpath: //div[@id='__next']/div/div/main/article/section[2]/div/div[3]/div/div[2]/div[8]'. Please recheck the objects properties to make sure the desired element is located. 

2022-04-18 23:38:58 - [MESSAGE][FAILED] - com.kms.katalon.core.webui.exception.WebElementNotFoundException: Web element with id: 'Object Repository/Form Verification/Precon Form/Page_/div_8. Special offersGet special gifts sent_ed0e1c' located by '//div[@id='__next']/div/div/main/article/section[2]/div/div[3]/div/div[2]/div[8]' not found (Root cause: com.kms.katalon.core.exception.StepFailedException: com.kms.katalon.core.webui.exception.WebElementNotFoundException: Web element with id: 'Object Repository/Form Verification/Precon Form/Page_/div_8. Special offersGet special gifts sent_ed0e1c' located by '//div[@id='__next']/div/div/main/article/section[2]/div/div[3]/div/div[2]/div[8]' not found
	at com.kms.katalon.core.webui.keyword.internal.WebUIKeywordMain.stepFailed(WebUIKeywordMain.groovy:64)
	at com.kms.katalon.core.webui.keyword.builtin.VerifyElementPresentKeyword$_verifyElementPresent_closure1.doCall(VerifyElementPresentKeyword.groovy:85)
	at com.kms.katalon.core.webui.keyword.builtin.VerifyElementPresentKeyword$_verifyElementPresent_closure1.call(VerifyElementPresentKeyword.groovy)
	at com.kms.katalon.core.webui.keyword.internal.WebUIKeywordMain.runKeyword(WebUIKeywordMain.groovy:20)
	at com.kms.katalon.core.webui.keyword.builtin.VerifyElementPresentKeyword.verifyElementPresent(VerifyElementPresentKeyword.groovy:92)
	at com.kms.katalon.core.webui.keyword.builtin.VerifyElementPresentKeyword.execute(VerifyElementPresentKeyword.groovy:68)
	at com.kms.katalon.core.keyword.internal.KeywordExecutor.executeKeywordForPlatform(KeywordExecutor.groovy:74)
	at com.kms.katalon.core.webui.keyword.WebUiBuiltInKeywords.verifyElementPresent(WebUiBuiltInKeywords.groovy:1464)
	at com.kms.katalon.core.webui.keyword.WebUiBuiltInKeywords$verifyElementPresent$4.call(Unknown Source)
	at Precon - Form Verification.run(Precon - Form Verification:242)
	at com.kms.katalon.core.main.ScriptEngine.run(ScriptEngine.java:194)
	at com.kms.katalon.core.main.ScriptEngine.runScriptAsRawText(ScriptEngine.java:119)
	at com.kms.katalon.core.main.TestCaseExecutor.runScript(TestCaseExecutor.java:445)
	at com.kms.katalon.core.main.TestCaseExecutor.doExecute(TestCaseExecutor.java:436)
	at com.kms.katalon.core.main.TestCaseExecutor.processExecutionPhase(TestCaseExecutor.java:415)
	at com.kms.katalon.core.main.TestCaseExecutor.accessMainPhase(TestCaseExecutor.java:407)
	at com.kms.katalon.core.main.TestCaseExecutor.execute(TestCaseExecutor.java:284)
	at com.kms.katalon.core.common.CommonExecutor.accessTestCaseMainPhase(CommonExecutor.java:65)
	at com.kms.katalon.core.main.TestSuiteExecutor.accessTestSuiteMainPhase(TestSuiteExecutor.java:144)
	at com.kms.katalon.core.main.TestSuiteExecutor.execute(TestSuiteExecutor.java:106)
	at com.kms.katalon.core.main.TestCaseMain.startTestSuite(TestCaseMain.java:185)
	at com.kms.katalon.core.main.TestCaseMain$startTestSuite$0.call(Unknown Source)
	at TempTestSuite1650304259606.run(TempTestSuite1650304259606.groovy:36)
)
[[ATTACHMENT|D:\\SmoketestSuite\\enfamilUS\\Reports\\20220418_232059\\SmokeTestCollection - Venkat\\SmokeTestSuite-Collection - UAT\\20220418_232059\\1650305338069.png]]

2022-04-18 23:38:58 - [TEST_STEP][FAILED] - verifyElementPresent(findTestObject("Object Repository/Form Verification/Precon Form/Page_/h4_8. Special offers"), 0): com.kms.katalon.core.webui.exception.WebElementNotFoundException: Web element with id: 'Object Repository/Form Verification/Precon Form/Page_/h4_8. Special offers' located by '//div[@id='__next']/div/div/main/article/section[2]/div/div[3]/div/div[2]/div[8]/div[2]/div/h4' not found (Root cause: com.kms.katalon.core.exception.StepFailedException: com.kms.katalon.core.webui.exception.WebElementNotFoundException: Web element with id: 'Object Repository/Form Verification/Precon Form/Page_/h4_8. Special offers' located by '//div[@id='__next']/div/div/main/article/section[2]/div/div[3]/div/div[2]/div[8]/div[2]/div/h4' not found
	at com.kms.katalon.core.webui.keyword.internal.WebUIKeywordMain.stepFailed(WebUIKeywordMain.groovy:64)
	at com.kms.katalon.core.webui.keyword.builtin.VerifyElementPresentKeyword$_verifyElementPresent_closure1.doCall(VerifyElementPresentKeyword.groovy:85)
	at com.kms.katalon.core.webui.keyword.builtin.VerifyElementPresentKeyword$_verifyElementPresent_closure1.call(VerifyElementPresentKeyword.groovy)
	at com.kms.katalon.core.webui.keyword.internal.WebUIKeywordMain.runKeyword(WebUIKeywordMain.groovy:20)
	at com.kms.katalon.core.webui.keyword.builtin.VerifyElementPresentKeyword.verifyElementPresent(VerifyElementPresentKeyword.groovy:92)
	at com.kms.katalon.core.webui.keyword.builtin.VerifyElementPresentKeyword.execute(VerifyElementPresentKeyword.groovy:68)
	at com.kms.katalon.core.keyword.internal.KeywordExecutor.executeKeywordForPlatform(KeywordExecutor.groovy:74)
	at com.kms.katalon.core.webui.keyword.WebUiBuiltInKeywords.verifyElementPresent(WebUiBuiltInKeywords.groovy:1464)
	at com.kms.katalon.core.webui.keyword.WebUiBuiltInKeywords$verifyElementPresent$4.call(Unknown Source)
	at Precon - Form Verification.run(Precon - Form Verification:245)
	at com.kms.katalon.core.main.ScriptEngine.run(ScriptEngine.java:194)
	at com.kms.katalon.core.main.ScriptEngine.runScriptAsRawText(ScriptEngine.java:119)
	at com.kms.katalon.core.main.TestCaseExecutor.runScript(TestCaseExecutor.java:445)
	at com.kms.katalon.core.main.TestCaseExecutor.doExecute(TestCaseExecutor.java:436)
	at com.kms.katalon.core.main.TestCaseExecutor.processExecutionPhase(TestCaseExecutor.java:415)
	at com.kms.katalon.core.main.TestCaseExecutor.accessMainPhase(TestCaseExecutor.java:407)
	at com.kms.katalon.core.main.TestCaseExecutor.execute(TestCaseExecutor.java:284)
	at com.kms.katalon.core.common.CommonExecutor.accessTestCaseMainPhase(CommonExecutor.java:65)
	at com.kms.katalon.core.main.TestSuiteExecutor.accessTestSuiteMainPhase(TestSuiteExecutor.java:144)
	at com.kms.katalon.core.main.TestSuiteExecutor.execute(TestSuiteExecutor.java:106)
	at com.kms.katalon.core.main.TestCaseMain.startTestSuite(TestCaseMain.java:185)
	at com.kms.katalon.core.main.TestCaseMain$startTestSuite$0.call(Unknown Source)
	at TempTestSuite1650304259606.run(TempTestSuite1650304259606.groovy:36)
)

2022-04-18 23:38:58 - [MESSAGE][WARNING] - Timeout '0' is invalid. Using default page load timeout: '5'

2022-04-18 23:39:04 - [MESSAGE][INFO] - Unable to find the element located by 'By.xpath: //div[@id='__next']/div/div/main/article/section[2]/div/div[3]/div/div[2]/div[8]/div[2]/div/h4'. Please recheck the objects properties to make sure the desired element is located. 

2022-04-18 23:39:04 - [MESSAGE][FAILED] - com.kms.katalon.core.webui.exception.WebElementNotFoundException: Web element with id: 'Object Repository/Form Verification/Precon Form/Page_/h4_8. Special offers' located by '//div[@id='__next']/div/div/main/article/section[2]/div/div[3]/div/div[2]/div[8]/div[2]/div/h4' not found (Root cause: com.kms.katalon.core.exception.StepFailedException: com.kms.katalon.core.webui.exception.WebElementNotFoundException: Web element with id: 'Object Repository/Form Verification/Precon Form/Page_/h4_8. Special offers' located by '//div[@id='__next']/div/div/main/article/section[2]/div/div[3]/div/div[2]/div[8]/div[2]/div/h4' not found
	at com.kms.katalon.core.webui.keyword.internal.WebUIKeywordMain.stepFailed(WebUIKeywordMain.groovy:64)
	at com.kms.katalon.core.webui.keyword.builtin.VerifyElementPresentKeyword$_verifyElementPresent_closure1.doCall(VerifyElementPresentKeyword.groovy:85)
	at com.kms.katalon.core.webui.keyword.builtin.VerifyElementPresentKeyword$_verifyElementPresent_closure1.call(VerifyElementPresentKeyword.groovy)
	at com.kms.katalon.core.webui.keyword.internal.WebUIKeywordMain.runKeyword(WebUIKeywordMain.groovy:20)
	at com.kms.katalon.core.webui.keyword.builtin.VerifyElementPresentKeyword.verifyElementPresent(VerifyElementPresentKeyword.groovy:92)
	at com.kms.katalon.core.webui.keyword.builtin.VerifyElementPresentKeyword.execute(VerifyElementPresentKeyword.groovy:68)
	at com.kms.katalon.core.keyword.internal.KeywordExecutor.executeKeywordForPlatform(KeywordExecutor.groovy:74)
	at com.kms.katalon.core.webui.keyword.WebUiBuiltInKeywords.verifyElementPresent(WebUiBuiltInKeywords.groovy:1464)
	at com.kms.katalon.core.webui.keyword.WebUiBuiltInKeywords$verifyElementPresent$4.call(Unknown Source)
	at Precon - Form Verification.run(Precon - Form Verification:245)
	at com.kms.katalon.core.main.ScriptEngine.run(ScriptEngine.java:194)
	at com.kms.katalon.core.main.ScriptEngine.runScriptAsRawText(ScriptEngine.java:119)
	at com.kms.katalon.core.main.TestCaseExecutor.runScript(TestCaseExecutor.java:445)
	at com.kms.katalon.core.main.TestCaseExecutor.doExecute(TestCaseExecutor.java:436)
	at com.kms.katalon.core.main.TestCaseExecutor.processExecutionPhase(TestCaseExecutor.java:415)
	at com.kms.katalon.core.main.TestCaseExecutor.accessMainPhase(TestCaseExecutor.java:407)
	at com.kms.katalon.core.main.TestCaseExecutor.execute(TestCaseExecutor.java:284)
	at com.kms.katalon.core.common.CommonExecutor.accessTestCaseMainPhase(CommonExecutor.java:65)
	at com.kms.katalon.core.main.TestSuiteExecutor.accessTestSuiteMainPhase(TestSuiteExecutor.java:144)
	at com.kms.katalon.core.main.TestSuiteExecutor.execute(TestSuiteExecutor.java:106)
	at com.kms.katalon.core.main.TestCaseMain.startTestSuite(TestCaseMain.java:185)
	at com.kms.katalon.core.main.TestCaseMain$startTestSuite$0.call(Unknown Source)
	at TempTestSuite1650304259606.run(TempTestSuite1650304259606.groovy:36)
)
[[ATTACHMENT|D:\\SmoketestSuite\\enfamilUS\\Reports\\20220418_232059\\SmokeTestCollection - Venkat\\SmokeTestSuite-Collection - UAT\\20220418_232059\\1650305344411.png]]

2022-04-18 23:39:04 - [TEST_STEP][FAILED] - verifyElementText(findTestObject("Object Repository/Form Verification/Precon Form/Page_/h4_8. Special offers"), "8. Special offers"): com.kms.katalon.core.webui.exception.WebElementNotFoundException: Web element with id: 'Object Repository/Form Verification/Precon Form/Page_/h4_8. Special offers' located by '//div[@id='__next']/div/div/main/article/section[2]/div/div[3]/div/div[2]/div[8]/div[2]/div/h4' not found (Root cause: com.kms.katalon.core.exception.StepFailedException: com.kms.katalon.core.webui.exception.WebElementNotFoundException: Web element with id: 'Object Repository/Form Verification/Precon Form/Page_/h4_8. Special offers' located by '//div[@id='__next']/div/div/main/article/section[2]/div/div[3]/div/div[2]/div[8]/div[2]/div/h4' not found
	at com.kms.katalon.core.webui.keyword.internal.WebUIKeywordMain.stepFailed(WebUIKeywordMain.groovy:64)
	at com.kms.katalon.core.webui.keyword.builtin.VerifyElementTextKeyword$_verifyElementText_closure1.doCall(VerifyElementTextKeyword.groovy:64)
	at com.kms.katalon.core.webui.keyword.builtin.VerifyElementTextKeyword$_verifyElementText_closure1.call(VerifyElementTextKeyword.groovy)
	at com.kms.katalon.core.webui.keyword.internal.WebUIKeywordMain.runKeyword(WebUIKeywordMain.groovy:20)
	at com.kms.katalon.core.webui.keyword.builtin.VerifyElementTextKeyword.verifyElementText(VerifyElementTextKeyword.groovy:72)
	at com.kms.katalon.core.webui.keyword.builtin.VerifyElementTextKeyword.execute(VerifyElementTextKeyword.groovy:40)
	at com.kms.katalon.core.keyword.internal.KeywordExecutor.executeKeywordForPlatform(KeywordExecutor.groovy:74)
	at com.kms.katalon.core.webui.keyword.WebUiBuiltInKeywords.verifyElementText(WebUiBuiltInKeywords.groovy:4749)
	at com.kms.katalon.core.webui.keyword.WebUiBuiltInKeywords$verifyElementText$5.call(Unknown Source)
	at Precon - Form Verification.run(Precon - Form Verification:248)
	at com.kms.katalon.core.main.ScriptEngine.run(ScriptEngine.java:194)
	at com.kms.katalon.core.main.ScriptEngine.runScriptAsRawText(ScriptEngine.java:119)
	at com.kms.katalon.core.main.TestCaseExecutor.runScript(TestCaseExecutor.java:445)
	at com.kms.katalon.core.main.TestCaseExecutor.doExecute(TestCaseExecutor.java:436)
	at com.kms.katalon.core.main.TestCaseExecutor.processExecutionPhase(TestCaseExecutor.java:415)
	at com.kms.katalon.core.main.TestCaseExecutor.accessMainPhase(TestCaseExecutor.java:407)
	at com.kms.katalon.core.main.TestCaseExecutor.execute(TestCaseExecutor.java:284)
	at com.kms.katalon.core.common.CommonExecutor.accessTestCaseMainPhase(CommonExecutor.java:65)
	at com.kms.katalon.core.main.TestSuiteExecutor.accessTestSuiteMainPhase(TestSuiteExecutor.java:144)
	at com.kms.katalon.core.main.TestSuiteExecutor.execute(TestSuiteExecutor.java:106)
	at com.kms.katalon.core.main.TestCaseMain.startTestSuite(TestCaseMain.java:185)
	at com.kms.katalon.core.main.TestCaseMain$startTestSuite$0.call(Unknown Source)
	at TempTestSuite1650304259606.run(TempTestSuite1650304259606.groovy:36)
)

2022-04-18 23:39:10 - [MESSAGE][INFO] - Unable to find the element located by 'By.xpath: //div[@id='__next']/div/div/main/article/section[2]/div/div[3]/div/div[2]/div[8]/div[2]/div/h4'. Please recheck the objects properties to make sure the desired element is located. 

2022-04-18 23:39:10 - [MESSAGE][FAILED] - com.kms.katalon.core.webui.exception.WebElementNotFoundException: Web element with id: 'Object Repository/Form Verification/Precon Form/Page_/h4_8. Special offers' located by '//div[@id='__next']/div/div/main/article/section[2]/div/div[3]/div/div[2]/div[8]/div[2]/div/h4' not found (Root cause: com.kms.katalon.core.exception.StepFailedException: com.kms.katalon.core.webui.exception.WebElementNotFoundException: Web element with id: 'Object Repository/Form Verification/Precon Form/Page_/h4_8. Special offers' located by '//div[@id='__next']/div/div/main/article/section[2]/div/div[3]/div/div[2]/div[8]/div[2]/div/h4' not found
	at com.kms.katalon.core.webui.keyword.internal.WebUIKeywordMain.stepFailed(WebUIKeywordMain.groovy:64)
	at com.kms.katalon.core.webui.keyword.builtin.VerifyElementTextKeyword$_verifyElementText_closure1.doCall(VerifyElementTextKeyword.groovy:64)
	at com.kms.katalon.core.webui.keyword.builtin.VerifyElementTextKeyword$_verifyElementText_closure1.call(VerifyElementTextKeyword.groovy)
	at com.kms.katalon.core.webui.keyword.internal.WebUIKeywordMain.runKeyword(WebUIKeywordMain.groovy:20)
	at com.kms.katalon.core.webui.keyword.builtin.VerifyElementTextKeyword.verifyElementText(VerifyElementTextKeyword.groovy:72)
	at com.kms.katalon.core.webui.keyword.builtin.VerifyElementTextKeyword.execute(VerifyElementTextKeyword.groovy:40)
	at com.kms.katalon.core.keyword.internal.KeywordExecutor.executeKeywordForPlatform(KeywordExecutor.groovy:74)
	at com.kms.katalon.core.webui.keyword.WebUiBuiltInKeywords.verifyElementText(WebUiBuiltInKeywords.groovy:4749)
	at com.kms.katalon.core.webui.keyword.WebUiBuiltInKeywords$verifyElementText$5.call(Unknown Source)
	at Precon - Form Verification.run(Precon - Form Verification:248)
	at com.kms.katalon.core.main.ScriptEngine.run(ScriptEngine.java:194)
	at com.kms.katalon.core.main.ScriptEngine.runScriptAsRawText(ScriptEngine.java:119)
	at com.kms.katalon.core.main.TestCaseExecutor.runScript(TestCaseExecutor.java:445)
	at com.kms.katalon.core.main.TestCaseExecutor.doExecute(TestCaseExecutor.java:436)
	at com.kms.katalon.core.main.TestCaseExecutor.processExecutionPhase(TestCaseExecutor.java:415)
	at com.kms.katalon.core.main.TestCaseExecutor.accessMainPhase(TestCaseExecutor.java:407)
	at com.kms.katalon.core.main.TestCaseExecutor.execute(TestCaseExecutor.java:284)
	at com.kms.katalon.core.common.CommonExecutor.accessTestCaseMainPhase(CommonExecutor.java:65)
	at com.kms.katalon.core.main.TestSuiteExecutor.accessTestSuiteMainPhase(TestSuiteExecutor.java:144)
	at com.kms.katalon.core.main.TestSuiteExecutor.execute(TestSuiteExecutor.java:106)
	at com.kms.katalon.core.main.TestCaseMain.startTestSuite(TestCaseMain.java:185)
	at com.kms.katalon.core.main.TestCaseMain$startTestSuite$0.call(Unknown Source)
	at TempTestSuite1650304259606.run(TempTestSuite1650304259606.groovy:36)
)
[[ATTACHMENT|D:\\SmoketestSuite\\enfamilUS\\Reports\\20220418_232059\\SmokeTestCollection - Venkat\\SmokeTestSuite-Collection - UAT\\20220418_232059\\1650305350667.png]]

2022-04-18 23:39:10 - [TEST_STEP][FAILED] - verifyElementPresent(findTestObject("Object Repository/Form Verification/Precon Form/Page_/p_Get special gifts sent to you during your_2e774d"), 0): com.kms.katalon.core.webui.exception.WebElementNotFoundException: Web element with id: 'Object Repository/Form Verification/Precon Form/Page_/p_Get special gifts sent to you during your_2e774d' located by '//div[@id='__next']/div/div/main/article/section[2]/div/div[3]/div/div[2]/div[8]/div[2]/div[2]/p' not found (Root cause: com.kms.katalon.core.exception.StepFailedException: com.kms.katalon.core.webui.exception.WebElementNotFoundException: Web element with id: 'Object Repository/Form Verification/Precon Form/Page_/p_Get special gifts sent to you during your_2e774d' located by '//div[@id='__next']/div/div/main/article/section[2]/div/div[3]/div/div[2]/div[8]/div[2]/div[2]/p' not found
	at com.kms.katalon.core.webui.keyword.internal.WebUIKeywordMain.stepFailed(WebUIKeywordMain.groovy:64)
	at com.kms.katalon.core.webui.keyword.builtin.VerifyElementPresentKeyword$_verifyElementPresent_closure1.doCall(VerifyElementPresentKeyword.groovy:85)
	at com.kms.katalon.core.webui.keyword.builtin.VerifyElementPresentKeyword$_verifyElementPresent_closure1.call(VerifyElementPresentKeyword.groovy)
	at com.kms.katalon.core.webui.keyword.internal.WebUIKeywordMain.runKeyword(WebUIKeywordMain.groovy:20)
	at com.kms.katalon.core.webui.keyword.builtin.VerifyElementPresentKeyword.verifyElementPresent(VerifyElementPresentKeyword.groovy:92)
	at com.kms.katalon.core.webui.keyword.builtin.VerifyElementPresentKeyword.execute(VerifyElementPresentKeyword.groovy:68)
	at com.kms.katalon.core.keyword.internal.KeywordExecutor.executeKeywordForPlatform(KeywordExecutor.groovy:74)
	at com.kms.katalon.core.webui.keyword.WebUiBuiltInKeywords.verifyElementPresent(WebUiBuiltInKeywords.groovy:1464)
	at com.kms.katalon.core.webui.keyword.WebUiBuiltInKeywords$verifyElementPresent$4.call(Unknown Source)
	at Precon - Form Verification.run(Precon - Form Verification:250)
	at com.kms.katalon.core.main.ScriptEngine.run(ScriptEngine.java:194)
	at com.kms.katalon.core.main.ScriptEngine.runScriptAsRawText(ScriptEngine.java:119)
	at com.kms.katalon.core.main.TestCaseExecutor.runScript(TestCaseExecutor.java:445)
	at com.kms.katalon.core.main.TestCaseExecutor.doExecute(TestCaseExecutor.java:436)
	at com.kms.katalon.core.main.TestCaseExecutor.processExecutionPhase(TestCaseExecutor.java:415)
	at com.kms.katalon.core.main.TestCaseExecutor.accessMainPhase(TestCaseExecutor.java:407)
	at com.kms.katalon.core.main.TestCaseExecutor.execute(TestCaseExecutor.java:284)
	at com.kms.katalon.core.common.CommonExecutor.accessTestCaseMainPhase(CommonExecutor.java:65)
	at com.kms.katalon.core.main.TestSuiteExecutor.accessTestSuiteMainPhase(TestSuiteExecutor.java:144)
	at com.kms.katalon.core.main.TestSuiteExecutor.execute(TestSuiteExecutor.java:106)
	at com.kms.katalon.core.main.TestCaseMain.startTestSuite(TestCaseMain.java:185)
	at com.kms.katalon.core.main.TestCaseMain$startTestSuite$0.call(Unknown Source)
	at TempTestSuite1650304259606.run(TempTestSuite1650304259606.groovy:36)
)

2022-04-18 23:39:10 - [MESSAGE][WARNING] - Timeout '0' is invalid. Using default page load timeout: '5'

2022-04-18 23:39:17 - [MESSAGE][INFO] - Unable to find the element located by 'By.xpath: //div[@id='__next']/div/div/main/article/section[2]/div/div[3]/div/div[2]/div[8]/div[2]/div[2]/p'. Please recheck the objects properties to make sure the desired element is located. 

2022-04-18 23:39:17 - [MESSAGE][FAILED] - com.kms.katalon.core.webui.exception.WebElementNotFoundException: Web element with id: 'Object Repository/Form Verification/Precon Form/Page_/p_Get special gifts sent to you during your_2e774d' located by '//div[@id='__next']/div/div/main/article/section[2]/div/div[3]/div/div[2]/div[8]/div[2]/div[2]/p' not found (Root cause: com.kms.katalon.core.exception.StepFailedException: com.kms.katalon.core.webui.exception.WebElementNotFoundException: Web element with id: 'Object Repository/Form Verification/Precon Form/Page_/p_Get special gifts sent to you during your_2e774d' located by '//div[@id='__next']/div/div/main/article/section[2]/div/div[3]/div/div[2]/div[8]/div[2]/div[2]/p' not found
	at com.kms.katalon.core.webui.keyword.internal.WebUIKeywordMain.stepFailed(WebUIKeywordMain.groovy:64)
	at com.kms.katalon.core.webui.keyword.builtin.VerifyElementPresentKeyword$_verifyElementPresent_closure1.doCall(VerifyElementPresentKeyword.groovy:85)
	at com.kms.katalon.core.webui.keyword.builtin.VerifyElementPresentKeyword$_verifyElementPresent_closure1.call(VerifyElementPresentKeyword.groovy)
	at com.kms.katalon.core.webui.keyword.internal.WebUIKeywordMain.runKeyword(WebUIKeywordMain.groovy:20)
	at com.kms.katalon.core.webui.keyword.builtin.VerifyElementPresentKeyword.verifyElementPresent(VerifyElementPresentKeyword.groovy:92)
	at com.kms.katalon.core.webui.keyword.builtin.VerifyElementPresentKeyword.execute(VerifyElementPresentKeyword.groovy:68)
	at com.kms.katalon.core.keyword.internal.KeywordExecutor.executeKeywordForPlatform(KeywordExecutor.groovy:74)
	at com.kms.katalon.core.webui.keyword.WebUiBuiltInKeywords.verifyElementPresent(WebUiBuiltInKeywords.groovy:1464)
	at com.kms.katalon.core.webui.keyword.WebUiBuiltInKeywords$verifyElementPresent$4.call(Unknown Source)
	at Precon - Form Verification.run(Precon - Form Verification:250)
	at com.kms.katalon.core.main.ScriptEngine.run(ScriptEngine.java:194)
	at com.kms.katalon.core.main.ScriptEngine.runScriptAsRawText(ScriptEngine.java:119)
	at com.kms.katalon.core.main.TestCaseExecutor.runScript(TestCaseExecutor.java:445)
	at com.kms.katalon.core.main.TestCaseExecutor.doExecute(TestCaseExecutor.java:436)
	at com.kms.katalon.core.main.TestCaseExecutor.processExecutionPhase(TestCaseExecutor.java:415)
	at com.kms.katalon.core.main.TestCaseExecutor.accessMainPhase(TestCaseExecutor.java:407)
	at com.kms.katalon.core.main.TestCaseExecutor.execute(TestCaseExecutor.java:284)
	at com.kms.katalon.core.common.CommonExecutor.accessTestCaseMainPhase(CommonExecutor.java:65)
	at com.kms.katalon.core.main.TestSuiteExecutor.accessTestSuiteMainPhase(TestSuiteExecutor.java:144)
	at com.kms.katalon.core.main.TestSuiteExecutor.execute(TestSuiteExecutor.java:106)
	at com.kms.katalon.core.main.TestCaseMain.startTestSuite(TestCaseMain.java:185)
	at com.kms.katalon.core.main.TestCaseMain$startTestSuite$0.call(Unknown Source)
	at TempTestSuite1650304259606.run(TempTestSuite1650304259606.groovy:36)
)
[[ATTACHMENT|D:\\SmoketestSuite\\enfamilUS\\Reports\\20220418_232059\\SmokeTestCollection - Venkat\\SmokeTestSuite-Collection - UAT\\20220418_232059\\1650305357248.png]]

2022-04-18 23:39:17 - [TEST_STEP][FAILED] - verifyElementText(findTestObject("Object Repository/Form Verification/Precon Form/Page_/p_Get special gifts sent to you during your_2e774d"), "Get special gifts sent to you during your membership, including rebates on birth announcements and more, and other special discounts from our partners."): com.kms.katalon.core.webui.exception.WebElementNotFoundException: Web element with id: 'Object Repository/Form Verification/Precon Form/Page_/p_Get special gifts sent to you during your_2e774d' located by '//div[@id='__next']/div/div/main/article/section[2]/div/div[3]/div/div[2]/div[8]/div[2]/div[2]/p' not found (Root cause: com.kms.katalon.core.exception.StepFailedException: com.kms.katalon.core.webui.exception.WebElementNotFoundException: Web element with id: 'Object Repository/Form Verification/Precon Form/Page_/p_Get special gifts sent to you during your_2e774d' located by '//div[@id='__next']/div/div/main/article/section[2]/div/div[3]/div/div[2]/div[8]/div[2]/div[2]/p' not found
	at com.kms.katalon.core.webui.keyword.internal.WebUIKeywordMain.stepFailed(WebUIKeywordMain.groovy:64)
	at com.kms.katalon.core.webui.keyword.builtin.VerifyElementTextKeyword$_verifyElementText_closure1.doCall(VerifyElementTextKeyword.groovy:64)
	at com.kms.katalon.core.webui.keyword.builtin.VerifyElementTextKeyword$_verifyElementText_closure1.call(VerifyElementTextKeyword.groovy)
	at com.kms.katalon.core.webui.keyword.internal.WebUIKeywordMain.runKeyword(WebUIKeywordMain.groovy:20)
	at com.kms.katalon.core.webui.keyword.builtin.VerifyElementTextKeyword.verifyElementText(VerifyElementTextKeyword.groovy:72)
	at com.kms.katalon.core.webui.keyword.builtin.VerifyElementTextKeyword.execute(VerifyElementTextKeyword.groovy:40)
	at com.kms.katalon.core.keyword.internal.KeywordExecutor.executeKeywordForPlatform(KeywordExecutor.groovy:74)
	at com.kms.katalon.core.webui.keyword.WebUiBuiltInKeywords.verifyElementText(WebUiBuiltInKeywords.groovy:4749)
	at com.kms.katalon.core.webui.keyword.WebUiBuiltInKeywords$verifyElementText$5.call(Unknown Source)
	at Precon - Form Verification.run(Precon - Form Verification:253)
	at com.kms.katalon.core.main.ScriptEngine.run(ScriptEngine.java:194)
	at com.kms.katalon.core.main.ScriptEngine.runScriptAsRawText(ScriptEngine.java:119)
	at com.kms.katalon.core.main.TestCaseExecutor.runScript(TestCaseExecutor.java:445)
	at com.kms.katalon.core.main.TestCaseExecutor.doExecute(TestCaseExecutor.java:436)
	at com.kms.katalon.core.main.TestCaseExecutor.processExecutionPhase(TestCaseExecutor.java:415)
	at com.kms.katalon.core.main.TestCaseExecutor.accessMainPhase(TestCaseExecutor.java:407)
	at com.kms.katalon.core.main.TestCaseExecutor.execute(TestCaseExecutor.java:284)
	at com.kms.katalon.core.common.CommonExecutor.accessTestCaseMainPhase(CommonExecutor.java:65)
	at com.kms.katalon.core.main.TestSuiteExecutor.accessTestSuiteMainPhase(TestSuiteExecutor.java:144)
	at com.kms.katalon.core.main.TestSuiteExecutor.execute(TestSuiteExecutor.java:106)
	at com.kms.katalon.core.main.TestCaseMain.startTestSuite(TestCaseMain.java:185)
	at com.kms.katalon.core.main.TestCaseMain$startTestSuite$0.call(Unknown Source)
	at TempTestSuite1650304259606.run(TempTestSuite1650304259606.groovy:36)
)

2022-04-18 23:39:23 - [MESSAGE][INFO] - Unable to find the element located by 'By.xpath: //div[@id='__next']/div/div/main/article/section[2]/div/div[3]/div/div[2]/div[8]/div[2]/div[2]/p'. Please recheck the objects properties to make sure the desired element is located. 

2022-04-18 23:39:23 - [MESSAGE][FAILED] - com.kms.katalon.core.webui.exception.WebElementNotFoundException: Web element with id: 'Object Repository/Form Verification/Precon Form/Page_/p_Get special gifts sent to you during your_2e774d' located by '//div[@id='__next']/div/div/main/article/section[2]/div/div[3]/div/div[2]/div[8]/div[2]/div[2]/p' not found (Root cause: com.kms.katalon.core.exception.StepFailedException: com.kms.katalon.core.webui.exception.WebElementNotFoundException: Web element with id: 'Object Repository/Form Verification/Precon Form/Page_/p_Get special gifts sent to you during your_2e774d' located by '//div[@id='__next']/div/div/main/article/section[2]/div/div[3]/div/div[2]/div[8]/div[2]/div[2]/p' not found
	at com.kms.katalon.core.webui.keyword.internal.WebUIKeywordMain.stepFailed(WebUIKeywordMain.groovy:64)
	at com.kms.katalon.core.webui.keyword.builtin.VerifyElementTextKeyword$_verifyElementText_closure1.doCall(VerifyElementTextKeyword.groovy:64)
	at com.kms.katalon.core.webui.keyword.builtin.VerifyElementTextKeyword$_verifyElementText_closure1.call(VerifyElementTextKeyword.groovy)
	at com.kms.katalon.core.webui.keyword.internal.WebUIKeywordMain.runKeyword(WebUIKeywordMain.groovy:20)
	at com.kms.katalon.core.webui.keyword.builtin.VerifyElementTextKeyword.verifyElementText(VerifyElementTextKeyword.groovy:72)
	at com.kms.katalon.core.webui.keyword.builtin.VerifyElementTextKeyword.execute(VerifyElementTextKeyword.groovy:40)
	at com.kms.katalon.core.keyword.internal.KeywordExecutor.executeKeywordForPlatform(KeywordExecutor.groovy:74)
	at com.kms.katalon.core.webui.keyword.WebUiBuiltInKeywords.verifyElementText(WebUiBuiltInKeywords.groovy:4749)
	at com.kms.katalon.core.webui.keyword.WebUiBuiltInKeywords$verifyElementText$5.call(Unknown Source)
	at Precon - Form Verification.run(Precon - Form Verification:253)
	at com.kms.katalon.core.main.ScriptEngine.run(ScriptEngine.java:194)
	at com.kms.katalon.core.main.ScriptEngine.runScriptAsRawText(ScriptEngine.java:119)
	at com.kms.katalon.core.main.TestCaseExecutor.runScript(TestCaseExecutor.java:445)
	at com.kms.katalon.core.main.TestCaseExecutor.doExecute(TestCaseExecutor.java:436)
	at com.kms.katalon.core.main.TestCaseExecutor.processExecutionPhase(TestCaseExecutor.java:415)
	at com.kms.katalon.core.main.TestCaseExecutor.accessMainPhase(TestCaseExecutor.java:407)
	at com.kms.katalon.core.main.TestCaseExecutor.execute(TestCaseExecutor.java:284)
	at com.kms.katalon.core.common.CommonExecutor.accessTestCaseMainPhase(CommonExecutor.java:65)
	at com.kms.katalon.core.main.TestSuiteExecutor.accessTestSuiteMainPhase(TestSuiteExecutor.java:144)
	at com.kms.katalon.core.main.TestSuiteExecutor.execute(TestSuiteExecutor.java:106)
	at com.kms.katalon.core.main.TestCaseMain.startTestSuite(TestCaseMain.java:185)
	at com.kms.katalon.core.main.TestCaseMain$startTestSuite$0.call(Unknown Source)
	at TempTestSuite1650304259606.run(TempTestSuite1650304259606.groovy:36)
)
[[ATTACHMENT|D:\\SmoketestSuite\\enfamilUS\\Reports\\20220418_232059\\SmokeTestCollection - Venkat\\SmokeTestSuite-Collection - UAT\\20220418_232059\\1650305363706.png]]

2022-04-18 23:39:23 - [TEST_STEP][PASSED] - verifyElementPresent(findTestObject("Object Repository/Form Verification/Precon Form/Page_/p_1. Every motherhood journey is unique, so_de9b3b"), 0): Object 'Object Repository/Form Verification/Precon Form/Page_/p_1. Every motherhood journey is unique, so_de9b3b' is present

2022-04-18 23:39:24 - [MESSAGE][WARNING] - Timeout '0' is invalid. Using default page load timeout: '5'

2022-04-18 23:39:24 - [MESSAGE][PASSED] - Object 'Object Repository/Form Verification/Precon Form/Page_/p_1. Every motherhood journey is unique, so_de9b3b' is present

2022-04-18 23:39:24 - [TEST_STEP][PASSED] - verifyElementText(findTestObject("Object Repository/Form Verification/Precon Form/Page_/p_1. Every motherhood journey is unique, so_de9b3b"), "1. Every motherhood journey is unique, so your Enfamil Family Beginnings experience is tailored to the information you provide and may vary from what another mom might experience. If you have questions about the program or would like more detail, our Family of Experts can help at 1-800-BABY123 between 7am-7pm CST M-F; 8am-4:30pm Sat."): Actual text and expected text of test object 'Object Repository/Form Verification/Precon Form/Page_/p_1. Every motherhood journey is unique, so_de9b3b' are matched.

2022-04-18 23:39:24 - [MESSAGE][PASSED] - Actual text and expected text of test object 'Object Repository/Form Verification/Precon Form/Page_/p_1. Every motherhood journey is unique, so_de9b3b' are matched.

2022-04-18 23:39:24 - [TEST_STEP][PASSED] - verifyElementPresent(findTestObject("Object Repository/Form Verification/Precon Form/Page_/p_2. NO PURCHASE OR PAYMENT NECESSARY TO EN_a80952"), 0): Object 'Object Repository/Form Verification/Precon Form/Page_/p_2. NO PURCHASE OR PAYMENT NECESSARY TO EN_a80952' is present

2022-04-18 23:39:24 - [MESSAGE][WARNING] - Timeout '0' is invalid. Using default page load timeout: '5'

2022-04-18 23:39:25 - [MESSAGE][PASSED] - Object 'Object Repository/Form Verification/Precon Form/Page_/p_2. NO PURCHASE OR PAYMENT NECESSARY TO EN_a80952' is present

2022-04-18 23:39:25 - [TEST_STEP][PASSED] - verifyElementText(findTestObject("Object Repository/Form Verification/Precon Form/Page_/p_2. NO PURCHASE OR PAYMENT NECESSARY TO EN_a80952"), "2. NO PURCHASE OR PAYMENT NECESSARY TO ENTER OR WIN. A purchase will not increase your chances of winning. Open to legal U.S. residents 18 and older. Void where prohibited. Promotion ends on December 31, 2020. Odds of winning depend on the total number of eligible entries received. For full Official Rules click here. Sponsor: Mead Johnson & Co., LLC, 2400 West Lloyd Expressway, Evansville, IN 47721."): Actual text and expected text of test object 'Object Repository/Form Verification/Precon Form/Page_/p_2. NO PURCHASE OR PAYMENT NECESSARY TO EN_a80952' are matched.

2022-04-18 23:39:25 - [MESSAGE][PASSED] - Actual text and expected text of test object 'Object Repository/Form Verification/Precon Form/Page_/p_2. NO PURCHASE OR PAYMENT NECESSARY TO EN_a80952' are matched.

2022-04-18 23:39:25 - [TEST_STEP][PASSED] - verifyElementPresent(findTestObject("Object Repository/Form Verification/Precon Form/Page_/p_3. Only the latest printing of Enfamil Fa_86aa15"), 0): Object 'Object Repository/Form Verification/Precon Form/Page_/p_3. Only the latest printing of Enfamil Fa_86aa15' is present

2022-04-18 23:39:25 - [MESSAGE][WARNING] - Timeout '0' is invalid. Using default page load timeout: '5'

2022-04-18 23:39:25 - [MESSAGE][PASSED] - Object 'Object Repository/Form Verification/Precon Form/Page_/p_3. Only the latest printing of Enfamil Fa_86aa15' is present

2022-04-18 23:39:25 - [TEST_STEP][PASSED] - verifyElementText(findTestObject("Object Repository/Form Verification/Precon Form/Page_/p_3. Only the latest printing of Enfamil Fa_86aa15"), "3. Only the latest printing of Enfamil Family BeginningsÂ® checks include unique codes that are redeemable online in the EnfamilÂ® Shop. All checks are still valid in select retail stores until the posted expiration date. Refer to your personalized checks for redemption details."): Actual text and expected text of test object 'Object Repository/Form Verification/Precon Form/Page_/p_3. Only the latest printing of Enfamil Fa_86aa15' are matched.

2022-04-18 23:39:26 - [MESSAGE][PASSED] - Actual text and expected text of test object 'Object Repository/Form Verification/Precon Form/Page_/p_3. Only the latest printing of Enfamil Fa_86aa15' are matched.

2022-04-18 23:39:26 - [TEST_STEP][PASSED] - closeBrowser(): Browser is closed

2022-04-18 23:39:27 - [MESSAGE][PASSED] - Browser is closed]]></system-out>
         <system-err><![CDATA[2022-04-18 23:33:16 - [TEST_CASE][FAILED] - Test Cases/Venkat/Forms Verification/Precon - Form Verification: Test Cases/Venkat/Forms Verification/Precon - Form Verification FAILED.
Reason:
com.kms.katalon.core.exception.StepFailedException: com.kms.katalon.core.webui.exception.WebElementNotFoundException: Web element with id: 'Object Repository/Form Verification/Precon Form/Page_/div_Select one' located by '//div[@id='dcfb004e-7d4f-446f-9b9a-ae565fa3bd86']/div/div/div' not found (Root cause: com.kms.katalon.core.exception.StepFailedException: com.kms.katalon.core.webui.exception.WebElementNotFoundException: Web element with id: 'Object Repository/Form Verification/Precon Form/Page_/div_Select one' located by '//div[@id='dcfb004e-7d4f-446f-9b9a-ae565fa3bd86']/div/div/div' not found
	at com.kms.katalon.core.webui.keyword.internal.WebUIKeywordMain.stepFailed(WebUIKeywordMain.groovy:64)
	at com.kms.katalon.core.webui.keyword.builtin.VerifyElementPresentKeyword$_verifyElementPresent_closure1.doCall(VerifyElementPresentKeyword.groovy:85)
	at com.kms.katalon.core.webui.keyword.builtin.VerifyElementPresentKeyword$_verifyElementPresent_closure1.call(VerifyElementPresentKeyword.groovy)
	at com.kms.katalon.core.webui.keyword.internal.WebUIKeywordMain.runKeyword(WebUIKeywordMain.groovy:20)
	at com.kms.katalon.core.webui.keyword.builtin.VerifyElementPresentKeyword.verifyElementPresent(VerifyElementPresentKeyword.groovy:92)
	at com.kms.katalon.core.webui.keyword.builtin.VerifyElementPresentKeyword.execute(VerifyElementPresentKeyword.groovy:68)
	at com.kms.katalon.core.keyword.internal.KeywordExecutor.executeKeywordForPlatform(KeywordExecutor.groovy:74)
	at com.kms.katalon.core.webui.keyword.WebUiBuiltInKeywords.verifyElementPresent(WebUiBuiltInKeywords.groovy:1464)
	at com.kms.katalon.core.webui.keyword.WebUiBuiltInKeywords$verifyElementPresent$4.call(Unknown Source)
	at Precon - Form Verification.run(Precon - Form Verification:69)
	at com.kms.katalon.core.main.ScriptEngine.run(ScriptEngine.java:194)
	at com.kms.katalon.core.main.ScriptEngine.runScriptAsRawText(ScriptEngine.java:119)
	at com.kms.katalon.core.main.TestCaseExecutor.runScript(TestCaseExecutor.java:445)
	at com.kms.katalon.core.main.TestCaseExecutor.doExecute(TestCaseExecutor.java:436)
	at com.kms.katalon.core.main.TestCaseExecutor.processExecutionPhase(TestCaseExecutor.java:415)
	at com.kms.katalon.core.main.TestCaseExecutor.accessMainPhase(TestCaseExecutor.java:407)
	at com.kms.katalon.core.main.TestCaseExecutor.execute(TestCaseExecutor.java:284)
	at com.kms.katalon.core.common.CommonExecutor.accessTestCaseMainPhase(CommonExecutor.java:65)
	at com.kms.katalon.core.main.TestSuiteExecutor.accessTestSuiteMainPhase(TestSuiteExecutor.java:144)
	at com.kms.katalon.core.main.TestSuiteExecutor.execute(TestSuiteExecutor.java:106)
	at com.kms.katalon.core.main.TestCaseMain.startTestSuite(TestCaseMain.java:185)
	at com.kms.katalon.core.main.TestCaseMain$startTestSuite$0.call(Unknown Source)
	at TempTestSuite1650304259606.run(TempTestSuite1650304259606.groovy:36)
)
	at com.kms.katalon.core.keyword.internal.KeywordMain.stepFailed(KeywordMain.groovy:39)
	at com.kms.katalon.core.webui.keyword.internal.WebUIKeywordMain.stepFailed(WebUIKeywordMain.groovy:64)
	at com.kms.katalon.core.webui.keyword.builtin.VerifyElementPresentKeyword$_verifyElementPresent_closure1.doCall(VerifyElementPresentKeyword.groovy:85)
	at com.kms.katalon.core.webui.keyword.builtin.VerifyElementPresentKeyword$_verifyElementPresent_closure1.call(VerifyElementPresentKeyword.groovy)
	at com.kms.katalon.core.webui.keyword.internal.WebUIKeywordMain.runKeyword(WebUIKeywordMain.groovy:20)
	at com.kms.katalon.core.webui.keyword.builtin.VerifyElementPresentKeyword.verifyElementPresent(VerifyElementPresentKeyword.groovy:92)
	at com.kms.katalon.core.webui.keyword.builtin.VerifyElementPresentKeyword.execute(VerifyElementPresentKeyword.groovy:68)
	at com.kms.katalon.core.keyword.internal.KeywordExecutor.executeKeywordForPlatform(KeywordExecutor.groovy:74)
	at com.kms.katalon.core.webui.keyword.WebUiBuiltInKeywords.verifyElementPresent(WebUiBuiltInKeywords.groovy:1464)
	at com.kms.katalon.core.webui.keyword.WebUiBuiltInKeywords$verifyElementPresent$4.call(Unknown Source)
	at Precon - Form Verification.run(Precon - Form Verification:69)
	at com.kms.katalon.core.main.ScriptEngine.run(ScriptEngine.java:194)
	at com.kms.katalon.core.main.ScriptEngine.runScriptAsRawText(ScriptEngine.java:119)
	at com.kms.katalon.core.main.TestCaseExecutor.runScript(TestCaseExecutor.java:445)
	at com.kms.katalon.core.main.TestCaseExecutor.doExecute(TestCaseExecutor.java:436)
	at com.kms.katalon.core.main.TestCaseExecutor.processExecutionPhase(TestCaseExecutor.java:415)
	at com.kms.katalon.core.main.TestCaseExecutor.accessMainPhase(TestCaseExecutor.java:407)
	at com.kms.katalon.core.main.TestCaseExecutor.execute(TestCaseExecutor.java:284)
	at com.kms.katalon.core.common.CommonExecutor.accessTestCaseMainPhase(CommonExecutor.java:65)
	at com.kms.katalon.core.main.TestSuiteExecutor.accessTestSuiteMainPhase(TestSuiteExecutor.java:144)
	at com.kms.katalon.core.main.TestSuiteExecutor.execute(TestSuiteExecutor.java:106)
	at com.kms.katalon.core.main.TestCaseMain.startTestSuite(TestCaseMain.java:185)
	at com.kms.katalon.core.main.TestCaseMain$startTestSuite$0.call(Unknown Source)
	at TempTestSuite1650304259606.run(TempTestSuite1650304259606.groovy:36)
Caused by: com.kms.katalon.core.exception.StepFailedException: com.kms.katalon.core.webui.exception.WebElementNotFoundException: Web element with id: 'Object Repository/Form Verification/Precon Form/Page_/div_Select one' located by '//div[@id='dcfb004e-7d4f-446f-9b9a-ae565fa3bd86']/div/div/div' not found
	... 23 more]]></system-err>
      </testcase>
      <testcase name="Test Cases/Venkat/Forms Verification/Premium - short form Verification - UAT" time="90.887" classname="Test Cases/Venkat/Forms Verification/Premium - short form Verification - UAT" status="FAILED">
         <failure type="FAILED" message="Test Cases/Venkat/Forms Verification/Premium - short form Verification - UAT FAILED.
Reason:
com.kms.katalon.core.exception.StepFailedException: Actual text 'For just $39.99 get $700 in value, including a welcome gift of Enfamil products, coupons, exclusive partner offers and so much more!' and expected text 'Join Premium for $39.99 and get guaranteed $700 in value including these exclusive benefits:' of test object 'Object Repository/Form Verification/Premium short form/Page_Premium Enfamil Family Beginnings/h2_Join Premium for 39.99 and get guarantee_e921a3' are NOT matched. (Root cause: com.kms.katalon.core.exception.StepFailedException: Actual text 'For just $39.99 get $700 in value, including a welcome gift of Enfamil products, coupons, exclusive partner offers and so much more!' and expected text 'Join Premium for $39.99 and get guaranteed $700 in value including these exclusive benefits:' of test object 'Object Repository/Form Verification/Premium short form/Page_Premium Enfamil Family Beginnings/h2_Join Premium for 39.99 and get guarantee_e921a3' are NOT matched.
	at com.kms.katalon.core.webui.keyword.internal.WebUIKeywordMain.stepFailed(WebUIKeywordMain.groovy:64)
	at com.kms.katalon.core.webui.keyword.builtin.VerifyElementTextKeyword$_verifyElementText_closure1.doCall(VerifyElementTextKeyword.groovy:57)
	at com.kms.katalon.core.webui.keyword.builtin.VerifyElementTextKeyword$_verifyElementText_closure1.call(VerifyElementTextKeyword.groovy)
	at com.kms.katalon.core.webui.keyword.internal.WebUIKeywordMain.runKeyword(WebUIKeywordMain.groovy:20)
	at com.kms.katalon.core.webui.keyword.builtin.VerifyElementTextKeyword.verifyElementText(VerifyElementTextKeyword.groovy:72)
	at com.kms.katalon.core.webui.keyword.builtin.VerifyElementTextKeyword.execute(VerifyElementTextKeyword.groovy:40)
	at com.kms.katalon.core.keyword.internal.KeywordExecutor.executeKeywordForPlatform(KeywordExecutor.groovy:74)
	at com.kms.katalon.core.webui.keyword.WebUiBuiltInKeywords.verifyElementText(WebUiBuiltInKeywords.groovy:4749)
	at com.kms.katalon.core.webui.keyword.WebUiBuiltInKeywords$verifyElementText$5.call(Unknown Source)
	at Premium - short form Verification - UAT.run(Premium - short form Verification - UAT:65)
	at com.kms.katalon.core.main.ScriptEngine.run(ScriptEngine.java:194)
	at com.kms.katalon.core.main.ScriptEngine.runScriptAsRawText(ScriptEngine.java:119)
	at com.kms.katalon.core.main.TestCaseExecutor.runScript(TestCaseExecutor.java:445)
	at com.kms.katalon.core.main.TestCaseExecutor.doExecute(TestCaseExecutor.java:436)
	at com.kms.katalon.core.main.TestCaseExecutor.processExecutionPhase(TestCaseExecutor.java:415)
	at com.kms.katalon.core.main.TestCaseExecutor.accessMainPhase(TestCaseExecutor.java:407)
	at com.kms.katalon.core.main.TestCaseExecutor.execute(TestCaseExecutor.java:284)
	at com.kms.katalon.core.common.CommonExecutor.accessTestCaseMainPhase(CommonExecutor.java:65)
	at com.kms.katalon.core.main.TestSuiteExecutor.accessTestSuiteMainPhase(TestSuiteExecutor.java:144)
	at com.kms.katalon.core.main.TestSuiteExecutor.execute(TestSuiteExecutor.java:106)
	at com.kms.katalon.core.main.TestCaseMain.startTestSuite(TestCaseMain.java:185)
	at com.kms.katalon.core.main.TestCaseMain$startTestSuite$0.call(Unknown Source)
	at TempTestSuite1650304259606.run(TempTestSuite1650304259606.groovy:36)
)
	at com.kms.katalon.core.keyword.internal.KeywordMain.stepFailed(KeywordMain.groovy:39)
	at com.kms.katalon.core.webui.keyword.internal.WebUIKeywordMain.stepFailed(WebUIKeywordMain.groovy:64)
	at com.kms.katalon.core.webui.keyword.builtin.VerifyElementTextKeyword$_verifyElementText_closure1.doCall(VerifyElementTextKeyword.groovy:57)
	at com.kms.katalon.core.webui.keyword.builtin.VerifyElementTextKeyword$_verifyElementText_closure1.call(VerifyElementTextKeyword.groovy)
	at com.kms.katalon.core.webui.keyword.internal.WebUIKeywordMain.runKeyword(WebUIKeywordMain.groovy:20)
	at com.kms.katalon.core.webui.keyword.builtin.VerifyElementTextKeyword.verifyElementText(VerifyElementTextKeyword.groovy:72)
	at com.kms.katalon.core.webui.keyword.builtin.VerifyElementTextKeyword.execute(VerifyElementTextKeyword.groovy:40)
	at com.kms.katalon.core.keyword.internal.KeywordExecutor.executeKeywordForPlatform(KeywordExecutor.groovy:74)
	at com.kms.katalon.core.webui.keyword.WebUiBuiltInKeywords.verifyElementText(WebUiBuiltInKeywords.groovy:4749)
	at com.kms.katalon.core.webui.keyword.WebUiBuiltInKeywords$verifyElementText$5.call(Unknown Source)
	at Premium - short form Verification - UAT.run(Premium - short form Verification - UAT:65)
	at com.kms.katalon.core.main.ScriptEngine.run(ScriptEngine.java:194)
	at com.kms.katalon.core.main.ScriptEngine.runScriptAsRawText(ScriptEngine.java:119)
	at com.kms.katalon.core.main.TestCaseExecutor.runScript(TestCaseExecutor.java:445)
	at com.kms.katalon.core.main.TestCaseExecutor.doExecute(TestCaseExecutor.java:436)
	at com.kms.katalon.core.main.TestCaseExecutor.processExecutionPhase(TestCaseExecutor.java:415)
	at com.kms.katalon.core.main.TestCaseExecutor.accessMainPhase(TestCaseExecutor.java:407)
	at com.kms.katalon.core.main.TestCaseExecutor.execute(TestCaseExecutor.java:284)
	at com.kms.katalon.core.common.CommonExecutor.accessTestCaseMainPhase(CommonExecutor.java:65)
	at com.kms.katalon.core.main.TestSuiteExecutor.accessTestSuiteMainPhase(TestSuiteExecutor.java:144)
	at com.kms.katalon.core.main.TestSuiteExecutor.execute(TestSuiteExecutor.java:106)
	at com.kms.katalon.core.main.TestCaseMain.startTestSuite(TestCaseMain.java:185)
	at com.kms.katalon.core.main.TestCaseMain$startTestSuite$0.call(Unknown Source)
	at TempTestSuite1650304259606.run(TempTestSuite1650304259606.groovy:36)
Caused by: com.kms.katalon.core.exception.StepFailedException: Actual text 'For just $39.99 get $700 in value, including a welcome gift of Enfamil products, coupons, exclusive partner offers and so much more!' and expected text 'Join Premium for $39.99 and get guaranteed $700 in value including these exclusive benefits:' of test object 'Object Repository/Form Verification/Premium short form/Page_Premium Enfamil Family Beginnings/h2_Join Premium for 39.99 and get guarantee_e921a3' are NOT matched.
	... 23 more
"/>
         <system-out><![CDATA[2022-04-18 23:39:27 - [TEST_CASE][FAILED] - Test Cases/Venkat/Forms Verification/Premium - short form Verification - UAT: Test Cases/Venkat/Forms Verification/Premium - short form Verification - UAT FAILED.
Reason:
com.kms.katalon.core.exception.StepFailedException: Actual text 'For just $39.99 get $700 in value, including a welcome gift of Enfamil products, coupons, exclusive partner offers and so much more!' and expected text 'Join Premium for $39.99 and get guaranteed $700 in value including these exclusive benefits:' of test object 'Object Repository/Form Verification/Premium short form/Page_Premium Enfamil Family Beginnings/h2_Join Premium for 39.99 and get guarantee_e921a3' are NOT matched. (Root cause: com.kms.katalon.core.exception.StepFailedException: Actual text 'For just $39.99 get $700 in value, including a welcome gift of Enfamil products, coupons, exclusive partner offers and so much more!' and expected text 'Join Premium for $39.99 and get guaranteed $700 in value including these exclusive benefits:' of test object 'Object Repository/Form Verification/Premium short form/Page_Premium Enfamil Family Beginnings/h2_Join Premium for 39.99 and get guarantee_e921a3' are NOT matched.
	at com.kms.katalon.core.webui.keyword.internal.WebUIKeywordMain.stepFailed(WebUIKeywordMain.groovy:64)
	at com.kms.katalon.core.webui.keyword.builtin.VerifyElementTextKeyword$_verifyElementText_closure1.doCall(VerifyElementTextKeyword.groovy:57)
	at com.kms.katalon.core.webui.keyword.builtin.VerifyElementTextKeyword$_verifyElementText_closure1.call(VerifyElementTextKeyword.groovy)
	at com.kms.katalon.core.webui.keyword.internal.WebUIKeywordMain.runKeyword(WebUIKeywordMain.groovy:20)
	at com.kms.katalon.core.webui.keyword.builtin.VerifyElementTextKeyword.verifyElementText(VerifyElementTextKeyword.groovy:72)
	at com.kms.katalon.core.webui.keyword.builtin.VerifyElementTextKeyword.execute(VerifyElementTextKeyword.groovy:40)
	at com.kms.katalon.core.keyword.internal.KeywordExecutor.executeKeywordForPlatform(KeywordExecutor.groovy:74)
	at com.kms.katalon.core.webui.keyword.WebUiBuiltInKeywords.verifyElementText(WebUiBuiltInKeywords.groovy:4749)
	at com.kms.katalon.core.webui.keyword.WebUiBuiltInKeywords$verifyElementText$5.call(Unknown Source)
	at Premium - short form Verification - UAT.run(Premium - short form Verification - UAT:65)
	at com.kms.katalon.core.main.ScriptEngine.run(ScriptEngine.java:194)
	at com.kms.katalon.core.main.ScriptEngine.runScriptAsRawText(ScriptEngine.java:119)
	at com.kms.katalon.core.main.TestCaseExecutor.runScript(TestCaseExecutor.java:445)
	at com.kms.katalon.core.main.TestCaseExecutor.doExecute(TestCaseExecutor.java:436)
	at com.kms.katalon.core.main.TestCaseExecutor.processExecutionPhase(TestCaseExecutor.java:415)
	at com.kms.katalon.core.main.TestCaseExecutor.accessMainPhase(TestCaseExecutor.java:407)
	at com.kms.katalon.core.main.TestCaseExecutor.execute(TestCaseExecutor.java:284)
	at com.kms.katalon.core.common.CommonExecutor.accessTestCaseMainPhase(CommonExecutor.java:65)
	at com.kms.katalon.core.main.TestSuiteExecutor.accessTestSuiteMainPhase(TestSuiteExecutor.java:144)
	at com.kms.katalon.core.main.TestSuiteExecutor.execute(TestSuiteExecutor.java:106)
	at com.kms.katalon.core.main.TestCaseMain.startTestSuite(TestCaseMain.java:185)
	at com.kms.katalon.core.main.TestCaseMain$startTestSuite$0.call(Unknown Source)
	at TempTestSuite1650304259606.run(TempTestSuite1650304259606.groovy:36)
)
	at com.kms.katalon.core.keyword.internal.KeywordMain.stepFailed(KeywordMain.groovy:39)
	at com.kms.katalon.core.webui.keyword.internal.WebUIKeywordMain.stepFailed(WebUIKeywordMain.groovy:64)
	at com.kms.katalon.core.webui.keyword.builtin.VerifyElementTextKeyword$_verifyElementText_closure1.doCall(VerifyElementTextKeyword.groovy:57)
	at com.kms.katalon.core.webui.keyword.builtin.VerifyElementTextKeyword$_verifyElementText_closure1.call(VerifyElementTextKeyword.groovy)
	at com.kms.katalon.core.webui.keyword.internal.WebUIKeywordMain.runKeyword(WebUIKeywordMain.groovy:20)
	at com.kms.katalon.core.webui.keyword.builtin.VerifyElementTextKeyword.verifyElementText(VerifyElementTextKeyword.groovy:72)
	at com.kms.katalon.core.webui.keyword.builtin.VerifyElementTextKeyword.execute(VerifyElementTextKeyword.groovy:40)
	at com.kms.katalon.core.keyword.internal.KeywordExecutor.executeKeywordForPlatform(KeywordExecutor.groovy:74)
	at com.kms.katalon.core.webui.keyword.WebUiBuiltInKeywords.verifyElementText(WebUiBuiltInKeywords.groovy:4749)
	at com.kms.katalon.core.webui.keyword.WebUiBuiltInKeywords$verifyElementText$5.call(Unknown Source)
	at Premium - short form Verification - UAT.run(Premium - short form Verification - UAT:65)
	at com.kms.katalon.core.main.ScriptEngine.run(ScriptEngine.java:194)
	at com.kms.katalon.core.main.ScriptEngine.runScriptAsRawText(ScriptEngine.java:119)
	at com.kms.katalon.core.main.TestCaseExecutor.runScript(TestCaseExecutor.java:445)
	at com.kms.katalon.core.main.TestCaseExecutor.doExecute(TestCaseExecutor.java:436)
	at com.kms.katalon.core.main.TestCaseExecutor.processExecutionPhase(TestCaseExecutor.java:415)
	at com.kms.katalon.core.main.TestCaseExecutor.accessMainPhase(TestCaseExecutor.java:407)
	at com.kms.katalon.core.main.TestCaseExecutor.execute(TestCaseExecutor.java:284)
	at com.kms.katalon.core.common.CommonExecutor.accessTestCaseMainPhase(CommonExecutor.java:65)
	at com.kms.katalon.core.main.TestSuiteExecutor.accessTestSuiteMainPhase(TestSuiteExecutor.java:144)
	at com.kms.katalon.core.main.TestSuiteExecutor.execute(TestSuiteExecutor.java:106)
	at com.kms.katalon.core.main.TestCaseMain.startTestSuite(TestCaseMain.java:185)
	at com.kms.katalon.core.main.TestCaseMain$startTestSuite$0.call(Unknown Source)
	at TempTestSuite1650304259606.run(TempTestSuite1650304259606.groovy:36)
Caused by: com.kms.katalon.core.exception.StepFailedException: Actual text 'For just $39.99 get $700 in value, including a welcome gift of Enfamil products, coupons, exclusive partner offers and so much more!' and expected text 'Join Premium for $39.99 and get guaranteed $700 in value including these exclusive benefits:' of test object 'Object Repository/Form Verification/Premium short form/Page_Premium Enfamil Family Beginnings/h2_Join Premium for 39.99 and get guarantee_e921a3' are NOT matched.
	... 23 more


2022-04-18 23:39:28 - [TEST_STEP][PASSED] - openBrowser(""): Browser is opened with url: ''

2022-04-18 23:39:28 - [MESSAGE][INFO] - Starting 'Chrome' driver

2022-04-18 23:39:28 - [MESSAGE][INFO] - Action delay is set to 0 milliseconds

2022-04-18 23:39:30 - [MESSAGE][PASSED] - Browser is opened with url: ''

2022-04-18 23:39:30 - [TEST_STEP][PASSED] - navigateToUrl(Premium): Navigate to 'https://enfamil-us.cdn.test.us-east-1.starterkit.rbcloud.io/premium-enfamil-family-beginnings/' successfully

2022-04-18 23:39:34 - [MESSAGE][PASSED] - Navigate to 'https://enfamil-us.cdn.test.us-east-1.starterkit.rbcloud.io/premium-enfamil-family-beginnings/' successfully

2022-04-18 23:39:34 - [TEST_STEP][PASSED] - maximizeWindow(): Current window maximized

2022-04-18 23:39:34 - [MESSAGE][PASSED] - Current window maximized

2022-04-18 23:39:34 - [TEST_STEP][PASSED] - delay(8): Delayed 8 second(s)

2022-04-18 23:39:42 - [MESSAGE][PASSED] - Delayed 8 second(s)

2022-04-18 23:39:42 - [TEST_STEP][PASSED] - click(findTestObject("Object Repository/Form Verification/Premium short form/Page_Premium Enfamil Family Beginnings/button_GOT IT_onetrust-close-btn-handler on_95ce22")): Object: 'Object Repository/Form Verification/Premium short form/Page_Premium Enfamil Family Beginnings/button_GOT IT_onetrust-close-btn-handler on_95ce22' is clicked on

2022-04-18 23:39:43 - [MESSAGE][PASSED] - Object: 'Object Repository/Form Verification/Premium short form/Page_Premium Enfamil Family Beginnings/button_GOT IT_onetrust-close-btn-handler on_95ce22' is clicked on

2022-04-18 23:39:43 - [TEST_STEP][PASSED] - verifyElementPresent(findTestObject("Object Repository/Form Verification/Premium short form/Page_Premium Enfamil Family Beginnings/span_Premium Enfamil Family Beginnings"), 0): Object 'Object Repository/Form Verification/Premium short form/Page_Premium Enfamil Family Beginnings/span_Premium Enfamil Family Beginnings' is present

2022-04-18 23:39:43 - [MESSAGE][WARNING] - Timeout '0' is invalid. Using default page load timeout: '5'

2022-04-18 23:39:45 - [MESSAGE][PASSED] - Object 'Object Repository/Form Verification/Premium short form/Page_Premium Enfamil Family Beginnings/span_Premium Enfamil Family Beginnings' is present

2022-04-18 23:39:45 - [TEST_STEP][PASSED] - verifyElementText(findTestObject("Object Repository/Form Verification/Premium short form/Page_Premium Enfamil Family Beginnings/span_Premium Enfamil Family Beginnings"), "Premium Enfamil Family BeginningsÂ®"): Actual text and expected text of test object 'Object Repository/Form Verification/Premium short form/Page_Premium Enfamil Family Beginnings/span_Premium Enfamil Family Beginnings' are matched.

2022-04-18 23:39:46 - [MESSAGE][PASSED] - Actual text and expected text of test object 'Object Repository/Form Verification/Premium short form/Page_Premium Enfamil Family Beginnings/span_Premium Enfamil Family Beginnings' are matched.

2022-04-18 23:39:46 - [TEST_STEP][PASSED] - verifyElementPresent(findTestObject("Object Repository/Form Verification/Premium short form/Page_Premium Enfamil Family Beginnings/h2_Premium Enfamil Family Beginnings"), 0): Object 'Object Repository/Form Verification/Premium short form/Page_Premium Enfamil Family Beginnings/h2_Premium Enfamil Family Beginnings' is present

2022-04-18 23:39:46 - [MESSAGE][WARNING] - Timeout '0' is invalid. Using default page load timeout: '5'

2022-04-18 23:39:47 - [MESSAGE][PASSED] - Object 'Object Repository/Form Verification/Premium short form/Page_Premium Enfamil Family Beginnings/h2_Premium Enfamil Family Beginnings' is present

2022-04-18 23:39:47 - [TEST_STEP][PASSED] - verifyElementText(findTestObject("Object Repository/Form Verification/Premium short form/Page_Premium Enfamil Family Beginnings/h2_Premium Enfamil Family Beginnings"), "Premium Enfamil Family BeginningsÂ®"): Actual text and expected text of test object 'Object Repository/Form Verification/Premium short form/Page_Premium Enfamil Family Beginnings/h2_Premium Enfamil Family Beginnings' are matched.

2022-04-18 23:39:47 - [MESSAGE][PASSED] - Actual text and expected text of test object 'Object Repository/Form Verification/Premium short form/Page_Premium Enfamil Family Beginnings/h2_Premium Enfamil Family Beginnings' are matched.

2022-04-18 23:39:47 - [TEST_STEP][PASSED] - verifyElementPresent(findTestObject("Object Repository/Form Verification/Premium short form/Page_Premium Enfamil Family Beginnings/p_For just 39.99 get 700 in value, includin_f5bb73"), 0): Object 'Object Repository/Form Verification/Premium short form/Page_Premium Enfamil Family Beginnings/p_For just 39.99 get 700 in value, includin_f5bb73' is present

2022-04-18 23:39:47 - [MESSAGE][WARNING] - Timeout '0' is invalid. Using default page load timeout: '5'

2022-04-18 23:39:48 - [MESSAGE][PASSED] - Object 'Object Repository/Form Verification/Premium short form/Page_Premium Enfamil Family Beginnings/p_For just 39.99 get 700 in value, includin_f5bb73' is present

2022-04-18 23:39:48 - [TEST_STEP][PASSED] - verifyElementText(findTestObject("Object Repository/Form Verification/Premium short form/Page_Premium Enfamil Family Beginnings/p_For just 39.99 get 700 in value, includin_f5bb73"), "For just $39.99 get $700 in value, including a welcome gift of Enfamil products, coupons, exclusive partner offers and so much more!"): Actual text and expected text of test object 'Object Repository/Form Verification/Premium short form/Page_Premium Enfamil Family Beginnings/p_For just 39.99 get 700 in value, includin_f5bb73' are matched.

2022-04-18 23:39:48 - [MESSAGE][PASSED] - Actual text and expected text of test object 'Object Repository/Form Verification/Premium short form/Page_Premium Enfamil Family Beginnings/p_For just 39.99 get 700 in value, includin_f5bb73' are matched.

2022-04-18 23:39:48 - [TEST_STEP][PASSED] - verifyElementPresent(findTestObject("Object Repository/Form Verification/Premium short form/Page_Premium Enfamil Family Beginnings/p_Benefits may vary"), 0): Object 'Object Repository/Form Verification/Premium short form/Page_Premium Enfamil Family Beginnings/p_Benefits may vary' is present

2022-04-18 23:39:48 - [MESSAGE][WARNING] - Timeout '0' is invalid. Using default page load timeout: '5'

2022-04-18 23:39:48 - [MESSAGE][PASSED] - Object 'Object Repository/Form Verification/Premium short form/Page_Premium Enfamil Family Beginnings/p_Benefits may vary' is present

2022-04-18 23:39:48 - [TEST_STEP][PASSED] - verifyElementText(findTestObject("Object Repository/Form Verification/Premium short form/Page_Premium Enfamil Family Beginnings/p_Benefits may vary"), "*Benefits may vary."): Actual text and expected text of test object 'Object Repository/Form Verification/Premium short form/Page_Premium Enfamil Family Beginnings/p_Benefits may vary' are matched.

2022-04-18 23:39:49 - [MESSAGE][PASSED] - Actual text and expected text of test object 'Object Repository/Form Verification/Premium short form/Page_Premium Enfamil Family Beginnings/p_Benefits may vary' are matched.

2022-04-18 23:39:49 - [TEST_STEP][PASSED] - verifyElementPresent(findTestObject("Object Repository/Form Verification/Premium short form/Page_Premium Enfamil Family Beginnings/a_Join Premium now"), 0): Object 'Object Repository/Form Verification/Premium short form/Page_Premium Enfamil Family Beginnings/a_Join Premium now' is present

2022-04-18 23:39:49 - [MESSAGE][WARNING] - Timeout '0' is invalid. Using default page load timeout: '5'

2022-04-18 23:39:49 - [MESSAGE][PASSED] - Object 'Object Repository/Form Verification/Premium short form/Page_Premium Enfamil Family Beginnings/a_Join Premium now' is present

2022-04-18 23:39:49 - [TEST_STEP][PASSED] - verifyElementText(findTestObject("Object Repository/Form Verification/Premium short form/Page_Premium Enfamil Family Beginnings/a_Join Premium now"), "Join Premium now"): Actual text and expected text of test object 'Object Repository/Form Verification/Premium short form/Page_Premium Enfamil Family Beginnings/a_Join Premium now' are matched.

2022-04-18 23:39:50 - [MESSAGE][PASSED] - Actual text and expected text of test object 'Object Repository/Form Verification/Premium short form/Page_Premium Enfamil Family Beginnings/a_Join Premium now' are matched.

2022-04-18 23:39:50 - [TEST_STEP][PASSED] - verifyElementClickable(findTestObject("Object Repository/Form Verification/Premium short form/Page_Premium Enfamil Family Beginnings/a_Join Premium now")): Object 'Object Repository/Form Verification/Premium short form/Page_Premium Enfamil Family Beginnings/a_Join Premium now' is clickable

2022-04-18 23:39:50 - [MESSAGE][PASSED] - Object 'Object Repository/Form Verification/Premium short form/Page_Premium Enfamil Family Beginnings/a_Join Premium now' is clickable

2022-04-18 23:39:50 - [TEST_STEP][PASSED] - verifyElementPresent(findTestObject("Object Repository/Form Verification/Premium short form/Page_Premium Enfamil Family Beginnings/h2_Join Premium for 39.99 and get guarantee_e921a3"), 0): Object 'Object Repository/Form Verification/Premium short form/Page_Premium Enfamil Family Beginnings/h2_Join Premium for 39.99 and get guarantee_e921a3' is present

2022-04-18 23:39:50 - [MESSAGE][WARNING] - Timeout '0' is invalid. Using default page load timeout: '5'

2022-04-18 23:39:50 - [MESSAGE][PASSED] - Object 'Object Repository/Form Verification/Premium short form/Page_Premium Enfamil Family Beginnings/h2_Join Premium for 39.99 and get guarantee_e921a3' is present

2022-04-18 23:39:50 - [TEST_STEP][FAILED] - verifyElementText(findTestObject("Object Repository/Form Verification/Premium short form/Page_Premium Enfamil Family Beginnings/h2_Join Premium for 39.99 and get guarantee_e921a3"), "Join Premium for $39.99 and get guaranteed $700 in value including these exclusive benefits:"): Actual text 'For just $39.99 get $700 in value, including a welcome gift of Enfamil products, coupons, exclusive partner offers and so much more!' and expected text 'Join Premium for $39.99 and get guaranteed $700 in value including these exclusive benefits:' of test object 'Object Repository/Form Verification/Premium short form/Page_Premium Enfamil Family Beginnings/h2_Join Premium for 39.99 and get guarantee_e921a3' are NOT matched. (Root cause: com.kms.katalon.core.exception.StepFailedException: Actual text 'For just $39.99 get $700 in value, including a welcome gift of Enfamil products, coupons, exclusive partner offers and so much more!' and expected text 'Join Premium for $39.99 and get guaranteed $700 in value including these exclusive benefits:' of test object 'Object Repository/Form Verification/Premium short form/Page_Premium Enfamil Family Beginnings/h2_Join Premium for 39.99 and get guarantee_e921a3' are NOT matched.
	at com.kms.katalon.core.webui.keyword.internal.WebUIKeywordMain.stepFailed(WebUIKeywordMain.groovy:64)
	at com.kms.katalon.core.webui.keyword.builtin.VerifyElementTextKeyword$_verifyElementText_closure1.doCall(VerifyElementTextKeyword.groovy:57)
	at com.kms.katalon.core.webui.keyword.builtin.VerifyElementTextKeyword$_verifyElementText_closure1.call(VerifyElementTextKeyword.groovy)
	at com.kms.katalon.core.webui.keyword.internal.WebUIKeywordMain.runKeyword(WebUIKeywordMain.groovy:20)
	at com.kms.katalon.core.webui.keyword.builtin.VerifyElementTextKeyword.verifyElementText(VerifyElementTextKeyword.groovy:72)
	at com.kms.katalon.core.webui.keyword.builtin.VerifyElementTextKeyword.execute(VerifyElementTextKeyword.groovy:40)
	at com.kms.katalon.core.keyword.internal.KeywordExecutor.executeKeywordForPlatform(KeywordExecutor.groovy:74)
	at com.kms.katalon.core.webui.keyword.WebUiBuiltInKeywords.verifyElementText(WebUiBuiltInKeywords.groovy:4749)
	at com.kms.katalon.core.webui.keyword.WebUiBuiltInKeywords$verifyElementText$5.call(Unknown Source)
	at Premium - short form Verification - UAT.run(Premium - short form Verification - UAT:65)
	at com.kms.katalon.core.main.ScriptEngine.run(ScriptEngine.java:194)
	at com.kms.katalon.core.main.ScriptEngine.runScriptAsRawText(ScriptEngine.java:119)
	at com.kms.katalon.core.main.TestCaseExecutor.runScript(TestCaseExecutor.java:445)
	at com.kms.katalon.core.main.TestCaseExecutor.doExecute(TestCaseExecutor.java:436)
	at com.kms.katalon.core.main.TestCaseExecutor.processExecutionPhase(TestCaseExecutor.java:415)
	at com.kms.katalon.core.main.TestCaseExecutor.accessMainPhase(TestCaseExecutor.java:407)
	at com.kms.katalon.core.main.TestCaseExecutor.execute(TestCaseExecutor.java:284)
	at com.kms.katalon.core.common.CommonExecutor.accessTestCaseMainPhase(CommonExecutor.java:65)
	at com.kms.katalon.core.main.TestSuiteExecutor.accessTestSuiteMainPhase(TestSuiteExecutor.java:144)
	at com.kms.katalon.core.main.TestSuiteExecutor.execute(TestSuiteExecutor.java:106)
	at com.kms.katalon.core.main.TestCaseMain.startTestSuite(TestCaseMain.java:185)
	at com.kms.katalon.core.main.TestCaseMain$startTestSuite$0.call(Unknown Source)
	at TempTestSuite1650304259606.run(TempTestSuite1650304259606.groovy:36)
)

2022-04-18 23:39:51 - [MESSAGE][FAILED] - Actual text 'For just $39.99 get $700 in value, including a welcome gift of Enfamil products, coupons, exclusive partner offers and so much more!' and expected text 'Join Premium for $39.99 and get guaranteed $700 in value including these exclusive benefits:' of test object 'Object Repository/Form Verification/Premium short form/Page_Premium Enfamil Family Beginnings/h2_Join Premium for 39.99 and get guarantee_e921a3' are NOT matched. (Root cause: com.kms.katalon.core.exception.StepFailedException: Actual text 'For just $39.99 get $700 in value, including a welcome gift of Enfamil products, coupons, exclusive partner offers and so much more!' and expected text 'Join Premium for $39.99 and get guaranteed $700 in value including these exclusive benefits:' of test object 'Object Repository/Form Verification/Premium short form/Page_Premium Enfamil Family Beginnings/h2_Join Premium for 39.99 and get guarantee_e921a3' are NOT matched.
	at com.kms.katalon.core.webui.keyword.internal.WebUIKeywordMain.stepFailed(WebUIKeywordMain.groovy:64)
	at com.kms.katalon.core.webui.keyword.builtin.VerifyElementTextKeyword$_verifyElementText_closure1.doCall(VerifyElementTextKeyword.groovy:57)
	at com.kms.katalon.core.webui.keyword.builtin.VerifyElementTextKeyword$_verifyElementText_closure1.call(VerifyElementTextKeyword.groovy)
	at com.kms.katalon.core.webui.keyword.internal.WebUIKeywordMain.runKeyword(WebUIKeywordMain.groovy:20)
	at com.kms.katalon.core.webui.keyword.builtin.VerifyElementTextKeyword.verifyElementText(VerifyElementTextKeyword.groovy:72)
	at com.kms.katalon.core.webui.keyword.builtin.VerifyElementTextKeyword.execute(VerifyElementTextKeyword.groovy:40)
	at com.kms.katalon.core.keyword.internal.KeywordExecutor.executeKeywordForPlatform(KeywordExecutor.groovy:74)
	at com.kms.katalon.core.webui.keyword.WebUiBuiltInKeywords.verifyElementText(WebUiBuiltInKeywords.groovy:4749)
	at com.kms.katalon.core.webui.keyword.WebUiBuiltInKeywords$verifyElementText$5.call(Unknown Source)
	at Premium - short form Verification - UAT.run(Premium - short form Verification - UAT:65)
	at com.kms.katalon.core.main.ScriptEngine.run(ScriptEngine.java:194)
	at com.kms.katalon.core.main.ScriptEngine.runScriptAsRawText(ScriptEngine.java:119)
	at com.kms.katalon.core.main.TestCaseExecutor.runScript(TestCaseExecutor.java:445)
	at com.kms.katalon.core.main.TestCaseExecutor.doExecute(TestCaseExecutor.java:436)
	at com.kms.katalon.core.main.TestCaseExecutor.processExecutionPhase(TestCaseExecutor.java:415)
	at com.kms.katalon.core.main.TestCaseExecutor.accessMainPhase(TestCaseExecutor.java:407)
	at com.kms.katalon.core.main.TestCaseExecutor.execute(TestCaseExecutor.java:284)
	at com.kms.katalon.core.common.CommonExecutor.accessTestCaseMainPhase(CommonExecutor.java:65)
	at com.kms.katalon.core.main.TestSuiteExecutor.accessTestSuiteMainPhase(TestSuiteExecutor.java:144)
	at com.kms.katalon.core.main.TestSuiteExecutor.execute(TestSuiteExecutor.java:106)
	at com.kms.katalon.core.main.TestCaseMain.startTestSuite(TestCaseMain.java:185)
	at com.kms.katalon.core.main.TestCaseMain$startTestSuite$0.call(Unknown Source)
	at TempTestSuite1650304259606.run(TempTestSuite1650304259606.groovy:36)
)
[[ATTACHMENT|D:\\SmoketestSuite\\enfamilUS\\Reports\\20220418_232059\\SmokeTestCollection - Venkat\\SmokeTestSuite-Collection - UAT\\20220418_232059\\1650305391081.png]]

2022-04-18 23:39:51 - [TEST_STEP][PASSED] - verifyElementPresent(findTestObject("Object Repository/Form Verification/Premium short form/Page_Premium Enfamil Family Beginnings/div_Ask a registered nurse anything 247"), 0): Object 'Object Repository/Form Verification/Premium short form/Page_Premium Enfamil Family Beginnings/div_Ask a registered nurse anything 247' is present

2022-04-18 23:39:51 - [MESSAGE][WARNING] - Timeout '0' is invalid. Using default page load timeout: '5'

2022-04-18 23:39:51 - [MESSAGE][PASSED] - Object 'Object Repository/Form Verification/Premium short form/Page_Premium Enfamil Family Beginnings/div_Ask a registered nurse anything 247' is present

2022-04-18 23:39:51 - [TEST_STEP][PASSED] - verifyElementPresent(findTestObject("Object Repository/Form Verification/Premium short form/Page_Premium Enfamil Family Beginnings/div_Pick your own Premium sample when you join"), 0): Object 'Object Repository/Form Verification/Premium short form/Page_Premium Enfamil Family Beginnings/div_Pick your own Premium sample when you join' is present

2022-04-18 23:39:51 - [MESSAGE][WARNING] - Timeout '0' is invalid. Using default page load timeout: '5'

2022-04-18 23:39:52 - [MESSAGE][PASSED] - Object 'Object Repository/Form Verification/Premium short form/Page_Premium Enfamil Family Beginnings/div_Pick your own Premium sample when you join' is present

2022-04-18 23:39:52 - [TEST_STEP][PASSED] - verifyElementPresent(findTestObject("Object Repository/Form Verification/Premium short form/Page_Premium Enfamil Family Beginnings/div_Exclusive monthly discounts on Enfamil.com"), 0): Object 'Object Repository/Form Verification/Premium short form/Page_Premium Enfamil Family Beginnings/div_Exclusive monthly discounts on Enfamil.com' is present

2022-04-18 23:39:52 - [MESSAGE][WARNING] - Timeout '0' is invalid. Using default page load timeout: '5'

2022-04-18 23:39:52 - [MESSAGE][PASSED] - Object 'Object Repository/Form Verification/Premium short form/Page_Premium Enfamil Family Beginnings/div_Exclusive monthly discounts on Enfamil.com' is present

2022-04-18 23:39:52 - [TEST_STEP][PASSED] - verifyElementPresent(findTestObject("Object Repository/Form Verification/Premium short form/Page_Premium Enfamil Family Beginnings/div_Over 200 in valuable Enfamil discounts"), 0): Object 'Object Repository/Form Verification/Premium short form/Page_Premium Enfamil Family Beginnings/div_Over 200 in valuable Enfamil discounts' is present

2022-04-18 23:39:52 - [MESSAGE][WARNING] - Timeout '0' is invalid. Using default page load timeout: '5'

2022-04-18 23:39:52 - [MESSAGE][PASSED] - Object 'Object Repository/Form Verification/Premium short form/Page_Premium Enfamil Family Beginnings/div_Over 200 in valuable Enfamil discounts' is present

2022-04-18 23:39:52 - [TEST_STEP][FAILED] - verifyElementPresent(findTestObject("Object Repository/Form Verification/Premium short form/Page_Premium Enfamil Family Beginnings/h3_Ask a registered nurse anything 247"), 0): com.kms.katalon.core.webui.exception.WebElementNotFoundException: Web element with id: 'Object Repository/Form Verification/Premium short form/Page_Premium Enfamil Family Beginnings/h3_Ask a registered nurse anything 247' located by '//*[(text() = 'Ask a registered nurse anything 24/7.' or . = 'Ask a registered nurse anything 24/7.')]' not found (Root cause: com.kms.katalon.core.exception.StepFailedException: com.kms.katalon.core.webui.exception.WebElementNotFoundException: Web element with id: 'Object Repository/Form Verification/Premium short form/Page_Premium Enfamil Family Beginnings/h3_Ask a registered nurse anything 247' located by '//*[(text() = 'Ask a registered nurse anything 24/7.' or . = 'Ask a registered nurse anything 24/7.')]' not found
	at com.kms.katalon.core.webui.keyword.internal.WebUIKeywordMain.stepFailed(WebUIKeywordMain.groovy:64)
	at com.kms.katalon.core.webui.keyword.builtin.VerifyElementPresentKeyword$_verifyElementPresent_closure1.doCall(VerifyElementPresentKeyword.groovy:85)
	at com.kms.katalon.core.webui.keyword.builtin.VerifyElementPresentKeyword$_verifyElementPresent_closure1.call(VerifyElementPresentKeyword.groovy)
	at com.kms.katalon.core.webui.keyword.internal.WebUIKeywordMain.runKeyword(WebUIKeywordMain.groovy:20)
	at com.kms.katalon.core.webui.keyword.builtin.VerifyElementPresentKeyword.verifyElementPresent(VerifyElementPresentKeyword.groovy:92)
	at com.kms.katalon.core.webui.keyword.builtin.VerifyElementPresentKeyword.execute(VerifyElementPresentKeyword.groovy:68)
	at com.kms.katalon.core.keyword.internal.KeywordExecutor.executeKeywordForPlatform(KeywordExecutor.groovy:74)
	at com.kms.katalon.core.webui.keyword.WebUiBuiltInKeywords.verifyElementPresent(WebUiBuiltInKeywords.groovy:1464)
	at com.kms.katalon.core.webui.keyword.WebUiBuiltInKeywords$verifyElementPresent$4.call(Unknown Source)
	at Premium - short form Verification - UAT.run(Premium - short form Verification - UAT:80)
	at com.kms.katalon.core.main.ScriptEngine.run(ScriptEngine.java:194)
	at com.kms.katalon.core.main.ScriptEngine.runScriptAsRawText(ScriptEngine.java:119)
	at com.kms.katalon.core.main.TestCaseExecutor.runScript(TestCaseExecutor.java:445)
	at com.kms.katalon.core.main.TestCaseExecutor.doExecute(TestCaseExecutor.java:436)
	at com.kms.katalon.core.main.TestCaseExecutor.processExecutionPhase(TestCaseExecutor.java:415)
	at com.kms.katalon.core.main.TestCaseExecutor.accessMainPhase(TestCaseExecutor.java:407)
	at com.kms.katalon.core.main.TestCaseExecutor.execute(TestCaseExecutor.java:284)
	at com.kms.katalon.core.common.CommonExecutor.accessTestCaseMainPhase(CommonExecutor.java:65)
	at com.kms.katalon.core.main.TestSuiteExecutor.accessTestSuiteMainPhase(TestSuiteExecutor.java:144)
	at com.kms.katalon.core.main.TestSuiteExecutor.execute(TestSuiteExecutor.java:106)
	at com.kms.katalon.core.main.TestCaseMain.startTestSuite(TestCaseMain.java:185)
	at com.kms.katalon.core.main.TestCaseMain$startTestSuite$0.call(Unknown Source)
	at TempTestSuite1650304259606.run(TempTestSuite1650304259606.groovy:36)
)

2022-04-18 23:39:52 - [MESSAGE][WARNING] - Timeout '0' is invalid. Using default page load timeout: '5'

2022-04-18 23:39:59 - [MESSAGE][INFO] - Unable to find the element located by 'By.xpath: //*[(text() = 'Ask a registered nurse anything 24/7.' or . = 'Ask a registered nurse anything 24/7.')]'. Please recheck the objects properties to make sure the desired element is located. 

2022-04-18 23:39:59 - [MESSAGE][FAILED] - com.kms.katalon.core.webui.exception.WebElementNotFoundException: Web element with id: 'Object Repository/Form Verification/Premium short form/Page_Premium Enfamil Family Beginnings/h3_Ask a registered nurse anything 247' located by '//*[(text() = 'Ask a registered nurse anything 24/7.' or . = 'Ask a registered nurse anything 24/7.')]' not found (Root cause: com.kms.katalon.core.exception.StepFailedException: com.kms.katalon.core.webui.exception.WebElementNotFoundException: Web element with id: 'Object Repository/Form Verification/Premium short form/Page_Premium Enfamil Family Beginnings/h3_Ask a registered nurse anything 247' located by '//*[(text() = 'Ask a registered nurse anything 24/7.' or . = 'Ask a registered nurse anything 24/7.')]' not found
	at com.kms.katalon.core.webui.keyword.internal.WebUIKeywordMain.stepFailed(WebUIKeywordMain.groovy:64)
	at com.kms.katalon.core.webui.keyword.builtin.VerifyElementPresentKeyword$_verifyElementPresent_closure1.doCall(VerifyElementPresentKeyword.groovy:85)
	at com.kms.katalon.core.webui.keyword.builtin.VerifyElementPresentKeyword$_verifyElementPresent_closure1.call(VerifyElementPresentKeyword.groovy)
	at com.kms.katalon.core.webui.keyword.internal.WebUIKeywordMain.runKeyword(WebUIKeywordMain.groovy:20)
	at com.kms.katalon.core.webui.keyword.builtin.VerifyElementPresentKeyword.verifyElementPresent(VerifyElementPresentKeyword.groovy:92)
	at com.kms.katalon.core.webui.keyword.builtin.VerifyElementPresentKeyword.execute(VerifyElementPresentKeyword.groovy:68)
	at com.kms.katalon.core.keyword.internal.KeywordExecutor.executeKeywordForPlatform(KeywordExecutor.groovy:74)
	at com.kms.katalon.core.webui.keyword.WebUiBuiltInKeywords.verifyElementPresent(WebUiBuiltInKeywords.groovy:1464)
	at com.kms.katalon.core.webui.keyword.WebUiBuiltInKeywords$verifyElementPresent$4.call(Unknown Source)
	at Premium - short form Verification - UAT.run(Premium - short form Verification - UAT:80)
	at com.kms.katalon.core.main.ScriptEngine.run(ScriptEngine.java:194)
	at com.kms.katalon.core.main.ScriptEngine.runScriptAsRawText(ScriptEngine.java:119)
	at com.kms.katalon.core.main.TestCaseExecutor.runScript(TestCaseExecutor.java:445)
	at com.kms.katalon.core.main.TestCaseExecutor.doExecute(TestCaseExecutor.java:436)
	at com.kms.katalon.core.main.TestCaseExecutor.processExecutionPhase(TestCaseExecutor.java:415)
	at com.kms.katalon.core.main.TestCaseExecutor.accessMainPhase(TestCaseExecutor.java:407)
	at com.kms.katalon.core.main.TestCaseExecutor.execute(TestCaseExecutor.java:284)
	at com.kms.katalon.core.common.CommonExecutor.accessTestCaseMainPhase(CommonExecutor.java:65)
	at com.kms.katalon.core.main.TestSuiteExecutor.accessTestSuiteMainPhase(TestSuiteExecutor.java:144)
	at com.kms.katalon.core.main.TestSuiteExecutor.execute(TestSuiteExecutor.java:106)
	at com.kms.katalon.core.main.TestCaseMain.startTestSuite(TestCaseMain.java:185)
	at com.kms.katalon.core.main.TestCaseMain$startTestSuite$0.call(Unknown Source)
	at TempTestSuite1650304259606.run(TempTestSuite1650304259606.groovy:36)
)
[[ATTACHMENT|D:\\SmoketestSuite\\enfamilUS\\Reports\\20220418_232059\\SmokeTestCollection - Venkat\\SmokeTestSuite-Collection - UAT\\20220418_232059\\1650305399122.png]]

2022-04-18 23:39:59 - [TEST_STEP][FAILED] - verifyElementText(findTestObject("Object Repository/Form Verification/Premium short form/Page_Premium Enfamil Family Beginnings/h3_Ask a registered nurse anything 247"), "Ask a registered nurse anything 24/7.*"): com.kms.katalon.core.webui.exception.WebElementNotFoundException: Web element with id: 'Object Repository/Form Verification/Premium short form/Page_Premium Enfamil Family Beginnings/h3_Ask a registered nurse anything 247' located by '//*[(text() = 'Ask a registered nurse anything 24/7.' or . = 'Ask a registered nurse anything 24/7.')]' not found (Root cause: com.kms.katalon.core.exception.StepFailedException: com.kms.katalon.core.webui.exception.WebElementNotFoundException: Web element with id: 'Object Repository/Form Verification/Premium short form/Page_Premium Enfamil Family Beginnings/h3_Ask a registered nurse anything 247' located by '//*[(text() = 'Ask a registered nurse anything 24/7.' or . = 'Ask a registered nurse anything 24/7.')]' not found
	at com.kms.katalon.core.webui.keyword.internal.WebUIKeywordMain.stepFailed(WebUIKeywordMain.groovy:64)
	at com.kms.katalon.core.webui.keyword.builtin.VerifyElementTextKeyword$_verifyElementText_closure1.doCall(VerifyElementTextKeyword.groovy:64)
	at com.kms.katalon.core.webui.keyword.builtin.VerifyElementTextKeyword$_verifyElementText_closure1.call(VerifyElementTextKeyword.groovy)
	at com.kms.katalon.core.webui.keyword.internal.WebUIKeywordMain.runKeyword(WebUIKeywordMain.groovy:20)
	at com.kms.katalon.core.webui.keyword.builtin.VerifyElementTextKeyword.verifyElementText(VerifyElementTextKeyword.groovy:72)
	at com.kms.katalon.core.webui.keyword.builtin.VerifyElementTextKeyword.execute(VerifyElementTextKeyword.groovy:40)
	at com.kms.katalon.core.keyword.internal.KeywordExecutor.executeKeywordForPlatform(KeywordExecutor.groovy:74)
	at com.kms.katalon.core.webui.keyword.WebUiBuiltInKeywords.verifyElementText(WebUiBuiltInKeywords.groovy:4749)
	at com.kms.katalon.core.webui.keyword.WebUiBuiltInKeywords$verifyElementText$5.call(Unknown Source)
	at Premium - short form Verification - UAT.run(Premium - short form Verification - UAT:83)
	at com.kms.katalon.core.main.ScriptEngine.run(ScriptEngine.java:194)
	at com.kms.katalon.core.main.ScriptEngine.runScriptAsRawText(ScriptEngine.java:119)
	at com.kms.katalon.core.main.TestCaseExecutor.runScript(TestCaseExecutor.java:445)
	at com.kms.katalon.core.main.TestCaseExecutor.doExecute(TestCaseExecutor.java:436)
	at com.kms.katalon.core.main.TestCaseExecutor.processExecutionPhase(TestCaseExecutor.java:415)
	at com.kms.katalon.core.main.TestCaseExecutor.accessMainPhase(TestCaseExecutor.java:407)
	at com.kms.katalon.core.main.TestCaseExecutor.execute(TestCaseExecutor.java:284)
	at com.kms.katalon.core.common.CommonExecutor.accessTestCaseMainPhase(CommonExecutor.java:65)
	at com.kms.katalon.core.main.TestSuiteExecutor.accessTestSuiteMainPhase(TestSuiteExecutor.java:144)
	at com.kms.katalon.core.main.TestSuiteExecutor.execute(TestSuiteExecutor.java:106)
	at com.kms.katalon.core.main.TestCaseMain.startTestSuite(TestCaseMain.java:185)
	at com.kms.katalon.core.main.TestCaseMain$startTestSuite$0.call(Unknown Source)
	at TempTestSuite1650304259606.run(TempTestSuite1650304259606.groovy:36)
)

2022-04-18 23:40:05 - [MESSAGE][INFO] - Unable to find the element located by 'By.xpath: //*[(text() = 'Ask a registered nurse anything 24/7.' or . = 'Ask a registered nurse anything 24/7.')]'. Please recheck the objects properties to make sure the desired element is located. 

2022-04-18 23:40:06 - [MESSAGE][FAILED] - com.kms.katalon.core.webui.exception.WebElementNotFoundException: Web element with id: 'Object Repository/Form Verification/Premium short form/Page_Premium Enfamil Family Beginnings/h3_Ask a registered nurse anything 247' located by '//*[(text() = 'Ask a registered nurse anything 24/7.' or . = 'Ask a registered nurse anything 24/7.')]' not found (Root cause: com.kms.katalon.core.exception.StepFailedException: com.kms.katalon.core.webui.exception.WebElementNotFoundException: Web element with id: 'Object Repository/Form Verification/Premium short form/Page_Premium Enfamil Family Beginnings/h3_Ask a registered nurse anything 247' located by '//*[(text() = 'Ask a registered nurse anything 24/7.' or . = 'Ask a registered nurse anything 24/7.')]' not found
	at com.kms.katalon.core.webui.keyword.internal.WebUIKeywordMain.stepFailed(WebUIKeywordMain.groovy:64)
	at com.kms.katalon.core.webui.keyword.builtin.VerifyElementTextKeyword$_verifyElementText_closure1.doCall(VerifyElementTextKeyword.groovy:64)
	at com.kms.katalon.core.webui.keyword.builtin.VerifyElementTextKeyword$_verifyElementText_closure1.call(VerifyElementTextKeyword.groovy)
	at com.kms.katalon.core.webui.keyword.internal.WebUIKeywordMain.runKeyword(WebUIKeywordMain.groovy:20)
	at com.kms.katalon.core.webui.keyword.builtin.VerifyElementTextKeyword.verifyElementText(VerifyElementTextKeyword.groovy:72)
	at com.kms.katalon.core.webui.keyword.builtin.VerifyElementTextKeyword.execute(VerifyElementTextKeyword.groovy:40)
	at com.kms.katalon.core.keyword.internal.KeywordExecutor.executeKeywordForPlatform(KeywordExecutor.groovy:74)
	at com.kms.katalon.core.webui.keyword.WebUiBuiltInKeywords.verifyElementText(WebUiBuiltInKeywords.groovy:4749)
	at com.kms.katalon.core.webui.keyword.WebUiBuiltInKeywords$verifyElementText$5.call(Unknown Source)
	at Premium - short form Verification - UAT.run(Premium - short form Verification - UAT:83)
	at com.kms.katalon.core.main.ScriptEngine.run(ScriptEngine.java:194)
	at com.kms.katalon.core.main.ScriptEngine.runScriptAsRawText(ScriptEngine.java:119)
	at com.kms.katalon.core.main.TestCaseExecutor.runScript(TestCaseExecutor.java:445)
	at com.kms.katalon.core.main.TestCaseExecutor.doExecute(TestCaseExecutor.java:436)
	at com.kms.katalon.core.main.TestCaseExecutor.processExecutionPhase(TestCaseExecutor.java:415)
	at com.kms.katalon.core.main.TestCaseExecutor.accessMainPhase(TestCaseExecutor.java:407)
	at com.kms.katalon.core.main.TestCaseExecutor.execute(TestCaseExecutor.java:284)
	at com.kms.katalon.core.common.CommonExecutor.accessTestCaseMainPhase(CommonExecutor.java:65)
	at com.kms.katalon.core.main.TestSuiteExecutor.accessTestSuiteMainPhase(TestSuiteExecutor.java:144)
	at com.kms.katalon.core.main.TestSuiteExecutor.execute(TestSuiteExecutor.java:106)
	at com.kms.katalon.core.main.TestCaseMain.startTestSuite(TestCaseMain.java:185)
	at com.kms.katalon.core.main.TestCaseMain$startTestSuite$0.call(Unknown Source)
	at TempTestSuite1650304259606.run(TempTestSuite1650304259606.groovy:36)
)
[[ATTACHMENT|D:\\SmoketestSuite\\enfamilUS\\Reports\\20220418_232059\\SmokeTestCollection - Venkat\\SmokeTestSuite-Collection - UAT\\20220418_232059\\1650305405859.png]]

2022-04-18 23:40:06 - [TEST_STEP][PASSED] - verifyElementPresent(findTestObject("Object Repository/Form Verification/Premium short form/Page_Premium Enfamil Family Beginnings/h3_Pick your own Premium sample when you join"), 0): Object 'Object Repository/Form Verification/Premium short form/Page_Premium Enfamil Family Beginnings/h3_Pick your own Premium sample when you join' is present

2022-04-18 23:40:06 - [MESSAGE][WARNING] - Timeout '0' is invalid. Using default page load timeout: '5'

2022-04-18 23:40:06 - [MESSAGE][PASSED] - Object 'Object Repository/Form Verification/Premium short form/Page_Premium Enfamil Family Beginnings/h3_Pick your own Premium sample when you join' is present

2022-04-18 23:40:06 - [TEST_STEP][PASSED] - verifyElementText(findTestObject("Object Repository/Form Verification/Premium short form/Page_Premium Enfamil Family Beginnings/h3_Pick your own Premium sample when you join"), "Pick your own Premium sample when you join."): Actual text and expected text of test object 'Object Repository/Form Verification/Premium short form/Page_Premium Enfamil Family Beginnings/h3_Pick your own Premium sample when you join' are matched.

2022-04-18 23:40:07 - [MESSAGE][PASSED] - Actual text and expected text of test object 'Object Repository/Form Verification/Premium short form/Page_Premium Enfamil Family Beginnings/h3_Pick your own Premium sample when you join' are matched.

2022-04-18 23:40:07 - [TEST_STEP][FAILED] - verifyElementPresent(findTestObject("Object Repository/Form Verification/Premium short form/Page_Premium Enfamil Family Beginnings/h3_Exclusive monthly discounts on Enfamil.com"), 0): com.kms.katalon.core.webui.exception.WebElementNotFoundException: Web element with id: 'Object Repository/Form Verification/Premium short form/Page_Premium Enfamil Family Beginnings/h3_Exclusive monthly discounts on Enfamil.com' located by '//*[(text() = 'Exclusive monthly discounts on Enfamil.com.' or . = 'Exclusive monthly discounts on Enfamil.com.')]' not found (Root cause: com.kms.katalon.core.exception.StepFailedException: com.kms.katalon.core.webui.exception.WebElementNotFoundException: Web element with id: 'Object Repository/Form Verification/Premium short form/Page_Premium Enfamil Family Beginnings/h3_Exclusive monthly discounts on Enfamil.com' located by '//*[(text() = 'Exclusive monthly discounts on Enfamil.com.' or . = 'Exclusive monthly discounts on Enfamil.com.')]' not found
	at com.kms.katalon.core.webui.keyword.internal.WebUIKeywordMain.stepFailed(WebUIKeywordMain.groovy:64)
	at com.kms.katalon.core.webui.keyword.builtin.VerifyElementPresentKeyword$_verifyElementPresent_closure1.doCall(VerifyElementPresentKeyword.groovy:85)
	at com.kms.katalon.core.webui.keyword.builtin.VerifyElementPresentKeyword$_verifyElementPresent_closure1.call(VerifyElementPresentKeyword.groovy)
	at com.kms.katalon.core.webui.keyword.internal.WebUIKeywordMain.runKeyword(WebUIKeywordMain.groovy:20)
	at com.kms.katalon.core.webui.keyword.builtin.VerifyElementPresentKeyword.verifyElementPresent(VerifyElementPresentKeyword.groovy:92)
	at com.kms.katalon.core.webui.keyword.builtin.VerifyElementPresentKeyword.execute(VerifyElementPresentKeyword.groovy:68)
	at com.kms.katalon.core.keyword.internal.KeywordExecutor.executeKeywordForPlatform(KeywordExecutor.groovy:74)
	at com.kms.katalon.core.webui.keyword.WebUiBuiltInKeywords.verifyElementPresent(WebUiBuiltInKeywords.groovy:1464)
	at com.kms.katalon.core.webui.keyword.WebUiBuiltInKeywords$verifyElementPresent$4.call(Unknown Source)
	at Premium - short form Verification - UAT.run(Premium - short form Verification - UAT:92)
	at com.kms.katalon.core.main.ScriptEngine.run(ScriptEngine.java:194)
	at com.kms.katalon.core.main.ScriptEngine.runScriptAsRawText(ScriptEngine.java:119)
	at com.kms.katalon.core.main.TestCaseExecutor.runScript(TestCaseExecutor.java:445)
	at com.kms.katalon.core.main.TestCaseExecutor.doExecute(TestCaseExecutor.java:436)
	at com.kms.katalon.core.main.TestCaseExecutor.processExecutionPhase(TestCaseExecutor.java:415)
	at com.kms.katalon.core.main.TestCaseExecutor.accessMainPhase(TestCaseExecutor.java:407)
	at com.kms.katalon.core.main.TestCaseExecutor.execute(TestCaseExecutor.java:284)
	at com.kms.katalon.core.common.CommonExecutor.accessTestCaseMainPhase(CommonExecutor.java:65)
	at com.kms.katalon.core.main.TestSuiteExecutor.accessTestSuiteMainPhase(TestSuiteExecutor.java:144)
	at com.kms.katalon.core.main.TestSuiteExecutor.execute(TestSuiteExecutor.java:106)
	at com.kms.katalon.core.main.TestCaseMain.startTestSuite(TestCaseMain.java:185)
	at com.kms.katalon.core.main.TestCaseMain$startTestSuite$0.call(Unknown Source)
	at TempTestSuite1650304259606.run(TempTestSuite1650304259606.groovy:36)
)

2022-04-18 23:40:07 - [MESSAGE][WARNING] - Timeout '0' is invalid. Using default page load timeout: '5'

2022-04-18 23:40:13 - [MESSAGE][INFO] - Unable to find the element located by 'By.xpath: //*[(text() = 'Exclusive monthly discounts on Enfamil.com.' or . = 'Exclusive monthly discounts on Enfamil.com.')]'. Please recheck the objects properties to make sure the desired element is located. 

2022-04-18 23:40:13 - [MESSAGE][FAILED] - com.kms.katalon.core.webui.exception.WebElementNotFoundException: Web element with id: 'Object Repository/Form Verification/Premium short form/Page_Premium Enfamil Family Beginnings/h3_Exclusive monthly discounts on Enfamil.com' located by '//*[(text() = 'Exclusive monthly discounts on Enfamil.com.' or . = 'Exclusive monthly discounts on Enfamil.com.')]' not found (Root cause: com.kms.katalon.core.exception.StepFailedException: com.kms.katalon.core.webui.exception.WebElementNotFoundException: Web element with id: 'Object Repository/Form Verification/Premium short form/Page_Premium Enfamil Family Beginnings/h3_Exclusive monthly discounts on Enfamil.com' located by '//*[(text() = 'Exclusive monthly discounts on Enfamil.com.' or . = 'Exclusive monthly discounts on Enfamil.com.')]' not found
	at com.kms.katalon.core.webui.keyword.internal.WebUIKeywordMain.stepFailed(WebUIKeywordMain.groovy:64)
	at com.kms.katalon.core.webui.keyword.builtin.VerifyElementPresentKeyword$_verifyElementPresent_closure1.doCall(VerifyElementPresentKeyword.groovy:85)
	at com.kms.katalon.core.webui.keyword.builtin.VerifyElementPresentKeyword$_verifyElementPresent_closure1.call(VerifyElementPresentKeyword.groovy)
	at com.kms.katalon.core.webui.keyword.internal.WebUIKeywordMain.runKeyword(WebUIKeywordMain.groovy:20)
	at com.kms.katalon.core.webui.keyword.builtin.VerifyElementPresentKeyword.verifyElementPresent(VerifyElementPresentKeyword.groovy:92)
	at com.kms.katalon.core.webui.keyword.builtin.VerifyElementPresentKeyword.execute(VerifyElementPresentKeyword.groovy:68)
	at com.kms.katalon.core.keyword.internal.KeywordExecutor.executeKeywordForPlatform(KeywordExecutor.groovy:74)
	at com.kms.katalon.core.webui.keyword.WebUiBuiltInKeywords.verifyElementPresent(WebUiBuiltInKeywords.groovy:1464)
	at com.kms.katalon.core.webui.keyword.WebUiBuiltInKeywords$verifyElementPresent$4.call(Unknown Source)
	at Premium - short form Verification - UAT.run(Premium - short form Verification - UAT:92)
	at com.kms.katalon.core.main.ScriptEngine.run(ScriptEngine.java:194)
	at com.kms.katalon.core.main.ScriptEngine.runScriptAsRawText(ScriptEngine.java:119)
	at com.kms.katalon.core.main.TestCaseExecutor.runScript(TestCaseExecutor.java:445)
	at com.kms.katalon.core.main.TestCaseExecutor.doExecute(TestCaseExecutor.java:436)
	at com.kms.katalon.core.main.TestCaseExecutor.processExecutionPhase(TestCaseExecutor.java:415)
	at com.kms.katalon.core.main.TestCaseExecutor.accessMainPhase(TestCaseExecutor.java:407)
	at com.kms.katalon.core.main.TestCaseExecutor.execute(TestCaseExecutor.java:284)
	at com.kms.katalon.core.common.CommonExecutor.accessTestCaseMainPhase(CommonExecutor.java:65)
	at com.kms.katalon.core.main.TestSuiteExecutor.accessTestSuiteMainPhase(TestSuiteExecutor.java:144)
	at com.kms.katalon.core.main.TestSuiteExecutor.execute(TestSuiteExecutor.java:106)
	at com.kms.katalon.core.main.TestCaseMain.startTestSuite(TestCaseMain.java:185)
	at com.kms.katalon.core.main.TestCaseMain$startTestSuite$0.call(Unknown Source)
	at TempTestSuite1650304259606.run(TempTestSuite1650304259606.groovy:36)
)
[[ATTACHMENT|D:\\SmoketestSuite\\enfamilUS\\Reports\\20220418_232059\\SmokeTestCollection - Venkat\\SmokeTestSuite-Collection - UAT\\20220418_232059\\1650305413143.png]]

2022-04-18 23:40:13 - [TEST_STEP][FAILED] - verifyElementText(findTestObject("Object Repository/Form Verification/Premium short form/Page_Premium Enfamil Family Beginnings/h3_Exclusive monthly discounts on Enfamil.com"), "Exclusive monthly discounts on Enfamil.com"): com.kms.katalon.core.webui.exception.WebElementNotFoundException: Web element with id: 'Object Repository/Form Verification/Premium short form/Page_Premium Enfamil Family Beginnings/h3_Exclusive monthly discounts on Enfamil.com' located by '//*[(text() = 'Exclusive monthly discounts on Enfamil.com.' or . = 'Exclusive monthly discounts on Enfamil.com.')]' not found (Root cause: com.kms.katalon.core.exception.StepFailedException: com.kms.katalon.core.webui.exception.WebElementNotFoundException: Web element with id: 'Object Repository/Form Verification/Premium short form/Page_Premium Enfamil Family Beginnings/h3_Exclusive monthly discounts on Enfamil.com' located by '//*[(text() = 'Exclusive monthly discounts on Enfamil.com.' or . = 'Exclusive monthly discounts on Enfamil.com.')]' not found
	at com.kms.katalon.core.webui.keyword.internal.WebUIKeywordMain.stepFailed(WebUIKeywordMain.groovy:64)
	at com.kms.katalon.core.webui.keyword.builtin.VerifyElementTextKeyword$_verifyElementText_closure1.doCall(VerifyElementTextKeyword.groovy:64)
	at com.kms.katalon.core.webui.keyword.builtin.VerifyElementTextKeyword$_verifyElementText_closure1.call(VerifyElementTextKeyword.groovy)
	at com.kms.katalon.core.webui.keyword.internal.WebUIKeywordMain.runKeyword(WebUIKeywordMain.groovy:20)
	at com.kms.katalon.core.webui.keyword.builtin.VerifyElementTextKeyword.verifyElementText(VerifyElementTextKeyword.groovy:72)
	at com.kms.katalon.core.webui.keyword.builtin.VerifyElementTextKeyword.execute(VerifyElementTextKeyword.groovy:40)
	at com.kms.katalon.core.keyword.internal.KeywordExecutor.executeKeywordForPlatform(KeywordExecutor.groovy:74)
	at com.kms.katalon.core.webui.keyword.WebUiBuiltInKeywords.verifyElementText(WebUiBuiltInKeywords.groovy:4749)
	at com.kms.katalon.core.webui.keyword.WebUiBuiltInKeywords$verifyElementText$5.call(Unknown Source)
	at Premium - short form Verification - UAT.run(Premium - short form Verification - UAT:95)
	at com.kms.katalon.core.main.ScriptEngine.run(ScriptEngine.java:194)
	at com.kms.katalon.core.main.ScriptEngine.runScriptAsRawText(ScriptEngine.java:119)
	at com.kms.katalon.core.main.TestCaseExecutor.runScript(TestCaseExecutor.java:445)
	at com.kms.katalon.core.main.TestCaseExecutor.doExecute(TestCaseExecutor.java:436)
	at com.kms.katalon.core.main.TestCaseExecutor.processExecutionPhase(TestCaseExecutor.java:415)
	at com.kms.katalon.core.main.TestCaseExecutor.accessMainPhase(TestCaseExecutor.java:407)
	at com.kms.katalon.core.main.TestCaseExecutor.execute(TestCaseExecutor.java:284)
	at com.kms.katalon.core.common.CommonExecutor.accessTestCaseMainPhase(CommonExecutor.java:65)
	at com.kms.katalon.core.main.TestSuiteExecutor.accessTestSuiteMainPhase(TestSuiteExecutor.java:144)
	at com.kms.katalon.core.main.TestSuiteExecutor.execute(TestSuiteExecutor.java:106)
	at com.kms.katalon.core.main.TestCaseMain.startTestSuite(TestCaseMain.java:185)
	at com.kms.katalon.core.main.TestCaseMain$startTestSuite$0.call(Unknown Source)
	at TempTestSuite1650304259606.run(TempTestSuite1650304259606.groovy:36)
)

2022-04-18 23:40:19 - [MESSAGE][INFO] - Unable to find the element located by 'By.xpath: //*[(text() = 'Exclusive monthly discounts on Enfamil.com.' or . = 'Exclusive monthly discounts on Enfamil.com.')]'. Please recheck the objects properties to make sure the desired element is located. 

2022-04-18 23:40:19 - [MESSAGE][FAILED] - com.kms.katalon.core.webui.exception.WebElementNotFoundException: Web element with id: 'Object Repository/Form Verification/Premium short form/Page_Premium Enfamil Family Beginnings/h3_Exclusive monthly discounts on Enfamil.com' located by '//*[(text() = 'Exclusive monthly discounts on Enfamil.com.' or . = 'Exclusive monthly discounts on Enfamil.com.')]' not found (Root cause: com.kms.katalon.core.exception.StepFailedException: com.kms.katalon.core.webui.exception.WebElementNotFoundException: Web element with id: 'Object Repository/Form Verification/Premium short form/Page_Premium Enfamil Family Beginnings/h3_Exclusive monthly discounts on Enfamil.com' located by '//*[(text() = 'Exclusive monthly discounts on Enfamil.com.' or . = 'Exclusive monthly discounts on Enfamil.com.')]' not found
	at com.kms.katalon.core.webui.keyword.internal.WebUIKeywordMain.stepFailed(WebUIKeywordMain.groovy:64)
	at com.kms.katalon.core.webui.keyword.builtin.VerifyElementTextKeyword$_verifyElementText_closure1.doCall(VerifyElementTextKeyword.groovy:64)
	at com.kms.katalon.core.webui.keyword.builtin.VerifyElementTextKeyword$_verifyElementText_closure1.call(VerifyElementTextKeyword.groovy)
	at com.kms.katalon.core.webui.keyword.internal.WebUIKeywordMain.runKeyword(WebUIKeywordMain.groovy:20)
	at com.kms.katalon.core.webui.keyword.builtin.VerifyElementTextKeyword.verifyElementText(VerifyElementTextKeyword.groovy:72)
	at com.kms.katalon.core.webui.keyword.builtin.VerifyElementTextKeyword.execute(VerifyElementTextKeyword.groovy:40)
	at com.kms.katalon.core.keyword.internal.KeywordExecutor.executeKeywordForPlatform(KeywordExecutor.groovy:74)
	at com.kms.katalon.core.webui.keyword.WebUiBuiltInKeywords.verifyElementText(WebUiBuiltInKeywords.groovy:4749)
	at com.kms.katalon.core.webui.keyword.WebUiBuiltInKeywords$verifyElementText$5.call(Unknown Source)
	at Premium - short form Verification - UAT.run(Premium - short form Verification - UAT:95)
	at com.kms.katalon.core.main.ScriptEngine.run(ScriptEngine.java:194)
	at com.kms.katalon.core.main.ScriptEngine.runScriptAsRawText(ScriptEngine.java:119)
	at com.kms.katalon.core.main.TestCaseExecutor.runScript(TestCaseExecutor.java:445)
	at com.kms.katalon.core.main.TestCaseExecutor.doExecute(TestCaseExecutor.java:436)
	at com.kms.katalon.core.main.TestCaseExecutor.processExecutionPhase(TestCaseExecutor.java:415)
	at com.kms.katalon.core.main.TestCaseExecutor.accessMainPhase(TestCaseExecutor.java:407)
	at com.kms.katalon.core.main.TestCaseExecutor.execute(TestCaseExecutor.java:284)
	at com.kms.katalon.core.common.CommonExecutor.accessTestCaseMainPhase(CommonExecutor.java:65)
	at com.kms.katalon.core.main.TestSuiteExecutor.accessTestSuiteMainPhase(TestSuiteExecutor.java:144)
	at com.kms.katalon.core.main.TestSuiteExecutor.execute(TestSuiteExecutor.java:106)
	at com.kms.katalon.core.main.TestCaseMain.startTestSuite(TestCaseMain.java:185)
	at com.kms.katalon.core.main.TestCaseMain$startTestSuite$0.call(Unknown Source)
	at TempTestSuite1650304259606.run(TempTestSuite1650304259606.groovy:36)
)
[[ATTACHMENT|D:\\SmoketestSuite\\enfamilUS\\Reports\\20220418_232059\\SmokeTestCollection - Venkat\\SmokeTestSuite-Collection - UAT\\20220418_232059\\1650305419634.png]]

2022-04-18 23:40:19 - [TEST_STEP][PASSED] - verifyElementPresent(findTestObject("Object Repository/Form Verification/Premium short form/Page_Premium Enfamil Family Beginnings/h3_Over 200 in valuable Enfamil discounts"), 0): Object 'Object Repository/Form Verification/Premium short form/Page_Premium Enfamil Family Beginnings/h3_Over 200 in valuable Enfamil discounts' is present

2022-04-18 23:40:20 - [MESSAGE][WARNING] - Timeout '0' is invalid. Using default page load timeout: '5'

2022-04-18 23:40:20 - [MESSAGE][PASSED] - Object 'Object Repository/Form Verification/Premium short form/Page_Premium Enfamil Family Beginnings/h3_Over 200 in valuable Enfamil discounts' is present

2022-04-18 23:40:20 - [TEST_STEP][PASSED] - verifyElementText(findTestObject("Object Repository/Form Verification/Premium short form/Page_Premium Enfamil Family Beginnings/h3_Over 200 in valuable Enfamil discounts"), "Over $200 in valuable Enfamil discounts."): Actual text and expected text of test object 'Object Repository/Form Verification/Premium short form/Page_Premium Enfamil Family Beginnings/h3_Over 200 in valuable Enfamil discounts' are matched.

2022-04-18 23:40:20 - [MESSAGE][PASSED] - Actual text and expected text of test object 'Object Repository/Form Verification/Premium short form/Page_Premium Enfamil Family Beginnings/h3_Over 200 in valuable Enfamil discounts' are matched.

2022-04-18 23:40:20 - [TEST_STEP][PASSED] - verifyElementPresent(findTestObject("Object Repository/Form Verification/Premium short form/Page_Premium Enfamil Family Beginnings/a_Join Premium now"), 0): Object 'Object Repository/Form Verification/Premium short form/Page_Premium Enfamil Family Beginnings/a_Join Premium now' is present

2022-04-18 23:40:20 - [MESSAGE][WARNING] - Timeout '0' is invalid. Using default page load timeout: '5'

2022-04-18 23:40:21 - [MESSAGE][PASSED] - Object 'Object Repository/Form Verification/Premium short form/Page_Premium Enfamil Family Beginnings/a_Join Premium now' is present

2022-04-18 23:40:21 - [TEST_STEP][PASSED] - verifyElementText(findTestObject("Object Repository/Form Verification/Premium short form/Page_Premium Enfamil Family Beginnings/a_Join Premium now"), "Join Premium now"): Actual text and expected text of test object 'Object Repository/Form Verification/Premium short form/Page_Premium Enfamil Family Beginnings/a_Join Premium now' are matched.

2022-04-18 23:40:21 - [MESSAGE][PASSED] - Actual text and expected text of test object 'Object Repository/Form Verification/Premium short form/Page_Premium Enfamil Family Beginnings/a_Join Premium now' are matched.

2022-04-18 23:40:21 - [TEST_STEP][PASSED] - verifyElementPresent(findTestObject("Object Repository/Form Verification/Premium short form/Page_Premium Enfamil Family Beginnings/p_Ask a Nurse is currently not yet availabl_22ec0c"), 0): Object 'Object Repository/Form Verification/Premium short form/Page_Premium Enfamil Family Beginnings/p_Ask a Nurse is currently not yet availabl_22ec0c' is present

2022-04-18 23:40:21 - [MESSAGE][WARNING] - Timeout '0' is invalid. Using default page load timeout: '5'

2022-04-18 23:40:21 - [MESSAGE][PASSED] - Object 'Object Repository/Form Verification/Premium short form/Page_Premium Enfamil Family Beginnings/p_Ask a Nurse is currently not yet availabl_22ec0c' is present

2022-04-18 23:40:21 - [TEST_STEP][PASSED] - verifyElementText(findTestObject("Object Repository/Form Verification/Premium short form/Page_Premium Enfamil Family Beginnings/p_Ask a Nurse is currently not yet availabl_22ec0c"), "â€ Ask a Nurse is currently not yet available in the following states: AK, HI, MN, NV, OH, OR, PA, RI, VT, WA, DC."): Actual text and expected text of test object 'Object Repository/Form Verification/Premium short form/Page_Premium Enfamil Family Beginnings/p_Ask a Nurse is currently not yet availabl_22ec0c' are matched.

2022-04-18 23:40:22 - [MESSAGE][PASSED] - Actual text and expected text of test object 'Object Repository/Form Verification/Premium short form/Page_Premium Enfamil Family Beginnings/p_Ask a Nurse is currently not yet availabl_22ec0c' are matched.

2022-04-18 23:40:22 - [TEST_STEP][PASSED] - verifyElementPresent(findTestObject("Object Repository/Form Verification/Premium short form/Page_Premium Enfamil Family Beginnings/div_StandardPremiumPriceFree39.99Free Gifts_058466"), 0): Object 'Object Repository/Form Verification/Premium short form/Page_Premium Enfamil Family Beginnings/div_StandardPremiumPriceFree39.99Free Gifts_058466' is present

2022-04-18 23:40:22 - [MESSAGE][WARNING] - Timeout '0' is invalid. Using default page load timeout: '5'

2022-04-18 23:40:22 - [MESSAGE][PASSED] - Object 'Object Repository/Form Verification/Premium short form/Page_Premium Enfamil Family Beginnings/div_StandardPremiumPriceFree39.99Free Gifts_058466' is present

2022-04-18 23:40:22 - [TEST_STEP][PASSED] - verifyElementPresent(findTestObject("Object Repository/Form Verification/Premium short form/Page_Premium Enfamil Family Beginnings/div_StandardPremiumPriceFree39.99Free Gifts_058466"), 0): Object 'Object Repository/Form Verification/Premium short form/Page_Premium Enfamil Family Beginnings/div_StandardPremiumPriceFree39.99Free Gifts_058466' is present

2022-04-18 23:40:22 - [MESSAGE][WARNING] - Timeout '0' is invalid. Using default page load timeout: '5'

2022-04-18 23:40:23 - [MESSAGE][PASSED] - Object 'Object Repository/Form Verification/Premium short form/Page_Premium Enfamil Family Beginnings/div_StandardPremiumPriceFree39.99Free Gifts_058466' is present

2022-04-18 23:40:23 - [TEST_STEP][PASSED] - verifyElementPresent(findTestObject("Object Repository/Form Verification/Premium short form/Page_Premium Enfamil Family Beginnings/th_Standard"), 0): Object 'Object Repository/Form Verification/Premium short form/Page_Premium Enfamil Family Beginnings/th_Standard' is present

2022-04-18 23:40:23 - [MESSAGE][WARNING] - Timeout '0' is invalid. Using default page load timeout: '5'

2022-04-18 23:40:23 - [MESSAGE][PASSED] - Object 'Object Repository/Form Verification/Premium short form/Page_Premium Enfamil Family Beginnings/th_Standard' is present

2022-04-18 23:40:23 - [TEST_STEP][PASSED] - verifyElementPresent(findTestObject("Object Repository/Form Verification/Premium short form/Page_Premium Enfamil Family Beginnings/span_Standard"), 0): Object 'Object Repository/Form Verification/Premium short form/Page_Premium Enfamil Family Beginnings/span_Standard' is present

2022-04-18 23:40:23 - [MESSAGE][WARNING] - Timeout '0' is invalid. Using default page load timeout: '5'

2022-04-18 23:40:23 - [MESSAGE][PASSED] - Object 'Object Repository/Form Verification/Premium short form/Page_Premium Enfamil Family Beginnings/span_Standard' is present

2022-04-18 23:40:23 - [TEST_STEP][PASSED] - verifyElementText(findTestObject("Object Repository/Form Verification/Premium short form/Page_Premium Enfamil Family Beginnings/span_Standard"), "Standard**"): Actual text and expected text of test object 'Object Repository/Form Verification/Premium short form/Page_Premium Enfamil Family Beginnings/span_Standard' are matched.

2022-04-18 23:40:24 - [MESSAGE][PASSED] - Actual text and expected text of test object 'Object Repository/Form Verification/Premium short form/Page_Premium Enfamil Family Beginnings/span_Standard' are matched.

2022-04-18 23:40:24 - [TEST_STEP][PASSED] - verifyElementPresent(findTestObject("Object Repository/Form Verification/Premium short form/Page_Premium Enfamil Family Beginnings/th_Premium"), 0): Object 'Object Repository/Form Verification/Premium short form/Page_Premium Enfamil Family Beginnings/th_Premium' is present

2022-04-18 23:40:24 - [MESSAGE][WARNING] - Timeout '0' is invalid. Using default page load timeout: '5'

2022-04-18 23:40:24 - [MESSAGE][PASSED] - Object 'Object Repository/Form Verification/Premium short form/Page_Premium Enfamil Family Beginnings/th_Premium' is present

2022-04-18 23:40:24 - [TEST_STEP][PASSED] - verifyElementPresent(findTestObject("Object Repository/Form Verification/Premium short form/Page_Premium Enfamil Family Beginnings/span_Premium"), 0): Object 'Object Repository/Form Verification/Premium short form/Page_Premium Enfamil Family Beginnings/span_Premium' is present

2022-04-18 23:40:24 - [MESSAGE][WARNING] - Timeout '0' is invalid. Using default page load timeout: '5'

2022-04-18 23:40:24 - [MESSAGE][PASSED] - Object 'Object Repository/Form Verification/Premium short form/Page_Premium Enfamil Family Beginnings/span_Premium' is present

2022-04-18 23:40:24 - [TEST_STEP][PASSED] - verifyElementText(findTestObject("Object Repository/Form Verification/Premium short form/Page_Premium Enfamil Family Beginnings/span_Premium"), "Premium"): Actual text and expected text of test object 'Object Repository/Form Verification/Premium short form/Page_Premium Enfamil Family Beginnings/span_Premium' are matched.

2022-04-18 23:40:25 - [MESSAGE][PASSED] - Actual text and expected text of test object 'Object Repository/Form Verification/Premium short form/Page_Premium Enfamil Family Beginnings/span_Premium' are matched.

2022-04-18 23:40:25 - [TEST_STEP][PASSED] - verifyElementPresent(findTestObject("Object Repository/Form Verification/Premium short form/Page_Premium Enfamil Family Beginnings/p_Price"), 0): Object 'Object Repository/Form Verification/Premium short form/Page_Premium Enfamil Family Beginnings/p_Price' is present

2022-04-18 23:40:25 - [MESSAGE][WARNING] - Timeout '0' is invalid. Using default page load timeout: '5'

2022-04-18 23:40:25 - [MESSAGE][PASSED] - Object 'Object Repository/Form Verification/Premium short form/Page_Premium Enfamil Family Beginnings/p_Price' is present

2022-04-18 23:40:25 - [TEST_STEP][PASSED] - verifyElementText(findTestObject("Object Repository/Form Verification/Premium short form/Page_Premium Enfamil Family Beginnings/p_Price"), "Price"): Actual text and expected text of test object 'Object Repository/Form Verification/Premium short form/Page_Premium Enfamil Family Beginnings/p_Price' are matched.

2022-04-18 23:40:26 - [MESSAGE][PASSED] - Actual text and expected text of test object 'Object Repository/Form Verification/Premium short form/Page_Premium Enfamil Family Beginnings/p_Price' are matched.

2022-04-18 23:40:26 - [TEST_STEP][PASSED] - verifyElementPresent(findTestObject("Object Repository/Form Verification/Premium short form/Page_Premium Enfamil Family Beginnings/p_Free"), 0): Object 'Object Repository/Form Verification/Premium short form/Page_Premium Enfamil Family Beginnings/p_Free' is present

2022-04-18 23:40:26 - [MESSAGE][WARNING] - Timeout '0' is invalid. Using default page load timeout: '5'

2022-04-18 23:40:26 - [MESSAGE][PASSED] - Object 'Object Repository/Form Verification/Premium short form/Page_Premium Enfamil Family Beginnings/p_Free' is present

2022-04-18 23:40:26 - [TEST_STEP][PASSED] - verifyElementText(findTestObject("Object Repository/Form Verification/Premium short form/Page_Premium Enfamil Family Beginnings/p_Free"), "Free"): Actual text and expected text of test object 'Object Repository/Form Verification/Premium short form/Page_Premium Enfamil Family Beginnings/p_Free' are matched.

2022-04-18 23:40:27 - [MESSAGE][PASSED] - Actual text and expected text of test object 'Object Repository/Form Verification/Premium short form/Page_Premium Enfamil Family Beginnings/p_Free' are matched.

2022-04-18 23:40:27 - [TEST_STEP][PASSED] - verifyElementPresent(findTestObject("Object Repository/Form Verification/Premium short form/Page_Premium Enfamil Family Beginnings/p_39.99"), 0): Object 'Object Repository/Form Verification/Premium short form/Page_Premium Enfamil Family Beginnings/p_39.99' is present

2022-04-18 23:40:27 - [MESSAGE][WARNING] - Timeout '0' is invalid. Using default page load timeout: '5'

2022-04-18 23:40:27 - [MESSAGE][PASSED] - Object 'Object Repository/Form Verification/Premium short form/Page_Premium Enfamil Family Beginnings/p_39.99' is present

2022-04-18 23:40:27 - [TEST_STEP][PASSED] - verifyElementText(findTestObject("Object Repository/Form Verification/Premium short form/Page_Premium Enfamil Family Beginnings/p_39.99"), "$39.99"): Actual text and expected text of test object 'Object Repository/Form Verification/Premium short form/Page_Premium Enfamil Family Beginnings/p_39.99' are matched.

2022-04-18 23:40:27 - [MESSAGE][PASSED] - Actual text and expected text of test object 'Object Repository/Form Verification/Premium short form/Page_Premium Enfamil Family Beginnings/p_39.99' are matched.

2022-04-18 23:40:27 - [TEST_STEP][PASSED] - verifyElementPresent(findTestObject("Object Repository/Form Verification/Premium short form/Page_Premium Enfamil Family Beginnings/p_Free Gifts, Discounts and Checks"), 0): Object 'Object Repository/Form Verification/Premium short form/Page_Premium Enfamil Family Beginnings/p_Free Gifts, Discounts and Checks' is present

2022-04-18 23:40:28 - [MESSAGE][WARNING] - Timeout '0' is invalid. Using default page load timeout: '5'

2022-04-18 23:40:28 - [MESSAGE][PASSED] - Object 'Object Repository/Form Verification/Premium short form/Page_Premium Enfamil Family Beginnings/p_Free Gifts, Discounts and Checks' is present

2022-04-18 23:40:28 - [TEST_STEP][PASSED] - verifyElementText(findTestObject("Object Repository/Form Verification/Premium short form/Page_Premium Enfamil Family Beginnings/p_Free Gifts, Discounts and Checks"), "Free Gifts, Discounts and Checks"): Actual text and expected text of test object 'Object Repository/Form Verification/Premium short form/Page_Premium Enfamil Family Beginnings/p_Free Gifts, Discounts and Checks' are matched.

2022-04-18 23:40:29 - [MESSAGE][PASSED] - Actual text and expected text of test object 'Object Repository/Form Verification/Premium short form/Page_Premium Enfamil Family Beginnings/p_Free Gifts, Discounts and Checks' are matched.

2022-04-18 23:40:29 - [TEST_STEP][PASSED] - verifyElementPresent(findTestObject("Object Repository/Form Verification/Premium short form/Page_Premium Enfamil Family Beginnings/p_Up to 400"), 0): Object 'Object Repository/Form Verification/Premium short form/Page_Premium Enfamil Family Beginnings/p_Up to 400' is present

2022-04-18 23:40:29 - [MESSAGE][WARNING] - Timeout '0' is invalid. Using default page load timeout: '5'

2022-04-18 23:40:29 - [MESSAGE][PASSED] - Object 'Object Repository/Form Verification/Premium short form/Page_Premium Enfamil Family Beginnings/p_Up to 400' is present

2022-04-18 23:40:29 - [TEST_STEP][PASSED] - verifyElementText(findTestObject("Object Repository/Form Verification/Premium short form/Page_Premium Enfamil Family Beginnings/p_Up to 400"), "Up to $400**"): Actual text and expected text of test object 'Object Repository/Form Verification/Premium short form/Page_Premium Enfamil Family Beginnings/p_Up to 400' are matched.

2022-04-18 23:40:30 - [MESSAGE][PASSED] - Actual text and expected text of test object 'Object Repository/Form Verification/Premium short form/Page_Premium Enfamil Family Beginnings/p_Up to 400' are matched.

2022-04-18 23:40:30 - [TEST_STEP][PASSED] - verifyElementPresent(findTestObject("Object Repository/Form Verification/Premium short form/Page_Premium Enfamil Family Beginnings/p_Guaranteed 700"), 0): Object 'Object Repository/Form Verification/Premium short form/Page_Premium Enfamil Family Beginnings/p_Guaranteed 700' is present

2022-04-18 23:40:30 - [MESSAGE][WARNING] - Timeout '0' is invalid. Using default page load timeout: '5'

2022-04-18 23:40:30 - [MESSAGE][PASSED] - Object 'Object Repository/Form Verification/Premium short form/Page_Premium Enfamil Family Beginnings/p_Guaranteed 700' is present

2022-04-18 23:40:30 - [TEST_STEP][PASSED] - verifyElementText(findTestObject("Object Repository/Form Verification/Premium short form/Page_Premium Enfamil Family Beginnings/p_Guaranteed 700"), "Guaranteed $700"): Actual text and expected text of test object 'Object Repository/Form Verification/Premium short form/Page_Premium Enfamil Family Beginnings/p_Guaranteed 700' are matched.

2022-04-18 23:40:31 - [MESSAGE][PASSED] - Actual text and expected text of test object 'Object Repository/Form Verification/Premium short form/Page_Premium Enfamil Family Beginnings/p_Guaranteed 700' are matched.

2022-04-18 23:40:31 - [TEST_STEP][PASSED] - verifyElementPresent(findTestObject("Object Repository/Form Verification/Premium short form/Page_Premium Enfamil Family Beginnings/p_Enfamil Rewards Points"), 0): Object 'Object Repository/Form Verification/Premium short form/Page_Premium Enfamil Family Beginnings/p_Enfamil Rewards Points' is present

2022-04-18 23:40:31 - [MESSAGE][WARNING] - Timeout '0' is invalid. Using default page load timeout: '5'

2022-04-18 23:40:31 - [MESSAGE][PASSED] - Object 'Object Repository/Form Verification/Premium short form/Page_Premium Enfamil Family Beginnings/p_Enfamil Rewards Points' is present

2022-04-18 23:40:31 - [TEST_STEP][PASSED] - verifyElementText(findTestObject("Object Repository/Form Verification/Premium short form/Page_Premium Enfamil Family Beginnings/p_Enfamil Rewards Points"), "Enfamil Rewards Points"): Actual text and expected text of test object 'Object Repository/Form Verification/Premium short form/Page_Premium Enfamil Family Beginnings/p_Enfamil Rewards Points' are matched.

2022-04-18 23:40:32 - [MESSAGE][PASSED] - Actual text and expected text of test object 'Object Repository/Form Verification/Premium short form/Page_Premium Enfamil Family Beginnings/p_Enfamil Rewards Points' are matched.

2022-04-18 23:40:32 - [TEST_STEP][PASSED] - verifyElementPresent(findTestObject("Object Repository/Form Verification/Premium short form/Page_Premium Enfamil Family Beginnings/p_10 pointsdollar"), 0): Object 'Object Repository/Form Verification/Premium short form/Page_Premium Enfamil Family Beginnings/p_10 pointsdollar' is present

2022-04-18 23:40:32 - [MESSAGE][WARNING] - Timeout '0' is invalid. Using default page load timeout: '5'

2022-04-18 23:40:32 - [MESSAGE][PASSED] - Object 'Object Repository/Form Verification/Premium short form/Page_Premium Enfamil Family Beginnings/p_10 pointsdollar' is present

2022-04-18 23:40:32 - [TEST_STEP][PASSED] - verifyElementText(findTestObject("Object Repository/Form Verification/Premium short form/Page_Premium Enfamil Family Beginnings/p_10 pointsdollar"), "10 points/dollar"): Actual text and expected text of test object 'Object Repository/Form Verification/Premium short form/Page_Premium Enfamil Family Beginnings/p_10 pointsdollar' are matched.

2022-04-18 23:40:32 - [MESSAGE][PASSED] - Actual text and expected text of test object 'Object Repository/Form Verification/Premium short form/Page_Premium Enfamil Family Beginnings/p_10 pointsdollar' are matched.

2022-04-18 23:40:32 - [TEST_STEP][PASSED] - verifyElementPresent(findTestObject("Object Repository/Form Verification/Premium short form/Page_Premium Enfamil Family Beginnings/p_12 pointsdollar"), 0): Object 'Object Repository/Form Verification/Premium short form/Page_Premium Enfamil Family Beginnings/p_12 pointsdollar' is present

2022-04-18 23:40:33 - [MESSAGE][WARNING] - Timeout '0' is invalid. Using default page load timeout: '5'

2022-04-18 23:40:34 - [MESSAGE][PASSED] - Object 'Object Repository/Form Verification/Premium short form/Page_Premium Enfamil Family Beginnings/p_12 pointsdollar' is present

2022-04-18 23:40:34 - [TEST_STEP][PASSED] - verifyElementText(findTestObject("Object Repository/Form Verification/Premium short form/Page_Premium Enfamil Family Beginnings/p_12 pointsdollar"), "12 points/dollar"): Actual text and expected text of test object 'Object Repository/Form Verification/Premium short form/Page_Premium Enfamil Family Beginnings/p_12 pointsdollar' are matched.

2022-04-18 23:40:34 - [MESSAGE][PASSED] - Actual text and expected text of test object 'Object Repository/Form Verification/Premium short form/Page_Premium Enfamil Family Beginnings/p_12 pointsdollar' are matched.

2022-04-18 23:40:34 - [TEST_STEP][PASSED] - verifyElementPresent(findTestObject("Object Repository/Form Verification/Premium short form/Page_Premium Enfamil Family Beginnings/p_Digital Cash Back Rebates"), 0): Object 'Object Repository/Form Verification/Premium short form/Page_Premium Enfamil Family Beginnings/p_Digital Cash Back Rebates' is present

2022-04-18 23:40:35 - [MESSAGE][WARNING] - Timeout '0' is invalid. Using default page load timeout: '5'

2022-04-18 23:40:35 - [MESSAGE][PASSED] - Object 'Object Repository/Form Verification/Premium short form/Page_Premium Enfamil Family Beginnings/p_Digital Cash Back Rebates' is present

2022-04-18 23:40:35 - [TEST_STEP][PASSED] - verifyElementText(findTestObject("Object Repository/Form Verification/Premium short form/Page_Premium Enfamil Family Beginnings/p_Digital Cash Back Rebates"), "Digital Cash Back Rebates"): Actual text and expected text of test object 'Object Repository/Form Verification/Premium short form/Page_Premium Enfamil Family Beginnings/p_Digital Cash Back Rebates' are matched.

2022-04-18 23:40:36 - [MESSAGE][PASSED] - Actual text and expected text of test object 'Object Repository/Form Verification/Premium short form/Page_Premium Enfamil Family Beginnings/p_Digital Cash Back Rebates' are matched.

2022-04-18 23:40:36 - [TEST_STEP][PASSED] - verifyElementPresent(findTestObject("Object Repository/Form Verification/Premium short form/Page_Premium Enfamil Family Beginnings/p_2x more vs standard"), 0): Object 'Object Repository/Form Verification/Premium short form/Page_Premium Enfamil Family Beginnings/p_2x more vs standard' is present

2022-04-18 23:40:36 - [MESSAGE][WARNING] - Timeout '0' is invalid. Using default page load timeout: '5'

2022-04-18 23:40:36 - [MESSAGE][PASSED] - Object 'Object Repository/Form Verification/Premium short form/Page_Premium Enfamil Family Beginnings/p_2x more vs standard' is present

2022-04-18 23:40:36 - [TEST_STEP][PASSED] - verifyElementText(findTestObject("Object Repository/Form Verification/Premium short form/Page_Premium Enfamil Family Beginnings/p_2x more vs standard"), "2x more vs standard"): Actual text and expected text of test object 'Object Repository/Form Verification/Premium short form/Page_Premium Enfamil Family Beginnings/p_2x more vs standard' are matched.

2022-04-18 23:40:37 - [MESSAGE][PASSED] - Actual text and expected text of test object 'Object Repository/Form Verification/Premium short form/Page_Premium Enfamil Family Beginnings/p_2x more vs standard' are matched.

2022-04-18 23:40:37 - [TEST_STEP][PASSED] - verifyElementPresent(findTestObject("Object Repository/Form Verification/Premium short form/Page_Premium Enfamil Family Beginnings/p_Premium Welcome Box"), 0): Object 'Object Repository/Form Verification/Premium short form/Page_Premium Enfamil Family Beginnings/p_Premium Welcome Box' is present

2022-04-18 23:40:37 - [MESSAGE][WARNING] - Timeout '0' is invalid. Using default page load timeout: '5'

2022-04-18 23:40:38 - [MESSAGE][PASSED] - Object 'Object Repository/Form Verification/Premium short form/Page_Premium Enfamil Family Beginnings/p_Premium Welcome Box' is present

2022-04-18 23:40:38 - [TEST_STEP][PASSED] - verifyElementText(findTestObject("Object Repository/Form Verification/Premium short form/Page_Premium Enfamil Family Beginnings/p_Premium Welcome Box"), "Premium Welcome Box"): Actual text and expected text of test object 'Object Repository/Form Verification/Premium short form/Page_Premium Enfamil Family Beginnings/p_Premium Welcome Box' are matched.

2022-04-18 23:40:38 - [MESSAGE][PASSED] - Actual text and expected text of test object 'Object Repository/Form Verification/Premium short form/Page_Premium Enfamil Family Beginnings/p_Premium Welcome Box' are matched.

2022-04-18 23:40:38 - [TEST_STEP][PASSED] - verifyElementPresent(findTestObject("Object Repository/Form Verification/Premium short form/Page_Premium Enfamil Family Beginnings/p_Guaranteed Monthly Savings at Enfamil.com"), 0): Object 'Object Repository/Form Verification/Premium short form/Page_Premium Enfamil Family Beginnings/p_Guaranteed Monthly Savings at Enfamil.com' is present

2022-04-18 23:40:38 - [MESSAGE][WARNING] - Timeout '0' is invalid. Using default page load timeout: '5'

2022-04-18 23:40:39 - [MESSAGE][PASSED] - Object 'Object Repository/Form Verification/Premium short form/Page_Premium Enfamil Family Beginnings/p_Guaranteed Monthly Savings at Enfamil.com' is present

2022-04-18 23:40:39 - [TEST_STEP][PASSED] - verifyElementText(findTestObject("Object Repository/Form Verification/Premium short form/Page_Premium Enfamil Family Beginnings/p_Guaranteed Monthly Savings at Enfamil.com"), "Guaranteed Monthly Savings at Enfamil.com"): Actual text and expected text of test object 'Object Repository/Form Verification/Premium short form/Page_Premium Enfamil Family Beginnings/p_Guaranteed Monthly Savings at Enfamil.com' are matched.

2022-04-18 23:40:40 - [MESSAGE][PASSED] - Actual text and expected text of test object 'Object Repository/Form Verification/Premium short form/Page_Premium Enfamil Family Beginnings/p_Guaranteed Monthly Savings at Enfamil.com' are matched.

2022-04-18 23:40:40 - [TEST_STEP][PASSED] - verifyElementPresent(findTestObject("Object Repository/Form Verification/Premium short form/Page_Premium Enfamil Family Beginnings/p_Ask an RN powered by Abi Global Health"), 0): Object 'Object Repository/Form Verification/Premium short form/Page_Premium Enfamil Family Beginnings/p_Ask an RN powered by Abi Global Health' is present

2022-04-18 23:40:40 - [MESSAGE][WARNING] - Timeout '0' is invalid. Using default page load timeout: '5'

2022-04-18 23:40:40 - [MESSAGE][PASSED] - Object 'Object Repository/Form Verification/Premium short form/Page_Premium Enfamil Family Beginnings/p_Ask an RN powered by Abi Global Health' is present

2022-04-18 23:40:40 - [TEST_STEP][PASSED] - verifyElementText(findTestObject("Object Repository/Form Verification/Premium short form/Page_Premium Enfamil Family Beginnings/p_Ask an RN powered by Abi Global Health"), "Ask an RN powered by Abi Global Healthâ€ â€  "): Actual text and expected text of test object 'Object Repository/Form Verification/Premium short form/Page_Premium Enfamil Family Beginnings/p_Ask an RN powered by Abi Global Health' are matched.

2022-04-18 23:40:41 - [MESSAGE][PASSED] - Actual text and expected text of test object 'Object Repository/Form Verification/Premium short form/Page_Premium Enfamil Family Beginnings/p_Ask an RN powered by Abi Global Health' are matched.

2022-04-18 23:40:41 - [TEST_STEP][PASSED] - verifyElementPresent(findTestObject("Object Repository/Form Verification/Premium short form/Page_Premium Enfamil Family Beginnings/p_50 off Qeepsake Family and Baby Book Subs_f222c9"), 0): Object 'Object Repository/Form Verification/Premium short form/Page_Premium Enfamil Family Beginnings/p_50 off Qeepsake Family and Baby Book Subs_f222c9' is present

2022-04-18 23:40:41 - [MESSAGE][WARNING] - Timeout '0' is invalid. Using default page load timeout: '5'

2022-04-18 23:40:41 - [MESSAGE][PASSED] - Object 'Object Repository/Form Verification/Premium short form/Page_Premium Enfamil Family Beginnings/p_50 off Qeepsake Family and Baby Book Subs_f222c9' is present

2022-04-18 23:40:41 - [TEST_STEP][PASSED] - verifyElementText(findTestObject("Object Repository/Form Verification/Premium short form/Page_Premium Enfamil Family Beginnings/p_50 off Qeepsake Family and Baby Book Subs_f222c9"), "50% off Qeepsake Family and Baby Book Subscription Plus $40 Book Voucher"): Actual text and expected text of test object 'Object Repository/Form Verification/Premium short form/Page_Premium Enfamil Family Beginnings/p_50 off Qeepsake Family and Baby Book Subs_f222c9' are matched.

2022-04-18 23:40:42 - [MESSAGE][PASSED] - Actual text and expected text of test object 'Object Repository/Form Verification/Premium short form/Page_Premium Enfamil Family Beginnings/p_50 off Qeepsake Family and Baby Book Subs_f222c9' are matched.

2022-04-18 23:40:42 - [TEST_STEP][PASSED] - verifyElementPresent(findTestObject("Object Repository/Form Verification/Premium short form/Page_Premium Enfamil Family Beginnings/p_Benefits may vary.Limited to 5 micro-cons_1324de"), 0): Object 'Object Repository/Form Verification/Premium short form/Page_Premium Enfamil Family Beginnings/p_Benefits may vary.Limited to 5 micro-cons_1324de' is present

2022-04-18 23:40:42 - [MESSAGE][WARNING] - Timeout '0' is invalid. Using default page load timeout: '5'

2022-04-18 23:40:42 - [MESSAGE][PASSED] - Object 'Object Repository/Form Verification/Premium short form/Page_Premium Enfamil Family Beginnings/p_Benefits may vary.Limited to 5 micro-cons_1324de' is present

2022-04-18 23:40:42 - [TEST_STEP][PASSED] - verifyElementText(findTestObject("Object Repository/Form Verification/Premium short form/Page_Premium Enfamil Family Beginnings/p_Benefits may vary.Limited to 5 micro-cons_1324de"), "**Benefits may vary.
â€ â€ Limited to 5 micro-consultations per membership."): Actual text and expected text of test object 'Object Repository/Form Verification/Premium short form/Page_Premium Enfamil Family Beginnings/p_Benefits may vary.Limited to 5 micro-cons_1324de' are matched.

2022-04-18 23:40:43 - [MESSAGE][PASSED] - Actual text and expected text of test object 'Object Repository/Form Verification/Premium short form/Page_Premium Enfamil Family Beginnings/p_Benefits may vary.Limited to 5 micro-cons_1324de' are matched.

2022-04-18 23:40:43 - [TEST_STEP][PASSED] - verifyElementPresent(findTestObject("Object Repository/Form Verification/Premium short form/Page_Premium Enfamil Family Beginnings/div_PREMIUM ENFAMIL FAMILY BEGINNINGS"), 0): Object 'Object Repository/Form Verification/Premium short form/Page_Premium Enfamil Family Beginnings/div_PREMIUM ENFAMIL FAMILY BEGINNINGS' is present

2022-04-18 23:40:43 - [MESSAGE][WARNING] - Timeout '0' is invalid. Using default page load timeout: '5'

2022-04-18 23:40:43 - [MESSAGE][PASSED] - Object 'Object Repository/Form Verification/Premium short form/Page_Premium Enfamil Family Beginnings/div_PREMIUM ENFAMIL FAMILY BEGINNINGS' is present

2022-04-18 23:40:43 - [TEST_STEP][PASSED] - verifyElementText(findTestObject("Object Repository/Form Verification/Premium short form/Page_Premium Enfamil Family Beginnings/div_PREMIUM ENFAMIL FAMILY BEGINNINGS"), "PREMIUM ENFAMIL FAMILY BEGINNINGS"): Actual text and expected text of test object 'Object Repository/Form Verification/Premium short form/Page_Premium Enfamil Family Beginnings/div_PREMIUM ENFAMIL FAMILY BEGINNINGS' are matched.

2022-04-18 23:40:44 - [MESSAGE][PASSED] - Actual text and expected text of test object 'Object Repository/Form Verification/Premium short form/Page_Premium Enfamil Family Beginnings/div_PREMIUM ENFAMIL FAMILY BEGINNINGS' are matched.

2022-04-18 23:40:44 - [TEST_STEP][PASSED] - verifyElementPresent(findTestObject("Object Repository/Form Verification/Premium short form/Page_Premium Enfamil Family Beginnings/h3_Join today for your Premium Welcome Gift_ec768f"), 0): Object 'Object Repository/Form Verification/Premium short form/Page_Premium Enfamil Family Beginnings/h3_Join today for your Premium Welcome Gift_ec768f' is present

2022-04-18 23:40:44 - [MESSAGE][WARNING] - Timeout '0' is invalid. Using default page load timeout: '5'

2022-04-18 23:40:44 - [MESSAGE][PASSED] - Object 'Object Repository/Form Verification/Premium short form/Page_Premium Enfamil Family Beginnings/h3_Join today for your Premium Welcome Gift_ec768f' is present

2022-04-18 23:40:44 - [TEST_STEP][PASSED] - verifyElementText(findTestObject("Object Repository/Form Verification/Premium short form/Page_Premium Enfamil Family Beginnings/h3_Join today for your Premium Welcome Gift_ec768f"), "Join today for your Premium Welcome Gift, exclusive offers and so much more!"): Actual text and expected text of test object 'Object Repository/Form Verification/Premium short form/Page_Premium Enfamil Family Beginnings/h3_Join today for your Premium Welcome Gift_ec768f' are matched.

2022-04-18 23:40:45 - [MESSAGE][PASSED] - Actual text and expected text of test object 'Object Repository/Form Verification/Premium short form/Page_Premium Enfamil Family Beginnings/h3_Join today for your Premium Welcome Gift_ec768f' are matched.

2022-04-18 23:40:45 - [TEST_STEP][PASSED] - verifyElementPresent(findTestObject("Form Verification/Premium short form/Page_Premium Enfamil Family Beginnings/input_First name_registerGivenNameField_1"), 0): Object 'Object Repository/Form Verification/Premium short form/Page_Premium Enfamil Family Beginnings/input_First name_registerGivenNameField_1' is present

2022-04-18 23:40:45 - [MESSAGE][WARNING] - Timeout '0' is invalid. Using default page load timeout: '5'

2022-04-18 23:40:45 - [MESSAGE][PASSED] - Object 'Object Repository/Form Verification/Premium short form/Page_Premium Enfamil Family Beginnings/input_First name_registerGivenNameField_1' is present

2022-04-18 23:40:45 - [TEST_STEP][PASSED] - verifyElementClickable(findTestObject("Form Verification/Premium short form/Page_Premium Enfamil Family Beginnings/input_First name_registerGivenNameField_1")): Object 'Object Repository/Form Verification/Premium short form/Page_Premium Enfamil Family Beginnings/input_First name_registerGivenNameField_1' is clickable

2022-04-18 23:40:46 - [MESSAGE][PASSED] - Object 'Object Repository/Form Verification/Premium short form/Page_Premium Enfamil Family Beginnings/input_First name_registerGivenNameField_1' is clickable

2022-04-18 23:40:46 - [TEST_STEP][PASSED] - verifyElementPresent(findTestObject("Object Repository/Form Verification/Premium short form/Page_Premium Enfamil Family Beginnings/input_Last name_registerFamilyNameField_1"), 0): Object 'Object Repository/Form Verification/Premium short form/Page_Premium Enfamil Family Beginnings/input_Last name_registerFamilyNameField_1' is present

2022-04-18 23:40:46 - [MESSAGE][WARNING] - Timeout '0' is invalid. Using default page load timeout: '5'

2022-04-18 23:40:46 - [MESSAGE][PASSED] - Object 'Object Repository/Form Verification/Premium short form/Page_Premium Enfamil Family Beginnings/input_Last name_registerFamilyNameField_1' is present

2022-04-18 23:40:46 - [TEST_STEP][PASSED] - verifyElementClickable(findTestObject("Form Verification/Premium short form/Page_Premium Enfamil Family Beginnings/input_Last name_registerFamilyNameField_1")): Object 'Object Repository/Form Verification/Premium short form/Page_Premium Enfamil Family Beginnings/input_Last name_registerFamilyNameField_1' is clickable

2022-04-18 23:40:46 - [MESSAGE][PASSED] - Object 'Object Repository/Form Verification/Premium short form/Page_Premium Enfamil Family Beginnings/input_Last name_registerFamilyNameField_1' is clickable

2022-04-18 23:40:46 - [TEST_STEP][PASSED] - verifyElementPresent(findTestObject("Object Repository/Form Verification/Premium short form/Page_Premium Enfamil Family Beginnings/input_Email_registerEmailField_1"), 0): Object 'Object Repository/Form Verification/Premium short form/Page_Premium Enfamil Family Beginnings/input_Email_registerEmailField_1' is present

2022-04-18 23:40:47 - [MESSAGE][WARNING] - Timeout '0' is invalid. Using default page load timeout: '5'

2022-04-18 23:40:47 - [MESSAGE][PASSED] - Object 'Object Repository/Form Verification/Premium short form/Page_Premium Enfamil Family Beginnings/input_Email_registerEmailField_1' is present

2022-04-18 23:40:47 - [TEST_STEP][PASSED] - verifyElementClickable(findTestObject("Form Verification/Premium short form/Page_Premium Enfamil Family Beginnings/input_Email_registerEmailField_1")): Object 'Object Repository/Form Verification/Premium short form/Page_Premium Enfamil Family Beginnings/input_Email_registerEmailField_1' is clickable

2022-04-18 23:40:48 - [MESSAGE][PASSED] - Object 'Object Repository/Form Verification/Premium short form/Page_Premium Enfamil Family Beginnings/input_Email_registerEmailField_1' is clickable

2022-04-18 23:40:48 - [TEST_STEP][PASSED] - verifyElementPresent(findTestObject("Object Repository/Form Verification/Premium short form/Page_Premium Enfamil Family Beginnings/input_Password_registerPasswordField_1"), 0): Object 'Object Repository/Form Verification/Premium short form/Page_Premium Enfamil Family Beginnings/input_Password_registerPasswordField_1' is present

2022-04-18 23:40:48 - [MESSAGE][WARNING] - Timeout '0' is invalid. Using default page load timeout: '5'

2022-04-18 23:40:48 - [MESSAGE][PASSED] - Object 'Object Repository/Form Verification/Premium short form/Page_Premium Enfamil Family Beginnings/input_Password_registerPasswordField_1' is present

2022-04-18 23:40:48 - [TEST_STEP][PASSED] - verifyElementClickable(findTestObject("Form Verification/Premium short form/Page_Premium Enfamil Family Beginnings/input_Password_registerPasswordField_1")): Object 'Object Repository/Form Verification/Premium short form/Page_Premium Enfamil Family Beginnings/input_Password_registerPasswordField_1' is clickable

2022-04-18 23:40:49 - [MESSAGE][PASSED] - Object 'Object Repository/Form Verification/Premium short form/Page_Premium Enfamil Family Beginnings/input_Password_registerPasswordField_1' is clickable

2022-04-18 23:40:49 - [TEST_STEP][PASSED] - verifyElementPresent(findTestObject("Object Repository/Form Verification/Premium short form/Page_Premium Enfamil Family Beginnings/button_Hide"), 0): Object 'Object Repository/Form Verification/Premium short form/Page_Premium Enfamil Family Beginnings/button_Hide' is present

2022-04-18 23:40:49 - [MESSAGE][WARNING] - Timeout '0' is invalid. Using default page load timeout: '5'

2022-04-18 23:40:50 - [MESSAGE][PASSED] - Object 'Object Repository/Form Verification/Premium short form/Page_Premium Enfamil Family Beginnings/button_Hide' is present

2022-04-18 23:40:50 - [TEST_STEP][PASSED] - verifyElementClickable(findTestObject("Object Repository/Form Verification/Premium short form/Page_Premium Enfamil Family Beginnings/button_Hide")): Object 'Object Repository/Form Verification/Premium short form/Page_Premium Enfamil Family Beginnings/button_Hide' is clickable

2022-04-18 23:40:50 - [MESSAGE][PASSED] - Object 'Object Repository/Form Verification/Premium short form/Page_Premium Enfamil Family Beginnings/button_Hide' is clickable

2022-04-18 23:40:50 - [TEST_STEP][PASSED] - verifyElementPresent(findTestObject("Object Repository/Form Verification/Premium short form/Page_Premium Enfamil Family Beginnings/div_Password must containAt least 8 charact_619724"), 0): Object 'Object Repository/Form Verification/Premium short form/Page_Premium Enfamil Family Beginnings/div_Password must containAt least 8 charact_619724' is present

2022-04-18 23:40:51 - [MESSAGE][WARNING] - Timeout '0' is invalid. Using default page load timeout: '5'

2022-04-18 23:40:51 - [MESSAGE][PASSED] - Object 'Object Repository/Form Verification/Premium short form/Page_Premium Enfamil Family Beginnings/div_Password must containAt least 8 charact_619724' is present

2022-04-18 23:40:51 - [TEST_STEP][PASSED] - verifyElementText(findTestObject("Object Repository/Form Verification/Premium short form/Page_Premium Enfamil Family Beginnings/div_Password must containAt least 8 charact_619724"), "Password must contain:
At least 8 characters
A lowercase letter
An uppercase letter
A number
A special character
Must not be your email address"): Actual text and expected text of test object 'Object Repository/Form Verification/Premium short form/Page_Premium Enfamil Family Beginnings/div_Password must containAt least 8 charact_619724' are matched.

2022-04-18 23:40:52 - [MESSAGE][PASSED] - Actual text and expected text of test object 'Object Repository/Form Verification/Premium short form/Page_Premium Enfamil Family Beginnings/div_Password must containAt least 8 charact_619724' are matched.

2022-04-18 23:40:52 - [TEST_STEP][PASSED] - verifyElementPresent(findTestObject("Object Repository/Form Verification/Premium short form/Page_Premium Enfamil Family Beginnings/button_Next"), 0): Object 'Object Repository/Form Verification/Premium short form/Page_Premium Enfamil Family Beginnings/button_Next' is present

2022-04-18 23:40:53 - [MESSAGE][WARNING] - Timeout '0' is invalid. Using default page load timeout: '5'

2022-04-18 23:40:53 - [MESSAGE][PASSED] - Object 'Object Repository/Form Verification/Premium short form/Page_Premium Enfamil Family Beginnings/button_Next' is present

2022-04-18 23:40:53 - [TEST_STEP][PASSED] - verifyElementText(findTestObject("Object Repository/Form Verification/Premium short form/Page_Premium Enfamil Family Beginnings/button_Next"), "Next"): Actual text and expected text of test object 'Object Repository/Form Verification/Premium short form/Page_Premium Enfamil Family Beginnings/button_Next' are matched.

2022-04-18 23:40:54 - [MESSAGE][PASSED] - Actual text and expected text of test object 'Object Repository/Form Verification/Premium short form/Page_Premium Enfamil Family Beginnings/button_Next' are matched.

2022-04-18 23:40:54 - [TEST_STEP][PASSED] - closeBrowser(): Browser is closed

2022-04-18 23:40:58 - [MESSAGE][PASSED] - Browser is closed]]></system-out>
         <system-err><![CDATA[2022-04-18 23:39:27 - [TEST_CASE][FAILED] - Test Cases/Venkat/Forms Verification/Premium - short form Verification - UAT: Test Cases/Venkat/Forms Verification/Premium - short form Verification - UAT FAILED.
Reason:
com.kms.katalon.core.exception.StepFailedException: Actual text 'For just $39.99 get $700 in value, including a welcome gift of Enfamil products, coupons, exclusive partner offers and so much more!' and expected text 'Join Premium for $39.99 and get guaranteed $700 in value including these exclusive benefits:' of test object 'Object Repository/Form Verification/Premium short form/Page_Premium Enfamil Family Beginnings/h2_Join Premium for 39.99 and get guarantee_e921a3' are NOT matched. (Root cause: com.kms.katalon.core.exception.StepFailedException: Actual text 'For just $39.99 get $700 in value, including a welcome gift of Enfamil products, coupons, exclusive partner offers and so much more!' and expected text 'Join Premium for $39.99 and get guaranteed $700 in value including these exclusive benefits:' of test object 'Object Repository/Form Verification/Premium short form/Page_Premium Enfamil Family Beginnings/h2_Join Premium for 39.99 and get guarantee_e921a3' are NOT matched.
	at com.kms.katalon.core.webui.keyword.internal.WebUIKeywordMain.stepFailed(WebUIKeywordMain.groovy:64)
	at com.kms.katalon.core.webui.keyword.builtin.VerifyElementTextKeyword$_verifyElementText_closure1.doCall(VerifyElementTextKeyword.groovy:57)
	at com.kms.katalon.core.webui.keyword.builtin.VerifyElementTextKeyword$_verifyElementText_closure1.call(VerifyElementTextKeyword.groovy)
	at com.kms.katalon.core.webui.keyword.internal.WebUIKeywordMain.runKeyword(WebUIKeywordMain.groovy:20)
	at com.kms.katalon.core.webui.keyword.builtin.VerifyElementTextKeyword.verifyElementText(VerifyElementTextKeyword.groovy:72)
	at com.kms.katalon.core.webui.keyword.builtin.VerifyElementTextKeyword.execute(VerifyElementTextKeyword.groovy:40)
	at com.kms.katalon.core.keyword.internal.KeywordExecutor.executeKeywordForPlatform(KeywordExecutor.groovy:74)
	at com.kms.katalon.core.webui.keyword.WebUiBuiltInKeywords.verifyElementText(WebUiBuiltInKeywords.groovy:4749)
	at com.kms.katalon.core.webui.keyword.WebUiBuiltInKeywords$verifyElementText$5.call(Unknown Source)
	at Premium - short form Verification - UAT.run(Premium - short form Verification - UAT:65)
	at com.kms.katalon.core.main.ScriptEngine.run(ScriptEngine.java:194)
	at com.kms.katalon.core.main.ScriptEngine.runScriptAsRawText(ScriptEngine.java:119)
	at com.kms.katalon.core.main.TestCaseExecutor.runScript(TestCaseExecutor.java:445)
	at com.kms.katalon.core.main.TestCaseExecutor.doExecute(TestCaseExecutor.java:436)
	at com.kms.katalon.core.main.TestCaseExecutor.processExecutionPhase(TestCaseExecutor.java:415)
	at com.kms.katalon.core.main.TestCaseExecutor.accessMainPhase(TestCaseExecutor.java:407)
	at com.kms.katalon.core.main.TestCaseExecutor.execute(TestCaseExecutor.java:284)
	at com.kms.katalon.core.common.CommonExecutor.accessTestCaseMainPhase(CommonExecutor.java:65)
	at com.kms.katalon.core.main.TestSuiteExecutor.accessTestSuiteMainPhase(TestSuiteExecutor.java:144)
	at com.kms.katalon.core.main.TestSuiteExecutor.execute(TestSuiteExecutor.java:106)
	at com.kms.katalon.core.main.TestCaseMain.startTestSuite(TestCaseMain.java:185)
	at com.kms.katalon.core.main.TestCaseMain$startTestSuite$0.call(Unknown Source)
	at TempTestSuite1650304259606.run(TempTestSuite1650304259606.groovy:36)
)
	at com.kms.katalon.core.keyword.internal.KeywordMain.stepFailed(KeywordMain.groovy:39)
	at com.kms.katalon.core.webui.keyword.internal.WebUIKeywordMain.stepFailed(WebUIKeywordMain.groovy:64)
	at com.kms.katalon.core.webui.keyword.builtin.VerifyElementTextKeyword$_verifyElementText_closure1.doCall(VerifyElementTextKeyword.groovy:57)
	at com.kms.katalon.core.webui.keyword.builtin.VerifyElementTextKeyword$_verifyElementText_closure1.call(VerifyElementTextKeyword.groovy)
	at com.kms.katalon.core.webui.keyword.internal.WebUIKeywordMain.runKeyword(WebUIKeywordMain.groovy:20)
	at com.kms.katalon.core.webui.keyword.builtin.VerifyElementTextKeyword.verifyElementText(VerifyElementTextKeyword.groovy:72)
	at com.kms.katalon.core.webui.keyword.builtin.VerifyElementTextKeyword.execute(VerifyElementTextKeyword.groovy:40)
	at com.kms.katalon.core.keyword.internal.KeywordExecutor.executeKeywordForPlatform(KeywordExecutor.groovy:74)
	at com.kms.katalon.core.webui.keyword.WebUiBuiltInKeywords.verifyElementText(WebUiBuiltInKeywords.groovy:4749)
	at com.kms.katalon.core.webui.keyword.WebUiBuiltInKeywords$verifyElementText$5.call(Unknown Source)
	at Premium - short form Verification - UAT.run(Premium - short form Verification - UAT:65)
	at com.kms.katalon.core.main.ScriptEngine.run(ScriptEngine.java:194)
	at com.kms.katalon.core.main.ScriptEngine.runScriptAsRawText(ScriptEngine.java:119)
	at com.kms.katalon.core.main.TestCaseExecutor.runScript(TestCaseExecutor.java:445)
	at com.kms.katalon.core.main.TestCaseExecutor.doExecute(TestCaseExecutor.java:436)
	at com.kms.katalon.core.main.TestCaseExecutor.processExecutionPhase(TestCaseExecutor.java:415)
	at com.kms.katalon.core.main.TestCaseExecutor.accessMainPhase(TestCaseExecutor.java:407)
	at com.kms.katalon.core.main.TestCaseExecutor.execute(TestCaseExecutor.java:284)
	at com.kms.katalon.core.common.CommonExecutor.accessTestCaseMainPhase(CommonExecutor.java:65)
	at com.kms.katalon.core.main.TestSuiteExecutor.accessTestSuiteMainPhase(TestSuiteExecutor.java:144)
	at com.kms.katalon.core.main.TestSuiteExecutor.execute(TestSuiteExecutor.java:106)
	at com.kms.katalon.core.main.TestCaseMain.startTestSuite(TestCaseMain.java:185)
	at com.kms.katalon.core.main.TestCaseMain$startTestSuite$0.call(Unknown Source)
	at TempTestSuite1650304259606.run(TempTestSuite1650304259606.groovy:36)
Caused by: com.kms.katalon.core.exception.StepFailedException: Actual text 'For just $39.99 get $700 in value, including a welcome gift of Enfamil products, coupons, exclusive partner offers and so much more!' and expected text 'Join Premium for $39.99 and get guaranteed $700 in value including these exclusive benefits:' of test object 'Object Repository/Form Verification/Premium short form/Page_Premium Enfamil Family Beginnings/h2_Join Premium for 39.99 and get guarantee_e921a3' are NOT matched.
	... 23 more]]></system-err>
      </testcase>
      <testcase name="Test Cases/Venkat/Forms Verification/Rebates - Form Verification - UAT" time="60.325" classname="Test Cases/Venkat/Forms Verification/Rebates - Form Verification - UAT" status="FAILED">
         <failure type="FAILED" message="Test Cases/Venkat/Forms Verification/Rebates - Form Verification - UAT FAILED.
Reason:
com.kms.katalon.core.exception.StepFailedException: com.kms.katalon.core.webui.exception.WebElementNotFoundException: Web element with id: 'Object Repository/Form Verification/Rebates Form/Page_/h5_Access other offers and cash back option_d885a7' located by '//h4[(text() = 'Access other offers and cash back options on our mobileÂ app!' or . = 'Access other offers and cash back options on our mobileÂ app!')]' not found (Root cause: com.kms.katalon.core.exception.StepFailedException: com.kms.katalon.core.webui.exception.WebElementNotFoundException: Web element with id: 'Object Repository/Form Verification/Rebates Form/Page_/h5_Access other offers and cash back option_d885a7' located by '//h4[(text() = 'Access other offers and cash back options on our mobileÂ app!' or . = 'Access other offers and cash back options on our mobileÂ app!')]' not found
	at com.kms.katalon.core.webui.keyword.internal.WebUIKeywordMain.stepFailed(WebUIKeywordMain.groovy:64)
	at com.kms.katalon.core.webui.keyword.builtin.VerifyElementPresentKeyword$_verifyElementPresent_closure1.doCall(VerifyElementPresentKeyword.groovy:85)
	at com.kms.katalon.core.webui.keyword.builtin.VerifyElementPresentKeyword$_verifyElementPresent_closure1.call(VerifyElementPresentKeyword.groovy)
	at com.kms.katalon.core.webui.keyword.internal.WebUIKeywordMain.runKeyword(WebUIKeywordMain.groovy:20)
	at com.kms.katalon.core.webui.keyword.builtin.VerifyElementPresentKeyword.verifyElementPresent(VerifyElementPresentKeyword.groovy:92)
	at com.kms.katalon.core.webui.keyword.builtin.VerifyElementPresentKeyword.execute(VerifyElementPresentKeyword.groovy:68)
	at com.kms.katalon.core.keyword.internal.KeywordExecutor.executeKeywordForPlatform(KeywordExecutor.groovy:74)
	at com.kms.katalon.core.webui.keyword.WebUiBuiltInKeywords.verifyElementPresent(WebUiBuiltInKeywords.groovy:1464)
	at com.kms.katalon.core.webui.keyword.WebUiBuiltInKeywords$verifyElementPresent$4.call(Unknown Source)
	at Rebates - Form Verification - UAT.run(Rebates - Form Verification - UAT:51)
	at com.kms.katalon.core.main.ScriptEngine.run(ScriptEngine.java:194)
	at com.kms.katalon.core.main.ScriptEngine.runScriptAsRawText(ScriptEngine.java:119)
	at com.kms.katalon.core.main.TestCaseExecutor.runScript(TestCaseExecutor.java:445)
	at com.kms.katalon.core.main.TestCaseExecutor.doExecute(TestCaseExecutor.java:436)
	at com.kms.katalon.core.main.TestCaseExecutor.processExecutionPhase(TestCaseExecutor.java:415)
	at com.kms.katalon.core.main.TestCaseExecutor.accessMainPhase(TestCaseExecutor.java:407)
	at com.kms.katalon.core.main.TestCaseExecutor.execute(TestCaseExecutor.java:284)
	at com.kms.katalon.core.common.CommonExecutor.accessTestCaseMainPhase(CommonExecutor.java:65)
	at com.kms.katalon.core.main.TestSuiteExecutor.accessTestSuiteMainPhase(TestSuiteExecutor.java:144)
	at com.kms.katalon.core.main.TestSuiteExecutor.execute(TestSuiteExecutor.java:106)
	at com.kms.katalon.core.main.TestCaseMain.startTestSuite(TestCaseMain.java:185)
	at com.kms.katalon.core.main.TestCaseMain$startTestSuite$0.call(Unknown Source)
	at TempTestSuite1650304259606.run(TempTestSuite1650304259606.groovy:36)
)
	at com.kms.katalon.core.keyword.internal.KeywordMain.stepFailed(KeywordMain.groovy:39)
	at com.kms.katalon.core.webui.keyword.internal.WebUIKeywordMain.stepFailed(WebUIKeywordMain.groovy:64)
	at com.kms.katalon.core.webui.keyword.builtin.VerifyElementPresentKeyword$_verifyElementPresent_closure1.doCall(VerifyElementPresentKeyword.groovy:85)
	at com.kms.katalon.core.webui.keyword.builtin.VerifyElementPresentKeyword$_verifyElementPresent_closure1.call(VerifyElementPresentKeyword.groovy)
	at com.kms.katalon.core.webui.keyword.internal.WebUIKeywordMain.runKeyword(WebUIKeywordMain.groovy:20)
	at com.kms.katalon.core.webui.keyword.builtin.VerifyElementPresentKeyword.verifyElementPresent(VerifyElementPresentKeyword.groovy:92)
	at com.kms.katalon.core.webui.keyword.builtin.VerifyElementPresentKeyword.execute(VerifyElementPresentKeyword.groovy:68)
	at com.kms.katalon.core.keyword.internal.KeywordExecutor.executeKeywordForPlatform(KeywordExecutor.groovy:74)
	at com.kms.katalon.core.webui.keyword.WebUiBuiltInKeywords.verifyElementPresent(WebUiBuiltInKeywords.groovy:1464)
	at com.kms.katalon.core.webui.keyword.WebUiBuiltInKeywords$verifyElementPresent$4.call(Unknown Source)
	at Rebates - Form Verification - UAT.run(Rebates - Form Verification - UAT:51)
	at com.kms.katalon.core.main.ScriptEngine.run(ScriptEngine.java:194)
	at com.kms.katalon.core.main.ScriptEngine.runScriptAsRawText(ScriptEngine.java:119)
	at com.kms.katalon.core.main.TestCaseExecutor.runScript(TestCaseExecutor.java:445)
	at com.kms.katalon.core.main.TestCaseExecutor.doExecute(TestCaseExecutor.java:436)
	at com.kms.katalon.core.main.TestCaseExecutor.processExecutionPhase(TestCaseExecutor.java:415)
	at com.kms.katalon.core.main.TestCaseExecutor.accessMainPhase(TestCaseExecutor.java:407)
	at com.kms.katalon.core.main.TestCaseExecutor.execute(TestCaseExecutor.java:284)
	at com.kms.katalon.core.common.CommonExecutor.accessTestCaseMainPhase(CommonExecutor.java:65)
	at com.kms.katalon.core.main.TestSuiteExecutor.accessTestSuiteMainPhase(TestSuiteExecutor.java:144)
	at com.kms.katalon.core.main.TestSuiteExecutor.execute(TestSuiteExecutor.java:106)
	at com.kms.katalon.core.main.TestCaseMain.startTestSuite(TestCaseMain.java:185)
	at com.kms.katalon.core.main.TestCaseMain$startTestSuite$0.call(Unknown Source)
	at TempTestSuite1650304259606.run(TempTestSuite1650304259606.groovy:36)
Caused by: com.kms.katalon.core.exception.StepFailedException: com.kms.katalon.core.webui.exception.WebElementNotFoundException: Web element with id: 'Object Repository/Form Verification/Rebates Form/Page_/h5_Access other offers and cash back option_d885a7' located by '//h4[(text() = 'Access other offers and cash back options on our mobileÂ app!' or . = 'Access other offers and cash back options on our mobileÂ app!')]' not found
	... 23 more
"/>
         <system-out><![CDATA[2022-04-18 23:40:58 - [TEST_CASE][FAILED] - Test Cases/Venkat/Forms Verification/Rebates - Form Verification - UAT: Test Cases/Venkat/Forms Verification/Rebates - Form Verification - UAT FAILED.
Reason:
com.kms.katalon.core.exception.StepFailedException: com.kms.katalon.core.webui.exception.WebElementNotFoundException: Web element with id: 'Object Repository/Form Verification/Rebates Form/Page_/h5_Access other offers and cash back option_d885a7' located by '//h4[(text() = 'Access other offers and cash back options on our mobileÂ app!' or . = 'Access other offers and cash back options on our mobileÂ app!')]' not found (Root cause: com.kms.katalon.core.exception.StepFailedException: com.kms.katalon.core.webui.exception.WebElementNotFoundException: Web element with id: 'Object Repository/Form Verification/Rebates Form/Page_/h5_Access other offers and cash back option_d885a7' located by '//h4[(text() = 'Access other offers and cash back options on our mobileÂ app!' or . = 'Access other offers and cash back options on our mobileÂ app!')]' not found
	at com.kms.katalon.core.webui.keyword.internal.WebUIKeywordMain.stepFailed(WebUIKeywordMain.groovy:64)
	at com.kms.katalon.core.webui.keyword.builtin.VerifyElementPresentKeyword$_verifyElementPresent_closure1.doCall(VerifyElementPresentKeyword.groovy:85)
	at com.kms.katalon.core.webui.keyword.builtin.VerifyElementPresentKeyword$_verifyElementPresent_closure1.call(VerifyElementPresentKeyword.groovy)
	at com.kms.katalon.core.webui.keyword.internal.WebUIKeywordMain.runKeyword(WebUIKeywordMain.groovy:20)
	at com.kms.katalon.core.webui.keyword.builtin.VerifyElementPresentKeyword.verifyElementPresent(VerifyElementPresentKeyword.groovy:92)
	at com.kms.katalon.core.webui.keyword.builtin.VerifyElementPresentKeyword.execute(VerifyElementPresentKeyword.groovy:68)
	at com.kms.katalon.core.keyword.internal.KeywordExecutor.executeKeywordForPlatform(KeywordExecutor.groovy:74)
	at com.kms.katalon.core.webui.keyword.WebUiBuiltInKeywords.verifyElementPresent(WebUiBuiltInKeywords.groovy:1464)
	at com.kms.katalon.core.webui.keyword.WebUiBuiltInKeywords$verifyElementPresent$4.call(Unknown Source)
	at Rebates - Form Verification - UAT.run(Rebates - Form Verification - UAT:51)
	at com.kms.katalon.core.main.ScriptEngine.run(ScriptEngine.java:194)
	at com.kms.katalon.core.main.ScriptEngine.runScriptAsRawText(ScriptEngine.java:119)
	at com.kms.katalon.core.main.TestCaseExecutor.runScript(TestCaseExecutor.java:445)
	at com.kms.katalon.core.main.TestCaseExecutor.doExecute(TestCaseExecutor.java:436)
	at com.kms.katalon.core.main.TestCaseExecutor.processExecutionPhase(TestCaseExecutor.java:415)
	at com.kms.katalon.core.main.TestCaseExecutor.accessMainPhase(TestCaseExecutor.java:407)
	at com.kms.katalon.core.main.TestCaseExecutor.execute(TestCaseExecutor.java:284)
	at com.kms.katalon.core.common.CommonExecutor.accessTestCaseMainPhase(CommonExecutor.java:65)
	at com.kms.katalon.core.main.TestSuiteExecutor.accessTestSuiteMainPhase(TestSuiteExecutor.java:144)
	at com.kms.katalon.core.main.TestSuiteExecutor.execute(TestSuiteExecutor.java:106)
	at com.kms.katalon.core.main.TestCaseMain.startTestSuite(TestCaseMain.java:185)
	at com.kms.katalon.core.main.TestCaseMain$startTestSuite$0.call(Unknown Source)
	at TempTestSuite1650304259606.run(TempTestSuite1650304259606.groovy:36)
)
	at com.kms.katalon.core.keyword.internal.KeywordMain.stepFailed(KeywordMain.groovy:39)
	at com.kms.katalon.core.webui.keyword.internal.WebUIKeywordMain.stepFailed(WebUIKeywordMain.groovy:64)
	at com.kms.katalon.core.webui.keyword.builtin.VerifyElementPresentKeyword$_verifyElementPresent_closure1.doCall(VerifyElementPresentKeyword.groovy:85)
	at com.kms.katalon.core.webui.keyword.builtin.VerifyElementPresentKeyword$_verifyElementPresent_closure1.call(VerifyElementPresentKeyword.groovy)
	at com.kms.katalon.core.webui.keyword.internal.WebUIKeywordMain.runKeyword(WebUIKeywordMain.groovy:20)
	at com.kms.katalon.core.webui.keyword.builtin.VerifyElementPresentKeyword.verifyElementPresent(VerifyElementPresentKeyword.groovy:92)
	at com.kms.katalon.core.webui.keyword.builtin.VerifyElementPresentKeyword.execute(VerifyElementPresentKeyword.groovy:68)
	at com.kms.katalon.core.keyword.internal.KeywordExecutor.executeKeywordForPlatform(KeywordExecutor.groovy:74)
	at com.kms.katalon.core.webui.keyword.WebUiBuiltInKeywords.verifyElementPresent(WebUiBuiltInKeywords.groovy:1464)
	at com.kms.katalon.core.webui.keyword.WebUiBuiltInKeywords$verifyElementPresent$4.call(Unknown Source)
	at Rebates - Form Verification - UAT.run(Rebates - Form Verification - UAT:51)
	at com.kms.katalon.core.main.ScriptEngine.run(ScriptEngine.java:194)
	at com.kms.katalon.core.main.ScriptEngine.runScriptAsRawText(ScriptEngine.java:119)
	at com.kms.katalon.core.main.TestCaseExecutor.runScript(TestCaseExecutor.java:445)
	at com.kms.katalon.core.main.TestCaseExecutor.doExecute(TestCaseExecutor.java:436)
	at com.kms.katalon.core.main.TestCaseExecutor.processExecutionPhase(TestCaseExecutor.java:415)
	at com.kms.katalon.core.main.TestCaseExecutor.accessMainPhase(TestCaseExecutor.java:407)
	at com.kms.katalon.core.main.TestCaseExecutor.execute(TestCaseExecutor.java:284)
	at com.kms.katalon.core.common.CommonExecutor.accessTestCaseMainPhase(CommonExecutor.java:65)
	at com.kms.katalon.core.main.TestSuiteExecutor.accessTestSuiteMainPhase(TestSuiteExecutor.java:144)
	at com.kms.katalon.core.main.TestSuiteExecutor.execute(TestSuiteExecutor.java:106)
	at com.kms.katalon.core.main.TestCaseMain.startTestSuite(TestCaseMain.java:185)
	at com.kms.katalon.core.main.TestCaseMain$startTestSuite$0.call(Unknown Source)
	at TempTestSuite1650304259606.run(TempTestSuite1650304259606.groovy:36)
Caused by: com.kms.katalon.core.exception.StepFailedException: com.kms.katalon.core.webui.exception.WebElementNotFoundException: Web element with id: 'Object Repository/Form Verification/Rebates Form/Page_/h5_Access other offers and cash back option_d885a7' located by '//h4[(text() = 'Access other offers and cash back options on our mobileÂ app!' or . = 'Access other offers and cash back options on our mobileÂ app!')]' not found
	... 23 more


2022-04-18 23:40:59 - [TEST_STEP][PASSED] - openBrowser(""): Browser is opened with url: ''

2022-04-18 23:40:59 - [MESSAGE][INFO] - Starting 'Chrome' driver

2022-04-18 23:40:59 - [MESSAGE][INFO] - Action delay is set to 0 milliseconds

2022-04-18 23:41:01 - [MESSAGE][PASSED] - Browser is opened with url: ''

2022-04-18 23:41:01 - [TEST_STEP][PASSED] - navigateToUrl(Rebates): Navigate to 'https://enfamil-us.cdn.test.us-east-1.starterkit.rbcloud.io/account/rebates/' successfully

2022-04-18 23:41:03 - [MESSAGE][PASSED] - Navigate to 'https://enfamil-us.cdn.test.us-east-1.starterkit.rbcloud.io/account/rebates/' successfully

2022-04-18 23:41:03 - [TEST_STEP][PASSED] - maximizeWindow(): Current window maximized

2022-04-18 23:41:03 - [MESSAGE][PASSED] - Current window maximized

2022-04-18 23:41:03 - [TEST_STEP][PASSED] - delay(10): Delayed 10 second(s)

2022-04-18 23:41:13 - [MESSAGE][PASSED] - Delayed 10 second(s)

2022-04-18 23:41:13 - [TEST_STEP][PASSED] - click(findTestObject("Object Repository/Form Verification/Rebates Form/Page_/button_GOT IT_onetrust-close-btn-handler on_95ce22")): Object: 'Object Repository/Form Verification/Rebates Form/Page_/button_GOT IT_onetrust-close-btn-handler on_95ce22' is clicked on

2022-04-18 23:41:14 - [MESSAGE][PASSED] - Object: 'Object Repository/Form Verification/Rebates Form/Page_/button_GOT IT_onetrust-close-btn-handler on_95ce22' is clicked on

2022-04-18 23:41:14 - [TEST_STEP][PASSED] - verifyElementPresent(findTestObject("Object Repository/Form Verification/Rebates Form/Page_/span_Enfamil Rebates"), 0): Object 'Object Repository/Form Verification/Rebates Form/Page_/span_Enfamil Rebates' is present

2022-04-18 23:41:14 - [MESSAGE][WARNING] - Timeout '0' is invalid. Using default page load timeout: '5'

2022-04-18 23:41:16 - [MESSAGE][PASSED] - Object 'Object Repository/Form Verification/Rebates Form/Page_/span_Enfamil Rebates' is present

2022-04-18 23:41:16 - [TEST_STEP][PASSED] - verifyElementPresent(findTestObject("Object Repository/Form Verification/Rebates Form/Page_/h2_Enfamil Rebates"), 0): Object 'Object Repository/Form Verification/Rebates Form/Page_/h2_Enfamil Rebates' is present

2022-04-18 23:41:16 - [MESSAGE][WARNING] - Timeout '0' is invalid. Using default page load timeout: '5'

2022-04-18 23:41:17 - [MESSAGE][PASSED] - Object 'Object Repository/Form Verification/Rebates Form/Page_/h2_Enfamil Rebates' is present

2022-04-18 23:41:17 - [TEST_STEP][PASSED] - verifyElementText(findTestObject("Object Repository/Form Verification/Rebates Form/Page_/h2_Enfamil Rebates"), "EnfamilÂ® Rebates"): Actual text and expected text of test object 'Object Repository/Form Verification/Rebates Form/Page_/h2_Enfamil Rebates' are matched.

2022-04-18 23:41:19 - [MESSAGE][PASSED] - Actual text and expected text of test object 'Object Repository/Form Verification/Rebates Form/Page_/h2_Enfamil Rebates' are matched.

2022-04-18 23:41:19 - [TEST_STEP][PASSED] - verifyElementText(findTestObject("Object Repository/Form Verification/Rebates Form/Page_/p_Thank you for choosing Enfamil. To redeem_f7a344"), "Thank you for choosing Enfamil. To redeem your cash back rebate or offer, please log in or sign up first."): Actual text and expected text of test object 'Object Repository/Form Verification/Rebates Form/Page_/p_Thank you for choosing Enfamil. To redeem_f7a344' are matched.

2022-04-18 23:41:20 - [MESSAGE][PASSED] - Actual text and expected text of test object 'Object Repository/Form Verification/Rebates Form/Page_/p_Thank you for choosing Enfamil. To redeem_f7a344' are matched.

2022-04-18 23:41:20 - [TEST_STEP][PASSED] - verifyElementText(findTestObject("Object Repository/Form Verification/Rebates Form/Page_/p_Thank you for choosing Enfamil. To redeem_f7a344"), "Thank you for choosing Enfamil. To redeem your cash back rebate or offer, please log in or sign up first."): Actual text and expected text of test object 'Object Repository/Form Verification/Rebates Form/Page_/p_Thank you for choosing Enfamil. To redeem_f7a344' are matched.

2022-04-18 23:41:21 - [MESSAGE][PASSED] - Actual text and expected text of test object 'Object Repository/Form Verification/Rebates Form/Page_/p_Thank you for choosing Enfamil. To redeem_f7a344' are matched.

2022-04-18 23:41:21 - [TEST_STEP][PASSED] - verifyElementPresent(findTestObject("Object Repository/Form Verification/Rebates Form/Page_/button_Login"), 0): Object 'Object Repository/Form Verification/Rebates Form/Page_/button_Login' is present

2022-04-18 23:41:21 - [MESSAGE][WARNING] - Timeout '0' is invalid. Using default page load timeout: '5'

2022-04-18 23:41:21 - [MESSAGE][PASSED] - Object 'Object Repository/Form Verification/Rebates Form/Page_/button_Login' is present

2022-04-18 23:41:21 - [TEST_STEP][PASSED] - verifyElementPresent(findTestObject("Object Repository/Form Verification/Rebates Form/Page_/a_Sign Up"), 0): Object 'Object Repository/Form Verification/Rebates Form/Page_/a_Sign Up' is present

2022-04-18 23:41:21 - [MESSAGE][WARNING] - Timeout '0' is invalid. Using default page load timeout: '5'

2022-04-18 23:41:21 - [MESSAGE][PASSED] - Object 'Object Repository/Form Verification/Rebates Form/Page_/a_Sign Up' is present

2022-04-18 23:41:21 - [TEST_STEP][PASSED] - verifyElementPresent(findTestObject("Object Repository/Form Verification/Rebates Form/Page_/img_Enfamil Rebates_carousel-item__image"), 0): Object 'Object Repository/Form Verification/Rebates Form/Page_/img_Enfamil Rebates_carousel-item__image' is present

2022-04-18 23:41:22 - [MESSAGE][WARNING] - Timeout '0' is invalid. Using default page load timeout: '5'

2022-04-18 23:41:22 - [MESSAGE][PASSED] - Object 'Object Repository/Form Verification/Rebates Form/Page_/img_Enfamil Rebates_carousel-item__image' is present

2022-04-18 23:41:22 - [TEST_STEP][FAILED] - verifyElementPresent(findTestObject("Object Repository/Form Verification/Rebates Form/Page_/h5_Access other offers and cash back option_d885a7"), 0): com.kms.katalon.core.webui.exception.WebElementNotFoundException: Web element with id: 'Object Repository/Form Verification/Rebates Form/Page_/h5_Access other offers and cash back option_d885a7' located by '//h4[(text() = 'Access other offers and cash back options on our mobileÂ app!' or . = 'Access other offers and cash back options on our mobileÂ app!')]' not found (Root cause: com.kms.katalon.core.exception.StepFailedException: com.kms.katalon.core.webui.exception.WebElementNotFoundException: Web element with id: 'Object Repository/Form Verification/Rebates Form/Page_/h5_Access other offers and cash back option_d885a7' located by '//h4[(text() = 'Access other offers and cash back options on our mobileÂ app!' or . = 'Access other offers and cash back options on our mobileÂ app!')]' not found
	at com.kms.katalon.core.webui.keyword.internal.WebUIKeywordMain.stepFailed(WebUIKeywordMain.groovy:64)
	at com.kms.katalon.core.webui.keyword.builtin.VerifyElementPresentKeyword$_verifyElementPresent_closure1.doCall(VerifyElementPresentKeyword.groovy:85)
	at com.kms.katalon.core.webui.keyword.builtin.VerifyElementPresentKeyword$_verifyElementPresent_closure1.call(VerifyElementPresentKeyword.groovy)
	at com.kms.katalon.core.webui.keyword.internal.WebUIKeywordMain.runKeyword(WebUIKeywordMain.groovy:20)
	at com.kms.katalon.core.webui.keyword.builtin.VerifyElementPresentKeyword.verifyElementPresent(VerifyElementPresentKeyword.groovy:92)
	at com.kms.katalon.core.webui.keyword.builtin.VerifyElementPresentKeyword.execute(VerifyElementPresentKeyword.groovy:68)
	at com.kms.katalon.core.keyword.internal.KeywordExecutor.executeKeywordForPlatform(KeywordExecutor.groovy:74)
	at com.kms.katalon.core.webui.keyword.WebUiBuiltInKeywords.verifyElementPresent(WebUiBuiltInKeywords.groovy:1464)
	at com.kms.katalon.core.webui.keyword.WebUiBuiltInKeywords$verifyElementPresent$4.call(Unknown Source)
	at Rebates - Form Verification - UAT.run(Rebates - Form Verification - UAT:51)
	at com.kms.katalon.core.main.ScriptEngine.run(ScriptEngine.java:194)
	at com.kms.katalon.core.main.ScriptEngine.runScriptAsRawText(ScriptEngine.java:119)
	at com.kms.katalon.core.main.TestCaseExecutor.runScript(TestCaseExecutor.java:445)
	at com.kms.katalon.core.main.TestCaseExecutor.doExecute(TestCaseExecutor.java:436)
	at com.kms.katalon.core.main.TestCaseExecutor.processExecutionPhase(TestCaseExecutor.java:415)
	at com.kms.katalon.core.main.TestCaseExecutor.accessMainPhase(TestCaseExecutor.java:407)
	at com.kms.katalon.core.main.TestCaseExecutor.execute(TestCaseExecutor.java:284)
	at com.kms.katalon.core.common.CommonExecutor.accessTestCaseMainPhase(CommonExecutor.java:65)
	at com.kms.katalon.core.main.TestSuiteExecutor.accessTestSuiteMainPhase(TestSuiteExecutor.java:144)
	at com.kms.katalon.core.main.TestSuiteExecutor.execute(TestSuiteExecutor.java:106)
	at com.kms.katalon.core.main.TestCaseMain.startTestSuite(TestCaseMain.java:185)
	at com.kms.katalon.core.main.TestCaseMain$startTestSuite$0.call(Unknown Source)
	at TempTestSuite1650304259606.run(TempTestSuite1650304259606.groovy:36)
)

2022-04-18 23:41:22 - [MESSAGE][WARNING] - Timeout '0' is invalid. Using default page load timeout: '5'

2022-04-18 23:41:28 - [MESSAGE][INFO] - Unable to find the element located by 'By.xpath: //h4[(text() = 'Access other offers and cash back options on our mobileÂ app!' or . = 'Access other offers and cash back options on our mobileÂ app!')]'. Please recheck the objects properties to make sure the desired element is located. 

2022-04-18 23:41:29 - [MESSAGE][FAILED] - com.kms.katalon.core.webui.exception.WebElementNotFoundException: Web element with id: 'Object Repository/Form Verification/Rebates Form/Page_/h5_Access other offers and cash back option_d885a7' located by '//h4[(text() = 'Access other offers and cash back options on our mobileÂ app!' or . = 'Access other offers and cash back options on our mobileÂ app!')]' not found (Root cause: com.kms.katalon.core.exception.StepFailedException: com.kms.katalon.core.webui.exception.WebElementNotFoundException: Web element with id: 'Object Repository/Form Verification/Rebates Form/Page_/h5_Access other offers and cash back option_d885a7' located by '//h4[(text() = 'Access other offers and cash back options on our mobileÂ app!' or . = 'Access other offers and cash back options on our mobileÂ app!')]' not found
	at com.kms.katalon.core.webui.keyword.internal.WebUIKeywordMain.stepFailed(WebUIKeywordMain.groovy:64)
	at com.kms.katalon.core.webui.keyword.builtin.VerifyElementPresentKeyword$_verifyElementPresent_closure1.doCall(VerifyElementPresentKeyword.groovy:85)
	at com.kms.katalon.core.webui.keyword.builtin.VerifyElementPresentKeyword$_verifyElementPresent_closure1.call(VerifyElementPresentKeyword.groovy)
	at com.kms.katalon.core.webui.keyword.internal.WebUIKeywordMain.runKeyword(WebUIKeywordMain.groovy:20)
	at com.kms.katalon.core.webui.keyword.builtin.VerifyElementPresentKeyword.verifyElementPresent(VerifyElementPresentKeyword.groovy:92)
	at com.kms.katalon.core.webui.keyword.builtin.VerifyElementPresentKeyword.execute(VerifyElementPresentKeyword.groovy:68)
	at com.kms.katalon.core.keyword.internal.KeywordExecutor.executeKeywordForPlatform(KeywordExecutor.groovy:74)
	at com.kms.katalon.core.webui.keyword.WebUiBuiltInKeywords.verifyElementPresent(WebUiBuiltInKeywords.groovy:1464)
	at com.kms.katalon.core.webui.keyword.WebUiBuiltInKeywords$verifyElementPresent$4.call(Unknown Source)
	at Rebates - Form Verification - UAT.run(Rebates - Form Verification - UAT:51)
	at com.kms.katalon.core.main.ScriptEngine.run(ScriptEngine.java:194)
	at com.kms.katalon.core.main.ScriptEngine.runScriptAsRawText(ScriptEngine.java:119)
	at com.kms.katalon.core.main.TestCaseExecutor.runScript(TestCaseExecutor.java:445)
	at com.kms.katalon.core.main.TestCaseExecutor.doExecute(TestCaseExecutor.java:436)
	at com.kms.katalon.core.main.TestCaseExecutor.processExecutionPhase(TestCaseExecutor.java:415)
	at com.kms.katalon.core.main.TestCaseExecutor.accessMainPhase(TestCaseExecutor.java:407)
	at com.kms.katalon.core.main.TestCaseExecutor.execute(TestCaseExecutor.java:284)
	at com.kms.katalon.core.common.CommonExecutor.accessTestCaseMainPhase(CommonExecutor.java:65)
	at com.kms.katalon.core.main.TestSuiteExecutor.accessTestSuiteMainPhase(TestSuiteExecutor.java:144)
	at com.kms.katalon.core.main.TestSuiteExecutor.execute(TestSuiteExecutor.java:106)
	at com.kms.katalon.core.main.TestCaseMain.startTestSuite(TestCaseMain.java:185)
	at com.kms.katalon.core.main.TestCaseMain$startTestSuite$0.call(Unknown Source)
	at TempTestSuite1650304259606.run(TempTestSuite1650304259606.groovy:36)
)
[[ATTACHMENT|D:\\SmoketestSuite\\enfamilUS\\Reports\\20220418_232059\\SmokeTestCollection - Venkat\\SmokeTestSuite-Collection - UAT\\20220418_232059\\1650305488966.png]]

2022-04-18 23:41:29 - [TEST_STEP][PASSED] - verifyElementPresent(findTestObject("Object Repository/Form Verification/Rebates Form/Page_/p_Receive push notifications once new offer_a8384f"), 0): Object 'Object Repository/Form Verification/Rebates Form/Page_/p_Receive push notifications once new offer_a8384f' is present

2022-04-18 23:41:29 - [MESSAGE][WARNING] - Timeout '0' is invalid. Using default page load timeout: '5'

2022-04-18 23:41:29 - [MESSAGE][PASSED] - Object 'Object Repository/Form Verification/Rebates Form/Page_/p_Receive push notifications once new offer_a8384f' is present

2022-04-18 23:41:29 - [TEST_STEP][FAILED] - verifyElementPresent(findTestObject("Object Repository/Form Verification/Rebates Form/Page_/p_Easily redeem by using the app to take ph_0d9a6e"), 0): com.kms.katalon.core.webui.exception.WebElementNotFoundException: Web element with id: 'Object Repository/Form Verification/Rebates Form/Page_/p_Easily redeem by using the app to take ph_0d9a6e' located by '//*[(text() = 'Easily redeem by using the app to take photos of your receipts and UPCs' or . = 'Easily redeem by using the app to take photos of your receipts and UPCs')]' not found (Root cause: com.kms.katalon.core.exception.StepFailedException: com.kms.katalon.core.webui.exception.WebElementNotFoundException: Web element with id: 'Object Repository/Form Verification/Rebates Form/Page_/p_Easily redeem by using the app to take ph_0d9a6e' located by '//*[(text() = 'Easily redeem by using the app to take photos of your receipts and UPCs' or . = 'Easily redeem by using the app to take photos of your receipts and UPCs')]' not found
	at com.kms.katalon.core.webui.keyword.internal.WebUIKeywordMain.stepFailed(WebUIKeywordMain.groovy:64)
	at com.kms.katalon.core.webui.keyword.builtin.VerifyElementPresentKeyword$_verifyElementPresent_closure1.doCall(VerifyElementPresentKeyword.groovy:85)
	at com.kms.katalon.core.webui.keyword.builtin.VerifyElementPresentKeyword$_verifyElementPresent_closure1.call(VerifyElementPresentKeyword.groovy)
	at com.kms.katalon.core.webui.keyword.internal.WebUIKeywordMain.runKeyword(WebUIKeywordMain.groovy:20)
	at com.kms.katalon.core.webui.keyword.builtin.VerifyElementPresentKeyword.verifyElementPresent(VerifyElementPresentKeyword.groovy:92)
	at com.kms.katalon.core.webui.keyword.builtin.VerifyElementPresentKeyword.execute(VerifyElementPresentKeyword.groovy:68)
	at com.kms.katalon.core.keyword.internal.KeywordExecutor.executeKeywordForPlatform(KeywordExecutor.groovy:74)
	at com.kms.katalon.core.webui.keyword.WebUiBuiltInKeywords.verifyElementPresent(WebUiBuiltInKeywords.groovy:1464)
	at com.kms.katalon.core.webui.keyword.WebUiBuiltInKeywords$verifyElementPresent$4.call(Unknown Source)
	at Rebates - Form Verification - UAT.run(Rebates - Form Verification - UAT:57)
	at com.kms.katalon.core.main.ScriptEngine.run(ScriptEngine.java:194)
	at com.kms.katalon.core.main.ScriptEngine.runScriptAsRawText(ScriptEngine.java:119)
	at com.kms.katalon.core.main.TestCaseExecutor.runScript(TestCaseExecutor.java:445)
	at com.kms.katalon.core.main.TestCaseExecutor.doExecute(TestCaseExecutor.java:436)
	at com.kms.katalon.core.main.TestCaseExecutor.processExecutionPhase(TestCaseExecutor.java:415)
	at com.kms.katalon.core.main.TestCaseExecutor.accessMainPhase(TestCaseExecutor.java:407)
	at com.kms.katalon.core.main.TestCaseExecutor.execute(TestCaseExecutor.java:284)
	at com.kms.katalon.core.common.CommonExecutor.accessTestCaseMainPhase(CommonExecutor.java:65)
	at com.kms.katalon.core.main.TestSuiteExecutor.accessTestSuiteMainPhase(TestSuiteExecutor.java:144)
	at com.kms.katalon.core.main.TestSuiteExecutor.execute(TestSuiteExecutor.java:106)
	at com.kms.katalon.core.main.TestCaseMain.startTestSuite(TestCaseMain.java:185)
	at com.kms.katalon.core.main.TestCaseMain$startTestSuite$0.call(Unknown Source)
	at TempTestSuite1650304259606.run(TempTestSuite1650304259606.groovy:36)
)

2022-04-18 23:41:29 - [MESSAGE][WARNING] - Timeout '0' is invalid. Using default page load timeout: '5'

2022-04-18 23:41:35 - [MESSAGE][INFO] - Unable to find the element located by 'By.xpath: //*[(text() = 'Easily redeem by using the app to take photos of your receipts and UPCs' or . = 'Easily redeem by using the app to take photos of your receipts and UPCs')]'. Please recheck the objects properties to make sure the desired element is located. 

2022-04-18 23:41:36 - [MESSAGE][FAILED] - com.kms.katalon.core.webui.exception.WebElementNotFoundException: Web element with id: 'Object Repository/Form Verification/Rebates Form/Page_/p_Easily redeem by using the app to take ph_0d9a6e' located by '//*[(text() = 'Easily redeem by using the app to take photos of your receipts and UPCs' or . = 'Easily redeem by using the app to take photos of your receipts and UPCs')]' not found (Root cause: com.kms.katalon.core.exception.StepFailedException: com.kms.katalon.core.webui.exception.WebElementNotFoundException: Web element with id: 'Object Repository/Form Verification/Rebates Form/Page_/p_Easily redeem by using the app to take ph_0d9a6e' located by '//*[(text() = 'Easily redeem by using the app to take photos of your receipts and UPCs' or . = 'Easily redeem by using the app to take photos of your receipts and UPCs')]' not found
	at com.kms.katalon.core.webui.keyword.internal.WebUIKeywordMain.stepFailed(WebUIKeywordMain.groovy:64)
	at com.kms.katalon.core.webui.keyword.builtin.VerifyElementPresentKeyword$_verifyElementPresent_closure1.doCall(VerifyElementPresentKeyword.groovy:85)
	at com.kms.katalon.core.webui.keyword.builtin.VerifyElementPresentKeyword$_verifyElementPresent_closure1.call(VerifyElementPresentKeyword.groovy)
	at com.kms.katalon.core.webui.keyword.internal.WebUIKeywordMain.runKeyword(WebUIKeywordMain.groovy:20)
	at com.kms.katalon.core.webui.keyword.builtin.VerifyElementPresentKeyword.verifyElementPresent(VerifyElementPresentKeyword.groovy:92)
	at com.kms.katalon.core.webui.keyword.builtin.VerifyElementPresentKeyword.execute(VerifyElementPresentKeyword.groovy:68)
	at com.kms.katalon.core.keyword.internal.KeywordExecutor.executeKeywordForPlatform(KeywordExecutor.groovy:74)
	at com.kms.katalon.core.webui.keyword.WebUiBuiltInKeywords.verifyElementPresent(WebUiBuiltInKeywords.groovy:1464)
	at com.kms.katalon.core.webui.keyword.WebUiBuiltInKeywords$verifyElementPresent$4.call(Unknown Source)
	at Rebates - Form Verification - UAT.run(Rebates - Form Verification - UAT:57)
	at com.kms.katalon.core.main.ScriptEngine.run(ScriptEngine.java:194)
	at com.kms.katalon.core.main.ScriptEngine.runScriptAsRawText(ScriptEngine.java:119)
	at com.kms.katalon.core.main.TestCaseExecutor.runScript(TestCaseExecutor.java:445)
	at com.kms.katalon.core.main.TestCaseExecutor.doExecute(TestCaseExecutor.java:436)
	at com.kms.katalon.core.main.TestCaseExecutor.processExecutionPhase(TestCaseExecutor.java:415)
	at com.kms.katalon.core.main.TestCaseExecutor.accessMainPhase(TestCaseExecutor.java:407)
	at com.kms.katalon.core.main.TestCaseExecutor.execute(TestCaseExecutor.java:284)
	at com.kms.katalon.core.common.CommonExecutor.accessTestCaseMainPhase(CommonExecutor.java:65)
	at com.kms.katalon.core.main.TestSuiteExecutor.accessTestSuiteMainPhase(TestSuiteExecutor.java:144)
	at com.kms.katalon.core.main.TestSuiteExecutor.execute(TestSuiteExecutor.java:106)
	at com.kms.katalon.core.main.TestCaseMain.startTestSuite(TestCaseMain.java:185)
	at com.kms.katalon.core.main.TestCaseMain$startTestSuite$0.call(Unknown Source)
	at TempTestSuite1650304259606.run(TempTestSuite1650304259606.groovy:36)
)
[[ATTACHMENT|D:\\SmoketestSuite\\enfamilUS\\Reports\\20220418_232059\\SmokeTestCollection - Venkat\\SmokeTestSuite-Collection - UAT\\20220418_232059\\1650305495840.png]]

2022-04-18 23:41:36 - [TEST_STEP][PASSED] - verifyElementPresent(findTestObject("Object Repository/Form Verification/Rebates Form/Page_/img"), 0): Object 'Object Repository/Form Verification/Rebates Form/Page_/img' is present

2022-04-18 23:41:36 - [MESSAGE][WARNING] - Timeout '0' is invalid. Using default page load timeout: '5'

2022-04-18 23:41:36 - [MESSAGE][PASSED] - Object 'Object Repository/Form Verification/Rebates Form/Page_/img' is present

2022-04-18 23:41:36 - [TEST_STEP][FAILED] - verifyElementPresent(findTestObject("Object Repository/Form Verification/Rebates Form/Page_/img_1"), 0): com.kms.katalon.core.webui.exception.WebElementNotFoundException: Web element with id: 'Object Repository/Form Verification/Rebates Form/Page_/img_1' located by '//a[@title='Google Play ']/img' not found (Root cause: com.kms.katalon.core.exception.StepFailedException: com.kms.katalon.core.webui.exception.WebElementNotFoundException: Web element with id: 'Object Repository/Form Verification/Rebates Form/Page_/img_1' located by '//a[@title='Google Play ']/img' not found
	at com.kms.katalon.core.webui.keyword.internal.WebUIKeywordMain.stepFailed(WebUIKeywordMain.groovy:64)
	at com.kms.katalon.core.webui.keyword.builtin.VerifyElementPresentKeyword$_verifyElementPresent_closure1.doCall(VerifyElementPresentKeyword.groovy:85)
	at com.kms.katalon.core.webui.keyword.builtin.VerifyElementPresentKeyword$_verifyElementPresent_closure1.call(VerifyElementPresentKeyword.groovy)
	at com.kms.katalon.core.webui.keyword.internal.WebUIKeywordMain.runKeyword(WebUIKeywordMain.groovy:20)
	at com.kms.katalon.core.webui.keyword.builtin.VerifyElementPresentKeyword.verifyElementPresent(VerifyElementPresentKeyword.groovy:92)
	at com.kms.katalon.core.webui.keyword.builtin.VerifyElementPresentKeyword.execute(VerifyElementPresentKeyword.groovy:68)
	at com.kms.katalon.core.keyword.internal.KeywordExecutor.executeKeywordForPlatform(KeywordExecutor.groovy:74)
	at com.kms.katalon.core.webui.keyword.WebUiBuiltInKeywords.verifyElementPresent(WebUiBuiltInKeywords.groovy:1464)
	at com.kms.katalon.core.webui.keyword.WebUiBuiltInKeywords$verifyElementPresent$4.call(Unknown Source)
	at Rebates - Form Verification - UAT.run(Rebates - Form Verification - UAT:62)
	at com.kms.katalon.core.main.ScriptEngine.run(ScriptEngine.java:194)
	at com.kms.katalon.core.main.ScriptEngine.runScriptAsRawText(ScriptEngine.java:119)
	at com.kms.katalon.core.main.TestCaseExecutor.runScript(TestCaseExecutor.java:445)
	at com.kms.katalon.core.main.TestCaseExecutor.doExecute(TestCaseExecutor.java:436)
	at com.kms.katalon.core.main.TestCaseExecutor.processExecutionPhase(TestCaseExecutor.java:415)
	at com.kms.katalon.core.main.TestCaseExecutor.accessMainPhase(TestCaseExecutor.java:407)
	at com.kms.katalon.core.main.TestCaseExecutor.execute(TestCaseExecutor.java:284)
	at com.kms.katalon.core.common.CommonExecutor.accessTestCaseMainPhase(CommonExecutor.java:65)
	at com.kms.katalon.core.main.TestSuiteExecutor.accessTestSuiteMainPhase(TestSuiteExecutor.java:144)
	at com.kms.katalon.core.main.TestSuiteExecutor.execute(TestSuiteExecutor.java:106)
	at com.kms.katalon.core.main.TestCaseMain.startTestSuite(TestCaseMain.java:185)
	at com.kms.katalon.core.main.TestCaseMain$startTestSuite$0.call(Unknown Source)
	at TempTestSuite1650304259606.run(TempTestSuite1650304259606.groovy:36)
)

2022-04-18 23:41:36 - [MESSAGE][WARNING] - Timeout '0' is invalid. Using default page load timeout: '5'

2022-04-18 23:41:42 - [MESSAGE][INFO] - Unable to find the element located by 'By.xpath: //a[@title='Google Play ']/img'. Please recheck the objects properties to make sure the desired element is located. 

2022-04-18 23:41:42 - [MESSAGE][FAILED] - com.kms.katalon.core.webui.exception.WebElementNotFoundException: Web element with id: 'Object Repository/Form Verification/Rebates Form/Page_/img_1' located by '//a[@title='Google Play ']/img' not found (Root cause: com.kms.katalon.core.exception.StepFailedException: com.kms.katalon.core.webui.exception.WebElementNotFoundException: Web element with id: 'Object Repository/Form Verification/Rebates Form/Page_/img_1' located by '//a[@title='Google Play ']/img' not found
	at com.kms.katalon.core.webui.keyword.internal.WebUIKeywordMain.stepFailed(WebUIKeywordMain.groovy:64)
	at com.kms.katalon.core.webui.keyword.builtin.VerifyElementPresentKeyword$_verifyElementPresent_closure1.doCall(VerifyElementPresentKeyword.groovy:85)
	at com.kms.katalon.core.webui.keyword.builtin.VerifyElementPresentKeyword$_verifyElementPresent_closure1.call(VerifyElementPresentKeyword.groovy)
	at com.kms.katalon.core.webui.keyword.internal.WebUIKeywordMain.runKeyword(WebUIKeywordMain.groovy:20)
	at com.kms.katalon.core.webui.keyword.builtin.VerifyElementPresentKeyword.verifyElementPresent(VerifyElementPresentKeyword.groovy:92)
	at com.kms.katalon.core.webui.keyword.builtin.VerifyElementPresentKeyword.execute(VerifyElementPresentKeyword.groovy:68)
	at com.kms.katalon.core.keyword.internal.KeywordExecutor.executeKeywordForPlatform(KeywordExecutor.groovy:74)
	at com.kms.katalon.core.webui.keyword.WebUiBuiltInKeywords.verifyElementPresent(WebUiBuiltInKeywords.groovy:1464)
	at com.kms.katalon.core.webui.keyword.WebUiBuiltInKeywords$verifyElementPresent$4.call(Unknown Source)
	at Rebates - Form Verification - UAT.run(Rebates - Form Verification - UAT:62)
	at com.kms.katalon.core.main.ScriptEngine.run(ScriptEngine.java:194)
	at com.kms.katalon.core.main.ScriptEngine.runScriptAsRawText(ScriptEngine.java:119)
	at com.kms.katalon.core.main.TestCaseExecutor.runScript(TestCaseExecutor.java:445)
	at com.kms.katalon.core.main.TestCaseExecutor.doExecute(TestCaseExecutor.java:436)
	at com.kms.katalon.core.main.TestCaseExecutor.processExecutionPhase(TestCaseExecutor.java:415)
	at com.kms.katalon.core.main.TestCaseExecutor.accessMainPhase(TestCaseExecutor.java:407)
	at com.kms.katalon.core.main.TestCaseExecutor.execute(TestCaseExecutor.java:284)
	at com.kms.katalon.core.common.CommonExecutor.accessTestCaseMainPhase(CommonExecutor.java:65)
	at com.kms.katalon.core.main.TestSuiteExecutor.accessTestSuiteMainPhase(TestSuiteExecutor.java:144)
	at com.kms.katalon.core.main.TestSuiteExecutor.execute(TestSuiteExecutor.java:106)
	at com.kms.katalon.core.main.TestCaseMain.startTestSuite(TestCaseMain.java:185)
	at com.kms.katalon.core.main.TestCaseMain$startTestSuite$0.call(Unknown Source)
	at TempTestSuite1650304259606.run(TempTestSuite1650304259606.groovy:36)
)
[[ATTACHMENT|D:\\SmoketestSuite\\enfamilUS\\Reports\\20220418_232059\\SmokeTestCollection - Venkat\\SmokeTestSuite-Collection - UAT\\20220418_232059\\1650305502714.png]]

2022-04-18 23:41:42 - [TEST_STEP][FAILED] - verifyElementText(findTestObject("Object Repository/Form Verification/Rebates Form/Page_/h5_Access other offers and cash back option_d885a7"), "Access other offers and cash back options on our mobile app!"): com.kms.katalon.core.webui.exception.WebElementNotFoundException: Web element with id: 'Object Repository/Form Verification/Rebates Form/Page_/h5_Access other offers and cash back option_d885a7' located by '//h4[(text() = 'Access other offers and cash back options on our mobileÂ app!' or . = 'Access other offers and cash back options on our mobileÂ app!')]' not found (Root cause: com.kms.katalon.core.exception.StepFailedException: com.kms.katalon.core.webui.exception.WebElementNotFoundException: Web element with id: 'Object Repository/Form Verification/Rebates Form/Page_/h5_Access other offers and cash back option_d885a7' located by '//h4[(text() = 'Access other offers and cash back options on our mobileÂ app!' or . = 'Access other offers and cash back options on our mobileÂ app!')]' not found
	at com.kms.katalon.core.webui.keyword.internal.WebUIKeywordMain.stepFailed(WebUIKeywordMain.groovy:64)
	at com.kms.katalon.core.webui.keyword.builtin.VerifyElementTextKeyword$_verifyElementText_closure1.doCall(VerifyElementTextKeyword.groovy:64)
	at com.kms.katalon.core.webui.keyword.builtin.VerifyElementTextKeyword$_verifyElementText_closure1.call(VerifyElementTextKeyword.groovy)
	at com.kms.katalon.core.webui.keyword.internal.WebUIKeywordMain.runKeyword(WebUIKeywordMain.groovy:20)
	at com.kms.katalon.core.webui.keyword.builtin.VerifyElementTextKeyword.verifyElementText(VerifyElementTextKeyword.groovy:72)
	at com.kms.katalon.core.webui.keyword.builtin.VerifyElementTextKeyword.execute(VerifyElementTextKeyword.groovy:40)
	at com.kms.katalon.core.keyword.internal.KeywordExecutor.executeKeywordForPlatform(KeywordExecutor.groovy:74)
	at com.kms.katalon.core.webui.keyword.WebUiBuiltInKeywords.verifyElementText(WebUiBuiltInKeywords.groovy:4749)
	at com.kms.katalon.core.webui.keyword.WebUiBuiltInKeywords$verifyElementText$5.call(Unknown Source)
	at Rebates - Form Verification - UAT.run(Rebates - Form Verification - UAT:64)
	at com.kms.katalon.core.main.ScriptEngine.run(ScriptEngine.java:194)
	at com.kms.katalon.core.main.ScriptEngine.runScriptAsRawText(ScriptEngine.java:119)
	at com.kms.katalon.core.main.TestCaseExecutor.runScript(TestCaseExecutor.java:445)
	at com.kms.katalon.core.main.TestCaseExecutor.doExecute(TestCaseExecutor.java:436)
	at com.kms.katalon.core.main.TestCaseExecutor.processExecutionPhase(TestCaseExecutor.java:415)
	at com.kms.katalon.core.main.TestCaseExecutor.accessMainPhase(TestCaseExecutor.java:407)
	at com.kms.katalon.core.main.TestCaseExecutor.execute(TestCaseExecutor.java:284)
	at com.kms.katalon.core.common.CommonExecutor.accessTestCaseMainPhase(CommonExecutor.java:65)
	at com.kms.katalon.core.main.TestSuiteExecutor.accessTestSuiteMainPhase(TestSuiteExecutor.java:144)
	at com.kms.katalon.core.main.TestSuiteExecutor.execute(TestSuiteExecutor.java:106)
	at com.kms.katalon.core.main.TestCaseMain.startTestSuite(TestCaseMain.java:185)
	at com.kms.katalon.core.main.TestCaseMain$startTestSuite$0.call(Unknown Source)
	at TempTestSuite1650304259606.run(TempTestSuite1650304259606.groovy:36)
)

2022-04-18 23:41:49 - [MESSAGE][INFO] - Unable to find the element located by 'By.xpath: //h4[(text() = 'Access other offers and cash back options on our mobileÂ app!' or . = 'Access other offers and cash back options on our mobileÂ app!')]'. Please recheck the objects properties to make sure the desired element is located. 

2022-04-18 23:41:49 - [MESSAGE][FAILED] - com.kms.katalon.core.webui.exception.WebElementNotFoundException: Web element with id: 'Object Repository/Form Verification/Rebates Form/Page_/h5_Access other offers and cash back option_d885a7' located by '//h4[(text() = 'Access other offers and cash back options on our mobileÂ app!' or . = 'Access other offers and cash back options on our mobileÂ app!')]' not found (Root cause: com.kms.katalon.core.exception.StepFailedException: com.kms.katalon.core.webui.exception.WebElementNotFoundException: Web element with id: 'Object Repository/Form Verification/Rebates Form/Page_/h5_Access other offers and cash back option_d885a7' located by '//h4[(text() = 'Access other offers and cash back options on our mobileÂ app!' or . = 'Access other offers and cash back options on our mobileÂ app!')]' not found
	at com.kms.katalon.core.webui.keyword.internal.WebUIKeywordMain.stepFailed(WebUIKeywordMain.groovy:64)
	at com.kms.katalon.core.webui.keyword.builtin.VerifyElementTextKeyword$_verifyElementText_closure1.doCall(VerifyElementTextKeyword.groovy:64)
	at com.kms.katalon.core.webui.keyword.builtin.VerifyElementTextKeyword$_verifyElementText_closure1.call(VerifyElementTextKeyword.groovy)
	at com.kms.katalon.core.webui.keyword.internal.WebUIKeywordMain.runKeyword(WebUIKeywordMain.groovy:20)
	at com.kms.katalon.core.webui.keyword.builtin.VerifyElementTextKeyword.verifyElementText(VerifyElementTextKeyword.groovy:72)
	at com.kms.katalon.core.webui.keyword.builtin.VerifyElementTextKeyword.execute(VerifyElementTextKeyword.groovy:40)
	at com.kms.katalon.core.keyword.internal.KeywordExecutor.executeKeywordForPlatform(KeywordExecutor.groovy:74)
	at com.kms.katalon.core.webui.keyword.WebUiBuiltInKeywords.verifyElementText(WebUiBuiltInKeywords.groovy:4749)
	at com.kms.katalon.core.webui.keyword.WebUiBuiltInKeywords$verifyElementText$5.call(Unknown Source)
	at Rebates - Form Verification - UAT.run(Rebates - Form Verification - UAT:64)
	at com.kms.katalon.core.main.ScriptEngine.run(ScriptEngine.java:194)
	at com.kms.katalon.core.main.ScriptEngine.runScriptAsRawText(ScriptEngine.java:119)
	at com.kms.katalon.core.main.TestCaseExecutor.runScript(TestCaseExecutor.java:445)
	at com.kms.katalon.core.main.TestCaseExecutor.doExecute(TestCaseExecutor.java:436)
	at com.kms.katalon.core.main.TestCaseExecutor.processExecutionPhase(TestCaseExecutor.java:415)
	at com.kms.katalon.core.main.TestCaseExecutor.accessMainPhase(TestCaseExecutor.java:407)
	at com.kms.katalon.core.main.TestCaseExecutor.execute(TestCaseExecutor.java:284)
	at com.kms.katalon.core.common.CommonExecutor.accessTestCaseMainPhase(CommonExecutor.java:65)
	at com.kms.katalon.core.main.TestSuiteExecutor.accessTestSuiteMainPhase(TestSuiteExecutor.java:144)
	at com.kms.katalon.core.main.TestSuiteExecutor.execute(TestSuiteExecutor.java:106)
	at com.kms.katalon.core.main.TestCaseMain.startTestSuite(TestCaseMain.java:185)
	at com.kms.katalon.core.main.TestCaseMain$startTestSuite$0.call(Unknown Source)
	at TempTestSuite1650304259606.run(TempTestSuite1650304259606.groovy:36)
)
[[ATTACHMENT|D:\\SmoketestSuite\\enfamilUS\\Reports\\20220418_232059\\SmokeTestCollection - Venkat\\SmokeTestSuite-Collection - UAT\\20220418_232059\\1650305509164.png]]

2022-04-18 23:41:49 - [TEST_STEP][PASSED] - verifyElementText(findTestObject("Object Repository/Form Verification/Rebates Form/Page_/p_Receive push notifications once new offer_a8384f"), "Receive push notifications once new offers are available."): Actual text and expected text of test object 'Object Repository/Form Verification/Rebates Form/Page_/p_Receive push notifications once new offer_a8384f' are matched.

2022-04-18 23:41:49 - [MESSAGE][PASSED] - Actual text and expected text of test object 'Object Repository/Form Verification/Rebates Form/Page_/p_Receive push notifications once new offer_a8384f' are matched.

2022-04-18 23:41:49 - [TEST_STEP][FAILED] - verifyElementText(findTestObject("Object Repository/Form Verification/Rebates Form/Page_/p_Easily redeem by using the app to take ph_0d9a6e"), "Easily redeem by using the app to take photos of your receipts and UPCs."): com.kms.katalon.core.webui.exception.WebElementNotFoundException: Web element with id: 'Object Repository/Form Verification/Rebates Form/Page_/p_Easily redeem by using the app to take ph_0d9a6e' located by '//*[(text() = 'Easily redeem by using the app to take photos of your receipts and UPCs' or . = 'Easily redeem by using the app to take photos of your receipts and UPCs')]' not found (Root cause: com.kms.katalon.core.exception.StepFailedException: com.kms.katalon.core.webui.exception.WebElementNotFoundException: Web element with id: 'Object Repository/Form Verification/Rebates Form/Page_/p_Easily redeem by using the app to take ph_0d9a6e' located by '//*[(text() = 'Easily redeem by using the app to take photos of your receipts and UPCs' or . = 'Easily redeem by using the app to take photos of your receipts and UPCs')]' not found
	at com.kms.katalon.core.webui.keyword.internal.WebUIKeywordMain.stepFailed(WebUIKeywordMain.groovy:64)
	at com.kms.katalon.core.webui.keyword.builtin.VerifyElementTextKeyword$_verifyElementText_closure1.doCall(VerifyElementTextKeyword.groovy:64)
	at com.kms.katalon.core.webui.keyword.builtin.VerifyElementTextKeyword$_verifyElementText_closure1.call(VerifyElementTextKeyword.groovy)
	at com.kms.katalon.core.webui.keyword.internal.WebUIKeywordMain.runKeyword(WebUIKeywordMain.groovy:20)
	at com.kms.katalon.core.webui.keyword.builtin.VerifyElementTextKeyword.verifyElementText(VerifyElementTextKeyword.groovy:72)
	at com.kms.katalon.core.webui.keyword.builtin.VerifyElementTextKeyword.execute(VerifyElementTextKeyword.groovy:40)
	at com.kms.katalon.core.keyword.internal.KeywordExecutor.executeKeywordForPlatform(KeywordExecutor.groovy:74)
	at com.kms.katalon.core.webui.keyword.WebUiBuiltInKeywords.verifyElementText(WebUiBuiltInKeywords.groovy:4749)
	at com.kms.katalon.core.webui.keyword.WebUiBuiltInKeywords$verifyElementText$5.call(Unknown Source)
	at Rebates - Form Verification - UAT.run(Rebates - Form Verification - UAT:70)
	at com.kms.katalon.core.main.ScriptEngine.run(ScriptEngine.java:194)
	at com.kms.katalon.core.main.ScriptEngine.runScriptAsRawText(ScriptEngine.java:119)
	at com.kms.katalon.core.main.TestCaseExecutor.runScript(TestCaseExecutor.java:445)
	at com.kms.katalon.core.main.TestCaseExecutor.doExecute(TestCaseExecutor.java:436)
	at com.kms.katalon.core.main.TestCaseExecutor.processExecutionPhase(TestCaseExecutor.java:415)
	at com.kms.katalon.core.main.TestCaseExecutor.accessMainPhase(TestCaseExecutor.java:407)
	at com.kms.katalon.core.main.TestCaseExecutor.execute(TestCaseExecutor.java:284)
	at com.kms.katalon.core.common.CommonExecutor.accessTestCaseMainPhase(CommonExecutor.java:65)
	at com.kms.katalon.core.main.TestSuiteExecutor.accessTestSuiteMainPhase(TestSuiteExecutor.java:144)
	at com.kms.katalon.core.main.TestSuiteExecutor.execute(TestSuiteExecutor.java:106)
	at com.kms.katalon.core.main.TestCaseMain.startTestSuite(TestCaseMain.java:185)
	at com.kms.katalon.core.main.TestCaseMain$startTestSuite$0.call(Unknown Source)
	at TempTestSuite1650304259606.run(TempTestSuite1650304259606.groovy:36)
)

2022-04-18 23:41:55 - [MESSAGE][INFO] - Unable to find the element located by 'By.xpath: //*[(text() = 'Easily redeem by using the app to take photos of your receipts and UPCs' or . = 'Easily redeem by using the app to take photos of your receipts and UPCs')]'. Please recheck the objects properties to make sure the desired element is located. 

2022-04-18 23:41:56 - [MESSAGE][FAILED] - com.kms.katalon.core.webui.exception.WebElementNotFoundException: Web element with id: 'Object Repository/Form Verification/Rebates Form/Page_/p_Easily redeem by using the app to take ph_0d9a6e' located by '//*[(text() = 'Easily redeem by using the app to take photos of your receipts and UPCs' or . = 'Easily redeem by using the app to take photos of your receipts and UPCs')]' not found (Root cause: com.kms.katalon.core.exception.StepFailedException: com.kms.katalon.core.webui.exception.WebElementNotFoundException: Web element with id: 'Object Repository/Form Verification/Rebates Form/Page_/p_Easily redeem by using the app to take ph_0d9a6e' located by '//*[(text() = 'Easily redeem by using the app to take photos of your receipts and UPCs' or . = 'Easily redeem by using the app to take photos of your receipts and UPCs')]' not found
	at com.kms.katalon.core.webui.keyword.internal.WebUIKeywordMain.stepFailed(WebUIKeywordMain.groovy:64)
	at com.kms.katalon.core.webui.keyword.builtin.VerifyElementTextKeyword$_verifyElementText_closure1.doCall(VerifyElementTextKeyword.groovy:64)
	at com.kms.katalon.core.webui.keyword.builtin.VerifyElementTextKeyword$_verifyElementText_closure1.call(VerifyElementTextKeyword.groovy)
	at com.kms.katalon.core.webui.keyword.internal.WebUIKeywordMain.runKeyword(WebUIKeywordMain.groovy:20)
	at com.kms.katalon.core.webui.keyword.builtin.VerifyElementTextKeyword.verifyElementText(VerifyElementTextKeyword.groovy:72)
	at com.kms.katalon.core.webui.keyword.builtin.VerifyElementTextKeyword.execute(VerifyElementTextKeyword.groovy:40)
	at com.kms.katalon.core.keyword.internal.KeywordExecutor.executeKeywordForPlatform(KeywordExecutor.groovy:74)
	at com.kms.katalon.core.webui.keyword.WebUiBuiltInKeywords.verifyElementText(WebUiBuiltInKeywords.groovy:4749)
	at com.kms.katalon.core.webui.keyword.WebUiBuiltInKeywords$verifyElementText$5.call(Unknown Source)
	at Rebates - Form Verification - UAT.run(Rebates - Form Verification - UAT:70)
	at com.kms.katalon.core.main.ScriptEngine.run(ScriptEngine.java:194)
	at com.kms.katalon.core.main.ScriptEngine.runScriptAsRawText(ScriptEngine.java:119)
	at com.kms.katalon.core.main.TestCaseExecutor.runScript(TestCaseExecutor.java:445)
	at com.kms.katalon.core.main.TestCaseExecutor.doExecute(TestCaseExecutor.java:436)
	at com.kms.katalon.core.main.TestCaseExecutor.processExecutionPhase(TestCaseExecutor.java:415)
	at com.kms.katalon.core.main.TestCaseExecutor.accessMainPhase(TestCaseExecutor.java:407)
	at com.kms.katalon.core.main.TestCaseExecutor.execute(TestCaseExecutor.java:284)
	at com.kms.katalon.core.common.CommonExecutor.accessTestCaseMainPhase(CommonExecutor.java:65)
	at com.kms.katalon.core.main.TestSuiteExecutor.accessTestSuiteMainPhase(TestSuiteExecutor.java:144)
	at com.kms.katalon.core.main.TestSuiteExecutor.execute(TestSuiteExecutor.java:106)
	at com.kms.katalon.core.main.TestCaseMain.startTestSuite(TestCaseMain.java:185)
	at com.kms.katalon.core.main.TestCaseMain$startTestSuite$0.call(Unknown Source)
	at TempTestSuite1650304259606.run(TempTestSuite1650304259606.groovy:36)
)
[[ATTACHMENT|D:\\SmoketestSuite\\enfamilUS\\Reports\\20220418_232059\\SmokeTestCollection - Venkat\\SmokeTestSuite-Collection - UAT\\20220418_232059\\1650305515835.png]]

2022-04-18 23:41:56 - [TEST_STEP][PASSED] - verifyElementClickable(findTestObject("Object Repository/Form Verification/Rebates Form/Page_/img")): Object 'Object Repository/Form Verification/Rebates Form/Page_/img' is clickable

2022-04-18 23:41:56 - [MESSAGE][PASSED] - Object 'Object Repository/Form Verification/Rebates Form/Page_/img' is clickable

2022-04-18 23:41:56 - [TEST_STEP][PASSED] - verifyElementClickable(findTestObject("Object Repository/Form Verification/Rebates Form/Page_/img_1")): Object 'Object Repository/Form Verification/Rebates Form/Page_/img_1' is clickable

2022-04-18 23:41:56 - [MESSAGE][PASSED] - Object 'Object Repository/Form Verification/Rebates Form/Page_/img_1' is clickable

2022-04-18 23:41:56 - [TEST_STEP][PASSED] - verifyElementClickable(findTestObject("Object Repository/Form Verification/Rebates Form/Page_/button_Login")): Object 'Object Repository/Form Verification/Rebates Form/Page_/button_Login' is clickable

2022-04-18 23:41:57 - [MESSAGE][PASSED] - Object 'Object Repository/Form Verification/Rebates Form/Page_/button_Login' is clickable

2022-04-18 23:41:57 - [TEST_STEP][PASSED] - verifyElementClickable(findTestObject("Object Repository/Form Verification/Rebates Form/Page_/a_Sign Up")): Object 'Object Repository/Form Verification/Rebates Form/Page_/a_Sign Up' is clickable

2022-04-18 23:41:57 - [MESSAGE][PASSED] - Object 'Object Repository/Form Verification/Rebates Form/Page_/a_Sign Up' is clickable

2022-04-18 23:41:57 - [TEST_STEP][PASSED] - closeBrowser(): Browser is closed

2022-04-18 23:41:58 - [MESSAGE][PASSED] - Browser is closed]]></system-out>
         <system-err><![CDATA[2022-04-18 23:40:58 - [TEST_CASE][FAILED] - Test Cases/Venkat/Forms Verification/Rebates - Form Verification - UAT: Test Cases/Venkat/Forms Verification/Rebates - Form Verification - UAT FAILED.
Reason:
com.kms.katalon.core.exception.StepFailedException: com.kms.katalon.core.webui.exception.WebElementNotFoundException: Web element with id: 'Object Repository/Form Verification/Rebates Form/Page_/h5_Access other offers and cash back option_d885a7' located by '//h4[(text() = 'Access other offers and cash back options on our mobileÂ app!' or . = 'Access other offers and cash back options on our mobileÂ app!')]' not found (Root cause: com.kms.katalon.core.exception.StepFailedException: com.kms.katalon.core.webui.exception.WebElementNotFoundException: Web element with id: 'Object Repository/Form Verification/Rebates Form/Page_/h5_Access other offers and cash back option_d885a7' located by '//h4[(text() = 'Access other offers and cash back options on our mobileÂ app!' or . = 'Access other offers and cash back options on our mobileÂ app!')]' not found
	at com.kms.katalon.core.webui.keyword.internal.WebUIKeywordMain.stepFailed(WebUIKeywordMain.groovy:64)
	at com.kms.katalon.core.webui.keyword.builtin.VerifyElementPresentKeyword$_verifyElementPresent_closure1.doCall(VerifyElementPresentKeyword.groovy:85)
	at com.kms.katalon.core.webui.keyword.builtin.VerifyElementPresentKeyword$_verifyElementPresent_closure1.call(VerifyElementPresentKeyword.groovy)
	at com.kms.katalon.core.webui.keyword.internal.WebUIKeywordMain.runKeyword(WebUIKeywordMain.groovy:20)
	at com.kms.katalon.core.webui.keyword.builtin.VerifyElementPresentKeyword.verifyElementPresent(VerifyElementPresentKeyword.groovy:92)
	at com.kms.katalon.core.webui.keyword.builtin.VerifyElementPresentKeyword.execute(VerifyElementPresentKeyword.groovy:68)
	at com.kms.katalon.core.keyword.internal.KeywordExecutor.executeKeywordForPlatform(KeywordExecutor.groovy:74)
	at com.kms.katalon.core.webui.keyword.WebUiBuiltInKeywords.verifyElementPresent(WebUiBuiltInKeywords.groovy:1464)
	at com.kms.katalon.core.webui.keyword.WebUiBuiltInKeywords$verifyElementPresent$4.call(Unknown Source)
	at Rebates - Form Verification - UAT.run(Rebates - Form Verification - UAT:51)
	at com.kms.katalon.core.main.ScriptEngine.run(ScriptEngine.java:194)
	at com.kms.katalon.core.main.ScriptEngine.runScriptAsRawText(ScriptEngine.java:119)
	at com.kms.katalon.core.main.TestCaseExecutor.runScript(TestCaseExecutor.java:445)
	at com.kms.katalon.core.main.TestCaseExecutor.doExecute(TestCaseExecutor.java:436)
	at com.kms.katalon.core.main.TestCaseExecutor.processExecutionPhase(TestCaseExecutor.java:415)
	at com.kms.katalon.core.main.TestCaseExecutor.accessMainPhase(TestCaseExecutor.java:407)
	at com.kms.katalon.core.main.TestCaseExecutor.execute(TestCaseExecutor.java:284)
	at com.kms.katalon.core.common.CommonExecutor.accessTestCaseMainPhase(CommonExecutor.java:65)
	at com.kms.katalon.core.main.TestSuiteExecutor.accessTestSuiteMainPhase(TestSuiteExecutor.java:144)
	at com.kms.katalon.core.main.TestSuiteExecutor.execute(TestSuiteExecutor.java:106)
	at com.kms.katalon.core.main.TestCaseMain.startTestSuite(TestCaseMain.java:185)
	at com.kms.katalon.core.main.TestCaseMain$startTestSuite$0.call(Unknown Source)
	at TempTestSuite1650304259606.run(TempTestSuite1650304259606.groovy:36)
)
	at com.kms.katalon.core.keyword.internal.KeywordMain.stepFailed(KeywordMain.groovy:39)
	at com.kms.katalon.core.webui.keyword.internal.WebUIKeywordMain.stepFailed(WebUIKeywordMain.groovy:64)
	at com.kms.katalon.core.webui.keyword.builtin.VerifyElementPresentKeyword$_verifyElementPresent_closure1.doCall(VerifyElementPresentKeyword.groovy:85)
	at com.kms.katalon.core.webui.keyword.builtin.VerifyElementPresentKeyword$_verifyElementPresent_closure1.call(VerifyElementPresentKeyword.groovy)
	at com.kms.katalon.core.webui.keyword.internal.WebUIKeywordMain.runKeyword(WebUIKeywordMain.groovy:20)
	at com.kms.katalon.core.webui.keyword.builtin.VerifyElementPresentKeyword.verifyElementPresent(VerifyElementPresentKeyword.groovy:92)
	at com.kms.katalon.core.webui.keyword.builtin.VerifyElementPresentKeyword.execute(VerifyElementPresentKeyword.groovy:68)
	at com.kms.katalon.core.keyword.internal.KeywordExecutor.executeKeywordForPlatform(KeywordExecutor.groovy:74)
	at com.kms.katalon.core.webui.keyword.WebUiBuiltInKeywords.verifyElementPresent(WebUiBuiltInKeywords.groovy:1464)
	at com.kms.katalon.core.webui.keyword.WebUiBuiltInKeywords$verifyElementPresent$4.call(Unknown Source)
	at Rebates - Form Verification - UAT.run(Rebates - Form Verification - UAT:51)
	at com.kms.katalon.core.main.ScriptEngine.run(ScriptEngine.java:194)
	at com.kms.katalon.core.main.ScriptEngine.runScriptAsRawText(ScriptEngine.java:119)
	at com.kms.katalon.core.main.TestCaseExecutor.runScript(TestCaseExecutor.java:445)
	at com.kms.katalon.core.main.TestCaseExecutor.doExecute(TestCaseExecutor.java:436)
	at com.kms.katalon.core.main.TestCaseExecutor.processExecutionPhase(TestCaseExecutor.java:415)
	at com.kms.katalon.core.main.TestCaseExecutor.accessMainPhase(TestCaseExecutor.java:407)
	at com.kms.katalon.core.main.TestCaseExecutor.execute(TestCaseExecutor.java:284)
	at com.kms.katalon.core.common.CommonExecutor.accessTestCaseMainPhase(CommonExecutor.java:65)
	at com.kms.katalon.core.main.TestSuiteExecutor.accessTestSuiteMainPhase(TestSuiteExecutor.java:144)
	at com.kms.katalon.core.main.TestSuiteExecutor.execute(TestSuiteExecutor.java:106)
	at com.kms.katalon.core.main.TestCaseMain.startTestSuite(TestCaseMain.java:185)
	at com.kms.katalon.core.main.TestCaseMain$startTestSuite$0.call(Unknown Source)
	at TempTestSuite1650304259606.run(TempTestSuite1650304259606.groovy:36)
Caused by: com.kms.katalon.core.exception.StepFailedException: com.kms.katalon.core.webui.exception.WebElementNotFoundException: Web element with id: 'Object Repository/Form Verification/Rebates Form/Page_/h5_Access other offers and cash back option_d885a7' located by '//h4[(text() = 'Access other offers and cash back options on our mobileÂ app!' or . = 'Access other offers and cash back options on our mobileÂ app!')]' not found
	... 23 more]]></system-err>
      </testcase>
      <testcase name="Test Cases/Venkat/Forms Verification/Revtrax - Form Verification" time="46.706" classname="Test Cases/Venkat/Forms Verification/Revtrax - Form Verification" status="FAILED">
         <failure type="FAILED" message="Test Cases/Venkat/Forms Verification/Revtrax - Form Verification FAILED.
Reason:
com.kms.katalon.core.exception.StepFailedException: Actual text 'Breastfeeding vs. Formula-Feeding: 6 Common Breastfeeding Questions' and expected text 'Breastfeeding vs. Formula-Feeding: 7 Common Breastfeeding Questions' of test object 'Object Repository/Form Verification/Revtrax/Page_/h3_Breastfeeding vs. Formula-Feeding 6 Comm_b05cf7' are NOT matched. (Root cause: com.kms.katalon.core.exception.StepFailedException: Actual text 'Breastfeeding vs. Formula-Feeding: 6 Common Breastfeeding Questions' and expected text 'Breastfeeding vs. Formula-Feeding: 7 Common Breastfeeding Questions' of test object 'Object Repository/Form Verification/Revtrax/Page_/h3_Breastfeeding vs. Formula-Feeding 6 Comm_b05cf7' are NOT matched.
	at com.kms.katalon.core.webui.keyword.internal.WebUIKeywordMain.stepFailed(WebUIKeywordMain.groovy:64)
	at com.kms.katalon.core.webui.keyword.builtin.VerifyElementTextKeyword$_verifyElementText_closure1.doCall(VerifyElementTextKeyword.groovy:57)
	at com.kms.katalon.core.webui.keyword.builtin.VerifyElementTextKeyword$_verifyElementText_closure1.call(VerifyElementTextKeyword.groovy)
	at com.kms.katalon.core.webui.keyword.internal.WebUIKeywordMain.runKeyword(WebUIKeywordMain.groovy:20)
	at com.kms.katalon.core.webui.keyword.builtin.VerifyElementTextKeyword.verifyElementText(VerifyElementTextKeyword.groovy:72)
	at com.kms.katalon.core.webui.keyword.builtin.VerifyElementTextKeyword.execute(VerifyElementTextKeyword.groovy:40)
	at com.kms.katalon.core.keyword.internal.KeywordExecutor.executeKeywordForPlatform(KeywordExecutor.groovy:74)
	at com.kms.katalon.core.webui.keyword.WebUiBuiltInKeywords.verifyElementText(WebUiBuiltInKeywords.groovy:4749)
	at com.kms.katalon.core.webui.keyword.WebUiBuiltInKeywords$verifyElementText$5.call(Unknown Source)
	at Revtrax - Form Verification.run(Revtrax - Form Verification:208)
	at com.kms.katalon.core.main.ScriptEngine.run(ScriptEngine.java:194)
	at com.kms.katalon.core.main.ScriptEngine.runScriptAsRawText(ScriptEngine.java:119)
	at com.kms.katalon.core.main.TestCaseExecutor.runScript(TestCaseExecutor.java:445)
	at com.kms.katalon.core.main.TestCaseExecutor.doExecute(TestCaseExecutor.java:436)
	at com.kms.katalon.core.main.TestCaseExecutor.processExecutionPhase(TestCaseExecutor.java:415)
	at com.kms.katalon.core.main.TestCaseExecutor.accessMainPhase(TestCaseExecutor.java:407)
	at com.kms.katalon.core.main.TestCaseExecutor.execute(TestCaseExecutor.java:284)
	at com.kms.katalon.core.common.CommonExecutor.accessTestCaseMainPhase(CommonExecutor.java:65)
	at com.kms.katalon.core.main.TestSuiteExecutor.accessTestSuiteMainPhase(TestSuiteExecutor.java:144)
	at com.kms.katalon.core.main.TestSuiteExecutor.execute(TestSuiteExecutor.java:106)
	at com.kms.katalon.core.main.TestCaseMain.startTestSuite(TestCaseMain.java:185)
	at com.kms.katalon.core.main.TestCaseMain$startTestSuite$0.call(Unknown Source)
	at TempTestSuite1650304259606.run(TempTestSuite1650304259606.groovy:36)
)
	at com.kms.katalon.core.keyword.internal.KeywordMain.stepFailed(KeywordMain.groovy:39)
	at com.kms.katalon.core.webui.keyword.internal.WebUIKeywordMain.stepFailed(WebUIKeywordMain.groovy:64)
	at com.kms.katalon.core.webui.keyword.builtin.VerifyElementTextKeyword$_verifyElementText_closure1.doCall(VerifyElementTextKeyword.groovy:57)
	at com.kms.katalon.core.webui.keyword.builtin.VerifyElementTextKeyword$_verifyElementText_closure1.call(VerifyElementTextKeyword.groovy)
	at com.kms.katalon.core.webui.keyword.internal.WebUIKeywordMain.runKeyword(WebUIKeywordMain.groovy:20)
	at com.kms.katalon.core.webui.keyword.builtin.VerifyElementTextKeyword.verifyElementText(VerifyElementTextKeyword.groovy:72)
	at com.kms.katalon.core.webui.keyword.builtin.VerifyElementTextKeyword.execute(VerifyElementTextKeyword.groovy:40)
	at com.kms.katalon.core.keyword.internal.KeywordExecutor.executeKeywordForPlatform(KeywordExecutor.groovy:74)
	at com.kms.katalon.core.webui.keyword.WebUiBuiltInKeywords.verifyElementText(WebUiBuiltInKeywords.groovy:4749)
	at com.kms.katalon.core.webui.keyword.WebUiBuiltInKeywords$verifyElementText$5.call(Unknown Source)
	at Revtrax - Form Verification.run(Revtrax - Form Verification:208)
	at com.kms.katalon.core.main.ScriptEngine.run(ScriptEngine.java:194)
	at com.kms.katalon.core.main.ScriptEngine.runScriptAsRawText(ScriptEngine.java:119)
	at com.kms.katalon.core.main.TestCaseExecutor.runScript(TestCaseExecutor.java:445)
	at com.kms.katalon.core.main.TestCaseExecutor.doExecute(TestCaseExecutor.java:436)
	at com.kms.katalon.core.main.TestCaseExecutor.processExecutionPhase(TestCaseExecutor.java:415)
	at com.kms.katalon.core.main.TestCaseExecutor.accessMainPhase(TestCaseExecutor.java:407)
	at com.kms.katalon.core.main.TestCaseExecutor.execute(TestCaseExecutor.java:284)
	at com.kms.katalon.core.common.CommonExecutor.accessTestCaseMainPhase(CommonExecutor.java:65)
	at com.kms.katalon.core.main.TestSuiteExecutor.accessTestSuiteMainPhase(TestSuiteExecutor.java:144)
	at com.kms.katalon.core.main.TestSuiteExecutor.execute(TestSuiteExecutor.java:106)
	at com.kms.katalon.core.main.TestCaseMain.startTestSuite(TestCaseMain.java:185)
	at com.kms.katalon.core.main.TestCaseMain$startTestSuite$0.call(Unknown Source)
	at TempTestSuite1650304259606.run(TempTestSuite1650304259606.groovy:36)
Caused by: com.kms.katalon.core.exception.StepFailedException: Actual text 'Breastfeeding vs. Formula-Feeding: 6 Common Breastfeeding Questions' and expected text 'Breastfeeding vs. Formula-Feeding: 7 Common Breastfeeding Questions' of test object 'Object Repository/Form Verification/Revtrax/Page_/h3_Breastfeeding vs. Formula-Feeding 6 Comm_b05cf7' are NOT matched.
	... 23 more
"/>
         <system-out><![CDATA[2022-04-18 23:41:58 - [TEST_CASE][FAILED] - Test Cases/Venkat/Forms Verification/Revtrax - Form Verification: Test Cases/Venkat/Forms Verification/Revtrax - Form Verification FAILED.
Reason:
com.kms.katalon.core.exception.StepFailedException: Actual text 'Breastfeeding vs. Formula-Feeding: 6 Common Breastfeeding Questions' and expected text 'Breastfeeding vs. Formula-Feeding: 7 Common Breastfeeding Questions' of test object 'Object Repository/Form Verification/Revtrax/Page_/h3_Breastfeeding vs. Formula-Feeding 6 Comm_b05cf7' are NOT matched. (Root cause: com.kms.katalon.core.exception.StepFailedException: Actual text 'Breastfeeding vs. Formula-Feeding: 6 Common Breastfeeding Questions' and expected text 'Breastfeeding vs. Formula-Feeding: 7 Common Breastfeeding Questions' of test object 'Object Repository/Form Verification/Revtrax/Page_/h3_Breastfeeding vs. Formula-Feeding 6 Comm_b05cf7' are NOT matched.
	at com.kms.katalon.core.webui.keyword.internal.WebUIKeywordMain.stepFailed(WebUIKeywordMain.groovy:64)
	at com.kms.katalon.core.webui.keyword.builtin.VerifyElementTextKeyword$_verifyElementText_closure1.doCall(VerifyElementTextKeyword.groovy:57)
	at com.kms.katalon.core.webui.keyword.builtin.VerifyElementTextKeyword$_verifyElementText_closure1.call(VerifyElementTextKeyword.groovy)
	at com.kms.katalon.core.webui.keyword.internal.WebUIKeywordMain.runKeyword(WebUIKeywordMain.groovy:20)
	at com.kms.katalon.core.webui.keyword.builtin.VerifyElementTextKeyword.verifyElementText(VerifyElementTextKeyword.groovy:72)
	at com.kms.katalon.core.webui.keyword.builtin.VerifyElementTextKeyword.execute(VerifyElementTextKeyword.groovy:40)
	at com.kms.katalon.core.keyword.internal.KeywordExecutor.executeKeywordForPlatform(KeywordExecutor.groovy:74)
	at com.kms.katalon.core.webui.keyword.WebUiBuiltInKeywords.verifyElementText(WebUiBuiltInKeywords.groovy:4749)
	at com.kms.katalon.core.webui.keyword.WebUiBuiltInKeywords$verifyElementText$5.call(Unknown Source)
	at Revtrax - Form Verification.run(Revtrax - Form Verification:208)
	at com.kms.katalon.core.main.ScriptEngine.run(ScriptEngine.java:194)
	at com.kms.katalon.core.main.ScriptEngine.runScriptAsRawText(ScriptEngine.java:119)
	at com.kms.katalon.core.main.TestCaseExecutor.runScript(TestCaseExecutor.java:445)
	at com.kms.katalon.core.main.TestCaseExecutor.doExecute(TestCaseExecutor.java:436)
	at com.kms.katalon.core.main.TestCaseExecutor.processExecutionPhase(TestCaseExecutor.java:415)
	at com.kms.katalon.core.main.TestCaseExecutor.accessMainPhase(TestCaseExecutor.java:407)
	at com.kms.katalon.core.main.TestCaseExecutor.execute(TestCaseExecutor.java:284)
	at com.kms.katalon.core.common.CommonExecutor.accessTestCaseMainPhase(CommonExecutor.java:65)
	at com.kms.katalon.core.main.TestSuiteExecutor.accessTestSuiteMainPhase(TestSuiteExecutor.java:144)
	at com.kms.katalon.core.main.TestSuiteExecutor.execute(TestSuiteExecutor.java:106)
	at com.kms.katalon.core.main.TestCaseMain.startTestSuite(TestCaseMain.java:185)
	at com.kms.katalon.core.main.TestCaseMain$startTestSuite$0.call(Unknown Source)
	at TempTestSuite1650304259606.run(TempTestSuite1650304259606.groovy:36)
)
	at com.kms.katalon.core.keyword.internal.KeywordMain.stepFailed(KeywordMain.groovy:39)
	at com.kms.katalon.core.webui.keyword.internal.WebUIKeywordMain.stepFailed(WebUIKeywordMain.groovy:64)
	at com.kms.katalon.core.webui.keyword.builtin.VerifyElementTextKeyword$_verifyElementText_closure1.doCall(VerifyElementTextKeyword.groovy:57)
	at com.kms.katalon.core.webui.keyword.builtin.VerifyElementTextKeyword$_verifyElementText_closure1.call(VerifyElementTextKeyword.groovy)
	at com.kms.katalon.core.webui.keyword.internal.WebUIKeywordMain.runKeyword(WebUIKeywordMain.groovy:20)
	at com.kms.katalon.core.webui.keyword.builtin.VerifyElementTextKeyword.verifyElementText(VerifyElementTextKeyword.groovy:72)
	at com.kms.katalon.core.webui.keyword.builtin.VerifyElementTextKeyword.execute(VerifyElementTextKeyword.groovy:40)
	at com.kms.katalon.core.keyword.internal.KeywordExecutor.executeKeywordForPlatform(KeywordExecutor.groovy:74)
	at com.kms.katalon.core.webui.keyword.WebUiBuiltInKeywords.verifyElementText(WebUiBuiltInKeywords.groovy:4749)
	at com.kms.katalon.core.webui.keyword.WebUiBuiltInKeywords$verifyElementText$5.call(Unknown Source)
	at Revtrax - Form Verification.run(Revtrax - Form Verification:208)
	at com.kms.katalon.core.main.ScriptEngine.run(ScriptEngine.java:194)
	at com.kms.katalon.core.main.ScriptEngine.runScriptAsRawText(ScriptEngine.java:119)
	at com.kms.katalon.core.main.TestCaseExecutor.runScript(TestCaseExecutor.java:445)
	at com.kms.katalon.core.main.TestCaseExecutor.doExecute(TestCaseExecutor.java:436)
	at com.kms.katalon.core.main.TestCaseExecutor.processExecutionPhase(TestCaseExecutor.java:415)
	at com.kms.katalon.core.main.TestCaseExecutor.accessMainPhase(TestCaseExecutor.java:407)
	at com.kms.katalon.core.main.TestCaseExecutor.execute(TestCaseExecutor.java:284)
	at com.kms.katalon.core.common.CommonExecutor.accessTestCaseMainPhase(CommonExecutor.java:65)
	at com.kms.katalon.core.main.TestSuiteExecutor.accessTestSuiteMainPhase(TestSuiteExecutor.java:144)
	at com.kms.katalon.core.main.TestSuiteExecutor.execute(TestSuiteExecutor.java:106)
	at com.kms.katalon.core.main.TestCaseMain.startTestSuite(TestCaseMain.java:185)
	at com.kms.katalon.core.main.TestCaseMain$startTestSuite$0.call(Unknown Source)
	at TempTestSuite1650304259606.run(TempTestSuite1650304259606.groovy:36)
Caused by: com.kms.katalon.core.exception.StepFailedException: Actual text 'Breastfeeding vs. Formula-Feeding: 6 Common Breastfeeding Questions' and expected text 'Breastfeeding vs. Formula-Feeding: 7 Common Breastfeeding Questions' of test object 'Object Repository/Form Verification/Revtrax/Page_/h3_Breastfeeding vs. Formula-Feeding 6 Comm_b05cf7' are NOT matched.
	... 23 more


2022-04-18 23:41:59 - [TEST_STEP][PASSED] - openBrowser(""): Browser is opened with url: ''

2022-04-18 23:41:59 - [MESSAGE][INFO] - Starting 'Chrome' driver

2022-04-18 23:41:59 - [MESSAGE][INFO] - Action delay is set to 0 milliseconds

2022-04-18 23:42:00 - [MESSAGE][PASSED] - Browser is opened with url: ''

2022-04-18 23:42:00 - [TEST_STEP][PASSED] - navigateToUrl(Revtrax): Navigate to 'https://enfamil-us.cdn.test.us-east-1.starterkit.rbcloud.io/enfamil-neuropro-offer/' successfully

2022-04-18 23:42:03 - [MESSAGE][PASSED] - Navigate to 'https://enfamil-us.cdn.test.us-east-1.starterkit.rbcloud.io/enfamil-neuropro-offer/' successfully

2022-04-18 23:42:03 - [TEST_STEP][PASSED] - maximizeWindow(): Current window maximized

2022-04-18 23:42:03 - [MESSAGE][PASSED] - Current window maximized

2022-04-18 23:42:03 - [TEST_STEP][PASSED] - delay(5): Delayed 5 second(s)

2022-04-18 23:42:08 - [MESSAGE][PASSED] - Delayed 5 second(s)

2022-04-18 23:42:08 - [TEST_STEP][PASSED] - click(findTestObject("Object Repository/Form Verification/Revtrax/Page_/button_GOT IT_onetrust-close-btn-handler on_95ce22")): Object: 'Object Repository/Form Verification/Revtrax/Page_/button_GOT IT_onetrust-close-btn-handler on_95ce22' is clicked on

2022-04-18 23:42:13 - [MESSAGE][PASSED] - Object: 'Object Repository/Form Verification/Revtrax/Page_/button_GOT IT_onetrust-close-btn-handler on_95ce22' is clicked on

2022-04-18 23:42:13 - [TEST_STEP][PASSED] - verifyElementPresent(findTestObject("Object Repository/Form Verification/Revtrax/Page_/span_Offer"), 0): Object 'Object Repository/Form Verification/Revtrax/Page_/span_Offer' is present

2022-04-18 23:42:13 - [MESSAGE][WARNING] - Timeout '0' is invalid. Using default page load timeout: '5'

2022-04-18 23:42:14 - [MESSAGE][PASSED] - Object 'Object Repository/Form Verification/Revtrax/Page_/span_Offer' is present

2022-04-18 23:42:14 - [TEST_STEP][PASSED] - verifyElementText(findTestObject("Object Repository/Form Verification/Revtrax/Page_/span_Offer"), "Offer"): Actual text and expected text of test object 'Object Repository/Form Verification/Revtrax/Page_/span_Offer' are matched.

2022-04-18 23:42:15 - [MESSAGE][PASSED] - Actual text and expected text of test object 'Object Repository/Form Verification/Revtrax/Page_/span_Offer' are matched.

2022-04-18 23:42:15 - [TEST_STEP][PASSED] - verifyElementPresent(findTestObject("Object Repository/Form Verification/Revtrax/Page_/span_Enfamil NeuroPro"), 0): Object 'Object Repository/Form Verification/Revtrax/Page_/span_Enfamil NeuroPro' is present

2022-04-18 23:42:15 - [MESSAGE][WARNING] - Timeout '0' is invalid. Using default page load timeout: '5'

2022-04-18 23:42:16 - [MESSAGE][PASSED] - Object 'Object Repository/Form Verification/Revtrax/Page_/span_Enfamil NeuroPro' is present

2022-04-18 23:42:16 - [TEST_STEP][PASSED] - verifyElementText(findTestObject("Object Repository/Form Verification/Revtrax/Page_/span_Enfamil NeuroPro"), "Enfamil NeuroProâ„¢"): Actual text and expected text of test object 'Object Repository/Form Verification/Revtrax/Page_/span_Enfamil NeuroPro' are matched.

2022-04-18 23:42:16 - [MESSAGE][PASSED] - Actual text and expected text of test object 'Object Repository/Form Verification/Revtrax/Page_/span_Enfamil NeuroPro' are matched.

2022-04-18 23:42:16 - [TEST_STEP][PASSED] - verifyElementPresent(findTestObject("Object Repository/Form Verification/Revtrax/Page_/h2_Get up to 15 off the New Enfamil NeuroPro"), 0): Object 'Object Repository/Form Verification/Revtrax/Page_/h2_Get up to 15 off the New Enfamil NeuroPro' is present

2022-04-18 23:42:16 - [MESSAGE][WARNING] - Timeout '0' is invalid. Using default page load timeout: '5'

2022-04-18 23:42:17 - [MESSAGE][PASSED] - Object 'Object Repository/Form Verification/Revtrax/Page_/h2_Get up to 15 off the New Enfamil NeuroPro' is present

2022-04-18 23:42:17 - [TEST_STEP][PASSED] - verifyElementText(findTestObject("Object Repository/Form Verification/Revtrax/Page_/h2_Get up to 15 off the New Enfamil NeuroPro"), "Get up to $15 off the New Enfamil NeuroPro."): Actual text and expected text of test object 'Object Repository/Form Verification/Revtrax/Page_/h2_Get up to 15 off the New Enfamil NeuroPro' are matched.

2022-04-18 23:42:17 - [MESSAGE][PASSED] - Actual text and expected text of test object 'Object Repository/Form Verification/Revtrax/Page_/h2_Get up to 15 off the New Enfamil NeuroPro' are matched.

2022-04-18 23:42:17 - [TEST_STEP][PASSED] - verifyElementPresent(findTestObject("Object Repository/Form Verification/Revtrax/Page_/p_Discover the difference now"), 0): Object 'Object Repository/Form Verification/Revtrax/Page_/p_Discover the difference now' is present

2022-04-18 23:42:18 - [MESSAGE][WARNING] - Timeout '0' is invalid. Using default page load timeout: '5'

2022-04-18 23:42:18 - [MESSAGE][PASSED] - Object 'Object Repository/Form Verification/Revtrax/Page_/p_Discover the difference now' is present

2022-04-18 23:42:18 - [TEST_STEP][PASSED] - verifyElementText(findTestObject("Object Repository/Form Verification/Revtrax/Page_/p_Discover the difference now"), "Discover the difference now."): Actual text and expected text of test object 'Object Repository/Form Verification/Revtrax/Page_/p_Discover the difference now' are matched.

2022-04-18 23:42:18 - [MESSAGE][PASSED] - Actual text and expected text of test object 'Object Repository/Form Verification/Revtrax/Page_/p_Discover the difference now' are matched.

2022-04-18 23:42:18 - [TEST_STEP][PASSED] - verifyElementPresent(findTestObject("Object Repository/Form Verification/Revtrax/Page_/p_Try new Enfamil NeuroPro, the only brand _8d5720"), 0): Object 'Object Repository/Form Verification/Revtrax/Page_/p_Try new Enfamil NeuroPro, the only brand _8d5720' is present

2022-04-18 23:42:18 - [MESSAGE][WARNING] - Timeout '0' is invalid. Using default page load timeout: '5'

2022-04-18 23:42:19 - [MESSAGE][PASSED] - Object 'Object Repository/Form Verification/Revtrax/Page_/p_Try new Enfamil NeuroPro, the only brand _8d5720' is present

2022-04-18 23:42:19 - [TEST_STEP][PASSED] - verifyElementText(findTestObject("Object Repository/Form Verification/Revtrax/Page_/p_Try new Enfamil NeuroPro, the only brand _8d5720"), "Try new Enfamil NeuroPro, the only brand that has brain-building expert-recommended DHA and a Triple Prebiotic Immune Blendâ„¢ including 2â€™-FL HMO (Human Milk Oligosaccharide). All inspired by breast milk. So you can set up your baby up for a life full of wonder."): Actual text and expected text of test object 'Object Repository/Form Verification/Revtrax/Page_/p_Try new Enfamil NeuroPro, the only brand _8d5720' are matched.

2022-04-18 23:42:19 - [MESSAGE][PASSED] - Actual text and expected text of test object 'Object Repository/Form Verification/Revtrax/Page_/p_Try new Enfamil NeuroPro, the only brand _8d5720' are matched.

2022-04-18 23:42:19 - [TEST_STEP][PASSED] - verifyElementPresent(findTestObject("Object Repository/Form Verification/Revtrax/Page_/div_Fill out the form below and check your _3fe827"), 0): Object 'Object Repository/Form Verification/Revtrax/Page_/div_Fill out the form below and check your _3fe827' is present

2022-04-18 23:42:19 - [MESSAGE][WARNING] - Timeout '0' is invalid. Using default page load timeout: '5'

2022-04-18 23:42:19 - [MESSAGE][PASSED] - Object 'Object Repository/Form Verification/Revtrax/Page_/div_Fill out the form below and check your _3fe827' is present

2022-04-18 23:42:19 - [TEST_STEP][PASSED] - verifyElementText(findTestObject("Object Repository/Form Verification/Revtrax/Page_/div_Fill out the form below and check your _3fe827"), "Fill out the form below and check your email for next steps."): Actual text and expected text of test object 'Object Repository/Form Verification/Revtrax/Page_/div_Fill out the form below and check your _3fe827' are matched.

2022-04-18 23:42:20 - [MESSAGE][PASSED] - Actual text and expected text of test object 'Object Repository/Form Verification/Revtrax/Page_/div_Fill out the form below and check your _3fe827' are matched.

2022-04-18 23:42:20 - [TEST_STEP][PASSED] - verifyElementPresent(findTestObject("Object Repository/Form Verification/Revtrax/Page_/h3_Redeem offer worth up to 15"), 0): Object 'Object Repository/Form Verification/Revtrax/Page_/h3_Redeem offer worth up to 15' is present

2022-04-18 23:42:20 - [MESSAGE][WARNING] - Timeout '0' is invalid. Using default page load timeout: '5'

2022-04-18 23:42:20 - [MESSAGE][PASSED] - Object 'Object Repository/Form Verification/Revtrax/Page_/h3_Redeem offer worth up to 15' is present

2022-04-18 23:42:20 - [TEST_STEP][PASSED] - verifyElementText(findTestObject("Object Repository/Form Verification/Revtrax/Page_/h3_Redeem offer worth up to 15"), "Redeem offer worth up to $15"): Actual text and expected text of test object 'Object Repository/Form Verification/Revtrax/Page_/h3_Redeem offer worth up to 15' are matched.

2022-04-18 23:42:20 - [MESSAGE][PASSED] - Actual text and expected text of test object 'Object Repository/Form Verification/Revtrax/Page_/h3_Redeem offer worth up to 15' are matched.

2022-04-18 23:42:20 - [TEST_STEP][PASSED] - verifyElementPresent(findTestObject("Object Repository/Form Verification/Revtrax/Page_/input_First name_e3371ce6-6846-459b-8624-a3_9ee797"), 0): Object 'Object Repository/Form Verification/Revtrax/Page_/input_First name_e3371ce6-6846-459b-8624-a3_9ee797' is present

2022-04-18 23:42:21 - [MESSAGE][WARNING] - Timeout '0' is invalid. Using default page load timeout: '5'

2022-04-18 23:42:21 - [MESSAGE][PASSED] - Object 'Object Repository/Form Verification/Revtrax/Page_/input_First name_e3371ce6-6846-459b-8624-a3_9ee797' is present

2022-04-18 23:42:21 - [TEST_STEP][PASSED] - verifyElementClickable(findTestObject("Object Repository/Form Verification/Revtrax/Page_/input_First name_e3371ce6-6846-459b-8624-a3_9ee797_1")): Object 'Object Repository/Form Verification/Revtrax/Page_/input_First name_e3371ce6-6846-459b-8624-a3_9ee797_1' is clickable

2022-04-18 23:42:21 - [MESSAGE][PASSED] - Object 'Object Repository/Form Verification/Revtrax/Page_/input_First name_e3371ce6-6846-459b-8624-a3_9ee797_1' is clickable

2022-04-18 23:42:21 - [TEST_STEP][PASSED] - verifyElementPresent(findTestObject("Object Repository/Form Verification/Revtrax/Page_/input_Last name_4953cab3-a783-46e5-b36a-3ea_0ebc41"), 0): Object 'Object Repository/Form Verification/Revtrax/Page_/input_Last name_4953cab3-a783-46e5-b36a-3ea_0ebc41' is present

2022-04-18 23:42:21 - [MESSAGE][WARNING] - Timeout '0' is invalid. Using default page load timeout: '5'

2022-04-18 23:42:22 - [MESSAGE][PASSED] - Object 'Object Repository/Form Verification/Revtrax/Page_/input_Last name_4953cab3-a783-46e5-b36a-3ea_0ebc41' is present

2022-04-18 23:42:22 - [TEST_STEP][PASSED] - verifyElementClickable(findTestObject("Object Repository/Form Verification/Revtrax/Page_/input_Last name_4953cab3-a783-46e5-b36a-3ea_0ebc41_1")): Object 'Object Repository/Form Verification/Revtrax/Page_/input_Last name_4953cab3-a783-46e5-b36a-3ea_0ebc41_1' is clickable

2022-04-18 23:42:22 - [MESSAGE][PASSED] - Object 'Object Repository/Form Verification/Revtrax/Page_/input_Last name_4953cab3-a783-46e5-b36a-3ea_0ebc41_1' is clickable

2022-04-18 23:42:22 - [TEST_STEP][PASSED] - verifyElementPresent(findTestObject("Object Repository/Form Verification/Revtrax/Page_/input_Street Address_09adf00a-2a13-4493-8dc_72c6d2"), 0): Object 'Object Repository/Form Verification/Revtrax/Page_/input_Street Address_09adf00a-2a13-4493-8dc_72c6d2' is present

2022-04-18 23:42:22 - [MESSAGE][WARNING] - Timeout '0' is invalid. Using default page load timeout: '5'

2022-04-18 23:42:22 - [MESSAGE][PASSED] - Object 'Object Repository/Form Verification/Revtrax/Page_/input_Street Address_09adf00a-2a13-4493-8dc_72c6d2' is present

2022-04-18 23:42:22 - [TEST_STEP][PASSED] - verifyElementClickable(findTestObject("Object Repository/Form Verification/Revtrax/Page_/input_Street Address_09adf00a-2a13-4493-8dc_72c6d2_1")): Object 'Object Repository/Form Verification/Revtrax/Page_/input_Street Address_09adf00a-2a13-4493-8dc_72c6d2_1' is clickable

2022-04-18 23:42:23 - [MESSAGE][PASSED] - Object 'Object Repository/Form Verification/Revtrax/Page_/input_Street Address_09adf00a-2a13-4493-8dc_72c6d2_1' is clickable

2022-04-18 23:42:23 - [TEST_STEP][PASSED] - verifyElementPresent(findTestObject("Object Repository/Form Verification/Revtrax/Page_/input_UnitSuiteApt_006fe22a-d7ee-4d57-bfac-_645c72"), 0): Object 'Object Repository/Form Verification/Revtrax/Page_/input_UnitSuiteApt_006fe22a-d7ee-4d57-bfac-_645c72' is present

2022-04-18 23:42:23 - [MESSAGE][WARNING] - Timeout '0' is invalid. Using default page load timeout: '5'

2022-04-18 23:42:23 - [MESSAGE][PASSED] - Object 'Object Repository/Form Verification/Revtrax/Page_/input_UnitSuiteApt_006fe22a-d7ee-4d57-bfac-_645c72' is present

2022-04-18 23:42:23 - [TEST_STEP][PASSED] - verifyElementClickable(findTestObject("Object Repository/Form Verification/Revtrax/Page_/input_UnitSuiteApt_006fe22a-d7ee-4d57-bfac-_645c72_1")): Object 'Object Repository/Form Verification/Revtrax/Page_/input_UnitSuiteApt_006fe22a-d7ee-4d57-bfac-_645c72_1' is clickable

2022-04-18 23:42:23 - [MESSAGE][PASSED] - Object 'Object Repository/Form Verification/Revtrax/Page_/input_UnitSuiteApt_006fe22a-d7ee-4d57-bfac-_645c72_1' is clickable

2022-04-18 23:42:23 - [TEST_STEP][PASSED] - verifyElementPresent(findTestObject("Object Repository/Form Verification/Revtrax/Page_/input_City_eace8285-a56b-4a2e-bbcc-122a92ab2580"), 0): Object 'Object Repository/Form Verification/Revtrax/Page_/input_City_eace8285-a56b-4a2e-bbcc-122a92ab2580' is present

2022-04-18 23:42:23 - [MESSAGE][WARNING] - Timeout '0' is invalid. Using default page load timeout: '5'

2022-04-18 23:42:24 - [MESSAGE][PASSED] - Object 'Object Repository/Form Verification/Revtrax/Page_/input_City_eace8285-a56b-4a2e-bbcc-122a92ab2580' is present

2022-04-18 23:42:24 - [TEST_STEP][PASSED] - verifyElementClickable(findTestObject("Object Repository/Form Verification/Revtrax/Page_/input_City_eace8285-a56b-4a2e-bbcc-122a92ab2580_1")): Object 'Object Repository/Form Verification/Revtrax/Page_/input_City_eace8285-a56b-4a2e-bbcc-122a92ab2580_1' is clickable

2022-04-18 23:42:24 - [MESSAGE][PASSED] - Object 'Object Repository/Form Verification/Revtrax/Page_/input_City_eace8285-a56b-4a2e-bbcc-122a92ab2580_1' is clickable

2022-04-18 23:42:24 - [TEST_STEP][PASSED] - verifyElementPresent(findTestObject("Object Repository/Form Verification/Revtrax/Page_/div_State"), 0): Object 'Object Repository/Form Verification/Revtrax/Page_/div_State' is present

2022-04-18 23:42:24 - [MESSAGE][WARNING] - Timeout '0' is invalid. Using default page load timeout: '5'

2022-04-18 23:42:24 - [MESSAGE][PASSED] - Object 'Object Repository/Form Verification/Revtrax/Page_/div_State' is present

2022-04-18 23:42:24 - [TEST_STEP][PASSED] - verifyElementClickable(findTestObject("Object Repository/Form Verification/Revtrax/Page_/div_State")): Object 'Object Repository/Form Verification/Revtrax/Page_/div_State' is clickable

2022-04-18 23:42:25 - [MESSAGE][PASSED] - Object 'Object Repository/Form Verification/Revtrax/Page_/div_State' is clickable

2022-04-18 23:42:25 - [TEST_STEP][PASSED] - verifyElementPresent(findTestObject("Object Repository/Form Verification/Revtrax/Page_/input_Zip Code_482f5eb3-b873-4b90-ad22-00b8_0f9439"), 0): Object 'Object Repository/Form Verification/Revtrax/Page_/input_Zip Code_482f5eb3-b873-4b90-ad22-00b8_0f9439' is present

2022-04-18 23:42:25 - [MESSAGE][WARNING] - Timeout '0' is invalid. Using default page load timeout: '5'

2022-04-18 23:42:25 - [MESSAGE][PASSED] - Object 'Object Repository/Form Verification/Revtrax/Page_/input_Zip Code_482f5eb3-b873-4b90-ad22-00b8_0f9439' is present

2022-04-18 23:42:25 - [TEST_STEP][PASSED] - verifyElementClickable(findTestObject("Object Repository/Form Verification/Revtrax/Page_/input_Zip Code_482f5eb3-b873-4b90-ad22-00b8_0f9439_1")): Object 'Object Repository/Form Verification/Revtrax/Page_/input_Zip Code_482f5eb3-b873-4b90-ad22-00b8_0f9439_1' is clickable

2022-04-18 23:42:26 - [MESSAGE][PASSED] - Object 'Object Repository/Form Verification/Revtrax/Page_/input_Zip Code_482f5eb3-b873-4b90-ad22-00b8_0f9439_1' is clickable

2022-04-18 23:42:26 - [TEST_STEP][PASSED] - verifyElementPresent(findTestObject("Object Repository/Form Verification/Revtrax/Page_/input_Email_4189f5a2-5629-4393-ba54-4b513dd8788b"), 0): Object 'Object Repository/Form Verification/Revtrax/Page_/input_Email_4189f5a2-5629-4393-ba54-4b513dd8788b' is present

2022-04-18 23:42:26 - [MESSAGE][WARNING] - Timeout '0' is invalid. Using default page load timeout: '5'

2022-04-18 23:42:26 - [MESSAGE][PASSED] - Object 'Object Repository/Form Verification/Revtrax/Page_/input_Email_4189f5a2-5629-4393-ba54-4b513dd8788b' is present

2022-04-18 23:42:26 - [TEST_STEP][PASSED] - verifyElementClickable(findTestObject("Object Repository/Form Verification/Revtrax/Page_/input_Email_4189f5a2-5629-4393-ba54-4b513dd8788b_1")): Object 'Object Repository/Form Verification/Revtrax/Page_/input_Email_4189f5a2-5629-4393-ba54-4b513dd8788b_1' is clickable

2022-04-18 23:42:26 - [MESSAGE][PASSED] - Object 'Object Repository/Form Verification/Revtrax/Page_/input_Email_4189f5a2-5629-4393-ba54-4b513dd8788b_1' is clickable

2022-04-18 23:42:26 - [TEST_STEP][PASSED] - verifyElementPresent(findTestObject("Object Repository/Form Verification/Revtrax/Page_/input_Due date or birth date_2e8446ea-2d1a-_cf9144"), 0): Object 'Object Repository/Form Verification/Revtrax/Page_/input_Due date or birth date_2e8446ea-2d1a-_cf9144' is present

2022-04-18 23:42:26 - [MESSAGE][WARNING] - Timeout '0' is invalid. Using default page load timeout: '5'

2022-04-18 23:42:27 - [MESSAGE][PASSED] - Object 'Object Repository/Form Verification/Revtrax/Page_/input_Due date or birth date_2e8446ea-2d1a-_cf9144' is present

2022-04-18 23:42:27 - [TEST_STEP][PASSED] - verifyElementClickable(findTestObject("Object Repository/Form Verification/Revtrax/Page_/input_Due date or birth date_2e8446ea-2d1a-_cf9144_1")): Object 'Object Repository/Form Verification/Revtrax/Page_/input_Due date or birth date_2e8446ea-2d1a-_cf9144_1' is clickable

2022-04-18 23:42:27 - [MESSAGE][PASSED] - Object 'Object Repository/Form Verification/Revtrax/Page_/input_Due date or birth date_2e8446ea-2d1a-_cf9144_1' is clickable

2022-04-18 23:42:27 - [TEST_STEP][PASSED] - verifyElementPresent(findTestObject("Object Repository/Form Verification/Revtrax/Page_/button_Why"), 0): Object 'Object Repository/Form Verification/Revtrax/Page_/button_Why' is present

2022-04-18 23:42:27 - [MESSAGE][WARNING] - Timeout '0' is invalid. Using default page load timeout: '5'

2022-04-18 23:42:27 - [MESSAGE][PASSED] - Object 'Object Repository/Form Verification/Revtrax/Page_/button_Why' is present

2022-04-18 23:42:27 - [TEST_STEP][PASSED] - verifyElementClickable(findTestObject("Object Repository/Form Verification/Revtrax/Page_/button_Why")): Object 'Object Repository/Form Verification/Revtrax/Page_/button_Why' is clickable

2022-04-18 23:42:28 - [MESSAGE][PASSED] - Object 'Object Repository/Form Verification/Revtrax/Page_/button_Why' is clickable

2022-04-18 23:42:28 - [TEST_STEP][PASSED] - verifyElementPresent(findTestObject("Object Repository/Form Verification/Revtrax/Page_/button_Shop retailers"), 0): Object 'Object Repository/Form Verification/Revtrax/Page_/button_Shop retailers' is present

2022-04-18 23:42:28 - [MESSAGE][WARNING] - Timeout '0' is invalid. Using default page load timeout: '5'

2022-04-18 23:42:28 - [MESSAGE][PASSED] - Object 'Object Repository/Form Verification/Revtrax/Page_/button_Shop retailers' is present

2022-04-18 23:42:28 - [TEST_STEP][PASSED] - verifyElementText(findTestObject("Object Repository/Form Verification/Revtrax/Page_/button_Shop retailers"), "Shop retailers"): Actual text and expected text of test object 'Object Repository/Form Verification/Revtrax/Page_/button_Shop retailers' are matched.

2022-04-18 23:42:29 - [MESSAGE][PASSED] - Actual text and expected text of test object 'Object Repository/Form Verification/Revtrax/Page_/button_Shop retailers' are matched.

2022-04-18 23:42:29 - [TEST_STEP][PASSED] - verifyElementClickable(findTestObject("Object Repository/Form Verification/Revtrax/Page_/button_Shop retailers")): Object 'Object Repository/Form Verification/Revtrax/Page_/button_Shop retailers' is clickable

2022-04-18 23:42:29 - [MESSAGE][PASSED] - Object 'Object Repository/Form Verification/Revtrax/Page_/button_Shop retailers' is clickable

2022-04-18 23:42:29 - [TEST_STEP][PASSED] - verifyElementPresent(findTestObject("Object Repository/Form Verification/Revtrax/Page_/div_With submission of this form, you will _a71c2c"), 0): Object 'Object Repository/Form Verification/Revtrax/Page_/div_With submission of this form, you will _a71c2c' is present

2022-04-18 23:42:29 - [MESSAGE][WARNING] - Timeout '0' is invalid. Using default page load timeout: '5'

2022-04-18 23:42:29 - [MESSAGE][PASSED] - Object 'Object Repository/Form Verification/Revtrax/Page_/div_With submission of this form, you will _a71c2c' is present

2022-04-18 23:42:29 - [TEST_STEP][PASSED] - verifyElementText(findTestObject("Object Repository/Form Verification/Revtrax/Page_/div_With submission of this form, you will _a71c2c"), "With submission of this form, you will automatically be enrolled into the Enfamil Family BeginningsÂ® Program"): Actual text and expected text of test object 'Object Repository/Form Verification/Revtrax/Page_/div_With submission of this form, you will _a71c2c' are matched.

2022-04-18 23:42:30 - [MESSAGE][PASSED] - Actual text and expected text of test object 'Object Repository/Form Verification/Revtrax/Page_/div_With submission of this form, you will _a71c2c' are matched.

2022-04-18 23:42:30 - [TEST_STEP][PASSED] - verifyElementPresent(findTestObject("Object Repository/Form Verification/Revtrax/Page_/p_Terms and Conditions"), 0): Object 'Object Repository/Form Verification/Revtrax/Page_/p_Terms and Conditions' is present

2022-04-18 23:42:30 - [MESSAGE][WARNING] - Timeout '0' is invalid. Using default page load timeout: '5'

2022-04-18 23:42:30 - [MESSAGE][PASSED] - Object 'Object Repository/Form Verification/Revtrax/Page_/p_Terms and Conditions' is present

2022-04-18 23:42:30 - [TEST_STEP][PASSED] - verifyElementText(findTestObject("Object Repository/Form Verification/Revtrax/Page_/p_Terms and Conditions"), "Terms and Conditions"): Actual text and expected text of test object 'Object Repository/Form Verification/Revtrax/Page_/p_Terms and Conditions' are matched.

2022-04-18 23:42:30 - [MESSAGE][PASSED] - Actual text and expected text of test object 'Object Repository/Form Verification/Revtrax/Page_/p_Terms and Conditions' are matched.

2022-04-18 23:42:30 - [TEST_STEP][PASSED] - verifyElementPresent(findTestObject("Object Repository/Form Verification/Revtrax/Page_/li_Offer will run from August 11, 2021 to O_cbc6eb"), 0): Object 'Object Repository/Form Verification/Revtrax/Page_/li_Offer will run from August 11, 2021 to O_cbc6eb' is present

2022-04-18 23:42:30 - [MESSAGE][WARNING] - Timeout '0' is invalid. Using default page load timeout: '5'

2022-04-18 23:42:31 - [MESSAGE][PASSED] - Object 'Object Repository/Form Verification/Revtrax/Page_/li_Offer will run from August 11, 2021 to O_cbc6eb' is present

2022-04-18 23:42:31 - [TEST_STEP][PASSED] - verifyElementText(findTestObject("Object Repository/Form Verification/Revtrax/Page_/li_Offer will run from August 11, 2021 to O_cbc6eb"), "Offer will run from August 11, 2021 to October 31, 2021."): Actual text and expected text of test object 'Object Repository/Form Verification/Revtrax/Page_/li_Offer will run from August 11, 2021 to O_cbc6eb' are matched.

2022-04-18 23:42:31 - [MESSAGE][PASSED] - Actual text and expected text of test object 'Object Repository/Form Verification/Revtrax/Page_/li_Offer will run from August 11, 2021 to O_cbc6eb' are matched.

2022-04-18 23:42:31 - [TEST_STEP][PASSED] - verifyElementPresent(findTestObject("Object Repository/Form Verification/Revtrax/Page_/li_Offer is valid on one NeuroPro tub (Enfa_f17709"), 0): Object 'Object Repository/Form Verification/Revtrax/Page_/li_Offer is valid on one NeuroPro tub (Enfa_f17709' is present

2022-04-18 23:42:31 - [MESSAGE][WARNING] - Timeout '0' is invalid. Using default page load timeout: '5'

2022-04-18 23:42:32 - [MESSAGE][PASSED] - Object 'Object Repository/Form Verification/Revtrax/Page_/li_Offer is valid on one NeuroPro tub (Enfa_f17709' is present

2022-04-18 23:42:32 - [TEST_STEP][PASSED] - verifyElementText(findTestObject("Object Repository/Form Verification/Revtrax/Page_/li_Offer is valid on one NeuroPro tub (Enfa_f17709"), "Offer is valid on one NeuroPro tub (Enfamil NeuroPro Infant Formula Powder 20.7oz Tub, Enfamil NeuroPro Gentlease Infant Formula 19.5oz Tub, or Enfamil NeuroPro Sensitive Infant Formula Powder 19.5oz Tub)."): Actual text and expected text of test object 'Object Repository/Form Verification/Revtrax/Page_/li_Offer is valid on one NeuroPro tub (Enfa_f17709' are matched.

2022-04-18 23:42:32 - [MESSAGE][PASSED] - Actual text and expected text of test object 'Object Repository/Form Verification/Revtrax/Page_/li_Offer is valid on one NeuroPro tub (Enfa_f17709' are matched.

2022-04-18 23:42:32 - [TEST_STEP][PASSED] - verifyElementPresent(findTestObject("Object Repository/Form Verification/Revtrax/Page_/li_Limit of one offer per child or household"), 0): Object 'Object Repository/Form Verification/Revtrax/Page_/li_Limit of one offer per child or household' is present

2022-04-18 23:42:32 - [MESSAGE][WARNING] - Timeout '0' is invalid. Using default page load timeout: '5'

2022-04-18 23:42:32 - [MESSAGE][PASSED] - Object 'Object Repository/Form Verification/Revtrax/Page_/li_Limit of one offer per child or household' is present

2022-04-18 23:42:32 - [TEST_STEP][PASSED] - verifyElementText(findTestObject("Object Repository/Form Verification/Revtrax/Page_/li_Limit of one offer per child or household"), "Limit of one offer per child or household."): Actual text and expected text of test object 'Object Repository/Form Verification/Revtrax/Page_/li_Limit of one offer per child or household' are matched.

2022-04-18 23:42:33 - [MESSAGE][PASSED] - Actual text and expected text of test object 'Object Repository/Form Verification/Revtrax/Page_/li_Limit of one offer per child or household' are matched.

2022-04-18 23:42:33 - [TEST_STEP][PASSED] - verifyElementPresent(findTestObject("Object Repository/Form Verification/Revtrax/Page_/li_Enfamil has the right to cancel this off_0688e4"), 0): Object 'Object Repository/Form Verification/Revtrax/Page_/li_Enfamil has the right to cancel this off_0688e4' is present

2022-04-18 23:42:33 - [MESSAGE][WARNING] - Timeout '0' is invalid. Using default page load timeout: '5'

2022-04-18 23:42:33 - [MESSAGE][PASSED] - Object 'Object Repository/Form Verification/Revtrax/Page_/li_Enfamil has the right to cancel this off_0688e4' is present

2022-04-18 23:42:33 - [TEST_STEP][PASSED] - verifyElementText(findTestObject("Object Repository/Form Verification/Revtrax/Page_/li_Enfamil has the right to cancel this off_0688e4"), "Enfamil has the right to cancel this offer at any time without prior notice."): Actual text and expected text of test object 'Object Repository/Form Verification/Revtrax/Page_/li_Enfamil has the right to cancel this off_0688e4' are matched.

2022-04-18 23:42:33 - [MESSAGE][PASSED] - Actual text and expected text of test object 'Object Repository/Form Verification/Revtrax/Page_/li_Enfamil has the right to cancel this off_0688e4' are matched.

2022-04-18 23:42:33 - [TEST_STEP][PASSED] - verifyElementPresent(findTestObject("Object Repository/Form Verification/Revtrax/Page_/h3_Top Formula-Feeding Articles"), 0): Object 'Object Repository/Form Verification/Revtrax/Page_/h3_Top Formula-Feeding Articles' is present

2022-04-18 23:42:33 - [MESSAGE][WARNING] - Timeout '0' is invalid. Using default page load timeout: '5'

2022-04-18 23:42:34 - [MESSAGE][PASSED] - Object 'Object Repository/Form Verification/Revtrax/Page_/h3_Top Formula-Feeding Articles' is present

2022-04-18 23:42:34 - [TEST_STEP][PASSED] - verifyElementText(findTestObject("Object Repository/Form Verification/Revtrax/Page_/h3_Top Formula-Feeding Articles"), "Top Formula-Feeding Articles"): Actual text and expected text of test object 'Object Repository/Form Verification/Revtrax/Page_/h3_Top Formula-Feeding Articles' are matched.

2022-04-18 23:42:34 - [MESSAGE][PASSED] - Actual text and expected text of test object 'Object Repository/Form Verification/Revtrax/Page_/h3_Top Formula-Feeding Articles' are matched.

2022-04-18 23:42:34 - [TEST_STEP][PASSED] - scrollToElement(findTestObject("Object Repository/Form Verification/Revtrax/Page_/h3_Choosing to Formula-Feed"), 0): Scroll to object 'Object Repository/Form Verification/Revtrax/Page_/h3_Choosing to Formula-Feed' successfully

2022-04-18 23:42:34 - [MESSAGE][WARNING] - Timeout '0' is invalid. Using default page load timeout: '5'

2022-04-18 23:42:34 - [MESSAGE][PASSED] - Scroll to object 'Object Repository/Form Verification/Revtrax/Page_/h3_Choosing to Formula-Feed' successfully

2022-04-18 23:42:34 - [TEST_STEP][PASSED] - verifyElementPresent(findTestObject("Object Repository/Form Verification/Revtrax/Page_/ul_What is DHA  Why is It ImportantYouve pr_6a7719"), 0): Object 'Object Repository/Form Verification/Revtrax/Page_/ul_What is DHA  Why is It ImportantYouve pr_6a7719' is present

2022-04-18 23:42:35 - [MESSAGE][WARNING] - Timeout '0' is invalid. Using default page load timeout: '5'

2022-04-18 23:42:35 - [MESSAGE][PASSED] - Object 'Object Repository/Form Verification/Revtrax/Page_/ul_What is DHA  Why is It ImportantYouve pr_6a7719' is present

2022-04-18 23:42:35 - [TEST_STEP][PASSED] - verifyElementPresent(findTestObject("Object Repository/Form Verification/Revtrax/Page_/h3_What is DHA  Why is It Important"), 0): Object 'Object Repository/Form Verification/Revtrax/Page_/h3_What is DHA  Why is It Important' is present

2022-04-18 23:42:35 - [MESSAGE][WARNING] - Timeout '0' is invalid. Using default page load timeout: '5'

2022-04-18 23:42:36 - [MESSAGE][PASSED] - Object 'Object Repository/Form Verification/Revtrax/Page_/h3_What is DHA  Why is It Important' is present

2022-04-18 23:42:36 - [TEST_STEP][PASSED] - verifyElementPresent(findTestObject("Object Repository/Form Verification/Revtrax/Page_/p_Youve probably heard that DHA is importan_e7d6a5"), 0): Object 'Object Repository/Form Verification/Revtrax/Page_/p_Youve probably heard that DHA is importan_e7d6a5' is present

2022-04-18 23:42:36 - [MESSAGE][WARNING] - Timeout '0' is invalid. Using default page load timeout: '5'

2022-04-18 23:42:36 - [MESSAGE][PASSED] - Object 'Object Repository/Form Verification/Revtrax/Page_/p_Youve probably heard that DHA is importan_e7d6a5' is present

2022-04-18 23:42:36 - [TEST_STEP][PASSED] - verifyElementText(findTestObject("Object Repository/Form Verification/Revtrax/Page_/h3_What is DHA  Why is It Important"), "What is DHA & Why is It Important?"): Actual text and expected text of test object 'Object Repository/Form Verification/Revtrax/Page_/h3_What is DHA  Why is It Important' are matched.

2022-04-18 23:42:37 - [MESSAGE][PASSED] - Actual text and expected text of test object 'Object Repository/Form Verification/Revtrax/Page_/h3_What is DHA  Why is It Important' are matched.

2022-04-18 23:42:37 - [TEST_STEP][PASSED] - verifyElementText(findTestObject("Object Repository/Form Verification/Revtrax/Page_/p_Youve probably heard that DHA is importan_e7d6a5"), "Youâ€™ve probably heard that DHA is important for moms and babies, but you..."): Actual text and expected text of test object 'Object Repository/Form Verification/Revtrax/Page_/p_Youve probably heard that DHA is importan_e7d6a5' are matched.

2022-04-18 23:42:37 - [MESSAGE][PASSED] - Actual text and expected text of test object 'Object Repository/Form Verification/Revtrax/Page_/p_Youve probably heard that DHA is importan_e7d6a5' are matched.

2022-04-18 23:42:37 - [TEST_STEP][PASSED] - verifyElementPresent(findTestObject("Object Repository/Form Verification/Revtrax/Page_/div_1 min read"), 0): Object 'Object Repository/Form Verification/Revtrax/Page_/div_1 min read' is present

2022-04-18 23:42:37 - [MESSAGE][WARNING] - Timeout '0' is invalid. Using default page load timeout: '5'

2022-04-18 23:42:37 - [MESSAGE][PASSED] - Object 'Object Repository/Form Verification/Revtrax/Page_/div_1 min read' is present

2022-04-18 23:42:37 - [TEST_STEP][PASSED] - verifyElementPresent(findTestObject("Object Repository/Form Verification/Revtrax/Page_/li_What is DHA  Why is It ImportantYouve pr_4fb0dc"), 0): Object 'Object Repository/Form Verification/Revtrax/Page_/li_What is DHA  Why is It ImportantYouve pr_4fb0dc' is present

2022-04-18 23:42:37 - [MESSAGE][WARNING] - Timeout '0' is invalid. Using default page load timeout: '5'

2022-04-18 23:42:38 - [MESSAGE][PASSED] - Object 'Object Repository/Form Verification/Revtrax/Page_/li_What is DHA  Why is It ImportantYouve pr_4fb0dc' is present

2022-04-18 23:42:38 - [TEST_STEP][PASSED] - verifyElementPresent(findTestObject("Object Repository/Form Verification/Revtrax/Page_/li_4 Important Baby Formula IngredientsWhen_aa93f4"), 0): Object 'Object Repository/Form Verification/Revtrax/Page_/li_4 Important Baby Formula IngredientsWhen_aa93f4' is present

2022-04-18 23:42:38 - [MESSAGE][WARNING] - Timeout '0' is invalid. Using default page load timeout: '5'

2022-04-18 23:42:38 - [MESSAGE][PASSED] - Object 'Object Repository/Form Verification/Revtrax/Page_/li_4 Important Baby Formula IngredientsWhen_aa93f4' is present

2022-04-18 23:42:38 - [TEST_STEP][PASSED] - verifyElementPresent(findTestObject("Object Repository/Form Verification/Revtrax/Page_/li_Breastfeeding vs. Formula-Feeding 6 Comm_d64dfe"), 0): Object 'Object Repository/Form Verification/Revtrax/Page_/li_Breastfeeding vs. Formula-Feeding 6 Comm_d64dfe' is present

2022-04-18 23:42:38 - [MESSAGE][WARNING] - Timeout '0' is invalid. Using default page load timeout: '5'

2022-04-18 23:42:38 - [MESSAGE][PASSED] - Object 'Object Repository/Form Verification/Revtrax/Page_/li_Breastfeeding vs. Formula-Feeding 6 Comm_d64dfe' is present

2022-04-18 23:42:38 - [TEST_STEP][PASSED] - verifyElementPresent(findTestObject("Object Repository/Form Verification/Revtrax/Page_/li_Choosing to Formula-FeedMany moms choose_f398fa"), 0): Object 'Object Repository/Form Verification/Revtrax/Page_/li_Choosing to Formula-FeedMany moms choose_f398fa' is present

2022-04-18 23:42:39 - [MESSAGE][WARNING] - Timeout '0' is invalid. Using default page load timeout: '5'

2022-04-18 23:42:39 - [MESSAGE][PASSED] - Object 'Object Repository/Form Verification/Revtrax/Page_/li_Choosing to Formula-FeedMany moms choose_f398fa' is present

2022-04-18 23:42:39 - [TEST_STEP][PASSED] - verifyElementPresent(findTestObject("Object Repository/Form Verification/Revtrax/Page_/h3_4 Important Baby Formula Ingredients"), 0): Object 'Object Repository/Form Verification/Revtrax/Page_/h3_4 Important Baby Formula Ingredients' is present

2022-04-18 23:42:39 - [MESSAGE][WARNING] - Timeout '0' is invalid. Using default page load timeout: '5'

2022-04-18 23:42:39 - [MESSAGE][PASSED] - Object 'Object Repository/Form Verification/Revtrax/Page_/h3_4 Important Baby Formula Ingredients' is present

2022-04-18 23:42:39 - [TEST_STEP][PASSED] - verifyElementText(findTestObject("Object Repository/Form Verification/Revtrax/Page_/h3_4 Important Baby Formula Ingredients"), "4 Important Baby Formula Ingredients"): Actual text and expected text of test object 'Object Repository/Form Verification/Revtrax/Page_/h3_4 Important Baby Formula Ingredients' are matched.

2022-04-18 23:42:40 - [MESSAGE][PASSED] - Actual text and expected text of test object 'Object Repository/Form Verification/Revtrax/Page_/h3_4 Important Baby Formula Ingredients' are matched.

2022-04-18 23:42:40 - [TEST_STEP][PASSED] - verifyElementPresent(findTestObject("Object Repository/Form Verification/Revtrax/Page_/p_When choosing baby formula, its important_7cfe6a"), 0): Object 'Object Repository/Form Verification/Revtrax/Page_/p_When choosing baby formula, its important_7cfe6a' is present

2022-04-18 23:42:40 - [MESSAGE][WARNING] - Timeout '0' is invalid. Using default page load timeout: '5'

2022-04-18 23:42:40 - [MESSAGE][PASSED] - Object 'Object Repository/Form Verification/Revtrax/Page_/p_When choosing baby formula, its important_7cfe6a' is present

2022-04-18 23:42:40 - [TEST_STEP][PASSED] - verifyElementText(findTestObject("Object Repository/Form Verification/Revtrax/Page_/p_When choosing baby formula, its important_7cfe6a"), "When choosing baby formula, it's important to consider whether a formula..."): Actual text and expected text of test object 'Object Repository/Form Verification/Revtrax/Page_/p_When choosing baby formula, its important_7cfe6a' are matched.

2022-04-18 23:42:40 - [MESSAGE][PASSED] - Actual text and expected text of test object 'Object Repository/Form Verification/Revtrax/Page_/p_When choosing baby formula, its important_7cfe6a' are matched.

2022-04-18 23:42:40 - [TEST_STEP][PASSED] - verifyElementPresent(findTestObject("Object Repository/Form Verification/Revtrax/Page_/h3_Breastfeeding vs. Formula-Feeding 6 Comm_b05cf7"), 0): Object 'Object Repository/Form Verification/Revtrax/Page_/h3_Breastfeeding vs. Formula-Feeding 6 Comm_b05cf7' is present

2022-04-18 23:42:40 - [MESSAGE][WARNING] - Timeout '0' is invalid. Using default page load timeout: '5'

2022-04-18 23:42:41 - [MESSAGE][PASSED] - Object 'Object Repository/Form Verification/Revtrax/Page_/h3_Breastfeeding vs. Formula-Feeding 6 Comm_b05cf7' is present

2022-04-18 23:42:41 - [TEST_STEP][FAILED] - verifyElementText(findTestObject("Object Repository/Form Verification/Revtrax/Page_/h3_Breastfeeding vs. Formula-Feeding 6 Comm_b05cf7"), "Breastfeeding vs. Formula-Feeding: 7 Common Breastfeeding Questions"): Actual text 'Breastfeeding vs. Formula-Feeding: 6 Common Breastfeeding Questions' and expected text 'Breastfeeding vs. Formula-Feeding: 7 Common Breastfeeding Questions' of test object 'Object Repository/Form Verification/Revtrax/Page_/h3_Breastfeeding vs. Formula-Feeding 6 Comm_b05cf7' are NOT matched. (Root cause: com.kms.katalon.core.exception.StepFailedException: Actual text 'Breastfeeding vs. Formula-Feeding: 6 Common Breastfeeding Questions' and expected text 'Breastfeeding vs. Formula-Feeding: 7 Common Breastfeeding Questions' of test object 'Object Repository/Form Verification/Revtrax/Page_/h3_Breastfeeding vs. Formula-Feeding 6 Comm_b05cf7' are NOT matched.
	at com.kms.katalon.core.webui.keyword.internal.WebUIKeywordMain.stepFailed(WebUIKeywordMain.groovy:64)
	at com.kms.katalon.core.webui.keyword.builtin.VerifyElementTextKeyword$_verifyElementText_closure1.doCall(VerifyElementTextKeyword.groovy:57)
	at com.kms.katalon.core.webui.keyword.builtin.VerifyElementTextKeyword$_verifyElementText_closure1.call(VerifyElementTextKeyword.groovy)
	at com.kms.katalon.core.webui.keyword.internal.WebUIKeywordMain.runKeyword(WebUIKeywordMain.groovy:20)
	at com.kms.katalon.core.webui.keyword.builtin.VerifyElementTextKeyword.verifyElementText(VerifyElementTextKeyword.groovy:72)
	at com.kms.katalon.core.webui.keyword.builtin.VerifyElementTextKeyword.execute(VerifyElementTextKeyword.groovy:40)
	at com.kms.katalon.core.keyword.internal.KeywordExecutor.executeKeywordForPlatform(KeywordExecutor.groovy:74)
	at com.kms.katalon.core.webui.keyword.WebUiBuiltInKeywords.verifyElementText(WebUiBuiltInKeywords.groovy:4749)
	at com.kms.katalon.core.webui.keyword.WebUiBuiltInKeywords$verifyElementText$5.call(Unknown Source)
	at Revtrax - Form Verification.run(Revtrax - Form Verification:208)
	at com.kms.katalon.core.main.ScriptEngine.run(ScriptEngine.java:194)
	at com.kms.katalon.core.main.ScriptEngine.runScriptAsRawText(ScriptEngine.java:119)
	at com.kms.katalon.core.main.TestCaseExecutor.runScript(TestCaseExecutor.java:445)
	at com.kms.katalon.core.main.TestCaseExecutor.doExecute(TestCaseExecutor.java:436)
	at com.kms.katalon.core.main.TestCaseExecutor.processExecutionPhase(TestCaseExecutor.java:415)
	at com.kms.katalon.core.main.TestCaseExecutor.accessMainPhase(TestCaseExecutor.java:407)
	at com.kms.katalon.core.main.TestCaseExecutor.execute(TestCaseExecutor.java:284)
	at com.kms.katalon.core.common.CommonExecutor.accessTestCaseMainPhase(CommonExecutor.java:65)
	at com.kms.katalon.core.main.TestSuiteExecutor.accessTestSuiteMainPhase(TestSuiteExecutor.java:144)
	at com.kms.katalon.core.main.TestSuiteExecutor.execute(TestSuiteExecutor.java:106)
	at com.kms.katalon.core.main.TestCaseMain.startTestSuite(TestCaseMain.java:185)
	at com.kms.katalon.core.main.TestCaseMain$startTestSuite$0.call(Unknown Source)
	at TempTestSuite1650304259606.run(TempTestSuite1650304259606.groovy:36)
)

2022-04-18 23:42:41 - [MESSAGE][FAILED] - Actual text 'Breastfeeding vs. Formula-Feeding: 6 Common Breastfeeding Questions' and expected text 'Breastfeeding vs. Formula-Feeding: 7 Common Breastfeeding Questions' of test object 'Object Repository/Form Verification/Revtrax/Page_/h3_Breastfeeding vs. Formula-Feeding 6 Comm_b05cf7' are NOT matched. (Root cause: com.kms.katalon.core.exception.StepFailedException: Actual text 'Breastfeeding vs. Formula-Feeding: 6 Common Breastfeeding Questions' and expected text 'Breastfeeding vs. Formula-Feeding: 7 Common Breastfeeding Questions' of test object 'Object Repository/Form Verification/Revtrax/Page_/h3_Breastfeeding vs. Formula-Feeding 6 Comm_b05cf7' are NOT matched.
	at com.kms.katalon.core.webui.keyword.internal.WebUIKeywordMain.stepFailed(WebUIKeywordMain.groovy:64)
	at com.kms.katalon.core.webui.keyword.builtin.VerifyElementTextKeyword$_verifyElementText_closure1.doCall(VerifyElementTextKeyword.groovy:57)
	at com.kms.katalon.core.webui.keyword.builtin.VerifyElementTextKeyword$_verifyElementText_closure1.call(VerifyElementTextKeyword.groovy)
	at com.kms.katalon.core.webui.keyword.internal.WebUIKeywordMain.runKeyword(WebUIKeywordMain.groovy:20)
	at com.kms.katalon.core.webui.keyword.builtin.VerifyElementTextKeyword.verifyElementText(VerifyElementTextKeyword.groovy:72)
	at com.kms.katalon.core.webui.keyword.builtin.VerifyElementTextKeyword.execute(VerifyElementTextKeyword.groovy:40)
	at com.kms.katalon.core.keyword.internal.KeywordExecutor.executeKeywordForPlatform(KeywordExecutor.groovy:74)
	at com.kms.katalon.core.webui.keyword.WebUiBuiltInKeywords.verifyElementText(WebUiBuiltInKeywords.groovy:4749)
	at com.kms.katalon.core.webui.keyword.WebUiBuiltInKeywords$verifyElementText$5.call(Unknown Source)
	at Revtrax - Form Verification.run(Revtrax - Form Verification:208)
	at com.kms.katalon.core.main.ScriptEngine.run(ScriptEngine.java:194)
	at com.kms.katalon.core.main.ScriptEngine.runScriptAsRawText(ScriptEngine.java:119)
	at com.kms.katalon.core.main.TestCaseExecutor.runScript(TestCaseExecutor.java:445)
	at com.kms.katalon.core.main.TestCaseExecutor.doExecute(TestCaseExecutor.java:436)
	at com.kms.katalon.core.main.TestCaseExecutor.processExecutionPhase(TestCaseExecutor.java:415)
	at com.kms.katalon.core.main.TestCaseExecutor.accessMainPhase(TestCaseExecutor.java:407)
	at com.kms.katalon.core.main.TestCaseExecutor.execute(TestCaseExecutor.java:284)
	at com.kms.katalon.core.common.CommonExecutor.accessTestCaseMainPhase(CommonExecutor.java:65)
	at com.kms.katalon.core.main.TestSuiteExecutor.accessTestSuiteMainPhase(TestSuiteExecutor.java:144)
	at com.kms.katalon.core.main.TestSuiteExecutor.execute(TestSuiteExecutor.java:106)
	at com.kms.katalon.core.main.TestCaseMain.startTestSuite(TestCaseMain.java:185)
	at com.kms.katalon.core.main.TestCaseMain$startTestSuite$0.call(Unknown Source)
	at TempTestSuite1650304259606.run(TempTestSuite1650304259606.groovy:36)
)
[[ATTACHMENT|D:\\SmoketestSuite\\enfamilUS\\Reports\\20220418_232059\\SmokeTestCollection - Venkat\\SmokeTestSuite-Collection - UAT\\20220418_232059\\1650305561584.png]]

2022-04-18 23:42:41 - [TEST_STEP][PASSED] - verifyElementPresent(findTestObject("Object Repository/Form Verification/Revtrax/Page_/p_Here are six common breastfeeding questio_c22eae"), 0): Object 'Object Repository/Form Verification/Revtrax/Page_/p_Here are six common breastfeeding questio_c22eae' is present

2022-04-18 23:42:41 - [MESSAGE][WARNING] - Timeout '0' is invalid. Using default page load timeout: '5'

2022-04-18 23:42:42 - [MESSAGE][PASSED] - Object 'Object Repository/Form Verification/Revtrax/Page_/p_Here are six common breastfeeding questio_c22eae' is present

2022-04-18 23:42:42 - [TEST_STEP][FAILED] - verifyElementText(findTestObject("Object Repository/Form Verification/Revtrax/Page_/p_Here are six common breastfeeding questio_c22eae"), "Here are seven common breastfeeding questions to consider when deciding..."): Actual text 'Here are six common breastfeeding questions to consider when deciding...' and expected text 'Here are seven common breastfeeding questions to consider when deciding...' of test object 'Object Repository/Form Verification/Revtrax/Page_/p_Here are six common breastfeeding questio_c22eae' are NOT matched. (Root cause: com.kms.katalon.core.exception.StepFailedException: Actual text 'Here are six common breastfeeding questions to consider when deciding...' and expected text 'Here are seven common breastfeeding questions to consider when deciding...' of test object 'Object Repository/Form Verification/Revtrax/Page_/p_Here are six common breastfeeding questio_c22eae' are NOT matched.
	at com.kms.katalon.core.webui.keyword.internal.WebUIKeywordMain.stepFailed(WebUIKeywordMain.groovy:64)
	at com.kms.katalon.core.webui.keyword.builtin.VerifyElementTextKeyword$_verifyElementText_closure1.doCall(VerifyElementTextKeyword.groovy:57)
	at com.kms.katalon.core.webui.keyword.builtin.VerifyElementTextKeyword$_verifyElementText_closure1.call(VerifyElementTextKeyword.groovy)
	at com.kms.katalon.core.webui.keyword.internal.WebUIKeywordMain.runKeyword(WebUIKeywordMain.groovy:20)
	at com.kms.katalon.core.webui.keyword.builtin.VerifyElementTextKeyword.verifyElementText(VerifyElementTextKeyword.groovy:72)
	at com.kms.katalon.core.webui.keyword.builtin.VerifyElementTextKeyword.execute(VerifyElementTextKeyword.groovy:40)
	at com.kms.katalon.core.keyword.internal.KeywordExecutor.executeKeywordForPlatform(KeywordExecutor.groovy:74)
	at com.kms.katalon.core.webui.keyword.WebUiBuiltInKeywords.verifyElementText(WebUiBuiltInKeywords.groovy:4749)
	at com.kms.katalon.core.webui.keyword.WebUiBuiltInKeywords$verifyElementText$5.call(Unknown Source)
	at Revtrax - Form Verification.run(Revtrax - Form Verification:214)
	at com.kms.katalon.core.main.ScriptEngine.run(ScriptEngine.java:194)
	at com.kms.katalon.core.main.ScriptEngine.runScriptAsRawText(ScriptEngine.java:119)
	at com.kms.katalon.core.main.TestCaseExecutor.runScript(TestCaseExecutor.java:445)
	at com.kms.katalon.core.main.TestCaseExecutor.doExecute(TestCaseExecutor.java:436)
	at com.kms.katalon.core.main.TestCaseExecutor.processExecutionPhase(TestCaseExecutor.java:415)
	at com.kms.katalon.core.main.TestCaseExecutor.accessMainPhase(TestCaseExecutor.java:407)
	at com.kms.katalon.core.main.TestCaseExecutor.execute(TestCaseExecutor.java:284)
	at com.kms.katalon.core.common.CommonExecutor.accessTestCaseMainPhase(CommonExecutor.java:65)
	at com.kms.katalon.core.main.TestSuiteExecutor.accessTestSuiteMainPhase(TestSuiteExecutor.java:144)
	at com.kms.katalon.core.main.TestSuiteExecutor.execute(TestSuiteExecutor.java:106)
	at com.kms.katalon.core.main.TestCaseMain.startTestSuite(TestCaseMain.java:185)
	at com.kms.katalon.core.main.TestCaseMain$startTestSuite$0.call(Unknown Source)
	at TempTestSuite1650304259606.run(TempTestSuite1650304259606.groovy:36)
)

2022-04-18 23:42:42 - [MESSAGE][FAILED] - Actual text 'Here are six common breastfeeding questions to consider when deciding...' and expected text 'Here are seven common breastfeeding questions to consider when deciding...' of test object 'Object Repository/Form Verification/Revtrax/Page_/p_Here are six common breastfeeding questio_c22eae' are NOT matched. (Root cause: com.kms.katalon.core.exception.StepFailedException: Actual text 'Here are six common breastfeeding questions to consider when deciding...' and expected text 'Here are seven common breastfeeding questions to consider when deciding...' of test object 'Object Repository/Form Verification/Revtrax/Page_/p_Here are six common breastfeeding questio_c22eae' are NOT matched.
	at com.kms.katalon.core.webui.keyword.internal.WebUIKeywordMain.stepFailed(WebUIKeywordMain.groovy:64)
	at com.kms.katalon.core.webui.keyword.builtin.VerifyElementTextKeyword$_verifyElementText_closure1.doCall(VerifyElementTextKeyword.groovy:57)
	at com.kms.katalon.core.webui.keyword.builtin.VerifyElementTextKeyword$_verifyElementText_closure1.call(VerifyElementTextKeyword.groovy)
	at com.kms.katalon.core.webui.keyword.internal.WebUIKeywordMain.runKeyword(WebUIKeywordMain.groovy:20)
	at com.kms.katalon.core.webui.keyword.builtin.VerifyElementTextKeyword.verifyElementText(VerifyElementTextKeyword.groovy:72)
	at com.kms.katalon.core.webui.keyword.builtin.VerifyElementTextKeyword.execute(VerifyElementTextKeyword.groovy:40)
	at com.kms.katalon.core.keyword.internal.KeywordExecutor.executeKeywordForPlatform(KeywordExecutor.groovy:74)
	at com.kms.katalon.core.webui.keyword.WebUiBuiltInKeywords.verifyElementText(WebUiBuiltInKeywords.groovy:4749)
	at com.kms.katalon.core.webui.keyword.WebUiBuiltInKeywords$verifyElementText$5.call(Unknown Source)
	at Revtrax - Form Verification.run(Revtrax - Form Verification:214)
	at com.kms.katalon.core.main.ScriptEngine.run(ScriptEngine.java:194)
	at com.kms.katalon.core.main.ScriptEngine.runScriptAsRawText(ScriptEngine.java:119)
	at com.kms.katalon.core.main.TestCaseExecutor.runScript(TestCaseExecutor.java:445)
	at com.kms.katalon.core.main.TestCaseExecutor.doExecute(TestCaseExecutor.java:436)
	at com.kms.katalon.core.main.TestCaseExecutor.processExecutionPhase(TestCaseExecutor.java:415)
	at com.kms.katalon.core.main.TestCaseExecutor.accessMainPhase(TestCaseExecutor.java:407)
	at com.kms.katalon.core.main.TestCaseExecutor.execute(TestCaseExecutor.java:284)
	at com.kms.katalon.core.common.CommonExecutor.accessTestCaseMainPhase(CommonExecutor.java:65)
	at com.kms.katalon.core.main.TestSuiteExecutor.accessTestSuiteMainPhase(TestSuiteExecutor.java:144)
	at com.kms.katalon.core.main.TestSuiteExecutor.execute(TestSuiteExecutor.java:106)
	at com.kms.katalon.core.main.TestCaseMain.startTestSuite(TestCaseMain.java:185)
	at com.kms.katalon.core.main.TestCaseMain$startTestSuite$0.call(Unknown Source)
	at TempTestSuite1650304259606.run(TempTestSuite1650304259606.groovy:36)
)
[[ATTACHMENT|D:\\SmoketestSuite\\enfamilUS\\Reports\\20220418_232059\\SmokeTestCollection - Venkat\\SmokeTestSuite-Collection - UAT\\20220418_232059\\1650305562576.png]]

2022-04-18 23:42:42 - [TEST_STEP][PASSED] - verifyElementPresent(findTestObject("Object Repository/Form Verification/Revtrax/Page_/h3_Choosing to Formula-Feed"), 0): Object 'Object Repository/Form Verification/Revtrax/Page_/h3_Choosing to Formula-Feed' is present

2022-04-18 23:42:42 - [MESSAGE][WARNING] - Timeout '0' is invalid. Using default page load timeout: '5'

2022-04-18 23:42:43 - [MESSAGE][PASSED] - Object 'Object Repository/Form Verification/Revtrax/Page_/h3_Choosing to Formula-Feed' is present

2022-04-18 23:42:43 - [TEST_STEP][PASSED] - verifyElementPresent(findTestObject("Object Repository/Form Verification/Revtrax/Page_/p_Many moms choose formula-feeding. Learn m_3b6345"), 0): Object 'Object Repository/Form Verification/Revtrax/Page_/p_Many moms choose formula-feeding. Learn m_3b6345' is present

2022-04-18 23:42:43 - [MESSAGE][WARNING] - Timeout '0' is invalid. Using default page load timeout: '5'

2022-04-18 23:42:43 - [MESSAGE][PASSED] - Object 'Object Repository/Form Verification/Revtrax/Page_/p_Many moms choose formula-feeding. Learn m_3b6345' is present

2022-04-18 23:42:43 - [TEST_STEP][PASSED] - verifyElementText(findTestObject("Object Repository/Form Verification/Revtrax/Page_/h3_Choosing to Formula-Feed"), "Choosing to Formula-Feed"): Actual text and expected text of test object 'Object Repository/Form Verification/Revtrax/Page_/h3_Choosing to Formula-Feed' are matched.

2022-04-18 23:42:43 - [MESSAGE][PASSED] - Actual text and expected text of test object 'Object Repository/Form Verification/Revtrax/Page_/h3_Choosing to Formula-Feed' are matched.

2022-04-18 23:42:43 - [TEST_STEP][PASSED] - verifyElementText(findTestObject("Object Repository/Form Verification/Revtrax/Page_/p_Many moms choose formula-feeding. Learn m_3b6345"), "Many moms choose formula-feeding. Learn more about choosing to formula-feed..."): Actual text and expected text of test object 'Object Repository/Form Verification/Revtrax/Page_/p_Many moms choose formula-feeding. Learn m_3b6345' are matched.

2022-04-18 23:42:44 - [MESSAGE][PASSED] - Actual text and expected text of test object 'Object Repository/Form Verification/Revtrax/Page_/p_Many moms choose formula-feeding. Learn m_3b6345' are matched.

2022-04-18 23:42:44 - [TEST_STEP][PASSED] - closeBrowser(): Browser is closed

2022-04-18 23:42:45 - [MESSAGE][PASSED] - Browser is closed]]></system-out>
         <system-err><![CDATA[2022-04-18 23:41:58 - [TEST_CASE][FAILED] - Test Cases/Venkat/Forms Verification/Revtrax - Form Verification: Test Cases/Venkat/Forms Verification/Revtrax - Form Verification FAILED.
Reason:
com.kms.katalon.core.exception.StepFailedException: Actual text 'Breastfeeding vs. Formula-Feeding: 6 Common Breastfeeding Questions' and expected text 'Breastfeeding vs. Formula-Feeding: 7 Common Breastfeeding Questions' of test object 'Object Repository/Form Verification/Revtrax/Page_/h3_Breastfeeding vs. Formula-Feeding 6 Comm_b05cf7' are NOT matched. (Root cause: com.kms.katalon.core.exception.StepFailedException: Actual text 'Breastfeeding vs. Formula-Feeding: 6 Common Breastfeeding Questions' and expected text 'Breastfeeding vs. Formula-Feeding: 7 Common Breastfeeding Questions' of test object 'Object Repository/Form Verification/Revtrax/Page_/h3_Breastfeeding vs. Formula-Feeding 6 Comm_b05cf7' are NOT matched.
	at com.kms.katalon.core.webui.keyword.internal.WebUIKeywordMain.stepFailed(WebUIKeywordMain.groovy:64)
	at com.kms.katalon.core.webui.keyword.builtin.VerifyElementTextKeyword$_verifyElementText_closure1.doCall(VerifyElementTextKeyword.groovy:57)
	at com.kms.katalon.core.webui.keyword.builtin.VerifyElementTextKeyword$_verifyElementText_closure1.call(VerifyElementTextKeyword.groovy)
	at com.kms.katalon.core.webui.keyword.internal.WebUIKeywordMain.runKeyword(WebUIKeywordMain.groovy:20)
	at com.kms.katalon.core.webui.keyword.builtin.VerifyElementTextKeyword.verifyElementText(VerifyElementTextKeyword.groovy:72)
	at com.kms.katalon.core.webui.keyword.builtin.VerifyElementTextKeyword.execute(VerifyElementTextKeyword.groovy:40)
	at com.kms.katalon.core.keyword.internal.KeywordExecutor.executeKeywordForPlatform(KeywordExecutor.groovy:74)
	at com.kms.katalon.core.webui.keyword.WebUiBuiltInKeywords.verifyElementText(WebUiBuiltInKeywords.groovy:4749)
	at com.kms.katalon.core.webui.keyword.WebUiBuiltInKeywords$verifyElementText$5.call(Unknown Source)
	at Revtrax - Form Verification.run(Revtrax - Form Verification:208)
	at com.kms.katalon.core.main.ScriptEngine.run(ScriptEngine.java:194)
	at com.kms.katalon.core.main.ScriptEngine.runScriptAsRawText(ScriptEngine.java:119)
	at com.kms.katalon.core.main.TestCaseExecutor.runScript(TestCaseExecutor.java:445)
	at com.kms.katalon.core.main.TestCaseExecutor.doExecute(TestCaseExecutor.java:436)
	at com.kms.katalon.core.main.TestCaseExecutor.processExecutionPhase(TestCaseExecutor.java:415)
	at com.kms.katalon.core.main.TestCaseExecutor.accessMainPhase(TestCaseExecutor.java:407)
	at com.kms.katalon.core.main.TestCaseExecutor.execute(TestCaseExecutor.java:284)
	at com.kms.katalon.core.common.CommonExecutor.accessTestCaseMainPhase(CommonExecutor.java:65)
	at com.kms.katalon.core.main.TestSuiteExecutor.accessTestSuiteMainPhase(TestSuiteExecutor.java:144)
	at com.kms.katalon.core.main.TestSuiteExecutor.execute(TestSuiteExecutor.java:106)
	at com.kms.katalon.core.main.TestCaseMain.startTestSuite(TestCaseMain.java:185)
	at com.kms.katalon.core.main.TestCaseMain$startTestSuite$0.call(Unknown Source)
	at TempTestSuite1650304259606.run(TempTestSuite1650304259606.groovy:36)
)
	at com.kms.katalon.core.keyword.internal.KeywordMain.stepFailed(KeywordMain.groovy:39)
	at com.kms.katalon.core.webui.keyword.internal.WebUIKeywordMain.stepFailed(WebUIKeywordMain.groovy:64)
	at com.kms.katalon.core.webui.keyword.builtin.VerifyElementTextKeyword$_verifyElementText_closure1.doCall(VerifyElementTextKeyword.groovy:57)
	at com.kms.katalon.core.webui.keyword.builtin.VerifyElementTextKeyword$_verifyElementText_closure1.call(VerifyElementTextKeyword.groovy)
	at com.kms.katalon.core.webui.keyword.internal.WebUIKeywordMain.runKeyword(WebUIKeywordMain.groovy:20)
	at com.kms.katalon.core.webui.keyword.builtin.VerifyElementTextKeyword.verifyElementText(VerifyElementTextKeyword.groovy:72)
	at com.kms.katalon.core.webui.keyword.builtin.VerifyElementTextKeyword.execute(VerifyElementTextKeyword.groovy:40)
	at com.kms.katalon.core.keyword.internal.KeywordExecutor.executeKeywordForPlatform(KeywordExecutor.groovy:74)
	at com.kms.katalon.core.webui.keyword.WebUiBuiltInKeywords.verifyElementText(WebUiBuiltInKeywords.groovy:4749)
	at com.kms.katalon.core.webui.keyword.WebUiBuiltInKeywords$verifyElementText$5.call(Unknown Source)
	at Revtrax - Form Verification.run(Revtrax - Form Verification:208)
	at com.kms.katalon.core.main.ScriptEngine.run(ScriptEngine.java:194)
	at com.kms.katalon.core.main.ScriptEngine.runScriptAsRawText(ScriptEngine.java:119)
	at com.kms.katalon.core.main.TestCaseExecutor.runScript(TestCaseExecutor.java:445)
	at com.kms.katalon.core.main.TestCaseExecutor.doExecute(TestCaseExecutor.java:436)
	at com.kms.katalon.core.main.TestCaseExecutor.processExecutionPhase(TestCaseExecutor.java:415)
	at com.kms.katalon.core.main.TestCaseExecutor.accessMainPhase(TestCaseExecutor.java:407)
	at com.kms.katalon.core.main.TestCaseExecutor.execute(TestCaseExecutor.java:284)
	at com.kms.katalon.core.common.CommonExecutor.accessTestCaseMainPhase(CommonExecutor.java:65)
	at com.kms.katalon.core.main.TestSuiteExecutor.accessTestSuiteMainPhase(TestSuiteExecutor.java:144)
	at com.kms.katalon.core.main.TestSuiteExecutor.execute(TestSuiteExecutor.java:106)
	at com.kms.katalon.core.main.TestCaseMain.startTestSuite(TestCaseMain.java:185)
	at com.kms.katalon.core.main.TestCaseMain$startTestSuite$0.call(Unknown Source)
	at TempTestSuite1650304259606.run(TempTestSuite1650304259606.groovy:36)
Caused by: com.kms.katalon.core.exception.StepFailedException: Actual text 'Breastfeeding vs. Formula-Feeding: 6 Common Breastfeeding Questions' and expected text 'Breastfeeding vs. Formula-Feeding: 7 Common Breastfeeding Questions' of test object 'Object Repository/Form Verification/Revtrax/Page_/h3_Breastfeeding vs. Formula-Feeding 6 Comm_b05cf7' are NOT matched.
	... 23 more]]></system-err>
      </testcase>
      <testcase name="Test Cases/Venkat/Forms Verification/Sample Request - Form Verification" time="41.249" classname="Test Cases/Venkat/Forms Verification/Sample Request - Form Verification" status="FAILED">
         <failure type="FAILED" message="Test Cases/Venkat/Forms Verification/Sample Request - Form Verification FAILED.
Reason:
com.kms.katalon.core.exception.StepFailedException: Actual text '1. Tell us your name and email.' and expected text '1. Tell us your name and email' of test object 'Object Repository/Form Verification/Sample Request Form/Page_Toddler Sample Request  Enfamil/p_1. Tell us your name and email' are NOT matched. (Root cause: com.kms.katalon.core.exception.StepFailedException: Actual text '1. Tell us your name and email.' and expected text '1. Tell us your name and email' of test object 'Object Repository/Form Verification/Sample Request Form/Page_Toddler Sample Request  Enfamil/p_1. Tell us your name and email' are NOT matched.
	at com.kms.katalon.core.webui.keyword.internal.WebUIKeywordMain.stepFailed(WebUIKeywordMain.groovy:64)
	at com.kms.katalon.core.webui.keyword.builtin.VerifyElementTextKeyword$_verifyElementText_closure1.doCall(VerifyElementTextKeyword.groovy:57)
	at com.kms.katalon.core.webui.keyword.builtin.VerifyElementTextKeyword$_verifyElementText_closure1.call(VerifyElementTextKeyword.groovy)
	at com.kms.katalon.core.webui.keyword.internal.WebUIKeywordMain.runKeyword(WebUIKeywordMain.groovy:20)
	at com.kms.katalon.core.webui.keyword.builtin.VerifyElementTextKeyword.verifyElementText(VerifyElementTextKeyword.groovy:72)
	at com.kms.katalon.core.webui.keyword.builtin.VerifyElementTextKeyword.execute(VerifyElementTextKeyword.groovy:40)
	at com.kms.katalon.core.keyword.internal.KeywordExecutor.executeKeywordForPlatform(KeywordExecutor.groovy:74)
	at com.kms.katalon.core.webui.keyword.WebUiBuiltInKeywords.verifyElementText(WebUiBuiltInKeywords.groovy:4749)
	at com.kms.katalon.core.webui.keyword.WebUiBuiltInKeywords$verifyElementText$5.call(Unknown Source)
	at Sample Request - Form Verification.run(Sample Request - Form Verification:57)
	at com.kms.katalon.core.main.ScriptEngine.run(ScriptEngine.java:194)
	at com.kms.katalon.core.main.ScriptEngine.runScriptAsRawText(ScriptEngine.java:119)
	at com.kms.katalon.core.main.TestCaseExecutor.runScript(TestCaseExecutor.java:445)
	at com.kms.katalon.core.main.TestCaseExecutor.doExecute(TestCaseExecutor.java:436)
	at com.kms.katalon.core.main.TestCaseExecutor.processExecutionPhase(TestCaseExecutor.java:415)
	at com.kms.katalon.core.main.TestCaseExecutor.accessMainPhase(TestCaseExecutor.java:407)
	at com.kms.katalon.core.main.TestCaseExecutor.execute(TestCaseExecutor.java:284)
	at com.kms.katalon.core.common.CommonExecutor.accessTestCaseMainPhase(CommonExecutor.java:65)
	at com.kms.katalon.core.main.TestSuiteExecutor.accessTestSuiteMainPhase(TestSuiteExecutor.java:144)
	at com.kms.katalon.core.main.TestSuiteExecutor.execute(TestSuiteExecutor.java:106)
	at com.kms.katalon.core.main.TestCaseMain.startTestSuite(TestCaseMain.java:185)
	at com.kms.katalon.core.main.TestCaseMain$startTestSuite$0.call(Unknown Source)
	at TempTestSuite1650304259606.run(TempTestSuite1650304259606.groovy:36)
)
	at com.kms.katalon.core.keyword.internal.KeywordMain.stepFailed(KeywordMain.groovy:39)
	at com.kms.katalon.core.webui.keyword.internal.WebUIKeywordMain.stepFailed(WebUIKeywordMain.groovy:64)
	at com.kms.katalon.core.webui.keyword.builtin.VerifyElementTextKeyword$_verifyElementText_closure1.doCall(VerifyElementTextKeyword.groovy:57)
	at com.kms.katalon.core.webui.keyword.builtin.VerifyElementTextKeyword$_verifyElementText_closure1.call(VerifyElementTextKeyword.groovy)
	at com.kms.katalon.core.webui.keyword.internal.WebUIKeywordMain.runKeyword(WebUIKeywordMain.groovy:20)
	at com.kms.katalon.core.webui.keyword.builtin.VerifyElementTextKeyword.verifyElementText(VerifyElementTextKeyword.groovy:72)
	at com.kms.katalon.core.webui.keyword.builtin.VerifyElementTextKeyword.execute(VerifyElementTextKeyword.groovy:40)
	at com.kms.katalon.core.keyword.internal.KeywordExecutor.executeKeywordForPlatform(KeywordExecutor.groovy:74)
	at com.kms.katalon.core.webui.keyword.WebUiBuiltInKeywords.verifyElementText(WebUiBuiltInKeywords.groovy:4749)
	at com.kms.katalon.core.webui.keyword.WebUiBuiltInKeywords$verifyElementText$5.call(Unknown Source)
	at Sample Request - Form Verification.run(Sample Request - Form Verification:57)
	at com.kms.katalon.core.main.ScriptEngine.run(ScriptEngine.java:194)
	at com.kms.katalon.core.main.ScriptEngine.runScriptAsRawText(ScriptEngine.java:119)
	at com.kms.katalon.core.main.TestCaseExecutor.runScript(TestCaseExecutor.java:445)
	at com.kms.katalon.core.main.TestCaseExecutor.doExecute(TestCaseExecutor.java:436)
	at com.kms.katalon.core.main.TestCaseExecutor.processExecutionPhase(TestCaseExecutor.java:415)
	at com.kms.katalon.core.main.TestCaseExecutor.accessMainPhase(TestCaseExecutor.java:407)
	at com.kms.katalon.core.main.TestCaseExecutor.execute(TestCaseExecutor.java:284)
	at com.kms.katalon.core.common.CommonExecutor.accessTestCaseMainPhase(CommonExecutor.java:65)
	at com.kms.katalon.core.main.TestSuiteExecutor.accessTestSuiteMainPhase(TestSuiteExecutor.java:144)
	at com.kms.katalon.core.main.TestSuiteExecutor.execute(TestSuiteExecutor.java:106)
	at com.kms.katalon.core.main.TestCaseMain.startTestSuite(TestCaseMain.java:185)
	at com.kms.katalon.core.main.TestCaseMain$startTestSuite$0.call(Unknown Source)
	at TempTestSuite1650304259606.run(TempTestSuite1650304259606.groovy:36)
Caused by: com.kms.katalon.core.exception.StepFailedException: Actual text '1. Tell us your name and email.' and expected text '1. Tell us your name and email' of test object 'Object Repository/Form Verification/Sample Request Form/Page_Toddler Sample Request  Enfamil/p_1. Tell us your name and email' are NOT matched.
	... 23 more
"/>
         <system-out><![CDATA[2022-04-18 23:42:45 - [TEST_CASE][FAILED] - Test Cases/Venkat/Forms Verification/Sample Request - Form Verification: Test Cases/Venkat/Forms Verification/Sample Request - Form Verification FAILED.
Reason:
com.kms.katalon.core.exception.StepFailedException: Actual text '1. Tell us your name and email.' and expected text '1. Tell us your name and email' of test object 'Object Repository/Form Verification/Sample Request Form/Page_Toddler Sample Request  Enfamil/p_1. Tell us your name and email' are NOT matched. (Root cause: com.kms.katalon.core.exception.StepFailedException: Actual text '1. Tell us your name and email.' and expected text '1. Tell us your name and email' of test object 'Object Repository/Form Verification/Sample Request Form/Page_Toddler Sample Request  Enfamil/p_1. Tell us your name and email' are NOT matched.
	at com.kms.katalon.core.webui.keyword.internal.WebUIKeywordMain.stepFailed(WebUIKeywordMain.groovy:64)
	at com.kms.katalon.core.webui.keyword.builtin.VerifyElementTextKeyword$_verifyElementText_closure1.doCall(VerifyElementTextKeyword.groovy:57)
	at com.kms.katalon.core.webui.keyword.builtin.VerifyElementTextKeyword$_verifyElementText_closure1.call(VerifyElementTextKeyword.groovy)
	at com.kms.katalon.core.webui.keyword.internal.WebUIKeywordMain.runKeyword(WebUIKeywordMain.groovy:20)
	at com.kms.katalon.core.webui.keyword.builtin.VerifyElementTextKeyword.verifyElementText(VerifyElementTextKeyword.groovy:72)
	at com.kms.katalon.core.webui.keyword.builtin.VerifyElementTextKeyword.execute(VerifyElementTextKeyword.groovy:40)
	at com.kms.katalon.core.keyword.internal.KeywordExecutor.executeKeywordForPlatform(KeywordExecutor.groovy:74)
	at com.kms.katalon.core.webui.keyword.WebUiBuiltInKeywords.verifyElementText(WebUiBuiltInKeywords.groovy:4749)
	at com.kms.katalon.core.webui.keyword.WebUiBuiltInKeywords$verifyElementText$5.call(Unknown Source)
	at Sample Request - Form Verification.run(Sample Request - Form Verification:57)
	at com.kms.katalon.core.main.ScriptEngine.run(ScriptEngine.java:194)
	at com.kms.katalon.core.main.ScriptEngine.runScriptAsRawText(ScriptEngine.java:119)
	at com.kms.katalon.core.main.TestCaseExecutor.runScript(TestCaseExecutor.java:445)
	at com.kms.katalon.core.main.TestCaseExecutor.doExecute(TestCaseExecutor.java:436)
	at com.kms.katalon.core.main.TestCaseExecutor.processExecutionPhase(TestCaseExecutor.java:415)
	at com.kms.katalon.core.main.TestCaseExecutor.accessMainPhase(TestCaseExecutor.java:407)
	at com.kms.katalon.core.main.TestCaseExecutor.execute(TestCaseExecutor.java:284)
	at com.kms.katalon.core.common.CommonExecutor.accessTestCaseMainPhase(CommonExecutor.java:65)
	at com.kms.katalon.core.main.TestSuiteExecutor.accessTestSuiteMainPhase(TestSuiteExecutor.java:144)
	at com.kms.katalon.core.main.TestSuiteExecutor.execute(TestSuiteExecutor.java:106)
	at com.kms.katalon.core.main.TestCaseMain.startTestSuite(TestCaseMain.java:185)
	at com.kms.katalon.core.main.TestCaseMain$startTestSuite$0.call(Unknown Source)
	at TempTestSuite1650304259606.run(TempTestSuite1650304259606.groovy:36)
)
	at com.kms.katalon.core.keyword.internal.KeywordMain.stepFailed(KeywordMain.groovy:39)
	at com.kms.katalon.core.webui.keyword.internal.WebUIKeywordMain.stepFailed(WebUIKeywordMain.groovy:64)
	at com.kms.katalon.core.webui.keyword.builtin.VerifyElementTextKeyword$_verifyElementText_closure1.doCall(VerifyElementTextKeyword.groovy:57)
	at com.kms.katalon.core.webui.keyword.builtin.VerifyElementTextKeyword$_verifyElementText_closure1.call(VerifyElementTextKeyword.groovy)
	at com.kms.katalon.core.webui.keyword.internal.WebUIKeywordMain.runKeyword(WebUIKeywordMain.groovy:20)
	at com.kms.katalon.core.webui.keyword.builtin.VerifyElementTextKeyword.verifyElementText(VerifyElementTextKeyword.groovy:72)
	at com.kms.katalon.core.webui.keyword.builtin.VerifyElementTextKeyword.execute(VerifyElementTextKeyword.groovy:40)
	at com.kms.katalon.core.keyword.internal.KeywordExecutor.executeKeywordForPlatform(KeywordExecutor.groovy:74)
	at com.kms.katalon.core.webui.keyword.WebUiBuiltInKeywords.verifyElementText(WebUiBuiltInKeywords.groovy:4749)
	at com.kms.katalon.core.webui.keyword.WebUiBuiltInKeywords$verifyElementText$5.call(Unknown Source)
	at Sample Request - Form Verification.run(Sample Request - Form Verification:57)
	at com.kms.katalon.core.main.ScriptEngine.run(ScriptEngine.java:194)
	at com.kms.katalon.core.main.ScriptEngine.runScriptAsRawText(ScriptEngine.java:119)
	at com.kms.katalon.core.main.TestCaseExecutor.runScript(TestCaseExecutor.java:445)
	at com.kms.katalon.core.main.TestCaseExecutor.doExecute(TestCaseExecutor.java:436)
	at com.kms.katalon.core.main.TestCaseExecutor.processExecutionPhase(TestCaseExecutor.java:415)
	at com.kms.katalon.core.main.TestCaseExecutor.accessMainPhase(TestCaseExecutor.java:407)
	at com.kms.katalon.core.main.TestCaseExecutor.execute(TestCaseExecutor.java:284)
	at com.kms.katalon.core.common.CommonExecutor.accessTestCaseMainPhase(CommonExecutor.java:65)
	at com.kms.katalon.core.main.TestSuiteExecutor.accessTestSuiteMainPhase(TestSuiteExecutor.java:144)
	at com.kms.katalon.core.main.TestSuiteExecutor.execute(TestSuiteExecutor.java:106)
	at com.kms.katalon.core.main.TestCaseMain.startTestSuite(TestCaseMain.java:185)
	at com.kms.katalon.core.main.TestCaseMain$startTestSuite$0.call(Unknown Source)
	at TempTestSuite1650304259606.run(TempTestSuite1650304259606.groovy:36)
Caused by: com.kms.katalon.core.exception.StepFailedException: Actual text '1. Tell us your name and email.' and expected text '1. Tell us your name and email' of test object 'Object Repository/Form Verification/Sample Request Form/Page_Toddler Sample Request  Enfamil/p_1. Tell us your name and email' are NOT matched.
	... 23 more


2022-04-18 23:42:46 - [TEST_STEP][PASSED] - openBrowser(""): Browser is opened with url: ''

2022-04-18 23:42:46 - [MESSAGE][INFO] - Starting 'Chrome' driver

2022-04-18 23:42:46 - [MESSAGE][INFO] - Action delay is set to 0 milliseconds

2022-04-18 23:42:47 - [MESSAGE][PASSED] - Browser is opened with url: ''

2022-04-18 23:42:47 - [TEST_STEP][PASSED] - navigateToUrl(SampleRequest): Navigate to 'https://enfamil-us.cdn.test.us-east-1.starterkit.rbcloud.io/toddler-sample-request/' successfully

2022-04-18 23:42:49 - [MESSAGE][PASSED] - Navigate to 'https://enfamil-us.cdn.test.us-east-1.starterkit.rbcloud.io/toddler-sample-request/' successfully

2022-04-18 23:42:49 - [TEST_STEP][PASSED] - maximizeWindow(): Current window maximized

2022-04-18 23:42:50 - [MESSAGE][PASSED] - Current window maximized

2022-04-18 23:42:50 - [TEST_STEP][PASSED] - delay(8): Delayed 8 second(s)

2022-04-18 23:42:58 - [MESSAGE][PASSED] - Delayed 8 second(s)

2022-04-18 23:42:58 - [TEST_STEP][PASSED] - click(findTestObject("Object Repository/Form Verification/Sample Request Form/Page_Toddler Sample Request  Enfamil/button_GOT IT_onetrust-close-btn-handler on_95ce22")): Object: 'Object Repository/Form Verification/Sample Request Form/Page_Toddler Sample Request  Enfamil/button_GOT IT_onetrust-close-btn-handler on_95ce22' is clicked on

2022-04-18 23:42:59 - [MESSAGE][PASSED] - Object: 'Object Repository/Form Verification/Sample Request Form/Page_Toddler Sample Request  Enfamil/button_GOT IT_onetrust-close-btn-handler on_95ce22' is clicked on

2022-04-18 23:42:59 - [TEST_STEP][PASSED] - verifyElementPresent(findTestObject("Object Repository/Form Verification/Sample Request Form/Page_Toddler Sample Request  Enfamil/span_Free Sample of Enfagrow Toddler Formula"), 0): Object 'Object Repository/Form Verification/Sample Request Form/Page_Toddler Sample Request  Enfamil/span_Free Sample of Enfagrow Toddler Formula' is present

2022-04-18 23:42:59 - [MESSAGE][WARNING] - Timeout '0' is invalid. Using default page load timeout: '5'

2022-04-18 23:43:00 - [MESSAGE][PASSED] - Object 'Object Repository/Form Verification/Sample Request Form/Page_Toddler Sample Request  Enfamil/span_Free Sample of Enfagrow Toddler Formula' is present

2022-04-18 23:43:00 - [TEST_STEP][PASSED] - verifyElementText(findTestObject("Object Repository/Form Verification/Sample Request Form/Page_Toddler Sample Request  Enfamil/span_Free Sample of Enfagrow Toddler Formula"), "Free Sample of EnfagrowÂ® Toddler Formula"): Actual text and expected text of test object 'Object Repository/Form Verification/Sample Request Form/Page_Toddler Sample Request  Enfamil/span_Free Sample of Enfagrow Toddler Formula' are matched.

2022-04-18 23:43:01 - [MESSAGE][PASSED] - Actual text and expected text of test object 'Object Repository/Form Verification/Sample Request Form/Page_Toddler Sample Request  Enfamil/span_Free Sample of Enfagrow Toddler Formula' are matched.

2022-04-18 23:43:01 - [TEST_STEP][PASSED] - verifyElementPresent(findTestObject("Object Repository/Form Verification/Sample Request Form/Page_Toddler Sample Request  Enfamil/h1_Free Sample of Enfagrow Toddler Formula"), 0): Object 'Object Repository/Form Verification/Sample Request Form/Page_Toddler Sample Request  Enfamil/h1_Free Sample of Enfagrow Toddler Formula' is present

2022-04-18 23:43:01 - [MESSAGE][WARNING] - Timeout '0' is invalid. Using default page load timeout: '5'

2022-04-18 23:43:02 - [MESSAGE][PASSED] - Object 'Object Repository/Form Verification/Sample Request Form/Page_Toddler Sample Request  Enfamil/h1_Free Sample of Enfagrow Toddler Formula' is present

2022-04-18 23:43:02 - [TEST_STEP][PASSED] - verifyElementText(findTestObject("Object Repository/Form Verification/Sample Request Form/Page_Toddler Sample Request  Enfamil/h1_Free Sample of Enfagrow Toddler Formula"), "Free Sample of EnfagrowÂ® Toddler Formula"): Actual text and expected text of test object 'Object Repository/Form Verification/Sample Request Form/Page_Toddler Sample Request  Enfamil/h1_Free Sample of Enfagrow Toddler Formula' are matched.

2022-04-18 23:43:02 - [MESSAGE][PASSED] - Actual text and expected text of test object 'Object Repository/Form Verification/Sample Request Form/Page_Toddler Sample Request  Enfamil/h1_Free Sample of Enfagrow Toddler Formula' are matched.

2022-04-18 23:43:02 - [TEST_STEP][PASSED] - verifyElementPresent(findTestObject("Object Repository/Form Verification/Sample Request Form/Page_Toddler Sample Request  Enfamil/p_Take just a moment to sign up, and youll _95b8ff"), 0): Object 'Object Repository/Form Verification/Sample Request Form/Page_Toddler Sample Request  Enfamil/p_Take just a moment to sign up, and youll _95b8ff' is present

2022-04-18 23:43:03 - [MESSAGE][WARNING] - Timeout '0' is invalid. Using default page load timeout: '5'

2022-04-18 23:43:03 - [MESSAGE][PASSED] - Object 'Object Repository/Form Verification/Sample Request Form/Page_Toddler Sample Request  Enfamil/p_Take just a moment to sign up, and youll _95b8ff' is present

2022-04-18 23:43:03 - [TEST_STEP][PASSED] - verifyElementText(findTestObject("Object Repository/Form Verification/Sample Request Form/Page_Toddler Sample Request  Enfamil/p_Take just a moment to sign up, and youll _95b8ff"), "Take just a moment to sign up, and youâ€™ll receive your free sample of Enfagrow PREMIUMâ„¢ Toddler Nutritional Drink in a matter of weeks."): Actual text and expected text of test object 'Object Repository/Form Verification/Sample Request Form/Page_Toddler Sample Request  Enfamil/p_Take just a moment to sign up, and youll _95b8ff' are matched.

2022-04-18 23:43:03 - [MESSAGE][PASSED] - Actual text and expected text of test object 'Object Repository/Form Verification/Sample Request Form/Page_Toddler Sample Request  Enfamil/p_Take just a moment to sign up, and youll _95b8ff' are matched.

2022-04-18 23:43:03 - [TEST_STEP][PASSED] - verifyElementPresent(findTestObject("Object Repository/Form Verification/Sample Request Form/Page_Toddler Sample Request  Enfamil/p_Request Your Sample"), 0): Object 'Object Repository/Form Verification/Sample Request Form/Page_Toddler Sample Request  Enfamil/p_Request Your Sample' is present

2022-04-18 23:43:03 - [MESSAGE][WARNING] - Timeout '0' is invalid. Using default page load timeout: '5'

2022-04-18 23:43:04 - [MESSAGE][PASSED] - Object 'Object Repository/Form Verification/Sample Request Form/Page_Toddler Sample Request  Enfamil/p_Request Your Sample' is present

2022-04-18 23:43:04 - [TEST_STEP][PASSED] - verifyElementText(findTestObject("Object Repository/Form Verification/Sample Request Form/Page_Toddler Sample Request  Enfamil/p_Request Your Sample"), "REQUEST YOUR SAMPLE"): Actual text and expected text of test object 'Object Repository/Form Verification/Sample Request Form/Page_Toddler Sample Request  Enfamil/p_Request Your Sample' are matched.

2022-04-18 23:43:04 - [MESSAGE][PASSED] - Actual text and expected text of test object 'Object Repository/Form Verification/Sample Request Form/Page_Toddler Sample Request  Enfamil/p_Request Your Sample' are matched.

2022-04-18 23:43:04 - [TEST_STEP][PASSED] - verifyElementPresent(findTestObject("Object Repository/Form Verification/Sample Request Form/Page_Toddler Sample Request  Enfamil/p_1. Tell us your name and email"), 0): Object 'Object Repository/Form Verification/Sample Request Form/Page_Toddler Sample Request  Enfamil/p_1. Tell us your name and email' is present

2022-04-18 23:43:04 - [MESSAGE][WARNING] - Timeout '0' is invalid. Using default page load timeout: '5'

2022-04-18 23:43:05 - [MESSAGE][PASSED] - Object 'Object Repository/Form Verification/Sample Request Form/Page_Toddler Sample Request  Enfamil/p_1. Tell us your name and email' is present

2022-04-18 23:43:05 - [TEST_STEP][FAILED] - verifyElementText(findTestObject("Object Repository/Form Verification/Sample Request Form/Page_Toddler Sample Request  Enfamil/p_1. Tell us your name and email"), "1. Tell us your name and email"): Actual text '1. Tell us your name and email.' and expected text '1. Tell us your name and email' of test object 'Object Repository/Form Verification/Sample Request Form/Page_Toddler Sample Request  Enfamil/p_1. Tell us your name and email' are NOT matched. (Root cause: com.kms.katalon.core.exception.StepFailedException: Actual text '1. Tell us your name and email.' and expected text '1. Tell us your name and email' of test object 'Object Repository/Form Verification/Sample Request Form/Page_Toddler Sample Request  Enfamil/p_1. Tell us your name and email' are NOT matched.
	at com.kms.katalon.core.webui.keyword.internal.WebUIKeywordMain.stepFailed(WebUIKeywordMain.groovy:64)
	at com.kms.katalon.core.webui.keyword.builtin.VerifyElementTextKeyword$_verifyElementText_closure1.doCall(VerifyElementTextKeyword.groovy:57)
	at com.kms.katalon.core.webui.keyword.builtin.VerifyElementTextKeyword$_verifyElementText_closure1.call(VerifyElementTextKeyword.groovy)
	at com.kms.katalon.core.webui.keyword.internal.WebUIKeywordMain.runKeyword(WebUIKeywordMain.groovy:20)
	at com.kms.katalon.core.webui.keyword.builtin.VerifyElementTextKeyword.verifyElementText(VerifyElementTextKeyword.groovy:72)
	at com.kms.katalon.core.webui.keyword.builtin.VerifyElementTextKeyword.execute(VerifyElementTextKeyword.groovy:40)
	at com.kms.katalon.core.keyword.internal.KeywordExecutor.executeKeywordForPlatform(KeywordExecutor.groovy:74)
	at com.kms.katalon.core.webui.keyword.WebUiBuiltInKeywords.verifyElementText(WebUiBuiltInKeywords.groovy:4749)
	at com.kms.katalon.core.webui.keyword.WebUiBuiltInKeywords$verifyElementText$5.call(Unknown Source)
	at Sample Request - Form Verification.run(Sample Request - Form Verification:57)
	at com.kms.katalon.core.main.ScriptEngine.run(ScriptEngine.java:194)
	at com.kms.katalon.core.main.ScriptEngine.runScriptAsRawText(ScriptEngine.java:119)
	at com.kms.katalon.core.main.TestCaseExecutor.runScript(TestCaseExecutor.java:445)
	at com.kms.katalon.core.main.TestCaseExecutor.doExecute(TestCaseExecutor.java:436)
	at com.kms.katalon.core.main.TestCaseExecutor.processExecutionPhase(TestCaseExecutor.java:415)
	at com.kms.katalon.core.main.TestCaseExecutor.accessMainPhase(TestCaseExecutor.java:407)
	at com.kms.katalon.core.main.TestCaseExecutor.execute(TestCaseExecutor.java:284)
	at com.kms.katalon.core.common.CommonExecutor.accessTestCaseMainPhase(CommonExecutor.java:65)
	at com.kms.katalon.core.main.TestSuiteExecutor.accessTestSuiteMainPhase(TestSuiteExecutor.java:144)
	at com.kms.katalon.core.main.TestSuiteExecutor.execute(TestSuiteExecutor.java:106)
	at com.kms.katalon.core.main.TestCaseMain.startTestSuite(TestCaseMain.java:185)
	at com.kms.katalon.core.main.TestCaseMain$startTestSuite$0.call(Unknown Source)
	at TempTestSuite1650304259606.run(TempTestSuite1650304259606.groovy:36)
)

2022-04-18 23:43:05 - [MESSAGE][FAILED] - Actual text '1. Tell us your name and email.' and expected text '1. Tell us your name and email' of test object 'Object Repository/Form Verification/Sample Request Form/Page_Toddler Sample Request  Enfamil/p_1. Tell us your name and email' are NOT matched. (Root cause: com.kms.katalon.core.exception.StepFailedException: Actual text '1. Tell us your name and email.' and expected text '1. Tell us your name and email' of test object 'Object Repository/Form Verification/Sample Request Form/Page_Toddler Sample Request  Enfamil/p_1. Tell us your name and email' are NOT matched.
	at com.kms.katalon.core.webui.keyword.internal.WebUIKeywordMain.stepFailed(WebUIKeywordMain.groovy:64)
	at com.kms.katalon.core.webui.keyword.builtin.VerifyElementTextKeyword$_verifyElementText_closure1.doCall(VerifyElementTextKeyword.groovy:57)
	at com.kms.katalon.core.webui.keyword.builtin.VerifyElementTextKeyword$_verifyElementText_closure1.call(VerifyElementTextKeyword.groovy)
	at com.kms.katalon.core.webui.keyword.internal.WebUIKeywordMain.runKeyword(WebUIKeywordMain.groovy:20)
	at com.kms.katalon.core.webui.keyword.builtin.VerifyElementTextKeyword.verifyElementText(VerifyElementTextKeyword.groovy:72)
	at com.kms.katalon.core.webui.keyword.builtin.VerifyElementTextKeyword.execute(VerifyElementTextKeyword.groovy:40)
	at com.kms.katalon.core.keyword.internal.KeywordExecutor.executeKeywordForPlatform(KeywordExecutor.groovy:74)
	at com.kms.katalon.core.webui.keyword.WebUiBuiltInKeywords.verifyElementText(WebUiBuiltInKeywords.groovy:4749)
	at com.kms.katalon.core.webui.keyword.WebUiBuiltInKeywords$verifyElementText$5.call(Unknown Source)
	at Sample Request - Form Verification.run(Sample Request - Form Verification:57)
	at com.kms.katalon.core.main.ScriptEngine.run(ScriptEngine.java:194)
	at com.kms.katalon.core.main.ScriptEngine.runScriptAsRawText(ScriptEngine.java:119)
	at com.kms.katalon.core.main.TestCaseExecutor.runScript(TestCaseExecutor.java:445)
	at com.kms.katalon.core.main.TestCaseExecutor.doExecute(TestCaseExecutor.java:436)
	at com.kms.katalon.core.main.TestCaseExecutor.processExecutionPhase(TestCaseExecutor.java:415)
	at com.kms.katalon.core.main.TestCaseExecutor.accessMainPhase(TestCaseExecutor.java:407)
	at com.kms.katalon.core.main.TestCaseExecutor.execute(TestCaseExecutor.java:284)
	at com.kms.katalon.core.common.CommonExecutor.accessTestCaseMainPhase(CommonExecutor.java:65)
	at com.kms.katalon.core.main.TestSuiteExecutor.accessTestSuiteMainPhase(TestSuiteExecutor.java:144)
	at com.kms.katalon.core.main.TestSuiteExecutor.execute(TestSuiteExecutor.java:106)
	at com.kms.katalon.core.main.TestCaseMain.startTestSuite(TestCaseMain.java:185)
	at com.kms.katalon.core.main.TestCaseMain$startTestSuite$0.call(Unknown Source)
	at TempTestSuite1650304259606.run(TempTestSuite1650304259606.groovy:36)
)
[[ATTACHMENT|D:\\SmoketestSuite\\enfamilUS\\Reports\\20220418_232059\\SmokeTestCollection - Venkat\\SmokeTestSuite-Collection - UAT\\20220418_232059\\1650305585651.png]]

2022-04-18 23:43:05 - [TEST_STEP][PASSED] - verifyElementPresent(findTestObject("Object Repository/Form Verification/Sample Request Form/Page_Toddler Sample Request  Enfamil/input_First Name_registerGivenNameField_1"), 0): Object 'Object Repository/Form Verification/Sample Request Form/Page_Toddler Sample Request  Enfamil/input_First Name_registerGivenNameField_1' is present

2022-04-18 23:43:05 - [MESSAGE][WARNING] - Timeout '0' is invalid. Using default page load timeout: '5'

2022-04-18 23:43:06 - [MESSAGE][PASSED] - Object 'Object Repository/Form Verification/Sample Request Form/Page_Toddler Sample Request  Enfamil/input_First Name_registerGivenNameField_1' is present

2022-04-18 23:43:06 - [TEST_STEP][PASSED] - verifyElementPresent(findTestObject("Object Repository/Form Verification/Sample Request Form/Page_Toddler Sample Request  Enfamil/input_Last Name_registerFamilyNameField_1"), 0): Object 'Object Repository/Form Verification/Sample Request Form/Page_Toddler Sample Request  Enfamil/input_Last Name_registerFamilyNameField_1' is present

2022-04-18 23:43:06 - [MESSAGE][WARNING] - Timeout '0' is invalid. Using default page load timeout: '5'

2022-04-18 23:43:06 - [MESSAGE][PASSED] - Object 'Object Repository/Form Verification/Sample Request Form/Page_Toddler Sample Request  Enfamil/input_Last Name_registerFamilyNameField_1' is present

2022-04-18 23:43:06 - [TEST_STEP][PASSED] - verifyElementClickable(findTestObject("Object Repository/Form Verification/Sample Request Form/Page_Toddler Sample Request  Enfamil/input_Last Name_registerFamilyNameField_1_2_3")): Object 'Object Repository/Form Verification/Sample Request Form/Page_Toddler Sample Request  Enfamil/input_Last Name_registerFamilyNameField_1_2_3' is clickable

2022-04-18 23:43:06 - [MESSAGE][PASSED] - Object 'Object Repository/Form Verification/Sample Request Form/Page_Toddler Sample Request  Enfamil/input_Last Name_registerFamilyNameField_1_2_3' is clickable

2022-04-18 23:43:06 - [TEST_STEP][PASSED] - verifyElementClickable(findTestObject("Object Repository/Form Verification/Sample Request Form/Page_Toddler Sample Request  Enfamil/input_First Name_registerGivenNameField_1_2_3_4_5")): Object 'Object Repository/Form Verification/Sample Request Form/Page_Toddler Sample Request  Enfamil/input_First Name_registerGivenNameField_1_2_3_4_5' is clickable

2022-04-18 23:43:07 - [MESSAGE][PASSED] - Object 'Object Repository/Form Verification/Sample Request Form/Page_Toddler Sample Request  Enfamil/input_First Name_registerGivenNameField_1_2_3_4_5' is clickable

2022-04-18 23:43:07 - [TEST_STEP][PASSED] - verifyElementPresent(findTestObject("Object Repository/Form Verification/Sample Request Form/Page_Toddler Sample Request  Enfamil/input_Email_registerEmailField_1"), 0): Object 'Object Repository/Form Verification/Sample Request Form/Page_Toddler Sample Request  Enfamil/input_Email_registerEmailField_1' is present

2022-04-18 23:43:07 - [MESSAGE][WARNING] - Timeout '0' is invalid. Using default page load timeout: '5'

2022-04-18 23:43:07 - [MESSAGE][PASSED] - Object 'Object Repository/Form Verification/Sample Request Form/Page_Toddler Sample Request  Enfamil/input_Email_registerEmailField_1' is present

2022-04-18 23:43:07 - [TEST_STEP][PASSED] - verifyElementClickable(findTestObject("Object Repository/Form Verification/Sample Request Form/Page_Toddler Sample Request  Enfamil/input_Email_registerEmailField_1_2_3")): Object 'Object Repository/Form Verification/Sample Request Form/Page_Toddler Sample Request  Enfamil/input_Email_registerEmailField_1_2_3' is clickable

2022-04-18 23:43:08 - [MESSAGE][PASSED] - Object 'Object Repository/Form Verification/Sample Request Form/Page_Toddler Sample Request  Enfamil/input_Email_registerEmailField_1_2_3' is clickable

2022-04-18 23:43:08 - [TEST_STEP][PASSED] - verifyElementPresent(findTestObject("Object Repository/Form Verification/Sample Request Form/Page_Toddler Sample Request  Enfamil/p_2. Enter your address"), 0): Object 'Object Repository/Form Verification/Sample Request Form/Page_Toddler Sample Request  Enfamil/p_2. Enter your address' is present

2022-04-18 23:43:08 - [MESSAGE][WARNING] - Timeout '0' is invalid. Using default page load timeout: '5'

2022-04-18 23:43:08 - [MESSAGE][PASSED] - Object 'Object Repository/Form Verification/Sample Request Form/Page_Toddler Sample Request  Enfamil/p_2. Enter your address' is present

2022-04-18 23:43:08 - [TEST_STEP][PASSED] - verifyElementClickable(findTestObject("Object Repository/Form Verification/Sample Request Form/Page_Toddler Sample Request  Enfamil/p_2. Enter your address")): Object 'Object Repository/Form Verification/Sample Request Form/Page_Toddler Sample Request  Enfamil/p_2. Enter your address' is clickable

2022-04-18 23:43:08 - [MESSAGE][PASSED] - Object 'Object Repository/Form Verification/Sample Request Form/Page_Toddler Sample Request  Enfamil/p_2. Enter your address' is clickable

2022-04-18 23:43:08 - [TEST_STEP][PASSED] - verifyElementPresent(findTestObject("Object Repository/Form Verification/Sample Request Form/Page_Toddler Sample Request  Enfamil/input_Street Address_address1registerAddres_1a6c90_1"), 0): Object 'Object Repository/Form Verification/Sample Request Form/Page_Toddler Sample Request  Enfamil/input_Street Address_address1registerAddres_1a6c90_1' is present

2022-04-18 23:43:08 - [MESSAGE][WARNING] - Timeout '0' is invalid. Using default page load timeout: '5'

2022-04-18 23:43:09 - [MESSAGE][PASSED] - Object 'Object Repository/Form Verification/Sample Request Form/Page_Toddler Sample Request  Enfamil/input_Street Address_address1registerAddres_1a6c90_1' is present

2022-04-18 23:43:09 - [TEST_STEP][PASSED] - verifyElementClickable(findTestObject("Object Repository/Form Verification/Sample Request Form/Page_Toddler Sample Request  Enfamil/input_Street Address_address1registerAddres_1a6c90_1_2_3")): Object 'Object Repository/Form Verification/Sample Request Form/Page_Toddler Sample Request  Enfamil/input_Street Address_address1registerAddres_1a6c90_1_2_3' is clickable

2022-04-18 23:43:09 - [MESSAGE][PASSED] - Object 'Object Repository/Form Verification/Sample Request Form/Page_Toddler Sample Request  Enfamil/input_Street Address_address1registerAddres_1a6c90_1_2_3' is clickable

2022-04-18 23:43:09 - [TEST_STEP][PASSED] - verifyElementPresent(findTestObject("Object Repository/Form Verification/Sample Request Form/Page_Toddler Sample Request  Enfamil/input_UnitSuiteApt_address1registerAddressA_f19009_1"), 0): Object 'Object Repository/Form Verification/Sample Request Form/Page_Toddler Sample Request  Enfamil/input_UnitSuiteApt_address1registerAddressA_f19009_1' is present

2022-04-18 23:43:09 - [MESSAGE][WARNING] - Timeout '0' is invalid. Using default page load timeout: '5'

2022-04-18 23:43:09 - [MESSAGE][PASSED] - Object 'Object Repository/Form Verification/Sample Request Form/Page_Toddler Sample Request  Enfamil/input_UnitSuiteApt_address1registerAddressA_f19009_1' is present

2022-04-18 23:43:09 - [TEST_STEP][PASSED] - verifyElementClickable(findTestObject("Object Repository/Form Verification/Sample Request Form/Page_Toddler Sample Request  Enfamil/input_UnitSuiteApt_address1registerAddressA_f19009_1_2_3")): Object 'Object Repository/Form Verification/Sample Request Form/Page_Toddler Sample Request  Enfamil/input_UnitSuiteApt_address1registerAddressA_f19009_1_2_3' is clickable

2022-04-18 23:43:10 - [MESSAGE][PASSED] - Object 'Object Repository/Form Verification/Sample Request Form/Page_Toddler Sample Request  Enfamil/input_UnitSuiteApt_address1registerAddressA_f19009_1_2_3' is clickable

2022-04-18 23:43:10 - [TEST_STEP][PASSED] - verifyElementPresent(findTestObject("Object Repository/Form Verification/Sample Request Form/Page_Toddler Sample Request  Enfamil/input_City_address1registerAddressCityField_1"), 0): Object 'Object Repository/Form Verification/Sample Request Form/Page_Toddler Sample Request  Enfamil/input_City_address1registerAddressCityField_1' is present

2022-04-18 23:43:10 - [MESSAGE][WARNING] - Timeout '0' is invalid. Using default page load timeout: '5'

2022-04-18 23:43:10 - [MESSAGE][PASSED] - Object 'Object Repository/Form Verification/Sample Request Form/Page_Toddler Sample Request  Enfamil/input_City_address1registerAddressCityField_1' is present

2022-04-18 23:43:10 - [TEST_STEP][PASSED] - verifyElementClickable(findTestObject("Object Repository/Form Verification/Sample Request Form/Page_Toddler Sample Request  Enfamil/input_City_address1registerAddressCityField_1_2_3")): Object 'Object Repository/Form Verification/Sample Request Form/Page_Toddler Sample Request  Enfamil/input_City_address1registerAddressCityField_1_2_3' is clickable

2022-04-18 23:43:11 - [MESSAGE][PASSED] - Object 'Object Repository/Form Verification/Sample Request Form/Page_Toddler Sample Request  Enfamil/input_City_address1registerAddressCityField_1_2_3' is clickable

2022-04-18 23:43:11 - [TEST_STEP][PASSED] - verifyElementPresent(findTestObject("Object Repository/Form Verification/Sample Request Form/Page_Toddler Sample Request  Enfamil/div_State"), 0): Object 'Object Repository/Form Verification/Sample Request Form/Page_Toddler Sample Request  Enfamil/div_State' is present

2022-04-18 23:43:11 - [MESSAGE][WARNING] - Timeout '0' is invalid. Using default page load timeout: '5'

2022-04-18 23:43:11 - [MESSAGE][PASSED] - Object 'Object Repository/Form Verification/Sample Request Form/Page_Toddler Sample Request  Enfamil/div_State' is present

2022-04-18 23:43:11 - [TEST_STEP][PASSED] - verifyElementClickable(findTestObject("Object Repository/Form Verification/Sample Request Form/Page_Toddler Sample Request  Enfamil/div_State")): Object 'Object Repository/Form Verification/Sample Request Form/Page_Toddler Sample Request  Enfamil/div_State' is clickable

2022-04-18 23:43:11 - [MESSAGE][PASSED] - Object 'Object Repository/Form Verification/Sample Request Form/Page_Toddler Sample Request  Enfamil/div_State' is clickable

2022-04-18 23:43:11 - [TEST_STEP][PASSED] - verifyElementPresent(findTestObject("Object Repository/Form Verification/Sample Request Form/Page_Toddler Sample Request  Enfamil/input_Zip Code_address1registerAddressPostalField_1"), 0): Object 'Object Repository/Form Verification/Sample Request Form/Page_Toddler Sample Request  Enfamil/input_Zip Code_address1registerAddressPostalField_1' is present

2022-04-18 23:43:11 - [MESSAGE][WARNING] - Timeout '0' is invalid. Using default page load timeout: '5'

2022-04-18 23:43:12 - [MESSAGE][PASSED] - Object 'Object Repository/Form Verification/Sample Request Form/Page_Toddler Sample Request  Enfamil/input_Zip Code_address1registerAddressPostalField_1' is present

2022-04-18 23:43:12 - [TEST_STEP][PASSED] - verifyElementClickable(findTestObject("Object Repository/Form Verification/Sample Request Form/Page_Toddler Sample Request  Enfamil/input_Zip Code_address1registerAddressPostalField_1_2_3")): Object 'Object Repository/Form Verification/Sample Request Form/Page_Toddler Sample Request  Enfamil/input_Zip Code_address1registerAddressPostalField_1_2_3' is clickable

2022-04-18 23:43:12 - [MESSAGE][PASSED] - Object 'Object Repository/Form Verification/Sample Request Form/Page_Toddler Sample Request  Enfamil/input_Zip Code_address1registerAddressPostalField_1_2_3' is clickable

2022-04-18 23:43:12 - [TEST_STEP][PASSED] - verifyElementPresent(findTestObject("Object Repository/Form Verification/Sample Request Form/Page_Toddler Sample Request  Enfamil/p_3. Customize your profile for you and you_e5d350"), 0): Object 'Object Repository/Form Verification/Sample Request Form/Page_Toddler Sample Request  Enfamil/p_3. Customize your profile for you and you_e5d350' is present

2022-04-18 23:43:12 - [MESSAGE][WARNING] - Timeout '0' is invalid. Using default page load timeout: '5'

2022-04-18 23:43:12 - [MESSAGE][PASSED] - Object 'Object Repository/Form Verification/Sample Request Form/Page_Toddler Sample Request  Enfamil/p_3. Customize your profile for you and you_e5d350' is present

2022-04-18 23:43:12 - [TEST_STEP][PASSED] - verifyElementText(findTestObject("Object Repository/Form Verification/Sample Request Form/Page_Toddler Sample Request  Enfamil/p_3. Customize your profile for you and you_e5d350"), "3. Customize your profile for you and your toddler."): Actual text and expected text of test object 'Object Repository/Form Verification/Sample Request Form/Page_Toddler Sample Request  Enfamil/p_3. Customize your profile for you and you_e5d350' are matched.

2022-04-18 23:43:13 - [MESSAGE][PASSED] - Actual text and expected text of test object 'Object Repository/Form Verification/Sample Request Form/Page_Toddler Sample Request  Enfamil/p_3. Customize your profile for you and you_e5d350' are matched.

2022-04-18 23:43:13 - [TEST_STEP][PASSED] - verifyElementPresent(findTestObject("Object Repository/Form Verification/Sample Request Form/Page_Toddler Sample Request  Enfamil/div_Well provide tips and samples to fit yo_5c2778"), 0): Object 'Object Repository/Form Verification/Sample Request Form/Page_Toddler Sample Request  Enfamil/div_Well provide tips and samples to fit yo_5c2778' is present

2022-04-18 23:43:13 - [MESSAGE][WARNING] - Timeout '0' is invalid. Using default page load timeout: '5'

2022-04-18 23:43:13 - [MESSAGE][PASSED] - Object 'Object Repository/Form Verification/Sample Request Form/Page_Toddler Sample Request  Enfamil/div_Well provide tips and samples to fit yo_5c2778' is present

2022-04-18 23:43:13 - [TEST_STEP][PASSED] - verifyElementText(findTestObject("Object Repository/Form Verification/Sample Request Form/Page_Toddler Sample Request  Enfamil/div_Well provide tips and samples to fit yo_5c2778"), "Weâ€™ll provide tips and samples to fit your needs."): Actual text and expected text of test object 'Object Repository/Form Verification/Sample Request Form/Page_Toddler Sample Request  Enfamil/div_Well provide tips and samples to fit yo_5c2778' are matched.

2022-04-18 23:43:14 - [MESSAGE][PASSED] - Actual text and expected text of test object 'Object Repository/Form Verification/Sample Request Form/Page_Toddler Sample Request  Enfamil/div_Well provide tips and samples to fit yo_5c2778' are matched.

2022-04-18 23:43:14 - [TEST_STEP][PASSED] - verifyElementPresent(findTestObject("Object Repository/Form Verification/Sample Request Form/Page_Toddler Sample Request  Enfamil/label_Your Childs Birth Date"), 0): Object 'Object Repository/Form Verification/Sample Request Form/Page_Toddler Sample Request  Enfamil/label_Your Childs Birth Date' is present

2022-04-18 23:43:14 - [MESSAGE][WARNING] - Timeout '0' is invalid. Using default page load timeout: '5'

2022-04-18 23:43:14 - [MESSAGE][PASSED] - Object 'Object Repository/Form Verification/Sample Request Form/Page_Toddler Sample Request  Enfamil/label_Your Childs Birth Date' is present

2022-04-18 23:43:14 - [TEST_STEP][PASSED] - verifyElementText(findTestObject("Object Repository/Form Verification/Sample Request Form/Page_Toddler Sample Request  Enfamil/label_Your Childs Birth Date"), "Your Child's Birth Date"): Actual text and expected text of test object 'Object Repository/Form Verification/Sample Request Form/Page_Toddler Sample Request  Enfamil/label_Your Childs Birth Date' are matched.

2022-04-18 23:43:14 - [MESSAGE][PASSED] - Actual text and expected text of test object 'Object Repository/Form Verification/Sample Request Form/Page_Toddler Sample Request  Enfamil/label_Your Childs Birth Date' are matched.

2022-04-18 23:43:14 - [TEST_STEP][PASSED] - verifyElementPresent(findTestObject("Object Repository/Form Verification/Sample Request Form/Page_Toddler Sample Request  Enfamil/input_concat(Your Child, , s Birth Date)_ch_19b355"), 0): Object 'Object Repository/Form Verification/Sample Request Form/Page_Toddler Sample Request  Enfamil/input_concat(Your Child, , s Birth Date)_ch_19b355' is present

2022-04-18 23:43:15 - [MESSAGE][WARNING] - Timeout '0' is invalid. Using default page load timeout: '5'

2022-04-18 23:43:15 - [MESSAGE][PASSED] - Object 'Object Repository/Form Verification/Sample Request Form/Page_Toddler Sample Request  Enfamil/input_concat(Your Child, , s Birth Date)_ch_19b355' is present

2022-04-18 23:43:15 - [TEST_STEP][PASSED] - verifyElementText(findTestObject("Object Repository/Form Verification/Sample Request Form/Page_Toddler Sample Request  Enfamil/input_concat(Your Child, , s Birth Date)_ch_19b355_1"), ""): Actual text and expected text of test object 'Object Repository/Form Verification/Sample Request Form/Page_Toddler Sample Request  Enfamil/input_concat(Your Child, , s Birth Date)_ch_19b355_1' are matched.

2022-04-18 23:43:15 - [MESSAGE][PASSED] - Actual text and expected text of test object 'Object Repository/Form Verification/Sample Request Form/Page_Toddler Sample Request  Enfamil/input_concat(Your Child, , s Birth Date)_ch_19b355_1' are matched.

2022-04-18 23:43:15 - [TEST_STEP][PASSED] - verifyElementPresent(findTestObject("Object Repository/Form Verification/Sample Request Form/Page_Toddler Sample Request  Enfamil/button_Why"), 0): Object 'Object Repository/Form Verification/Sample Request Form/Page_Toddler Sample Request  Enfamil/button_Why' is present

2022-04-18 23:43:15 - [MESSAGE][WARNING] - Timeout '0' is invalid. Using default page load timeout: '5'

2022-04-18 23:43:16 - [MESSAGE][PASSED] - Object 'Object Repository/Form Verification/Sample Request Form/Page_Toddler Sample Request  Enfamil/button_Why' is present

2022-04-18 23:43:16 - [TEST_STEP][PASSED] - verifyElementText(findTestObject("Object Repository/Form Verification/Sample Request Form/Page_Toddler Sample Request  Enfamil/button_Why"), "Why?"): Actual text and expected text of test object 'Object Repository/Form Verification/Sample Request Form/Page_Toddler Sample Request  Enfamil/button_Why' are matched.

2022-04-18 23:43:16 - [MESSAGE][PASSED] - Actual text and expected text of test object 'Object Repository/Form Verification/Sample Request Form/Page_Toddler Sample Request  Enfamil/button_Why' are matched.

2022-04-18 23:43:16 - [TEST_STEP][PASSED] - verifyElementClickable(findTestObject("Object Repository/Form Verification/Sample Request Form/Page_Toddler Sample Request  Enfamil/button_Why")): Object 'Object Repository/Form Verification/Sample Request Form/Page_Toddler Sample Request  Enfamil/button_Why' is clickable

2022-04-18 23:43:16 - [MESSAGE][PASSED] - Object 'Object Repository/Form Verification/Sample Request Form/Page_Toddler Sample Request  Enfamil/button_Why' is clickable

2022-04-18 23:43:16 - [TEST_STEP][PASSED] - verifyElementPresent(findTestObject("Object Repository/Form Verification/Sample Request Form/Page_Toddler Sample Request  Enfamil/button_Get my sample"), 0): Object 'Object Repository/Form Verification/Sample Request Form/Page_Toddler Sample Request  Enfamil/button_Get my sample' is present

2022-04-18 23:43:17 - [MESSAGE][WARNING] - Timeout '0' is invalid. Using default page load timeout: '5'

2022-04-18 23:43:17 - [MESSAGE][PASSED] - Object 'Object Repository/Form Verification/Sample Request Form/Page_Toddler Sample Request  Enfamil/button_Get my sample' is present

2022-04-18 23:43:17 - [TEST_STEP][PASSED] - verifyElementText(findTestObject("Object Repository/Form Verification/Sample Request Form/Page_Toddler Sample Request  Enfamil/button_Get my sample"), "Get my sample"): Actual text and expected text of test object 'Object Repository/Form Verification/Sample Request Form/Page_Toddler Sample Request  Enfamil/button_Get my sample' are matched.

2022-04-18 23:43:17 - [MESSAGE][PASSED] - Actual text and expected text of test object 'Object Repository/Form Verification/Sample Request Form/Page_Toddler Sample Request  Enfamil/button_Get my sample' are matched.

2022-04-18 23:43:17 - [TEST_STEP][PASSED] - verifyElementClickable(findTestObject("Object Repository/Form Verification/Sample Request Form/Page_Toddler Sample Request  Enfamil/button_Get my sample")): Object 'Object Repository/Form Verification/Sample Request Form/Page_Toddler Sample Request  Enfamil/button_Get my sample' is clickable

2022-04-18 23:43:18 - [MESSAGE][PASSED] - Object 'Object Repository/Form Verification/Sample Request Form/Page_Toddler Sample Request  Enfamil/button_Get my sample' is clickable

2022-04-18 23:43:18 - [TEST_STEP][PASSED] - verifyElementPresent(findTestObject("Object Repository/Form Verification/Sample Request Form/Page_Toddler Sample Request  Enfamil/p_Try this free toddler sample, and see how_91cd85"), 0): Object 'Object Repository/Form Verification/Sample Request Form/Page_Toddler Sample Request  Enfamil/p_Try this free toddler sample, and see how_91cd85' is present

2022-04-18 23:43:18 - [MESSAGE][WARNING] - Timeout '0' is invalid. Using default page load timeout: '5'

2022-04-18 23:43:18 - [MESSAGE][PASSED] - Object 'Object Repository/Form Verification/Sample Request Form/Page_Toddler Sample Request  Enfamil/p_Try this free toddler sample, and see how_91cd85' is present

2022-04-18 23:43:18 - [TEST_STEP][PASSED] - verifyElementText(findTestObject("Object Repository/Form Verification/Sample Request Form/Page_Toddler Sample Request  Enfamil/p_Try this free toddler sample, and see how_91cd85"), "Try this free toddler sample, and see how easy it can be to get your toddler nutrients that can help nourish their growing brain."): Actual text and expected text of test object 'Object Repository/Form Verification/Sample Request Form/Page_Toddler Sample Request  Enfamil/p_Try this free toddler sample, and see how_91cd85' are matched.

2022-04-18 23:43:18 - [MESSAGE][PASSED] - Actual text and expected text of test object 'Object Repository/Form Verification/Sample Request Form/Page_Toddler Sample Request  Enfamil/p_Try this free toddler sample, and see how_91cd85' are matched.

2022-04-18 23:43:18 - [TEST_STEP][PASSED] - verifyElementPresent(findTestObject("Object Repository/Form Verification/Sample Request Form/Page_Toddler Sample Request  Enfamil/p_Mead Johnson  Company does not sell your _894a07"), 0): Object 'Object Repository/Form Verification/Sample Request Form/Page_Toddler Sample Request  Enfamil/p_Mead Johnson  Company does not sell your _894a07' is present

2022-04-18 23:43:18 - [MESSAGE][WARNING] - Timeout '0' is invalid. Using default page load timeout: '5'

2022-04-18 23:43:19 - [MESSAGE][PASSED] - Object 'Object Repository/Form Verification/Sample Request Form/Page_Toddler Sample Request  Enfamil/p_Mead Johnson  Company does not sell your _894a07' is present

2022-04-18 23:43:19 - [TEST_STEP][PASSED] - verifyElementText(findTestObject("Object Repository/Form Verification/Sample Request Form/Page_Toddler Sample Request  Enfamil/p_Mead Johnson  Company does not sell your _894a07"), "Mead Johnson & Company does not sell your information to outside agencies. The Enfamil Family BeginningsÂ® program only uses your information to send you FREE gifts, discounts and baby information. You can unsubscribe from Enfamil Family beginningsÂ® at any time. Please see our privacy policy for details."): Actual text and expected text of test object 'Object Repository/Form Verification/Sample Request Form/Page_Toddler Sample Request  Enfamil/p_Mead Johnson  Company does not sell your _894a07' are matched.

2022-04-18 23:43:19 - [MESSAGE][PASSED] - Actual text and expected text of test object 'Object Repository/Form Verification/Sample Request Form/Page_Toddler Sample Request  Enfamil/p_Mead Johnson  Company does not sell your _894a07' are matched.

2022-04-18 23:43:19 - [TEST_STEP][PASSED] - verifyElementPresent(findTestObject("Object Repository/Form Verification/Sample Request Form/Page_Toddler Sample Request  Enfamil/a_Enfamil Family Beginnings"), 0): Object 'Object Repository/Form Verification/Sample Request Form/Page_Toddler Sample Request  Enfamil/a_Enfamil Family Beginnings' is present

2022-04-18 23:43:19 - [MESSAGE][WARNING] - Timeout '0' is invalid. Using default page load timeout: '5'

2022-04-18 23:43:19 - [MESSAGE][PASSED] - Object 'Object Repository/Form Verification/Sample Request Form/Page_Toddler Sample Request  Enfamil/a_Enfamil Family Beginnings' is present

2022-04-18 23:43:19 - [TEST_STEP][PASSED] - verifyElementText(findTestObject("Object Repository/Form Verification/Sample Request Form/Page_Toddler Sample Request  Enfamil/a_Enfamil Family Beginnings"), "Enfamil Family Beginnings"): Actual text and expected text of test object 'Object Repository/Form Verification/Sample Request Form/Page_Toddler Sample Request  Enfamil/a_Enfamil Family Beginnings' are matched.

2022-04-18 23:43:20 - [MESSAGE][PASSED] - Actual text and expected text of test object 'Object Repository/Form Verification/Sample Request Form/Page_Toddler Sample Request  Enfamil/a_Enfamil Family Beginnings' are matched.

2022-04-18 23:43:20 - [TEST_STEP][PASSED] - verifyElementClickable(findTestObject("Object Repository/Form Verification/Sample Request Form/Page_Toddler Sample Request  Enfamil/a_Enfamil Family Beginnings")): Object 'Object Repository/Form Verification/Sample Request Form/Page_Toddler Sample Request  Enfamil/a_Enfamil Family Beginnings' is clickable

2022-04-18 23:43:20 - [MESSAGE][PASSED] - Object 'Object Repository/Form Verification/Sample Request Form/Page_Toddler Sample Request  Enfamil/a_Enfamil Family Beginnings' is clickable

2022-04-18 23:43:20 - [TEST_STEP][PASSED] - verifyElementPresent(findTestObject("Object Repository/Form Verification/Sample Request Form/Page_Toddler Sample Request  Enfamil/a_privacy policy"), 0): Object 'Object Repository/Form Verification/Sample Request Form/Page_Toddler Sample Request  Enfamil/a_privacy policy' is present

2022-04-18 23:43:20 - [MESSAGE][WARNING] - Timeout '0' is invalid. Using default page load timeout: '5'

2022-04-18 23:43:21 - [MESSAGE][PASSED] - Object 'Object Repository/Form Verification/Sample Request Form/Page_Toddler Sample Request  Enfamil/a_privacy policy' is present

2022-04-18 23:43:21 - [TEST_STEP][PASSED] - verifyElementText(findTestObject("Object Repository/Form Verification/Sample Request Form/Page_Toddler Sample Request  Enfamil/a_privacy policy"), "privacy policy"): Actual text and expected text of test object 'Object Repository/Form Verification/Sample Request Form/Page_Toddler Sample Request  Enfamil/a_privacy policy' are matched.

2022-04-18 23:43:21 - [MESSAGE][PASSED] - Actual text and expected text of test object 'Object Repository/Form Verification/Sample Request Form/Page_Toddler Sample Request  Enfamil/a_privacy policy' are matched.

2022-04-18 23:43:21 - [TEST_STEP][PASSED] - verifyElementClickable(findTestObject("Object Repository/Form Verification/Sample Request Form/Page_Toddler Sample Request  Enfamil/a_privacy policy")): Object 'Object Repository/Form Verification/Sample Request Form/Page_Toddler Sample Request  Enfamil/a_privacy policy' is clickable

2022-04-18 23:43:21 - [MESSAGE][PASSED] - Object 'Object Repository/Form Verification/Sample Request Form/Page_Toddler Sample Request  Enfamil/a_privacy policy' is clickable

2022-04-18 23:43:21 - [TEST_STEP][PASSED] - verifyElementPresent(findTestObject("Object Repository/Form Verification/Sample Request Form/Page_Toddler Sample Request  Enfamil/p_This program is intended for U.S. residen_973301"), 0): Object 'Object Repository/Form Verification/Sample Request Form/Page_Toddler Sample Request  Enfamil/p_This program is intended for U.S. residen_973301' is present

2022-04-18 23:43:21 - [MESSAGE][WARNING] - Timeout '0' is invalid. Using default page load timeout: '5'

2022-04-18 23:43:22 - [MESSAGE][PASSED] - Object 'Object Repository/Form Verification/Sample Request Form/Page_Toddler Sample Request  Enfamil/p_This program is intended for U.S. residen_973301' is present

2022-04-18 23:43:22 - [TEST_STEP][PASSED] - verifyElementText(findTestObject("Object Repository/Form Verification/Sample Request Form/Page_Toddler Sample Request  Enfamil/p_This program is intended for U.S. residen_973301"), "This program is intended for U.S. residents. If you are a resident of Canada. please enroll in the Canadian Enfamil Family Beginnings program. The Enfamil Family Beginnings program is brought to you by Mead Johnson Nutrition. Enfamil Family Beginnings benefits may vary. Offer limited to one per household and subject to change without notice."): Actual text and expected text of test object 'Object Repository/Form Verification/Sample Request Form/Page_Toddler Sample Request  Enfamil/p_This program is intended for U.S. residen_973301' are matched.

2022-04-18 23:43:22 - [MESSAGE][PASSED] - Actual text and expected text of test object 'Object Repository/Form Verification/Sample Request Form/Page_Toddler Sample Request  Enfamil/p_This program is intended for U.S. residen_973301' are matched.

2022-04-18 23:43:22 - [TEST_STEP][PASSED] - verifyElementPresent(findTestObject("Object Repository/Form Verification/Sample Request Form/Page_Toddler Sample Request  Enfamil/a_Canadian Enfamil Family Beginnings program"), 0): Object 'Object Repository/Form Verification/Sample Request Form/Page_Toddler Sample Request  Enfamil/a_Canadian Enfamil Family Beginnings program' is present

2022-04-18 23:43:22 - [MESSAGE][WARNING] - Timeout '0' is invalid. Using default page load timeout: '5'

2022-04-18 23:43:22 - [MESSAGE][PASSED] - Object 'Object Repository/Form Verification/Sample Request Form/Page_Toddler Sample Request  Enfamil/a_Canadian Enfamil Family Beginnings program' is present

2022-04-18 23:43:22 - [TEST_STEP][PASSED] - verifyElementText(findTestObject("Object Repository/Form Verification/Sample Request Form/Page_Toddler Sample Request  Enfamil/a_Canadian Enfamil Family Beginnings program"), "Canadian Enfamil Family Beginnings program."): Actual text and expected text of test object 'Object Repository/Form Verification/Sample Request Form/Page_Toddler Sample Request  Enfamil/a_Canadian Enfamil Family Beginnings program' are matched.

2022-04-18 23:43:23 - [MESSAGE][PASSED] - Actual text and expected text of test object 'Object Repository/Form Verification/Sample Request Form/Page_Toddler Sample Request  Enfamil/a_Canadian Enfamil Family Beginnings program' are matched.

2022-04-18 23:43:23 - [TEST_STEP][PASSED] - verifyElementClickable(findTestObject("Object Repository/Form Verification/Sample Request Form/Page_Toddler Sample Request  Enfamil/a_Canadian Enfamil Family Beginnings program")): Object 'Object Repository/Form Verification/Sample Request Form/Page_Toddler Sample Request  Enfamil/a_Canadian Enfamil Family Beginnings program' is clickable

2022-04-18 23:43:23 - [MESSAGE][PASSED] - Object 'Object Repository/Form Verification/Sample Request Form/Page_Toddler Sample Request  Enfamil/a_Canadian Enfamil Family Beginnings program' is clickable

2022-04-18 23:43:23 - [TEST_STEP][PASSED] - verifyElementPresent(findTestObject("Object Repository/Form Verification/Sample Request Form/Page_Toddler Sample Request  Enfamil/a_Enfamil Family Beginnings_1"), 0): Object 'Object Repository/Form Verification/Sample Request Form/Page_Toddler Sample Request  Enfamil/a_Enfamil Family Beginnings_1' is present

2022-04-18 23:43:23 - [MESSAGE][WARNING] - Timeout '0' is invalid. Using default page load timeout: '5'

2022-04-18 23:43:24 - [MESSAGE][PASSED] - Object 'Object Repository/Form Verification/Sample Request Form/Page_Toddler Sample Request  Enfamil/a_Enfamil Family Beginnings_1' is present

2022-04-18 23:43:24 - [TEST_STEP][PASSED] - verifyElementText(findTestObject("Object Repository/Form Verification/Sample Request Form/Page_Toddler Sample Request  Enfamil/a_Enfamil Family Beginnings_1"), "Enfamil Family Beginnings"): Actual text and expected text of test object 'Object Repository/Form Verification/Sample Request Form/Page_Toddler Sample Request  Enfamil/a_Enfamil Family Beginnings_1' are matched.

2022-04-18 23:43:24 - [MESSAGE][PASSED] - Actual text and expected text of test object 'Object Repository/Form Verification/Sample Request Form/Page_Toddler Sample Request  Enfamil/a_Enfamil Family Beginnings_1' are matched.

2022-04-18 23:43:24 - [TEST_STEP][PASSED] - verifyElementClickable(findTestObject("Object Repository/Form Verification/Sample Request Form/Page_Toddler Sample Request  Enfamil/a_Enfamil Family Beginnings_1")): Object 'Object Repository/Form Verification/Sample Request Form/Page_Toddler Sample Request  Enfamil/a_Enfamil Family Beginnings_1' is clickable

2022-04-18 23:43:24 - [MESSAGE][PASSED] - Object 'Object Repository/Form Verification/Sample Request Form/Page_Toddler Sample Request  Enfamil/a_Enfamil Family Beginnings_1' is clickable

2022-04-18 23:43:24 - [TEST_STEP][PASSED] - verifyElementPresent(findTestObject("Object Repository/Form Verification/Sample Request Form/Page_Toddler Sample Request  Enfamil/p_Every motherhood journey is unique, so yo_f1a301"), 0): Object 'Object Repository/Form Verification/Sample Request Form/Page_Toddler Sample Request  Enfamil/p_Every motherhood journey is unique, so yo_f1a301' is present

2022-04-18 23:43:24 - [MESSAGE][WARNING] - Timeout '0' is invalid. Using default page load timeout: '5'

2022-04-18 23:43:25 - [MESSAGE][PASSED] - Object 'Object Repository/Form Verification/Sample Request Form/Page_Toddler Sample Request  Enfamil/p_Every motherhood journey is unique, so yo_f1a301' is present

2022-04-18 23:43:25 - [TEST_STEP][PASSED] - verifyElementText(findTestObject("Object Repository/Form Verification/Sample Request Form/Page_Toddler Sample Request  Enfamil/p_Every motherhood journey is unique, so yo_f1a301"), "â€ â€ Every motherhood journey is unique, so your Enfamil Family Beginnings experience is tailored to the information you provide and may vary from what another mom might experience. If you have questions about the program or would like more detail, our Family of Experts can help at 1-800-BABY123 between 7 a.m. to 7 p.m. CST M-F; 8 a.m. to 4:30 p.m. Sat."): Actual text and expected text of test object 'Object Repository/Form Verification/Sample Request Form/Page_Toddler Sample Request  Enfamil/p_Every motherhood journey is unique, so yo_f1a301' are matched.

2022-04-18 23:43:25 - [MESSAGE][PASSED] - Actual text and expected text of test object 'Object Repository/Form Verification/Sample Request Form/Page_Toddler Sample Request  Enfamil/p_Every motherhood journey is unique, so yo_f1a301' are matched.

2022-04-18 23:43:25 - [TEST_STEP][PASSED] - verifyElementPresent(findTestObject("Object Repository/Form Verification/Sample Request Form/Page_Toddler Sample Request  Enfamil/a_Enfamil Family Beginnings_1"), 0): Object 'Object Repository/Form Verification/Sample Request Form/Page_Toddler Sample Request  Enfamil/a_Enfamil Family Beginnings_1' is present

2022-04-18 23:43:25 - [MESSAGE][WARNING] - Timeout '0' is invalid. Using default page load timeout: '5'

2022-04-18 23:43:25 - [MESSAGE][PASSED] - Object 'Object Repository/Form Verification/Sample Request Form/Page_Toddler Sample Request  Enfamil/a_Enfamil Family Beginnings_1' is present

2022-04-18 23:43:25 - [TEST_STEP][PASSED] - verifyElementText(findTestObject("Object Repository/Form Verification/Sample Request Form/Page_Toddler Sample Request  Enfamil/a_Enfamil Family Beginnings_1"), "Enfamil Family Beginnings"): Actual text and expected text of test object 'Object Repository/Form Verification/Sample Request Form/Page_Toddler Sample Request  Enfamil/a_Enfamil Family Beginnings_1' are matched.

2022-04-18 23:43:26 - [MESSAGE][PASSED] - Actual text and expected text of test object 'Object Repository/Form Verification/Sample Request Form/Page_Toddler Sample Request  Enfamil/a_Enfamil Family Beginnings_1' are matched.

2022-04-18 23:43:26 - [TEST_STEP][PASSED] - verifyElementClickable(findTestObject("Object Repository/Form Verification/Sample Request Form/Page_Toddler Sample Request  Enfamil/a_Enfamil Family Beginnings_1")): Object 'Object Repository/Form Verification/Sample Request Form/Page_Toddler Sample Request  Enfamil/a_Enfamil Family Beginnings_1' is clickable

2022-04-18 23:43:26 - [MESSAGE][PASSED] - Object 'Object Repository/Form Verification/Sample Request Form/Page_Toddler Sample Request  Enfamil/a_Enfamil Family Beginnings_1' is clickable]]></system-out>
         <system-err><![CDATA[2022-04-18 23:42:45 - [TEST_CASE][FAILED] - Test Cases/Venkat/Forms Verification/Sample Request - Form Verification: Test Cases/Venkat/Forms Verification/Sample Request - Form Verification FAILED.
Reason:
com.kms.katalon.core.exception.StepFailedException: Actual text '1. Tell us your name and email.' and expected text '1. Tell us your name and email' of test object 'Object Repository/Form Verification/Sample Request Form/Page_Toddler Sample Request  Enfamil/p_1. Tell us your name and email' are NOT matched. (Root cause: com.kms.katalon.core.exception.StepFailedException: Actual text '1. Tell us your name and email.' and expected text '1. Tell us your name and email' of test object 'Object Repository/Form Verification/Sample Request Form/Page_Toddler Sample Request  Enfamil/p_1. Tell us your name and email' are NOT matched.
	at com.kms.katalon.core.webui.keyword.internal.WebUIKeywordMain.stepFailed(WebUIKeywordMain.groovy:64)
	at com.kms.katalon.core.webui.keyword.builtin.VerifyElementTextKeyword$_verifyElementText_closure1.doCall(VerifyElementTextKeyword.groovy:57)
	at com.kms.katalon.core.webui.keyword.builtin.VerifyElementTextKeyword$_verifyElementText_closure1.call(VerifyElementTextKeyword.groovy)
	at com.kms.katalon.core.webui.keyword.internal.WebUIKeywordMain.runKeyword(WebUIKeywordMain.groovy:20)
	at com.kms.katalon.core.webui.keyword.builtin.VerifyElementTextKeyword.verifyElementText(VerifyElementTextKeyword.groovy:72)
	at com.kms.katalon.core.webui.keyword.builtin.VerifyElementTextKeyword.execute(VerifyElementTextKeyword.groovy:40)
	at com.kms.katalon.core.keyword.internal.KeywordExecutor.executeKeywordForPlatform(KeywordExecutor.groovy:74)
	at com.kms.katalon.core.webui.keyword.WebUiBuiltInKeywords.verifyElementText(WebUiBuiltInKeywords.groovy:4749)
	at com.kms.katalon.core.webui.keyword.WebUiBuiltInKeywords$verifyElementText$5.call(Unknown Source)
	at Sample Request - Form Verification.run(Sample Request - Form Verification:57)
	at com.kms.katalon.core.main.ScriptEngine.run(ScriptEngine.java:194)
	at com.kms.katalon.core.main.ScriptEngine.runScriptAsRawText(ScriptEngine.java:119)
	at com.kms.katalon.core.main.TestCaseExecutor.runScript(TestCaseExecutor.java:445)
	at com.kms.katalon.core.main.TestCaseExecutor.doExecute(TestCaseExecutor.java:436)
	at com.kms.katalon.core.main.TestCaseExecutor.processExecutionPhase(TestCaseExecutor.java:415)
	at com.kms.katalon.core.main.TestCaseExecutor.accessMainPhase(TestCaseExecutor.java:407)
	at com.kms.katalon.core.main.TestCaseExecutor.execute(TestCaseExecutor.java:284)
	at com.kms.katalon.core.common.CommonExecutor.accessTestCaseMainPhase(CommonExecutor.java:65)
	at com.kms.katalon.core.main.TestSuiteExecutor.accessTestSuiteMainPhase(TestSuiteExecutor.java:144)
	at com.kms.katalon.core.main.TestSuiteExecutor.execute(TestSuiteExecutor.java:106)
	at com.kms.katalon.core.main.TestCaseMain.startTestSuite(TestCaseMain.java:185)
	at com.kms.katalon.core.main.TestCaseMain$startTestSuite$0.call(Unknown Source)
	at TempTestSuite1650304259606.run(TempTestSuite1650304259606.groovy:36)
)
	at com.kms.katalon.core.keyword.internal.KeywordMain.stepFailed(KeywordMain.groovy:39)
	at com.kms.katalon.core.webui.keyword.internal.WebUIKeywordMain.stepFailed(WebUIKeywordMain.groovy:64)
	at com.kms.katalon.core.webui.keyword.builtin.VerifyElementTextKeyword$_verifyElementText_closure1.doCall(VerifyElementTextKeyword.groovy:57)
	at com.kms.katalon.core.webui.keyword.builtin.VerifyElementTextKeyword$_verifyElementText_closure1.call(VerifyElementTextKeyword.groovy)
	at com.kms.katalon.core.webui.keyword.internal.WebUIKeywordMain.runKeyword(WebUIKeywordMain.groovy:20)
	at com.kms.katalon.core.webui.keyword.builtin.VerifyElementTextKeyword.verifyElementText(VerifyElementTextKeyword.groovy:72)
	at com.kms.katalon.core.webui.keyword.builtin.VerifyElementTextKeyword.execute(VerifyElementTextKeyword.groovy:40)
	at com.kms.katalon.core.keyword.internal.KeywordExecutor.executeKeywordForPlatform(KeywordExecutor.groovy:74)
	at com.kms.katalon.core.webui.keyword.WebUiBuiltInKeywords.verifyElementText(WebUiBuiltInKeywords.groovy:4749)
	at com.kms.katalon.core.webui.keyword.WebUiBuiltInKeywords$verifyElementText$5.call(Unknown Source)
	at Sample Request - Form Verification.run(Sample Request - Form Verification:57)
	at com.kms.katalon.core.main.ScriptEngine.run(ScriptEngine.java:194)
	at com.kms.katalon.core.main.ScriptEngine.runScriptAsRawText(ScriptEngine.java:119)
	at com.kms.katalon.core.main.TestCaseExecutor.runScript(TestCaseExecutor.java:445)
	at com.kms.katalon.core.main.TestCaseExecutor.doExecute(TestCaseExecutor.java:436)
	at com.kms.katalon.core.main.TestCaseExecutor.processExecutionPhase(TestCaseExecutor.java:415)
	at com.kms.katalon.core.main.TestCaseExecutor.accessMainPhase(TestCaseExecutor.java:407)
	at com.kms.katalon.core.main.TestCaseExecutor.execute(TestCaseExecutor.java:284)
	at com.kms.katalon.core.common.CommonExecutor.accessTestCaseMainPhase(CommonExecutor.java:65)
	at com.kms.katalon.core.main.TestSuiteExecutor.accessTestSuiteMainPhase(TestSuiteExecutor.java:144)
	at com.kms.katalon.core.main.TestSuiteExecutor.execute(TestSuiteExecutor.java:106)
	at com.kms.katalon.core.main.TestCaseMain.startTestSuite(TestCaseMain.java:185)
	at com.kms.katalon.core.main.TestCaseMain$startTestSuite$0.call(Unknown Source)
	at TempTestSuite1650304259606.run(TempTestSuite1650304259606.groovy:36)
Caused by: com.kms.katalon.core.exception.StepFailedException: Actual text '1. Tell us your name and email.' and expected text '1. Tell us your name and email' of test object 'Object Repository/Form Verification/Sample Request Form/Page_Toddler Sample Request  Enfamil/p_1. Tell us your name and email' are NOT matched.
	... 23 more]]></system-err>
      </testcase>
      <testcase name="Test Cases/Venkat/Footer Validation/Footer - All Elements Text Verification - UAT" time="33.591" classname="Test Cases/Venkat/Footer Validation/Footer - All Elements Text Verification - UAT" status="FAILED">
         <failure type="FAILED" message="Test Cases/Venkat/Footer Validation/Footer - All Elements Text Verification - UAT FAILED.
Reason:
com.kms.katalon.core.exception.StepFailedException: Actual text 'Join for upto $400 in free gifts' and expected text 'Join for up to $400 in free gifts.' of test object 'Object Repository/Footer/Page_Enfamil Newborn, Infant  Toddler Nutri_2e0999/span_Join for upto 400 in free gifts (1)' are NOT matched. (Root cause: com.kms.katalon.core.exception.StepFailedException: Actual text 'Join for upto $400 in free gifts' and expected text 'Join for up to $400 in free gifts.' of test object 'Object Repository/Footer/Page_Enfamil Newborn, Infant  Toddler Nutri_2e0999/span_Join for upto 400 in free gifts (1)' are NOT matched.
	at com.kms.katalon.core.webui.keyword.internal.WebUIKeywordMain.stepFailed(WebUIKeywordMain.groovy:64)
	at com.kms.katalon.core.webui.keyword.builtin.VerifyElementTextKeyword$_verifyElementText_closure1.doCall(VerifyElementTextKeyword.groovy:57)
	at com.kms.katalon.core.webui.keyword.builtin.VerifyElementTextKeyword$_verifyElementText_closure1.call(VerifyElementTextKeyword.groovy)
	at com.kms.katalon.core.webui.keyword.internal.WebUIKeywordMain.runKeyword(WebUIKeywordMain.groovy:20)
	at com.kms.katalon.core.webui.keyword.builtin.VerifyElementTextKeyword.verifyElementText(VerifyElementTextKeyword.groovy:72)
	at com.kms.katalon.core.webui.keyword.builtin.VerifyElementTextKeyword.execute(VerifyElementTextKeyword.groovy:40)
	at com.kms.katalon.core.keyword.internal.KeywordExecutor.executeKeywordForPlatform(KeywordExecutor.groovy:74)
	at com.kms.katalon.core.webui.keyword.WebUiBuiltInKeywords.verifyElementText(WebUiBuiltInKeywords.groovy:4749)
	at com.kms.katalon.core.webui.keyword.WebUiBuiltInKeywords$verifyElementText$5.call(Unknown Source)
	at Footer - All Elements Text Verification - UAT.run(Footer - All Elements Text Verification - UAT:38)
	at com.kms.katalon.core.main.ScriptEngine.run(ScriptEngine.java:194)
	at com.kms.katalon.core.main.ScriptEngine.runScriptAsRawText(ScriptEngine.java:119)
	at com.kms.katalon.core.main.TestCaseExecutor.runScript(TestCaseExecutor.java:445)
	at com.kms.katalon.core.main.TestCaseExecutor.doExecute(TestCaseExecutor.java:436)
	at com.kms.katalon.core.main.TestCaseExecutor.processExecutionPhase(TestCaseExecutor.java:415)
	at com.kms.katalon.core.main.TestCaseExecutor.accessMainPhase(TestCaseExecutor.java:407)
	at com.kms.katalon.core.main.TestCaseExecutor.execute(TestCaseExecutor.java:284)
	at com.kms.katalon.core.common.CommonExecutor.accessTestCaseMainPhase(CommonExecutor.java:65)
	at com.kms.katalon.core.main.TestSuiteExecutor.accessTestSuiteMainPhase(TestSuiteExecutor.java:144)
	at com.kms.katalon.core.main.TestSuiteExecutor.execute(TestSuiteExecutor.java:106)
	at com.kms.katalon.core.main.TestCaseMain.startTestSuite(TestCaseMain.java:185)
	at com.kms.katalon.core.main.TestCaseMain$startTestSuite$0.call(Unknown Source)
	at TempTestSuite1650304259606.run(TempTestSuite1650304259606.groovy:36)
)
	at com.kms.katalon.core.keyword.internal.KeywordMain.stepFailed(KeywordMain.groovy:39)
	at com.kms.katalon.core.webui.keyword.internal.WebUIKeywordMain.stepFailed(WebUIKeywordMain.groovy:64)
	at com.kms.katalon.core.webui.keyword.builtin.VerifyElementTextKeyword$_verifyElementText_closure1.doCall(VerifyElementTextKeyword.groovy:57)
	at com.kms.katalon.core.webui.keyword.builtin.VerifyElementTextKeyword$_verifyElementText_closure1.call(VerifyElementTextKeyword.groovy)
	at com.kms.katalon.core.webui.keyword.internal.WebUIKeywordMain.runKeyword(WebUIKeywordMain.groovy:20)
	at com.kms.katalon.core.webui.keyword.builtin.VerifyElementTextKeyword.verifyElementText(VerifyElementTextKeyword.groovy:72)
	at com.kms.katalon.core.webui.keyword.builtin.VerifyElementTextKeyword.execute(VerifyElementTextKeyword.groovy:40)
	at com.kms.katalon.core.keyword.internal.KeywordExecutor.executeKeywordForPlatform(KeywordExecutor.groovy:74)
	at com.kms.katalon.core.webui.keyword.WebUiBuiltInKeywords.verifyElementText(WebUiBuiltInKeywords.groovy:4749)
	at com.kms.katalon.core.webui.keyword.WebUiBuiltInKeywords$verifyElementText$5.call(Unknown Source)
	at Footer - All Elements Text Verification - UAT.run(Footer - All Elements Text Verification - UAT:38)
	at com.kms.katalon.core.main.ScriptEngine.run(ScriptEngine.java:194)
	at com.kms.katalon.core.main.ScriptEngine.runScriptAsRawText(ScriptEngine.java:119)
	at com.kms.katalon.core.main.TestCaseExecutor.runScript(TestCaseExecutor.java:445)
	at com.kms.katalon.core.main.TestCaseExecutor.doExecute(TestCaseExecutor.java:436)
	at com.kms.katalon.core.main.TestCaseExecutor.processExecutionPhase(TestCaseExecutor.java:415)
	at com.kms.katalon.core.main.TestCaseExecutor.accessMainPhase(TestCaseExecutor.java:407)
	at com.kms.katalon.core.main.TestCaseExecutor.execute(TestCaseExecutor.java:284)
	at com.kms.katalon.core.common.CommonExecutor.accessTestCaseMainPhase(CommonExecutor.java:65)
	at com.kms.katalon.core.main.TestSuiteExecutor.accessTestSuiteMainPhase(TestSuiteExecutor.java:144)
	at com.kms.katalon.core.main.TestSuiteExecutor.execute(TestSuiteExecutor.java:106)
	at com.kms.katalon.core.main.TestCaseMain.startTestSuite(TestCaseMain.java:185)
	at com.kms.katalon.core.main.TestCaseMain$startTestSuite$0.call(Unknown Source)
	at TempTestSuite1650304259606.run(TempTestSuite1650304259606.groovy:36)
Caused by: com.kms.katalon.core.exception.StepFailedException: Actual text 'Join for upto $400 in free gifts' and expected text 'Join for up to $400 in free gifts.' of test object 'Object Repository/Footer/Page_Enfamil Newborn, Infant  Toddler Nutri_2e0999/span_Join for upto 400 in free gifts (1)' are NOT matched.
	... 23 more
"/>
         <system-out><![CDATA[2022-04-18 23:43:26 - [TEST_CASE][FAILED] - Test Cases/Venkat/Footer Validation/Footer - All Elements Text Verification - UAT: Test Cases/Venkat/Footer Validation/Footer - All Elements Text Verification - UAT FAILED.
Reason:
com.kms.katalon.core.exception.StepFailedException: Actual text 'Join for upto $400 in free gifts' and expected text 'Join for up to $400 in free gifts.' of test object 'Object Repository/Footer/Page_Enfamil Newborn, Infant  Toddler Nutri_2e0999/span_Join for upto 400 in free gifts (1)' are NOT matched. (Root cause: com.kms.katalon.core.exception.StepFailedException: Actual text 'Join for upto $400 in free gifts' and expected text 'Join for up to $400 in free gifts.' of test object 'Object Repository/Footer/Page_Enfamil Newborn, Infant  Toddler Nutri_2e0999/span_Join for upto 400 in free gifts (1)' are NOT matched.
	at com.kms.katalon.core.webui.keyword.internal.WebUIKeywordMain.stepFailed(WebUIKeywordMain.groovy:64)
	at com.kms.katalon.core.webui.keyword.builtin.VerifyElementTextKeyword$_verifyElementText_closure1.doCall(VerifyElementTextKeyword.groovy:57)
	at com.kms.katalon.core.webui.keyword.builtin.VerifyElementTextKeyword$_verifyElementText_closure1.call(VerifyElementTextKeyword.groovy)
	at com.kms.katalon.core.webui.keyword.internal.WebUIKeywordMain.runKeyword(WebUIKeywordMain.groovy:20)
	at com.kms.katalon.core.webui.keyword.builtin.VerifyElementTextKeyword.verifyElementText(VerifyElementTextKeyword.groovy:72)
	at com.kms.katalon.core.webui.keyword.builtin.VerifyElementTextKeyword.execute(VerifyElementTextKeyword.groovy:40)
	at com.kms.katalon.core.keyword.internal.KeywordExecutor.executeKeywordForPlatform(KeywordExecutor.groovy:74)
	at com.kms.katalon.core.webui.keyword.WebUiBuiltInKeywords.verifyElementText(WebUiBuiltInKeywords.groovy:4749)
	at com.kms.katalon.core.webui.keyword.WebUiBuiltInKeywords$verifyElementText$5.call(Unknown Source)
	at Footer - All Elements Text Verification - UAT.run(Footer - All Elements Text Verification - UAT:38)
	at com.kms.katalon.core.main.ScriptEngine.run(ScriptEngine.java:194)
	at com.kms.katalon.core.main.ScriptEngine.runScriptAsRawText(ScriptEngine.java:119)
	at com.kms.katalon.core.main.TestCaseExecutor.runScript(TestCaseExecutor.java:445)
	at com.kms.katalon.core.main.TestCaseExecutor.doExecute(TestCaseExecutor.java:436)
	at com.kms.katalon.core.main.TestCaseExecutor.processExecutionPhase(TestCaseExecutor.java:415)
	at com.kms.katalon.core.main.TestCaseExecutor.accessMainPhase(TestCaseExecutor.java:407)
	at com.kms.katalon.core.main.TestCaseExecutor.execute(TestCaseExecutor.java:284)
	at com.kms.katalon.core.common.CommonExecutor.accessTestCaseMainPhase(CommonExecutor.java:65)
	at com.kms.katalon.core.main.TestSuiteExecutor.accessTestSuiteMainPhase(TestSuiteExecutor.java:144)
	at com.kms.katalon.core.main.TestSuiteExecutor.execute(TestSuiteExecutor.java:106)
	at com.kms.katalon.core.main.TestCaseMain.startTestSuite(TestCaseMain.java:185)
	at com.kms.katalon.core.main.TestCaseMain$startTestSuite$0.call(Unknown Source)
	at TempTestSuite1650304259606.run(TempTestSuite1650304259606.groovy:36)
)
	at com.kms.katalon.core.keyword.internal.KeywordMain.stepFailed(KeywordMain.groovy:39)
	at com.kms.katalon.core.webui.keyword.internal.WebUIKeywordMain.stepFailed(WebUIKeywordMain.groovy:64)
	at com.kms.katalon.core.webui.keyword.builtin.VerifyElementTextKeyword$_verifyElementText_closure1.doCall(VerifyElementTextKeyword.groovy:57)
	at com.kms.katalon.core.webui.keyword.builtin.VerifyElementTextKeyword$_verifyElementText_closure1.call(VerifyElementTextKeyword.groovy)
	at com.kms.katalon.core.webui.keyword.internal.WebUIKeywordMain.runKeyword(WebUIKeywordMain.groovy:20)
	at com.kms.katalon.core.webui.keyword.builtin.VerifyElementTextKeyword.verifyElementText(VerifyElementTextKeyword.groovy:72)
	at com.kms.katalon.core.webui.keyword.builtin.VerifyElementTextKeyword.execute(VerifyElementTextKeyword.groovy:40)
	at com.kms.katalon.core.keyword.internal.KeywordExecutor.executeKeywordForPlatform(KeywordExecutor.groovy:74)
	at com.kms.katalon.core.webui.keyword.WebUiBuiltInKeywords.verifyElementText(WebUiBuiltInKeywords.groovy:4749)
	at com.kms.katalon.core.webui.keyword.WebUiBuiltInKeywords$verifyElementText$5.call(Unknown Source)
	at Footer - All Elements Text Verification - UAT.run(Footer - All Elements Text Verification - UAT:38)
	at com.kms.katalon.core.main.ScriptEngine.run(ScriptEngine.java:194)
	at com.kms.katalon.core.main.ScriptEngine.runScriptAsRawText(ScriptEngine.java:119)
	at com.kms.katalon.core.main.TestCaseExecutor.runScript(TestCaseExecutor.java:445)
	at com.kms.katalon.core.main.TestCaseExecutor.doExecute(TestCaseExecutor.java:436)
	at com.kms.katalon.core.main.TestCaseExecutor.processExecutionPhase(TestCaseExecutor.java:415)
	at com.kms.katalon.core.main.TestCaseExecutor.accessMainPhase(TestCaseExecutor.java:407)
	at com.kms.katalon.core.main.TestCaseExecutor.execute(TestCaseExecutor.java:284)
	at com.kms.katalon.core.common.CommonExecutor.accessTestCaseMainPhase(CommonExecutor.java:65)
	at com.kms.katalon.core.main.TestSuiteExecutor.accessTestSuiteMainPhase(TestSuiteExecutor.java:144)
	at com.kms.katalon.core.main.TestSuiteExecutor.execute(TestSuiteExecutor.java:106)
	at com.kms.katalon.core.main.TestCaseMain.startTestSuite(TestCaseMain.java:185)
	at com.kms.katalon.core.main.TestCaseMain$startTestSuite$0.call(Unknown Source)
	at TempTestSuite1650304259606.run(TempTestSuite1650304259606.groovy:36)
Caused by: com.kms.katalon.core.exception.StepFailedException: Actual text 'Join for upto $400 in free gifts' and expected text 'Join for up to $400 in free gifts.' of test object 'Object Repository/Footer/Page_Enfamil Newborn, Infant  Toddler Nutri_2e0999/span_Join for upto 400 in free gifts (1)' are NOT matched.
	... 23 more


2022-04-18 23:43:27 - [TEST_STEP][PASSED] - openBrowser(""): Browser is opened with url: ''

2022-04-18 23:43:27 - [MESSAGE][WARNING] - A browser is already opened. Closing browser and opening a new one

2022-04-18 23:43:28 - [MESSAGE][INFO] - Starting 'Chrome' driver

2022-04-18 23:43:28 - [MESSAGE][INFO] - Action delay is set to 0 milliseconds

2022-04-18 23:43:29 - [MESSAGE][PASSED] - Browser is opened with url: ''

2022-04-18 23:43:29 - [TEST_STEP][PASSED] - navigateToUrl(HomePage): Navigate to 'https://enfamil-us.cdn.test.us-east-1.starterkit.rbcloud.io/' successfully

2022-04-18 23:43:32 - [MESSAGE][PASSED] - Navigate to 'https://enfamil-us.cdn.test.us-east-1.starterkit.rbcloud.io/' successfully

2022-04-18 23:43:32 - [TEST_STEP][PASSED] - maximizeWindow(): Current window maximized

2022-04-18 23:43:32 - [MESSAGE][PASSED] - Current window maximized

2022-04-18 23:43:32 - [TEST_STEP][PASSED] - delay(10): Delayed 10 second(s)

2022-04-18 23:43:42 - [MESSAGE][PASSED] - Delayed 10 second(s)

2022-04-18 23:43:42 - [TEST_STEP][PASSED] - click(findTestObject("Object Repository/Footer/Page_Enfamil Newborn, Infant  Toddler Nutri_2e0999/button_GOT IT_onetrust-close-btn-handler on_95ce22 (1)")): Object: 'Object Repository/Footer/Page_Enfamil Newborn, Infant  Toddler Nutri_2e0999/button_GOT IT_onetrust-close-btn-handler on_95ce22 (1)' is clicked on

2022-04-18 23:43:43 - [MESSAGE][PASSED] - Object: 'Object Repository/Footer/Page_Enfamil Newborn, Infant  Toddler Nutri_2e0999/button_GOT IT_onetrust-close-btn-handler on_95ce22 (1)' is clicked on

2022-04-18 23:43:43 - [TEST_STEP][PASSED] - scrollToElement(findTestObject("Object Repository/Footer/Page_Enfamil Newborn, Infant  Toddler Nutri_2e0999/div_Enfamil Family BeginningsJoin for upto _3d5e60"), 0): Scroll to object 'Object Repository/Footer/Page_Enfamil Newborn, Infant  Toddler Nutri_2e0999/div_Enfamil Family BeginningsJoin for upto _3d5e60' successfully

2022-04-18 23:43:43 - [MESSAGE][WARNING] - Timeout '0' is invalid. Using default page load timeout: '5'

2022-04-18 23:43:45 - [MESSAGE][PASSED] - Scroll to object 'Object Repository/Footer/Page_Enfamil Newborn, Infant  Toddler Nutri_2e0999/div_Enfamil Family BeginningsJoin for upto _3d5e60' successfully

2022-04-18 23:43:45 - [TEST_STEP][PASSED] - verifyElementText(findTestObject("Object Repository/Footer/Page_Enfamil Newborn, Infant  Toddler Nutri_2e0999/p_Enfamil Family Beginnings (1)"), "ENFAMIL FAMILY BEGINNINGS"): Actual text and expected text of test object 'Object Repository/Footer/Page_Enfamil Newborn, Infant  Toddler Nutri_2e0999/p_Enfamil Family Beginnings (1)' are matched.

2022-04-18 23:43:46 - [MESSAGE][PASSED] - Actual text and expected text of test object 'Object Repository/Footer/Page_Enfamil Newborn, Infant  Toddler Nutri_2e0999/p_Enfamil Family Beginnings (1)' are matched.

2022-04-18 23:43:46 - [TEST_STEP][FAILED] - verifyElementText(findTestObject("Object Repository/Footer/Page_Enfamil Newborn, Infant  Toddler Nutri_2e0999/span_Join for upto 400 in free gifts (1)"), "Join for up to $400 in free gifts."): Actual text 'Join for upto $400 in free gifts' and expected text 'Join for up to $400 in free gifts.' of test object 'Object Repository/Footer/Page_Enfamil Newborn, Infant  Toddler Nutri_2e0999/span_Join for upto 400 in free gifts (1)' are NOT matched. (Root cause: com.kms.katalon.core.exception.StepFailedException: Actual text 'Join for upto $400 in free gifts' and expected text 'Join for up to $400 in free gifts.' of test object 'Object Repository/Footer/Page_Enfamil Newborn, Infant  Toddler Nutri_2e0999/span_Join for upto 400 in free gifts (1)' are NOT matched.
	at com.kms.katalon.core.webui.keyword.internal.WebUIKeywordMain.stepFailed(WebUIKeywordMain.groovy:64)
	at com.kms.katalon.core.webui.keyword.builtin.VerifyElementTextKeyword$_verifyElementText_closure1.doCall(VerifyElementTextKeyword.groovy:57)
	at com.kms.katalon.core.webui.keyword.builtin.VerifyElementTextKeyword$_verifyElementText_closure1.call(VerifyElementTextKeyword.groovy)
	at com.kms.katalon.core.webui.keyword.internal.WebUIKeywordMain.runKeyword(WebUIKeywordMain.groovy:20)
	at com.kms.katalon.core.webui.keyword.builtin.VerifyElementTextKeyword.verifyElementText(VerifyElementTextKeyword.groovy:72)
	at com.kms.katalon.core.webui.keyword.builtin.VerifyElementTextKeyword.execute(VerifyElementTextKeyword.groovy:40)
	at com.kms.katalon.core.keyword.internal.KeywordExecutor.executeKeywordForPlatform(KeywordExecutor.groovy:74)
	at com.kms.katalon.core.webui.keyword.WebUiBuiltInKeywords.verifyElementText(WebUiBuiltInKeywords.groovy:4749)
	at com.kms.katalon.core.webui.keyword.WebUiBuiltInKeywords$verifyElementText$5.call(Unknown Source)
	at Footer - All Elements Text Verification - UAT.run(Footer - All Elements Text Verification - UAT:38)
	at com.kms.katalon.core.main.ScriptEngine.run(ScriptEngine.java:194)
	at com.kms.katalon.core.main.ScriptEngine.runScriptAsRawText(ScriptEngine.java:119)
	at com.kms.katalon.core.main.TestCaseExecutor.runScript(TestCaseExecutor.java:445)
	at com.kms.katalon.core.main.TestCaseExecutor.doExecute(TestCaseExecutor.java:436)
	at com.kms.katalon.core.main.TestCaseExecutor.processExecutionPhase(TestCaseExecutor.java:415)
	at com.kms.katalon.core.main.TestCaseExecutor.accessMainPhase(TestCaseExecutor.java:407)
	at com.kms.katalon.core.main.TestCaseExecutor.execute(TestCaseExecutor.java:284)
	at com.kms.katalon.core.common.CommonExecutor.accessTestCaseMainPhase(CommonExecutor.java:65)
	at com.kms.katalon.core.main.TestSuiteExecutor.accessTestSuiteMainPhase(TestSuiteExecutor.java:144)
	at com.kms.katalon.core.main.TestSuiteExecutor.execute(TestSuiteExecutor.java:106)
	at com.kms.katalon.core.main.TestCaseMain.startTestSuite(TestCaseMain.java:185)
	at com.kms.katalon.core.main.TestCaseMain$startTestSuite$0.call(Unknown Source)
	at TempTestSuite1650304259606.run(TempTestSuite1650304259606.groovy:36)
)

2022-04-18 23:43:48 - [MESSAGE][FAILED] - Actual text 'Join for upto $400 in free gifts' and expected text 'Join for up to $400 in free gifts.' of test object 'Object Repository/Footer/Page_Enfamil Newborn, Infant  Toddler Nutri_2e0999/span_Join for upto 400 in free gifts (1)' are NOT matched. (Root cause: com.kms.katalon.core.exception.StepFailedException: Actual text 'Join for upto $400 in free gifts' and expected text 'Join for up to $400 in free gifts.' of test object 'Object Repository/Footer/Page_Enfamil Newborn, Infant  Toddler Nutri_2e0999/span_Join for upto 400 in free gifts (1)' are NOT matched.
	at com.kms.katalon.core.webui.keyword.internal.WebUIKeywordMain.stepFailed(WebUIKeywordMain.groovy:64)
	at com.kms.katalon.core.webui.keyword.builtin.VerifyElementTextKeyword$_verifyElementText_closure1.doCall(VerifyElementTextKeyword.groovy:57)
	at com.kms.katalon.core.webui.keyword.builtin.VerifyElementTextKeyword$_verifyElementText_closure1.call(VerifyElementTextKeyword.groovy)
	at com.kms.katalon.core.webui.keyword.internal.WebUIKeywordMain.runKeyword(WebUIKeywordMain.groovy:20)
	at com.kms.katalon.core.webui.keyword.builtin.VerifyElementTextKeyword.verifyElementText(VerifyElementTextKeyword.groovy:72)
	at com.kms.katalon.core.webui.keyword.builtin.VerifyElementTextKeyword.execute(VerifyElementTextKeyword.groovy:40)
	at com.kms.katalon.core.keyword.internal.KeywordExecutor.executeKeywordForPlatform(KeywordExecutor.groovy:74)
	at com.kms.katalon.core.webui.keyword.WebUiBuiltInKeywords.verifyElementText(WebUiBuiltInKeywords.groovy:4749)
	at com.kms.katalon.core.webui.keyword.WebUiBuiltInKeywords$verifyElementText$5.call(Unknown Source)
	at Footer - All Elements Text Verification - UAT.run(Footer - All Elements Text Verification - UAT:38)
	at com.kms.katalon.core.main.ScriptEngine.run(ScriptEngine.java:194)
	at com.kms.katalon.core.main.ScriptEngine.runScriptAsRawText(ScriptEngine.java:119)
	at com.kms.katalon.core.main.TestCaseExecutor.runScript(TestCaseExecutor.java:445)
	at com.kms.katalon.core.main.TestCaseExecutor.doExecute(TestCaseExecutor.java:436)
	at com.kms.katalon.core.main.TestCaseExecutor.processExecutionPhase(TestCaseExecutor.java:415)
	at com.kms.katalon.core.main.TestCaseExecutor.accessMainPhase(TestCaseExecutor.java:407)
	at com.kms.katalon.core.main.TestCaseExecutor.execute(TestCaseExecutor.java:284)
	at com.kms.katalon.core.common.CommonExecutor.accessTestCaseMainPhase(CommonExecutor.java:65)
	at com.kms.katalon.core.main.TestSuiteExecutor.accessTestSuiteMainPhase(TestSuiteExecutor.java:144)
	at com.kms.katalon.core.main.TestSuiteExecutor.execute(TestSuiteExecutor.java:106)
	at com.kms.katalon.core.main.TestCaseMain.startTestSuite(TestCaseMain.java:185)
	at com.kms.katalon.core.main.TestCaseMain$startTestSuite$0.call(Unknown Source)
	at TempTestSuite1650304259606.run(TempTestSuite1650304259606.groovy:36)
)
[[ATTACHMENT|D:\\SmoketestSuite\\enfamilUS\\Reports\\20220418_232059\\SmokeTestCollection - Venkat\\SmokeTestSuite-Collection - UAT\\20220418_232059\\1650305628279.png]]

2022-04-18 23:43:48 - [TEST_STEP][PASSED] - verifyElementText(findTestObject("Object Repository/Footer/Page_Enfamil Newborn, Infant  Toddler Nutri_2e0999/div_Download our app (1)"), "DOWNLOAD OUR APP"): Actual text and expected text of test object 'Object Repository/Footer/Page_Enfamil Newborn, Infant  Toddler Nutri_2e0999/div_Download our app (1)' are matched.

2022-04-18 23:43:48 - [MESSAGE][PASSED] - Actual text and expected text of test object 'Object Repository/Footer/Page_Enfamil Newborn, Infant  Toddler Nutri_2e0999/div_Download our app (1)' are matched.

2022-04-18 23:43:48 - [TEST_STEP][PASSED] - verifyElementText(findTestObject("Object Repository/Footer/Page_Enfamil Newborn, Infant  Toddler Nutri_2e0999/p_For savings and personalized tips (1)"), "For savings and personalized tips"): Actual text and expected text of test object 'Object Repository/Footer/Page_Enfamil Newborn, Infant  Toddler Nutri_2e0999/p_For savings and personalized tips (1)' are matched.

2022-04-18 23:43:49 - [MESSAGE][PASSED] - Actual text and expected text of test object 'Object Repository/Footer/Page_Enfamil Newborn, Infant  Toddler Nutri_2e0999/p_For savings and personalized tips (1)' are matched.

2022-04-18 23:43:49 - [TEST_STEP][PASSED] - verifyElementText(findTestObject("Object Repository/Footer/Page_Enfamil Newborn, Infant  Toddler Nutri_2e0999/span_Monday - Friday 8 a.m. to 8 p.m. ESTEDT (1)"), "Monday - Friday: 8 a.m. to 8 p.m. EST/EDT"): Actual text and expected text of test object 'Object Repository/Footer/Page_Enfamil Newborn, Infant  Toddler Nutri_2e0999/span_Monday - Friday 8 a.m. to 8 p.m. ESTEDT (1)' are matched.

2022-04-18 23:43:49 - [MESSAGE][PASSED] - Actual text and expected text of test object 'Object Repository/Footer/Page_Enfamil Newborn, Infant  Toddler Nutri_2e0999/span_Monday - Friday 8 a.m. to 8 p.m. ESTEDT (1)' are matched.

2022-04-18 23:43:49 - [TEST_STEP][PASSED] - verifyElementText(findTestObject("Object Repository/Footer/Page_Enfamil Newborn, Infant  Toddler Nutri_2e0999/span_Saturday 9 a.m. to 530 p.m. ESTEDT (1)"), "Saturday: 9 a.m. to 5:30 p.m. EST/EDT"): Actual text and expected text of test object 'Object Repository/Footer/Page_Enfamil Newborn, Infant  Toddler Nutri_2e0999/span_Saturday 9 a.m. to 530 p.m. ESTEDT (1)' are matched.

2022-04-18 23:43:50 - [MESSAGE][PASSED] - Actual text and expected text of test object 'Object Repository/Footer/Page_Enfamil Newborn, Infant  Toddler Nutri_2e0999/span_Saturday 9 a.m. to 530 p.m. ESTEDT (1)' are matched.

2022-04-18 23:43:50 - [TEST_STEP][PASSED] - verifyElementText(findTestObject("Object Repository/Footer/Page_Enfamil Newborn, Infant  Toddler Nutri_2e0999/a_Email us (1)"), "Email us"): Actual text and expected text of test object 'Object Repository/Footer/Page_Enfamil Newborn, Infant  Toddler Nutri_2e0999/a_Email us (1)' are matched.

2022-04-18 23:43:50 - [MESSAGE][PASSED] - Actual text and expected text of test object 'Object Repository/Footer/Page_Enfamil Newborn, Infant  Toddler Nutri_2e0999/a_Email us (1)' are matched.

2022-04-18 23:43:50 - [TEST_STEP][FAILED] - verifyElementText(findTestObject("Object Repository/Footer/Page_Enfamil Newborn, Infant  Toddler Nutri_2e0999/p_Concact us with any questions or comments (1)"), "Contact us with any questions or comments"): Actual text 'Concact us with any questions or comments' and expected text 'Contact us with any questions or comments' of test object 'Object Repository/Footer/Page_Enfamil Newborn, Infant  Toddler Nutri_2e0999/p_Concact us with any questions or comments (1)' are NOT matched. (Root cause: com.kms.katalon.core.exception.StepFailedException: Actual text 'Concact us with any questions or comments' and expected text 'Contact us with any questions or comments' of test object 'Object Repository/Footer/Page_Enfamil Newborn, Infant  Toddler Nutri_2e0999/p_Concact us with any questions or comments (1)' are NOT matched.
	at com.kms.katalon.core.webui.keyword.internal.WebUIKeywordMain.stepFailed(WebUIKeywordMain.groovy:64)
	at com.kms.katalon.core.webui.keyword.builtin.VerifyElementTextKeyword$_verifyElementText_closure1.doCall(VerifyElementTextKeyword.groovy:57)
	at com.kms.katalon.core.webui.keyword.builtin.VerifyElementTextKeyword$_verifyElementText_closure1.call(VerifyElementTextKeyword.groovy)
	at com.kms.katalon.core.webui.keyword.internal.WebUIKeywordMain.runKeyword(WebUIKeywordMain.groovy:20)
	at com.kms.katalon.core.webui.keyword.builtin.VerifyElementTextKeyword.verifyElementText(VerifyElementTextKeyword.groovy:72)
	at com.kms.katalon.core.webui.keyword.builtin.VerifyElementTextKeyword.execute(VerifyElementTextKeyword.groovy:40)
	at com.kms.katalon.core.keyword.internal.KeywordExecutor.executeKeywordForPlatform(KeywordExecutor.groovy:74)
	at com.kms.katalon.core.webui.keyword.WebUiBuiltInKeywords.verifyElementText(WebUiBuiltInKeywords.groovy:4749)
	at com.kms.katalon.core.webui.keyword.WebUiBuiltInKeywords$verifyElementText$5.call(Unknown Source)
	at Footer - All Elements Text Verification - UAT.run(Footer - All Elements Text Verification - UAT:56)
	at com.kms.katalon.core.main.ScriptEngine.run(ScriptEngine.java:194)
	at com.kms.katalon.core.main.ScriptEngine.runScriptAsRawText(ScriptEngine.java:119)
	at com.kms.katalon.core.main.TestCaseExecutor.runScript(TestCaseExecutor.java:445)
	at com.kms.katalon.core.main.TestCaseExecutor.doExecute(TestCaseExecutor.java:436)
	at com.kms.katalon.core.main.TestCaseExecutor.processExecutionPhase(TestCaseExecutor.java:415)
	at com.kms.katalon.core.main.TestCaseExecutor.accessMainPhase(TestCaseExecutor.java:407)
	at com.kms.katalon.core.main.TestCaseExecutor.execute(TestCaseExecutor.java:284)
	at com.kms.katalon.core.common.CommonExecutor.accessTestCaseMainPhase(CommonExecutor.java:65)
	at com.kms.katalon.core.main.TestSuiteExecutor.accessTestSuiteMainPhase(TestSuiteExecutor.java:144)
	at com.kms.katalon.core.main.TestSuiteExecutor.execute(TestSuiteExecutor.java:106)
	at com.kms.katalon.core.main.TestCaseMain.startTestSuite(TestCaseMain.java:185)
	at com.kms.katalon.core.main.TestCaseMain$startTestSuite$0.call(Unknown Source)
	at TempTestSuite1650304259606.run(TempTestSuite1650304259606.groovy:36)
)

2022-04-18 23:43:50 - [MESSAGE][FAILED] - Actual text 'Concact us with any questions or comments' and expected text 'Contact us with any questions or comments' of test object 'Object Repository/Footer/Page_Enfamil Newborn, Infant  Toddler Nutri_2e0999/p_Concact us with any questions or comments (1)' are NOT matched. (Root cause: com.kms.katalon.core.exception.StepFailedException: Actual text 'Concact us with any questions or comments' and expected text 'Contact us with any questions or comments' of test object 'Object Repository/Footer/Page_Enfamil Newborn, Infant  Toddler Nutri_2e0999/p_Concact us with any questions or comments (1)' are NOT matched.
	at com.kms.katalon.core.webui.keyword.internal.WebUIKeywordMain.stepFailed(WebUIKeywordMain.groovy:64)
	at com.kms.katalon.core.webui.keyword.builtin.VerifyElementTextKeyword$_verifyElementText_closure1.doCall(VerifyElementTextKeyword.groovy:57)
	at com.kms.katalon.core.webui.keyword.builtin.VerifyElementTextKeyword$_verifyElementText_closure1.call(VerifyElementTextKeyword.groovy)
	at com.kms.katalon.core.webui.keyword.internal.WebUIKeywordMain.runKeyword(WebUIKeywordMain.groovy:20)
	at com.kms.katalon.core.webui.keyword.builtin.VerifyElementTextKeyword.verifyElementText(VerifyElementTextKeyword.groovy:72)
	at com.kms.katalon.core.webui.keyword.builtin.VerifyElementTextKeyword.execute(VerifyElementTextKeyword.groovy:40)
	at com.kms.katalon.core.keyword.internal.KeywordExecutor.executeKeywordForPlatform(KeywordExecutor.groovy:74)
	at com.kms.katalon.core.webui.keyword.WebUiBuiltInKeywords.verifyElementText(WebUiBuiltInKeywords.groovy:4749)
	at com.kms.katalon.core.webui.keyword.WebUiBuiltInKeywords$verifyElementText$5.call(Unknown Source)
	at Footer - All Elements Text Verification - UAT.run(Footer - All Elements Text Verification - UAT:56)
	at com.kms.katalon.core.main.ScriptEngine.run(ScriptEngine.java:194)
	at com.kms.katalon.core.main.ScriptEngine.runScriptAsRawText(ScriptEngine.java:119)
	at com.kms.katalon.core.main.TestCaseExecutor.runScript(TestCaseExecutor.java:445)
	at com.kms.katalon.core.main.TestCaseExecutor.doExecute(TestCaseExecutor.java:436)
	at com.kms.katalon.core.main.TestCaseExecutor.processExecutionPhase(TestCaseExecutor.java:415)
	at com.kms.katalon.core.main.TestCaseExecutor.accessMainPhase(TestCaseExecutor.java:407)
	at com.kms.katalon.core.main.TestCaseExecutor.execute(TestCaseExecutor.java:284)
	at com.kms.katalon.core.common.CommonExecutor.accessTestCaseMainPhase(CommonExecutor.java:65)
	at com.kms.katalon.core.main.TestSuiteExecutor.accessTestSuiteMainPhase(TestSuiteExecutor.java:144)
	at com.kms.katalon.core.main.TestSuiteExecutor.execute(TestSuiteExecutor.java:106)
	at com.kms.katalon.core.main.TestCaseMain.startTestSuite(TestCaseMain.java:185)
	at com.kms.katalon.core.main.TestCaseMain$startTestSuite$0.call(Unknown Source)
	at TempTestSuite1650304259606.run(TempTestSuite1650304259606.groovy:36)
)
[[ATTACHMENT|D:\\SmoketestSuite\\enfamilUS\\Reports\\20220418_232059\\SmokeTestCollection - Venkat\\SmokeTestSuite-Collection - UAT\\20220418_232059\\1650305630770.png]]

2022-04-18 23:43:50 - [TEST_STEP][PASSED] - verifyElementText(findTestObject("Object Repository/Footer/Page_Enfamil Newborn, Infant  Toddler Nutri_2e0999/span_Follow us (1)"), "FOLLOW US"): Actual text and expected text of test object 'Object Repository/Footer/Page_Enfamil Newborn, Infant  Toddler Nutri_2e0999/span_Follow us (1)' are matched.

2022-04-18 23:43:51 - [MESSAGE][PASSED] - Actual text and expected text of test object 'Object Repository/Footer/Page_Enfamil Newborn, Infant  Toddler Nutri_2e0999/span_Follow us (1)' are matched.

2022-04-18 23:43:51 - [TEST_STEP][PASSED] - verifyElementText(findTestObject("Object Repository/Footer/Page_Enfamil Newborn, Infant  Toddler Nutri_2e0999/button_Why (1)"), "Why?"): Actual text and expected text of test object 'Object Repository/Footer/Page_Enfamil Newborn, Infant  Toddler Nutri_2e0999/button_Why (1)' are matched.

2022-04-18 23:43:51 - [MESSAGE][PASSED] - Actual text and expected text of test object 'Object Repository/Footer/Page_Enfamil Newborn, Infant  Toddler Nutri_2e0999/button_Why (1)' are matched.

2022-04-18 23:43:51 - [TEST_STEP][PASSED] - verifyElementText(findTestObject("Object Repository/Footer/Page_Enfamil Newborn, Infant  Toddler Nutri_2e0999/a_Browse FAQs (1)"), "Browse FAQs"): Actual text and expected text of test object 'Object Repository/Footer/Page_Enfamil Newborn, Infant  Toddler Nutri_2e0999/a_Browse FAQs (1)' are matched.

2022-04-18 23:43:52 - [MESSAGE][PASSED] - Actual text and expected text of test object 'Object Repository/Footer/Page_Enfamil Newborn, Infant  Toddler Nutri_2e0999/a_Browse FAQs (1)' are matched.

2022-04-18 23:43:52 - [TEST_STEP][FAILED] - verifyElementText(findTestObject("Object Repository/Footer/Page_Enfamil Newborn, Infant  Toddler Nutri_2e0999/p_Find helpful advice and answers to parent_0992bb (1)"), "Find helpful advice and answers to parents' most common questions"): Actual text 'Find helpful advice and answers to parent's most common questions' and expected text 'Find helpful advice and answers to parents' most common questions' of test object 'Object Repository/Footer/Page_Enfamil Newborn, Infant  Toddler Nutri_2e0999/p_Find helpful advice and answers to parent_0992bb (1)' are NOT matched. (Root cause: com.kms.katalon.core.exception.StepFailedException: Actual text 'Find helpful advice and answers to parent's most common questions' and expected text 'Find helpful advice and answers to parents' most common questions' of test object 'Object Repository/Footer/Page_Enfamil Newborn, Infant  Toddler Nutri_2e0999/p_Find helpful advice and answers to parent_0992bb (1)' are NOT matched.
	at com.kms.katalon.core.webui.keyword.internal.WebUIKeywordMain.stepFailed(WebUIKeywordMain.groovy:64)
	at com.kms.katalon.core.webui.keyword.builtin.VerifyElementTextKeyword$_verifyElementText_closure1.doCall(VerifyElementTextKeyword.groovy:57)
	at com.kms.katalon.core.webui.keyword.builtin.VerifyElementTextKeyword$_verifyElementText_closure1.call(VerifyElementTextKeyword.groovy)
	at com.kms.katalon.core.webui.keyword.internal.WebUIKeywordMain.runKeyword(WebUIKeywordMain.groovy:20)
	at com.kms.katalon.core.webui.keyword.builtin.VerifyElementTextKeyword.verifyElementText(VerifyElementTextKeyword.groovy:72)
	at com.kms.katalon.core.webui.keyword.builtin.VerifyElementTextKeyword.execute(VerifyElementTextKeyword.groovy:40)
	at com.kms.katalon.core.keyword.internal.KeywordExecutor.executeKeywordForPlatform(KeywordExecutor.groovy:74)
	at com.kms.katalon.core.webui.keyword.WebUiBuiltInKeywords.verifyElementText(WebUiBuiltInKeywords.groovy:4749)
	at com.kms.katalon.core.webui.keyword.WebUiBuiltInKeywords$verifyElementText$5.call(Unknown Source)
	at Footer - All Elements Text Verification - UAT.run(Footer - All Elements Text Verification - UAT:68)
	at com.kms.katalon.core.main.ScriptEngine.run(ScriptEngine.java:194)
	at com.kms.katalon.core.main.ScriptEngine.runScriptAsRawText(ScriptEngine.java:119)
	at com.kms.katalon.core.main.TestCaseExecutor.runScript(TestCaseExecutor.java:445)
	at com.kms.katalon.core.main.TestCaseExecutor.doExecute(TestCaseExecutor.java:436)
	at com.kms.katalon.core.main.TestCaseExecutor.processExecutionPhase(TestCaseExecutor.java:415)
	at com.kms.katalon.core.main.TestCaseExecutor.accessMainPhase(TestCaseExecutor.java:407)
	at com.kms.katalon.core.main.TestCaseExecutor.execute(TestCaseExecutor.java:284)
	at com.kms.katalon.core.common.CommonExecutor.accessTestCaseMainPhase(CommonExecutor.java:65)
	at com.kms.katalon.core.main.TestSuiteExecutor.accessTestSuiteMainPhase(TestSuiteExecutor.java:144)
	at com.kms.katalon.core.main.TestSuiteExecutor.execute(TestSuiteExecutor.java:106)
	at com.kms.katalon.core.main.TestCaseMain.startTestSuite(TestCaseMain.java:185)
	at com.kms.katalon.core.main.TestCaseMain$startTestSuite$0.call(Unknown Source)
	at TempTestSuite1650304259606.run(TempTestSuite1650304259606.groovy:36)
)

2022-04-18 23:43:52 - [MESSAGE][FAILED] - Actual text 'Find helpful advice and answers to parent's most common questions' and expected text 'Find helpful advice and answers to parents' most common questions' of test object 'Object Repository/Footer/Page_Enfamil Newborn, Infant  Toddler Nutri_2e0999/p_Find helpful advice and answers to parent_0992bb (1)' are NOT matched. (Root cause: com.kms.katalon.core.exception.StepFailedException: Actual text 'Find helpful advice and answers to parent's most common questions' and expected text 'Find helpful advice and answers to parents' most common questions' of test object 'Object Repository/Footer/Page_Enfamil Newborn, Infant  Toddler Nutri_2e0999/p_Find helpful advice and answers to parent_0992bb (1)' are NOT matched.
	at com.kms.katalon.core.webui.keyword.internal.WebUIKeywordMain.stepFailed(WebUIKeywordMain.groovy:64)
	at com.kms.katalon.core.webui.keyword.builtin.VerifyElementTextKeyword$_verifyElementText_closure1.doCall(VerifyElementTextKeyword.groovy:57)
	at com.kms.katalon.core.webui.keyword.builtin.VerifyElementTextKeyword$_verifyElementText_closure1.call(VerifyElementTextKeyword.groovy)
	at com.kms.katalon.core.webui.keyword.internal.WebUIKeywordMain.runKeyword(WebUIKeywordMain.groovy:20)
	at com.kms.katalon.core.webui.keyword.builtin.VerifyElementTextKeyword.verifyElementText(VerifyElementTextKeyword.groovy:72)
	at com.kms.katalon.core.webui.keyword.builtin.VerifyElementTextKeyword.execute(VerifyElementTextKeyword.groovy:40)
	at com.kms.katalon.core.keyword.internal.KeywordExecutor.executeKeywordForPlatform(KeywordExecutor.groovy:74)
	at com.kms.katalon.core.webui.keyword.WebUiBuiltInKeywords.verifyElementText(WebUiBuiltInKeywords.groovy:4749)
	at com.kms.katalon.core.webui.keyword.WebUiBuiltInKeywords$verifyElementText$5.call(Unknown Source)
	at Footer - All Elements Text Verification - UAT.run(Footer - All Elements Text Verification - UAT:68)
	at com.kms.katalon.core.main.ScriptEngine.run(ScriptEngine.java:194)
	at com.kms.katalon.core.main.ScriptEngine.runScriptAsRawText(ScriptEngine.java:119)
	at com.kms.katalon.core.main.TestCaseExecutor.runScript(TestCaseExecutor.java:445)
	at com.kms.katalon.core.main.TestCaseExecutor.doExecute(TestCaseExecutor.java:436)
	at com.kms.katalon.core.main.TestCaseExecutor.processExecutionPhase(TestCaseExecutor.java:415)
	at com.kms.katalon.core.main.TestCaseExecutor.accessMainPhase(TestCaseExecutor.java:407)
	at com.kms.katalon.core.main.TestCaseExecutor.execute(TestCaseExecutor.java:284)
	at com.kms.katalon.core.common.CommonExecutor.accessTestCaseMainPhase(CommonExecutor.java:65)
	at com.kms.katalon.core.main.TestSuiteExecutor.accessTestSuiteMainPhase(TestSuiteExecutor.java:144)
	at com.kms.katalon.core.main.TestSuiteExecutor.execute(TestSuiteExecutor.java:106)
	at com.kms.katalon.core.main.TestCaseMain.startTestSuite(TestCaseMain.java:185)
	at com.kms.katalon.core.main.TestCaseMain$startTestSuite$0.call(Unknown Source)
	at TempTestSuite1650304259606.run(TempTestSuite1650304259606.groovy:36)
)
[[ATTACHMENT|D:\\SmoketestSuite\\enfamilUS\\Reports\\20220418_232059\\SmokeTestCollection - Venkat\\SmokeTestSuite-Collection - UAT\\20220418_232059\\1650305632461.png]]

2022-04-18 23:43:52 - [TEST_STEP][PASSED] - verifyElementText(findTestObject("Object Repository/Footer/Page_Enfamil Newborn, Infant  Toddler Nutri_2e0999/a_Call us (1-800-BABY123) (1)"), "Call us (1-800-BABY123)"): Actual text and expected text of test object 'Object Repository/Footer/Page_Enfamil Newborn, Infant  Toddler Nutri_2e0999/a_Call us (1-800-BABY123) (1)' are matched.

2022-04-18 23:43:53 - [MESSAGE][PASSED] - Actual text and expected text of test object 'Object Repository/Footer/Page_Enfamil Newborn, Infant  Toddler Nutri_2e0999/a_Call us (1-800-BABY123) (1)' are matched.

2022-04-18 23:43:53 - [TEST_STEP][PASSED] - verifyElementText(findTestObject("Object Repository/Footer/Page_Enfamil Newborn, Infant  Toddler Nutri_2e0999/a_WhatsApp (1)"), "WhatsApp"): Actual text and expected text of test object 'Object Repository/Footer/Page_Enfamil Newborn, Infant  Toddler Nutri_2e0999/a_WhatsApp (1)' are matched.

2022-04-18 23:43:53 - [MESSAGE][PASSED] - Actual text and expected text of test object 'Object Repository/Footer/Page_Enfamil Newborn, Infant  Toddler Nutri_2e0999/a_WhatsApp (1)' are matched.

2022-04-18 23:43:53 - [TEST_STEP][FAILED] - verifyElementText(findTestObject("Object Repository/Footer/Page_Enfamil Newborn, Infant  Toddler Nutri_2e0999/p_By clicking Join Now and Enter Sweepstake_0b0cd5 (1)"), "By clicking â€œJoin Now and Enter Sweepstakes,â€� I agree to join Enfamil Family Beginnings and receive free samples, offers and other communications from Enfamil and Mead Johnson Nutritionâ€™s affiliated companies I understand and agree to the Terms of Use, Privacy Policy and Sweepstakes Official Rules."): Actual text '' and expected text 'By clicking â€œJoin Now and Enter Sweepstakes,â€� I agree to join Enfamil Family Beginnings and receive free samples, offers and other communications from Enfamil and Mead Johnson Nutritionâ€™s affiliated companies I understand and agree to the Terms of Use, Privacy Policy and Sweepstakes Official Rules.' of test object 'Object Repository/Footer/Page_Enfamil Newborn, Infant  Toddler Nutri_2e0999/p_By clicking Join Now and Enter Sweepstake_0b0cd5 (1)' are NOT matched. (Root cause: com.kms.katalon.core.exception.StepFailedException: Actual text '' and expected text 'By clicking â€œJoin Now and Enter Sweepstakes,â€� I agree to join Enfamil Family Beginnings and receive free samples, offers and other communications from Enfamil and Mead Johnson Nutritionâ€™s affiliated companies I understand and agree to the Terms of Use, Privacy Policy and Sweepstakes Official Rules.' of test object 'Object Repository/Footer/Page_Enfamil Newborn, Infant  Toddler Nutri_2e0999/p_By clicking Join Now and Enter Sweepstake_0b0cd5 (1)' are NOT matched.
	at com.kms.katalon.core.webui.keyword.internal.WebUIKeywordMain.stepFailed(WebUIKeywordMain.groovy:64)
	at com.kms.katalon.core.webui.keyword.builtin.VerifyElementTextKeyword$_verifyElementText_closure1.doCall(VerifyElementTextKeyword.groovy:57)
	at com.kms.katalon.core.webui.keyword.builtin.VerifyElementTextKeyword$_verifyElementText_closure1.call(VerifyElementTextKeyword.groovy)
	at com.kms.katalon.core.webui.keyword.internal.WebUIKeywordMain.runKeyword(WebUIKeywordMain.groovy:20)
	at com.kms.katalon.core.webui.keyword.builtin.VerifyElementTextKeyword.verifyElementText(VerifyElementTextKeyword.groovy:72)
	at com.kms.katalon.core.webui.keyword.builtin.VerifyElementTextKeyword.execute(VerifyElementTextKeyword.groovy:40)
	at com.kms.katalon.core.keyword.internal.KeywordExecutor.executeKeywordForPlatform(KeywordExecutor.groovy:74)
	at com.kms.katalon.core.webui.keyword.WebUiBuiltInKeywords.verifyElementText(WebUiBuiltInKeywords.groovy:4749)
	at com.kms.katalon.core.webui.keyword.WebUiBuiltInKeywords$verifyElementText$5.call(Unknown Source)
	at Footer - All Elements Text Verification - UAT.run(Footer - All Elements Text Verification - UAT:77)
	at com.kms.katalon.core.main.ScriptEngine.run(ScriptEngine.java:194)
	at com.kms.katalon.core.main.ScriptEngine.runScriptAsRawText(ScriptEngine.java:119)
	at com.kms.katalon.core.main.TestCaseExecutor.runScript(TestCaseExecutor.java:445)
	at com.kms.katalon.core.main.TestCaseExecutor.doExecute(TestCaseExecutor.java:436)
	at com.kms.katalon.core.main.TestCaseExecutor.processExecutionPhase(TestCaseExecutor.java:415)
	at com.kms.katalon.core.main.TestCaseExecutor.accessMainPhase(TestCaseExecutor.java:407)
	at com.kms.katalon.core.main.TestCaseExecutor.execute(TestCaseExecutor.java:284)
	at com.kms.katalon.core.common.CommonExecutor.accessTestCaseMainPhase(CommonExecutor.java:65)
	at com.kms.katalon.core.main.TestSuiteExecutor.accessTestSuiteMainPhase(TestSuiteExecutor.java:144)
	at com.kms.katalon.core.main.TestSuiteExecutor.execute(TestSuiteExecutor.java:106)
	at com.kms.katalon.core.main.TestCaseMain.startTestSuite(TestCaseMain.java:185)
	at com.kms.katalon.core.main.TestCaseMain$startTestSuite$0.call(Unknown Source)
	at TempTestSuite1650304259606.run(TempTestSuite1650304259606.groovy:36)
)

2022-04-18 23:43:53 - [MESSAGE][FAILED] - Actual text '' and expected text 'By clicking â€œJoin Now and Enter Sweepstakes,â€� I agree to join Enfamil Family Beginnings and receive free samples, offers and other communications from Enfamil and Mead Johnson Nutritionâ€™s affiliated companies I understand and agree to the Terms of Use, Privacy Policy and Sweepstakes Official Rules.' of test object 'Object Repository/Footer/Page_Enfamil Newborn, Infant  Toddler Nutri_2e0999/p_By clicking Join Now and Enter Sweepstake_0b0cd5 (1)' are NOT matched. (Root cause: com.kms.katalon.core.exception.StepFailedException: Actual text '' and expected text 'By clicking â€œJoin Now and Enter Sweepstakes,â€� I agree to join Enfamil Family Beginnings and receive free samples, offers and other communications from Enfamil and Mead Johnson Nutritionâ€™s affiliated companies I understand and agree to the Terms of Use, Privacy Policy and Sweepstakes Official Rules.' of test object 'Object Repository/Footer/Page_Enfamil Newborn, Infant  Toddler Nutri_2e0999/p_By clicking Join Now and Enter Sweepstake_0b0cd5 (1)' are NOT matched.
	at com.kms.katalon.core.webui.keyword.internal.WebUIKeywordMain.stepFailed(WebUIKeywordMain.groovy:64)
	at com.kms.katalon.core.webui.keyword.builtin.VerifyElementTextKeyword$_verifyElementText_closure1.doCall(VerifyElementTextKeyword.groovy:57)
	at com.kms.katalon.core.webui.keyword.builtin.VerifyElementTextKeyword$_verifyElementText_closure1.call(VerifyElementTextKeyword.groovy)
	at com.kms.katalon.core.webui.keyword.internal.WebUIKeywordMain.runKeyword(WebUIKeywordMain.groovy:20)
	at com.kms.katalon.core.webui.keyword.builtin.VerifyElementTextKeyword.verifyElementText(VerifyElementTextKeyword.groovy:72)
	at com.kms.katalon.core.webui.keyword.builtin.VerifyElementTextKeyword.execute(VerifyElementTextKeyword.groovy:40)
	at com.kms.katalon.core.keyword.internal.KeywordExecutor.executeKeywordForPlatform(KeywordExecutor.groovy:74)
	at com.kms.katalon.core.webui.keyword.WebUiBuiltInKeywords.verifyElementText(WebUiBuiltInKeywords.groovy:4749)
	at com.kms.katalon.core.webui.keyword.WebUiBuiltInKeywords$verifyElementText$5.call(Unknown Source)
	at Footer - All Elements Text Verification - UAT.run(Footer - All Elements Text Verification - UAT:77)
	at com.kms.katalon.core.main.ScriptEngine.run(ScriptEngine.java:194)
	at com.kms.katalon.core.main.ScriptEngine.runScriptAsRawText(ScriptEngine.java:119)
	at com.kms.katalon.core.main.TestCaseExecutor.runScript(TestCaseExecutor.java:445)
	at com.kms.katalon.core.main.TestCaseExecutor.doExecute(TestCaseExecutor.java:436)
	at com.kms.katalon.core.main.TestCaseExecutor.processExecutionPhase(TestCaseExecutor.java:415)
	at com.kms.katalon.core.main.TestCaseExecutor.accessMainPhase(TestCaseExecutor.java:407)
	at com.kms.katalon.core.main.TestCaseExecutor.execute(TestCaseExecutor.java:284)
	at com.kms.katalon.core.common.CommonExecutor.accessTestCaseMainPhase(CommonExecutor.java:65)
	at com.kms.katalon.core.main.TestSuiteExecutor.accessTestSuiteMainPhase(TestSuiteExecutor.java:144)
	at com.kms.katalon.core.main.TestSuiteExecutor.execute(TestSuiteExecutor.java:106)
	at com.kms.katalon.core.main.TestCaseMain.startTestSuite(TestCaseMain.java:185)
	at com.kms.katalon.core.main.TestCaseMain$startTestSuite$0.call(Unknown Source)
	at TempTestSuite1650304259606.run(TempTestSuite1650304259606.groovy:36)
)
[[ATTACHMENT|D:\\SmoketestSuite\\enfamilUS\\Reports\\20220418_232059\\SmokeTestCollection - Venkat\\SmokeTestSuite-Collection - UAT\\20220418_232059\\1650305633759.png]]

2022-04-18 23:43:53 - [TEST_STEP][FAILED] - verifyElementText(findTestObject("Object Repository/Footer/Page_Enfamil Newborn, Infant  Toddler Nutri_2e0999/a_Terms of Use (1)"), "Terms of Use"): Actual text '' and expected text 'Terms of Use' of test object 'Object Repository/Footer/Page_Enfamil Newborn, Infant  Toddler Nutri_2e0999/a_Terms of Use (1)' are NOT matched. (Root cause: com.kms.katalon.core.exception.StepFailedException: Actual text '' and expected text 'Terms of Use' of test object 'Object Repository/Footer/Page_Enfamil Newborn, Infant  Toddler Nutri_2e0999/a_Terms of Use (1)' are NOT matched.
	at com.kms.katalon.core.webui.keyword.internal.WebUIKeywordMain.stepFailed(WebUIKeywordMain.groovy:64)
	at com.kms.katalon.core.webui.keyword.builtin.VerifyElementTextKeyword$_verifyElementText_closure1.doCall(VerifyElementTextKeyword.groovy:57)
	at com.kms.katalon.core.webui.keyword.builtin.VerifyElementTextKeyword$_verifyElementText_closure1.call(VerifyElementTextKeyword.groovy)
	at com.kms.katalon.core.webui.keyword.internal.WebUIKeywordMain.runKeyword(WebUIKeywordMain.groovy:20)
	at com.kms.katalon.core.webui.keyword.builtin.VerifyElementTextKeyword.verifyElementText(VerifyElementTextKeyword.groovy:72)
	at com.kms.katalon.core.webui.keyword.builtin.VerifyElementTextKeyword.execute(VerifyElementTextKeyword.groovy:40)
	at com.kms.katalon.core.keyword.internal.KeywordExecutor.executeKeywordForPlatform(KeywordExecutor.groovy:74)
	at com.kms.katalon.core.webui.keyword.WebUiBuiltInKeywords.verifyElementText(WebUiBuiltInKeywords.groovy:4749)
	at com.kms.katalon.core.webui.keyword.WebUiBuiltInKeywords$verifyElementText$5.call(Unknown Source)
	at Footer - All Elements Text Verification - UAT.run(Footer - All Elements Text Verification - UAT:80)
	at com.kms.katalon.core.main.ScriptEngine.run(ScriptEngine.java:194)
	at com.kms.katalon.core.main.ScriptEngine.runScriptAsRawText(ScriptEngine.java:119)
	at com.kms.katalon.core.main.TestCaseExecutor.runScript(TestCaseExecutor.java:445)
	at com.kms.katalon.core.main.TestCaseExecutor.doExecute(TestCaseExecutor.java:436)
	at com.kms.katalon.core.main.TestCaseExecutor.processExecutionPhase(TestCaseExecutor.java:415)
	at com.kms.katalon.core.main.TestCaseExecutor.accessMainPhase(TestCaseExecutor.java:407)
	at com.kms.katalon.core.main.TestCaseExecutor.execute(TestCaseExecutor.java:284)
	at com.kms.katalon.core.common.CommonExecutor.accessTestCaseMainPhase(CommonExecutor.java:65)
	at com.kms.katalon.core.main.TestSuiteExecutor.accessTestSuiteMainPhase(TestSuiteExecutor.java:144)
	at com.kms.katalon.core.main.TestSuiteExecutor.execute(TestSuiteExecutor.java:106)
	at com.kms.katalon.core.main.TestCaseMain.startTestSuite(TestCaseMain.java:185)
	at com.kms.katalon.core.main.TestCaseMain$startTestSuite$0.call(Unknown Source)
	at TempTestSuite1650304259606.run(TempTestSuite1650304259606.groovy:36)
)

2022-04-18 23:43:54 - [MESSAGE][FAILED] - Actual text '' and expected text 'Terms of Use' of test object 'Object Repository/Footer/Page_Enfamil Newborn, Infant  Toddler Nutri_2e0999/a_Terms of Use (1)' are NOT matched. (Root cause: com.kms.katalon.core.exception.StepFailedException: Actual text '' and expected text 'Terms of Use' of test object 'Object Repository/Footer/Page_Enfamil Newborn, Infant  Toddler Nutri_2e0999/a_Terms of Use (1)' are NOT matched.
	at com.kms.katalon.core.webui.keyword.internal.WebUIKeywordMain.stepFailed(WebUIKeywordMain.groovy:64)
	at com.kms.katalon.core.webui.keyword.builtin.VerifyElementTextKeyword$_verifyElementText_closure1.doCall(VerifyElementTextKeyword.groovy:57)
	at com.kms.katalon.core.webui.keyword.builtin.VerifyElementTextKeyword$_verifyElementText_closure1.call(VerifyElementTextKeyword.groovy)
	at com.kms.katalon.core.webui.keyword.internal.WebUIKeywordMain.runKeyword(WebUIKeywordMain.groovy:20)
	at com.kms.katalon.core.webui.keyword.builtin.VerifyElementTextKeyword.verifyElementText(VerifyElementTextKeyword.groovy:72)
	at com.kms.katalon.core.webui.keyword.builtin.VerifyElementTextKeyword.execute(VerifyElementTextKeyword.groovy:40)
	at com.kms.katalon.core.keyword.internal.KeywordExecutor.executeKeywordForPlatform(KeywordExecutor.groovy:74)
	at com.kms.katalon.core.webui.keyword.WebUiBuiltInKeywords.verifyElementText(WebUiBuiltInKeywords.groovy:4749)
	at com.kms.katalon.core.webui.keyword.WebUiBuiltInKeywords$verifyElementText$5.call(Unknown Source)
	at Footer - All Elements Text Verification - UAT.run(Footer - All Elements Text Verification - UAT:80)
	at com.kms.katalon.core.main.ScriptEngine.run(ScriptEngine.java:194)
	at com.kms.katalon.core.main.ScriptEngine.runScriptAsRawText(ScriptEngine.java:119)
	at com.kms.katalon.core.main.TestCaseExecutor.runScript(TestCaseExecutor.java:445)
	at com.kms.katalon.core.main.TestCaseExecutor.doExecute(TestCaseExecutor.java:436)
	at com.kms.katalon.core.main.TestCaseExecutor.processExecutionPhase(TestCaseExecutor.java:415)
	at com.kms.katalon.core.main.TestCaseExecutor.accessMainPhase(TestCaseExecutor.java:407)
	at com.kms.katalon.core.main.TestCaseExecutor.execute(TestCaseExecutor.java:284)
	at com.kms.katalon.core.common.CommonExecutor.accessTestCaseMainPhase(CommonExecutor.java:65)
	at com.kms.katalon.core.main.TestSuiteExecutor.accessTestSuiteMainPhase(TestSuiteExecutor.java:144)
	at com.kms.katalon.core.main.TestSuiteExecutor.execute(TestSuiteExecutor.java:106)
	at com.kms.katalon.core.main.TestCaseMain.startTestSuite(TestCaseMain.java:185)
	at com.kms.katalon.core.main.TestCaseMain$startTestSuite$0.call(Unknown Source)
	at TempTestSuite1650304259606.run(TempTestSuite1650304259606.groovy:36)
)
[[ATTACHMENT|D:\\SmoketestSuite\\enfamilUS\\Reports\\20220418_232059\\SmokeTestCollection - Venkat\\SmokeTestSuite-Collection - UAT\\20220418_232059\\1650305634297.png]]

2022-04-18 23:43:54 - [TEST_STEP][PASSED] - verifyElementText(findTestObject("Object Repository/Footer/Page_Enfamil Newborn, Infant  Toddler Nutri_2e0999/a_Privacy Policy (1)"), "Privacy Policy"): Actual text and expected text of test object 'Object Repository/Footer/Page_Enfamil Newborn, Infant  Toddler Nutri_2e0999/a_Privacy Policy (1)' are matched.

2022-04-18 23:43:54 - [MESSAGE][PASSED] - Actual text and expected text of test object 'Object Repository/Footer/Page_Enfamil Newborn, Infant  Toddler Nutri_2e0999/a_Privacy Policy (1)' are matched.

2022-04-18 23:43:54 - [TEST_STEP][PASSED] - verifyElementText(findTestObject("Object Repository/Footer/Page_Enfamil Newborn, Infant  Toddler Nutri_2e0999/a_Sweepstakes Official Rules (1)"), "Sweepstakes Official Rules."): Actual text and expected text of test object 'Object Repository/Footer/Page_Enfamil Newborn, Infant  Toddler Nutri_2e0999/a_Sweepstakes Official Rules (1)' are matched.

2022-04-18 23:43:55 - [MESSAGE][PASSED] - Actual text and expected text of test object 'Object Repository/Footer/Page_Enfamil Newborn, Infant  Toddler Nutri_2e0999/a_Sweepstakes Official Rules (1)' are matched.

2022-04-18 23:43:55 - [TEST_STEP][PASSED] - verifyElementText(findTestObject("Object Repository/Footer/Page_Enfamil Newborn, Infant  Toddler Nutri_2e0999/p_Monday - Friday 8 a.m. to 8 p.m. ESTEDT S_45a1e5 (1)"), "Monday - Friday: 8 a.m. to 8 p.m. EST/EDT
Saturday - 9 a.m. to 5:30 p.m. EST/EDT"): Actual text and expected text of test object 'Object Repository/Footer/Page_Enfamil Newborn, Infant  Toddler Nutri_2e0999/p_Monday - Friday 8 a.m. to 8 p.m. ESTEDT S_45a1e5 (1)' are matched.

2022-04-18 23:43:55 - [MESSAGE][PASSED] - Actual text and expected text of test object 'Object Repository/Footer/Page_Enfamil Newborn, Infant  Toddler Nutri_2e0999/p_Monday - Friday 8 a.m. to 8 p.m. ESTEDT S_45a1e5 (1)' are matched.

2022-04-18 23:43:55 - [TEST_STEP][PASSED] - verifyElementText(findTestObject("Object Repository/Footer/Page_Enfamil Newborn, Infant  Toddler Nutri_2e0999/a_For Healthcare professionals (1)"), "For Healthcare professionals"): Actual text and expected text of test object 'Object Repository/Footer/Page_Enfamil Newborn, Infant  Toddler Nutri_2e0999/a_For Healthcare professionals (1)' are matched.

2022-04-18 23:43:55 - [MESSAGE][PASSED] - Actual text and expected text of test object 'Object Repository/Footer/Page_Enfamil Newborn, Infant  Toddler Nutri_2e0999/a_For Healthcare professionals (1)' are matched.

2022-04-18 23:43:55 - [TEST_STEP][PASSED] - verifyElementText(findTestObject("Object Repository/Footer/Page_Enfamil Newborn, Infant  Toddler Nutri_2e0999/a_Enfamil Wholesale (1)"), "Enfamil Wholesale"): Actual text and expected text of test object 'Object Repository/Footer/Page_Enfamil Newborn, Infant  Toddler Nutri_2e0999/a_Enfamil Wholesale (1)' are matched.

2022-04-18 23:43:56 - [MESSAGE][PASSED] - Actual text and expected text of test object 'Object Repository/Footer/Page_Enfamil Newborn, Infant  Toddler Nutri_2e0999/a_Enfamil Wholesale (1)' are matched.

2022-04-18 23:43:56 - [TEST_STEP][PASSED] - verifyElementText(findTestObject("Object Repository/Footer/Page_Enfamil Newborn, Infant  Toddler Nutri_2e0999/a_California transparency in supply chains _19d4b3 (1)"), "California transparency in supply chains act and modern slavery act"): Actual text and expected text of test object 'Object Repository/Footer/Page_Enfamil Newborn, Infant  Toddler Nutri_2e0999/a_California transparency in supply chains _19d4b3 (1)' are matched.

2022-04-18 23:43:56 - [MESSAGE][PASSED] - Actual text and expected text of test object 'Object Repository/Footer/Page_Enfamil Newborn, Infant  Toddler Nutri_2e0999/a_California transparency in supply chains _19d4b3 (1)' are matched.

2022-04-18 23:43:56 - [TEST_STEP][PASSED] - verifyElementText(findTestObject("Object Repository/Footer/Page_Enfamil Newborn, Infant  Toddler Nutri_2e0999/a_Do Not Sell My Information (1)"), "Do Not Sell My Information"): Actual text and expected text of test object 'Object Repository/Footer/Page_Enfamil Newborn, Infant  Toddler Nutri_2e0999/a_Do Not Sell My Information (1)' are matched.

2022-04-18 23:43:57 - [MESSAGE][PASSED] - Actual text and expected text of test object 'Object Repository/Footer/Page_Enfamil Newborn, Infant  Toddler Nutri_2e0999/a_Do Not Sell My Information (1)' are matched.

2022-04-18 23:43:57 - [TEST_STEP][PASSED] - verifyElementText(findTestObject("Object Repository/Footer/Page_Enfamil Newborn, Infant  Toddler Nutri_2e0999/a_Privacy Policy_1 (1)"), "Privacy Policy"): Actual text and expected text of test object 'Object Repository/Footer/Page_Enfamil Newborn, Infant  Toddler Nutri_2e0999/a_Privacy Policy_1 (1)' are matched.

2022-04-18 23:43:57 - [MESSAGE][PASSED] - Actual text and expected text of test object 'Object Repository/Footer/Page_Enfamil Newborn, Infant  Toddler Nutri_2e0999/a_Privacy Policy_1 (1)' are matched.

2022-04-18 23:43:57 - [TEST_STEP][PASSED] - verifyElementText(findTestObject("Object Repository/Footer/Page_Enfamil Newborn, Infant  Toddler Nutri_2e0999/a_Terms of Use_1 (1)"), "Terms of Use"): Actual text and expected text of test object 'Object Repository/Footer/Page_Enfamil Newborn, Infant  Toddler Nutri_2e0999/a_Terms of Use_1 (1)' are matched.

2022-04-18 23:43:58 - [MESSAGE][PASSED] - Actual text and expected text of test object 'Object Repository/Footer/Page_Enfamil Newborn, Infant  Toddler Nutri_2e0999/a_Terms of Use_1 (1)' are matched.

2022-04-18 23:43:58 - [TEST_STEP][PASSED] - verifyElementText(findTestObject("Object Repository/Footer/Page_Enfamil Newborn, Infant  Toddler Nutri_2e0999/a_Terms of Sale (1)"), "Terms of Sale"): Actual text and expected text of test object 'Object Repository/Footer/Page_Enfamil Newborn, Infant  Toddler Nutri_2e0999/a_Terms of Sale (1)' are matched.

2022-04-18 23:43:58 - [MESSAGE][PASSED] - Actual text and expected text of test object 'Object Repository/Footer/Page_Enfamil Newborn, Infant  Toddler Nutri_2e0999/a_Terms of Sale (1)' are matched.

2022-04-18 23:43:58 - [TEST_STEP][PASSED] - verifyElementText(findTestObject("Object Repository/Footer/Page_Enfamil Newborn, Infant  Toddler Nutri_2e0999/button_Cookie Preference (1)"), "Cookie Preference"): Actual text and expected text of test object 'Object Repository/Footer/Page_Enfamil Newborn, Infant  Toddler Nutri_2e0999/button_Cookie Preference (1)' are matched.

2022-04-18 23:43:58 - [MESSAGE][PASSED] - Actual text and expected text of test object 'Object Repository/Footer/Page_Enfamil Newborn, Infant  Toddler Nutri_2e0999/button_Cookie Preference (1)' are matched.

2022-04-18 23:43:58 - [TEST_STEP][PASSED] - verifyElementText(findTestObject("Object Repository/Footer/Page_Enfamil Newborn, Infant  Toddler Nutri_2e0999/p_Intended for U.S. Residents Only. 1998, 2_0578d4 (1)"), "Intended for U.S. Residents Only. 1998, 2020, Mead Johnson & Company, LLC. All Rights Reserved"): Actual text and expected text of test object 'Object Repository/Footer/Page_Enfamil Newborn, Infant  Toddler Nutri_2e0999/p_Intended for U.S. Residents Only. 1998, 2_0578d4 (1)' are matched.

2022-04-18 23:43:59 - [MESSAGE][PASSED] - Actual text and expected text of test object 'Object Repository/Footer/Page_Enfamil Newborn, Infant  Toddler Nutri_2e0999/p_Intended for U.S. Residents Only. 1998, 2_0578d4 (1)' are matched.

2022-04-18 23:43:59 - [TEST_STEP][PASSED] - closeBrowser(): Browser is closed

2022-04-18 23:44:00 - [MESSAGE][PASSED] - Browser is closed]]></system-out>
         <system-err><![CDATA[2022-04-18 23:43:26 - [TEST_CASE][FAILED] - Test Cases/Venkat/Footer Validation/Footer - All Elements Text Verification - UAT: Test Cases/Venkat/Footer Validation/Footer - All Elements Text Verification - UAT FAILED.
Reason:
com.kms.katalon.core.exception.StepFailedException: Actual text 'Join for upto $400 in free gifts' and expected text 'Join for up to $400 in free gifts.' of test object 'Object Repository/Footer/Page_Enfamil Newborn, Infant  Toddler Nutri_2e0999/span_Join for upto 400 in free gifts (1)' are NOT matched. (Root cause: com.kms.katalon.core.exception.StepFailedException: Actual text 'Join for upto $400 in free gifts' and expected text 'Join for up to $400 in free gifts.' of test object 'Object Repository/Footer/Page_Enfamil Newborn, Infant  Toddler Nutri_2e0999/span_Join for upto 400 in free gifts (1)' are NOT matched.
	at com.kms.katalon.core.webui.keyword.internal.WebUIKeywordMain.stepFailed(WebUIKeywordMain.groovy:64)
	at com.kms.katalon.core.webui.keyword.builtin.VerifyElementTextKeyword$_verifyElementText_closure1.doCall(VerifyElementTextKeyword.groovy:57)
	at com.kms.katalon.core.webui.keyword.builtin.VerifyElementTextKeyword$_verifyElementText_closure1.call(VerifyElementTextKeyword.groovy)
	at com.kms.katalon.core.webui.keyword.internal.WebUIKeywordMain.runKeyword(WebUIKeywordMain.groovy:20)
	at com.kms.katalon.core.webui.keyword.builtin.VerifyElementTextKeyword.verifyElementText(VerifyElementTextKeyword.groovy:72)
	at com.kms.katalon.core.webui.keyword.builtin.VerifyElementTextKeyword.execute(VerifyElementTextKeyword.groovy:40)
	at com.kms.katalon.core.keyword.internal.KeywordExecutor.executeKeywordForPlatform(KeywordExecutor.groovy:74)
	at com.kms.katalon.core.webui.keyword.WebUiBuiltInKeywords.verifyElementText(WebUiBuiltInKeywords.groovy:4749)
	at com.kms.katalon.core.webui.keyword.WebUiBuiltInKeywords$verifyElementText$5.call(Unknown Source)
	at Footer - All Elements Text Verification - UAT.run(Footer - All Elements Text Verification - UAT:38)
	at com.kms.katalon.core.main.ScriptEngine.run(ScriptEngine.java:194)
	at com.kms.katalon.core.main.ScriptEngine.runScriptAsRawText(ScriptEngine.java:119)
	at com.kms.katalon.core.main.TestCaseExecutor.runScript(TestCaseExecutor.java:445)
	at com.kms.katalon.core.main.TestCaseExecutor.doExecute(TestCaseExecutor.java:436)
	at com.kms.katalon.core.main.TestCaseExecutor.processExecutionPhase(TestCaseExecutor.java:415)
	at com.kms.katalon.core.main.TestCaseExecutor.accessMainPhase(TestCaseExecutor.java:407)
	at com.kms.katalon.core.main.TestCaseExecutor.execute(TestCaseExecutor.java:284)
	at com.kms.katalon.core.common.CommonExecutor.accessTestCaseMainPhase(CommonExecutor.java:65)
	at com.kms.katalon.core.main.TestSuiteExecutor.accessTestSuiteMainPhase(TestSuiteExecutor.java:144)
	at com.kms.katalon.core.main.TestSuiteExecutor.execute(TestSuiteExecutor.java:106)
	at com.kms.katalon.core.main.TestCaseMain.startTestSuite(TestCaseMain.java:185)
	at com.kms.katalon.core.main.TestCaseMain$startTestSuite$0.call(Unknown Source)
	at TempTestSuite1650304259606.run(TempTestSuite1650304259606.groovy:36)
)
	at com.kms.katalon.core.keyword.internal.KeywordMain.stepFailed(KeywordMain.groovy:39)
	at com.kms.katalon.core.webui.keyword.internal.WebUIKeywordMain.stepFailed(WebUIKeywordMain.groovy:64)
	at com.kms.katalon.core.webui.keyword.builtin.VerifyElementTextKeyword$_verifyElementText_closure1.doCall(VerifyElementTextKeyword.groovy:57)
	at com.kms.katalon.core.webui.keyword.builtin.VerifyElementTextKeyword$_verifyElementText_closure1.call(VerifyElementTextKeyword.groovy)
	at com.kms.katalon.core.webui.keyword.internal.WebUIKeywordMain.runKeyword(WebUIKeywordMain.groovy:20)
	at com.kms.katalon.core.webui.keyword.builtin.VerifyElementTextKeyword.verifyElementText(VerifyElementTextKeyword.groovy:72)
	at com.kms.katalon.core.webui.keyword.builtin.VerifyElementTextKeyword.execute(VerifyElementTextKeyword.groovy:40)
	at com.kms.katalon.core.keyword.internal.KeywordExecutor.executeKeywordForPlatform(KeywordExecutor.groovy:74)
	at com.kms.katalon.core.webui.keyword.WebUiBuiltInKeywords.verifyElementText(WebUiBuiltInKeywords.groovy:4749)
	at com.kms.katalon.core.webui.keyword.WebUiBuiltInKeywords$verifyElementText$5.call(Unknown Source)
	at Footer - All Elements Text Verification - UAT.run(Footer - All Elements Text Verification - UAT:38)
	at com.kms.katalon.core.main.ScriptEngine.run(ScriptEngine.java:194)
	at com.kms.katalon.core.main.ScriptEngine.runScriptAsRawText(ScriptEngine.java:119)
	at com.kms.katalon.core.main.TestCaseExecutor.runScript(TestCaseExecutor.java:445)
	at com.kms.katalon.core.main.TestCaseExecutor.doExecute(TestCaseExecutor.java:436)
	at com.kms.katalon.core.main.TestCaseExecutor.processExecutionPhase(TestCaseExecutor.java:415)
	at com.kms.katalon.core.main.TestCaseExecutor.accessMainPhase(TestCaseExecutor.java:407)
	at com.kms.katalon.core.main.TestCaseExecutor.execute(TestCaseExecutor.java:284)
	at com.kms.katalon.core.common.CommonExecutor.accessTestCaseMainPhase(CommonExecutor.java:65)
	at com.kms.katalon.core.main.TestSuiteExecutor.accessTestSuiteMainPhase(TestSuiteExecutor.java:144)
	at com.kms.katalon.core.main.TestSuiteExecutor.execute(TestSuiteExecutor.java:106)
	at com.kms.katalon.core.main.TestCaseMain.startTestSuite(TestCaseMain.java:185)
	at com.kms.katalon.core.main.TestCaseMain$startTestSuite$0.call(Unknown Source)
	at TempTestSuite1650304259606.run(TempTestSuite1650304259606.groovy:36)
Caused by: com.kms.katalon.core.exception.StepFailedException: Actual text 'Join for upto $400 in free gifts' and expected text 'Join for up to $400 in free gifts.' of test object 'Object Repository/Footer/Page_Enfamil Newborn, Infant  Toddler Nutri_2e0999/span_Join for upto 400 in free gifts (1)' are NOT matched.
	... 23 more]]></system-err>
      </testcase>
      <testcase name="Test Cases/Venkat/Footer Validation/Footer - All Elements Verification - UAT" time="49.861" classname="Test Cases/Venkat/Footer Validation/Footer - All Elements Verification - UAT" status="FAILED">
         <failure type="FAILED" message="Test Cases/Venkat/Footer Validation/Footer - All Elements Verification - UAT FAILED.
Reason:
com.kms.katalon.core.exception.StepFailedException: com.kms.katalon.core.webui.exception.WebElementNotFoundException: Web element with id: 'Object Repository/Footer/Page_Enfamil Newborn, Infant  Toddler Nutri_2e0999/button_Cookie Preference' located by '(//button[@type='button'])[46]' not found (Root cause: com.kms.katalon.core.exception.StepFailedException: com.kms.katalon.core.webui.exception.WebElementNotFoundException: Web element with id: 'Object Repository/Footer/Page_Enfamil Newborn, Infant  Toddler Nutri_2e0999/button_Cookie Preference' located by '(//button[@type='button'])[46]' not found
	at com.kms.katalon.core.webui.keyword.internal.WebUIKeywordMain.stepFailed(WebUIKeywordMain.groovy:64)
	at com.kms.katalon.core.webui.keyword.builtin.VerifyElementPresentKeyword$_verifyElementPresent_closure1.doCall(VerifyElementPresentKeyword.groovy:85)
	at com.kms.katalon.core.webui.keyword.builtin.VerifyElementPresentKeyword$_verifyElementPresent_closure1.call(VerifyElementPresentKeyword.groovy)
	at com.kms.katalon.core.webui.keyword.internal.WebUIKeywordMain.runKeyword(WebUIKeywordMain.groovy:20)
	at com.kms.katalon.core.webui.keyword.builtin.VerifyElementPresentKeyword.verifyElementPresent(VerifyElementPresentKeyword.groovy:92)
	at com.kms.katalon.core.webui.keyword.builtin.VerifyElementPresentKeyword.execute(VerifyElementPresentKeyword.groovy:68)
	at com.kms.katalon.core.keyword.internal.KeywordExecutor.executeKeywordForPlatform(KeywordExecutor.groovy:74)
	at com.kms.katalon.core.webui.keyword.WebUiBuiltInKeywords.verifyElementPresent(WebUiBuiltInKeywords.groovy:1464)
	at com.kms.katalon.core.webui.keyword.WebUiBuiltInKeywords$verifyElementPresent$4.call(Unknown Source)
	at Footer - All Elements Verification - UAT.run(Footer - All Elements Verification - UAT:191)
	at com.kms.katalon.core.main.ScriptEngine.run(ScriptEngine.java:194)
	at com.kms.katalon.core.main.ScriptEngine.runScriptAsRawText(ScriptEngine.java:119)
	at com.kms.katalon.core.main.TestCaseExecutor.runScript(TestCaseExecutor.java:445)
	at com.kms.katalon.core.main.TestCaseExecutor.doExecute(TestCaseExecutor.java:436)
	at com.kms.katalon.core.main.TestCaseExecutor.processExecutionPhase(TestCaseExecutor.java:415)
	at com.kms.katalon.core.main.TestCaseExecutor.accessMainPhase(TestCaseExecutor.java:407)
	at com.kms.katalon.core.main.TestCaseExecutor.execute(TestCaseExecutor.java:284)
	at com.kms.katalon.core.common.CommonExecutor.accessTestCaseMainPhase(CommonExecutor.java:65)
	at com.kms.katalon.core.main.TestSuiteExecutor.accessTestSuiteMainPhase(TestSuiteExecutor.java:144)
	at com.kms.katalon.core.main.TestSuiteExecutor.execute(TestSuiteExecutor.java:106)
	at com.kms.katalon.core.main.TestCaseMain.startTestSuite(TestCaseMain.java:185)
	at com.kms.katalon.core.main.TestCaseMain$startTestSuite$0.call(Unknown Source)
	at TempTestSuite1650304259606.run(TempTestSuite1650304259606.groovy:36)
)
	at com.kms.katalon.core.keyword.internal.KeywordMain.stepFailed(KeywordMain.groovy:39)
	at com.kms.katalon.core.webui.keyword.internal.WebUIKeywordMain.stepFailed(WebUIKeywordMain.groovy:64)
	at com.kms.katalon.core.webui.keyword.builtin.VerifyElementPresentKeyword$_verifyElementPresent_closure1.doCall(VerifyElementPresentKeyword.groovy:85)
	at com.kms.katalon.core.webui.keyword.builtin.VerifyElementPresentKeyword$_verifyElementPresent_closure1.call(VerifyElementPresentKeyword.groovy)
	at com.kms.katalon.core.webui.keyword.internal.WebUIKeywordMain.runKeyword(WebUIKeywordMain.groovy:20)
	at com.kms.katalon.core.webui.keyword.builtin.VerifyElementPresentKeyword.verifyElementPresent(VerifyElementPresentKeyword.groovy:92)
	at com.kms.katalon.core.webui.keyword.builtin.VerifyElementPresentKeyword.execute(VerifyElementPresentKeyword.groovy:68)
	at com.kms.katalon.core.keyword.internal.KeywordExecutor.executeKeywordForPlatform(KeywordExecutor.groovy:74)
	at com.kms.katalon.core.webui.keyword.WebUiBuiltInKeywords.verifyElementPresent(WebUiBuiltInKeywords.groovy:1464)
	at com.kms.katalon.core.webui.keyword.WebUiBuiltInKeywords$verifyElementPresent$4.call(Unknown Source)
	at Footer - All Elements Verification - UAT.run(Footer - All Elements Verification - UAT:191)
	at com.kms.katalon.core.main.ScriptEngine.run(ScriptEngine.java:194)
	at com.kms.katalon.core.main.ScriptEngine.runScriptAsRawText(ScriptEngine.java:119)
	at com.kms.katalon.core.main.TestCaseExecutor.runScript(TestCaseExecutor.java:445)
	at com.kms.katalon.core.main.TestCaseExecutor.doExecute(TestCaseExecutor.java:436)
	at com.kms.katalon.core.main.TestCaseExecutor.processExecutionPhase(TestCaseExecutor.java:415)
	at com.kms.katalon.core.main.TestCaseExecutor.accessMainPhase(TestCaseExecutor.java:407)
	at com.kms.katalon.core.main.TestCaseExecutor.execute(TestCaseExecutor.java:284)
	at com.kms.katalon.core.common.CommonExecutor.accessTestCaseMainPhase(CommonExecutor.java:65)
	at com.kms.katalon.core.main.TestSuiteExecutor.accessTestSuiteMainPhase(TestSuiteExecutor.java:144)
	at com.kms.katalon.core.main.TestSuiteExecutor.execute(TestSuiteExecutor.java:106)
	at com.kms.katalon.core.main.TestCaseMain.startTestSuite(TestCaseMain.java:185)
	at com.kms.katalon.core.main.TestCaseMain$startTestSuite$0.call(Unknown Source)
	at TempTestSuite1650304259606.run(TempTestSuite1650304259606.groovy:36)
Caused by: com.kms.katalon.core.exception.StepFailedException: com.kms.katalon.core.webui.exception.WebElementNotFoundException: Web element with id: 'Object Repository/Footer/Page_Enfamil Newborn, Infant  Toddler Nutri_2e0999/button_Cookie Preference' located by '(//button[@type='button'])[46]' not found
	... 23 more
"/>
         <system-out><![CDATA[2022-04-18 23:44:00 - [TEST_CASE][FAILED] - Test Cases/Venkat/Footer Validation/Footer - All Elements Verification - UAT: Test Cases/Venkat/Footer Validation/Footer - All Elements Verification - UAT FAILED.
Reason:
com.kms.katalon.core.exception.StepFailedException: com.kms.katalon.core.webui.exception.WebElementNotFoundException: Web element with id: 'Object Repository/Footer/Page_Enfamil Newborn, Infant  Toddler Nutri_2e0999/button_Cookie Preference' located by '(//button[@type='button'])[46]' not found (Root cause: com.kms.katalon.core.exception.StepFailedException: com.kms.katalon.core.webui.exception.WebElementNotFoundException: Web element with id: 'Object Repository/Footer/Page_Enfamil Newborn, Infant  Toddler Nutri_2e0999/button_Cookie Preference' located by '(//button[@type='button'])[46]' not found
	at com.kms.katalon.core.webui.keyword.internal.WebUIKeywordMain.stepFailed(WebUIKeywordMain.groovy:64)
	at com.kms.katalon.core.webui.keyword.builtin.VerifyElementPresentKeyword$_verifyElementPresent_closure1.doCall(VerifyElementPresentKeyword.groovy:85)
	at com.kms.katalon.core.webui.keyword.builtin.VerifyElementPresentKeyword$_verifyElementPresent_closure1.call(VerifyElementPresentKeyword.groovy)
	at com.kms.katalon.core.webui.keyword.internal.WebUIKeywordMain.runKeyword(WebUIKeywordMain.groovy:20)
	at com.kms.katalon.core.webui.keyword.builtin.VerifyElementPresentKeyword.verifyElementPresent(VerifyElementPresentKeyword.groovy:92)
	at com.kms.katalon.core.webui.keyword.builtin.VerifyElementPresentKeyword.execute(VerifyElementPresentKeyword.groovy:68)
	at com.kms.katalon.core.keyword.internal.KeywordExecutor.executeKeywordForPlatform(KeywordExecutor.groovy:74)
	at com.kms.katalon.core.webui.keyword.WebUiBuiltInKeywords.verifyElementPresent(WebUiBuiltInKeywords.groovy:1464)
	at com.kms.katalon.core.webui.keyword.WebUiBuiltInKeywords$verifyElementPresent$4.call(Unknown Source)
	at Footer - All Elements Verification - UAT.run(Footer - All Elements Verification - UAT:191)
	at com.kms.katalon.core.main.ScriptEngine.run(ScriptEngine.java:194)
	at com.kms.katalon.core.main.ScriptEngine.runScriptAsRawText(ScriptEngine.java:119)
	at com.kms.katalon.core.main.TestCaseExecutor.runScript(TestCaseExecutor.java:445)
	at com.kms.katalon.core.main.TestCaseExecutor.doExecute(TestCaseExecutor.java:436)
	at com.kms.katalon.core.main.TestCaseExecutor.processExecutionPhase(TestCaseExecutor.java:415)
	at com.kms.katalon.core.main.TestCaseExecutor.accessMainPhase(TestCaseExecutor.java:407)
	at com.kms.katalon.core.main.TestCaseExecutor.execute(TestCaseExecutor.java:284)
	at com.kms.katalon.core.common.CommonExecutor.accessTestCaseMainPhase(CommonExecutor.java:65)
	at com.kms.katalon.core.main.TestSuiteExecutor.accessTestSuiteMainPhase(TestSuiteExecutor.java:144)
	at com.kms.katalon.core.main.TestSuiteExecutor.execute(TestSuiteExecutor.java:106)
	at com.kms.katalon.core.main.TestCaseMain.startTestSuite(TestCaseMain.java:185)
	at com.kms.katalon.core.main.TestCaseMain$startTestSuite$0.call(Unknown Source)
	at TempTestSuite1650304259606.run(TempTestSuite1650304259606.groovy:36)
)
	at com.kms.katalon.core.keyword.internal.KeywordMain.stepFailed(KeywordMain.groovy:39)
	at com.kms.katalon.core.webui.keyword.internal.WebUIKeywordMain.stepFailed(WebUIKeywordMain.groovy:64)
	at com.kms.katalon.core.webui.keyword.builtin.VerifyElementPresentKeyword$_verifyElementPresent_closure1.doCall(VerifyElementPresentKeyword.groovy:85)
	at com.kms.katalon.core.webui.keyword.builtin.VerifyElementPresentKeyword$_verifyElementPresent_closure1.call(VerifyElementPresentKeyword.groovy)
	at com.kms.katalon.core.webui.keyword.internal.WebUIKeywordMain.runKeyword(WebUIKeywordMain.groovy:20)
	at com.kms.katalon.core.webui.keyword.builtin.VerifyElementPresentKeyword.verifyElementPresent(VerifyElementPresentKeyword.groovy:92)
	at com.kms.katalon.core.webui.keyword.builtin.VerifyElementPresentKeyword.execute(VerifyElementPresentKeyword.groovy:68)
	at com.kms.katalon.core.keyword.internal.KeywordExecutor.executeKeywordForPlatform(KeywordExecutor.groovy:74)
	at com.kms.katalon.core.webui.keyword.WebUiBuiltInKeywords.verifyElementPresent(WebUiBuiltInKeywords.groovy:1464)
	at com.kms.katalon.core.webui.keyword.WebUiBuiltInKeywords$verifyElementPresent$4.call(Unknown Source)
	at Footer - All Elements Verification - UAT.run(Footer - All Elements Verification - UAT:191)
	at com.kms.katalon.core.main.ScriptEngine.run(ScriptEngine.java:194)
	at com.kms.katalon.core.main.ScriptEngine.runScriptAsRawText(ScriptEngine.java:119)
	at com.kms.katalon.core.main.TestCaseExecutor.runScript(TestCaseExecutor.java:445)
	at com.kms.katalon.core.main.TestCaseExecutor.doExecute(TestCaseExecutor.java:436)
	at com.kms.katalon.core.main.TestCaseExecutor.processExecutionPhase(TestCaseExecutor.java:415)
	at com.kms.katalon.core.main.TestCaseExecutor.accessMainPhase(TestCaseExecutor.java:407)
	at com.kms.katalon.core.main.TestCaseExecutor.execute(TestCaseExecutor.java:284)
	at com.kms.katalon.core.common.CommonExecutor.accessTestCaseMainPhase(CommonExecutor.java:65)
	at com.kms.katalon.core.main.TestSuiteExecutor.accessTestSuiteMainPhase(TestSuiteExecutor.java:144)
	at com.kms.katalon.core.main.TestSuiteExecutor.execute(TestSuiteExecutor.java:106)
	at com.kms.katalon.core.main.TestCaseMain.startTestSuite(TestCaseMain.java:185)
	at com.kms.katalon.core.main.TestCaseMain$startTestSuite$0.call(Unknown Source)
	at TempTestSuite1650304259606.run(TempTestSuite1650304259606.groovy:36)
Caused by: com.kms.katalon.core.exception.StepFailedException: com.kms.katalon.core.webui.exception.WebElementNotFoundException: Web element with id: 'Object Repository/Footer/Page_Enfamil Newborn, Infant  Toddler Nutri_2e0999/button_Cookie Preference' located by '(//button[@type='button'])[46]' not found
	... 23 more


2022-04-18 23:44:01 - [TEST_STEP][PASSED] - openBrowser(""): Browser is opened with url: ''

2022-04-18 23:44:01 - [MESSAGE][INFO] - Starting 'Chrome' driver

2022-04-18 23:44:01 - [MESSAGE][INFO] - Action delay is set to 0 milliseconds

2022-04-18 23:44:02 - [MESSAGE][PASSED] - Browser is opened with url: ''

2022-04-18 23:44:02 - [TEST_STEP][PASSED] - navigateToUrl(HomePage): Navigate to 'https://enfamil-us.cdn.test.us-east-1.starterkit.rbcloud.io/' successfully

2022-04-18 23:44:04 - [MESSAGE][PASSED] - Navigate to 'https://enfamil-us.cdn.test.us-east-1.starterkit.rbcloud.io/' successfully

2022-04-18 23:44:04 - [TEST_STEP][PASSED] - maximizeWindow(): Current window maximized

2022-04-18 23:44:04 - [MESSAGE][PASSED] - Current window maximized

2022-04-18 23:44:04 - [TEST_STEP][PASSED] - delay(10): Delayed 10 second(s)

2022-04-18 23:44:14 - [MESSAGE][PASSED] - Delayed 10 second(s)

2022-04-18 23:44:14 - [TEST_STEP][PASSED] - click(findTestObject("Object Repository/Footer/Page_Enfamil Newborn, Infant  Toddler Nutri_2e0999/button_GOT IT_onetrust-close-btn-handler on_95ce22")): Object: 'Object Repository/Footer/Page_Enfamil Newborn, Infant  Toddler Nutri_2e0999/button_GOT IT_onetrust-close-btn-handler on_95ce22' is clicked on

2022-04-18 23:44:15 - [MESSAGE][PASSED] - Object: 'Object Repository/Footer/Page_Enfamil Newborn, Infant  Toddler Nutri_2e0999/button_GOT IT_onetrust-close-btn-handler on_95ce22' is clicked on

2022-04-18 23:44:15 - [TEST_STEP][PASSED] - scrollToElement(findTestObject("Object Repository/Footer/Page_Enfamil Newborn, Infant  Toddler Nutri_2e0999/div_Enfamil Family BeginningsJoin for upto _3d5e60"), 0): Scroll to object 'Object Repository/Footer/Page_Enfamil Newborn, Infant  Toddler Nutri_2e0999/div_Enfamil Family BeginningsJoin for upto _3d5e60' successfully

2022-04-18 23:44:16 - [MESSAGE][WARNING] - Timeout '0' is invalid. Using default page load timeout: '5'

2022-04-18 23:44:17 - [MESSAGE][PASSED] - Scroll to object 'Object Repository/Footer/Page_Enfamil Newborn, Infant  Toddler Nutri_2e0999/div_Enfamil Family BeginningsJoin for upto _3d5e60' successfully

2022-04-18 23:44:17 - [TEST_STEP][PASSED] - css_color = getCSSValue(findTestObject("Page_Enfamil Newborn, Infant  Toddler Nutrition  Enfamil/section_Enfamil Family"), "background-color"): Get CSS 'background-color' value on 'Object Repository/Page_Enfamil Newborn, Infant  Toddler Nutrition  Enfamil/section_Enfamil Family' successfully: 'rgba(0, 37, 122, 1)'.

2022-04-18 23:44:19 - [MESSAGE][PASSED] - Get CSS 'background-color' value on 'Object Repository/Page_Enfamil Newborn, Infant  Toddler Nutrition  Enfamil/section_Enfamil Family' successfully: 'rgba(0, 37, 122, 1)'.

2022-04-18 23:44:19 - [TEST_STEP][PASSED] - println(css_color): null

2022-04-18 23:44:19 - [TEST_STEP][PASSED] - verifyEqual(css_color, "rgba(0, 37, 122, 1)"): Actual object 'rgba(0, 37, 122, 1)' and expected object 'rgba(0, 37, 122, 1)' are equal

2022-04-18 23:44:19 - [MESSAGE][PASSED] - Actual object 'rgba(0, 37, 122, 1)' and expected object 'rgba(0, 37, 122, 1)' are equal

2022-04-18 23:44:19 - [TEST_STEP][PASSED] - verifyElementPresent(findTestObject("Object Repository/Footer/Page_Enfamil Newborn, Infant  Toddler Nutri_2e0999/div_Enfamil Family BeginningsJoin for upto _3d5e60"), 0): Object 'Object Repository/Footer/Page_Enfamil Newborn, Infant  Toddler Nutri_2e0999/div_Enfamil Family BeginningsJoin for upto _3d5e60' is present

2022-04-18 23:44:19 - [MESSAGE][WARNING] - Timeout '0' is invalid. Using default page load timeout: '5'

2022-04-18 23:44:19 - [MESSAGE][PASSED] - Object 'Object Repository/Footer/Page_Enfamil Newborn, Infant  Toddler Nutri_2e0999/div_Enfamil Family BeginningsJoin for upto _3d5e60' is present

2022-04-18 23:44:19 - [TEST_STEP][PASSED] - verifyElementPresent(findTestObject("Object Repository/Footer/Page_Enfamil Newborn, Infant  Toddler Nutri_2e0999/div_For Healthcare professionalsEnfamil Who_57071c"), 0): Object 'Object Repository/Footer/Page_Enfamil Newborn, Infant  Toddler Nutri_2e0999/div_For Healthcare professionalsEnfamil Who_57071c' is present

2022-04-18 23:44:19 - [MESSAGE][WARNING] - Timeout '0' is invalid. Using default page load timeout: '5'

2022-04-18 23:44:20 - [MESSAGE][PASSED] - Object 'Object Repository/Footer/Page_Enfamil Newborn, Infant  Toddler Nutri_2e0999/div_For Healthcare professionalsEnfamil Who_57071c' is present

2022-04-18 23:44:20 - [TEST_STEP][PASSED] - verifyElementPresent(findTestObject("Object Repository/Footer/Page_Enfamil Newborn, Infant  Toddler Nutri_2e0999/p_Enfamil Family Beginnings"), 0): Object 'Object Repository/Footer/Page_Enfamil Newborn, Infant  Toddler Nutri_2e0999/p_Enfamil Family Beginnings' is present

2022-04-18 23:44:20 - [MESSAGE][WARNING] - Timeout '0' is invalid. Using default page load timeout: '5'

2022-04-18 23:44:20 - [MESSAGE][PASSED] - Object 'Object Repository/Footer/Page_Enfamil Newborn, Infant  Toddler Nutri_2e0999/p_Enfamil Family Beginnings' is present

2022-04-18 23:44:20 - [TEST_STEP][PASSED] - verifyElementPresent(findTestObject("Object Repository/Footer/Page_Enfamil Newborn, Infant  Toddler Nutri_2e0999/img"), 0): Object 'Object Repository/Footer/Page_Enfamil Newborn, Infant  Toddler Nutri_2e0999/img' is present

2022-04-18 23:44:20 - [MESSAGE][WARNING] - Timeout '0' is invalid. Using default page load timeout: '5'

2022-04-18 23:44:21 - [MESSAGE][PASSED] - Object 'Object Repository/Footer/Page_Enfamil Newborn, Infant  Toddler Nutri_2e0999/img' is present

2022-04-18 23:44:21 - [TEST_STEP][PASSED] - verifyElementPresent(findTestObject("Object Repository/Footer/Page_Enfamil Newborn, Infant  Toddler Nutri_2e0999/span_Join for upto 400 in free gifts"), 0): Object 'Object Repository/Footer/Page_Enfamil Newborn, Infant  Toddler Nutri_2e0999/span_Join for upto 400 in free gifts' is present

2022-04-18 23:44:21 - [MESSAGE][WARNING] - Timeout '0' is invalid. Using default page load timeout: '5'

2022-04-18 23:44:21 - [MESSAGE][PASSED] - Object 'Object Repository/Footer/Page_Enfamil Newborn, Infant  Toddler Nutri_2e0999/span_Join for upto 400 in free gifts' is present

2022-04-18 23:44:21 - [TEST_STEP][PASSED] - verifyElementPresent(findTestObject("Object Repository/Footer/Page_Enfamil Newborn, Infant  Toddler Nutri_2e0999/div_Enfamil Family BeginningsJoin for upto _946d4c"), 0): Object 'Object Repository/Footer/Page_Enfamil Newborn, Infant  Toddler Nutri_2e0999/div_Enfamil Family BeginningsJoin for upto _946d4c' is present

2022-04-18 23:44:21 - [MESSAGE][WARNING] - Timeout '0' is invalid. Using default page load timeout: '5'

2022-04-18 23:44:22 - [MESSAGE][PASSED] - Object 'Object Repository/Footer/Page_Enfamil Newborn, Infant  Toddler Nutri_2e0999/div_Enfamil Family BeginningsJoin for upto _946d4c' is present

2022-04-18 23:44:22 - [TEST_STEP][PASSED] - verifyElementPresent(findTestObject("Object Repository/Footer/Page_Enfamil Newborn, Infant  Toddler Nutri_2e0999/input_First name_registerGivenNameField_1"), 0): Object 'Object Repository/Footer/Page_Enfamil Newborn, Infant  Toddler Nutri_2e0999/input_First name_registerGivenNameField_1' is present

2022-04-18 23:44:22 - [MESSAGE][WARNING] - Timeout '0' is invalid. Using default page load timeout: '5'

2022-04-18 23:44:22 - [MESSAGE][PASSED] - Object 'Object Repository/Footer/Page_Enfamil Newborn, Infant  Toddler Nutri_2e0999/input_First name_registerGivenNameField_1' is present

2022-04-18 23:44:22 - [TEST_STEP][PASSED] - verifyElementPresent(findTestObject("Object Repository/Footer/Page_Enfamil Newborn, Infant  Toddler Nutri_2e0999/input_Last name_registerFamilyNameField_1"), 0): Object 'Object Repository/Footer/Page_Enfamil Newborn, Infant  Toddler Nutri_2e0999/input_Last name_registerFamilyNameField_1' is present

2022-04-18 23:44:22 - [MESSAGE][WARNING] - Timeout '0' is invalid. Using default page load timeout: '5'

2022-04-18 23:44:23 - [MESSAGE][PASSED] - Object 'Object Repository/Footer/Page_Enfamil Newborn, Infant  Toddler Nutri_2e0999/input_Last name_registerFamilyNameField_1' is present

2022-04-18 23:44:23 - [TEST_STEP][PASSED] - verifyElementPresent(findTestObject("Object Repository/Footer/Page_Enfamil Newborn, Infant  Toddler Nutri_2e0999/input_Email_registerEmailField_1"), 0): Object 'Object Repository/Footer/Page_Enfamil Newborn, Infant  Toddler Nutri_2e0999/input_Email_registerEmailField_1' is present

2022-04-18 23:44:23 - [MESSAGE][WARNING] - Timeout '0' is invalid. Using default page load timeout: '5'

2022-04-18 23:44:23 - [MESSAGE][PASSED] - Object 'Object Repository/Footer/Page_Enfamil Newborn, Infant  Toddler Nutri_2e0999/input_Email_registerEmailField_1' is present

2022-04-18 23:44:23 - [TEST_STEP][PASSED] - verifyElementPresent(findTestObject("Object Repository/Footer/Page_Enfamil Newborn, Infant  Toddler Nutri_2e0999/input_Due date or birth date_childregisterC_87b480"), 0): Object 'Object Repository/Footer/Page_Enfamil Newborn, Infant  Toddler Nutri_2e0999/input_Due date or birth date_childregisterC_87b480' is present

2022-04-18 23:44:23 - [MESSAGE][WARNING] - Timeout '0' is invalid. Using default page load timeout: '5'

2022-04-18 23:44:23 - [MESSAGE][PASSED] - Object 'Object Repository/Footer/Page_Enfamil Newborn, Infant  Toddler Nutri_2e0999/input_Due date or birth date_childregisterC_87b480' is present

2022-04-18 23:44:23 - [TEST_STEP][PASSED] - verifyElementPresent(findTestObject("Object Repository/Footer/Page_Enfamil Newborn, Infant  Toddler Nutri_2e0999/button_Why"), 0): Object 'Object Repository/Footer/Page_Enfamil Newborn, Infant  Toddler Nutri_2e0999/button_Why' is present

2022-04-18 23:44:23 - [MESSAGE][WARNING] - Timeout '0' is invalid. Using default page load timeout: '5'

2022-04-18 23:44:24 - [MESSAGE][PASSED] - Object 'Object Repository/Footer/Page_Enfamil Newborn, Infant  Toddler Nutri_2e0999/button_Why' is present

2022-04-18 23:44:24 - [TEST_STEP][PASSED] - click(findTestObject("Object Repository/Footer/Page_Enfamil Newborn, Infant  Toddler Nutri_2e0999/button_Why")): Object: 'Object Repository/Footer/Page_Enfamil Newborn, Infant  Toddler Nutri_2e0999/button_Why' is clicked on

2022-04-18 23:44:25 - [MESSAGE][PASSED] - Object: 'Object Repository/Footer/Page_Enfamil Newborn, Infant  Toddler Nutri_2e0999/button_Why' is clicked on

2022-04-18 23:44:25 - [TEST_STEP][PASSED] - verifyElementText(findTestObject("Object Repository/Footer/Page_Enfamil Newborn, Infant  Toddler Nutri_2e0999/div_By sharing your little ones tentative b_d4444d"), "By sharing your little one's tentative birth date, we can give you personalized updates about your pregnancy, including insights about your baby's development, tips, advice and more."): Actual text and expected text of test object 'Object Repository/Footer/Page_Enfamil Newborn, Infant  Toddler Nutri_2e0999/div_By sharing your little ones tentative b_d4444d' are matched.

2022-04-18 23:44:25 - [MESSAGE][PASSED] - Actual text and expected text of test object 'Object Repository/Footer/Page_Enfamil Newborn, Infant  Toddler Nutri_2e0999/div_By sharing your little ones tentative b_d4444d' are matched.

2022-04-18 23:44:25 - [TEST_STEP][PASSED] - click(findTestObject("Object Repository/Footer/Page_Enfamil Newborn, Infant  Toddler Nutri_2e0999/button_Close")): Object: 'Object Repository/Footer/Page_Enfamil Newborn, Infant  Toddler Nutri_2e0999/button_Close' is clicked on

2022-04-18 23:44:26 - [MESSAGE][PASSED] - Object: 'Object Repository/Footer/Page_Enfamil Newborn, Infant  Toddler Nutri_2e0999/button_Close' is clicked on

2022-04-18 23:44:26 - [TEST_STEP][PASSED] - verifyElementPresent(findTestObject("Object Repository/Footer/Page_Enfamil Newborn, Infant  Toddler Nutri_2e0999/button_Join now"), 0): Object 'Object Repository/Footer/Page_Enfamil Newborn, Infant  Toddler Nutri_2e0999/button_Join now' is present

2022-04-18 23:44:26 - [MESSAGE][WARNING] - Timeout '0' is invalid. Using default page load timeout: '5'

2022-04-18 23:44:26 - [MESSAGE][PASSED] - Object 'Object Repository/Footer/Page_Enfamil Newborn, Infant  Toddler Nutri_2e0999/button_Join now' is present

2022-04-18 23:44:26 - [TEST_STEP][PASSED] - verifyElementPresent(findTestObject("Object Repository/Footer/Page_Enfamil Newborn, Infant  Toddler Nutri_2e0999/p_By clicking Join Now and Enter Sweepstake_0b0cd5"), 0): Object 'Object Repository/Footer/Page_Enfamil Newborn, Infant  Toddler Nutri_2e0999/p_By clicking Join Now and Enter Sweepstake_0b0cd5' is present

2022-04-18 23:44:27 - [MESSAGE][WARNING] - Timeout '0' is invalid. Using default page load timeout: '5'

2022-04-18 23:44:27 - [MESSAGE][PASSED] - Object 'Object Repository/Footer/Page_Enfamil Newborn, Infant  Toddler Nutri_2e0999/p_By clicking Join Now and Enter Sweepstake_0b0cd5' is present

2022-04-18 23:44:27 - [TEST_STEP][PASSED] - verifyElementPresent(findTestObject("Object Repository/Footer/Page_Enfamil Newborn, Infant  Toddler Nutri_2e0999/a_Terms of Use"), 0): Object 'Object Repository/Footer/Page_Enfamil Newborn, Infant  Toddler Nutri_2e0999/a_Terms of Use' is present

2022-04-18 23:44:27 - [MESSAGE][WARNING] - Timeout '0' is invalid. Using default page load timeout: '5'

2022-04-18 23:44:28 - [MESSAGE][PASSED] - Object 'Object Repository/Footer/Page_Enfamil Newborn, Infant  Toddler Nutri_2e0999/a_Terms of Use' is present

2022-04-18 23:44:28 - [TEST_STEP][PASSED] - verifyElementPresent(findTestObject("Object Repository/Footer/Page_Enfamil Newborn, Infant  Toddler Nutri_2e0999/a_Privacy Policy"), 0): Object 'Object Repository/Footer/Page_Enfamil Newborn, Infant  Toddler Nutri_2e0999/a_Privacy Policy' is present

2022-04-18 23:44:28 - [MESSAGE][WARNING] - Timeout '0' is invalid. Using default page load timeout: '5'

2022-04-18 23:44:28 - [MESSAGE][PASSED] - Object 'Object Repository/Footer/Page_Enfamil Newborn, Infant  Toddler Nutri_2e0999/a_Privacy Policy' is present

2022-04-18 23:44:28 - [TEST_STEP][PASSED] - verifyElementPresent(findTestObject("Object Repository/Footer/Page_Enfamil Newborn, Infant  Toddler Nutri_2e0999/a_Sweepstakes Official Rules"), 0): Object 'Object Repository/Footer/Page_Enfamil Newborn, Infant  Toddler Nutri_2e0999/a_Sweepstakes Official Rules' is present

2022-04-18 23:44:28 - [MESSAGE][WARNING] - Timeout '0' is invalid. Using default page load timeout: '5'

2022-04-18 23:44:28 - [MESSAGE][PASSED] - Object 'Object Repository/Footer/Page_Enfamil Newborn, Infant  Toddler Nutri_2e0999/a_Sweepstakes Official Rules' is present

2022-04-18 23:44:28 - [TEST_STEP][PASSED] - verifyElementPresent(findTestObject("Object Repository/Footer/Page_Enfamil Newborn, Infant  Toddler Nutri_2e0999/div_Download our app"), 0): Object 'Object Repository/Footer/Page_Enfamil Newborn, Infant  Toddler Nutri_2e0999/div_Download our app' is present

2022-04-18 23:44:28 - [MESSAGE][WARNING] - Timeout '0' is invalid. Using default page load timeout: '5'

2022-04-18 23:44:29 - [MESSAGE][PASSED] - Object 'Object Repository/Footer/Page_Enfamil Newborn, Infant  Toddler Nutri_2e0999/div_Download our app' is present

2022-04-18 23:44:29 - [TEST_STEP][PASSED] - verifyElementPresent(findTestObject("Object Repository/Footer/Page_Enfamil Newborn, Infant  Toddler Nutri_2e0999/p_For savings and personalized tips"), 0): Object 'Object Repository/Footer/Page_Enfamil Newborn, Infant  Toddler Nutri_2e0999/p_For savings and personalized tips' is present

2022-04-18 23:44:29 - [MESSAGE][WARNING] - Timeout '0' is invalid. Using default page load timeout: '5'

2022-04-18 23:44:29 - [MESSAGE][PASSED] - Object 'Object Repository/Footer/Page_Enfamil Newborn, Infant  Toddler Nutri_2e0999/p_For savings and personalized tips' is present

2022-04-18 23:44:29 - [TEST_STEP][PASSED] - verifyElementPresent(findTestObject("Object Repository/Footer/Page_Enfamil Newborn, Infant  Toddler Nutri_2e0999/img_1"), 0): Object 'Object Repository/Footer/Page_Enfamil Newborn, Infant  Toddler Nutri_2e0999/img_1' is present

2022-04-18 23:44:29 - [MESSAGE][WARNING] - Timeout '0' is invalid. Using default page load timeout: '5'

2022-04-18 23:44:30 - [MESSAGE][PASSED] - Object 'Object Repository/Footer/Page_Enfamil Newborn, Infant  Toddler Nutri_2e0999/img_1' is present

2022-04-18 23:44:30 - [TEST_STEP][PASSED] - verifyElementPresent(findTestObject("Object Repository/Footer/Page_Enfamil Newborn, Infant  Toddler Nutri_2e0999/img_1_2"), 0): Object 'Object Repository/Footer/Page_Enfamil Newborn, Infant  Toddler Nutri_2e0999/img_1_2' is present

2022-04-18 23:44:30 - [MESSAGE][WARNING] - Timeout '0' is invalid. Using default page load timeout: '5'

2022-04-18 23:44:30 - [MESSAGE][PASSED] - Object 'Object Repository/Footer/Page_Enfamil Newborn, Infant  Toddler Nutri_2e0999/img_1_2' is present

2022-04-18 23:44:30 - [TEST_STEP][PASSED] - verifyElementPresent(findTestObject("Object Repository/Footer/Page_Enfamil Newborn, Infant  Toddler Nutri_2e0999/span_Follow us"), 0): Object 'Object Repository/Footer/Page_Enfamil Newborn, Infant  Toddler Nutri_2e0999/span_Follow us' is present

2022-04-18 23:44:30 - [MESSAGE][WARNING] - Timeout '0' is invalid. Using default page load timeout: '5'

2022-04-18 23:44:30 - [MESSAGE][PASSED] - Object 'Object Repository/Footer/Page_Enfamil Newborn, Infant  Toddler Nutri_2e0999/span_Follow us' is present

2022-04-18 23:44:30 - [TEST_STEP][PASSED] - verifyElementPresent(findTestObject("Object Repository/Footer/Page_Enfamil Newborn, Infant  Toddler Nutri_2e0999/i_Follow us_social-links__icon social-links_198a1c"), 0): Object 'Object Repository/Footer/Page_Enfamil Newborn, Infant  Toddler Nutri_2e0999/i_Follow us_social-links__icon social-links_198a1c' is present

2022-04-18 23:44:30 - [MESSAGE][WARNING] - Timeout '0' is invalid. Using default page load timeout: '5'

2022-04-18 23:44:31 - [MESSAGE][PASSED] - Object 'Object Repository/Footer/Page_Enfamil Newborn, Infant  Toddler Nutri_2e0999/i_Follow us_social-links__icon social-links_198a1c' is present

2022-04-18 23:44:31 - [TEST_STEP][PASSED] - verifyElementPresent(findTestObject("Object Repository/Footer/Page_Enfamil Newborn, Infant  Toddler Nutri_2e0999/i_Instagram_social-links__icon social-links_65b7e6"), 0): Object 'Object Repository/Footer/Page_Enfamil Newborn, Infant  Toddler Nutri_2e0999/i_Instagram_social-links__icon social-links_65b7e6' is present

2022-04-18 23:44:31 - [MESSAGE][WARNING] - Timeout '0' is invalid. Using default page load timeout: '5'

2022-04-18 23:44:31 - [MESSAGE][PASSED] - Object 'Object Repository/Footer/Page_Enfamil Newborn, Infant  Toddler Nutri_2e0999/i_Instagram_social-links__icon social-links_65b7e6' is present

2022-04-18 23:44:31 - [TEST_STEP][PASSED] - verifyElementPresent(findTestObject("Object Repository/Footer/Page_Enfamil Newborn, Infant  Toddler Nutri_2e0999/i_Facebook_social-links__icon social-links__10ed12"), 0): Object 'Object Repository/Footer/Page_Enfamil Newborn, Infant  Toddler Nutri_2e0999/i_Facebook_social-links__icon social-links__10ed12' is present

2022-04-18 23:44:31 - [MESSAGE][WARNING] - Timeout '0' is invalid. Using default page load timeout: '5'

2022-04-18 23:44:32 - [MESSAGE][PASSED] - Object 'Object Repository/Footer/Page_Enfamil Newborn, Infant  Toddler Nutri_2e0999/i_Facebook_social-links__icon social-links__10ed12' is present

2022-04-18 23:44:32 - [TEST_STEP][PASSED] - verifyElementPresent(findTestObject("Object Repository/Footer/Page_Enfamil Newborn, Infant  Toddler Nutri_2e0999/i_Twitter_social-links__icon social-links___7ff13c"), 0): Object 'Object Repository/Footer/Page_Enfamil Newborn, Infant  Toddler Nutri_2e0999/i_Twitter_social-links__icon social-links___7ff13c' is present

2022-04-18 23:44:32 - [MESSAGE][WARNING] - Timeout '0' is invalid. Using default page load timeout: '5'

2022-04-18 23:44:32 - [MESSAGE][PASSED] - Object 'Object Repository/Footer/Page_Enfamil Newborn, Infant  Toddler Nutri_2e0999/i_Twitter_social-links__icon social-links___7ff13c' is present

2022-04-18 23:44:32 - [TEST_STEP][PASSED] - verifyElementPresent(findTestObject("Object Repository/Footer/Page_Enfamil Newborn, Infant  Toddler Nutri_2e0999/a_Chat with us"), 0): Object 'Object Repository/Footer/Page_Enfamil Newborn, Infant  Toddler Nutri_2e0999/a_Chat with us' is present

2022-04-18 23:44:32 - [MESSAGE][WARNING] - Timeout '0' is invalid. Using default page load timeout: '5'

2022-04-18 23:44:32 - [MESSAGE][PASSED] - Object 'Object Repository/Footer/Page_Enfamil Newborn, Infant  Toddler Nutri_2e0999/a_Chat with us' is present

2022-04-18 23:44:32 - [TEST_STEP][PASSED] - verifyElementPresent(findTestObject("Object Repository/Footer/Page_Enfamil Newborn, Infant  Toddler Nutri_2e0999/p_Monday - Friday 8 a.m. to 8 p.m. ESTEDTSa_9fe19b"), 0): Object 'Object Repository/Footer/Page_Enfamil Newborn, Infant  Toddler Nutri_2e0999/p_Monday - Friday 8 a.m. to 8 p.m. ESTEDTSa_9fe19b' is present

2022-04-18 23:44:33 - [MESSAGE][WARNING] - Timeout '0' is invalid. Using default page load timeout: '5'

2022-04-18 23:44:33 - [MESSAGE][PASSED] - Object 'Object Repository/Footer/Page_Enfamil Newborn, Infant  Toddler Nutri_2e0999/p_Monday - Friday 8 a.m. to 8 p.m. ESTEDTSa_9fe19b' is present

2022-04-18 23:44:33 - [TEST_STEP][PASSED] - verifyElementPresent(findTestObject("Object Repository/Footer/Page_Enfamil Newborn, Infant  Toddler Nutri_2e0999/span_Monday - Friday 8 a.m. to 8 p.m. ESTEDT"), 0): Object 'Object Repository/Footer/Page_Enfamil Newborn, Infant  Toddler Nutri_2e0999/span_Monday - Friday 8 a.m. to 8 p.m. ESTEDT' is present

2022-04-18 23:44:33 - [MESSAGE][WARNING] - Timeout '0' is invalid. Using default page load timeout: '5'

2022-04-18 23:44:33 - [MESSAGE][PASSED] - Object 'Object Repository/Footer/Page_Enfamil Newborn, Infant  Toddler Nutri_2e0999/span_Monday - Friday 8 a.m. to 8 p.m. ESTEDT' is present

2022-04-18 23:44:33 - [TEST_STEP][PASSED] - verifyElementPresent(findTestObject("Object Repository/Footer/Page_Enfamil Newborn, Infant  Toddler Nutri_2e0999/span_Saturday 9 a.m. to 530 p.m. ESTEDT"), 0): Object 'Object Repository/Footer/Page_Enfamil Newborn, Infant  Toddler Nutri_2e0999/span_Saturday 9 a.m. to 530 p.m. ESTEDT' is present

2022-04-18 23:44:33 - [MESSAGE][WARNING] - Timeout '0' is invalid. Using default page load timeout: '5'

2022-04-18 23:44:34 - [MESSAGE][PASSED] - Object 'Object Repository/Footer/Page_Enfamil Newborn, Infant  Toddler Nutri_2e0999/span_Saturday 9 a.m. to 530 p.m. ESTEDT' is present

2022-04-18 23:44:34 - [TEST_STEP][PASSED] - verifyElementPresent(findTestObject("Object Repository/Footer/Page_Enfamil Newborn, Infant  Toddler Nutri_2e0999/a_Email us"), 0): Object 'Object Repository/Footer/Page_Enfamil Newborn, Infant  Toddler Nutri_2e0999/a_Email us' is present

2022-04-18 23:44:34 - [MESSAGE][WARNING] - Timeout '0' is invalid. Using default page load timeout: '5'

2022-04-18 23:44:34 - [MESSAGE][PASSED] - Object 'Object Repository/Footer/Page_Enfamil Newborn, Infant  Toddler Nutri_2e0999/a_Email us' is present

2022-04-18 23:44:34 - [TEST_STEP][PASSED] - verifyElementPresent(findTestObject("Object Repository/Footer/Page_Enfamil Newborn, Infant  Toddler Nutri_2e0999/img_1_2_3"), 0): Object 'Object Repository/Footer/Page_Enfamil Newborn, Infant  Toddler Nutri_2e0999/img_1_2_3' is present

2022-04-18 23:44:34 - [MESSAGE][WARNING] - Timeout '0' is invalid. Using default page load timeout: '5'

2022-04-18 23:44:35 - [MESSAGE][PASSED] - Object 'Object Repository/Footer/Page_Enfamil Newborn, Infant  Toddler Nutri_2e0999/img_1_2_3' is present

2022-04-18 23:44:35 - [TEST_STEP][PASSED] - verifyElementPresent(findTestObject("Object Repository/Footer/Page_Enfamil Newborn, Infant  Toddler Nutri_2e0999/p_Concact us with any questions or comments"), 0): Object 'Object Repository/Footer/Page_Enfamil Newborn, Infant  Toddler Nutri_2e0999/p_Concact us with any questions or comments' is present

2022-04-18 23:44:35 - [MESSAGE][WARNING] - Timeout '0' is invalid. Using default page load timeout: '5'

2022-04-18 23:44:35 - [MESSAGE][PASSED] - Object 'Object Repository/Footer/Page_Enfamil Newborn, Infant  Toddler Nutri_2e0999/p_Concact us with any questions or comments' is present

2022-04-18 23:44:35 - [TEST_STEP][PASSED] - verifyElementPresent(findTestObject("Object Repository/Footer/Page_Enfamil Newborn, Infant  Toddler Nutri_2e0999/a_Browse FAQs"), 0): Object 'Object Repository/Footer/Page_Enfamil Newborn, Infant  Toddler Nutri_2e0999/a_Browse FAQs' is present

2022-04-18 23:44:35 - [MESSAGE][WARNING] - Timeout '0' is invalid. Using default page load timeout: '5'

2022-04-18 23:44:35 - [MESSAGE][PASSED] - Object 'Object Repository/Footer/Page_Enfamil Newborn, Infant  Toddler Nutri_2e0999/a_Browse FAQs' is present

2022-04-18 23:44:35 - [TEST_STEP][PASSED] - verifyElementPresent(findTestObject("Object Repository/Footer/Page_Enfamil Newborn, Infant  Toddler Nutri_2e0999/img_1_2_3_4"), 0): Object 'Object Repository/Footer/Page_Enfamil Newborn, Infant  Toddler Nutri_2e0999/img_1_2_3_4' is present

2022-04-18 23:44:36 - [MESSAGE][WARNING] - Timeout '0' is invalid. Using default page load timeout: '5'

2022-04-18 23:44:36 - [MESSAGE][PASSED] - Object 'Object Repository/Footer/Page_Enfamil Newborn, Infant  Toddler Nutri_2e0999/img_1_2_3_4' is present

2022-04-18 23:44:36 - [TEST_STEP][PASSED] - verifyElementPresent(findTestObject("Object Repository/Footer/Page_Enfamil Newborn, Infant  Toddler Nutri_2e0999/p_Find helpful advice and answers to parent_0992bb"), 0): Object 'Object Repository/Footer/Page_Enfamil Newborn, Infant  Toddler Nutri_2e0999/p_Find helpful advice and answers to parent_0992bb' is present

2022-04-18 23:44:36 - [MESSAGE][WARNING] - Timeout '0' is invalid. Using default page load timeout: '5'

2022-04-18 23:44:36 - [MESSAGE][PASSED] - Object 'Object Repository/Footer/Page_Enfamil Newborn, Infant  Toddler Nutri_2e0999/p_Find helpful advice and answers to parent_0992bb' is present

2022-04-18 23:44:36 - [TEST_STEP][PASSED] - verifyElementPresent(findTestObject("Object Repository/Footer/Page_Enfamil Newborn, Infant  Toddler Nutri_2e0999/a_Call us (1-800-BABY123)"), 0): Object 'Object Repository/Footer/Page_Enfamil Newborn, Infant  Toddler Nutri_2e0999/a_Call us (1-800-BABY123)' is present

2022-04-18 23:44:36 - [MESSAGE][WARNING] - Timeout '0' is invalid. Using default page load timeout: '5'

2022-04-18 23:44:37 - [MESSAGE][PASSED] - Object 'Object Repository/Footer/Page_Enfamil Newborn, Infant  Toddler Nutri_2e0999/a_Call us (1-800-BABY123)' is present

2022-04-18 23:44:37 - [TEST_STEP][PASSED] - verifyElementPresent(findTestObject("Object Repository/Footer/Page_Enfamil Newborn, Infant  Toddler Nutri_2e0999/img_1_2_3_4_5"), 0): Object 'Object Repository/Footer/Page_Enfamil Newborn, Infant  Toddler Nutri_2e0999/img_1_2_3_4_5' is present

2022-04-18 23:44:37 - [MESSAGE][WARNING] - Timeout '0' is invalid. Using default page load timeout: '5'

2022-04-18 23:44:37 - [MESSAGE][PASSED] - Object 'Object Repository/Footer/Page_Enfamil Newborn, Infant  Toddler Nutri_2e0999/img_1_2_3_4_5' is present

2022-04-18 23:44:37 - [TEST_STEP][PASSED] - verifyElementPresent(findTestObject("Object Repository/Footer/Page_Enfamil Newborn, Infant  Toddler Nutri_2e0999/a_WhatsApp"), 0): Object 'Object Repository/Footer/Page_Enfamil Newborn, Infant  Toddler Nutri_2e0999/a_WhatsApp' is present

2022-04-18 23:44:37 - [MESSAGE][WARNING] - Timeout '0' is invalid. Using default page load timeout: '5'

2022-04-18 23:44:38 - [MESSAGE][PASSED] - Object 'Object Repository/Footer/Page_Enfamil Newborn, Infant  Toddler Nutri_2e0999/a_WhatsApp' is present

2022-04-18 23:44:38 - [TEST_STEP][PASSED] - verifyElementPresent(findTestObject("Object Repository/Footer/Page_Enfamil Newborn, Infant  Toddler Nutri_2e0999/img_1_2_3_4_5_6"), 0): Object 'Object Repository/Footer/Page_Enfamil Newborn, Infant  Toddler Nutri_2e0999/img_1_2_3_4_5_6' is present

2022-04-18 23:44:38 - [MESSAGE][WARNING] - Timeout '0' is invalid. Using default page load timeout: '5'

2022-04-18 23:44:38 - [MESSAGE][PASSED] - Object 'Object Repository/Footer/Page_Enfamil Newborn, Infant  Toddler Nutri_2e0999/img_1_2_3_4_5_6' is present

2022-04-18 23:44:38 - [TEST_STEP][PASSED] - verifyElementPresent(findTestObject("Object Repository/Footer/Page_Enfamil Newborn, Infant  Toddler Nutri_2e0999/p_Monday - Friday 8 a.m. to 8 p.m. ESTEDT S_45a1e5"), 0): Object 'Object Repository/Footer/Page_Enfamil Newborn, Infant  Toddler Nutri_2e0999/p_Monday - Friday 8 a.m. to 8 p.m. ESTEDT S_45a1e5' is present

2022-04-18 23:44:38 - [MESSAGE][WARNING] - Timeout '0' is invalid. Using default page load timeout: '5'

2022-04-18 23:44:38 - [MESSAGE][PASSED] - Object 'Object Repository/Footer/Page_Enfamil Newborn, Infant  Toddler Nutri_2e0999/p_Monday - Friday 8 a.m. to 8 p.m. ESTEDT S_45a1e5' is present

2022-04-18 23:44:38 - [TEST_STEP][PASSED] - verifyElementPresent(findTestObject("Object Repository/Footer/Page_Enfamil Newborn, Infant  Toddler Nutri_2e0999/img_1_2_3_4_5_6_7"), 0): Object 'Object Repository/Footer/Page_Enfamil Newborn, Infant  Toddler Nutri_2e0999/img_1_2_3_4_5_6_7' is present

2022-04-18 23:44:38 - [MESSAGE][WARNING] - Timeout '0' is invalid. Using default page load timeout: '5'

2022-04-18 23:44:39 - [MESSAGE][PASSED] - Object 'Object Repository/Footer/Page_Enfamil Newborn, Infant  Toddler Nutri_2e0999/img_1_2_3_4_5_6_7' is present

2022-04-18 23:44:39 - [TEST_STEP][PASSED] - verifyElementPresent(findTestObject("Object Repository/Footer/Page_Enfamil Newborn, Infant  Toddler Nutri_2e0999/a_For Healthcare professionals"), 0): Object 'Object Repository/Footer/Page_Enfamil Newborn, Infant  Toddler Nutri_2e0999/a_For Healthcare professionals' is present

2022-04-18 23:44:39 - [MESSAGE][WARNING] - Timeout '0' is invalid. Using default page load timeout: '5'

2022-04-18 23:44:39 - [MESSAGE][PASSED] - Object 'Object Repository/Footer/Page_Enfamil Newborn, Infant  Toddler Nutri_2e0999/a_For Healthcare professionals' is present

2022-04-18 23:44:39 - [TEST_STEP][PASSED] - verifyElementPresent(findTestObject("Object Repository/Footer/Page_Enfamil Newborn, Infant  Toddler Nutri_2e0999/a_Enfamil Wholesale"), 0): Object 'Object Repository/Footer/Page_Enfamil Newborn, Infant  Toddler Nutri_2e0999/a_Enfamil Wholesale' is present

2022-04-18 23:44:39 - [MESSAGE][WARNING] - Timeout '0' is invalid. Using default page load timeout: '5'

2022-04-18 23:44:40 - [MESSAGE][PASSED] - Object 'Object Repository/Footer/Page_Enfamil Newborn, Infant  Toddler Nutri_2e0999/a_Enfamil Wholesale' is present

2022-04-18 23:44:40 - [TEST_STEP][PASSED] - verifyElementPresent(findTestObject("Object Repository/Footer/Page_Enfamil Newborn, Infant  Toddler Nutri_2e0999/a_California transparency in supply chains _19d4b3"), 0): Object 'Object Repository/Footer/Page_Enfamil Newborn, Infant  Toddler Nutri_2e0999/a_California transparency in supply chains _19d4b3' is present

2022-04-18 23:44:40 - [MESSAGE][WARNING] - Timeout '0' is invalid. Using default page load timeout: '5'

2022-04-18 23:44:40 - [MESSAGE][PASSED] - Object 'Object Repository/Footer/Page_Enfamil Newborn, Infant  Toddler Nutri_2e0999/a_California transparency in supply chains _19d4b3' is present

2022-04-18 23:44:40 - [TEST_STEP][PASSED] - verifyElementPresent(findTestObject("Object Repository/Footer/Page_Enfamil Newborn, Infant  Toddler Nutri_2e0999/a_Do Not Sell My Information"), 0): Object 'Object Repository/Footer/Page_Enfamil Newborn, Infant  Toddler Nutri_2e0999/a_Do Not Sell My Information' is present

2022-04-18 23:44:40 - [MESSAGE][WARNING] - Timeout '0' is invalid. Using default page load timeout: '5'

2022-04-18 23:44:40 - [MESSAGE][PASSED] - Object 'Object Repository/Footer/Page_Enfamil Newborn, Infant  Toddler Nutri_2e0999/a_Do Not Sell My Information' is present

2022-04-18 23:44:40 - [TEST_STEP][PASSED] - verifyElementPresent(findTestObject("Object Repository/Footer/Page_Enfamil Newborn, Infant  Toddler Nutri_2e0999/a_Privacy Policy_1"), 0): Object 'Object Repository/Footer/Page_Enfamil Newborn, Infant  Toddler Nutri_2e0999/a_Privacy Policy_1' is present

2022-04-18 23:44:41 - [MESSAGE][WARNING] - Timeout '0' is invalid. Using default page load timeout: '5'

2022-04-18 23:44:41 - [MESSAGE][PASSED] - Object 'Object Repository/Footer/Page_Enfamil Newborn, Infant  Toddler Nutri_2e0999/a_Privacy Policy_1' is present

2022-04-18 23:44:41 - [TEST_STEP][PASSED] - verifyElementPresent(findTestObject("Object Repository/Footer/Page_Enfamil Newborn, Infant  Toddler Nutri_2e0999/a_Terms of Use_1"), 0): Object 'Object Repository/Footer/Page_Enfamil Newborn, Infant  Toddler Nutri_2e0999/a_Terms of Use_1' is present

2022-04-18 23:44:41 - [MESSAGE][WARNING] - Timeout '0' is invalid. Using default page load timeout: '5'

2022-04-18 23:44:41 - [MESSAGE][PASSED] - Object 'Object Repository/Footer/Page_Enfamil Newborn, Infant  Toddler Nutri_2e0999/a_Terms of Use_1' is present

2022-04-18 23:44:41 - [TEST_STEP][PASSED] - verifyElementPresent(findTestObject("Object Repository/Footer/Page_Enfamil Newborn, Infant  Toddler Nutri_2e0999/a_Terms of Sale"), 0): Object 'Object Repository/Footer/Page_Enfamil Newborn, Infant  Toddler Nutri_2e0999/a_Terms of Sale' is present

2022-04-18 23:44:41 - [MESSAGE][WARNING] - Timeout '0' is invalid. Using default page load timeout: '5'

2022-04-18 23:44:42 - [MESSAGE][PASSED] - Object 'Object Repository/Footer/Page_Enfamil Newborn, Infant  Toddler Nutri_2e0999/a_Terms of Sale' is present

2022-04-18 23:44:42 - [TEST_STEP][FAILED] - verifyElementPresent(findTestObject("Object Repository/Footer/Page_Enfamil Newborn, Infant  Toddler Nutri_2e0999/button_Cookie Preference"), 0): com.kms.katalon.core.webui.exception.WebElementNotFoundException: Web element with id: 'Object Repository/Footer/Page_Enfamil Newborn, Infant  Toddler Nutri_2e0999/button_Cookie Preference' located by '(//button[@type='button'])[46]' not found (Root cause: com.kms.katalon.core.exception.StepFailedException: com.kms.katalon.core.webui.exception.WebElementNotFoundException: Web element with id: 'Object Repository/Footer/Page_Enfamil Newborn, Infant  Toddler Nutri_2e0999/button_Cookie Preference' located by '(//button[@type='button'])[46]' not found
	at com.kms.katalon.core.webui.keyword.internal.WebUIKeywordMain.stepFailed(WebUIKeywordMain.groovy:64)
	at com.kms.katalon.core.webui.keyword.builtin.VerifyElementPresentKeyword$_verifyElementPresent_closure1.doCall(VerifyElementPresentKeyword.groovy:85)
	at com.kms.katalon.core.webui.keyword.builtin.VerifyElementPresentKeyword$_verifyElementPresent_closure1.call(VerifyElementPresentKeyword.groovy)
	at com.kms.katalon.core.webui.keyword.internal.WebUIKeywordMain.runKeyword(WebUIKeywordMain.groovy:20)
	at com.kms.katalon.core.webui.keyword.builtin.VerifyElementPresentKeyword.verifyElementPresent(VerifyElementPresentKeyword.groovy:92)
	at com.kms.katalon.core.webui.keyword.builtin.VerifyElementPresentKeyword.execute(VerifyElementPresentKeyword.groovy:68)
	at com.kms.katalon.core.keyword.internal.KeywordExecutor.executeKeywordForPlatform(KeywordExecutor.groovy:74)
	at com.kms.katalon.core.webui.keyword.WebUiBuiltInKeywords.verifyElementPresent(WebUiBuiltInKeywords.groovy:1464)
	at com.kms.katalon.core.webui.keyword.WebUiBuiltInKeywords$verifyElementPresent$4.call(Unknown Source)
	at Footer - All Elements Verification - UAT.run(Footer - All Elements Verification - UAT:191)
	at com.kms.katalon.core.main.ScriptEngine.run(ScriptEngine.java:194)
	at com.kms.katalon.core.main.ScriptEngine.runScriptAsRawText(ScriptEngine.java:119)
	at com.kms.katalon.core.main.TestCaseExecutor.runScript(TestCaseExecutor.java:445)
	at com.kms.katalon.core.main.TestCaseExecutor.doExecute(TestCaseExecutor.java:436)
	at com.kms.katalon.core.main.TestCaseExecutor.processExecutionPhase(TestCaseExecutor.java:415)
	at com.kms.katalon.core.main.TestCaseExecutor.accessMainPhase(TestCaseExecutor.java:407)
	at com.kms.katalon.core.main.TestCaseExecutor.execute(TestCaseExecutor.java:284)
	at com.kms.katalon.core.common.CommonExecutor.accessTestCaseMainPhase(CommonExecutor.java:65)
	at com.kms.katalon.core.main.TestSuiteExecutor.accessTestSuiteMainPhase(TestSuiteExecutor.java:144)
	at com.kms.katalon.core.main.TestSuiteExecutor.execute(TestSuiteExecutor.java:106)
	at com.kms.katalon.core.main.TestCaseMain.startTestSuite(TestCaseMain.java:185)
	at com.kms.katalon.core.main.TestCaseMain$startTestSuite$0.call(Unknown Source)
	at TempTestSuite1650304259606.run(TempTestSuite1650304259606.groovy:36)
)

2022-04-18 23:44:42 - [MESSAGE][WARNING] - Timeout '0' is invalid. Using default page load timeout: '5'

2022-04-18 23:44:48 - [MESSAGE][INFO] - Unable to find the element located by 'By.xpath: (//button[@type='button'])[46]'. Please recheck the objects properties to make sure the desired element is located. 

2022-04-18 23:44:48 - [MESSAGE][FAILED] - com.kms.katalon.core.webui.exception.WebElementNotFoundException: Web element with id: 'Object Repository/Footer/Page_Enfamil Newborn, Infant  Toddler Nutri_2e0999/button_Cookie Preference' located by '(//button[@type='button'])[46]' not found (Root cause: com.kms.katalon.core.exception.StepFailedException: com.kms.katalon.core.webui.exception.WebElementNotFoundException: Web element with id: 'Object Repository/Footer/Page_Enfamil Newborn, Infant  Toddler Nutri_2e0999/button_Cookie Preference' located by '(//button[@type='button'])[46]' not found
	at com.kms.katalon.core.webui.keyword.internal.WebUIKeywordMain.stepFailed(WebUIKeywordMain.groovy:64)
	at com.kms.katalon.core.webui.keyword.builtin.VerifyElementPresentKeyword$_verifyElementPresent_closure1.doCall(VerifyElementPresentKeyword.groovy:85)
	at com.kms.katalon.core.webui.keyword.builtin.VerifyElementPresentKeyword$_verifyElementPresent_closure1.call(VerifyElementPresentKeyword.groovy)
	at com.kms.katalon.core.webui.keyword.internal.WebUIKeywordMain.runKeyword(WebUIKeywordMain.groovy:20)
	at com.kms.katalon.core.webui.keyword.builtin.VerifyElementPresentKeyword.verifyElementPresent(VerifyElementPresentKeyword.groovy:92)
	at com.kms.katalon.core.webui.keyword.builtin.VerifyElementPresentKeyword.execute(VerifyElementPresentKeyword.groovy:68)
	at com.kms.katalon.core.keyword.internal.KeywordExecutor.executeKeywordForPlatform(KeywordExecutor.groovy:74)
	at com.kms.katalon.core.webui.keyword.WebUiBuiltInKeywords.verifyElementPresent(WebUiBuiltInKeywords.groovy:1464)
	at com.kms.katalon.core.webui.keyword.WebUiBuiltInKeywords$verifyElementPresent$4.call(Unknown Source)
	at Footer - All Elements Verification - UAT.run(Footer - All Elements Verification - UAT:191)
	at com.kms.katalon.core.main.ScriptEngine.run(ScriptEngine.java:194)
	at com.kms.katalon.core.main.ScriptEngine.runScriptAsRawText(ScriptEngine.java:119)
	at com.kms.katalon.core.main.TestCaseExecutor.runScript(TestCaseExecutor.java:445)
	at com.kms.katalon.core.main.TestCaseExecutor.doExecute(TestCaseExecutor.java:436)
	at com.kms.katalon.core.main.TestCaseExecutor.processExecutionPhase(TestCaseExecutor.java:415)
	at com.kms.katalon.core.main.TestCaseExecutor.accessMainPhase(TestCaseExecutor.java:407)
	at com.kms.katalon.core.main.TestCaseExecutor.execute(TestCaseExecutor.java:284)
	at com.kms.katalon.core.common.CommonExecutor.accessTestCaseMainPhase(CommonExecutor.java:65)
	at com.kms.katalon.core.main.TestSuiteExecutor.accessTestSuiteMainPhase(TestSuiteExecutor.java:144)
	at com.kms.katalon.core.main.TestSuiteExecutor.execute(TestSuiteExecutor.java:106)
	at com.kms.katalon.core.main.TestCaseMain.startTestSuite(TestCaseMain.java:185)
	at com.kms.katalon.core.main.TestCaseMain$startTestSuite$0.call(Unknown Source)
	at TempTestSuite1650304259606.run(TempTestSuite1650304259606.groovy:36)
)
[[ATTACHMENT|D:\\SmoketestSuite\\enfamilUS\\Reports\\20220418_232059\\SmokeTestCollection - Venkat\\SmokeTestSuite-Collection - UAT\\20220418_232059\\1650305688437.png]]

2022-04-18 23:44:48 - [TEST_STEP][PASSED] - verifyElementPresent(findTestObject("Object Repository/Footer/Page_Enfamil Newborn, Infant  Toddler Nutri_2e0999/p_Intended for U.S. Residents Only. 1998, 2_0578d4"), 0): Object 'Object Repository/Footer/Page_Enfamil Newborn, Infant  Toddler Nutri_2e0999/p_Intended for U.S. Residents Only. 1998, 2_0578d4' is present

2022-04-18 23:44:48 - [MESSAGE][WARNING] - Timeout '0' is invalid. Using default page load timeout: '5'

2022-04-18 23:44:49 - [MESSAGE][PASSED] - Object 'Object Repository/Footer/Page_Enfamil Newborn, Infant  Toddler Nutri_2e0999/p_Intended for U.S. Residents Only. 1998, 2_0578d4' is present

2022-04-18 23:44:49 - [TEST_STEP][PASSED] - closeBrowser(): Browser is closed

2022-04-18 23:44:50 - [MESSAGE][PASSED] - Browser is closed]]></system-out>
         <system-err><![CDATA[2022-04-18 23:44:00 - [TEST_CASE][FAILED] - Test Cases/Venkat/Footer Validation/Footer - All Elements Verification - UAT: Test Cases/Venkat/Footer Validation/Footer - All Elements Verification - UAT FAILED.
Reason:
com.kms.katalon.core.exception.StepFailedException: com.kms.katalon.core.webui.exception.WebElementNotFoundException: Web element with id: 'Object Repository/Footer/Page_Enfamil Newborn, Infant  Toddler Nutri_2e0999/button_Cookie Preference' located by '(//button[@type='button'])[46]' not found (Root cause: com.kms.katalon.core.exception.StepFailedException: com.kms.katalon.core.webui.exception.WebElementNotFoundException: Web element with id: 'Object Repository/Footer/Page_Enfamil Newborn, Infant  Toddler Nutri_2e0999/button_Cookie Preference' located by '(//button[@type='button'])[46]' not found
	at com.kms.katalon.core.webui.keyword.internal.WebUIKeywordMain.stepFailed(WebUIKeywordMain.groovy:64)
	at com.kms.katalon.core.webui.keyword.builtin.VerifyElementPresentKeyword$_verifyElementPresent_closure1.doCall(VerifyElementPresentKeyword.groovy:85)
	at com.kms.katalon.core.webui.keyword.builtin.VerifyElementPresentKeyword$_verifyElementPresent_closure1.call(VerifyElementPresentKeyword.groovy)
	at com.kms.katalon.core.webui.keyword.internal.WebUIKeywordMain.runKeyword(WebUIKeywordMain.groovy:20)
	at com.kms.katalon.core.webui.keyword.builtin.VerifyElementPresentKeyword.verifyElementPresent(VerifyElementPresentKeyword.groovy:92)
	at com.kms.katalon.core.webui.keyword.builtin.VerifyElementPresentKeyword.execute(VerifyElementPresentKeyword.groovy:68)
	at com.kms.katalon.core.keyword.internal.KeywordExecutor.executeKeywordForPlatform(KeywordExecutor.groovy:74)
	at com.kms.katalon.core.webui.keyword.WebUiBuiltInKeywords.verifyElementPresent(WebUiBuiltInKeywords.groovy:1464)
	at com.kms.katalon.core.webui.keyword.WebUiBuiltInKeywords$verifyElementPresent$4.call(Unknown Source)
	at Footer - All Elements Verification - UAT.run(Footer - All Elements Verification - UAT:191)
	at com.kms.katalon.core.main.ScriptEngine.run(ScriptEngine.java:194)
	at com.kms.katalon.core.main.ScriptEngine.runScriptAsRawText(ScriptEngine.java:119)
	at com.kms.katalon.core.main.TestCaseExecutor.runScript(TestCaseExecutor.java:445)
	at com.kms.katalon.core.main.TestCaseExecutor.doExecute(TestCaseExecutor.java:436)
	at com.kms.katalon.core.main.TestCaseExecutor.processExecutionPhase(TestCaseExecutor.java:415)
	at com.kms.katalon.core.main.TestCaseExecutor.accessMainPhase(TestCaseExecutor.java:407)
	at com.kms.katalon.core.main.TestCaseExecutor.execute(TestCaseExecutor.java:284)
	at com.kms.katalon.core.common.CommonExecutor.accessTestCaseMainPhase(CommonExecutor.java:65)
	at com.kms.katalon.core.main.TestSuiteExecutor.accessTestSuiteMainPhase(TestSuiteExecutor.java:144)
	at com.kms.katalon.core.main.TestSuiteExecutor.execute(TestSuiteExecutor.java:106)
	at com.kms.katalon.core.main.TestCaseMain.startTestSuite(TestCaseMain.java:185)
	at com.kms.katalon.core.main.TestCaseMain$startTestSuite$0.call(Unknown Source)
	at TempTestSuite1650304259606.run(TempTestSuite1650304259606.groovy:36)
)
	at com.kms.katalon.core.keyword.internal.KeywordMain.stepFailed(KeywordMain.groovy:39)
	at com.kms.katalon.core.webui.keyword.internal.WebUIKeywordMain.stepFailed(WebUIKeywordMain.groovy:64)
	at com.kms.katalon.core.webui.keyword.builtin.VerifyElementPresentKeyword$_verifyElementPresent_closure1.doCall(VerifyElementPresentKeyword.groovy:85)
	at com.kms.katalon.core.webui.keyword.builtin.VerifyElementPresentKeyword$_verifyElementPresent_closure1.call(VerifyElementPresentKeyword.groovy)
	at com.kms.katalon.core.webui.keyword.internal.WebUIKeywordMain.runKeyword(WebUIKeywordMain.groovy:20)
	at com.kms.katalon.core.webui.keyword.builtin.VerifyElementPresentKeyword.verifyElementPresent(VerifyElementPresentKeyword.groovy:92)
	at com.kms.katalon.core.webui.keyword.builtin.VerifyElementPresentKeyword.execute(VerifyElementPresentKeyword.groovy:68)
	at com.kms.katalon.core.keyword.internal.KeywordExecutor.executeKeywordForPlatform(KeywordExecutor.groovy:74)
	at com.kms.katalon.core.webui.keyword.WebUiBuiltInKeywords.verifyElementPresent(WebUiBuiltInKeywords.groovy:1464)
	at com.kms.katalon.core.webui.keyword.WebUiBuiltInKeywords$verifyElementPresent$4.call(Unknown Source)
	at Footer - All Elements Verification - UAT.run(Footer - All Elements Verification - UAT:191)
	at com.kms.katalon.core.main.ScriptEngine.run(ScriptEngine.java:194)
	at com.kms.katalon.core.main.ScriptEngine.runScriptAsRawText(ScriptEngine.java:119)
	at com.kms.katalon.core.main.TestCaseExecutor.runScript(TestCaseExecutor.java:445)
	at com.kms.katalon.core.main.TestCaseExecutor.doExecute(TestCaseExecutor.java:436)
	at com.kms.katalon.core.main.TestCaseExecutor.processExecutionPhase(TestCaseExecutor.java:415)
	at com.kms.katalon.core.main.TestCaseExecutor.accessMainPhase(TestCaseExecutor.java:407)
	at com.kms.katalon.core.main.TestCaseExecutor.execute(TestCaseExecutor.java:284)
	at com.kms.katalon.core.common.CommonExecutor.accessTestCaseMainPhase(CommonExecutor.java:65)
	at com.kms.katalon.core.main.TestSuiteExecutor.accessTestSuiteMainPhase(TestSuiteExecutor.java:144)
	at com.kms.katalon.core.main.TestSuiteExecutor.execute(TestSuiteExecutor.java:106)
	at com.kms.katalon.core.main.TestCaseMain.startTestSuite(TestCaseMain.java:185)
	at com.kms.katalon.core.main.TestCaseMain$startTestSuite$0.call(Unknown Source)
	at TempTestSuite1650304259606.run(TempTestSuite1650304259606.groovy:36)
Caused by: com.kms.katalon.core.exception.StepFailedException: com.kms.katalon.core.webui.exception.WebElementNotFoundException: Web element with id: 'Object Repository/Footer/Page_Enfamil Newborn, Infant  Toddler Nutri_2e0999/button_Cookie Preference' located by '(//button[@type='button'])[46]' not found
	... 23 more]]></system-err>
      </testcase>
      <testcase name="Test Cases/Venkat/Footer Validation/Footer - CTA link Verification - UAT" time="136.713" classname="Test Cases/Venkat/Footer Validation/Footer - CTA link Verification - UAT" status="FAILED">
         <failure type="FAILED" message="Test Cases/Venkat/Footer Validation/Footer - CTA link Verification - UAT FAILED.
Reason:
com.kms.katalon.core.exception.StepFailedException: Web element with id: 'Object Repository/Footer/Page_Enfamil Newborn, Infant  Toddler Nutri_2e0999/button_Cookie Preference (2) (1)' located by '(//button[@type='button'])[46]' not found (Root cause: com.kms.katalon.core.exception.StepFailedException: Web element with id: 'Object Repository/Footer/Page_Enfamil Newborn, Infant  Toddler Nutri_2e0999/button_Cookie Preference (2) (1)' located by '(//button[@type='button'])[46]' not found
	at com.kms.katalon.core.webui.keyword.internal.WebUIKeywordMain.stepFailed(WebUIKeywordMain.groovy:64)
	at com.kms.katalon.core.webui.keyword.builtin.VerifyElementClickableKeyword$_verifyElementClickable_closure1.doCall(VerifyElementClickableKeyword.groovy:88)
	at com.kms.katalon.core.webui.keyword.builtin.VerifyElementClickableKeyword$_verifyElementClickable_closure1.call(VerifyElementClickableKeyword.groovy)
	at com.kms.katalon.core.webui.keyword.internal.WebUIKeywordMain.runKeyword(WebUIKeywordMain.groovy:20)
	at com.kms.katalon.core.webui.keyword.builtin.VerifyElementClickableKeyword.verifyElementClickable(VerifyElementClickableKeyword.groovy:96)
	at com.kms.katalon.core.webui.keyword.builtin.VerifyElementClickableKeyword.execute(VerifyElementClickableKeyword.groovy:67)
	at com.kms.katalon.core.keyword.internal.KeywordExecutor.executeKeywordForPlatform(KeywordExecutor.groovy:74)
	at com.kms.katalon.core.webui.keyword.WebUiBuiltInKeywords.verifyElementClickable(WebUiBuiltInKeywords.groovy:566)
	at com.kms.katalon.core.webui.keyword.WebUiBuiltInKeywords$verifyElementClickable$6.call(Unknown Source)
	at Footer - CTA link Verification - UAT.run(Footer - CTA link Verification - UAT:67)
	at com.kms.katalon.core.main.ScriptEngine.run(ScriptEngine.java:194)
	at com.kms.katalon.core.main.ScriptEngine.runScriptAsRawText(ScriptEngine.java:119)
	at com.kms.katalon.core.main.TestCaseExecutor.runScript(TestCaseExecutor.java:445)
	at com.kms.katalon.core.main.TestCaseExecutor.doExecute(TestCaseExecutor.java:436)
	at com.kms.katalon.core.main.TestCaseExecutor.processExecutionPhase(TestCaseExecutor.java:415)
	at com.kms.katalon.core.main.TestCaseExecutor.accessMainPhase(TestCaseExecutor.java:407)
	at com.kms.katalon.core.main.TestCaseExecutor.execute(TestCaseExecutor.java:284)
	at com.kms.katalon.core.common.CommonExecutor.accessTestCaseMainPhase(CommonExecutor.java:65)
	at com.kms.katalon.core.main.TestSuiteExecutor.accessTestSuiteMainPhase(TestSuiteExecutor.java:144)
	at com.kms.katalon.core.main.TestSuiteExecutor.execute(TestSuiteExecutor.java:106)
	at com.kms.katalon.core.main.TestCaseMain.startTestSuite(TestCaseMain.java:185)
	at com.kms.katalon.core.main.TestCaseMain$startTestSuite$0.call(Unknown Source)
	at TempTestSuite1650304259606.run(TempTestSuite1650304259606.groovy:36)
)
	at com.kms.katalon.core.keyword.internal.KeywordMain.stepFailed(KeywordMain.groovy:39)
	at com.kms.katalon.core.webui.keyword.internal.WebUIKeywordMain.stepFailed(WebUIKeywordMain.groovy:64)
	at com.kms.katalon.core.webui.keyword.builtin.VerifyElementClickableKeyword$_verifyElementClickable_closure1.doCall(VerifyElementClickableKeyword.groovy:88)
	at com.kms.katalon.core.webui.keyword.builtin.VerifyElementClickableKeyword$_verifyElementClickable_closure1.call(VerifyElementClickableKeyword.groovy)
	at com.kms.katalon.core.webui.keyword.internal.WebUIKeywordMain.runKeyword(WebUIKeywordMain.groovy:20)
	at com.kms.katalon.core.webui.keyword.builtin.VerifyElementClickableKeyword.verifyElementClickable(VerifyElementClickableKeyword.groovy:96)
	at com.kms.katalon.core.webui.keyword.builtin.VerifyElementClickableKeyword.execute(VerifyElementClickableKeyword.groovy:67)
	at com.kms.katalon.core.keyword.internal.KeywordExecutor.executeKeywordForPlatform(KeywordExecutor.groovy:74)
	at com.kms.katalon.core.webui.keyword.WebUiBuiltInKeywords.verifyElementClickable(WebUiBuiltInKeywords.groovy:566)
	at com.kms.katalon.core.webui.keyword.WebUiBuiltInKeywords$verifyElementClickable$6.call(Unknown Source)
	at Footer - CTA link Verification - UAT.run(Footer - CTA link Verification - UAT:67)
	at com.kms.katalon.core.main.ScriptEngine.run(ScriptEngine.java:194)
	at com.kms.katalon.core.main.ScriptEngine.runScriptAsRawText(ScriptEngine.java:119)
	at com.kms.katalon.core.main.TestCaseExecutor.runScript(TestCaseExecutor.java:445)
	at com.kms.katalon.core.main.TestCaseExecutor.doExecute(TestCaseExecutor.java:436)
	at com.kms.katalon.core.main.TestCaseExecutor.processExecutionPhase(TestCaseExecutor.java:415)
	at com.kms.katalon.core.main.TestCaseExecutor.accessMainPhase(TestCaseExecutor.java:407)
	at com.kms.katalon.core.main.TestCaseExecutor.execute(TestCaseExecutor.java:284)
	at com.kms.katalon.core.common.CommonExecutor.accessTestCaseMainPhase(CommonExecutor.java:65)
	at com.kms.katalon.core.main.TestSuiteExecutor.accessTestSuiteMainPhase(TestSuiteExecutor.java:144)
	at com.kms.katalon.core.main.TestSuiteExecutor.execute(TestSuiteExecutor.java:106)
	at com.kms.katalon.core.main.TestCaseMain.startTestSuite(TestCaseMain.java:185)
	at com.kms.katalon.core.main.TestCaseMain$startTestSuite$0.call(Unknown Source)
	at TempTestSuite1650304259606.run(TempTestSuite1650304259606.groovy:36)
Caused by: com.kms.katalon.core.exception.StepFailedException: Web element with id: 'Object Repository/Footer/Page_Enfamil Newborn, Infant  Toddler Nutri_2e0999/button_Cookie Preference (2) (1)' located by '(//button[@type='button'])[46]' not found
	... 23 more
"/>
         <system-out><![CDATA[2022-04-18 23:44:50 - [TEST_CASE][FAILED] - Test Cases/Venkat/Footer Validation/Footer - CTA link Verification - UAT: Test Cases/Venkat/Footer Validation/Footer - CTA link Verification - UAT FAILED.
Reason:
com.kms.katalon.core.exception.StepFailedException: Web element with id: 'Object Repository/Footer/Page_Enfamil Newborn, Infant  Toddler Nutri_2e0999/button_Cookie Preference (2) (1)' located by '(//button[@type='button'])[46]' not found (Root cause: com.kms.katalon.core.exception.StepFailedException: Web element with id: 'Object Repository/Footer/Page_Enfamil Newborn, Infant  Toddler Nutri_2e0999/button_Cookie Preference (2) (1)' located by '(//button[@type='button'])[46]' not found
	at com.kms.katalon.core.webui.keyword.internal.WebUIKeywordMain.stepFailed(WebUIKeywordMain.groovy:64)
	at com.kms.katalon.core.webui.keyword.builtin.VerifyElementClickableKeyword$_verifyElementClickable_closure1.doCall(VerifyElementClickableKeyword.groovy:88)
	at com.kms.katalon.core.webui.keyword.builtin.VerifyElementClickableKeyword$_verifyElementClickable_closure1.call(VerifyElementClickableKeyword.groovy)
	at com.kms.katalon.core.webui.keyword.internal.WebUIKeywordMain.runKeyword(WebUIKeywordMain.groovy:20)
	at com.kms.katalon.core.webui.keyword.builtin.VerifyElementClickableKeyword.verifyElementClickable(VerifyElementClickableKeyword.groovy:96)
	at com.kms.katalon.core.webui.keyword.builtin.VerifyElementClickableKeyword.execute(VerifyElementClickableKeyword.groovy:67)
	at com.kms.katalon.core.keyword.internal.KeywordExecutor.executeKeywordForPlatform(KeywordExecutor.groovy:74)
	at com.kms.katalon.core.webui.keyword.WebUiBuiltInKeywords.verifyElementClickable(WebUiBuiltInKeywords.groovy:566)
	at com.kms.katalon.core.webui.keyword.WebUiBuiltInKeywords$verifyElementClickable$6.call(Unknown Source)
	at Footer - CTA link Verification - UAT.run(Footer - CTA link Verification - UAT:67)
	at com.kms.katalon.core.main.ScriptEngine.run(ScriptEngine.java:194)
	at com.kms.katalon.core.main.ScriptEngine.runScriptAsRawText(ScriptEngine.java:119)
	at com.kms.katalon.core.main.TestCaseExecutor.runScript(TestCaseExecutor.java:445)
	at com.kms.katalon.core.main.TestCaseExecutor.doExecute(TestCaseExecutor.java:436)
	at com.kms.katalon.core.main.TestCaseExecutor.processExecutionPhase(TestCaseExecutor.java:415)
	at com.kms.katalon.core.main.TestCaseExecutor.accessMainPhase(TestCaseExecutor.java:407)
	at com.kms.katalon.core.main.TestCaseExecutor.execute(TestCaseExecutor.java:284)
	at com.kms.katalon.core.common.CommonExecutor.accessTestCaseMainPhase(CommonExecutor.java:65)
	at com.kms.katalon.core.main.TestSuiteExecutor.accessTestSuiteMainPhase(TestSuiteExecutor.java:144)
	at com.kms.katalon.core.main.TestSuiteExecutor.execute(TestSuiteExecutor.java:106)
	at com.kms.katalon.core.main.TestCaseMain.startTestSuite(TestCaseMain.java:185)
	at com.kms.katalon.core.main.TestCaseMain$startTestSuite$0.call(Unknown Source)
	at TempTestSuite1650304259606.run(TempTestSuite1650304259606.groovy:36)
)
	at com.kms.katalon.core.keyword.internal.KeywordMain.stepFailed(KeywordMain.groovy:39)
	at com.kms.katalon.core.webui.keyword.internal.WebUIKeywordMain.stepFailed(WebUIKeywordMain.groovy:64)
	at com.kms.katalon.core.webui.keyword.builtin.VerifyElementClickableKeyword$_verifyElementClickable_closure1.doCall(VerifyElementClickableKeyword.groovy:88)
	at com.kms.katalon.core.webui.keyword.builtin.VerifyElementClickableKeyword$_verifyElementClickable_closure1.call(VerifyElementClickableKeyword.groovy)
	at com.kms.katalon.core.webui.keyword.internal.WebUIKeywordMain.runKeyword(WebUIKeywordMain.groovy:20)
	at com.kms.katalon.core.webui.keyword.builtin.VerifyElementClickableKeyword.verifyElementClickable(VerifyElementClickableKeyword.groovy:96)
	at com.kms.katalon.core.webui.keyword.builtin.VerifyElementClickableKeyword.execute(VerifyElementClickableKeyword.groovy:67)
	at com.kms.katalon.core.keyword.internal.KeywordExecutor.executeKeywordForPlatform(KeywordExecutor.groovy:74)
	at com.kms.katalon.core.webui.keyword.WebUiBuiltInKeywords.verifyElementClickable(WebUiBuiltInKeywords.groovy:566)
	at com.kms.katalon.core.webui.keyword.WebUiBuiltInKeywords$verifyElementClickable$6.call(Unknown Source)
	at Footer - CTA link Verification - UAT.run(Footer - CTA link Verification - UAT:67)
	at com.kms.katalon.core.main.ScriptEngine.run(ScriptEngine.java:194)
	at com.kms.katalon.core.main.ScriptEngine.runScriptAsRawText(ScriptEngine.java:119)
	at com.kms.katalon.core.main.TestCaseExecutor.runScript(TestCaseExecutor.java:445)
	at com.kms.katalon.core.main.TestCaseExecutor.doExecute(TestCaseExecutor.java:436)
	at com.kms.katalon.core.main.TestCaseExecutor.processExecutionPhase(TestCaseExecutor.java:415)
	at com.kms.katalon.core.main.TestCaseExecutor.accessMainPhase(TestCaseExecutor.java:407)
	at com.kms.katalon.core.main.TestCaseExecutor.execute(TestCaseExecutor.java:284)
	at com.kms.katalon.core.common.CommonExecutor.accessTestCaseMainPhase(CommonExecutor.java:65)
	at com.kms.katalon.core.main.TestSuiteExecutor.accessTestSuiteMainPhase(TestSuiteExecutor.java:144)
	at com.kms.katalon.core.main.TestSuiteExecutor.execute(TestSuiteExecutor.java:106)
	at com.kms.katalon.core.main.TestCaseMain.startTestSuite(TestCaseMain.java:185)
	at com.kms.katalon.core.main.TestCaseMain$startTestSuite$0.call(Unknown Source)
	at TempTestSuite1650304259606.run(TempTestSuite1650304259606.groovy:36)
Caused by: com.kms.katalon.core.exception.StepFailedException: Web element with id: 'Object Repository/Footer/Page_Enfamil Newborn, Infant  Toddler Nutri_2e0999/button_Cookie Preference (2) (1)' located by '(//button[@type='button'])[46]' not found
	... 23 more


2022-04-18 23:44:50 - [TEST_STEP][PASSED] - openBrowser(""): Browser is opened with url: ''

2022-04-18 23:44:50 - [MESSAGE][INFO] - Starting 'Chrome' driver

2022-04-18 23:44:50 - [MESSAGE][INFO] - Action delay is set to 0 milliseconds

2022-04-18 23:44:52 - [MESSAGE][PASSED] - Browser is opened with url: ''

2022-04-18 23:44:52 - [TEST_STEP][PASSED] - navigateToUrl(HomePage): Navigate to 'https://enfamil-us.cdn.test.us-east-1.starterkit.rbcloud.io/' successfully

2022-04-18 23:44:54 - [MESSAGE][PASSED] - Navigate to 'https://enfamil-us.cdn.test.us-east-1.starterkit.rbcloud.io/' successfully

2022-04-18 23:44:54 - [TEST_STEP][PASSED] - maximizeWindow(): Current window maximized

2022-04-18 23:44:54 - [MESSAGE][PASSED] - Current window maximized

2022-04-18 23:44:54 - [TEST_STEP][PASSED] - delay(10): Delayed 10 second(s)

2022-04-18 23:45:04 - [MESSAGE][PASSED] - Delayed 10 second(s)

2022-04-18 23:45:04 - [TEST_STEP][PASSED] - click(findTestObject("Object Repository/Footer/Page_Enfamil Newborn, Infant  Toddler Nutri_2e0999/button_GOT IT_onetrust-close-btn-handler on_95ce22 (2) (1)")): Object: 'Object Repository/Footer/Page_Enfamil Newborn, Infant  Toddler Nutri_2e0999/button_GOT IT_onetrust-close-btn-handler on_95ce22 (2) (1)' is clicked on

2022-04-18 23:45:05 - [MESSAGE][PASSED] - Object: 'Object Repository/Footer/Page_Enfamil Newborn, Infant  Toddler Nutri_2e0999/button_GOT IT_onetrust-close-btn-handler on_95ce22 (2) (1)' is clicked on

2022-04-18 23:45:05 - [TEST_STEP][PASSED] - scrollToElement(findTestObject("Object Repository/Footer/Page_Enfamil Newborn, Infant  Toddler Nutri_2e0999/button_Join now (1) (1)"), 0): Scroll to object 'Object Repository/Footer/Page_Enfamil Newborn, Infant  Toddler Nutri_2e0999/button_Join now (1) (1)' successfully

2022-04-18 23:45:05 - [MESSAGE][WARNING] - Timeout '0' is invalid. Using default page load timeout: '5'

2022-04-18 23:45:07 - [MESSAGE][PASSED] - Scroll to object 'Object Repository/Footer/Page_Enfamil Newborn, Infant  Toddler Nutri_2e0999/button_Join now (1) (1)' successfully

2022-04-18 23:45:07 - [TEST_STEP][PASSED] - verifyElementClickable(findTestObject("Object Repository/Footer/Page_Enfamil Newborn, Infant  Toddler Nutri_2e0999/button_Join now (1) (1)")): Object 'Object Repository/Footer/Page_Enfamil Newborn, Infant  Toddler Nutri_2e0999/button_Join now (1) (1)' is clickable

2022-04-18 23:45:08 - [MESSAGE][PASSED] - Object 'Object Repository/Footer/Page_Enfamil Newborn, Infant  Toddler Nutri_2e0999/button_Join now (1) (1)' is clickable

2022-04-18 23:45:08 - [TEST_STEP][PASSED] - verifyElementClickable(findTestObject("Object Repository/Footer/Page_Enfamil Newborn, Infant  Toddler Nutri_2e0999/i_Follow us_social-links__icon social-links_198a1c (1) (1)")): Object 'Object Repository/Footer/Page_Enfamil Newborn, Infant  Toddler Nutri_2e0999/i_Follow us_social-links__icon social-links_198a1c (1) (1)' is clickable

2022-04-18 23:45:08 - [MESSAGE][PASSED] - Object 'Object Repository/Footer/Page_Enfamil Newborn, Infant  Toddler Nutri_2e0999/i_Follow us_social-links__icon social-links_198a1c (1) (1)' is clickable

2022-04-18 23:45:08 - [TEST_STEP][PASSED] - verifyElementClickable(findTestObject("Object Repository/Footer/Page_Enfamil Newborn, Infant  Toddler Nutri_2e0999/i_Instagram_social-links__icon social-links_65b7e6 (1) (1)")): Object 'Object Repository/Footer/Page_Enfamil Newborn, Infant  Toddler Nutri_2e0999/i_Instagram_social-links__icon social-links_65b7e6 (1) (1)' is clickable

2022-04-18 23:45:09 - [MESSAGE][PASSED] - Object 'Object Repository/Footer/Page_Enfamil Newborn, Infant  Toddler Nutri_2e0999/i_Instagram_social-links__icon social-links_65b7e6 (1) (1)' is clickable

2022-04-18 23:45:09 - [TEST_STEP][PASSED] - verifyElementClickable(findTestObject("Object Repository/Footer/Page_Enfamil Newborn, Infant  Toddler Nutri_2e0999/i_Facebook_social-links__icon social-links__10ed12 (1) (1)")): Object 'Object Repository/Footer/Page_Enfamil Newborn, Infant  Toddler Nutri_2e0999/i_Facebook_social-links__icon social-links__10ed12 (1) (1)' is clickable

2022-04-18 23:45:10 - [MESSAGE][PASSED] - Object 'Object Repository/Footer/Page_Enfamil Newborn, Infant  Toddler Nutri_2e0999/i_Facebook_social-links__icon social-links__10ed12 (1) (1)' is clickable

2022-04-18 23:45:10 - [TEST_STEP][PASSED] - verifyElementClickable(findTestObject("Object Repository/Footer/Page_Enfamil Newborn, Infant  Toddler Nutri_2e0999/i_Twitter_social-links__icon social-links___7ff13c (1) (1)")): Object 'Object Repository/Footer/Page_Enfamil Newborn, Infant  Toddler Nutri_2e0999/i_Twitter_social-links__icon social-links___7ff13c (1) (1)' is clickable

2022-04-18 23:45:10 - [MESSAGE][PASSED] - Object 'Object Repository/Footer/Page_Enfamil Newborn, Infant  Toddler Nutri_2e0999/i_Twitter_social-links__icon social-links___7ff13c (1) (1)' is clickable

2022-04-18 23:45:10 - [TEST_STEP][PASSED] - verifyElementClickable(findTestObject("Object Repository/Footer/Page_Enfamil Newborn, Infant  Toddler Nutri_2e0999/a_Chat with us (1) (1)")): Object 'Object Repository/Footer/Page_Enfamil Newborn, Infant  Toddler Nutri_2e0999/a_Chat with us (1) (1)' is clickable

2022-04-18 23:45:11 - [MESSAGE][PASSED] - Object 'Object Repository/Footer/Page_Enfamil Newborn, Infant  Toddler Nutri_2e0999/a_Chat with us (1) (1)' is clickable

2022-04-18 23:45:11 - [TEST_STEP][PASSED] - verifyElementClickable(findTestObject("Object Repository/Footer/Page_Enfamil Newborn, Infant  Toddler Nutri_2e0999/a_Email us (2) (1)")): Object 'Object Repository/Footer/Page_Enfamil Newborn, Infant  Toddler Nutri_2e0999/a_Email us (2) (1)' is clickable

2022-04-18 23:45:11 - [MESSAGE][PASSED] - Object 'Object Repository/Footer/Page_Enfamil Newborn, Infant  Toddler Nutri_2e0999/a_Email us (2) (1)' is clickable

2022-04-18 23:45:11 - [TEST_STEP][PASSED] - verifyElementClickable(findTestObject("Object Repository/Footer/Page_Enfamil Newborn, Infant  Toddler Nutri_2e0999/a_Browse FAQs (2) (1)")): Object 'Object Repository/Footer/Page_Enfamil Newborn, Infant  Toddler Nutri_2e0999/a_Browse FAQs (2) (1)' is clickable

2022-04-18 23:45:11 - [MESSAGE][PASSED] - Object 'Object Repository/Footer/Page_Enfamil Newborn, Infant  Toddler Nutri_2e0999/a_Browse FAQs (2) (1)' is clickable

2022-04-18 23:45:11 - [TEST_STEP][PASSED] - verifyElementClickable(findTestObject("Object Repository/Footer/Page_Enfamil Newborn, Infant  Toddler Nutri_2e0999/a_Call us (1-800-BABY123) (2) (1)")): Object 'Object Repository/Footer/Page_Enfamil Newborn, Infant  Toddler Nutri_2e0999/a_Call us (1-800-BABY123) (2) (1)' is clickable

2022-04-18 23:45:12 - [MESSAGE][PASSED] - Object 'Object Repository/Footer/Page_Enfamil Newborn, Infant  Toddler Nutri_2e0999/a_Call us (1-800-BABY123) (2) (1)' is clickable

2022-04-18 23:45:12 - [TEST_STEP][PASSED] - verifyElementClickable(findTestObject("Object Repository/Footer/Page_Enfamil Newborn, Infant  Toddler Nutri_2e0999/a_WhatsApp (2) (1)")): Object 'Object Repository/Footer/Page_Enfamil Newborn, Infant  Toddler Nutri_2e0999/a_WhatsApp (2) (1)' is clickable

2022-04-18 23:45:12 - [MESSAGE][PASSED] - Object 'Object Repository/Footer/Page_Enfamil Newborn, Infant  Toddler Nutri_2e0999/a_WhatsApp (2) (1)' is clickable

2022-04-18 23:45:12 - [TEST_STEP][PASSED] - verifyElementClickable(findTestObject("Object Repository/Footer/Page_Enfamil Newborn, Infant  Toddler Nutri_2e0999/a_For Healthcare professionals (2) (1)")): Object 'Object Repository/Footer/Page_Enfamil Newborn, Infant  Toddler Nutri_2e0999/a_For Healthcare professionals (2) (1)' is clickable

2022-04-18 23:45:13 - [MESSAGE][PASSED] - Object 'Object Repository/Footer/Page_Enfamil Newborn, Infant  Toddler Nutri_2e0999/a_For Healthcare professionals (2) (1)' is clickable

2022-04-18 23:45:13 - [TEST_STEP][PASSED] - verifyElementClickable(findTestObject("Object Repository/Footer/Page_Enfamil Newborn, Infant  Toddler Nutri_2e0999/a_Enfamil Wholesale (2) (1)")): Object 'Object Repository/Footer/Page_Enfamil Newborn, Infant  Toddler Nutri_2e0999/a_Enfamil Wholesale (2) (1)' is clickable

2022-04-18 23:45:13 - [MESSAGE][PASSED] - Object 'Object Repository/Footer/Page_Enfamil Newborn, Infant  Toddler Nutri_2e0999/a_Enfamil Wholesale (2) (1)' is clickable

2022-04-18 23:45:13 - [TEST_STEP][PASSED] - verifyElementClickable(findTestObject("Object Repository/Footer/Page_Enfamil Newborn, Infant  Toddler Nutri_2e0999/a_California transparency in supply chains _19d4b3 (2) (1)")): Object 'Object Repository/Footer/Page_Enfamil Newborn, Infant  Toddler Nutri_2e0999/a_California transparency in supply chains _19d4b3 (2) (1)' is clickable

2022-04-18 23:45:13 - [MESSAGE][PASSED] - Object 'Object Repository/Footer/Page_Enfamil Newborn, Infant  Toddler Nutri_2e0999/a_California transparency in supply chains _19d4b3 (2) (1)' is clickable

2022-04-18 23:45:13 - [TEST_STEP][PASSED] - verifyElementClickable(findTestObject("Object Repository/Footer/Page_Enfamil Newborn, Infant  Toddler Nutri_2e0999/a_Do Not Sell My Information (2) (1)")): Object 'Object Repository/Footer/Page_Enfamil Newborn, Infant  Toddler Nutri_2e0999/a_Do Not Sell My Information (2) (1)' is clickable

2022-04-18 23:45:14 - [MESSAGE][PASSED] - Object 'Object Repository/Footer/Page_Enfamil Newborn, Infant  Toddler Nutri_2e0999/a_Do Not Sell My Information (2) (1)' is clickable

2022-04-18 23:45:14 - [TEST_STEP][PASSED] - verifyElementClickable(findTestObject("Object Repository/Footer/Page_Enfamil Newborn, Infant  Toddler Nutri_2e0999/a_Privacy Policy (2) (1)")): Object 'Object Repository/Footer/Page_Enfamil Newborn, Infant  Toddler Nutri_2e0999/a_Privacy Policy (2) (1)' is clickable

2022-04-18 23:45:14 - [MESSAGE][PASSED] - Object 'Object Repository/Footer/Page_Enfamil Newborn, Infant  Toddler Nutri_2e0999/a_Privacy Policy (2) (1)' is clickable

2022-04-18 23:45:14 - [TEST_STEP][PASSED] - verifyElementClickable(findTestObject("Object Repository/Footer/Page_Enfamil Newborn, Infant  Toddler Nutri_2e0999/a_Terms of Use (2) (1)")): Object 'Object Repository/Footer/Page_Enfamil Newborn, Infant  Toddler Nutri_2e0999/a_Terms of Use (2) (1)' is clickable

2022-04-18 23:45:15 - [MESSAGE][PASSED] - Object 'Object Repository/Footer/Page_Enfamil Newborn, Infant  Toddler Nutri_2e0999/a_Terms of Use (2) (1)' is clickable

2022-04-18 23:45:15 - [TEST_STEP][PASSED] - verifyElementClickable(findTestObject("Object Repository/Footer/Page_Enfamil Newborn, Infant  Toddler Nutri_2e0999/a_Terms of Sale (2) (1)")): Object 'Object Repository/Footer/Page_Enfamil Newborn, Infant  Toddler Nutri_2e0999/a_Terms of Sale (2) (1)' is clickable

2022-04-18 23:45:15 - [MESSAGE][PASSED] - Object 'Object Repository/Footer/Page_Enfamil Newborn, Infant  Toddler Nutri_2e0999/a_Terms of Sale (2) (1)' is clickable

2022-04-18 23:45:15 - [TEST_STEP][FAILED] - verifyElementClickable(findTestObject("Object Repository/Footer/Page_Enfamil Newborn, Infant  Toddler Nutri_2e0999/button_Cookie Preference (2) (1)")): Web element with id: 'Object Repository/Footer/Page_Enfamil Newborn, Infant  Toddler Nutri_2e0999/button_Cookie Preference (2) (1)' located by '(//button[@type='button'])[46]' not found (Root cause: com.kms.katalon.core.exception.StepFailedException: Web element with id: 'Object Repository/Footer/Page_Enfamil Newborn, Infant  Toddler Nutri_2e0999/button_Cookie Preference (2) (1)' located by '(//button[@type='button'])[46]' not found
	at com.kms.katalon.core.webui.keyword.internal.WebUIKeywordMain.stepFailed(WebUIKeywordMain.groovy:64)
	at com.kms.katalon.core.webui.keyword.builtin.VerifyElementClickableKeyword$_verifyElementClickable_closure1.doCall(VerifyElementClickableKeyword.groovy:88)
	at com.kms.katalon.core.webui.keyword.builtin.VerifyElementClickableKeyword$_verifyElementClickable_closure1.call(VerifyElementClickableKeyword.groovy)
	at com.kms.katalon.core.webui.keyword.internal.WebUIKeywordMain.runKeyword(WebUIKeywordMain.groovy:20)
	at com.kms.katalon.core.webui.keyword.builtin.VerifyElementClickableKeyword.verifyElementClickable(VerifyElementClickableKeyword.groovy:96)
	at com.kms.katalon.core.webui.keyword.builtin.VerifyElementClickableKeyword.execute(VerifyElementClickableKeyword.groovy:67)
	at com.kms.katalon.core.keyword.internal.KeywordExecutor.executeKeywordForPlatform(KeywordExecutor.groovy:74)
	at com.kms.katalon.core.webui.keyword.WebUiBuiltInKeywords.verifyElementClickable(WebUiBuiltInKeywords.groovy:566)
	at com.kms.katalon.core.webui.keyword.WebUiBuiltInKeywords$verifyElementClickable$6.call(Unknown Source)
	at Footer - CTA link Verification - UAT.run(Footer - CTA link Verification - UAT:67)
	at com.kms.katalon.core.main.ScriptEngine.run(ScriptEngine.java:194)
	at com.kms.katalon.core.main.ScriptEngine.runScriptAsRawText(ScriptEngine.java:119)
	at com.kms.katalon.core.main.TestCaseExecutor.runScript(TestCaseExecutor.java:445)
	at com.kms.katalon.core.main.TestCaseExecutor.doExecute(TestCaseExecutor.java:436)
	at com.kms.katalon.core.main.TestCaseExecutor.processExecutionPhase(TestCaseExecutor.java:415)
	at com.kms.katalon.core.main.TestCaseExecutor.accessMainPhase(TestCaseExecutor.java:407)
	at com.kms.katalon.core.main.TestCaseExecutor.execute(TestCaseExecutor.java:284)
	at com.kms.katalon.core.common.CommonExecutor.accessTestCaseMainPhase(CommonExecutor.java:65)
	at com.kms.katalon.core.main.TestSuiteExecutor.accessTestSuiteMainPhase(TestSuiteExecutor.java:144)
	at com.kms.katalon.core.main.TestSuiteExecutor.execute(TestSuiteExecutor.java:106)
	at com.kms.katalon.core.main.TestCaseMain.startTestSuite(TestCaseMain.java:185)
	at com.kms.katalon.core.main.TestCaseMain$startTestSuite$0.call(Unknown Source)
	at TempTestSuite1650304259606.run(TempTestSuite1650304259606.groovy:36)
)

2022-04-18 23:45:21 - [MESSAGE][INFO] - Unable to find the element located by 'By.xpath: (//button[@type='button'])[46]'. Please recheck the objects properties to make sure the desired element is located. 

2022-04-18 23:45:21 - [MESSAGE][FAILED] - Web element with id: 'Object Repository/Footer/Page_Enfamil Newborn, Infant  Toddler Nutri_2e0999/button_Cookie Preference (2) (1)' located by '(//button[@type='button'])[46]' not found (Root cause: com.kms.katalon.core.exception.StepFailedException: Web element with id: 'Object Repository/Footer/Page_Enfamil Newborn, Infant  Toddler Nutri_2e0999/button_Cookie Preference (2) (1)' located by '(//button[@type='button'])[46]' not found
	at com.kms.katalon.core.webui.keyword.internal.WebUIKeywordMain.stepFailed(WebUIKeywordMain.groovy:64)
	at com.kms.katalon.core.webui.keyword.builtin.VerifyElementClickableKeyword$_verifyElementClickable_closure1.doCall(VerifyElementClickableKeyword.groovy:88)
	at com.kms.katalon.core.webui.keyword.builtin.VerifyElementClickableKeyword$_verifyElementClickable_closure1.call(VerifyElementClickableKeyword.groovy)
	at com.kms.katalon.core.webui.keyword.internal.WebUIKeywordMain.runKeyword(WebUIKeywordMain.groovy:20)
	at com.kms.katalon.core.webui.keyword.builtin.VerifyElementClickableKeyword.verifyElementClickable(VerifyElementClickableKeyword.groovy:96)
	at com.kms.katalon.core.webui.keyword.builtin.VerifyElementClickableKeyword.execute(VerifyElementClickableKeyword.groovy:67)
	at com.kms.katalon.core.keyword.internal.KeywordExecutor.executeKeywordForPlatform(KeywordExecutor.groovy:74)
	at com.kms.katalon.core.webui.keyword.WebUiBuiltInKeywords.verifyElementClickable(WebUiBuiltInKeywords.groovy:566)
	at com.kms.katalon.core.webui.keyword.WebUiBuiltInKeywords$verifyElementClickable$6.call(Unknown Source)
	at Footer - CTA link Verification - UAT.run(Footer - CTA link Verification - UAT:67)
	at com.kms.katalon.core.main.ScriptEngine.run(ScriptEngine.java:194)
	at com.kms.katalon.core.main.ScriptEngine.runScriptAsRawText(ScriptEngine.java:119)
	at com.kms.katalon.core.main.TestCaseExecutor.runScript(TestCaseExecutor.java:445)
	at com.kms.katalon.core.main.TestCaseExecutor.doExecute(TestCaseExecutor.java:436)
	at com.kms.katalon.core.main.TestCaseExecutor.processExecutionPhase(TestCaseExecutor.java:415)
	at com.kms.katalon.core.main.TestCaseExecutor.accessMainPhase(TestCaseExecutor.java:407)
	at com.kms.katalon.core.main.TestCaseExecutor.execute(TestCaseExecutor.java:284)
	at com.kms.katalon.core.common.CommonExecutor.accessTestCaseMainPhase(CommonExecutor.java:65)
	at com.kms.katalon.core.main.TestSuiteExecutor.accessTestSuiteMainPhase(TestSuiteExecutor.java:144)
	at com.kms.katalon.core.main.TestSuiteExecutor.execute(TestSuiteExecutor.java:106)
	at com.kms.katalon.core.main.TestCaseMain.startTestSuite(TestCaseMain.java:185)
	at com.kms.katalon.core.main.TestCaseMain$startTestSuite$0.call(Unknown Source)
	at TempTestSuite1650304259606.run(TempTestSuite1650304259606.groovy:36)
)
[[ATTACHMENT|D:\\SmoketestSuite\\enfamilUS\\Reports\\20220418_232059\\SmokeTestCollection - Venkat\\SmokeTestSuite-Collection - UAT\\20220418_232059\\1650305721780.png]]

2022-04-18 23:45:21 - [TEST_STEP][PASSED] - verifyElementClickable(findTestObject("Object Repository/Footer/Page_Enfamil Newborn, Infant  Toddler Nutri_2e0999/a_Terms of Use_1 (2) (1)")): Object 'Object Repository/Footer/Page_Enfamil Newborn, Infant  Toddler Nutri_2e0999/a_Terms of Use_1 (2) (1)' is clickable

2022-04-18 23:45:22 - [MESSAGE][PASSED] - Object 'Object Repository/Footer/Page_Enfamil Newborn, Infant  Toddler Nutri_2e0999/a_Terms of Use_1 (2) (1)' is clickable

2022-04-18 23:45:22 - [TEST_STEP][PASSED] - verifyElementClickable(findTestObject("Object Repository/Footer/Page_Enfamil Newborn, Infant  Toddler Nutri_2e0999/a_Privacy Policy_1 (2) (1)")): Object 'Object Repository/Footer/Page_Enfamil Newborn, Infant  Toddler Nutri_2e0999/a_Privacy Policy_1 (2) (1)' is clickable

2022-04-18 23:45:22 - [MESSAGE][PASSED] - Object 'Object Repository/Footer/Page_Enfamil Newborn, Infant  Toddler Nutri_2e0999/a_Privacy Policy_1 (2) (1)' is clickable

2022-04-18 23:45:22 - [TEST_STEP][PASSED] - verifyElementClickable(findTestObject("Object Repository/Footer/Page_Enfamil Newborn, Infant  Toddler Nutri_2e0999/a_Sweepstakes Official Rules (2) (1)")): Object 'Object Repository/Footer/Page_Enfamil Newborn, Infant  Toddler Nutri_2e0999/a_Sweepstakes Official Rules (2) (1)' is clickable

2022-04-18 23:45:23 - [MESSAGE][PASSED] - Object 'Object Repository/Footer/Page_Enfamil Newborn, Infant  Toddler Nutri_2e0999/a_Sweepstakes Official Rules (2) (1)' is clickable

2022-04-18 23:45:23 - [TEST_STEP][PASSED] - scrollToElement(findTestObject("Footer/Page_Enfamil Newborn, Infant  Toddler Nutri_2e0999/div_Download our app"), 0): Scroll to object 'Object Repository/Footer/Page_Enfamil Newborn, Infant  Toddler Nutri_2e0999/div_Download our app' successfully

2022-04-18 23:45:23 - [MESSAGE][WARNING] - Timeout '0' is invalid. Using default page load timeout: '5'

2022-04-18 23:45:23 - [MESSAGE][PASSED] - Scroll to object 'Object Repository/Footer/Page_Enfamil Newborn, Infant  Toddler Nutri_2e0999/div_Download our app' successfully

2022-04-18 23:45:23 - [TEST_STEP][PASSED] - click(findTestObject("Object Repository/Footer/Page_Enfamil Newborn, Infant  Toddler Nutri_2e0999/img (1) (1)")): Object: 'Object Repository/Footer/Page_Enfamil Newborn, Infant  Toddler Nutri_2e0999/img (1) (1)' is clicked on

2022-04-18 23:45:24 - [MESSAGE][PASSED] - Object: 'Object Repository/Footer/Page_Enfamil Newborn, Infant  Toddler Nutri_2e0999/img (1) (1)' is clicked on

2022-04-18 23:45:24 - [TEST_STEP][PASSED] - switchToWindowTitle("Enfamil Family BeginningsÂ® on the AppÂ Store"): Switched to window with title: 'Enfamil Family BeginningsÂ® on the AppÂ Store'

2022-04-18 23:45:27 - [MESSAGE][PASSED] - Switched to window with title: 'Enfamil Family BeginningsÂ® on the AppÂ Store'

2022-04-18 23:45:27 - [TEST_STEP][PASSED] - verifyElementPresent(findTestObject("Object Repository/Footer/Page_Enfamil Family Beginnings on the AppStore/picture_ember3, ember3before           widt_0f0213"), 0): Object 'Object Repository/Footer/Page_Enfamil Family Beginnings on the AppStore/picture_ember3, ember3before           widt_0f0213' is present

2022-04-18 23:45:27 - [MESSAGE][WARNING] - Timeout '0' is invalid. Using default page load timeout: '5'

2022-04-18 23:45:28 - [MESSAGE][PASSED] - Object 'Object Repository/Footer/Page_Enfamil Family Beginnings on the AppStore/picture_ember3, ember3before           widt_0f0213' is present

2022-04-18 23:45:28 - [TEST_STEP][PASSED] - verifyElementClickable(findTestObject("Object Repository/Footer/Page_Enfamil Family Beginnings on the AppStore/span_App Store")): Object 'Object Repository/Footer/Page_Enfamil Family Beginnings on the AppStore/span_App Store' is clickable

2022-04-18 23:45:29 - [MESSAGE][PASSED] - Object 'Object Repository/Footer/Page_Enfamil Family Beginnings on the AppStore/span_App Store' is clickable

2022-04-18 23:45:29 - [TEST_STEP][PASSED] - verifyElementPresent(findTestObject("Object Repository/Footer/Page_Enfamil Family Beginnings on the AppStore/span_App Store"), 0): Object 'Object Repository/Footer/Page_Enfamil Family Beginnings on the AppStore/span_App Store' is present

2022-04-18 23:45:29 - [MESSAGE][WARNING] - Timeout '0' is invalid. Using default page load timeout: '5'

2022-04-18 23:45:29 - [MESSAGE][PASSED] - Object 'Object Repository/Footer/Page_Enfamil Family Beginnings on the AppStore/span_App Store' is present

2022-04-18 23:45:29 - [TEST_STEP][PASSED] - switchToWindowTitle("Enfamil Newborn, Infant & Toddler Nutrition â”‚ Enfamil"): Switched to window with title: 'Enfamil Newborn, Infant & Toddler Nutrition â”‚ Enfamil'

2022-04-18 23:45:29 - [MESSAGE][PASSED] - Switched to window with title: 'Enfamil Newborn, Infant & Toddler Nutrition â”‚ Enfamil'

2022-04-18 23:45:29 - [TEST_STEP][PASSED] - click(findTestObject("Object Repository/Footer/Page_Enfamil Newborn, Infant  Toddler Nutri_2e0999/img_1 (1) (1)")): Object: 'Object Repository/Footer/Page_Enfamil Newborn, Infant  Toddler Nutri_2e0999/img_1 (1) (1)' is clicked on

2022-04-18 23:45:29 - [MESSAGE][PASSED] - Object: 'Object Repository/Footer/Page_Enfamil Newborn, Infant  Toddler Nutri_2e0999/img_1 (1) (1)' is clicked on

2022-04-18 23:45:29 - [TEST_STEP][PASSED] - switchToWindowTitle("Enfamil Family BeginningsÂ® - Apps on Google Play"): Switched to window with title: 'Enfamil Family BeginningsÂ® - Apps on Google Play'

2022-04-18 23:45:32 - [MESSAGE][PASSED] - Switched to window with title: 'Enfamil Family BeginningsÂ® - Apps on Google Play'

2022-04-18 23:45:32 - [TEST_STEP][PASSED] - verifyElementPresent(findTestObject("Object Repository/Footer/Page_Enfamil Family Beginnings - Apps on Go_66e846/span_Enfamil Family Beginnings"), 0): Object 'Object Repository/Footer/Page_Enfamil Family Beginnings - Apps on Go_66e846/span_Enfamil Family Beginnings' is present

2022-04-18 23:45:32 - [MESSAGE][WARNING] - Timeout '0' is invalid. Using default page load timeout: '5'

2022-04-18 23:45:33 - [MESSAGE][PASSED] - Object 'Object Repository/Footer/Page_Enfamil Family Beginnings - Apps on Go_66e846/span_Enfamil Family Beginnings' is present

2022-04-18 23:45:33 - [TEST_STEP][PASSED] - switchToWindowTitle("Enfamil Newborn, Infant & Toddler Nutrition â”‚ Enfamil"): Switched to window with title: 'Enfamil Newborn, Infant & Toddler Nutrition â”‚ Enfamil'

2022-04-18 23:45:33 - [MESSAGE][PASSED] - Switched to window with title: 'Enfamil Newborn, Infant & Toddler Nutrition â”‚ Enfamil'

2022-04-18 23:45:33 - [TEST_STEP][PASSED] - click(findTestObject("Object Repository/Footer/Page_Enfamil Newborn, Infant  Toddler Nutri_2e0999/i_Follow us_social-links__icon social-links_198a1c (1) (1)")): Object: 'Object Repository/Footer/Page_Enfamil Newborn, Infant  Toddler Nutri_2e0999/i_Follow us_social-links__icon social-links_198a1c (1) (1)' is clicked on

2022-04-18 23:45:33 - [MESSAGE][PASSED] - Object: 'Object Repository/Footer/Page_Enfamil Newborn, Infant  Toddler Nutri_2e0999/i_Follow us_social-links__icon social-links_198a1c (1) (1)' is clicked on

2022-04-18 23:45:33 - [TEST_STEP][PASSED] - switchToWindowTitle("Login â€¢ Instagram"): Switched to window with title: 'Login â€¢ Instagram'

2022-04-18 23:45:35 - [MESSAGE][PASSED] - Switched to window with title: 'Login â€¢ Instagram'

2022-04-18 23:45:35 - [TEST_STEP][PASSED] - title = getWindowTitle(): Current window's title is: 'Login â€¢ Instagram'

2022-04-18 23:45:35 - [MESSAGE][PASSED] - Current window's title is: 'Login â€¢ Instagram'

2022-04-18 23:45:35 - [TEST_STEP][PASSED] - verifyMatch(title, "Login â€¢ Instagram", false): Actual text 'Login â€¢ Instagram' and expected text 'Login â€¢ Instagram' are matched 

2022-04-18 23:45:35 - [MESSAGE][PASSED] - Actual text 'Login â€¢ Instagram' and expected text 'Login â€¢ Instagram' are matched 

2022-04-18 23:45:35 - [TEST_STEP][PASSED] - switchToWindowTitle("Enfamil Newborn, Infant & Toddler Nutrition â”‚ Enfamil"): Switched to window with title: 'Enfamil Newborn, Infant & Toddler Nutrition â”‚ Enfamil'

2022-04-18 23:45:35 - [MESSAGE][PASSED] - Switched to window with title: 'Enfamil Newborn, Infant & Toddler Nutrition â”‚ Enfamil'

2022-04-18 23:45:35 - [TEST_STEP][PASSED] - click(findTestObject("Object Repository/Footer/Page_Enfamil Newborn, Infant  Toddler Nutri_2e0999/i_Instagram_social-links__icon social-links_65b7e6 (1) (1)")): Object: 'Object Repository/Footer/Page_Enfamil Newborn, Infant  Toddler Nutri_2e0999/i_Instagram_social-links__icon social-links_65b7e6 (1) (1)' is clicked on

2022-04-18 23:45:36 - [MESSAGE][PASSED] - Object: 'Object Repository/Footer/Page_Enfamil Newborn, Infant  Toddler Nutri_2e0999/i_Instagram_social-links__icon social-links_65b7e6 (1) (1)' is clicked on

2022-04-18 23:45:36 - [TEST_STEP][PASSED] - switchToWindowTitle("Enfamil - Home | Facebook"): Switched to window with title: 'Enfamil - Home | Facebook'

2022-04-18 23:45:41 - [MESSAGE][PASSED] - Switched to window with title: 'Enfamil - Home | Facebook'

2022-04-18 23:45:41 - [TEST_STEP][PASSED] - title = getWindowTitle(): Current window's title is: 'Enfamil - Home | Facebook'

2022-04-18 23:45:41 - [MESSAGE][PASSED] - Current window's title is: 'Enfamil - Home | Facebook'

2022-04-18 23:45:41 - [TEST_STEP][PASSED] - verifyMatch(title, "Enfamil - Home | Facebook", false): Actual text 'Enfamil - Home | Facebook' and expected text 'Enfamil - Home | Facebook' are matched 

2022-04-18 23:45:41 - [MESSAGE][PASSED] - Actual text 'Enfamil - Home | Facebook' and expected text 'Enfamil - Home | Facebook' are matched 

2022-04-18 23:45:41 - [TEST_STEP][PASSED] - switchToWindowTitle("Enfamil Newborn, Infant & Toddler Nutrition â”‚ Enfamil"): Switched to window with title: 'Enfamil Newborn, Infant & Toddler Nutrition â”‚ Enfamil'

2022-04-18 23:45:41 - [MESSAGE][PASSED] - Switched to window with title: 'Enfamil Newborn, Infant & Toddler Nutrition â”‚ Enfamil'

2022-04-18 23:45:41 - [TEST_STEP][PASSED] - click(findTestObject("Object Repository/Footer/Page_Enfamil Newborn, Infant  Toddler Nutri_2e0999/i_Facebook_social-links__icon social-links__10ed12 (1) (1)")): Object: 'Object Repository/Footer/Page_Enfamil Newborn, Infant  Toddler Nutri_2e0999/i_Facebook_social-links__icon social-links__10ed12 (1) (1)' is clicked on

2022-04-18 23:45:42 - [MESSAGE][PASSED] - Object: 'Object Repository/Footer/Page_Enfamil Newborn, Infant  Toddler Nutri_2e0999/i_Facebook_social-links__icon social-links__10ed12 (1) (1)' is clicked on

2022-04-18 23:45:42 - [TEST_STEP][PASSED] - switchToWindowTitle("Enfamil (@Enfamil) / Twitter"): Switched to window with title: 'Enfamil (@Enfamil) / Twitter'

2022-04-18 23:45:46 - [MESSAGE][PASSED] - Switched to window with title: 'Enfamil (@Enfamil) / Twitter'

2022-04-18 23:45:46 - [TEST_STEP][PASSED] - verifyElementPresent(findTestObject("Object Repository/Footer/Page_Enfamil (Enfamil)  Twitter/span_Enfamil"), 0): Object 'Object Repository/Footer/Page_Enfamil (Enfamil)  Twitter/span_Enfamil' is present

2022-04-18 23:45:46 - [MESSAGE][WARNING] - Timeout '0' is invalid. Using default page load timeout: '5'

2022-04-18 23:45:49 - [MESSAGE][PASSED] - Object 'Object Repository/Footer/Page_Enfamil (Enfamil)  Twitter/span_Enfamil' is present

2022-04-18 23:45:49 - [TEST_STEP][PASSED] - verifyElementPresent(findTestObject("Object Repository/Footer/Page_Enfamil (Enfamil)  Twitter/div_Enfamil"), 0): Object 'Object Repository/Footer/Page_Enfamil (Enfamil)  Twitter/div_Enfamil' is present

2022-04-18 23:45:49 - [MESSAGE][WARNING] - Timeout '0' is invalid. Using default page load timeout: '5'

2022-04-18 23:45:50 - [MESSAGE][PASSED] - Object 'Object Repository/Footer/Page_Enfamil (Enfamil)  Twitter/div_Enfamil' is present

2022-04-18 23:45:50 - [TEST_STEP][PASSED] - switchToWindowTitle("Enfamil Newborn, Infant & Toddler Nutrition â”‚ Enfamil"): Switched to window with title: 'Enfamil Newborn, Infant & Toddler Nutrition â”‚ Enfamil'

2022-04-18 23:45:50 - [MESSAGE][PASSED] - Switched to window with title: 'Enfamil Newborn, Infant & Toddler Nutrition â”‚ Enfamil'

2022-04-18 23:45:50 - [TEST_STEP][PASSED] - click(findTestObject("Object Repository/Footer/Page_Enfamil Newborn, Infant  Toddler Nutri_2e0999/i_Twitter_social-links__icon social-links___7ff13c (1) (1)")): Object: 'Object Repository/Footer/Page_Enfamil Newborn, Infant  Toddler Nutri_2e0999/i_Twitter_social-links__icon social-links___7ff13c (1) (1)' is clicked on

2022-04-18 23:45:51 - [MESSAGE][PASSED] - Object: 'Object Repository/Footer/Page_Enfamil Newborn, Infant  Toddler Nutri_2e0999/i_Twitter_social-links__icon social-links___7ff13c (1) (1)' is clicked on

2022-04-18 23:45:51 - [TEST_STEP][PASSED] - switchToWindowTitle("Enfamil US - YouTube"): Switched to window with title: 'Enfamil US - YouTube'

2022-04-18 23:45:55 - [MESSAGE][PASSED] - Switched to window with title: 'Enfamil US - YouTube'

2022-04-18 23:45:55 - [TEST_STEP][PASSED] - verifyElementPresent(findTestObject("Object Repository/Footer/Page_Enfamil US - YouTube/yt-formatted-string_Enfamil US (1)"), 0): Object 'Object Repository/Footer/Page_Enfamil US - YouTube/yt-formatted-string_Enfamil US (1)' is present

2022-04-18 23:45:55 - [MESSAGE][WARNING] - Timeout '0' is invalid. Using default page load timeout: '5'

2022-04-18 23:45:59 - [MESSAGE][PASSED] - Object 'Object Repository/Footer/Page_Enfamil US - YouTube/yt-formatted-string_Enfamil US (1)' is present

2022-04-18 23:45:59 - [TEST_STEP][PASSED] - switchToWindowTitle("Enfamil Newborn, Infant & Toddler Nutrition â”‚ Enfamil"): Switched to window with title: 'Enfamil Newborn, Infant & Toddler Nutrition â”‚ Enfamil'

2022-04-18 23:45:59 - [MESSAGE][PASSED] - Switched to window with title: 'Enfamil Newborn, Infant & Toddler Nutrition â”‚ Enfamil'

2022-04-18 23:45:59 - [TEST_STEP][PASSED] - click(findTestObject("Object Repository/Footer/Page_Enfamil Newborn, Infant  Toddler Nutri_2e0999/a_Terms of Use_1 (2) (1)")): Object: 'Object Repository/Footer/Page_Enfamil Newborn, Infant  Toddler Nutri_2e0999/a_Terms of Use_1 (2) (1)' is clicked on

2022-04-18 23:46:01 - [MESSAGE][PASSED] - Object: 'Object Repository/Footer/Page_Enfamil Newborn, Infant  Toddler Nutri_2e0999/a_Terms of Use_1 (2) (1)' is clicked on

2022-04-18 23:46:01 - [TEST_STEP][PASSED] - verifyElementPresent(findTestObject("Object Repository/Footer/Page_/span_Terms and conditions"), 0): Object 'Object Repository/Footer/Page_/span_Terms and conditions' is present

2022-04-18 23:46:01 - [MESSAGE][WARNING] - Timeout '0' is invalid. Using default page load timeout: '5'

2022-04-18 23:46:01 - [MESSAGE][PASSED] - Object 'Object Repository/Footer/Page_/span_Terms and conditions' is present

2022-04-18 23:46:01 - [TEST_STEP][PASSED] - verifyElementText(findTestObject("Object Repository/Footer/Page_/span_Terms and conditions"), "Terms and conditions"): Actual text and expected text of test object 'Object Repository/Footer/Page_/span_Terms and conditions' are matched.

2022-04-18 23:46:02 - [MESSAGE][PASSED] - Actual text and expected text of test object 'Object Repository/Footer/Page_/span_Terms and conditions' are matched.

2022-04-18 23:46:02 - [TEST_STEP][PASSED] - click(findTestObject("Object Repository/Footer/Page_/a_Privacy Policy")): Object: 'Object Repository/Footer/Page_/a_Privacy Policy' is clicked on

2022-04-18 23:46:04 - [MESSAGE][PASSED] - Object: 'Object Repository/Footer/Page_/a_Privacy Policy' is clicked on

2022-04-18 23:46:04 - [TEST_STEP][PASSED] - verifyElementText(findTestObject("Object Repository/Footer/Page_/span_Privacy Policy (1)"), "Privacy Policy (1)"): Actual text and expected text of test object 'Object Repository/Footer/Page_/span_Privacy Policy (1)' are matched.

2022-04-18 23:46:04 - [MESSAGE][PASSED] - Actual text and expected text of test object 'Object Repository/Footer/Page_/span_Privacy Policy (1)' are matched.

2022-04-18 23:46:04 - [TEST_STEP][PASSED] - verifyElementPresent(findTestObject("Object Repository/Footer/Page_/ul_HomePrivacy Policy (1)"), 0): Object 'Object Repository/Footer/Page_/ul_HomePrivacy Policy (1)' is present

2022-04-18 23:46:04 - [MESSAGE][WARNING] - Timeout '0' is invalid. Using default page load timeout: '5'

2022-04-18 23:46:05 - [MESSAGE][PASSED] - Object 'Object Repository/Footer/Page_/ul_HomePrivacy Policy (1)' is present

2022-04-18 23:46:05 - [TEST_STEP][PASSED] - click(findTestObject("Object Repository/Footer/Page_/a_Sweepstakes Official Rules")): Object: 'Object Repository/Footer/Page_/a_Sweepstakes Official Rules' is clicked on

2022-04-18 23:46:05 - [MESSAGE][PASSED] - Object: 'Object Repository/Footer/Page_/a_Sweepstakes Official Rules' is clicked on

2022-04-18 23:46:05 - [TEST_STEP][PASSED] - click(findTestObject("Object Repository/Footer/Page_/a_Sweepstakes Official Rules")): Object: 'Object Repository/Footer/Page_/a_Sweepstakes Official Rules' is clicked on

2022-04-18 23:46:06 - [MESSAGE][PASSED] - Object: 'Object Repository/Footer/Page_/a_Sweepstakes Official Rules' is clicked on

2022-04-18 23:46:06 - [TEST_STEP][PASSED] - click(findTestObject("Object Repository/Footer/Page_/a_Chat with us")): Object: 'Object Repository/Footer/Page_/a_Chat with us' is clicked on

2022-04-18 23:46:09 - [MESSAGE][PASSED] - Object: 'Object Repository/Footer/Page_/a_Chat with us' is clicked on

2022-04-18 23:46:09 - [TEST_STEP][PASSED] - verifyElementVisible(findTestObject("Object Repository/Footer/Page_/a_Contact us"), OPTIONAL): Object 'Object Repository/Footer/Page_/a_Contact us' is visible

2022-04-18 23:46:14 - [MESSAGE][PASSED] - Object 'Object Repository/Footer/Page_/a_Contact us' is visible

2022-04-18 23:46:14 - [TEST_STEP][PASSED] - click(findTestObject("Object Repository/Footer/Page_/a_Email us")): Object: 'Object Repository/Footer/Page_/a_Email us' is clicked on

2022-04-18 23:46:15 - [MESSAGE][PASSED] - Object: 'Object Repository/Footer/Page_/a_Email us' is clicked on

2022-04-18 23:46:15 - [TEST_STEP][PASSED] - waitForElementVisible(findTestObject("Object Repository/Footer/Page_/h2_Contact Us"), 0): Object 'Object Repository/Footer/Page_/h2_Contact Us' is visible

2022-04-18 23:46:15 - [MESSAGE][WARNING] - Timeout '0' is invalid. Using default page load timeout: '5'

2022-04-18 23:46:16 - [MESSAGE][PASSED] - Object 'Object Repository/Footer/Page_/h2_Contact Us' is visible

2022-04-18 23:46:16 - [TEST_STEP][PASSED] - verifyElementPresent(findTestObject("Object Repository/Footer/Page_/h2_Contact Us"), 0): Object 'Object Repository/Footer/Page_/h2_Contact Us' is present

2022-04-18 23:46:16 - [MESSAGE][WARNING] - Timeout '0' is invalid. Using default page load timeout: '5'

2022-04-18 23:46:16 - [MESSAGE][PASSED] - Object 'Object Repository/Footer/Page_/h2_Contact Us' is present

2022-04-18 23:46:16 - [TEST_STEP][PASSED] - click(findTestObject("Object Repository/Footer/Page_/a_Browse FAQs")): Object: 'Object Repository/Footer/Page_/a_Browse FAQs' is clicked on

2022-04-18 23:46:18 - [MESSAGE][PASSED] - Object: 'Object Repository/Footer/Page_/a_Browse FAQs' is clicked on

2022-04-18 23:46:18 - [TEST_STEP][PASSED] - waitForElementVisible(findTestObject("Object Repository/Footer/Page_/span_Help Center  FAQ"), 0): Object 'Object Repository/Footer/Page_/span_Help Center  FAQ' is visible

2022-04-18 23:46:18 - [MESSAGE][WARNING] - Timeout '0' is invalid. Using default page load timeout: '5'

2022-04-18 23:46:18 - [MESSAGE][PASSED] - Object 'Object Repository/Footer/Page_/span_Help Center  FAQ' is visible

2022-04-18 23:46:18 - [TEST_STEP][PASSED] - verifyElementPresent(findTestObject("Object Repository/Footer/Page_/span_Help Center  FAQ"), 0): Object 'Object Repository/Footer/Page_/span_Help Center  FAQ' is present

2022-04-18 23:46:18 - [MESSAGE][WARNING] - Timeout '0' is invalid. Using default page load timeout: '5'

2022-04-18 23:46:19 - [MESSAGE][PASSED] - Object 'Object Repository/Footer/Page_/span_Help Center  FAQ' is present

2022-04-18 23:46:19 - [TEST_STEP][PASSED] - click(findTestObject("Object Repository/Footer/Page_/a_For Healthcare professionals")): Object: 'Object Repository/Footer/Page_/a_For Healthcare professionals' is clicked on

2022-04-18 23:46:19 - [MESSAGE][PASSED] - Object: 'Object Repository/Footer/Page_/a_For Healthcare professionals' is clicked on

2022-04-18 23:46:19 - [TEST_STEP][PASSED] - switchToWindowTitle("Mead Johnson Healthcare Professional Resource Center"): Switched to window with title: 'Mead Johnson Healthcare Professional Resource Center'

2022-04-18 23:46:28 - [MESSAGE][PASSED] - Switched to window with title: 'Mead Johnson Healthcare Professional Resource Center'

2022-04-18 23:46:28 - [TEST_STEP][PASSED] - verifyElementText(findTestObject("Object Repository/Footer/Page_Mead Johnson Healthcare Professional R_486903/p_This site is for healthcare professionals only"), "This site is for healthcare professionals only"): Actual text and expected text of test object 'Object Repository/Footer/Page_Mead Johnson Healthcare Professional R_486903/p_This site is for healthcare professionals only' are matched.

2022-04-18 23:46:34 - [MESSAGE][PASSED] - Actual text and expected text of test object 'Object Repository/Footer/Page_Mead Johnson Healthcare Professional R_486903/p_This site is for healthcare professionals only' are matched.

2022-04-18 23:46:34 - [TEST_STEP][PASSED] - click(findTestObject("Object Repository/Footer/Page_Mead Johnson Healthcare Professional R_486903/img_For Consumers_close-icon modal-focus-tabindex")): Object: 'Object Repository/Footer/Page_Mead Johnson Healthcare Professional R_486903/img_For Consumers_close-icon modal-focus-tabindex' is clicked on

2022-04-18 23:46:34 - [MESSAGE][PASSED] - Object: 'Object Repository/Footer/Page_Mead Johnson Healthcare Professional R_486903/img_For Consumers_close-icon modal-focus-tabindex' is clicked on

2022-04-18 23:46:34 - [TEST_STEP][PASSED] - verifyElementText(findTestObject("Object Repository/Footer/Page_Mead Johnson Healthcare Professional R_486903/p_FOR HEALTHCARE PROFESSIONALS"), "FOR HEALTHCARE PROFESSIONALS"): Actual text and expected text of test object 'Object Repository/Footer/Page_Mead Johnson Healthcare Professional R_486903/p_FOR HEALTHCARE PROFESSIONALS' are matched.

2022-04-18 23:46:35 - [MESSAGE][PASSED] - Actual text and expected text of test object 'Object Repository/Footer/Page_Mead Johnson Healthcare Professional R_486903/p_FOR HEALTHCARE PROFESSIONALS' are matched.

2022-04-18 23:46:35 - [TEST_STEP][PASSED] - verifyElementPresent(findTestObject("Object Repository/Footer/Page_Mead Johnson Healthcare Professional R_486903/p_Intended for U.S. Healthcare Professional_b04798"), 0): Object 'Object Repository/Footer/Page_Mead Johnson Healthcare Professional R_486903/p_Intended for U.S. Healthcare Professional_b04798' is present

2022-04-18 23:46:35 - [MESSAGE][WARNING] - Timeout '0' is invalid. Using default page load timeout: '5'

2022-04-18 23:46:36 - [MESSAGE][PASSED] - Object 'Object Repository/Footer/Page_Mead Johnson Healthcare Professional R_486903/p_Intended for U.S. Healthcare Professional_b04798' is present

2022-04-18 23:46:36 - [TEST_STEP][PASSED] - switchToWindowTitle(""): Switched to window with title: ''

2022-04-18 23:46:36 - [MESSAGE][PASSED] - Switched to window with title: ''

2022-04-18 23:46:36 - [TEST_STEP][PASSED] - click(findTestObject("Object Repository/Footer/Page_/a_Enfamil Wholesale")): Object: 'Object Repository/Footer/Page_/a_Enfamil Wholesale' is clicked on

2022-04-18 23:46:37 - [MESSAGE][PASSED] - Object: 'Object Repository/Footer/Page_/a_Enfamil Wholesale' is clicked on

2022-04-18 23:46:37 - [TEST_STEP][PASSED] - switchToWindowTitle("Enfamil"): Switched to window with title: 'Enfamil'

2022-04-18 23:46:42 - [MESSAGE][PASSED] - Switched to window with title: 'Enfamil'

2022-04-18 23:46:42 - [TEST_STEP][PASSED] - verifyElementPresent(findTestObject("Object Repository/Footer/Page_Enfamil/img"), 0): Object 'Object Repository/Footer/Page_Enfamil/img' is present

2022-04-18 23:46:42 - [MESSAGE][WARNING] - Timeout '0' is invalid. Using default page load timeout: '5'

2022-04-18 23:46:43 - [MESSAGE][PASSED] - Object 'Object Repository/Footer/Page_Enfamil/img' is present

2022-04-18 23:46:43 - [TEST_STEP][PASSED] - verifyElementText(findTestObject("Object Repository/Footer/Page_Enfamil/a_Apply for wholesale"), "Apply for wholesale"): Actual text and expected text of test object 'Object Repository/Footer/Page_Enfamil/a_Apply for wholesale' are matched.

2022-04-18 23:46:43 - [MESSAGE][PASSED] - Actual text and expected text of test object 'Object Repository/Footer/Page_Enfamil/a_Apply for wholesale' are matched.

2022-04-18 23:46:43 - [TEST_STEP][PASSED] - verifyElementPresent(findTestObject("Object Repository/Footer/Page_Enfamil/a_Apply for wholesale"), 0): Object 'Object Repository/Footer/Page_Enfamil/a_Apply for wholesale' is present

2022-04-18 23:46:43 - [MESSAGE][WARNING] - Timeout '0' is invalid. Using default page load timeout: '5'

2022-04-18 23:46:44 - [MESSAGE][PASSED] - Object 'Object Repository/Footer/Page_Enfamil/a_Apply for wholesale' is present

2022-04-18 23:46:44 - [TEST_STEP][PASSED] - switchToWindowTitle(""): Switched to window with title: ''

2022-04-18 23:46:44 - [MESSAGE][PASSED] - Switched to window with title: ''

2022-04-18 23:46:44 - [TEST_STEP][PASSED] - click(findTestObject("Object Repository/Footer/Page_/a_California transparency in supply chains _19d4b3")): Object: 'Object Repository/Footer/Page_/a_California transparency in supply chains _19d4b3' is clicked on

2022-04-18 23:46:45 - [MESSAGE][PASSED] - Object: 'Object Repository/Footer/Page_/a_California transparency in supply chains _19d4b3' is clicked on

2022-04-18 23:46:45 - [TEST_STEP][PASSED] - verifyElementPresent(findTestObject("Object Repository/Footer/Page_/span_California transparency in supply chai_d4e5f5"), 0): Object 'Object Repository/Footer/Page_/span_California transparency in supply chai_d4e5f5' is present

2022-04-18 23:46:45 - [MESSAGE][WARNING] - Timeout '0' is invalid. Using default page load timeout: '5'

2022-04-18 23:46:46 - [MESSAGE][PASSED] - Object 'Object Repository/Footer/Page_/span_California transparency in supply chai_d4e5f5' is present

2022-04-18 23:46:46 - [TEST_STEP][PASSED] - click(findTestObject("Object Repository/Footer/Page_/a_Do Not Sell My Information")): Object: 'Object Repository/Footer/Page_/a_Do Not Sell My Information' is clicked on

2022-04-18 23:46:49 - [MESSAGE][PASSED] - Object: 'Object Repository/Footer/Page_/a_Do Not Sell My Information' is clicked on

2022-04-18 23:46:49 - [TEST_STEP][PASSED] - switchToWindowTitle("Privacy Web Form"): Switched to window with title: 'Privacy Web Form'

2022-04-18 23:46:52 - [MESSAGE][PASSED] - Switched to window with title: 'Privacy Web Form'

2022-04-18 23:46:52 - [TEST_STEP][PASSED] - verifyElementText(findTestObject("Object Repository/Footer/Page_Privacy Web Form/u_We do not sell consumer information to th_51c14f"), "We do not sell consumer information to third parties. "): Actual text and expected text of test object 'Object Repository/Footer/Page_Privacy Web Form/u_We do not sell consumer information to th_51c14f' are matched.

2022-04-18 23:46:52 - [MESSAGE][PASSED] - Actual text and expected text of test object 'Object Repository/Footer/Page_Privacy Web Form/u_We do not sell consumer information to th_51c14f' are matched.

2022-04-18 23:46:52 - [TEST_STEP][PASSED] - verifyElementPresent(findTestObject("Object Repository/Footer/Page_Privacy Web Form/u_We do not sell consumer information to th_51c14f"), 0): Object 'Object Repository/Footer/Page_Privacy Web Form/u_We do not sell consumer information to th_51c14f' is present

2022-04-18 23:46:52 - [MESSAGE][WARNING] - Timeout '0' is invalid. Using default page load timeout: '5'

2022-04-18 23:46:53 - [MESSAGE][PASSED] - Object 'Object Repository/Footer/Page_Privacy Web Form/u_We do not sell consumer information to th_51c14f' is present

2022-04-18 23:46:53 - [TEST_STEP][PASSED] - switchToWindowTitle(""): Switched to window with title: ''

2022-04-18 23:46:53 - [MESSAGE][PASSED] - Switched to window with title: ''

2022-04-18 23:46:53 - [TEST_STEP][PASSED] - click(findTestObject("Object Repository/Footer/Page_/a_Privacy Policy_1")): Object: 'Object Repository/Footer/Page_/a_Privacy Policy_1' is clicked on

2022-04-18 23:46:53 - [MESSAGE][PASSED] - Object: 'Object Repository/Footer/Page_/a_Privacy Policy_1' is clicked on

2022-04-18 23:46:53 - [TEST_STEP][PASSED] - verifyElementText(findTestObject("Object Repository/Footer/Page_/span_Privacy Policy"), "Privacy Policy"): Actual text and expected text of test object 'Object Repository/Footer/Page_/span_Privacy Policy' are matched.

2022-04-18 23:46:56 - [MESSAGE][PASSED] - Actual text and expected text of test object 'Object Repository/Footer/Page_/span_Privacy Policy' are matched.

2022-04-18 23:46:56 - [TEST_STEP][PASSED] - click(findTestObject("Object Repository/Footer/Page_/a_Terms of Use")): Object: 'Object Repository/Footer/Page_/a_Terms of Use' is clicked on

2022-04-18 23:46:57 - [MESSAGE][PASSED] - Object: 'Object Repository/Footer/Page_/a_Terms of Use' is clicked on

2022-04-18 23:46:57 - [TEST_STEP][PASSED] - verifyElementPresent(findTestObject("Object Repository/Footer/Page_/span_Terms of Use"), 0): Object 'Object Repository/Footer/Page_/span_Terms of Use' is present

2022-04-18 23:46:57 - [MESSAGE][WARNING] - Timeout '0' is invalid. Using default page load timeout: '5'

2022-04-18 23:46:59 - [MESSAGE][PASSED] - Object 'Object Repository/Footer/Page_/span_Terms of Use' is present

2022-04-18 23:46:59 - [TEST_STEP][PASSED] - click(findTestObject("Object Repository/Footer/Page_/a_Terms of Sale")): Object: 'Object Repository/Footer/Page_/a_Terms of Sale' is clicked on

2022-04-18 23:47:00 - [MESSAGE][PASSED] - Object: 'Object Repository/Footer/Page_/a_Terms of Sale' is clicked on

2022-04-18 23:47:00 - [TEST_STEP][PASSED] - verifyElementPresent(findTestObject("Object Repository/Footer/Page_/span_Terms of Sale"), 0): Object 'Object Repository/Footer/Page_/span_Terms of Sale' is present

2022-04-18 23:47:00 - [MESSAGE][WARNING] - Timeout '0' is invalid. Using default page load timeout: '5'

2022-04-18 23:47:03 - [MESSAGE][PASSED] - Object 'Object Repository/Footer/Page_/span_Terms of Sale' is present

2022-04-18 23:47:03 - [TEST_STEP][PASSED] - click(findTestObject("Object Repository/Footer/Page_/button_Cookie Preference")): Object: 'Object Repository/Footer/Page_/button_Cookie Preference' is clicked on

2022-04-18 23:47:04 - [MESSAGE][PASSED] - Object: 'Object Repository/Footer/Page_/button_Cookie Preference' is clicked on

2022-04-18 23:47:04 - [TEST_STEP][PASSED] - verifyElementPresent(findTestObject("Object Repository/Footer/Page_/button_Confirm My Choices"), 0): Object 'Object Repository/Footer/Page_/button_Confirm My Choices' is present

2022-04-18 23:47:04 - [MESSAGE][WARNING] - Timeout '0' is invalid. Using default page load timeout: '5'

2022-04-18 23:47:04 - [MESSAGE][PASSED] - Object 'Object Repository/Footer/Page_/button_Confirm My Choices' is present

2022-04-18 23:47:04 - [TEST_STEP][PASSED] - click(findTestObject("Object Repository/Footer/Page_/button_Cookie Preference_close-pc-btn-handler")): Object: 'Object Repository/Footer/Page_/button_Cookie Preference_close-pc-btn-handler' is clicked on

2022-04-18 23:47:05 - [MESSAGE][PASSED] - Object: 'Object Repository/Footer/Page_/button_Cookie Preference_close-pc-btn-handler' is clicked on

2022-04-18 23:47:05 - [TEST_STEP][PASSED] - closeBrowser(): Browser is closed

2022-04-18 23:47:06 - [MESSAGE][PASSED] - Browser is closed]]></system-out>
         <system-err><![CDATA[2022-04-18 23:44:50 - [TEST_CASE][FAILED] - Test Cases/Venkat/Footer Validation/Footer - CTA link Verification - UAT: Test Cases/Venkat/Footer Validation/Footer - CTA link Verification - UAT FAILED.
Reason:
com.kms.katalon.core.exception.StepFailedException: Web element with id: 'Object Repository/Footer/Page_Enfamil Newborn, Infant  Toddler Nutri_2e0999/button_Cookie Preference (2) (1)' located by '(//button[@type='button'])[46]' not found (Root cause: com.kms.katalon.core.exception.StepFailedException: Web element with id: 'Object Repository/Footer/Page_Enfamil Newborn, Infant  Toddler Nutri_2e0999/button_Cookie Preference (2) (1)' located by '(//button[@type='button'])[46]' not found
	at com.kms.katalon.core.webui.keyword.internal.WebUIKeywordMain.stepFailed(WebUIKeywordMain.groovy:64)
	at com.kms.katalon.core.webui.keyword.builtin.VerifyElementClickableKeyword$_verifyElementClickable_closure1.doCall(VerifyElementClickableKeyword.groovy:88)
	at com.kms.katalon.core.webui.keyword.builtin.VerifyElementClickableKeyword$_verifyElementClickable_closure1.call(VerifyElementClickableKeyword.groovy)
	at com.kms.katalon.core.webui.keyword.internal.WebUIKeywordMain.runKeyword(WebUIKeywordMain.groovy:20)
	at com.kms.katalon.core.webui.keyword.builtin.VerifyElementClickableKeyword.verifyElementClickable(VerifyElementClickableKeyword.groovy:96)
	at com.kms.katalon.core.webui.keyword.builtin.VerifyElementClickableKeyword.execute(VerifyElementClickableKeyword.groovy:67)
	at com.kms.katalon.core.keyword.internal.KeywordExecutor.executeKeywordForPlatform(KeywordExecutor.groovy:74)
	at com.kms.katalon.core.webui.keyword.WebUiBuiltInKeywords.verifyElementClickable(WebUiBuiltInKeywords.groovy:566)
	at com.kms.katalon.core.webui.keyword.WebUiBuiltInKeywords$verifyElementClickable$6.call(Unknown Source)
	at Footer - CTA link Verification - UAT.run(Footer - CTA link Verification - UAT:67)
	at com.kms.katalon.core.main.ScriptEngine.run(ScriptEngine.java:194)
	at com.kms.katalon.core.main.ScriptEngine.runScriptAsRawText(ScriptEngine.java:119)
	at com.kms.katalon.core.main.TestCaseExecutor.runScript(TestCaseExecutor.java:445)
	at com.kms.katalon.core.main.TestCaseExecutor.doExecute(TestCaseExecutor.java:436)
	at com.kms.katalon.core.main.TestCaseExecutor.processExecutionPhase(TestCaseExecutor.java:415)
	at com.kms.katalon.core.main.TestCaseExecutor.accessMainPhase(TestCaseExecutor.java:407)
	at com.kms.katalon.core.main.TestCaseExecutor.execute(TestCaseExecutor.java:284)
	at com.kms.katalon.core.common.CommonExecutor.accessTestCaseMainPhase(CommonExecutor.java:65)
	at com.kms.katalon.core.main.TestSuiteExecutor.accessTestSuiteMainPhase(TestSuiteExecutor.java:144)
	at com.kms.katalon.core.main.TestSuiteExecutor.execute(TestSuiteExecutor.java:106)
	at com.kms.katalon.core.main.TestCaseMain.startTestSuite(TestCaseMain.java:185)
	at com.kms.katalon.core.main.TestCaseMain$startTestSuite$0.call(Unknown Source)
	at TempTestSuite1650304259606.run(TempTestSuite1650304259606.groovy:36)
)
	at com.kms.katalon.core.keyword.internal.KeywordMain.stepFailed(KeywordMain.groovy:39)
	at com.kms.katalon.core.webui.keyword.internal.WebUIKeywordMain.stepFailed(WebUIKeywordMain.groovy:64)
	at com.kms.katalon.core.webui.keyword.builtin.VerifyElementClickableKeyword$_verifyElementClickable_closure1.doCall(VerifyElementClickableKeyword.groovy:88)
	at com.kms.katalon.core.webui.keyword.builtin.VerifyElementClickableKeyword$_verifyElementClickable_closure1.call(VerifyElementClickableKeyword.groovy)
	at com.kms.katalon.core.webui.keyword.internal.WebUIKeywordMain.runKeyword(WebUIKeywordMain.groovy:20)
	at com.kms.katalon.core.webui.keyword.builtin.VerifyElementClickableKeyword.verifyElementClickable(VerifyElementClickableKeyword.groovy:96)
	at com.kms.katalon.core.webui.keyword.builtin.VerifyElementClickableKeyword.execute(VerifyElementClickableKeyword.groovy:67)
	at com.kms.katalon.core.keyword.internal.KeywordExecutor.executeKeywordForPlatform(KeywordExecutor.groovy:74)
	at com.kms.katalon.core.webui.keyword.WebUiBuiltInKeywords.verifyElementClickable(WebUiBuiltInKeywords.groovy:566)
	at com.kms.katalon.core.webui.keyword.WebUiBuiltInKeywords$verifyElementClickable$6.call(Unknown Source)
	at Footer - CTA link Verification - UAT.run(Footer - CTA link Verification - UAT:67)
	at com.kms.katalon.core.main.ScriptEngine.run(ScriptEngine.java:194)
	at com.kms.katalon.core.main.ScriptEngine.runScriptAsRawText(ScriptEngine.java:119)
	at com.kms.katalon.core.main.TestCaseExecutor.runScript(TestCaseExecutor.java:445)
	at com.kms.katalon.core.main.TestCaseExecutor.doExecute(TestCaseExecutor.java:436)
	at com.kms.katalon.core.main.TestCaseExecutor.processExecutionPhase(TestCaseExecutor.java:415)
	at com.kms.katalon.core.main.TestCaseExecutor.accessMainPhase(TestCaseExecutor.java:407)
	at com.kms.katalon.core.main.TestCaseExecutor.execute(TestCaseExecutor.java:284)
	at com.kms.katalon.core.common.CommonExecutor.accessTestCaseMainPhase(CommonExecutor.java:65)
	at com.kms.katalon.core.main.TestSuiteExecutor.accessTestSuiteMainPhase(TestSuiteExecutor.java:144)
	at com.kms.katalon.core.main.TestSuiteExecutor.execute(TestSuiteExecutor.java:106)
	at com.kms.katalon.core.main.TestCaseMain.startTestSuite(TestCaseMain.java:185)
	at com.kms.katalon.core.main.TestCaseMain$startTestSuite$0.call(Unknown Source)
	at TempTestSuite1650304259606.run(TempTestSuite1650304259606.groovy:36)
Caused by: com.kms.katalon.core.exception.StepFailedException: Web element with id: 'Object Repository/Footer/Page_Enfamil Newborn, Infant  Toddler Nutri_2e0999/button_Cookie Preference (2) (1)' located by '(//button[@type='button'])[46]' not found
	... 23 more]]></system-err>
      </testcase>
      <testcase name="Test Cases/Venkat/Header/Header - Icons Verification - Copy" time="109.16" classname="Test Cases/Venkat/Header/Header - Icons Verification - Copy" status="PASSED">
         <system-out><![CDATA[2022-04-18 23:47:06 - [TEST_CASE][PASSED] - Test Cases/Venkat/Header/Header - Icons Verification - Copy: Test Cases/Venkat/Header/Header - Icons Verification - Copy

2022-04-18 23:47:07 - [TEST_STEP][PASSED] - openBrowser(""): Browser is opened with url: ''

2022-04-18 23:47:07 - [MESSAGE][INFO] - Starting 'Chrome' driver

2022-04-18 23:47:07 - [MESSAGE][INFO] - Action delay is set to 0 milliseconds

2022-04-18 23:47:09 - [MESSAGE][PASSED] - Browser is opened with url: ''

2022-04-18 23:47:09 - [TEST_STEP][PASSED] - navigateToUrl(HomePage): Navigate to 'https://enfamil-us.cdn.test.us-east-1.starterkit.rbcloud.io/' successfully

2022-04-18 23:47:11 - [MESSAGE][PASSED] - Navigate to 'https://enfamil-us.cdn.test.us-east-1.starterkit.rbcloud.io/' successfully

2022-04-18 23:47:11 - [TEST_STEP][PASSED] - maximizeWindow(): Current window maximized

2022-04-18 23:47:11 - [MESSAGE][PASSED] - Current window maximized

2022-04-18 23:47:11 - [TEST_STEP][PASSED] - delay(5): Delayed 5 second(s)

2022-04-18 23:47:16 - [MESSAGE][PASSED] - Delayed 5 second(s)

2022-04-18 23:47:16 - [TEST_STEP][PASSED] - waitForElementVisible(findTestObject("Object Repository/Header/Page_Enfamil Newborn, Infant  Toddler Nutri_2e0999/button_Show contact page (1)"), 0): Object 'Object Repository/Header/Page_Enfamil Newborn, Infant  Toddler Nutri_2e0999/button_Show contact page (1)' is visible

2022-04-18 23:47:16 - [MESSAGE][WARNING] - Timeout '0' is invalid. Using default page load timeout: '5'

2022-04-18 23:47:19 - [MESSAGE][PASSED] - Object 'Object Repository/Header/Page_Enfamil Newborn, Infant  Toddler Nutri_2e0999/button_Show contact page (1)' is visible

2022-04-18 23:47:19 - [TEST_STEP][PASSED] - verifyElementPresent(findTestObject("Object Repository/Header/Page_Enfamil Newborn, Infant  Toddler Nutri_2e0999/button_Show contact page (1)"), 0): Object 'Object Repository/Header/Page_Enfamil Newborn, Infant  Toddler Nutri_2e0999/button_Show contact page (1)' is present

2022-04-18 23:47:19 - [MESSAGE][WARNING] - Timeout '0' is invalid. Using default page load timeout: '5'

2022-04-18 23:47:22 - [MESSAGE][PASSED] - Object 'Object Repository/Header/Page_Enfamil Newborn, Infant  Toddler Nutri_2e0999/button_Show contact page (1)' is present

2022-04-18 23:47:22 - [TEST_STEP][PASSED] - element = findWebElement(findTestObject("Object Repository/Header/Page_Enfamil Newborn, Infant  Toddler Nutri_2e0999/button_Show contact page (1)"), 30): null

2022-04-18 23:47:22 - [TEST_STEP][PASSED] - executeJavaScript("arguments[0].click()", Arrays.asList(element)): Execute JavaScript 'arguments[0].click()' successfully

2022-04-18 23:47:22 - [MESSAGE][PASSED] - Execute JavaScript 'arguments[0].click()' successfully

2022-04-18 23:47:22 - [TEST_STEP][PASSED] - delay(5): Delayed 5 second(s)

2022-04-18 23:47:27 - [MESSAGE][PASSED] - Delayed 5 second(s)

2022-04-18 23:47:27 - [TEST_STEP][PASSED] - verifyElementPresent(findTestObject("Object Repository/Header/Page_Enfamil Newborn, Infant  Toddler Nutri_2e0999/a_Call us (1-800-BABY123)"), 0): Object 'Object Repository/Header/Page_Enfamil Newborn, Infant  Toddler Nutri_2e0999/a_Call us (1-800-BABY123)' is present

2022-04-18 23:47:27 - [MESSAGE][WARNING] - Timeout '0' is invalid. Using default page load timeout: '5'

2022-04-18 23:47:27 - [MESSAGE][PASSED] - Object 'Object Repository/Header/Page_Enfamil Newborn, Infant  Toddler Nutri_2e0999/a_Call us (1-800-BABY123)' is present

2022-04-18 23:47:27 - [TEST_STEP][PASSED] - verifyElementText(findTestObject("Object Repository/Header/Page_Enfamil Newborn, Infant  Toddler Nutri_2e0999/h4_How can we help"), "How can we help?"): Actual text and expected text of test object 'Object Repository/Header/Page_Enfamil Newborn, Infant  Toddler Nutri_2e0999/h4_How can we help' are matched.

2022-04-18 23:47:28 - [MESSAGE][PASSED] - Actual text and expected text of test object 'Object Repository/Header/Page_Enfamil Newborn, Infant  Toddler Nutri_2e0999/h4_How can we help' are matched.

2022-04-18 23:47:28 - [TEST_STEP][PASSED] - verifyElementPresent(findTestObject("Object Repository/Header/Page_Enfamil Newborn, Infant  Toddler Nutri_2e0999/h4_How can we help"), 0): Object 'Object Repository/Header/Page_Enfamil Newborn, Infant  Toddler Nutri_2e0999/h4_How can we help' is present

2022-04-18 23:47:28 - [MESSAGE][WARNING] - Timeout '0' is invalid. Using default page load timeout: '5'

2022-04-18 23:47:28 - [MESSAGE][PASSED] - Object 'Object Repository/Header/Page_Enfamil Newborn, Infant  Toddler Nutri_2e0999/h4_How can we help' is present

2022-04-18 23:47:28 - [TEST_STEP][PASSED] - verifyElementPresent(findTestObject("Object Repository/Header/Page_Enfamil Newborn, Infant  Toddler Nutri_2e0999/a_Call us (1-800-BABY123)"), 0): Object 'Object Repository/Header/Page_Enfamil Newborn, Infant  Toddler Nutri_2e0999/a_Call us (1-800-BABY123)' is present

2022-04-18 23:47:28 - [MESSAGE][WARNING] - Timeout '0' is invalid. Using default page load timeout: '5'

2022-04-18 23:47:29 - [MESSAGE][PASSED] - Object 'Object Repository/Header/Page_Enfamil Newborn, Infant  Toddler Nutri_2e0999/a_Call us (1-800-BABY123)' is present

2022-04-18 23:47:29 - [TEST_STEP][PASSED] - verifyElementText(findTestObject("Object Repository/Header/Page_Enfamil Newborn, Infant  Toddler Nutri_2e0999/a_Call us (1-800-BABY123)"), "Call us (1-800-BABY123)"): Actual text and expected text of test object 'Object Repository/Header/Page_Enfamil Newborn, Infant  Toddler Nutri_2e0999/a_Call us (1-800-BABY123)' are matched.

2022-04-18 23:47:29 - [MESSAGE][PASSED] - Actual text and expected text of test object 'Object Repository/Header/Page_Enfamil Newborn, Infant  Toddler Nutri_2e0999/a_Call us (1-800-BABY123)' are matched.

2022-04-18 23:47:29 - [TEST_STEP][PASSED] - verifyElementText(findTestObject("Object Repository/Header/Page_Enfamil Newborn, Infant  Toddler Nutri_2e0999/a_Chat with us"), "Chat with us"): Actual text and expected text of test object 'Object Repository/Header/Page_Enfamil Newborn, Infant  Toddler Nutri_2e0999/a_Chat with us' are matched.

2022-04-18 23:47:29 - [MESSAGE][PASSED] - Actual text and expected text of test object 'Object Repository/Header/Page_Enfamil Newborn, Infant  Toddler Nutri_2e0999/a_Chat with us' are matched.

2022-04-18 23:47:29 - [TEST_STEP][PASSED] - verifyElementPresent(findTestObject("Object Repository/Header/Page_Enfamil Newborn, Infant  Toddler Nutri_2e0999/a_Chat with us"), 0): Object 'Object Repository/Header/Page_Enfamil Newborn, Infant  Toddler Nutri_2e0999/a_Chat with us' is present

2022-04-18 23:47:29 - [MESSAGE][WARNING] - Timeout '0' is invalid. Using default page load timeout: '5'

2022-04-18 23:47:30 - [MESSAGE][PASSED] - Object 'Object Repository/Header/Page_Enfamil Newborn, Infant  Toddler Nutri_2e0999/a_Chat with us' is present

2022-04-18 23:47:30 - [TEST_STEP][PASSED] - verifyElementPresent(findTestObject("Object Repository/Header/Page_Enfamil Newborn, Infant  Toddler Nutri_2e0999/img (1)"), 0): Object 'Object Repository/Header/Page_Enfamil Newborn, Infant  Toddler Nutri_2e0999/img (1)' is present

2022-04-18 23:47:30 - [MESSAGE][WARNING] - Timeout '0' is invalid. Using default page load timeout: '5'

2022-04-18 23:47:30 - [MESSAGE][PASSED] - Object 'Object Repository/Header/Page_Enfamil Newborn, Infant  Toddler Nutri_2e0999/img (1)' is present

2022-04-18 23:47:30 - [TEST_STEP][PASSED] - verifyElementPresent(findTestObject("Object Repository/Header/Page_Enfamil Newborn, Infant  Toddler Nutri_2e0999/img_1 (1)"), 0): Object 'Object Repository/Header/Page_Enfamil Newborn, Infant  Toddler Nutri_2e0999/img_1 (1)' is present

2022-04-18 23:47:30 - [MESSAGE][WARNING] - Timeout '0' is invalid. Using default page load timeout: '5'

2022-04-18 23:47:30 - [MESSAGE][PASSED] - Object 'Object Repository/Header/Page_Enfamil Newborn, Infant  Toddler Nutri_2e0999/img_1 (1)' is present

2022-04-18 23:47:30 - [TEST_STEP][PASSED] - verifyElementText(findTestObject("Object Repository/Header/Page_Enfamil Newborn, Infant  Toddler Nutri_2e0999/a_WhatsApp"), "WhatsApp"): Actual text and expected text of test object 'Object Repository/Header/Page_Enfamil Newborn, Infant  Toddler Nutri_2e0999/a_WhatsApp' are matched.

2022-04-18 23:47:31 - [MESSAGE][PASSED] - Actual text and expected text of test object 'Object Repository/Header/Page_Enfamil Newborn, Infant  Toddler Nutri_2e0999/a_WhatsApp' are matched.

2022-04-18 23:47:31 - [TEST_STEP][PASSED] - verifyElementText(findTestObject("Object Repository/Header/Page_Enfamil Newborn, Infant  Toddler Nutri_2e0999/a_Email us"), "Email us"): Actual text and expected text of test object 'Object Repository/Header/Page_Enfamil Newborn, Infant  Toddler Nutri_2e0999/a_Email us' are matched.

2022-04-18 23:47:31 - [MESSAGE][PASSED] - Actual text and expected text of test object 'Object Repository/Header/Page_Enfamil Newborn, Infant  Toddler Nutri_2e0999/a_Email us' are matched.

2022-04-18 23:47:31 - [TEST_STEP][PASSED] - verifyElementPresent(findTestObject("Object Repository/Header/Page_Enfamil Newborn, Infant  Toddler Nutri_2e0999/a_WhatsApp"), 0): Object 'Object Repository/Header/Page_Enfamil Newborn, Infant  Toddler Nutri_2e0999/a_WhatsApp' is present

2022-04-18 23:47:31 - [MESSAGE][WARNING] - Timeout '0' is invalid. Using default page load timeout: '5'

2022-04-18 23:47:32 - [MESSAGE][PASSED] - Object 'Object Repository/Header/Page_Enfamil Newborn, Infant  Toddler Nutri_2e0999/a_WhatsApp' is present

2022-04-18 23:47:32 - [TEST_STEP][PASSED] - verifyElementPresent(findTestObject("Object Repository/Header/Page_Enfamil Newborn, Infant  Toddler Nutri_2e0999/a_Email us"), 0): Object 'Object Repository/Header/Page_Enfamil Newborn, Infant  Toddler Nutri_2e0999/a_Email us' is present

2022-04-18 23:47:32 - [MESSAGE][WARNING] - Timeout '0' is invalid. Using default page load timeout: '5'

2022-04-18 23:47:32 - [MESSAGE][PASSED] - Object 'Object Repository/Header/Page_Enfamil Newborn, Infant  Toddler Nutri_2e0999/a_Email us' is present

2022-04-18 23:47:32 - [TEST_STEP][PASSED] - verifyElementText(findTestObject("Object Repository/Header/Page_Enfamil Newborn, Infant  Toddler Nutri_2e0999/strong_Updates Regarding COVID-19"), "Updates Regarding COVID-19"): Actual text and expected text of test object 'Object Repository/Header/Page_Enfamil Newborn, Infant  Toddler Nutri_2e0999/strong_Updates Regarding COVID-19' are matched.

2022-04-18 23:47:32 - [MESSAGE][PASSED] - Actual text and expected text of test object 'Object Repository/Header/Page_Enfamil Newborn, Infant  Toddler Nutri_2e0999/strong_Updates Regarding COVID-19' are matched.

2022-04-18 23:47:32 - [TEST_STEP][PASSED] - verifyElementText(findTestObject("Object Repository/Header/Page_Enfamil Newborn, Infant  Toddler Nutri_2e0999/a_Browse FAQs"), "Browse FAQs"): Actual text and expected text of test object 'Object Repository/Header/Page_Enfamil Newborn, Infant  Toddler Nutri_2e0999/a_Browse FAQs' are matched.

2022-04-18 23:47:33 - [MESSAGE][PASSED] - Actual text and expected text of test object 'Object Repository/Header/Page_Enfamil Newborn, Infant  Toddler Nutri_2e0999/a_Browse FAQs' are matched.

2022-04-18 23:47:33 - [TEST_STEP][PASSED] - verifyElementPresent(findTestObject("Object Repository/Header/Page_Enfamil Newborn, Infant  Toddler Nutri_2e0999/strong_Updates Regarding COVID-19"), 0): Object 'Object Repository/Header/Page_Enfamil Newborn, Infant  Toddler Nutri_2e0999/strong_Updates Regarding COVID-19' is present

2022-04-18 23:47:33 - [MESSAGE][WARNING] - Timeout '0' is invalid. Using default page load timeout: '5'

2022-04-18 23:47:33 - [MESSAGE][PASSED] - Object 'Object Repository/Header/Page_Enfamil Newborn, Infant  Toddler Nutri_2e0999/strong_Updates Regarding COVID-19' is present

2022-04-18 23:47:33 - [TEST_STEP][PASSED] - verifyElementPresent(findTestObject("Object Repository/Header/Page_Enfamil Newborn, Infant  Toddler Nutri_2e0999/a_Browse FAQs"), 0): Object 'Object Repository/Header/Page_Enfamil Newborn, Infant  Toddler Nutri_2e0999/a_Browse FAQs' is present

2022-04-18 23:47:33 - [MESSAGE][WARNING] - Timeout '0' is invalid. Using default page load timeout: '5'

2022-04-18 23:47:33 - [MESSAGE][PASSED] - Object 'Object Repository/Header/Page_Enfamil Newborn, Infant  Toddler Nutri_2e0999/a_Browse FAQs' is present

2022-04-18 23:47:33 - [TEST_STEP][PASSED] - verifyElementPresent(findTestObject("Object Repository/Header/Page_Enfamil Newborn, Infant  Toddler Nutri_2e0999/p_Monday - Friday 8 a.m. to 8 p.m. ESTEDT S_45a1e5"), 0): Object 'Object Repository/Header/Page_Enfamil Newborn, Infant  Toddler Nutri_2e0999/p_Monday - Friday 8 a.m. to 8 p.m. ESTEDT S_45a1e5' is present

2022-04-18 23:47:34 - [MESSAGE][WARNING] - Timeout '0' is invalid. Using default page load timeout: '5'

2022-04-18 23:47:34 - [MESSAGE][PASSED] - Object 'Object Repository/Header/Page_Enfamil Newborn, Infant  Toddler Nutri_2e0999/p_Monday - Friday 8 a.m. to 8 p.m. ESTEDT S_45a1e5' is present

2022-04-18 23:47:34 - [TEST_STEP][PASSED] - verifyElementText(findTestObject("Object Repository/Header/Page_Enfamil Newborn, Infant  Toddler Nutri_2e0999/p_Contact us with any questions or comments"), "Contact us with any questions or comments"): Actual text and expected text of test object 'Object Repository/Header/Page_Enfamil Newborn, Infant  Toddler Nutri_2e0999/p_Contact us with any questions or comments' are matched.

2022-04-18 23:47:34 - [MESSAGE][PASSED] - Actual text and expected text of test object 'Object Repository/Header/Page_Enfamil Newborn, Infant  Toddler Nutri_2e0999/p_Contact us with any questions or comments' are matched.

2022-04-18 23:47:34 - [TEST_STEP][PASSED] - verifyElementText(findTestObject("Object Repository/Header/Page_Enfamil Newborn, Infant  Toddler Nutri_2e0999/p_Prioritizing the health  safety of all babies"), "Prioritizing the health & safety of all babies"): Actual text and expected text of test object 'Object Repository/Header/Page_Enfamil Newborn, Infant  Toddler Nutri_2e0999/p_Prioritizing the health  safety of all babies' are matched.

2022-04-18 23:47:35 - [MESSAGE][PASSED] - Actual text and expected text of test object 'Object Repository/Header/Page_Enfamil Newborn, Infant  Toddler Nutri_2e0999/p_Prioritizing the health  safety of all babies' are matched.

2022-04-18 23:47:35 - [TEST_STEP][PASSED] - verifyElementPresent(findTestObject("Object Repository/Header/Page_Enfamil Newborn, Infant  Toddler Nutri_2e0999/p_Prioritizing the health  safety of all babies"), 0): Object 'Object Repository/Header/Page_Enfamil Newborn, Infant  Toddler Nutri_2e0999/p_Prioritizing the health  safety of all babies' is present

2022-04-18 23:47:35 - [MESSAGE][WARNING] - Timeout '0' is invalid. Using default page load timeout: '5'

2022-04-18 23:47:35 - [MESSAGE][PASSED] - Object 'Object Repository/Header/Page_Enfamil Newborn, Infant  Toddler Nutri_2e0999/p_Prioritizing the health  safety of all babies' is present

2022-04-18 23:47:35 - [TEST_STEP][PASSED] - verifyElementText(findTestObject("Object Repository/Header/Page_Enfamil Newborn, Infant  Toddler Nutri_2e0999/p_Find helpful advice and answers to parent_0992bb"), "Find helpful advice and answers to parent's most common questions"): Actual text and expected text of test object 'Object Repository/Header/Page_Enfamil Newborn, Infant  Toddler Nutri_2e0999/p_Find helpful advice and answers to parent_0992bb' are matched.

2022-04-18 23:47:35 - [MESSAGE][PASSED] - Actual text and expected text of test object 'Object Repository/Header/Page_Enfamil Newborn, Infant  Toddler Nutri_2e0999/p_Find helpful advice and answers to parent_0992bb' are matched.

2022-04-18 23:47:35 - [TEST_STEP][PASSED] - verifyElementPresent(findTestObject("Object Repository/Header/Page_Enfamil Newborn, Infant  Toddler Nutri_2e0999/p_Find helpful advice and answers to parent_0992bb"), 0): Object 'Object Repository/Header/Page_Enfamil Newborn, Infant  Toddler Nutri_2e0999/p_Find helpful advice and answers to parent_0992bb' is present

2022-04-18 23:47:35 - [MESSAGE][WARNING] - Timeout '0' is invalid. Using default page load timeout: '5'

2022-04-18 23:47:36 - [MESSAGE][PASSED] - Object 'Object Repository/Header/Page_Enfamil Newborn, Infant  Toddler Nutri_2e0999/p_Find helpful advice and answers to parent_0992bb' is present

2022-04-18 23:47:36 - [TEST_STEP][PASSED] - verifyElementClickable(findTestObject("Object Repository/Header/Page_Enfamil Newborn, Infant  Toddler Nutri_2e0999/a_Call us (1-800-BABY123)")): Object 'Object Repository/Header/Page_Enfamil Newborn, Infant  Toddler Nutri_2e0999/a_Call us (1-800-BABY123)' is clickable

2022-04-18 23:47:36 - [MESSAGE][PASSED] - Object 'Object Repository/Header/Page_Enfamil Newborn, Infant  Toddler Nutri_2e0999/a_Call us (1-800-BABY123)' is clickable

2022-04-18 23:47:36 - [TEST_STEP][PASSED] - click(findTestObject("Object Repository/Header/Page_Enfamil Newborn, Infant  Toddler Nutri_2e0999/a_Chat with us")): Object: 'Object Repository/Header/Page_Enfamil Newborn, Infant  Toddler Nutri_2e0999/a_Chat with us' is clicked on

2022-04-18 23:47:38 - [MESSAGE][PASSED] - Object: 'Object Repository/Header/Page_Enfamil Newborn, Infant  Toddler Nutri_2e0999/a_Chat with us' is clicked on

2022-04-18 23:47:38 - [TEST_STEP][PASSED] - verifyElementText(findTestObject("Object Repository/Header/Page_/div_Contact Us"), "Contact Us"): Actual text and expected text of test object 'Object Repository/Header/Page_/div_Contact Us' are matched.

2022-04-18 23:47:38 - [MESSAGE][PASSED] - Actual text and expected text of test object 'Object Repository/Header/Page_/div_Contact Us' are matched.

2022-04-18 23:47:38 - [TEST_STEP][PASSED] - delay(10): Delayed 10 second(s)

2022-04-18 23:47:48 - [MESSAGE][PASSED] - Delayed 10 second(s)

2022-04-18 23:47:48 - [TEST_STEP][PASSED] - scrollToElement(findTestObject("Header/Page_/button_Show contact page"), 0): Scroll to object 'Object Repository/Header/Page_/button_Show contact page' successfully

2022-04-18 23:47:49 - [MESSAGE][WARNING] - Timeout '0' is invalid. Using default page load timeout: '5'

2022-04-18 23:47:49 - [MESSAGE][PASSED] - Scroll to object 'Object Repository/Header/Page_/button_Show contact page' successfully

2022-04-18 23:47:49 - [TEST_STEP][PASSED] - element0 = findWebElement(findTestObject("Object Repository/Header/Page_Enfamil Newborn, Infant  Toddler Nutri_2e0999/button_Show contact page (1)"), 30): null

2022-04-18 23:47:50 - [TEST_STEP][PASSED] - executeJavaScript("arguments[0].click()", Arrays.asList(element0)): Execute JavaScript 'arguments[0].click()' successfully

2022-04-18 23:47:50 - [MESSAGE][PASSED] - Execute JavaScript 'arguments[0].click()' successfully

2022-04-18 23:47:50 - [TEST_STEP][PASSED] - delay(5): Delayed 5 second(s)

2022-04-18 23:47:55 - [MESSAGE][PASSED] - Delayed 5 second(s)

2022-04-18 23:47:55 - [TEST_STEP][PASSED] - verifyElementClickable(findTestObject("Object Repository/Header/Page_/a_WhatsApp")): Object 'Object Repository/Header/Page_/a_WhatsApp' is clickable

2022-04-18 23:47:56 - [MESSAGE][PASSED] - Object 'Object Repository/Header/Page_/a_WhatsApp' is clickable

2022-04-18 23:47:56 - [TEST_STEP][PASSED] - click(findTestObject("Object Repository/Header/Page_/a_Email us")): Object: 'Object Repository/Header/Page_/a_Email us' is clicked on

2022-04-18 23:47:56 - [MESSAGE][PASSED] - Object: 'Object Repository/Header/Page_/a_Email us' is clicked on

2022-04-18 23:47:56 - [TEST_STEP][PASSED] - switchToWindowUrl("https://enfamil-us.cdn.test.us-east-1.starterkit.rbcloud.io/contact-us/"): Switched to window with url: 'https://enfamil-us.cdn.test.us-east-1.starterkit.rbcloud.io/contact-us/'

2022-04-18 23:47:57 - [MESSAGE][PASSED] - Switched to window with url: 'https://enfamil-us.cdn.test.us-east-1.starterkit.rbcloud.io/contact-us/'

2022-04-18 23:47:57 - [TEST_STEP][PASSED] - verifyElementPresent(findTestObject("Object Repository/Header/Page_/h2_Contact Us"), 0): Object 'Object Repository/Header/Page_/h2_Contact Us' is present

2022-04-18 23:47:57 - [MESSAGE][WARNING] - Timeout '0' is invalid. Using default page load timeout: '5'

2022-04-18 23:47:57 - [MESSAGE][PASSED] - Object 'Object Repository/Header/Page_/h2_Contact Us' is present

2022-04-18 23:47:57 - [TEST_STEP][PASSED] - delay(10): Delayed 10 second(s)

2022-04-18 23:48:07 - [MESSAGE][PASSED] - Delayed 10 second(s)

2022-04-18 23:48:07 - [TEST_STEP][PASSED] - scrollToElement(findTestObject("Header/Page_/button_Show contact page"), 0): Scroll to object 'Object Repository/Header/Page_/button_Show contact page' successfully

2022-04-18 23:48:08 - [MESSAGE][WARNING] - Timeout '0' is invalid. Using default page load timeout: '5'

2022-04-18 23:48:08 - [MESSAGE][PASSED] - Scroll to object 'Object Repository/Header/Page_/button_Show contact page' successfully

2022-04-18 23:48:08 - [TEST_STEP][PASSED] - element1 = findWebElement(findTestObject("Object Repository/Header/Page_Enfamil Newborn, Infant  Toddler Nutri_2e0999/button_Show contact page (1)"), 30): null

2022-04-18 23:48:09 - [TEST_STEP][PASSED] - executeJavaScript("arguments[0].click()", Arrays.asList(element1)): Execute JavaScript 'arguments[0].click()' successfully

2022-04-18 23:48:09 - [MESSAGE][PASSED] - Execute JavaScript 'arguments[0].click()' successfully

2022-04-18 23:48:09 - [TEST_STEP][PASSED] - delay(5): Delayed 5 second(s)

2022-04-18 23:48:14 - [MESSAGE][PASSED] - Delayed 5 second(s)

2022-04-18 23:48:14 - [TEST_STEP][PASSED] - click(findTestObject("Object Repository/Header/Page_/strong_Updates Regarding COVID-19")): Object: 'Object Repository/Header/Page_/strong_Updates Regarding COVID-19' is clicked on

2022-04-18 23:48:18 - [MESSAGE][PASSED] - Object: 'Object Repository/Header/Page_/strong_Updates Regarding COVID-19' is clicked on

2022-04-18 23:48:18 - [TEST_STEP][PASSED] - waitForElementVisible(findTestObject("Object Repository/Header/Page_/span_COVID-19 Supporting Your Family (1)"), 0): Object 'Object Repository/Header/Page_/span_COVID-19 Supporting Your Family (1)' is visible

2022-04-18 23:48:18 - [MESSAGE][WARNING] - Timeout '0' is invalid. Using default page load timeout: '5'

2022-04-18 23:48:19 - [MESSAGE][PASSED] - Object 'Object Repository/Header/Page_/span_COVID-19 Supporting Your Family (1)' is visible

2022-04-18 23:48:19 - [TEST_STEP][PASSED] - verifyElementText(findTestObject("Object Repository/Header/Page_/span_COVID-19 Supporting Your Family (1)"), "COVID-19: Supporting Your Family"): Actual text and expected text of test object 'Object Repository/Header/Page_/span_COVID-19 Supporting Your Family (1)' are matched.

2022-04-18 23:48:22 - [MESSAGE][PASSED] - Actual text and expected text of test object 'Object Repository/Header/Page_/span_COVID-19 Supporting Your Family (1)' are matched.

2022-04-18 23:48:22 - [TEST_STEP][PASSED] - element2 = findWebElement(findTestObject("Object Repository/Header/Page_Enfamil Newborn, Infant  Toddler Nutri_2e0999/button_Show contact page (1)"), 30): null

2022-04-18 23:48:22 - [TEST_STEP][PASSED] - executeJavaScript("arguments[0].click()", Arrays.asList(element2)): Execute JavaScript 'arguments[0].click()' successfully

2022-04-18 23:48:22 - [MESSAGE][PASSED] - Execute JavaScript 'arguments[0].click()' successfully

2022-04-18 23:48:22 - [TEST_STEP][PASSED] - delay(5): Delayed 5 second(s)

2022-04-18 23:48:27 - [MESSAGE][PASSED] - Delayed 5 second(s)

2022-04-18 23:48:27 - [TEST_STEP][PASSED] - click(findTestObject("Object Repository/Header/Page_/a_Browse FAQs")): Object: 'Object Repository/Header/Page_/a_Browse FAQs' is clicked on

2022-04-18 23:48:27 - [MESSAGE][PASSED] - Object: 'Object Repository/Header/Page_/a_Browse FAQs' is clicked on

2022-04-18 23:48:27 - [TEST_STEP][PASSED] - switchToWindowUrl("https://enfamil-us.cdn.test.us-east-1.starterkit.rbcloud.io/help-center/"): Switched to window with url: 'https://enfamil-us.cdn.test.us-east-1.starterkit.rbcloud.io/help-center/'

2022-04-18 23:48:29 - [MESSAGE][PASSED] - Switched to window with url: 'https://enfamil-us.cdn.test.us-east-1.starterkit.rbcloud.io/help-center/'

2022-04-18 23:48:29 - [TEST_STEP][PASSED] - waitForElementVisible(findTestObject("Object Repository/Header/Page_/span_Help Center  FAQ (1)"), 0): Object 'Object Repository/Header/Page_/span_Help Center  FAQ (1)' is visible

2022-04-18 23:48:29 - [MESSAGE][WARNING] - Timeout '0' is invalid. Using default page load timeout: '5'

2022-04-18 23:48:29 - [MESSAGE][PASSED] - Object 'Object Repository/Header/Page_/span_Help Center  FAQ (1)' is visible

2022-04-18 23:48:29 - [TEST_STEP][PASSED] - verifyElementText(findTestObject("Object Repository/Header/Page_/span_Help Center  FAQ (1)"), "Help Center & FAQ"): Actual text and expected text of test object 'Object Repository/Header/Page_/span_Help Center  FAQ (1)' are matched.

2022-04-18 23:48:30 - [MESSAGE][PASSED] - Actual text and expected text of test object 'Object Repository/Header/Page_/span_Help Center  FAQ (1)' are matched.

2022-04-18 23:48:30 - [TEST_STEP][PASSED] - verifyElementPresent(findTestObject("Object Repository/Header/Page_/button_Toggle search box"), 0): Object 'Object Repository/Header/Page_/button_Toggle search box' is present

2022-04-18 23:48:30 - [MESSAGE][WARNING] - Timeout '0' is invalid. Using default page load timeout: '5'

2022-04-18 23:48:30 - [MESSAGE][PASSED] - Object 'Object Repository/Header/Page_/button_Toggle search box' is present

2022-04-18 23:48:30 - [TEST_STEP][PASSED] - verifyElementVisible(findTestObject("Object Repository/Header/Page_/button_Toggle search box")): Object 'Object Repository/Header/Page_/button_Toggle search box' is visible

2022-04-18 23:48:31 - [MESSAGE][PASSED] - Object 'Object Repository/Header/Page_/button_Toggle search box' is visible

2022-04-18 23:48:31 - [TEST_STEP][PASSED] - verifyElementClickable(findTestObject("Object Repository/Header/Page_/button_Toggle search box")): Object 'Object Repository/Header/Page_/button_Toggle search box' is clickable

2022-04-18 23:48:31 - [MESSAGE][PASSED] - Object 'Object Repository/Header/Page_/button_Toggle search box' is clickable

2022-04-18 23:48:31 - [TEST_STEP][PASSED] - click(findTestObject("Header/Page_/button_Toggle search box")): Object: 'Object Repository/Header/Page_/button_Toggle search box' is clicked on

2022-04-18 23:48:35 - [MESSAGE][PASSED] - Object: 'Object Repository/Header/Page_/button_Toggle search box' is clicked on

2022-04-18 23:48:35 - [TEST_STEP][PASSED] - setText(findTestObject("Object Repository/Header/Page_/input_Toggle search box_react-autosuggest___4dfc55"), "enfamil"): Text 'enfamil' is set on object 'Object Repository/Header/Page_/input_Toggle search box_react-autosuggest___4dfc55'

2022-04-18 23:48:37 - [MESSAGE][PASSED] - Text 'enfamil' is set on object 'Object Repository/Header/Page_/input_Toggle search box_react-autosuggest___4dfc55'

2022-04-18 23:48:37 - [TEST_STEP][PASSED] - verifyElementPresent(findTestObject("Object Repository/Header/Page_/span_359 results"), 0): Object 'Object Repository/Header/Page_/span_359 results' is present

2022-04-18 23:48:37 - [MESSAGE][WARNING] - Timeout '0' is invalid. Using default page load timeout: '5'

2022-04-18 23:48:39 - [MESSAGE][PASSED] - Object 'Object Repository/Header/Page_/span_359 results' is present

2022-04-18 23:48:39 - [TEST_STEP][PASSED] - verifyElementPresent(findTestObject("Object Repository/Header/Page_/span_enfamil"), 0): Object 'Object Repository/Header/Page_/span_enfamil' is present

2022-04-18 23:48:39 - [MESSAGE][WARNING] - Timeout '0' is invalid. Using default page load timeout: '5'

2022-04-18 23:48:39 - [MESSAGE][PASSED] - Object 'Object Repository/Header/Page_/span_enfamil' is present

2022-04-18 23:48:39 - [TEST_STEP][PASSED] - verifyElementPresent(findTestObject("Object Repository/Header/Page_/button_Toggle search box"), 0): Object 'Object Repository/Header/Page_/button_Toggle search box' is present

2022-04-18 23:48:39 - [MESSAGE][WARNING] - Timeout '0' is invalid. Using default page load timeout: '5'

2022-04-18 23:48:39 - [MESSAGE][PASSED] - Object 'Object Repository/Header/Page_/button_Toggle search box' is present

2022-04-18 23:48:39 - [TEST_STEP][PASSED] - verifyElementPresent(findTestObject("Object Repository/Header/Page_/button_Search submit"), 0): Object 'Object Repository/Header/Page_/button_Search submit' is present

2022-04-18 23:48:39 - [MESSAGE][WARNING] - Timeout '0' is invalid. Using default page load timeout: '5'

2022-04-18 23:48:40 - [MESSAGE][PASSED] - Object 'Object Repository/Header/Page_/button_Search submit' is present

2022-04-18 23:48:40 - [TEST_STEP][PASSED] - click(findTestObject("Object Repository/Header/Page_/button_Toggle search box")): Object: 'Object Repository/Header/Page_/button_Toggle search box' is clicked on

2022-04-18 23:48:40 - [MESSAGE][PASSED] - Object: 'Object Repository/Header/Page_/button_Toggle search box' is clicked on

2022-04-18 23:48:40 - [TEST_STEP][PASSED] - click(findTestObject("Object Repository/Header/Page_/button_Toggle search box_cart-tooltip-trigg_c05b76")): Object: 'Object Repository/Header/Page_/button_Toggle search box_cart-tooltip-trigg_c05b76' is clicked on

2022-04-18 23:48:48 - [MESSAGE][PASSED] - Object: 'Object Repository/Header/Page_/button_Toggle search box_cart-tooltip-trigg_c05b76' is clicked on

2022-04-18 23:48:48 - [TEST_STEP][PASSED] - verifyElementPresent(findTestObject("Object Repository/Header/Page_Your Shopping Cart  DEV Enfamil US/p_Your cart is currently empty"), 0): Object 'Object Repository/Header/Page_Your Shopping Cart  DEV Enfamil US/p_Your cart is currently empty' is present

2022-04-18 23:48:49 - [MESSAGE][WARNING] - Timeout '0' is invalid. Using default page load timeout: '5'

2022-04-18 23:48:51 - [MESSAGE][PASSED] - Object 'Object Repository/Header/Page_Your Shopping Cart  DEV Enfamil US/p_Your cart is currently empty' is present

2022-04-18 23:48:51 - [TEST_STEP][PASSED] - click(findTestObject("Object Repository/Header/Page_Your Shopping Cart  DEV Enfamil US/p_Your cart is currently empty")): Object: 'Object Repository/Header/Page_Your Shopping Cart  DEV Enfamil US/p_Your cart is currently empty' is clicked on

2022-04-18 23:48:52 - [MESSAGE][PASSED] - Object: 'Object Repository/Header/Page_Your Shopping Cart  DEV Enfamil US/p_Your cart is currently empty' is clicked on

2022-04-18 23:48:52 - [TEST_STEP][PASSED] - verifyElementPresent(findTestObject("Object Repository/Header/Page_Your Shopping Cart  DEV Enfamil US/a_Continue shopping"), 0): Object 'Object Repository/Header/Page_Your Shopping Cart  DEV Enfamil US/a_Continue shopping' is present

2022-04-18 23:48:52 - [MESSAGE][WARNING] - Timeout '0' is invalid. Using default page load timeout: '5'

2022-04-18 23:48:53 - [MESSAGE][PASSED] - Object 'Object Repository/Header/Page_Your Shopping Cart  DEV Enfamil US/a_Continue shopping' is present

2022-04-18 23:48:53 - [TEST_STEP][PASSED] - click(findTestObject("Object Repository/Header/Page_Your Shopping Cart  DEV Enfamil US/img_Menu_lazyloaded")): Object: 'Object Repository/Header/Page_Your Shopping Cart  DEV Enfamil US/img_Menu_lazyloaded' is clicked on

2022-04-18 23:48:54 - [MESSAGE][PASSED] - Object: 'Object Repository/Header/Page_Your Shopping Cart  DEV Enfamil US/img_Menu_lazyloaded' is clicked on

2022-04-18 23:48:54 - [TEST_STEP][PASSED] - verifyElementPresent(findTestObject("Object Repository/Header/Page_Enfamil Newborn, Infant  Toddler Nutri_2e0999/button_Toggle search box_cart-tooltip-trigg_c05b76 (1)"), 0): Object 'Object Repository/Header/Page_Enfamil Newborn, Infant  Toddler Nutri_2e0999/button_Toggle search box_cart-tooltip-trigg_c05b76 (1)' is present

2022-04-18 23:48:54 - [MESSAGE][WARNING] - Timeout '0' is invalid. Using default page load timeout: '5'

2022-04-18 23:48:54 - [MESSAGE][PASSED] - Object 'Object Repository/Header/Page_Enfamil Newborn, Infant  Toddler Nutri_2e0999/button_Toggle search box_cart-tooltip-trigg_c05b76 (1)' is present

2022-04-18 23:48:54 - [TEST_STEP][PASSED] - closeBrowser(): Browser is closed

2022-04-18 23:48:55 - [MESSAGE][PASSED] - Browser is closed]]></system-out>
         <system-err><![CDATA[]]></system-err>
      </testcase>
      <testcase name="Test Cases/Venkat/Header/Header - Logo Verification" time="31.868" classname="Test Cases/Venkat/Header/Header - Logo Verification" status="PASSED">
         <system-out><![CDATA[2022-04-18 23:48:56 - [TEST_CASE][PASSED] - Test Cases/Venkat/Header/Header - Logo Verification: Test Cases/Venkat/Header/Header - Logo Verification

2022-04-18 23:48:56 - [TEST_STEP][PASSED] - openBrowser(""): Browser is opened with url: ''

2022-04-18 23:48:56 - [MESSAGE][INFO] - Starting 'Chrome' driver

2022-04-18 23:48:56 - [MESSAGE][INFO] - Action delay is set to 0 milliseconds

2022-04-18 23:48:58 - [MESSAGE][PASSED] - Browser is opened with url: ''

2022-04-18 23:48:58 - [TEST_STEP][PASSED] - navigateToUrl(HomePage): Navigate to 'https://enfamil-us.cdn.test.us-east-1.starterkit.rbcloud.io/' successfully

2022-04-18 23:49:00 - [MESSAGE][PASSED] - Navigate to 'https://enfamil-us.cdn.test.us-east-1.starterkit.rbcloud.io/' successfully

2022-04-18 23:49:00 - [TEST_STEP][PASSED] - maximizeWindow(): Current window maximized

2022-04-18 23:49:00 - [MESSAGE][PASSED] - Current window maximized

2022-04-18 23:49:00 - [TEST_STEP][PASSED] - delay(10): Delayed 10 second(s)

2022-04-18 23:49:10 - [MESSAGE][PASSED] - Delayed 10 second(s)

2022-04-18 23:49:10 - [TEST_STEP][PASSED] - verifyElementPresent(findTestObject("Object Repository/Page_Enfamil Newborn, Infant  Toddler Nutri_2e0999/a_Espaol_main-header__logo-link link link--active"), 0): Object 'Object Repository/Page_Enfamil Newborn, Infant  Toddler Nutri_2e0999/a_Espaol_main-header__logo-link link link--active' is present

2022-04-18 23:49:10 - [MESSAGE][WARNING] - Timeout '0' is invalid. Using default page load timeout: '5'

2022-04-18 23:49:10 - [MESSAGE][PASSED] - Object 'Object Repository/Page_Enfamil Newborn, Infant  Toddler Nutri_2e0999/a_Espaol_main-header__logo-link link link--active' is present

2022-04-18 23:49:10 - [TEST_STEP][PASSED] - verifyElementVisible(findTestObject("Object Repository/Page_Enfamil Newborn, Infant  Toddler Nutri_2e0999/a_Espaol_main-header__logo-link link link--active")): Object 'Object Repository/Page_Enfamil Newborn, Infant  Toddler Nutri_2e0999/a_Espaol_main-header__logo-link link link--active' is visible

2022-04-18 23:49:11 - [MESSAGE][PASSED] - Object 'Object Repository/Page_Enfamil Newborn, Infant  Toddler Nutri_2e0999/a_Espaol_main-header__logo-link link link--active' is visible

2022-04-18 23:49:11 - [TEST_STEP][PASSED] - click(findTestObject("Object Repository/Page_Enfamil Newborn, Infant  Toddler Nutri_2e0999/a_Espaol_main-header__logo-link link link--active")): Object: 'Object Repository/Page_Enfamil Newborn, Infant  Toddler Nutri_2e0999/a_Espaol_main-header__logo-link link link--active' is clicked on

2022-04-18 23:49:12 - [MESSAGE][PASSED] - Object: 'Object Repository/Page_Enfamil Newborn, Infant  Toddler Nutri_2e0999/a_Espaol_main-header__logo-link link link--active' is clicked on

2022-04-18 23:49:12 - [TEST_STEP][PASSED] - title = getWindowTitle(): Current window's title is: 'Enfamil Newborn, Infant & Toddler Nutrition â”‚ Enfamil'

2022-04-18 23:49:12 - [MESSAGE][PASSED] - Current window's title is: 'Enfamil Newborn, Infant & Toddler Nutrition â”‚ Enfamil'

2022-04-18 23:49:12 - [TEST_STEP][PASSED] - verifyMatch(title, "Enfamil Newborn, Infant & Toddler Nutrition â”‚ Enfamil", false): Actual text 'Enfamil Newborn, Infant & Toddler Nutrition â”‚ Enfamil' and expected text 'Enfamil Newborn, Infant & Toddler Nutrition â”‚ Enfamil' are matched 

2022-04-18 23:49:12 - [MESSAGE][PASSED] - Actual text 'Enfamil Newborn, Infant & Toddler Nutrition â”‚ Enfamil' and expected text 'Enfamil Newborn, Infant & Toddler Nutrition â”‚ Enfamil' are matched 

2022-04-18 23:49:12 - [TEST_STEP][PASSED] - click(findTestObject("Object Repository/Page_Enfamil Newborn, Infant  Toddler Nutri_2e0999/img")): Object: 'Object Repository/Page_Enfamil Newborn, Infant  Toddler Nutri_2e0999/img' is clicked on

2022-04-18 23:49:15 - [MESSAGE][PASSED] - Object: 'Object Repository/Page_Enfamil Newborn, Infant  Toddler Nutri_2e0999/img' is clicked on

2022-04-18 23:49:15 - [TEST_STEP][PASSED] - click(findTestObject("Object Repository/Page_Enfamil Newborn, Infant  Toddler Nutri_2e0999/a_Espaol_main-header__logo-link link link--active")): Object: 'Object Repository/Page_Enfamil Newborn, Infant  Toddler Nutri_2e0999/a_Espaol_main-header__logo-link link link--active' is clicked on

2022-04-18 23:49:16 - [MESSAGE][PASSED] - Object: 'Object Repository/Page_Enfamil Newborn, Infant  Toddler Nutri_2e0999/a_Espaol_main-header__logo-link link link--active' is clicked on

2022-04-18 23:49:16 - [TEST_STEP][PASSED] - delay(10): Delayed 10 second(s)

2022-04-18 23:49:26 - [MESSAGE][PASSED] - Delayed 10 second(s)

2022-04-18 23:49:26 - [TEST_STEP][PASSED] - title = getWindowTitle(): Current window's title is: 'Enfamil Newborn, Infant & Toddler Nutrition â”‚ Enfamil'

2022-04-18 23:49:26 - [MESSAGE][PASSED] - Current window's title is: 'Enfamil Newborn, Infant & Toddler Nutrition â”‚ Enfamil'

2022-04-18 23:49:26 - [TEST_STEP][PASSED] - verifyMatch(title, "Enfamil Newborn, Infant & Toddler Nutrition â”‚ Enfamil", false): Actual text 'Enfamil Newborn, Infant & Toddler Nutrition â”‚ Enfamil' and expected text 'Enfamil Newborn, Infant & Toddler Nutrition â”‚ Enfamil' are matched 

2022-04-18 23:49:26 - [MESSAGE][PASSED] - Actual text 'Enfamil Newborn, Infant & Toddler Nutrition â”‚ Enfamil' and expected text 'Enfamil Newborn, Infant & Toddler Nutrition â”‚ Enfamil' are matched 

2022-04-18 23:49:26 - [TEST_STEP][PASSED] - closeBrowser(): Browser is closed

2022-04-18 23:49:27 - [MESSAGE][PASSED] - Browser is closed]]></system-out>
         <system-err><![CDATA[]]></system-err>
      </testcase>
      <testcase name="Test Cases/Venkat/Header/Header - Menu Verification" time="17.132" classname="Test Cases/Venkat/Header/Header - Menu Verification" status="FAILED">
         <failure type="FAILED" message="Test Cases/Venkat/Header/Header - Menu Verification FAILED.
Reason:
com.kms.katalon.core.exception.StepFailedException: Verify element text of test object 'Object Repository/Header/Page_Enfamil Newborn, Infant  Toddler Nutri_2e0999/span_Why Enfamil' FAILED. (Root cause: com.kms.katalon.core.exception.StepFailedException: Verify element text of test object 'Object Repository/Header/Page_Enfamil Newborn, Infant  Toddler Nutri_2e0999/span_Why Enfamil' FAILED.
	at com.kms.katalon.core.webui.keyword.internal.WebUIKeywordMain.stepFailed(WebUIKeywordMain.groovy:64)
	at com.kms.katalon.core.webui.keyword.internal.WebUIKeywordMain.runKeyword(WebUIKeywordMain.groovy:26)
	at com.kms.katalon.core.webui.keyword.builtin.VerifyElementTextKeyword.verifyElementText(VerifyElementTextKeyword.groovy:72)
	at com.kms.katalon.core.webui.keyword.builtin.VerifyElementTextKeyword.execute(VerifyElementTextKeyword.groovy:40)
	at com.kms.katalon.core.keyword.internal.KeywordExecutor.executeKeywordForPlatform(KeywordExecutor.groovy:74)
	at com.kms.katalon.core.webui.keyword.WebUiBuiltInKeywords.verifyElementText(WebUiBuiltInKeywords.groovy:4749)
	at com.kms.katalon.core.webui.keyword.WebUiBuiltInKeywords$verifyElementText$5.call(Unknown Source)
	at Header - Menu Verification.run(Header - Menu Verification:41)
	at com.kms.katalon.core.main.ScriptEngine.run(ScriptEngine.java:194)
	at com.kms.katalon.core.main.ScriptEngine.runScriptAsRawText(ScriptEngine.java:119)
	at com.kms.katalon.core.main.TestCaseExecutor.runScript(TestCaseExecutor.java:445)
	at com.kms.katalon.core.main.TestCaseExecutor.doExecute(TestCaseExecutor.java:436)
	at com.kms.katalon.core.main.TestCaseExecutor.processExecutionPhase(TestCaseExecutor.java:415)
	at com.kms.katalon.core.main.TestCaseExecutor.accessMainPhase(TestCaseExecutor.java:407)
	at com.kms.katalon.core.main.TestCaseExecutor.execute(TestCaseExecutor.java:284)
	at com.kms.katalon.core.common.CommonExecutor.accessTestCaseMainPhase(CommonExecutor.java:65)
	at com.kms.katalon.core.main.TestSuiteExecutor.accessTestSuiteMainPhase(TestSuiteExecutor.java:144)
	at com.kms.katalon.core.main.TestSuiteExecutor.execute(TestSuiteExecutor.java:106)
	at com.kms.katalon.core.main.TestCaseMain.startTestSuite(TestCaseMain.java:185)
	at com.kms.katalon.core.main.TestCaseMain$startTestSuite$0.call(Unknown Source)
	at TempTestSuite1650304259606.run(TempTestSuite1650304259606.groovy:36)
Caused by: org.openqa.selenium.StaleElementReferenceException: stale element reference: element is not attached to the page document
  (Session info: chrome=100.0.4896.127)
For documentation on this error, please visit: https://www.seleniumhq.org/exceptions/stale_element_reference.html
Build info: version: '3.141.59', revision: 'e82be7d358', time: '2018-11-14T08:25:53'
System info: host: 'AMX-RL-20-608-W', ip: '10.10.7.28', os.name: 'Windows 10', os.arch: 'amd64', os.version: '10.0', java.version: '1.8.0_282'
Driver info: com.kms.katalon.selenium.driver.CChromeDriver
Capabilities {acceptInsecureCerts: false, browserName: chrome, browserVersion: 100.0.4896.127, chrome: {chromedriverVersion: 100.0.4896.60 (6a5d10861ce8..., userDataDir: C:\Users\VENKAT~1.T\AppData...}, goog:chromeOptions: {debuggerAddress: localhost:63399}, javascriptEnabled: true, networkConnectionEnabled: false, pageLoadStrategy: normal, platform: WINDOWS, platformName: WINDOWS, proxy: Proxy(), setWindowRect: true, strictFileInteractability: false, timeouts: {implicit: 0, pageLoad: 300000, script: 30000}, unhandledPromptBehavior: dismiss and notify, webauthn:extension:credBlob: true, webauthn:extension:largeBlob: true, webauthn:virtualAuthenticators: true}
Session ID: 58be916cd1102abe5c81971812c213fb
	at org.openqa.selenium.remote.http.W3CHttpResponseCodec.createException(W3CHttpResponseCodec.java:187)
	at org.openqa.selenium.remote.http.W3CHttpResponseCodec.decode(W3CHttpResponseCodec.java:122)
	at org.openqa.selenium.remote.http.W3CHttpResponseCodec.decode(W3CHttpResponseCodec.java:49)
	at org.openqa.selenium.remote.HttpCommandExecutor.execute(HttpCommandExecutor.java:158)
	at org.openqa.selenium.remote.service.DriverCommandExecutor.execute(DriverCommandExecutor.java:83)
	at org.openqa.selenium.remote.RemoteWebDriver.execute(RemoteWebDriver.java:552)
	at com.kms.katalon.selenium.driver.CChromeDriver.execute(CChromeDriver.java:19)
	at org.openqa.selenium.remote.RemoteWebElement.execute(RemoteWebElement.java:285)
	at org.openqa.selenium.remote.RemoteWebElement.getText(RemoteWebElement.java:166)
	at org.openqa.selenium.support.events.EventFiringWebDriver$EventFiringWebElement.lambda$new$0(EventFiringWebDriver.java:404)
	at com.sun.proxy.$Proxy11.getText(Unknown Source)
	at org.openqa.selenium.support.events.EventFiringWebDriver$EventFiringWebElement.getText(EventFiringWebDriver.java:463)
	at com.kms.katalon.core.webui.keyword.builtin.VerifyElementTextKeyword$_verifyElementText_closure1.doCall(VerifyElementTextKeyword.groovy:53)
	at com.kms.katalon.core.webui.keyword.builtin.VerifyElementTextKeyword$_verifyElementText_closure1.call(VerifyElementTextKeyword.groovy)
	at com.kms.katalon.core.webui.keyword.internal.WebUIKeywordMain.runKeyword(WebUIKeywordMain.groovy:20)
	at com.kms.katalon.core.webui.keyword.builtin.VerifyElementTextKeyword.verifyElementText(VerifyElementTextKeyword.groovy:72)
	at com.kms.katalon.core.webui.keyword.builtin.VerifyElementTextKeyword.execute(VerifyElementTextKeyword.groovy:40)
	at com.kms.katalon.core.keyword.internal.KeywordExecutor.executeKeywordForPlatform(KeywordExecutor.groovy:74)
	at com.kms.katalon.core.webui.keyword.WebUiBuiltInKeywords.verifyElementText(WebUiBuiltInKeywords.groovy:4749)
	at com.kms.katalon.core.webui.keyword.WebUiBuiltInKeywords$verifyElementText$5.call(Unknown Source)
	at Script1649317526777.run(Script1649317526777.groovy:41)
	... 13 more
)
	at com.kms.katalon.core.keyword.internal.KeywordMain.stepFailed(KeywordMain.groovy:39)
	at com.kms.katalon.core.webui.keyword.internal.WebUIKeywordMain.stepFailed(WebUIKeywordMain.groovy:64)
	at com.kms.katalon.core.webui.keyword.internal.WebUIKeywordMain.runKeyword(WebUIKeywordMain.groovy:26)
	at com.kms.katalon.core.webui.keyword.builtin.VerifyElementTextKeyword.verifyElementText(VerifyElementTextKeyword.groovy:72)
	at com.kms.katalon.core.webui.keyword.builtin.VerifyElementTextKeyword.execute(VerifyElementTextKeyword.groovy:40)
	at com.kms.katalon.core.keyword.internal.KeywordExecutor.executeKeywordForPlatform(KeywordExecutor.groovy:74)
	at com.kms.katalon.core.webui.keyword.WebUiBuiltInKeywords.verifyElementText(WebUiBuiltInKeywords.groovy:4749)
	at com.kms.katalon.core.webui.keyword.WebUiBuiltInKeywords$verifyElementText$5.call(Unknown Source)
	at Header - Menu Verification.run(Header - Menu Verification:41)
	at com.kms.katalon.core.main.ScriptEngine.run(ScriptEngine.java:194)
	at com.kms.katalon.core.main.ScriptEngine.runScriptAsRawText(ScriptEngine.java:119)
	at com.kms.katalon.core.main.TestCaseExecutor.runScript(TestCaseExecutor.java:445)
	at com.kms.katalon.core.main.TestCaseExecutor.doExecute(TestCaseExecutor.java:436)
	at com.kms.katalon.core.main.TestCaseExecutor.processExecutionPhase(TestCaseExecutor.java:415)
	at com.kms.katalon.core.main.TestCaseExecutor.accessMainPhase(TestCaseExecutor.java:407)
	at com.kms.katalon.core.main.TestCaseExecutor.execute(TestCaseExecutor.java:284)
	at com.kms.katalon.core.common.CommonExecutor.accessTestCaseMainPhase(CommonExecutor.java:65)
	at com.kms.katalon.core.main.TestSuiteExecutor.accessTestSuiteMainPhase(TestSuiteExecutor.java:144)
	at com.kms.katalon.core.main.TestSuiteExecutor.execute(TestSuiteExecutor.java:106)
	at com.kms.katalon.core.main.TestCaseMain.startTestSuite(TestCaseMain.java:185)
	at com.kms.katalon.core.main.TestCaseMain$startTestSuite$0.call(Unknown Source)
	at TempTestSuite1650304259606.run(TempTestSuite1650304259606.groovy:36)
Caused by: com.kms.katalon.core.exception.StepFailedException: Verify element text of test object 'Object Repository/Header/Page_Enfamil Newborn, Infant  Toddler Nutri_2e0999/span_Why Enfamil' FAILED.
	... 21 more
Caused by: org.openqa.selenium.StaleElementReferenceException: stale element reference: element is not attached to the page document
  (Session info: chrome=100.0.4896.127)
For documentation on this error, please visit: https://www.seleniumhq.org/exceptions/stale_element_reference.html
Build info: version: '3.141.59', revision: 'e82be7d358', time: '2018-11-14T08:25:53'
System info: host: 'AMX-RL-20-608-W', ip: '10.10.7.28', os.name: 'Windows 10', os.arch: 'amd64', os.version: '10.0', java.version: '1.8.0_282'
Driver info: com.kms.katalon.selenium.driver.CChromeDriver
Capabilities {acceptInsecureCerts: false, browserName: chrome, browserVersion: 100.0.4896.127, chrome: {chromedriverVersion: 100.0.4896.60 (6a5d10861ce8..., userDataDir: C:\Users\VENKAT~1.T\AppData...}, goog:chromeOptions: {debuggerAddress: localhost:63399}, javascriptEnabled: true, networkConnectionEnabled: false, pageLoadStrategy: normal, platform: WINDOWS, platformName: WINDOWS, proxy: Proxy(), setWindowRect: true, strictFileInteractability: false, timeouts: {implicit: 0, pageLoad: 300000, script: 30000}, unhandledPromptBehavior: dismiss and notify, webauthn:extension:credBlob: true, webauthn:extension:largeBlob: true, webauthn:virtualAuthenticators: true}
Session ID: 58be916cd1102abe5c81971812c213fb
	at org.openqa.selenium.remote.http.W3CHttpResponseCodec.createException(W3CHttpResponseCodec.java:187)
	at org.openqa.selenium.remote.http.W3CHttpResponseCodec.decode(W3CHttpResponseCodec.java:122)
	at org.openqa.selenium.remote.http.W3CHttpResponseCodec.decode(W3CHttpResponseCodec.java:49)
	at org.openqa.selenium.remote.HttpCommandExecutor.execute(HttpCommandExecutor.java:158)
	at org.openqa.selenium.remote.service.DriverCommandExecutor.execute(DriverCommandExecutor.java:83)
	at org.openqa.selenium.remote.RemoteWebDriver.execute(RemoteWebDriver.java:552)
	at com.kms.katalon.selenium.driver.CChromeDriver.execute(CChromeDriver.java:19)
	at org.openqa.selenium.remote.RemoteWebElement.execute(RemoteWebElement.java:285)
	at org.openqa.selenium.remote.RemoteWebElement.getText(RemoteWebElement.java:166)
	at org.openqa.selenium.support.events.EventFiringWebDriver$EventFiringWebElement.lambda$new$0(EventFiringWebDriver.java:404)
	at com.sun.proxy.$Proxy11.getText(Unknown Source)
	at org.openqa.selenium.support.events.EventFiringWebDriver$EventFiringWebElement.getText(EventFiringWebDriver.java:463)
	at com.kms.katalon.core.webui.keyword.builtin.VerifyElementTextKeyword$_verifyElementText_closure1.doCall(VerifyElementTextKeyword.groovy:53)
	at com.kms.katalon.core.webui.keyword.builtin.VerifyElementTextKeyword$_verifyElementText_closure1.call(VerifyElementTextKeyword.groovy)
	at com.kms.katalon.core.webui.keyword.internal.WebUIKeywordMain.runKeyword(WebUIKeywordMain.groovy:20)
	... 19 more
"/>
         <system-out><![CDATA[2022-04-18 23:49:27 - [TEST_CASE][FAILED] - Test Cases/Venkat/Header/Header - Menu Verification: Test Cases/Venkat/Header/Header - Menu Verification FAILED.
Reason:
com.kms.katalon.core.exception.StepFailedException: Verify element text of test object 'Object Repository/Header/Page_Enfamil Newborn, Infant  Toddler Nutri_2e0999/span_Why Enfamil' FAILED. (Root cause: com.kms.katalon.core.exception.StepFailedException: Verify element text of test object 'Object Repository/Header/Page_Enfamil Newborn, Infant  Toddler Nutri_2e0999/span_Why Enfamil' FAILED.
	at com.kms.katalon.core.webui.keyword.internal.WebUIKeywordMain.stepFailed(WebUIKeywordMain.groovy:64)
	at com.kms.katalon.core.webui.keyword.internal.WebUIKeywordMain.runKeyword(WebUIKeywordMain.groovy:26)
	at com.kms.katalon.core.webui.keyword.builtin.VerifyElementTextKeyword.verifyElementText(VerifyElementTextKeyword.groovy:72)
	at com.kms.katalon.core.webui.keyword.builtin.VerifyElementTextKeyword.execute(VerifyElementTextKeyword.groovy:40)
	at com.kms.katalon.core.keyword.internal.KeywordExecutor.executeKeywordForPlatform(KeywordExecutor.groovy:74)
	at com.kms.katalon.core.webui.keyword.WebUiBuiltInKeywords.verifyElementText(WebUiBuiltInKeywords.groovy:4749)
	at com.kms.katalon.core.webui.keyword.WebUiBuiltInKeywords$verifyElementText$5.call(Unknown Source)
	at Header - Menu Verification.run(Header - Menu Verification:41)
	at com.kms.katalon.core.main.ScriptEngine.run(ScriptEngine.java:194)
	at com.kms.katalon.core.main.ScriptEngine.runScriptAsRawText(ScriptEngine.java:119)
	at com.kms.katalon.core.main.TestCaseExecutor.runScript(TestCaseExecutor.java:445)
	at com.kms.katalon.core.main.TestCaseExecutor.doExecute(TestCaseExecutor.java:436)
	at com.kms.katalon.core.main.TestCaseExecutor.processExecutionPhase(TestCaseExecutor.java:415)
	at com.kms.katalon.core.main.TestCaseExecutor.accessMainPhase(TestCaseExecutor.java:407)
	at com.kms.katalon.core.main.TestCaseExecutor.execute(TestCaseExecutor.java:284)
	at com.kms.katalon.core.common.CommonExecutor.accessTestCaseMainPhase(CommonExecutor.java:65)
	at com.kms.katalon.core.main.TestSuiteExecutor.accessTestSuiteMainPhase(TestSuiteExecutor.java:144)
	at com.kms.katalon.core.main.TestSuiteExecutor.execute(TestSuiteExecutor.java:106)
	at com.kms.katalon.core.main.TestCaseMain.startTestSuite(TestCaseMain.java:185)
	at com.kms.katalon.core.main.TestCaseMain$startTestSuite$0.call(Unknown Source)
	at TempTestSuite1650304259606.run(TempTestSuite1650304259606.groovy:36)
Caused by: org.openqa.selenium.StaleElementReferenceException: stale element reference: element is not attached to the page document
  (Session info: chrome=100.0.4896.127)
For documentation on this error, please visit: https://www.seleniumhq.org/exceptions/stale_element_reference.html
Build info: version: '3.141.59', revision: 'e82be7d358', time: '2018-11-14T08:25:53'
System info: host: 'AMX-RL-20-608-W', ip: '10.10.7.28', os.name: 'Windows 10', os.arch: 'amd64', os.version: '10.0', java.version: '1.8.0_282'
Driver info: com.kms.katalon.selenium.driver.CChromeDriver
Capabilities {acceptInsecureCerts: false, browserName: chrome, browserVersion: 100.0.4896.127, chrome: {chromedriverVersion: 100.0.4896.60 (6a5d10861ce8..., userDataDir: C:\Users\VENKAT~1.T\AppData...}, goog:chromeOptions: {debuggerAddress: localhost:63399}, javascriptEnabled: true, networkConnectionEnabled: false, pageLoadStrategy: normal, platform: WINDOWS, platformName: WINDOWS, proxy: Proxy(), setWindowRect: true, strictFileInteractability: false, timeouts: {implicit: 0, pageLoad: 300000, script: 30000}, unhandledPromptBehavior: dismiss and notify, webauthn:extension:credBlob: true, webauthn:extension:largeBlob: true, webauthn:virtualAuthenticators: true}
Session ID: 58be916cd1102abe5c81971812c213fb
	at org.openqa.selenium.remote.http.W3CHttpResponseCodec.createException(W3CHttpResponseCodec.java:187)
	at org.openqa.selenium.remote.http.W3CHttpResponseCodec.decode(W3CHttpResponseCodec.java:122)
	at org.openqa.selenium.remote.http.W3CHttpResponseCodec.decode(W3CHttpResponseCodec.java:49)
	at org.openqa.selenium.remote.HttpCommandExecutor.execute(HttpCommandExecutor.java:158)
	at org.openqa.selenium.remote.service.DriverCommandExecutor.execute(DriverCommandExecutor.java:83)
	at org.openqa.selenium.remote.RemoteWebDriver.execute(RemoteWebDriver.java:552)
	at com.kms.katalon.selenium.driver.CChromeDriver.execute(CChromeDriver.java:19)
	at org.openqa.selenium.remote.RemoteWebElement.execute(RemoteWebElement.java:285)
	at org.openqa.selenium.remote.RemoteWebElement.getText(RemoteWebElement.java:166)
	at org.openqa.selenium.support.events.EventFiringWebDriver$EventFiringWebElement.lambda$new$0(EventFiringWebDriver.java:404)
	at com.sun.proxy.$Proxy11.getText(Unknown Source)
	at org.openqa.selenium.support.events.EventFiringWebDriver$EventFiringWebElement.getText(EventFiringWebDriver.java:463)
	at com.kms.katalon.core.webui.keyword.builtin.VerifyElementTextKeyword$_verifyElementText_closure1.doCall(VerifyElementTextKeyword.groovy:53)
	at com.kms.katalon.core.webui.keyword.builtin.VerifyElementTextKeyword$_verifyElementText_closure1.call(VerifyElementTextKeyword.groovy)
	at com.kms.katalon.core.webui.keyword.internal.WebUIKeywordMain.runKeyword(WebUIKeywordMain.groovy:20)
	at com.kms.katalon.core.webui.keyword.builtin.VerifyElementTextKeyword.verifyElementText(VerifyElementTextKeyword.groovy:72)
	at com.kms.katalon.core.webui.keyword.builtin.VerifyElementTextKeyword.execute(VerifyElementTextKeyword.groovy:40)
	at com.kms.katalon.core.keyword.internal.KeywordExecutor.executeKeywordForPlatform(KeywordExecutor.groovy:74)
	at com.kms.katalon.core.webui.keyword.WebUiBuiltInKeywords.verifyElementText(WebUiBuiltInKeywords.groovy:4749)
	at com.kms.katalon.core.webui.keyword.WebUiBuiltInKeywords$verifyElementText$5.call(Unknown Source)
	at Script1649317526777.run(Script1649317526777.groovy:41)
	... 13 more
)
	at com.kms.katalon.core.keyword.internal.KeywordMain.stepFailed(KeywordMain.groovy:39)
	at com.kms.katalon.core.webui.keyword.internal.WebUIKeywordMain.stepFailed(WebUIKeywordMain.groovy:64)
	at com.kms.katalon.core.webui.keyword.internal.WebUIKeywordMain.runKeyword(WebUIKeywordMain.groovy:26)
	at com.kms.katalon.core.webui.keyword.builtin.VerifyElementTextKeyword.verifyElementText(VerifyElementTextKeyword.groovy:72)
	at com.kms.katalon.core.webui.keyword.builtin.VerifyElementTextKeyword.execute(VerifyElementTextKeyword.groovy:40)
	at com.kms.katalon.core.keyword.internal.KeywordExecutor.executeKeywordForPlatform(KeywordExecutor.groovy:74)
	at com.kms.katalon.core.webui.keyword.WebUiBuiltInKeywords.verifyElementText(WebUiBuiltInKeywords.groovy:4749)
	at com.kms.katalon.core.webui.keyword.WebUiBuiltInKeywords$verifyElementText$5.call(Unknown Source)
	at Header - Menu Verification.run(Header - Menu Verification:41)
	at com.kms.katalon.core.main.ScriptEngine.run(ScriptEngine.java:194)
	at com.kms.katalon.core.main.ScriptEngine.runScriptAsRawText(ScriptEngine.java:119)
	at com.kms.katalon.core.main.TestCaseExecutor.runScript(TestCaseExecutor.java:445)
	at com.kms.katalon.core.main.TestCaseExecutor.doExecute(TestCaseExecutor.java:436)
	at com.kms.katalon.core.main.TestCaseExecutor.processExecutionPhase(TestCaseExecutor.java:415)
	at com.kms.katalon.core.main.TestCaseExecutor.accessMainPhase(TestCaseExecutor.java:407)
	at com.kms.katalon.core.main.TestCaseExecutor.execute(TestCaseExecutor.java:284)
	at com.kms.katalon.core.common.CommonExecutor.accessTestCaseMainPhase(CommonExecutor.java:65)
	at com.kms.katalon.core.main.TestSuiteExecutor.accessTestSuiteMainPhase(TestSuiteExecutor.java:144)
	at com.kms.katalon.core.main.TestSuiteExecutor.execute(TestSuiteExecutor.java:106)
	at com.kms.katalon.core.main.TestCaseMain.startTestSuite(TestCaseMain.java:185)
	at com.kms.katalon.core.main.TestCaseMain$startTestSuite$0.call(Unknown Source)
	at TempTestSuite1650304259606.run(TempTestSuite1650304259606.groovy:36)
Caused by: com.kms.katalon.core.exception.StepFailedException: Verify element text of test object 'Object Repository/Header/Page_Enfamil Newborn, Infant  Toddler Nutri_2e0999/span_Why Enfamil' FAILED.
	... 21 more
Caused by: org.openqa.selenium.StaleElementReferenceException: stale element reference: element is not attached to the page document
  (Session info: chrome=100.0.4896.127)
For documentation on this error, please visit: https://www.seleniumhq.org/exceptions/stale_element_reference.html
Build info: version: '3.141.59', revision: 'e82be7d358', time: '2018-11-14T08:25:53'
System info: host: 'AMX-RL-20-608-W', ip: '10.10.7.28', os.name: 'Windows 10', os.arch: 'amd64', os.version: '10.0', java.version: '1.8.0_282'
Driver info: com.kms.katalon.selenium.driver.CChromeDriver
Capabilities {acceptInsecureCerts: false, browserName: chrome, browserVersion: 100.0.4896.127, chrome: {chromedriverVersion: 100.0.4896.60 (6a5d10861ce8..., userDataDir: C:\Users\VENKAT~1.T\AppData...}, goog:chromeOptions: {debuggerAddress: localhost:63399}, javascriptEnabled: true, networkConnectionEnabled: false, pageLoadStrategy: normal, platform: WINDOWS, platformName: WINDOWS, proxy: Proxy(), setWindowRect: true, strictFileInteractability: false, timeouts: {implicit: 0, pageLoad: 300000, script: 30000}, unhandledPromptBehavior: dismiss and notify, webauthn:extension:credBlob: true, webauthn:extension:largeBlob: true, webauthn:virtualAuthenticators: true}
Session ID: 58be916cd1102abe5c81971812c213fb
	at org.openqa.selenium.remote.http.W3CHttpResponseCodec.createException(W3CHttpResponseCodec.java:187)
	at org.openqa.selenium.remote.http.W3CHttpResponseCodec.decode(W3CHttpResponseCodec.java:122)
	at org.openqa.selenium.remote.http.W3CHttpResponseCodec.decode(W3CHttpResponseCodec.java:49)
	at org.openqa.selenium.remote.HttpCommandExecutor.execute(HttpCommandExecutor.java:158)
	at org.openqa.selenium.remote.service.DriverCommandExecutor.execute(DriverCommandExecutor.java:83)
	at org.openqa.selenium.remote.RemoteWebDriver.execute(RemoteWebDriver.java:552)
	at com.kms.katalon.selenium.driver.CChromeDriver.execute(CChromeDriver.java:19)
	at org.openqa.selenium.remote.RemoteWebElement.execute(RemoteWebElement.java:285)
	at org.openqa.selenium.remote.RemoteWebElement.getText(RemoteWebElement.java:166)
	at org.openqa.selenium.support.events.EventFiringWebDriver$EventFiringWebElement.lambda$new$0(EventFiringWebDriver.java:404)
	at com.sun.proxy.$Proxy11.getText(Unknown Source)
	at org.openqa.selenium.support.events.EventFiringWebDriver$EventFiringWebElement.getText(EventFiringWebDriver.java:463)
	at com.kms.katalon.core.webui.keyword.builtin.VerifyElementTextKeyword$_verifyElementText_closure1.doCall(VerifyElementTextKeyword.groovy:53)
	at com.kms.katalon.core.webui.keyword.builtin.VerifyElementTextKeyword$_verifyElementText_closure1.call(VerifyElementTextKeyword.groovy)
	at com.kms.katalon.core.webui.keyword.internal.WebUIKeywordMain.runKeyword(WebUIKeywordMain.groovy:20)
	... 19 more


2022-04-18 23:49:28 - [TEST_STEP][PASSED] - openBrowser(""): Browser is opened with url: ''

2022-04-18 23:49:28 - [MESSAGE][INFO] - Starting 'Chrome' driver

2022-04-18 23:49:28 - [MESSAGE][INFO] - Action delay is set to 0 milliseconds

2022-04-18 23:49:30 - [MESSAGE][PASSED] - Browser is opened with url: ''

2022-04-18 23:49:30 - [TEST_STEP][PASSED] - navigateToUrl(HomePage): Navigate to 'https://enfamil-us.cdn.test.us-east-1.starterkit.rbcloud.io/' successfully

2022-04-18 23:49:32 - [MESSAGE][PASSED] - Navigate to 'https://enfamil-us.cdn.test.us-east-1.starterkit.rbcloud.io/' successfully

2022-04-18 23:49:32 - [TEST_STEP][PASSED] - maximizeWindow(): Current window maximized

2022-04-18 23:49:32 - [MESSAGE][PASSED] - Current window maximized

2022-04-18 23:49:32 - [TEST_STEP][PASSED] - verifyElementText(findTestObject("Object Repository/Header/Page_Enfamil Newborn, Infant  Toddler Nutri_2e0999/span_Shop Products"), "Shop Products"): Actual text and expected text of test object 'Object Repository/Header/Page_Enfamil Newborn, Infant  Toddler Nutri_2e0999/span_Shop Products' are matched.

2022-04-18 23:49:32 - [MESSAGE][PASSED] - Actual text and expected text of test object 'Object Repository/Header/Page_Enfamil Newborn, Infant  Toddler Nutri_2e0999/span_Shop Products' are matched.

2022-04-18 23:49:32 - [TEST_STEP][PASSED] - verifyElementPresent(findTestObject("Object Repository/Header/Page_Enfamil Newborn, Infant  Toddler Nutri_2e0999/span_Shop Products"), 0): Object 'Object Repository/Header/Page_Enfamil Newborn, Infant  Toddler Nutri_2e0999/span_Shop Products' is present

2022-04-18 23:49:32 - [MESSAGE][WARNING] - Timeout '0' is invalid. Using default page load timeout: '5'

2022-04-18 23:49:33 - [MESSAGE][PASSED] - Object 'Object Repository/Header/Page_Enfamil Newborn, Infant  Toddler Nutri_2e0999/span_Shop Products' is present

2022-04-18 23:49:33 - [TEST_STEP][PASSED] - verifyElementText(findTestObject("Object Repository/Header/Page_Enfamil Newborn, Infant  Toddler Nutri_2e0999/span_Tips  Resources"), "Tips & Resources"): Actual text and expected text of test object 'Object Repository/Header/Page_Enfamil Newborn, Infant  Toddler Nutri_2e0999/span_Tips  Resources' are matched.

2022-04-18 23:49:33 - [MESSAGE][PASSED] - Actual text and expected text of test object 'Object Repository/Header/Page_Enfamil Newborn, Infant  Toddler Nutri_2e0999/span_Tips  Resources' are matched.

2022-04-18 23:49:33 - [TEST_STEP][PASSED] - verifyElementPresent(findTestObject("Object Repository/Header/Page_Enfamil Newborn, Infant  Toddler Nutri_2e0999/span_Tips  Resources"), 0): Object 'Object Repository/Header/Page_Enfamil Newborn, Infant  Toddler Nutri_2e0999/span_Tips  Resources' is present

2022-04-18 23:49:33 - [MESSAGE][WARNING] - Timeout '0' is invalid. Using default page load timeout: '5'

2022-04-18 23:49:33 - [MESSAGE][PASSED] - Object 'Object Repository/Header/Page_Enfamil Newborn, Infant  Toddler Nutri_2e0999/span_Tips  Resources' is present

2022-04-18 23:49:33 - [TEST_STEP][PASSED] - verifyElementPresent(findTestObject("Object Repository/Header/Page_Enfamil Newborn, Infant  Toddler Nutri_2e0999/span_Why Enfamil"), 0): Object 'Object Repository/Header/Page_Enfamil Newborn, Infant  Toddler Nutri_2e0999/span_Why Enfamil' is present

2022-04-18 23:49:33 - [MESSAGE][WARNING] - Timeout '0' is invalid. Using default page load timeout: '5'

2022-04-18 23:49:34 - [MESSAGE][PASSED] - Object 'Object Repository/Header/Page_Enfamil Newborn, Infant  Toddler Nutri_2e0999/span_Why Enfamil' is present

2022-04-18 23:49:34 - [TEST_STEP][FAILED] - verifyElementText(findTestObject("Object Repository/Header/Page_Enfamil Newborn, Infant  Toddler Nutri_2e0999/span_Why Enfamil"), "Why Enfamil"): Verify element text of test object 'Object Repository/Header/Page_Enfamil Newborn, Infant  Toddler Nutri_2e0999/span_Why Enfamil' FAILED. (Root cause: com.kms.katalon.core.exception.StepFailedException: Verify element text of test object 'Object Repository/Header/Page_Enfamil Newborn, Infant  Toddler Nutri_2e0999/span_Why Enfamil' FAILED.
	at com.kms.katalon.core.webui.keyword.internal.WebUIKeywordMain.stepFailed(WebUIKeywordMain.groovy:64)
	at com.kms.katalon.core.webui.keyword.internal.WebUIKeywordMain.runKeyword(WebUIKeywordMain.groovy:26)
	at com.kms.katalon.core.webui.keyword.builtin.VerifyElementTextKeyword.verifyElementText(VerifyElementTextKeyword.groovy:72)
	at com.kms.katalon.core.webui.keyword.builtin.VerifyElementTextKeyword.execute(VerifyElementTextKeyword.groovy:40)
	at com.kms.katalon.core.keyword.internal.KeywordExecutor.executeKeywordForPlatform(KeywordExecutor.groovy:74)
	at com.kms.katalon.core.webui.keyword.WebUiBuiltInKeywords.verifyElementText(WebUiBuiltInKeywords.groovy:4749)
	at com.kms.katalon.core.webui.keyword.WebUiBuiltInKeywords$verifyElementText$5.call(Unknown Source)
	at Header - Menu Verification.run(Header - Menu Verification:41)
	at com.kms.katalon.core.main.ScriptEngine.run(ScriptEngine.java:194)
	at com.kms.katalon.core.main.ScriptEngine.runScriptAsRawText(ScriptEngine.java:119)
	at com.kms.katalon.core.main.TestCaseExecutor.runScript(TestCaseExecutor.java:445)
	at com.kms.katalon.core.main.TestCaseExecutor.doExecute(TestCaseExecutor.java:436)
	at com.kms.katalon.core.main.TestCaseExecutor.processExecutionPhase(TestCaseExecutor.java:415)
	at com.kms.katalon.core.main.TestCaseExecutor.accessMainPhase(TestCaseExecutor.java:407)
	at com.kms.katalon.core.main.TestCaseExecutor.execute(TestCaseExecutor.java:284)
	at com.kms.katalon.core.common.CommonExecutor.accessTestCaseMainPhase(CommonExecutor.java:65)
	at com.kms.katalon.core.main.TestSuiteExecutor.accessTestSuiteMainPhase(TestSuiteExecutor.java:144)
	at com.kms.katalon.core.main.TestSuiteExecutor.execute(TestSuiteExecutor.java:106)
	at com.kms.katalon.core.main.TestCaseMain.startTestSuite(TestCaseMain.java:185)
	at com.kms.katalon.core.main.TestCaseMain$startTestSuite$0.call(Unknown Source)
	at TempTestSuite1650304259606.run(TempTestSuite1650304259606.groovy:36)
Caused by: org.openqa.selenium.StaleElementReferenceException: stale element reference: element is not attached to the page document
  (Session info: chrome=100.0.4896.127)
For documentation on this error, please visit: https://www.seleniumhq.org/exceptions/stale_element_reference.html
Build info: version: '3.141.59', revision: 'e82be7d358', time: '2018-11-14T08:25:53'
System info: host: 'AMX-RL-20-608-W', ip: '10.10.7.28', os.name: 'Windows 10', os.arch: 'amd64', os.version: '10.0', java.version: '1.8.0_282'
Driver info: com.kms.katalon.selenium.driver.CChromeDriver
Capabilities {acceptInsecureCerts: false, browserName: chrome, browserVersion: 100.0.4896.127, chrome: {chromedriverVersion: 100.0.4896.60 (6a5d10861ce8..., userDataDir: C:\Users\VENKAT~1.T\AppData...}, goog:chromeOptions: {debuggerAddress: localhost:63399}, javascriptEnabled: true, networkConnectionEnabled: false, pageLoadStrategy: normal, platform: WINDOWS, platformName: WINDOWS, proxy: Proxy(), setWindowRect: true, strictFileInteractability: false, timeouts: {implicit: 0, pageLoad: 300000, script: 30000}, unhandledPromptBehavior: dismiss and notify, webauthn:extension:credBlob: true, webauthn:extension:largeBlob: true, webauthn:virtualAuthenticators: true}
Session ID: 58be916cd1102abe5c81971812c213fb
	at org.openqa.selenium.remote.http.W3CHttpResponseCodec.createException(W3CHttpResponseCodec.java:187)
	at org.openqa.selenium.remote.http.W3CHttpResponseCodec.decode(W3CHttpResponseCodec.java:122)
	at org.openqa.selenium.remote.http.W3CHttpResponseCodec.decode(W3CHttpResponseCodec.java:49)
	at org.openqa.selenium.remote.HttpCommandExecutor.execute(HttpCommandExecutor.java:158)
	at org.openqa.selenium.remote.service.DriverCommandExecutor.execute(DriverCommandExecutor.java:83)
	at org.openqa.selenium.remote.RemoteWebDriver.execute(RemoteWebDriver.java:552)
	at com.kms.katalon.selenium.driver.CChromeDriver.execute(CChromeDriver.java:19)
	at org.openqa.selenium.remote.RemoteWebElement.execute(RemoteWebElement.java:285)
	at org.openqa.selenium.remote.RemoteWebElement.getText(RemoteWebElement.java:166)
	at org.openqa.selenium.support.events.EventFiringWebDriver$EventFiringWebElement.lambda$new$0(EventFiringWebDriver.java:404)
	at com.sun.proxy.$Proxy11.getText(Unknown Source)
	at org.openqa.selenium.support.events.EventFiringWebDriver$EventFiringWebElement.getText(EventFiringWebDriver.java:463)
	at com.kms.katalon.core.webui.keyword.builtin.VerifyElementTextKeyword$_verifyElementText_closure1.doCall(VerifyElementTextKeyword.groovy:53)
	at com.kms.katalon.core.webui.keyword.builtin.VerifyElementTextKeyword$_verifyElementText_closure1.call(VerifyElementTextKeyword.groovy)
	at com.kms.katalon.core.webui.keyword.internal.WebUIKeywordMain.runKeyword(WebUIKeywordMain.groovy:20)
	at com.kms.katalon.core.webui.keyword.builtin.VerifyElementTextKeyword.verifyElementText(VerifyElementTextKeyword.groovy:72)
	at com.kms.katalon.core.webui.keyword.builtin.VerifyElementTextKeyword.execute(VerifyElementTextKeyword.groovy:40)
	at com.kms.katalon.core.keyword.internal.KeywordExecutor.executeKeywordForPlatform(KeywordExecutor.groovy:74)
	at com.kms.katalon.core.webui.keyword.WebUiBuiltInKeywords.verifyElementText(WebUiBuiltInKeywords.groovy:4749)
	at com.kms.katalon.core.webui.keyword.WebUiBuiltInKeywords$verifyElementText$5.call(Unknown Source)
	at Script1649317526777.run(Script1649317526777.groovy:41)
	... 13 more
)

2022-04-18 23:49:37 - [MESSAGE][FAILED] - Verify element text of test object 'Object Repository/Header/Page_Enfamil Newborn, Infant  Toddler Nutri_2e0999/span_Why Enfamil' FAILED. (Root cause: com.kms.katalon.core.exception.StepFailedException: Verify element text of test object 'Object Repository/Header/Page_Enfamil Newborn, Infant  Toddler Nutri_2e0999/span_Why Enfamil' FAILED.
	at com.kms.katalon.core.webui.keyword.internal.WebUIKeywordMain.stepFailed(WebUIKeywordMain.groovy:64)
	at com.kms.katalon.core.webui.keyword.internal.WebUIKeywordMain.runKeyword(WebUIKeywordMain.groovy:26)
	at com.kms.katalon.core.webui.keyword.builtin.VerifyElementTextKeyword.verifyElementText(VerifyElementTextKeyword.groovy:72)
	at com.kms.katalon.core.webui.keyword.builtin.VerifyElementTextKeyword.execute(VerifyElementTextKeyword.groovy:40)
	at com.kms.katalon.core.keyword.internal.KeywordExecutor.executeKeywordForPlatform(KeywordExecutor.groovy:74)
	at com.kms.katalon.core.webui.keyword.WebUiBuiltInKeywords.verifyElementText(WebUiBuiltInKeywords.groovy:4749)
	at com.kms.katalon.core.webui.keyword.WebUiBuiltInKeywords$verifyElementText$5.call(Unknown Source)
	at Header - Menu Verification.run(Header - Menu Verification:41)
	at com.kms.katalon.core.main.ScriptEngine.run(ScriptEngine.java:194)
	at com.kms.katalon.core.main.ScriptEngine.runScriptAsRawText(ScriptEngine.java:119)
	at com.kms.katalon.core.main.TestCaseExecutor.runScript(TestCaseExecutor.java:445)
	at com.kms.katalon.core.main.TestCaseExecutor.doExecute(TestCaseExecutor.java:436)
	at com.kms.katalon.core.main.TestCaseExecutor.processExecutionPhase(TestCaseExecutor.java:415)
	at com.kms.katalon.core.main.TestCaseExecutor.accessMainPhase(TestCaseExecutor.java:407)
	at com.kms.katalon.core.main.TestCaseExecutor.execute(TestCaseExecutor.java:284)
	at com.kms.katalon.core.common.CommonExecutor.accessTestCaseMainPhase(CommonExecutor.java:65)
	at com.kms.katalon.core.main.TestSuiteExecutor.accessTestSuiteMainPhase(TestSuiteExecutor.java:144)
	at com.kms.katalon.core.main.TestSuiteExecutor.execute(TestSuiteExecutor.java:106)
	at com.kms.katalon.core.main.TestCaseMain.startTestSuite(TestCaseMain.java:185)
	at com.kms.katalon.core.main.TestCaseMain$startTestSuite$0.call(Unknown Source)
	at TempTestSuite1650304259606.run(TempTestSuite1650304259606.groovy:36)
Caused by: org.openqa.selenium.StaleElementReferenceException: stale element reference: element is not attached to the page document
  (Session info: chrome=100.0.4896.127)
For documentation on this error, please visit: https://www.seleniumhq.org/exceptions/stale_element_reference.html
Build info: version: '3.141.59', revision: 'e82be7d358', time: '2018-11-14T08:25:53'
System info: host: 'AMX-RL-20-608-W', ip: '10.10.7.28', os.name: 'Windows 10', os.arch: 'amd64', os.version: '10.0', java.version: '1.8.0_282'
Driver info: com.kms.katalon.selenium.driver.CChromeDriver
Capabilities {acceptInsecureCerts: false, browserName: chrome, browserVersion: 100.0.4896.127, chrome: {chromedriverVersion: 100.0.4896.60 (6a5d10861ce8..., userDataDir: C:\Users\VENKAT~1.T\AppData...}, goog:chromeOptions: {debuggerAddress: localhost:63399}, javascriptEnabled: true, networkConnectionEnabled: false, pageLoadStrategy: normal, platform: WINDOWS, platformName: WINDOWS, proxy: Proxy(), setWindowRect: true, strictFileInteractability: false, timeouts: {implicit: 0, pageLoad: 300000, script: 30000}, unhandledPromptBehavior: dismiss and notify, webauthn:extension:credBlob: true, webauthn:extension:largeBlob: true, webauthn:virtualAuthenticators: true}
Session ID: 58be916cd1102abe5c81971812c213fb
	at org.openqa.selenium.remote.http.W3CHttpResponseCodec.createException(W3CHttpResponseCodec.java:187)
	at org.openqa.selenium.remote.http.W3CHttpResponseCodec.decode(W3CHttpResponseCodec.java:122)
	at org.openqa.selenium.remote.http.W3CHttpResponseCodec.decode(W3CHttpResponseCodec.java:49)
	at org.openqa.selenium.remote.HttpCommandExecutor.execute(HttpCommandExecutor.java:158)
	at org.openqa.selenium.remote.service.DriverCommandExecutor.execute(DriverCommandExecutor.java:83)
	at org.openqa.selenium.remote.RemoteWebDriver.execute(RemoteWebDriver.java:552)
	at com.kms.katalon.selenium.driver.CChromeDriver.execute(CChromeDriver.java:19)
	at org.openqa.selenium.remote.RemoteWebElement.execute(RemoteWebElement.java:285)
	at org.openqa.selenium.remote.RemoteWebElement.getText(RemoteWebElement.java:166)
	at org.openqa.selenium.support.events.EventFiringWebDriver$EventFiringWebElement.lambda$new$0(EventFiringWebDriver.java:404)
	at com.sun.proxy.$Proxy11.getText(Unknown Source)
	at org.openqa.selenium.support.events.EventFiringWebDriver$EventFiringWebElement.getText(EventFiringWebDriver.java:463)
	at com.kms.katalon.core.webui.keyword.builtin.VerifyElementTextKeyword$_verifyElementText_closure1.doCall(VerifyElementTextKeyword.groovy:53)
	at com.kms.katalon.core.webui.keyword.builtin.VerifyElementTextKeyword$_verifyElementText_closure1.call(VerifyElementTextKeyword.groovy)
	at com.kms.katalon.core.webui.keyword.internal.WebUIKeywordMain.runKeyword(WebUIKeywordMain.groovy:20)
	at com.kms.katalon.core.webui.keyword.builtin.VerifyElementTextKeyword.verifyElementText(VerifyElementTextKeyword.groovy:72)
	at com.kms.katalon.core.webui.keyword.builtin.VerifyElementTextKeyword.execute(VerifyElementTextKeyword.groovy:40)
	at com.kms.katalon.core.keyword.internal.KeywordExecutor.executeKeywordForPlatform(KeywordExecutor.groovy:74)
	at com.kms.katalon.core.webui.keyword.WebUiBuiltInKeywords.verifyElementText(WebUiBuiltInKeywords.groovy:4749)
	at com.kms.katalon.core.webui.keyword.WebUiBuiltInKeywords$verifyElementText$5.call(Unknown Source)
	at Script1649317526777.run(Script1649317526777.groovy:41)
	... 13 more
)
[[ATTACHMENT|D:\\SmoketestSuite\\enfamilUS\\Reports\\20220418_232059\\SmokeTestCollection - Venkat\\SmokeTestSuite-Collection - UAT\\20220418_232059\\1650305976380.png]]

2022-04-18 23:49:37 - [TEST_STEP][PASSED] - verifyElementText(findTestObject("Object Repository/Header/Page_Enfamil Newborn, Infant  Toddler Nutri_2e0999/span_Offers  Savings"), "Offers & Savings"): Actual text and expected text of test object 'Object Repository/Header/Page_Enfamil Newborn, Infant  Toddler Nutri_2e0999/span_Offers  Savings' are matched.

2022-04-18 23:49:42 - [MESSAGE][PASSED] - Actual text and expected text of test object 'Object Repository/Header/Page_Enfamil Newborn, Infant  Toddler Nutri_2e0999/span_Offers  Savings' are matched.

2022-04-18 23:49:42 - [TEST_STEP][PASSED] - verifyElementPresent(findTestObject("Object Repository/Header/Page_Enfamil Newborn, Infant  Toddler Nutri_2e0999/span_Offers  Savings"), 0): Object 'Object Repository/Header/Page_Enfamil Newborn, Infant  Toddler Nutri_2e0999/span_Offers  Savings' is present

2022-04-18 23:49:42 - [MESSAGE][WARNING] - Timeout '0' is invalid. Using default page load timeout: '5'

2022-04-18 23:49:42 - [MESSAGE][PASSED] - Object 'Object Repository/Header/Page_Enfamil Newborn, Infant  Toddler Nutri_2e0999/span_Offers  Savings' is present

2022-04-18 23:49:42 - [TEST_STEP][PASSED] - verifyElementPresent(findTestObject("Object Repository/Header/Page_Enfamil Newborn, Infant  Toddler Nutri_2e0999/button_Show contact page"), 0): Object 'Object Repository/Header/Page_Enfamil Newborn, Infant  Toddler Nutri_2e0999/button_Show contact page' is present

2022-04-18 23:49:43 - [MESSAGE][WARNING] - Timeout '0' is invalid. Using default page load timeout: '5'

2022-04-18 23:49:43 - [MESSAGE][PASSED] - Object 'Object Repository/Header/Page_Enfamil Newborn, Infant  Toddler Nutri_2e0999/button_Show contact page' is present

2022-04-18 23:49:43 - [TEST_STEP][PASSED] - verifyElementPresent(findTestObject("Object Repository/Header/Page_Enfamil Newborn, Infant  Toddler Nutri_2e0999/button_Toggle search box"), 0): Object 'Object Repository/Header/Page_Enfamil Newborn, Infant  Toddler Nutri_2e0999/button_Toggle search box' is present

2022-04-18 23:49:43 - [MESSAGE][WARNING] - Timeout '0' is invalid. Using default page load timeout: '5'

2022-04-18 23:49:43 - [MESSAGE][PASSED] - Object 'Object Repository/Header/Page_Enfamil Newborn, Infant  Toddler Nutri_2e0999/button_Toggle search box' is present

2022-04-18 23:49:43 - [TEST_STEP][PASSED] - verifyElementPresent(findTestObject("Object Repository/Header/Page_Enfamil Newborn, Infant  Toddler Nutri_2e0999/button_Toggle search box_cart-tooltip-trigg_c05b76"), 0): Object 'Object Repository/Header/Page_Enfamil Newborn, Infant  Toddler Nutri_2e0999/button_Toggle search box_cart-tooltip-trigg_c05b76' is present

2022-04-18 23:49:43 - [MESSAGE][WARNING] - Timeout '0' is invalid. Using default page load timeout: '5'

2022-04-18 23:49:44 - [MESSAGE][PASSED] - Object 'Object Repository/Header/Page_Enfamil Newborn, Infant  Toddler Nutri_2e0999/button_Toggle search box_cart-tooltip-trigg_c05b76' is present

2022-04-18 23:49:44 - [TEST_STEP][PASSED] - closeBrowser(): Browser is closed

2022-04-18 23:49:45 - [MESSAGE][PASSED] - Browser is closed]]></system-out>
         <system-err><![CDATA[2022-04-18 23:49:27 - [TEST_CASE][FAILED] - Test Cases/Venkat/Header/Header - Menu Verification: Test Cases/Venkat/Header/Header - Menu Verification FAILED.
Reason:
com.kms.katalon.core.exception.StepFailedException: Verify element text of test object 'Object Repository/Header/Page_Enfamil Newborn, Infant  Toddler Nutri_2e0999/span_Why Enfamil' FAILED. (Root cause: com.kms.katalon.core.exception.StepFailedException: Verify element text of test object 'Object Repository/Header/Page_Enfamil Newborn, Infant  Toddler Nutri_2e0999/span_Why Enfamil' FAILED.
	at com.kms.katalon.core.webui.keyword.internal.WebUIKeywordMain.stepFailed(WebUIKeywordMain.groovy:64)
	at com.kms.katalon.core.webui.keyword.internal.WebUIKeywordMain.runKeyword(WebUIKeywordMain.groovy:26)
	at com.kms.katalon.core.webui.keyword.builtin.VerifyElementTextKeyword.verifyElementText(VerifyElementTextKeyword.groovy:72)
	at com.kms.katalon.core.webui.keyword.builtin.VerifyElementTextKeyword.execute(VerifyElementTextKeyword.groovy:40)
	at com.kms.katalon.core.keyword.internal.KeywordExecutor.executeKeywordForPlatform(KeywordExecutor.groovy:74)
	at com.kms.katalon.core.webui.keyword.WebUiBuiltInKeywords.verifyElementText(WebUiBuiltInKeywords.groovy:4749)
	at com.kms.katalon.core.webui.keyword.WebUiBuiltInKeywords$verifyElementText$5.call(Unknown Source)
	at Header - Menu Verification.run(Header - Menu Verification:41)
	at com.kms.katalon.core.main.ScriptEngine.run(ScriptEngine.java:194)
	at com.kms.katalon.core.main.ScriptEngine.runScriptAsRawText(ScriptEngine.java:119)
	at com.kms.katalon.core.main.TestCaseExecutor.runScript(TestCaseExecutor.java:445)
	at com.kms.katalon.core.main.TestCaseExecutor.doExecute(TestCaseExecutor.java:436)
	at com.kms.katalon.core.main.TestCaseExecutor.processExecutionPhase(TestCaseExecutor.java:415)
	at com.kms.katalon.core.main.TestCaseExecutor.accessMainPhase(TestCaseExecutor.java:407)
	at com.kms.katalon.core.main.TestCaseExecutor.execute(TestCaseExecutor.java:284)
	at com.kms.katalon.core.common.CommonExecutor.accessTestCaseMainPhase(CommonExecutor.java:65)
	at com.kms.katalon.core.main.TestSuiteExecutor.accessTestSuiteMainPhase(TestSuiteExecutor.java:144)
	at com.kms.katalon.core.main.TestSuiteExecutor.execute(TestSuiteExecutor.java:106)
	at com.kms.katalon.core.main.TestCaseMain.startTestSuite(TestCaseMain.java:185)
	at com.kms.katalon.core.main.TestCaseMain$startTestSuite$0.call(Unknown Source)
	at TempTestSuite1650304259606.run(TempTestSuite1650304259606.groovy:36)
Caused by: org.openqa.selenium.StaleElementReferenceException: stale element reference: element is not attached to the page document
  (Session info: chrome=100.0.4896.127)
For documentation on this error, please visit: https://www.seleniumhq.org/exceptions/stale_element_reference.html
Build info: version: '3.141.59', revision: 'e82be7d358', time: '2018-11-14T08:25:53'
System info: host: 'AMX-RL-20-608-W', ip: '10.10.7.28', os.name: 'Windows 10', os.arch: 'amd64', os.version: '10.0', java.version: '1.8.0_282'
Driver info: com.kms.katalon.selenium.driver.CChromeDriver
Capabilities {acceptInsecureCerts: false, browserName: chrome, browserVersion: 100.0.4896.127, chrome: {chromedriverVersion: 100.0.4896.60 (6a5d10861ce8..., userDataDir: C:\Users\VENKAT~1.T\AppData...}, goog:chromeOptions: {debuggerAddress: localhost:63399}, javascriptEnabled: true, networkConnectionEnabled: false, pageLoadStrategy: normal, platform: WINDOWS, platformName: WINDOWS, proxy: Proxy(), setWindowRect: true, strictFileInteractability: false, timeouts: {implicit: 0, pageLoad: 300000, script: 30000}, unhandledPromptBehavior: dismiss and notify, webauthn:extension:credBlob: true, webauthn:extension:largeBlob: true, webauthn:virtualAuthenticators: true}
Session ID: 58be916cd1102abe5c81971812c213fb
	at org.openqa.selenium.remote.http.W3CHttpResponseCodec.createException(W3CHttpResponseCodec.java:187)
	at org.openqa.selenium.remote.http.W3CHttpResponseCodec.decode(W3CHttpResponseCodec.java:122)
	at org.openqa.selenium.remote.http.W3CHttpResponseCodec.decode(W3CHttpResponseCodec.java:49)
	at org.openqa.selenium.remote.HttpCommandExecutor.execute(HttpCommandExecutor.java:158)
	at org.openqa.selenium.remote.service.DriverCommandExecutor.execute(DriverCommandExecutor.java:83)
	at org.openqa.selenium.remote.RemoteWebDriver.execute(RemoteWebDriver.java:552)
	at com.kms.katalon.selenium.driver.CChromeDriver.execute(CChromeDriver.java:19)
	at org.openqa.selenium.remote.RemoteWebElement.execute(RemoteWebElement.java:285)
	at org.openqa.selenium.remote.RemoteWebElement.getText(RemoteWebElement.java:166)
	at org.openqa.selenium.support.events.EventFiringWebDriver$EventFiringWebElement.lambda$new$0(EventFiringWebDriver.java:404)
	at com.sun.proxy.$Proxy11.getText(Unknown Source)
	at org.openqa.selenium.support.events.EventFiringWebDriver$EventFiringWebElement.getText(EventFiringWebDriver.java:463)
	at com.kms.katalon.core.webui.keyword.builtin.VerifyElementTextKeyword$_verifyElementText_closure1.doCall(VerifyElementTextKeyword.groovy:53)
	at com.kms.katalon.core.webui.keyword.builtin.VerifyElementTextKeyword$_verifyElementText_closure1.call(VerifyElementTextKeyword.groovy)
	at com.kms.katalon.core.webui.keyword.internal.WebUIKeywordMain.runKeyword(WebUIKeywordMain.groovy:20)
	at com.kms.katalon.core.webui.keyword.builtin.VerifyElementTextKeyword.verifyElementText(VerifyElementTextKeyword.groovy:72)
	at com.kms.katalon.core.webui.keyword.builtin.VerifyElementTextKeyword.execute(VerifyElementTextKeyword.groovy:40)
	at com.kms.katalon.core.keyword.internal.KeywordExecutor.executeKeywordForPlatform(KeywordExecutor.groovy:74)
	at com.kms.katalon.core.webui.keyword.WebUiBuiltInKeywords.verifyElementText(WebUiBuiltInKeywords.groovy:4749)
	at com.kms.katalon.core.webui.keyword.WebUiBuiltInKeywords$verifyElementText$5.call(Unknown Source)
	at Script1649317526777.run(Script1649317526777.groovy:41)
	... 13 more
)
	at com.kms.katalon.core.keyword.internal.KeywordMain.stepFailed(KeywordMain.groovy:39)
	at com.kms.katalon.core.webui.keyword.internal.WebUIKeywordMain.stepFailed(WebUIKeywordMain.groovy:64)
	at com.kms.katalon.core.webui.keyword.internal.WebUIKeywordMain.runKeyword(WebUIKeywordMain.groovy:26)
	at com.kms.katalon.core.webui.keyword.builtin.VerifyElementTextKeyword.verifyElementText(VerifyElementTextKeyword.groovy:72)
	at com.kms.katalon.core.webui.keyword.builtin.VerifyElementTextKeyword.execute(VerifyElementTextKeyword.groovy:40)
	at com.kms.katalon.core.keyword.internal.KeywordExecutor.executeKeywordForPlatform(KeywordExecutor.groovy:74)
	at com.kms.katalon.core.webui.keyword.WebUiBuiltInKeywords.verifyElementText(WebUiBuiltInKeywords.groovy:4749)
	at com.kms.katalon.core.webui.keyword.WebUiBuiltInKeywords$verifyElementText$5.call(Unknown Source)
	at Header - Menu Verification.run(Header - Menu Verification:41)
	at com.kms.katalon.core.main.ScriptEngine.run(ScriptEngine.java:194)
	at com.kms.katalon.core.main.ScriptEngine.runScriptAsRawText(ScriptEngine.java:119)
	at com.kms.katalon.core.main.TestCaseExecutor.runScript(TestCaseExecutor.java:445)
	at com.kms.katalon.core.main.TestCaseExecutor.doExecute(TestCaseExecutor.java:436)
	at com.kms.katalon.core.main.TestCaseExecutor.processExecutionPhase(TestCaseExecutor.java:415)
	at com.kms.katalon.core.main.TestCaseExecutor.accessMainPhase(TestCaseExecutor.java:407)
	at com.kms.katalon.core.main.TestCaseExecutor.execute(TestCaseExecutor.java:284)
	at com.kms.katalon.core.common.CommonExecutor.accessTestCaseMainPhase(CommonExecutor.java:65)
	at com.kms.katalon.core.main.TestSuiteExecutor.accessTestSuiteMainPhase(TestSuiteExecutor.java:144)
	at com.kms.katalon.core.main.TestSuiteExecutor.execute(TestSuiteExecutor.java:106)
	at com.kms.katalon.core.main.TestCaseMain.startTestSuite(TestCaseMain.java:185)
	at com.kms.katalon.core.main.TestCaseMain$startTestSuite$0.call(Unknown Source)
	at TempTestSuite1650304259606.run(TempTestSuite1650304259606.groovy:36)
Caused by: com.kms.katalon.core.exception.StepFailedException: Verify element text of test object 'Object Repository/Header/Page_Enfamil Newborn, Infant  Toddler Nutri_2e0999/span_Why Enfamil' FAILED.
	... 21 more
Caused by: org.openqa.selenium.StaleElementReferenceException: stale element reference: element is not attached to the page document
  (Session info: chrome=100.0.4896.127)
For documentation on this error, please visit: https://www.seleniumhq.org/exceptions/stale_element_reference.html
Build info: version: '3.141.59', revision: 'e82be7d358', time: '2018-11-14T08:25:53'
System info: host: 'AMX-RL-20-608-W', ip: '10.10.7.28', os.name: 'Windows 10', os.arch: 'amd64', os.version: '10.0', java.version: '1.8.0_282'
Driver info: com.kms.katalon.selenium.driver.CChromeDriver
Capabilities {acceptInsecureCerts: false, browserName: chrome, browserVersion: 100.0.4896.127, chrome: {chromedriverVersion: 100.0.4896.60 (6a5d10861ce8..., userDataDir: C:\Users\VENKAT~1.T\AppData...}, goog:chromeOptions: {debuggerAddress: localhost:63399}, javascriptEnabled: true, networkConnectionEnabled: false, pageLoadStrategy: normal, platform: WINDOWS, platformName: WINDOWS, proxy: Proxy(), setWindowRect: true, strictFileInteractability: false, timeouts: {implicit: 0, pageLoad: 300000, script: 30000}, unhandledPromptBehavior: dismiss and notify, webauthn:extension:credBlob: true, webauthn:extension:largeBlob: true, webauthn:virtualAuthenticators: true}
Session ID: 58be916cd1102abe5c81971812c213fb
	at org.openqa.selenium.remote.http.W3CHttpResponseCodec.createException(W3CHttpResponseCodec.java:187)
	at org.openqa.selenium.remote.http.W3CHttpResponseCodec.decode(W3CHttpResponseCodec.java:122)
	at org.openqa.selenium.remote.http.W3CHttpResponseCodec.decode(W3CHttpResponseCodec.java:49)
	at org.openqa.selenium.remote.HttpCommandExecutor.execute(HttpCommandExecutor.java:158)
	at org.openqa.selenium.remote.service.DriverCommandExecutor.execute(DriverCommandExecutor.java:83)
	at org.openqa.selenium.remote.RemoteWebDriver.execute(RemoteWebDriver.java:552)
	at com.kms.katalon.selenium.driver.CChromeDriver.execute(CChromeDriver.java:19)
	at org.openqa.selenium.remote.RemoteWebElement.execute(RemoteWebElement.java:285)
	at org.openqa.selenium.remote.RemoteWebElement.getText(RemoteWebElement.java:166)
	at org.openqa.selenium.support.events.EventFiringWebDriver$EventFiringWebElement.lambda$new$0(EventFiringWebDriver.java:404)
	at com.sun.proxy.$Proxy11.getText(Unknown Source)
	at org.openqa.selenium.support.events.EventFiringWebDriver$EventFiringWebElement.getText(EventFiringWebDriver.java:463)
	at com.kms.katalon.core.webui.keyword.builtin.VerifyElementTextKeyword$_verifyElementText_closure1.doCall(VerifyElementTextKeyword.groovy:53)
	at com.kms.katalon.core.webui.keyword.builtin.VerifyElementTextKeyword$_verifyElementText_closure1.call(VerifyElementTextKeyword.groovy)
	at com.kms.katalon.core.webui.keyword.internal.WebUIKeywordMain.runKeyword(WebUIKeywordMain.groovy:20)
	... 19 more]]></system-err>
      </testcase>
      <testcase name="Test Cases/Venkat/Header/Header - Offers Savings Menu Verification - Copy" time="264.719" classname="Test Cases/Venkat/Header/Header - Offers Savings Menu Verification - Copy" status="FAILED">
         <failure type="FAILED" message="Test Cases/Venkat/Header/Header - Offers Savings Menu Verification - Copy FAILED.
Reason:
com.kms.katalon.core.exception.StepFailedException: com.kms.katalon.core.webui.exception.WebElementNotFoundException: Web element with id: 'Object Repository/Header/Page_Enfamil Newborn, Infant  Toddler Nutri_2e0999/div_Premium Enfamil Family Beginnings' located by '//*[(text() = 'Enfamil Family BeginningsÂ®' or . = 'Premium Enfamil Family Beginnings')]' not found (Root cause: com.kms.katalon.core.exception.StepFailedException: com.kms.katalon.core.webui.exception.WebElementNotFoundException: Web element with id: 'Object Repository/Header/Page_Enfamil Newborn, Infant  Toddler Nutri_2e0999/div_Premium Enfamil Family Beginnings' located by '//*[(text() = 'Enfamil Family BeginningsÂ®' or . = 'Premium Enfamil Family Beginnings')]' not found
	at com.kms.katalon.core.webui.keyword.internal.WebUIKeywordMain.stepFailed(WebUIKeywordMain.groovy:64)
	at com.kms.katalon.core.webui.keyword.builtin.VerifyElementTextKeyword$_verifyElementText_closure1.doCall(VerifyElementTextKeyword.groovy:64)
	at com.kms.katalon.core.webui.keyword.builtin.VerifyElementTextKeyword$_verifyElementText_closure1.call(VerifyElementTextKeyword.groovy)
	at com.kms.katalon.core.webui.keyword.internal.WebUIKeywordMain.runKeyword(WebUIKeywordMain.groovy:20)
	at com.kms.katalon.core.webui.keyword.builtin.VerifyElementTextKeyword.verifyElementText(VerifyElementTextKeyword.groovy:72)
	at com.kms.katalon.core.webui.keyword.builtin.VerifyElementTextKeyword.execute(VerifyElementTextKeyword.groovy:40)
	at com.kms.katalon.core.keyword.internal.KeywordExecutor.executeKeywordForPlatform(KeywordExecutor.groovy:74)
	at com.kms.katalon.core.webui.keyword.WebUiBuiltInKeywords.verifyElementText(WebUiBuiltInKeywords.groovy:4749)
	at com.kms.katalon.core.webui.keyword.WebUiBuiltInKeywords$verifyElementText$5.call(Unknown Source)
	at Header - Offers Savings Menu Verification - Copy.run(Header - Offers Savings Menu Verification - Copy:56)
	at com.kms.katalon.core.main.ScriptEngine.run(ScriptEngine.java:194)
	at com.kms.katalon.core.main.ScriptEngine.runScriptAsRawText(ScriptEngine.java:119)
	at com.kms.katalon.core.main.TestCaseExecutor.runScript(TestCaseExecutor.java:445)
	at com.kms.katalon.core.main.TestCaseExecutor.doExecute(TestCaseExecutor.java:436)
	at com.kms.katalon.core.main.TestCaseExecutor.processExecutionPhase(TestCaseExecutor.java:415)
	at com.kms.katalon.core.main.TestCaseExecutor.accessMainPhase(TestCaseExecutor.java:407)
	at com.kms.katalon.core.main.TestCaseExecutor.execute(TestCaseExecutor.java:284)
	at com.kms.katalon.core.common.CommonExecutor.accessTestCaseMainPhase(CommonExecutor.java:65)
	at com.kms.katalon.core.main.TestSuiteExecutor.accessTestSuiteMainPhase(TestSuiteExecutor.java:144)
	at com.kms.katalon.core.main.TestSuiteExecutor.execute(TestSuiteExecutor.java:106)
	at com.kms.katalon.core.main.TestCaseMain.startTestSuite(TestCaseMain.java:185)
	at com.kms.katalon.core.main.TestCaseMain$startTestSuite$0.call(Unknown Source)
	at TempTestSuite1650304259606.run(TempTestSuite1650304259606.groovy:36)
)
	at com.kms.katalon.core.keyword.internal.KeywordMain.stepFailed(KeywordMain.groovy:39)
	at com.kms.katalon.core.webui.keyword.internal.WebUIKeywordMain.stepFailed(WebUIKeywordMain.groovy:64)
	at com.kms.katalon.core.webui.keyword.builtin.VerifyElementTextKeyword$_verifyElementText_closure1.doCall(VerifyElementTextKeyword.groovy:64)
	at com.kms.katalon.core.webui.keyword.builtin.VerifyElementTextKeyword$_verifyElementText_closure1.call(VerifyElementTextKeyword.groovy)
	at com.kms.katalon.core.webui.keyword.internal.WebUIKeywordMain.runKeyword(WebUIKeywordMain.groovy:20)
	at com.kms.katalon.core.webui.keyword.builtin.VerifyElementTextKeyword.verifyElementText(VerifyElementTextKeyword.groovy:72)
	at com.kms.katalon.core.webui.keyword.builtin.VerifyElementTextKeyword.execute(VerifyElementTextKeyword.groovy:40)
	at com.kms.katalon.core.keyword.internal.KeywordExecutor.executeKeywordForPlatform(KeywordExecutor.groovy:74)
	at com.kms.katalon.core.webui.keyword.WebUiBuiltInKeywords.verifyElementText(WebUiBuiltInKeywords.groovy:4749)
	at com.kms.katalon.core.webui.keyword.WebUiBuiltInKeywords$verifyElementText$5.call(Unknown Source)
	at Header - Offers Savings Menu Verification - Copy.run(Header - Offers Savings Menu Verification - Copy:56)
	at com.kms.katalon.core.main.ScriptEngine.run(ScriptEngine.java:194)
	at com.kms.katalon.core.main.ScriptEngine.runScriptAsRawText(ScriptEngine.java:119)
	at com.kms.katalon.core.main.TestCaseExecutor.runScript(TestCaseExecutor.java:445)
	at com.kms.katalon.core.main.TestCaseExecutor.doExecute(TestCaseExecutor.java:436)
	at com.kms.katalon.core.main.TestCaseExecutor.processExecutionPhase(TestCaseExecutor.java:415)
	at com.kms.katalon.core.main.TestCaseExecutor.accessMainPhase(TestCaseExecutor.java:407)
	at com.kms.katalon.core.main.TestCaseExecutor.execute(TestCaseExecutor.java:284)
	at com.kms.katalon.core.common.CommonExecutor.accessTestCaseMainPhase(CommonExecutor.java:65)
	at com.kms.katalon.core.main.TestSuiteExecutor.accessTestSuiteMainPhase(TestSuiteExecutor.java:144)
	at com.kms.katalon.core.main.TestSuiteExecutor.execute(TestSuiteExecutor.java:106)
	at com.kms.katalon.core.main.TestCaseMain.startTestSuite(TestCaseMain.java:185)
	at com.kms.katalon.core.main.TestCaseMain$startTestSuite$0.call(Unknown Source)
	at TempTestSuite1650304259606.run(TempTestSuite1650304259606.groovy:36)
Caused by: com.kms.katalon.core.exception.StepFailedException: com.kms.katalon.core.webui.exception.WebElementNotFoundException: Web element with id: 'Object Repository/Header/Page_Enfamil Newborn, Infant  Toddler Nutri_2e0999/div_Premium Enfamil Family Beginnings' located by '//*[(text() = 'Enfamil Family BeginningsÂ®' or . = 'Premium Enfamil Family Beginnings')]' not found
	... 23 more
"/>
         <system-out><![CDATA[2022-04-18 23:49:45 - [TEST_CASE][FAILED] - Test Cases/Venkat/Header/Header - Offers Savings Menu Verification - Copy: Test Cases/Venkat/Header/Header - Offers Savings Menu Verification - Copy FAILED.
Reason:
com.kms.katalon.core.exception.StepFailedException: com.kms.katalon.core.webui.exception.WebElementNotFoundException: Web element with id: 'Object Repository/Header/Page_Enfamil Newborn, Infant  Toddler Nutri_2e0999/div_Premium Enfamil Family Beginnings' located by '//*[(text() = 'Enfamil Family BeginningsÂ®' or . = 'Premium Enfamil Family Beginnings')]' not found (Root cause: com.kms.katalon.core.exception.StepFailedException: com.kms.katalon.core.webui.exception.WebElementNotFoundException: Web element with id: 'Object Repository/Header/Page_Enfamil Newborn, Infant  Toddler Nutri_2e0999/div_Premium Enfamil Family Beginnings' located by '//*[(text() = 'Enfamil Family BeginningsÂ®' or . = 'Premium Enfamil Family Beginnings')]' not found
	at com.kms.katalon.core.webui.keyword.internal.WebUIKeywordMain.stepFailed(WebUIKeywordMain.groovy:64)
	at com.kms.katalon.core.webui.keyword.builtin.VerifyElementTextKeyword$_verifyElementText_closure1.doCall(VerifyElementTextKeyword.groovy:64)
	at com.kms.katalon.core.webui.keyword.builtin.VerifyElementTextKeyword$_verifyElementText_closure1.call(VerifyElementTextKeyword.groovy)
	at com.kms.katalon.core.webui.keyword.internal.WebUIKeywordMain.runKeyword(WebUIKeywordMain.groovy:20)
	at com.kms.katalon.core.webui.keyword.builtin.VerifyElementTextKeyword.verifyElementText(VerifyElementTextKeyword.groovy:72)
	at com.kms.katalon.core.webui.keyword.builtin.VerifyElementTextKeyword.execute(VerifyElementTextKeyword.groovy:40)
	at com.kms.katalon.core.keyword.internal.KeywordExecutor.executeKeywordForPlatform(KeywordExecutor.groovy:74)
	at com.kms.katalon.core.webui.keyword.WebUiBuiltInKeywords.verifyElementText(WebUiBuiltInKeywords.groovy:4749)
	at com.kms.katalon.core.webui.keyword.WebUiBuiltInKeywords$verifyElementText$5.call(Unknown Source)
	at Header - Offers Savings Menu Verification - Copy.run(Header - Offers Savings Menu Verification - Copy:56)
	at com.kms.katalon.core.main.ScriptEngine.run(ScriptEngine.java:194)
	at com.kms.katalon.core.main.ScriptEngine.runScriptAsRawText(ScriptEngine.java:119)
	at com.kms.katalon.core.main.TestCaseExecutor.runScript(TestCaseExecutor.java:445)
	at com.kms.katalon.core.main.TestCaseExecutor.doExecute(TestCaseExecutor.java:436)
	at com.kms.katalon.core.main.TestCaseExecutor.processExecutionPhase(TestCaseExecutor.java:415)
	at com.kms.katalon.core.main.TestCaseExecutor.accessMainPhase(TestCaseExecutor.java:407)
	at com.kms.katalon.core.main.TestCaseExecutor.execute(TestCaseExecutor.java:284)
	at com.kms.katalon.core.common.CommonExecutor.accessTestCaseMainPhase(CommonExecutor.java:65)
	at com.kms.katalon.core.main.TestSuiteExecutor.accessTestSuiteMainPhase(TestSuiteExecutor.java:144)
	at com.kms.katalon.core.main.TestSuiteExecutor.execute(TestSuiteExecutor.java:106)
	at com.kms.katalon.core.main.TestCaseMain.startTestSuite(TestCaseMain.java:185)
	at com.kms.katalon.core.main.TestCaseMain$startTestSuite$0.call(Unknown Source)
	at TempTestSuite1650304259606.run(TempTestSuite1650304259606.groovy:36)
)
	at com.kms.katalon.core.keyword.internal.KeywordMain.stepFailed(KeywordMain.groovy:39)
	at com.kms.katalon.core.webui.keyword.internal.WebUIKeywordMain.stepFailed(WebUIKeywordMain.groovy:64)
	at com.kms.katalon.core.webui.keyword.builtin.VerifyElementTextKeyword$_verifyElementText_closure1.doCall(VerifyElementTextKeyword.groovy:64)
	at com.kms.katalon.core.webui.keyword.builtin.VerifyElementTextKeyword$_verifyElementText_closure1.call(VerifyElementTextKeyword.groovy)
	at com.kms.katalon.core.webui.keyword.internal.WebUIKeywordMain.runKeyword(WebUIKeywordMain.groovy:20)
	at com.kms.katalon.core.webui.keyword.builtin.VerifyElementTextKeyword.verifyElementText(VerifyElementTextKeyword.groovy:72)
	at com.kms.katalon.core.webui.keyword.builtin.VerifyElementTextKeyword.execute(VerifyElementTextKeyword.groovy:40)
	at com.kms.katalon.core.keyword.internal.KeywordExecutor.executeKeywordForPlatform(KeywordExecutor.groovy:74)
	at com.kms.katalon.core.webui.keyword.WebUiBuiltInKeywords.verifyElementText(WebUiBuiltInKeywords.groovy:4749)
	at com.kms.katalon.core.webui.keyword.WebUiBuiltInKeywords$verifyElementText$5.call(Unknown Source)
	at Header - Offers Savings Menu Verification - Copy.run(Header - Offers Savings Menu Verification - Copy:56)
	at com.kms.katalon.core.main.ScriptEngine.run(ScriptEngine.java:194)
	at com.kms.katalon.core.main.ScriptEngine.runScriptAsRawText(ScriptEngine.java:119)
	at com.kms.katalon.core.main.TestCaseExecutor.runScript(TestCaseExecutor.java:445)
	at com.kms.katalon.core.main.TestCaseExecutor.doExecute(TestCaseExecutor.java:436)
	at com.kms.katalon.core.main.TestCaseExecutor.processExecutionPhase(TestCaseExecutor.java:415)
	at com.kms.katalon.core.main.TestCaseExecutor.accessMainPhase(TestCaseExecutor.java:407)
	at com.kms.katalon.core.main.TestCaseExecutor.execute(TestCaseExecutor.java:284)
	at com.kms.katalon.core.common.CommonExecutor.accessTestCaseMainPhase(CommonExecutor.java:65)
	at com.kms.katalon.core.main.TestSuiteExecutor.accessTestSuiteMainPhase(TestSuiteExecutor.java:144)
	at com.kms.katalon.core.main.TestSuiteExecutor.execute(TestSuiteExecutor.java:106)
	at com.kms.katalon.core.main.TestCaseMain.startTestSuite(TestCaseMain.java:185)
	at com.kms.katalon.core.main.TestCaseMain$startTestSuite$0.call(Unknown Source)
	at TempTestSuite1650304259606.run(TempTestSuite1650304259606.groovy:36)
Caused by: com.kms.katalon.core.exception.StepFailedException: com.kms.katalon.core.webui.exception.WebElementNotFoundException: Web element with id: 'Object Repository/Header/Page_Enfamil Newborn, Infant  Toddler Nutri_2e0999/div_Premium Enfamil Family Beginnings' located by '//*[(text() = 'Enfamil Family BeginningsÂ®' or . = 'Premium Enfamil Family Beginnings')]' not found
	... 23 more


2022-04-18 23:49:45 - [TEST_STEP][PASSED] - openBrowser(""): Browser is opened with url: ''

2022-04-18 23:49:45 - [MESSAGE][INFO] - Starting 'Chrome' driver

2022-04-18 23:49:45 - [MESSAGE][INFO] - Action delay is set to 0 milliseconds

2022-04-18 23:49:47 - [MESSAGE][PASSED] - Browser is opened with url: ''

2022-04-18 23:49:47 - [TEST_STEP][PASSED] - navigateToUrl(HomePage): Navigate to 'https://enfamil-us.cdn.test.us-east-1.starterkit.rbcloud.io/' successfully

2022-04-18 23:49:49 - [MESSAGE][PASSED] - Navigate to 'https://enfamil-us.cdn.test.us-east-1.starterkit.rbcloud.io/' successfully

2022-04-18 23:49:49 - [TEST_STEP][PASSED] - maximizeWindow(): Current window maximized

2022-04-18 23:49:49 - [MESSAGE][PASSED] - Current window maximized

2022-04-18 23:49:49 - [TEST_STEP][PASSED] - delay(5): Delayed 5 second(s)

2022-04-18 23:49:54 - [MESSAGE][PASSED] - Delayed 5 second(s)

2022-04-18 23:49:54 - [TEST_STEP][PASSED] - click(findTestObject("Object Repository/Header/Page_Enfamil Newborn, Infant  Toddler Nutri_2e0999/button_GOT IT_onetrust-close-btn-handler on_95ce22")): Object: 'Object Repository/Header/Page_Enfamil Newborn, Infant  Toddler Nutri_2e0999/button_GOT IT_onetrust-close-btn-handler on_95ce22' is clicked on

2022-04-18 23:49:59 - [MESSAGE][PASSED] - Object: 'Object Repository/Header/Page_Enfamil Newborn, Infant  Toddler Nutri_2e0999/button_GOT IT_onetrust-close-btn-handler on_95ce22' is clicked on

2022-04-18 23:49:59 - [TEST_STEP][PASSED] - verifyElementText(findTestObject("Object Repository/Header/Page_Enfamil Newborn, Infant  Toddler Nutri_2e0999/span_Offers  Savings"), "Offers & Savings"): Actual text and expected text of test object 'Object Repository/Header/Page_Enfamil Newborn, Infant  Toddler Nutri_2e0999/span_Offers  Savings' are matched.

2022-04-18 23:50:01 - [MESSAGE][PASSED] - Actual text and expected text of test object 'Object Repository/Header/Page_Enfamil Newborn, Infant  Toddler Nutri_2e0999/span_Offers  Savings' are matched.

2022-04-18 23:50:01 - [TEST_STEP][PASSED] - verifyElementPresent(findTestObject("Object Repository/Header/Page_Enfamil Newborn, Infant  Toddler Nutri_2e0999/span_Offers  Savings"), 0): Object 'Object Repository/Header/Page_Enfamil Newborn, Infant  Toddler Nutri_2e0999/span_Offers  Savings' is present

2022-04-18 23:50:02 - [MESSAGE][WARNING] - Timeout '0' is invalid. Using default page load timeout: '5'

2022-04-18 23:50:02 - [MESSAGE][PASSED] - Object 'Object Repository/Header/Page_Enfamil Newborn, Infant  Toddler Nutri_2e0999/span_Offers  Savings' is present

2022-04-18 23:50:02 - [TEST_STEP][PASSED] - mouseOver(findTestObject("Object Repository/Header/Page_Enfamil Newborn, Infant  Toddler Nutri_2e0999/span_Offers  Savings")): Object: 'Object Repository/Header/Page_Enfamil Newborn, Infant  Toddler Nutri_2e0999/span_Offers  Savings' is hovered

2022-04-18 23:50:03 - [MESSAGE][PASSED] - Object: 'Object Repository/Header/Page_Enfamil Newborn, Infant  Toddler Nutri_2e0999/span_Offers  Savings' is hovered

2022-04-18 23:50:03 - [TEST_STEP][PASSED] - verifyElementText(findTestObject("Object Repository/Header/Page_Enfamil Newborn, Infant  Toddler Nutri_2e0999/h5_Savings  Support Programs"), "Savings & Support Programs"): Actual text and expected text of test object 'Object Repository/Header/Page_Enfamil Newborn, Infant  Toddler Nutri_2e0999/h5_Savings  Support Programs' are matched.

2022-04-18 23:50:04 - [MESSAGE][PASSED] - Actual text and expected text of test object 'Object Repository/Header/Page_Enfamil Newborn, Infant  Toddler Nutri_2e0999/h5_Savings  Support Programs' are matched.

2022-04-18 23:50:04 - [TEST_STEP][PASSED] - verifyElementText(findTestObject("Header/Page_Enfamil Newborn, Infant  Toddler Nutri_2e0999/div_FEATURED 4"), "FEATURED"): Actual text and expected text of test object 'Object Repository/Header/Page_Enfamil Newborn, Infant  Toddler Nutri_2e0999/div_FEATURED 4' are matched.

2022-04-18 23:50:04 - [MESSAGE][PASSED] - Actual text and expected text of test object 'Object Repository/Header/Page_Enfamil Newborn, Infant  Toddler Nutri_2e0999/div_FEATURED 4' are matched.

2022-04-18 23:50:04 - [TEST_STEP][PASSED] - verifyElementText(findTestObject("Object Repository/Header/Page_Enfamil Newborn, Infant  Toddler Nutri_2e0999/span_MORE WAYS TO SAVE"), "MORE WAYS TO SAVE"): Actual text and expected text of test object 'Object Repository/Header/Page_Enfamil Newborn, Infant  Toddler Nutri_2e0999/span_MORE WAYS TO SAVE' are matched.

2022-04-18 23:50:05 - [MESSAGE][PASSED] - Actual text and expected text of test object 'Object Repository/Header/Page_Enfamil Newborn, Infant  Toddler Nutri_2e0999/span_MORE WAYS TO SAVE' are matched.

2022-04-18 23:50:05 - [TEST_STEP][PASSED] - verifyElementPresent(findTestObject("Object Repository/Header/Page_Enfamil Newborn, Infant  Toddler Nutri_2e0999/h5_Savings  Support Programs"), 0): Object 'Object Repository/Header/Page_Enfamil Newborn, Infant  Toddler Nutri_2e0999/h5_Savings  Support Programs' is present

2022-04-18 23:50:05 - [MESSAGE][WARNING] - Timeout '0' is invalid. Using default page load timeout: '5'

2022-04-18 23:50:05 - [MESSAGE][PASSED] - Object 'Object Repository/Header/Page_Enfamil Newborn, Infant  Toddler Nutri_2e0999/h5_Savings  Support Programs' is present

2022-04-18 23:50:05 - [TEST_STEP][PASSED] - verifyElementPresent(findTestObject("Header/Page_Enfamil Newborn, Infant  Toddler Nutri_2e0999/div_FEATURED 4"), 0): Object 'Object Repository/Header/Page_Enfamil Newborn, Infant  Toddler Nutri_2e0999/div_FEATURED 4' is present

2022-04-18 23:50:05 - [MESSAGE][WARNING] - Timeout '0' is invalid. Using default page load timeout: '5'

2022-04-18 23:50:05 - [MESSAGE][PASSED] - Object 'Object Repository/Header/Page_Enfamil Newborn, Infant  Toddler Nutri_2e0999/div_FEATURED 4' is present

2022-04-18 23:50:05 - [TEST_STEP][PASSED] - verifyElementPresent(findTestObject("Object Repository/Header/Page_Enfamil Newborn, Infant  Toddler Nutri_2e0999/span_MORE WAYS TO SAVE"), 0): Object 'Object Repository/Header/Page_Enfamil Newborn, Infant  Toddler Nutri_2e0999/span_MORE WAYS TO SAVE' is present

2022-04-18 23:50:05 - [MESSAGE][WARNING] - Timeout '0' is invalid. Using default page load timeout: '5'

2022-04-18 23:50:06 - [MESSAGE][PASSED] - Object 'Object Repository/Header/Page_Enfamil Newborn, Infant  Toddler Nutri_2e0999/span_MORE WAYS TO SAVE' is present

2022-04-18 23:50:06 - [TEST_STEP][PASSED] - mouseOver(findTestObject("Object Repository/Header/Page_Enfamil Newborn, Infant  Toddler Nutri_2e0999/span_Offers  Savings")): Object: 'Object Repository/Header/Page_Enfamil Newborn, Infant  Toddler Nutri_2e0999/span_Offers  Savings' is hovered

2022-04-18 23:50:06 - [MESSAGE][PASSED] - Object: 'Object Repository/Header/Page_Enfamil Newborn, Infant  Toddler Nutri_2e0999/span_Offers  Savings' is hovered

2022-04-18 23:50:06 - [TEST_STEP][FAILED] - verifyElementText(findTestObject("Object Repository/Header/Page_Enfamil Newborn, Infant  Toddler Nutri_2e0999/div_Premium Enfamil Family Beginnings"), "Premium Enfamil Family BeginningsÂ®"): com.kms.katalon.core.webui.exception.WebElementNotFoundException: Web element with id: 'Object Repository/Header/Page_Enfamil Newborn, Infant  Toddler Nutri_2e0999/div_Premium Enfamil Family Beginnings' located by '//*[(text() = 'Enfamil Family BeginningsÂ®' or . = 'Premium Enfamil Family Beginnings')]' not found (Root cause: com.kms.katalon.core.exception.StepFailedException: com.kms.katalon.core.webui.exception.WebElementNotFoundException: Web element with id: 'Object Repository/Header/Page_Enfamil Newborn, Infant  Toddler Nutri_2e0999/div_Premium Enfamil Family Beginnings' located by '//*[(text() = 'Enfamil Family BeginningsÂ®' or . = 'Premium Enfamil Family Beginnings')]' not found
	at com.kms.katalon.core.webui.keyword.internal.WebUIKeywordMain.stepFailed(WebUIKeywordMain.groovy:64)
	at com.kms.katalon.core.webui.keyword.builtin.VerifyElementTextKeyword$_verifyElementText_closure1.doCall(VerifyElementTextKeyword.groovy:64)
	at com.kms.katalon.core.webui.keyword.builtin.VerifyElementTextKeyword$_verifyElementText_closure1.call(VerifyElementTextKeyword.groovy)
	at com.kms.katalon.core.webui.keyword.internal.WebUIKeywordMain.runKeyword(WebUIKeywordMain.groovy:20)
	at com.kms.katalon.core.webui.keyword.builtin.VerifyElementTextKeyword.verifyElementText(VerifyElementTextKeyword.groovy:72)
	at com.kms.katalon.core.webui.keyword.builtin.VerifyElementTextKeyword.execute(VerifyElementTextKeyword.groovy:40)
	at com.kms.katalon.core.keyword.internal.KeywordExecutor.executeKeywordForPlatform(KeywordExecutor.groovy:74)
	at com.kms.katalon.core.webui.keyword.WebUiBuiltInKeywords.verifyElementText(WebUiBuiltInKeywords.groovy:4749)
	at com.kms.katalon.core.webui.keyword.WebUiBuiltInKeywords$verifyElementText$5.call(Unknown Source)
	at Header - Offers Savings Menu Verification - Copy.run(Header - Offers Savings Menu Verification - Copy:56)
	at com.kms.katalon.core.main.ScriptEngine.run(ScriptEngine.java:194)
	at com.kms.katalon.core.main.ScriptEngine.runScriptAsRawText(ScriptEngine.java:119)
	at com.kms.katalon.core.main.TestCaseExecutor.runScript(TestCaseExecutor.java:445)
	at com.kms.katalon.core.main.TestCaseExecutor.doExecute(TestCaseExecutor.java:436)
	at com.kms.katalon.core.main.TestCaseExecutor.processExecutionPhase(TestCaseExecutor.java:415)
	at com.kms.katalon.core.main.TestCaseExecutor.accessMainPhase(TestCaseExecutor.java:407)
	at com.kms.katalon.core.main.TestCaseExecutor.execute(TestCaseExecutor.java:284)
	at com.kms.katalon.core.common.CommonExecutor.accessTestCaseMainPhase(CommonExecutor.java:65)
	at com.kms.katalon.core.main.TestSuiteExecutor.accessTestSuiteMainPhase(TestSuiteExecutor.java:144)
	at com.kms.katalon.core.main.TestSuiteExecutor.execute(TestSuiteExecutor.java:106)
	at com.kms.katalon.core.main.TestCaseMain.startTestSuite(TestCaseMain.java:185)
	at com.kms.katalon.core.main.TestCaseMain$startTestSuite$0.call(Unknown Source)
	at TempTestSuite1650304259606.run(TempTestSuite1650304259606.groovy:36)
)

2022-04-18 23:50:13 - [MESSAGE][INFO] - Unable to find the element located by 'By.xpath: //*[(text() = 'Enfamil Family BeginningsÂ®' or . = 'Premium Enfamil Family Beginnings')]'. Please recheck the objects properties to make sure the desired element is located. 

2022-04-18 23:50:13 - [MESSAGE][FAILED] - com.kms.katalon.core.webui.exception.WebElementNotFoundException: Web element with id: 'Object Repository/Header/Page_Enfamil Newborn, Infant  Toddler Nutri_2e0999/div_Premium Enfamil Family Beginnings' located by '//*[(text() = 'Enfamil Family BeginningsÂ®' or . = 'Premium Enfamil Family Beginnings')]' not found (Root cause: com.kms.katalon.core.exception.StepFailedException: com.kms.katalon.core.webui.exception.WebElementNotFoundException: Web element with id: 'Object Repository/Header/Page_Enfamil Newborn, Infant  Toddler Nutri_2e0999/div_Premium Enfamil Family Beginnings' located by '//*[(text() = 'Enfamil Family BeginningsÂ®' or . = 'Premium Enfamil Family Beginnings')]' not found
	at com.kms.katalon.core.webui.keyword.internal.WebUIKeywordMain.stepFailed(WebUIKeywordMain.groovy:64)
	at com.kms.katalon.core.webui.keyword.builtin.VerifyElementTextKeyword$_verifyElementText_closure1.doCall(VerifyElementTextKeyword.groovy:64)
	at com.kms.katalon.core.webui.keyword.builtin.VerifyElementTextKeyword$_verifyElementText_closure1.call(VerifyElementTextKeyword.groovy)
	at com.kms.katalon.core.webui.keyword.internal.WebUIKeywordMain.runKeyword(WebUIKeywordMain.groovy:20)
	at com.kms.katalon.core.webui.keyword.builtin.VerifyElementTextKeyword.verifyElementText(VerifyElementTextKeyword.groovy:72)
	at com.kms.katalon.core.webui.keyword.builtin.VerifyElementTextKeyword.execute(VerifyElementTextKeyword.groovy:40)
	at com.kms.katalon.core.keyword.internal.KeywordExecutor.executeKeywordForPlatform(KeywordExecutor.groovy:74)
	at com.kms.katalon.core.webui.keyword.WebUiBuiltInKeywords.verifyElementText(WebUiBuiltInKeywords.groovy:4749)
	at com.kms.katalon.core.webui.keyword.WebUiBuiltInKeywords$verifyElementText$5.call(Unknown Source)
	at Header - Offers Savings Menu Verification - Copy.run(Header - Offers Savings Menu Verification - Copy:56)
	at com.kms.katalon.core.main.ScriptEngine.run(ScriptEngine.java:194)
	at com.kms.katalon.core.main.ScriptEngine.runScriptAsRawText(ScriptEngine.java:119)
	at com.kms.katalon.core.main.TestCaseExecutor.runScript(TestCaseExecutor.java:445)
	at com.kms.katalon.core.main.TestCaseExecutor.doExecute(TestCaseExecutor.java:436)
	at com.kms.katalon.core.main.TestCaseExecutor.processExecutionPhase(TestCaseExecutor.java:415)
	at com.kms.katalon.core.main.TestCaseExecutor.accessMainPhase(TestCaseExecutor.java:407)
	at com.kms.katalon.core.main.TestCaseExecutor.execute(TestCaseExecutor.java:284)
	at com.kms.katalon.core.common.CommonExecutor.accessTestCaseMainPhase(CommonExecutor.java:65)
	at com.kms.katalon.core.main.TestSuiteExecutor.accessTestSuiteMainPhase(TestSuiteExecutor.java:144)
	at com.kms.katalon.core.main.TestSuiteExecutor.execute(TestSuiteExecutor.java:106)
	at com.kms.katalon.core.main.TestCaseMain.startTestSuite(TestCaseMain.java:185)
	at com.kms.katalon.core.main.TestCaseMain$startTestSuite$0.call(Unknown Source)
	at TempTestSuite1650304259606.run(TempTestSuite1650304259606.groovy:36)
)
[[ATTACHMENT|D:\\SmoketestSuite\\enfamilUS\\Reports\\20220418_232059\\SmokeTestCollection - Venkat\\SmokeTestSuite-Collection - UAT\\20220418_232059\\1650306013220.png]]

2022-04-18 23:50:13 - [TEST_STEP][PASSED] - verifyElementText(findTestObject("Object Repository/Header/Page_Enfamil Newborn, Infant  Toddler Nutri_2e0999/div_Enspire Family Beginnings"), "Enspire Family BeginningsÂ®"): Actual text and expected text of test object 'Object Repository/Header/Page_Enfamil Newborn, Infant  Toddler Nutri_2e0999/div_Enspire Family Beginnings' are matched.

2022-04-18 23:50:13 - [MESSAGE][PASSED] - Actual text and expected text of test object 'Object Repository/Header/Page_Enfamil Newborn, Infant  Toddler Nutri_2e0999/div_Enspire Family Beginnings' are matched.

2022-04-18 23:50:13 - [TEST_STEP][PASSED] - verifyElementText(findTestObject("Object Repository/Header/Page_Enfamil Newborn, Infant  Toddler Nutri_2e0999/div_Enfamil Rewards"), "Enfamil RewardsÂ®"): Actual text and expected text of test object 'Object Repository/Header/Page_Enfamil Newborn, Infant  Toddler Nutri_2e0999/div_Enfamil Rewards' are matched.

2022-04-18 23:50:14 - [MESSAGE][PASSED] - Actual text and expected text of test object 'Object Repository/Header/Page_Enfamil Newborn, Infant  Toddler Nutri_2e0999/div_Enfamil Rewards' are matched.

2022-04-18 23:50:14 - [TEST_STEP][PASSED] - verifyElementText(findTestObject("Object Repository/Header/Page_Enfamil Newborn, Infant  Toddler Nutri_2e0999/div_Nutramigen Savings  Support program"), "Nutramigen Savings & Support program"): Actual text and expected text of test object 'Object Repository/Header/Page_Enfamil Newborn, Infant  Toddler Nutri_2e0999/div_Nutramigen Savings  Support program' are matched.

2022-04-18 23:50:14 - [MESSAGE][PASSED] - Actual text and expected text of test object 'Object Repository/Header/Page_Enfamil Newborn, Infant  Toddler Nutri_2e0999/div_Nutramigen Savings  Support program' are matched.

2022-04-18 23:50:14 - [TEST_STEP][PASSED] - verifyElementText(findTestObject("Object Repository/Header/Page_Enfamil Newborn, Infant  Toddler Nutri_2e0999/div_Enfacare Drive to Thrive Support Program"), "EnfacareÂ® Drive to Thrive Support Program"): Actual text and expected text of test object 'Object Repository/Header/Page_Enfamil Newborn, Infant  Toddler Nutri_2e0999/div_Enfacare Drive to Thrive Support Program' are matched.

2022-04-18 23:50:14 - [MESSAGE][PASSED] - Actual text and expected text of test object 'Object Repository/Header/Page_Enfamil Newborn, Infant  Toddler Nutri_2e0999/div_Enfacare Drive to Thrive Support Program' are matched.

2022-04-18 23:50:14 - [TEST_STEP][PASSED] - verifyElementText(findTestObject("Object Repository/Header/Page_Enfamil Newborn, Infant  Toddler Nutri_2e0999/div_Enfagrow Free Sample"), "Enfagrow Free Sample"): Actual text and expected text of test object 'Object Repository/Header/Page_Enfamil Newborn, Infant  Toddler Nutri_2e0999/div_Enfagrow Free Sample' are matched.

2022-04-18 23:50:15 - [MESSAGE][PASSED] - Actual text and expected text of test object 'Object Repository/Header/Page_Enfamil Newborn, Infant  Toddler Nutri_2e0999/div_Enfagrow Free Sample' are matched.

2022-04-18 23:50:15 - [TEST_STEP][PASSED] - verifyElementText(findTestObject("Object Repository/Header/Page_Enfamil Newborn, Infant  Toddler Nutri_2e0999/a_Partner Offers"), "Partner Offers"): Actual text and expected text of test object 'Object Repository/Header/Page_Enfamil Newborn, Infant  Toddler Nutri_2e0999/a_Partner Offers' are matched.

2022-04-18 23:50:15 - [MESSAGE][PASSED] - Actual text and expected text of test object 'Object Repository/Header/Page_Enfamil Newborn, Infant  Toddler Nutri_2e0999/a_Partner Offers' are matched.

2022-04-18 23:50:15 - [TEST_STEP][PASSED] - verifyElementText(findTestObject("Object Repository/Header/Page_Enfamil Newborn, Infant  Toddler Nutri_2e0999/a_Professional Discounts"), "Professional Discounts"): Actual text and expected text of test object 'Object Repository/Header/Page_Enfamil Newborn, Infant  Toddler Nutri_2e0999/a_Professional Discounts' are matched.

2022-04-18 23:50:16 - [MESSAGE][PASSED] - Actual text and expected text of test object 'Object Repository/Header/Page_Enfamil Newborn, Infant  Toddler Nutri_2e0999/a_Professional Discounts' are matched.

2022-04-18 23:50:16 - [TEST_STEP][PASSED] - verifyElementText(findTestObject("Object Repository/Header/Page_Enfamil Newborn, Infant  Toddler Nutri_2e0999/a_NEW Gift Cards"), "NEW! Gift Cards"): Actual text and expected text of test object 'Object Repository/Header/Page_Enfamil Newborn, Infant  Toddler Nutri_2e0999/a_NEW Gift Cards' are matched.

2022-04-18 23:50:16 - [MESSAGE][PASSED] - Actual text and expected text of test object 'Object Repository/Header/Page_Enfamil Newborn, Infant  Toddler Nutri_2e0999/a_NEW Gift Cards' are matched.

2022-04-18 23:50:16 - [TEST_STEP][PASSED] - verifyElementText(findTestObject("Object Repository/Header/Page_Enfamil Newborn, Infant  Toddler Nutri_2e0999/a_Save 15 when you use Afterpay"), "Save 15% when you use Afterpay"): Actual text and expected text of test object 'Object Repository/Header/Page_Enfamil Newborn, Infant  Toddler Nutri_2e0999/a_Save 15 when you use Afterpay' are matched.

2022-04-18 23:50:16 - [MESSAGE][PASSED] - Actual text and expected text of test object 'Object Repository/Header/Page_Enfamil Newborn, Infant  Toddler Nutri_2e0999/a_Save 15 when you use Afterpay' are matched.

2022-04-18 23:50:16 - [TEST_STEP][PASSED] - verifyElementText(findTestObject("Object Repository/Header/Page_Enfamil Newborn, Infant  Toddler Nutri_2e0999/a_Enfamil Rebates"), "Enfamil Rebates"): Actual text and expected text of test object 'Object Repository/Header/Page_Enfamil Newborn, Infant  Toddler Nutri_2e0999/a_Enfamil Rebates' are matched.

2022-04-18 23:50:17 - [MESSAGE][PASSED] - Actual text and expected text of test object 'Object Repository/Header/Page_Enfamil Newborn, Infant  Toddler Nutri_2e0999/a_Enfamil Rebates' are matched.

2022-04-18 23:50:17 - [TEST_STEP][PASSED] - mouseOver(findTestObject("Object Repository/Header/Page_Enfamil Newborn, Infant  Toddler Nutri_2e0999/span_Offers  Savings")): Object: 'Object Repository/Header/Page_Enfamil Newborn, Infant  Toddler Nutri_2e0999/span_Offers  Savings' is hovered

2022-04-18 23:50:17 - [MESSAGE][PASSED] - Object: 'Object Repository/Header/Page_Enfamil Newborn, Infant  Toddler Nutri_2e0999/span_Offers  Savings' is hovered

2022-04-18 23:50:17 - [TEST_STEP][PASSED] - verifyElementText(findTestObject("Object Repository/Header/Page_Enfamil Newborn, Infant  Toddler Nutri_2e0999/a_Financial Assistance"), "Financial Assistance"): Actual text and expected text of test object 'Object Repository/Header/Page_Enfamil Newborn, Infant  Toddler Nutri_2e0999/a_Financial Assistance' are matched.

2022-04-18 23:50:18 - [MESSAGE][PASSED] - Actual text and expected text of test object 'Object Repository/Header/Page_Enfamil Newborn, Infant  Toddler Nutri_2e0999/a_Financial Assistance' are matched.

2022-04-18 23:50:18 - [TEST_STEP][FAILED] - verifyElementText(findTestObject("Object Repository/Header/Page_Enfamil Newborn, Infant  Toddler Nutri_2e0999/div_Upgrade to Premium Enfamil Family Begin_f1fe7a"), "Upgrade to Premium Enfamil Family BeginningsÂ® for up to $700 in gifts"): com.kms.katalon.core.webui.exception.WebElementNotFoundException: Web element with id: 'Object Repository/Header/Page_Enfamil Newborn, Infant  Toddler Nutri_2e0999/div_Upgrade to Premium Enfamil Family Begin_f1fe7a' located by '//*[text() = 'Join Premium Enfamil Family BeginningsÂ® for up to $700 in gifts']' not found (Root cause: com.kms.katalon.core.exception.StepFailedException: com.kms.katalon.core.webui.exception.WebElementNotFoundException: Web element with id: 'Object Repository/Header/Page_Enfamil Newborn, Infant  Toddler Nutri_2e0999/div_Upgrade to Premium Enfamil Family Begin_f1fe7a' located by '//*[text() = 'Join Premium Enfamil Family BeginningsÂ® for up to $700 in gifts']' not found
	at com.kms.katalon.core.webui.keyword.internal.WebUIKeywordMain.stepFailed(WebUIKeywordMain.groovy:64)
	at com.kms.katalon.core.webui.keyword.builtin.VerifyElementTextKeyword$_verifyElementText_closure1.doCall(VerifyElementTextKeyword.groovy:64)
	at com.kms.katalon.core.webui.keyword.builtin.VerifyElementTextKeyword$_verifyElementText_closure1.call(VerifyElementTextKeyword.groovy)
	at com.kms.katalon.core.webui.keyword.internal.WebUIKeywordMain.runKeyword(WebUIKeywordMain.groovy:20)
	at com.kms.katalon.core.webui.keyword.builtin.VerifyElementTextKeyword.verifyElementText(VerifyElementTextKeyword.groovy:72)
	at com.kms.katalon.core.webui.keyword.builtin.VerifyElementTextKeyword.execute(VerifyElementTextKeyword.groovy:40)
	at com.kms.katalon.core.keyword.internal.KeywordExecutor.executeKeywordForPlatform(KeywordExecutor.groovy:74)
	at com.kms.katalon.core.webui.keyword.WebUiBuiltInKeywords.verifyElementText(WebUiBuiltInKeywords.groovy:4749)
	at com.kms.katalon.core.webui.keyword.WebUiBuiltInKeywords$verifyElementText$5.call(Unknown Source)
	at Header - Offers Savings Menu Verification - Copy.run(Header - Offers Savings Menu Verification - Copy:94)
	at com.kms.katalon.core.main.ScriptEngine.run(ScriptEngine.java:194)
	at com.kms.katalon.core.main.ScriptEngine.runScriptAsRawText(ScriptEngine.java:119)
	at com.kms.katalon.core.main.TestCaseExecutor.runScript(TestCaseExecutor.java:445)
	at com.kms.katalon.core.main.TestCaseExecutor.doExecute(TestCaseExecutor.java:436)
	at com.kms.katalon.core.main.TestCaseExecutor.processExecutionPhase(TestCaseExecutor.java:415)
	at com.kms.katalon.core.main.TestCaseExecutor.accessMainPhase(TestCaseExecutor.java:407)
	at com.kms.katalon.core.main.TestCaseExecutor.execute(TestCaseExecutor.java:284)
	at com.kms.katalon.core.common.CommonExecutor.accessTestCaseMainPhase(CommonExecutor.java:65)
	at com.kms.katalon.core.main.TestSuiteExecutor.accessTestSuiteMainPhase(TestSuiteExecutor.java:144)
	at com.kms.katalon.core.main.TestSuiteExecutor.execute(TestSuiteExecutor.java:106)
	at com.kms.katalon.core.main.TestCaseMain.startTestSuite(TestCaseMain.java:185)
	at com.kms.katalon.core.main.TestCaseMain$startTestSuite$0.call(Unknown Source)
	at TempTestSuite1650304259606.run(TempTestSuite1650304259606.groovy:36)
)

2022-04-18 23:50:24 - [MESSAGE][INFO] - Unable to find the element located by 'By.xpath: //*[text() = 'Join Premium Enfamil Family BeginningsÂ® for up to $700 in gifts']'. Please recheck the objects properties to make sure the desired element is located. 

2022-04-18 23:50:25 - [MESSAGE][FAILED] - com.kms.katalon.core.webui.exception.WebElementNotFoundException: Web element with id: 'Object Repository/Header/Page_Enfamil Newborn, Infant  Toddler Nutri_2e0999/div_Upgrade to Premium Enfamil Family Begin_f1fe7a' located by '//*[text() = 'Join Premium Enfamil Family BeginningsÂ® for up to $700 in gifts']' not found (Root cause: com.kms.katalon.core.exception.StepFailedException: com.kms.katalon.core.webui.exception.WebElementNotFoundException: Web element with id: 'Object Repository/Header/Page_Enfamil Newborn, Infant  Toddler Nutri_2e0999/div_Upgrade to Premium Enfamil Family Begin_f1fe7a' located by '//*[text() = 'Join Premium Enfamil Family BeginningsÂ® for up to $700 in gifts']' not found
	at com.kms.katalon.core.webui.keyword.internal.WebUIKeywordMain.stepFailed(WebUIKeywordMain.groovy:64)
	at com.kms.katalon.core.webui.keyword.builtin.VerifyElementTextKeyword$_verifyElementText_closure1.doCall(VerifyElementTextKeyword.groovy:64)
	at com.kms.katalon.core.webui.keyword.builtin.VerifyElementTextKeyword$_verifyElementText_closure1.call(VerifyElementTextKeyword.groovy)
	at com.kms.katalon.core.webui.keyword.internal.WebUIKeywordMain.runKeyword(WebUIKeywordMain.groovy:20)
	at com.kms.katalon.core.webui.keyword.builtin.VerifyElementTextKeyword.verifyElementText(VerifyElementTextKeyword.groovy:72)
	at com.kms.katalon.core.webui.keyword.builtin.VerifyElementTextKeyword.execute(VerifyElementTextKeyword.groovy:40)
	at com.kms.katalon.core.keyword.internal.KeywordExecutor.executeKeywordForPlatform(KeywordExecutor.groovy:74)
	at com.kms.katalon.core.webui.keyword.WebUiBuiltInKeywords.verifyElementText(WebUiBuiltInKeywords.groovy:4749)
	at com.kms.katalon.core.webui.keyword.WebUiBuiltInKeywords$verifyElementText$5.call(Unknown Source)
	at Header - Offers Savings Menu Verification - Copy.run(Header - Offers Savings Menu Verification - Copy:94)
	at com.kms.katalon.core.main.ScriptEngine.run(ScriptEngine.java:194)
	at com.kms.katalon.core.main.ScriptEngine.runScriptAsRawText(ScriptEngine.java:119)
	at com.kms.katalon.core.main.TestCaseExecutor.runScript(TestCaseExecutor.java:445)
	at com.kms.katalon.core.main.TestCaseExecutor.doExecute(TestCaseExecutor.java:436)
	at com.kms.katalon.core.main.TestCaseExecutor.processExecutionPhase(TestCaseExecutor.java:415)
	at com.kms.katalon.core.main.TestCaseExecutor.accessMainPhase(TestCaseExecutor.java:407)
	at com.kms.katalon.core.main.TestCaseExecutor.execute(TestCaseExecutor.java:284)
	at com.kms.katalon.core.common.CommonExecutor.accessTestCaseMainPhase(CommonExecutor.java:65)
	at com.kms.katalon.core.main.TestSuiteExecutor.accessTestSuiteMainPhase(TestSuiteExecutor.java:144)
	at com.kms.katalon.core.main.TestSuiteExecutor.execute(TestSuiteExecutor.java:106)
	at com.kms.katalon.core.main.TestCaseMain.startTestSuite(TestCaseMain.java:185)
	at com.kms.katalon.core.main.TestCaseMain$startTestSuite$0.call(Unknown Source)
	at TempTestSuite1650304259606.run(TempTestSuite1650304259606.groovy:36)
)
[[ATTACHMENT|D:\\SmoketestSuite\\enfamilUS\\Reports\\20220418_232059\\SmokeTestCollection - Venkat\\SmokeTestSuite-Collection - UAT\\20220418_232059\\1650306024998.png]]

2022-04-18 23:50:25 - [TEST_STEP][PASSED] - verifyElementText(findTestObject("Object Repository/Header/Page_Enfamil Newborn, Infant  Toddler Nutri_2e0999/span_Ask a Nurse"), "Ask a Nurse"): Actual text and expected text of test object 'Object Repository/Header/Page_Enfamil Newborn, Infant  Toddler Nutri_2e0999/span_Ask a Nurse' are matched.

2022-04-18 23:50:25 - [MESSAGE][PASSED] - Actual text and expected text of test object 'Object Repository/Header/Page_Enfamil Newborn, Infant  Toddler Nutri_2e0999/span_Ask a Nurse' are matched.

2022-04-18 23:50:25 - [TEST_STEP][PASSED] - verifyElementPresent(findTestObject("Object Repository/Header/Page_Enfamil Newborn, Infant  Toddler Nutri_2e0999/li_Premium Enfamil Family Beginnings"), 0): Object 'Object Repository/Header/Page_Enfamil Newborn, Infant  Toddler Nutri_2e0999/li_Premium Enfamil Family Beginnings' is present

2022-04-18 23:50:25 - [MESSAGE][WARNING] - Timeout '0' is invalid. Using default page load timeout: '5'

2022-04-18 23:50:26 - [MESSAGE][PASSED] - Object 'Object Repository/Header/Page_Enfamil Newborn, Infant  Toddler Nutri_2e0999/li_Premium Enfamil Family Beginnings' is present

2022-04-18 23:50:26 - [TEST_STEP][PASSED] - verifyElementPresent(findTestObject("Object Repository/Header/Page_Enfamil Newborn, Infant  Toddler Nutri_2e0999/li_Enspire Family Beginnings"), 0): Object 'Object Repository/Header/Page_Enfamil Newborn, Infant  Toddler Nutri_2e0999/li_Enspire Family Beginnings' is present

2022-04-18 23:50:26 - [MESSAGE][WARNING] - Timeout '0' is invalid. Using default page load timeout: '5'

2022-04-18 23:50:26 - [MESSAGE][PASSED] - Object 'Object Repository/Header/Page_Enfamil Newborn, Infant  Toddler Nutri_2e0999/li_Enspire Family Beginnings' is present

2022-04-18 23:50:26 - [TEST_STEP][PASSED] - verifyElementPresent(findTestObject("Object Repository/Header/Page_Enfamil Newborn, Infant  Toddler Nutri_2e0999/li_Enfamil Rewards"), 0): Object 'Object Repository/Header/Page_Enfamil Newborn, Infant  Toddler Nutri_2e0999/li_Enfamil Rewards' is present

2022-04-18 23:50:26 - [MESSAGE][WARNING] - Timeout '0' is invalid. Using default page load timeout: '5'

2022-04-18 23:50:26 - [MESSAGE][PASSED] - Object 'Object Repository/Header/Page_Enfamil Newborn, Infant  Toddler Nutri_2e0999/li_Enfamil Rewards' is present

2022-04-18 23:50:26 - [TEST_STEP][PASSED] - verifyElementPresent(findTestObject("Object Repository/Header/Page_Enfamil Newborn, Infant  Toddler Nutri_2e0999/li_Nutramigen Savings  Support program"), 0): Object 'Object Repository/Header/Page_Enfamil Newborn, Infant  Toddler Nutri_2e0999/li_Nutramigen Savings  Support program' is present

2022-04-18 23:50:26 - [MESSAGE][WARNING] - Timeout '0' is invalid. Using default page load timeout: '5'

2022-04-18 23:50:27 - [MESSAGE][PASSED] - Object 'Object Repository/Header/Page_Enfamil Newborn, Infant  Toddler Nutri_2e0999/li_Nutramigen Savings  Support program' is present

2022-04-18 23:50:27 - [TEST_STEP][PASSED] - verifyElementPresent(findTestObject("Object Repository/Header/Page_Enfamil Newborn, Infant  Toddler Nutri_2e0999/li_Enfacare Drive to Thrive Support Program"), 0): Object 'Object Repository/Header/Page_Enfamil Newborn, Infant  Toddler Nutri_2e0999/li_Enfacare Drive to Thrive Support Program' is present

2022-04-18 23:50:27 - [MESSAGE][WARNING] - Timeout '0' is invalid. Using default page load timeout: '5'

2022-04-18 23:50:27 - [MESSAGE][PASSED] - Object 'Object Repository/Header/Page_Enfamil Newborn, Infant  Toddler Nutri_2e0999/li_Enfacare Drive to Thrive Support Program' is present

2022-04-18 23:50:27 - [TEST_STEP][PASSED] - verifyElementPresent(findTestObject("Object Repository/Header/Page_Enfamil Newborn, Infant  Toddler Nutri_2e0999/li_Enfagrow Free Sample"), 0): Object 'Object Repository/Header/Page_Enfamil Newborn, Infant  Toddler Nutri_2e0999/li_Enfagrow Free Sample' is present

2022-04-18 23:50:27 - [MESSAGE][WARNING] - Timeout '0' is invalid. Using default page load timeout: '5'

2022-04-18 23:50:27 - [MESSAGE][PASSED] - Object 'Object Repository/Header/Page_Enfamil Newborn, Infant  Toddler Nutri_2e0999/li_Enfagrow Free Sample' is present

2022-04-18 23:50:27 - [TEST_STEP][PASSED] - verifyElementPresent(findTestObject("Object Repository/Header/Page_Enfamil Newborn, Infant  Toddler Nutri_2e0999/img"), 0): Object 'Object Repository/Header/Page_Enfamil Newborn, Infant  Toddler Nutri_2e0999/img' is present

2022-04-18 23:50:27 - [MESSAGE][WARNING] - Timeout '0' is invalid. Using default page load timeout: '5'

2022-04-18 23:50:28 - [MESSAGE][PASSED] - Object 'Object Repository/Header/Page_Enfamil Newborn, Infant  Toddler Nutri_2e0999/img' is present

2022-04-18 23:50:28 - [TEST_STEP][PASSED] - verifyElementPresent(findTestObject("Object Repository/Header/Page_Enfamil Newborn, Infant  Toddler Nutri_2e0999/a_Partner Offers"), 0): Object 'Object Repository/Header/Page_Enfamil Newborn, Infant  Toddler Nutri_2e0999/a_Partner Offers' is present

2022-04-18 23:50:28 - [MESSAGE][WARNING] - Timeout '0' is invalid. Using default page load timeout: '5'

2022-04-18 23:50:28 - [MESSAGE][PASSED] - Object 'Object Repository/Header/Page_Enfamil Newborn, Infant  Toddler Nutri_2e0999/a_Partner Offers' is present

2022-04-18 23:50:28 - [TEST_STEP][PASSED] - verifyElementPresent(findTestObject("Object Repository/Header/Page_Enfamil Newborn, Infant  Toddler Nutri_2e0999/a_Professional Discounts"), 0): Object 'Object Repository/Header/Page_Enfamil Newborn, Infant  Toddler Nutri_2e0999/a_Professional Discounts' is present

2022-04-18 23:50:28 - [MESSAGE][WARNING] - Timeout '0' is invalid. Using default page load timeout: '5'

2022-04-18 23:50:28 - [MESSAGE][PASSED] - Object 'Object Repository/Header/Page_Enfamil Newborn, Infant  Toddler Nutri_2e0999/a_Professional Discounts' is present

2022-04-18 23:50:28 - [TEST_STEP][PASSED] - verifyElementPresent(findTestObject("Object Repository/Header/Page_Enfamil Newborn, Infant  Toddler Nutri_2e0999/a_NEW Gift Cards"), 0): Object 'Object Repository/Header/Page_Enfamil Newborn, Infant  Toddler Nutri_2e0999/a_NEW Gift Cards' is present

2022-04-18 23:50:29 - [MESSAGE][WARNING] - Timeout '0' is invalid. Using default page load timeout: '5'

2022-04-18 23:50:29 - [MESSAGE][PASSED] - Object 'Object Repository/Header/Page_Enfamil Newborn, Infant  Toddler Nutri_2e0999/a_NEW Gift Cards' is present

2022-04-18 23:50:29 - [TEST_STEP][PASSED] - mouseOver(findTestObject("Object Repository/Header/Page_Enfamil Newborn, Infant  Toddler Nutri_2e0999/span_Offers  Savings")): Object: 'Object Repository/Header/Page_Enfamil Newborn, Infant  Toddler Nutri_2e0999/span_Offers  Savings' is hovered

2022-04-18 23:50:29 - [MESSAGE][PASSED] - Object: 'Object Repository/Header/Page_Enfamil Newborn, Infant  Toddler Nutri_2e0999/span_Offers  Savings' is hovered

2022-04-18 23:50:29 - [TEST_STEP][PASSED] - verifyElementText(findTestObject("Object Repository/Header/Page_Enfamil Newborn, Infant  Toddler Nutri_2e0999/a_Save 15 when you use Afterpay"), "Save 15% when you use Afterpay"): Actual text and expected text of test object 'Object Repository/Header/Page_Enfamil Newborn, Infant  Toddler Nutri_2e0999/a_Save 15 when you use Afterpay' are matched.

2022-04-18 23:50:30 - [MESSAGE][PASSED] - Actual text and expected text of test object 'Object Repository/Header/Page_Enfamil Newborn, Infant  Toddler Nutri_2e0999/a_Save 15 when you use Afterpay' are matched.

2022-04-18 23:50:30 - [TEST_STEP][PASSED] - verifyElementPresent(findTestObject("Object Repository/Header/Page_Enfamil Newborn, Infant  Toddler Nutri_2e0999/a_Save 15 when you use Afterpay"), 0): Object 'Object Repository/Header/Page_Enfamil Newborn, Infant  Toddler Nutri_2e0999/a_Save 15 when you use Afterpay' is present

2022-04-18 23:50:30 - [MESSAGE][WARNING] - Timeout '0' is invalid. Using default page load timeout: '5'

2022-04-18 23:50:30 - [MESSAGE][PASSED] - Object 'Object Repository/Header/Page_Enfamil Newborn, Infant  Toddler Nutri_2e0999/a_Save 15 when you use Afterpay' is present

2022-04-18 23:50:30 - [TEST_STEP][PASSED] - verifyElementPresent(findTestObject("Object Repository/Header/Page_Enfamil Newborn, Infant  Toddler Nutri_2e0999/a_Enfamil Rebates"), 0): Object 'Object Repository/Header/Page_Enfamil Newborn, Infant  Toddler Nutri_2e0999/a_Enfamil Rebates' is present

2022-04-18 23:50:30 - [MESSAGE][WARNING] - Timeout '0' is invalid. Using default page load timeout: '5'

2022-04-18 23:50:30 - [MESSAGE][PASSED] - Object 'Object Repository/Header/Page_Enfamil Newborn, Infant  Toddler Nutri_2e0999/a_Enfamil Rebates' is present

2022-04-18 23:50:30 - [TEST_STEP][PASSED] - verifyElementPresent(findTestObject("Object Repository/Header/Page_Enfamil Newborn, Infant  Toddler Nutri_2e0999/a_Financial Assistance"), 0): Object 'Object Repository/Header/Page_Enfamil Newborn, Infant  Toddler Nutri_2e0999/a_Financial Assistance' is present

2022-04-18 23:50:30 - [MESSAGE][WARNING] - Timeout '0' is invalid. Using default page load timeout: '5'

2022-04-18 23:50:31 - [MESSAGE][PASSED] - Object 'Object Repository/Header/Page_Enfamil Newborn, Infant  Toddler Nutri_2e0999/a_Financial Assistance' is present

2022-04-18 23:50:31 - [TEST_STEP][PASSED] - verifyElementPresent(findTestObject("Object Repository/Header/Page_Enfamil Newborn, Infant  Toddler Nutri_2e0999/a_Upgrade to Premium Enfamil Family Beginni_120ba0"), 0): Object 'Object Repository/Header/Page_Enfamil Newborn, Infant  Toddler Nutri_2e0999/a_Upgrade to Premium Enfamil Family Beginni_120ba0' is present

2022-04-18 23:50:31 - [MESSAGE][WARNING] - Timeout '0' is invalid. Using default page load timeout: '5'

2022-04-18 23:50:31 - [MESSAGE][PASSED] - Object 'Object Repository/Header/Page_Enfamil Newborn, Infant  Toddler Nutri_2e0999/a_Upgrade to Premium Enfamil Family Beginni_120ba0' is present

2022-04-18 23:50:31 - [TEST_STEP][PASSED] - verifyElementPresent(findTestObject("Object Repository/Header/Page_Enfamil Newborn, Infant  Toddler Nutri_2e0999/div_Ask a Nurse Powered By"), 0): Object 'Object Repository/Header/Page_Enfamil Newborn, Infant  Toddler Nutri_2e0999/div_Ask a Nurse Powered By' is present

2022-04-18 23:50:31 - [MESSAGE][WARNING] - Timeout '0' is invalid. Using default page load timeout: '5'

2022-04-18 23:50:31 - [MESSAGE][PASSED] - Object 'Object Repository/Header/Page_Enfamil Newborn, Infant  Toddler Nutri_2e0999/div_Ask a Nurse Powered By' is present

2022-04-18 23:50:31 - [TEST_STEP][PASSED] - verifyElementPresent(findTestObject("Object Repository/Header/Page_Enfamil Newborn, Infant  Toddler Nutri_2e0999/img_1"), 0): Object 'Object Repository/Header/Page_Enfamil Newborn, Infant  Toddler Nutri_2e0999/img_1' is present

2022-04-18 23:50:32 - [MESSAGE][WARNING] - Timeout '0' is invalid. Using default page load timeout: '5'

2022-04-18 23:50:32 - [MESSAGE][PASSED] - Object 'Object Repository/Header/Page_Enfamil Newborn, Infant  Toddler Nutri_2e0999/img_1' is present

2022-04-18 23:50:32 - [TEST_STEP][PASSED] - mouseOver(findTestObject("Object Repository/Header/Page_/span_Offers  Savings")): Object: 'Object Repository/Header/Page_/span_Offers  Savings' is hovered

2022-04-18 23:50:32 - [MESSAGE][PASSED] - Object: 'Object Repository/Header/Page_/span_Offers  Savings' is hovered

2022-04-18 23:50:32 - [TEST_STEP][FAILED] - click(findTestObject("Object Repository/Header/Page_/div_Premium Enfamil Family Beginnings")): Unable to click on object 'Object Repository/Header/Page_/div_Premium Enfamil Family Beginnings' (Root cause: com.kms.katalon.core.exception.StepFailedException: Unable to click on object 'Object Repository/Header/Page_/div_Premium Enfamil Family Beginnings'
	at com.kms.katalon.core.webui.keyword.internal.WebUIKeywordMain.stepFailed(WebUIKeywordMain.groovy:64)
	at com.kms.katalon.core.webui.keyword.internal.WebUIKeywordMain.runKeyword(WebUIKeywordMain.groovy:26)
	at com.kms.katalon.core.webui.keyword.builtin.ClickKeyword.click(ClickKeyword.groovy:74)
	at com.kms.katalon.core.webui.keyword.builtin.ClickKeyword.execute(ClickKeyword.groovy:40)
	at com.kms.katalon.core.keyword.internal.KeywordExecutor.executeKeywordForPlatform(KeywordExecutor.groovy:74)
	at com.kms.katalon.core.webui.keyword.WebUiBuiltInKeywords.click(WebUiBuiltInKeywords.groovy:620)
	at com.kms.katalon.core.webui.keyword.WebUiBuiltInKeywords$click$2.call(Unknown Source)
	at Header - Offers Savings Menu Verification - Copy.run(Header - Offers Savings Menu Verification - Copy:155)
	at com.kms.katalon.core.main.ScriptEngine.run(ScriptEngine.java:194)
	at com.kms.katalon.core.main.ScriptEngine.runScriptAsRawText(ScriptEngine.java:119)
	at com.kms.katalon.core.main.TestCaseExecutor.runScript(TestCaseExecutor.java:445)
	at com.kms.katalon.core.main.TestCaseExecutor.doExecute(TestCaseExecutor.java:436)
	at com.kms.katalon.core.main.TestCaseExecutor.processExecutionPhase(TestCaseExecutor.java:415)
	at com.kms.katalon.core.main.TestCaseExecutor.accessMainPhase(TestCaseExecutor.java:407)
	at com.kms.katalon.core.main.TestCaseExecutor.execute(TestCaseExecutor.java:284)
	at com.kms.katalon.core.common.CommonExecutor.accessTestCaseMainPhase(CommonExecutor.java:65)
	at com.kms.katalon.core.main.TestSuiteExecutor.accessTestSuiteMainPhase(TestSuiteExecutor.java:144)
	at com.kms.katalon.core.main.TestSuiteExecutor.execute(TestSuiteExecutor.java:106)
	at com.kms.katalon.core.main.TestCaseMain.startTestSuite(TestCaseMain.java:185)
	at com.kms.katalon.core.main.TestCaseMain$startTestSuite$0.call(Unknown Source)
	at TempTestSuite1650304259606.run(TempTestSuite1650304259606.groovy:36)
Caused by: com.kms.katalon.core.webui.exception.WebElementNotFoundException: Web element with id: 'Object Repository/Header/Page_/div_Premium Enfamil Family Beginnings' located by '//*[(text() = 'Enfamil Family BeginningsÂ®' or . = 'Premium Enfamil Family Beginnings')]' not found
	at com.kms.katalon.core.webui.common.WebUiCommonHelper.findWebElement(WebUiCommonHelper.java:1370)
	at com.kms.katalon.core.webui.keyword.internal.WebUIAbstractKeyword.findWebElement(WebUIAbstractKeyword.groovy:27)
	at com.kms.katalon.core.webui.keyword.builtin.ClickKeyword$_click_closure1.doCall(ClickKeyword.groovy:65)
	at com.kms.katalon.core.webui.keyword.builtin.ClickKeyword$_click_closure1.call(ClickKeyword.groovy)
	at com.kms.katalon.core.webui.keyword.internal.WebUIKeywordMain.runKeyword(WebUIKeywordMain.groovy:20)
	at com.kms.katalon.core.webui.keyword.builtin.ClickKeyword.click(ClickKeyword.groovy:74)
	at com.kms.katalon.core.webui.keyword.builtin.ClickKeyword.execute(ClickKeyword.groovy:40)
	at com.kms.katalon.core.keyword.internal.KeywordExecutor.executeKeywordForPlatform(KeywordExecutor.groovy:74)
	at com.kms.katalon.core.webui.keyword.WebUiBuiltInKeywords.click(WebUiBuiltInKeywords.groovy:620)
	at com.kms.katalon.core.webui.keyword.WebUiBuiltInKeywords$click$2.call(Unknown Source)
	at Script1649423294387.run(Script1649423294387.groovy:155)
	... 13 more
)

2022-04-18 23:50:39 - [MESSAGE][INFO] - Unable to find the element located by 'By.xpath: //*[(text() = 'Enfamil Family BeginningsÂ®' or . = 'Premium Enfamil Family Beginnings')]'. Please recheck the objects properties to make sure the desired element is located. 

2022-04-18 23:50:39 - [MESSAGE][FAILED] - Unable to click on object 'Object Repository/Header/Page_/div_Premium Enfamil Family Beginnings' (Root cause: com.kms.katalon.core.exception.StepFailedException: Unable to click on object 'Object Repository/Header/Page_/div_Premium Enfamil Family Beginnings'
	at com.kms.katalon.core.webui.keyword.internal.WebUIKeywordMain.stepFailed(WebUIKeywordMain.groovy:64)
	at com.kms.katalon.core.webui.keyword.internal.WebUIKeywordMain.runKeyword(WebUIKeywordMain.groovy:26)
	at com.kms.katalon.core.webui.keyword.builtin.ClickKeyword.click(ClickKeyword.groovy:74)
	at com.kms.katalon.core.webui.keyword.builtin.ClickKeyword.execute(ClickKeyword.groovy:40)
	at com.kms.katalon.core.keyword.internal.KeywordExecutor.executeKeywordForPlatform(KeywordExecutor.groovy:74)
	at com.kms.katalon.core.webui.keyword.WebUiBuiltInKeywords.click(WebUiBuiltInKeywords.groovy:620)
	at com.kms.katalon.core.webui.keyword.WebUiBuiltInKeywords$click$2.call(Unknown Source)
	at Header - Offers Savings Menu Verification - Copy.run(Header - Offers Savings Menu Verification - Copy:155)
	at com.kms.katalon.core.main.ScriptEngine.run(ScriptEngine.java:194)
	at com.kms.katalon.core.main.ScriptEngine.runScriptAsRawText(ScriptEngine.java:119)
	at com.kms.katalon.core.main.TestCaseExecutor.runScript(TestCaseExecutor.java:445)
	at com.kms.katalon.core.main.TestCaseExecutor.doExecute(TestCaseExecutor.java:436)
	at com.kms.katalon.core.main.TestCaseExecutor.processExecutionPhase(TestCaseExecutor.java:415)
	at com.kms.katalon.core.main.TestCaseExecutor.accessMainPhase(TestCaseExecutor.java:407)
	at com.kms.katalon.core.main.TestCaseExecutor.execute(TestCaseExecutor.java:284)
	at com.kms.katalon.core.common.CommonExecutor.accessTestCaseMainPhase(CommonExecutor.java:65)
	at com.kms.katalon.core.main.TestSuiteExecutor.accessTestSuiteMainPhase(TestSuiteExecutor.java:144)
	at com.kms.katalon.core.main.TestSuiteExecutor.execute(TestSuiteExecutor.java:106)
	at com.kms.katalon.core.main.TestCaseMain.startTestSuite(TestCaseMain.java:185)
	at com.kms.katalon.core.main.TestCaseMain$startTestSuite$0.call(Unknown Source)
	at TempTestSuite1650304259606.run(TempTestSuite1650304259606.groovy:36)
Caused by: com.kms.katalon.core.webui.exception.WebElementNotFoundException: Web element with id: 'Object Repository/Header/Page_/div_Premium Enfamil Family Beginnings' located by '//*[(text() = 'Enfamil Family BeginningsÂ®' or . = 'Premium Enfamil Family Beginnings')]' not found
	at com.kms.katalon.core.webui.common.WebUiCommonHelper.findWebElement(WebUiCommonHelper.java:1370)
	at com.kms.katalon.core.webui.keyword.internal.WebUIAbstractKeyword.findWebElement(WebUIAbstractKeyword.groovy:27)
	at com.kms.katalon.core.webui.keyword.builtin.ClickKeyword$_click_closure1.doCall(ClickKeyword.groovy:65)
	at com.kms.katalon.core.webui.keyword.builtin.ClickKeyword$_click_closure1.call(ClickKeyword.groovy)
	at com.kms.katalon.core.webui.keyword.internal.WebUIKeywordMain.runKeyword(WebUIKeywordMain.groovy:20)
	at com.kms.katalon.core.webui.keyword.builtin.ClickKeyword.click(ClickKeyword.groovy:74)
	at com.kms.katalon.core.webui.keyword.builtin.ClickKeyword.execute(ClickKeyword.groovy:40)
	at com.kms.katalon.core.keyword.internal.KeywordExecutor.executeKeywordForPlatform(KeywordExecutor.groovy:74)
	at com.kms.katalon.core.webui.keyword.WebUiBuiltInKeywords.click(WebUiBuiltInKeywords.groovy:620)
	at com.kms.katalon.core.webui.keyword.WebUiBuiltInKeywords$click$2.call(Unknown Source)
	at Script1649423294387.run(Script1649423294387.groovy:155)
	... 13 more
)
[[ATTACHMENT|D:\\SmoketestSuite\\enfamilUS\\Reports\\20220418_232059\\SmokeTestCollection - Venkat\\SmokeTestSuite-Collection - UAT\\20220418_232059\\1650306039195.png]]

2022-04-18 23:50:39 - [TEST_STEP][PASSED] - waitForElementVisible(findTestObject("Object Repository/Header/Page_Premium Enfamil Family Beginnings/span_Premium Enfamil Family Beginnings"), 0): Web element with id: 'Object Repository/Header/Page_Premium Enfamil Family Beginnings/span_Premium Enfamil Family Beginnings' located by '//span[(text() = 'Enfamil Family BeginningsÂ®' or . = 'Premium Enfamil Family BeginningsÂ®')]' not found

2022-04-18 23:50:39 - [MESSAGE][WARNING] - Timeout '0' is invalid. Using default page load timeout: '5'

2022-04-18 23:50:45 - [MESSAGE][INFO] - Unable to find the element located by 'By.xpath: //span[(text() = 'Enfamil Family BeginningsÂ®' or . = 'Premium Enfamil Family BeginningsÂ®')]'. Please recheck the objects properties to make sure the desired element is located. 

2022-04-18 23:50:45 - [MESSAGE][WARNING] - Web element with id: 'Object Repository/Header/Page_Premium Enfamil Family Beginnings/span_Premium Enfamil Family Beginnings' located by '//span[(text() = 'Enfamil Family BeginningsÂ®' or . = 'Premium Enfamil Family BeginningsÂ®')]' not found

2022-04-18 23:50:45 - [TEST_STEP][FAILED] - verifyElementText(findTestObject("Object Repository/Header/Page_Premium Enfamil Family Beginnings/span_Premium Enfamil Family Beginnings"), "Premium Enfamil Family BeginningsÂ®"): com.kms.katalon.core.webui.exception.WebElementNotFoundException: Web element with id: 'Object Repository/Header/Page_Premium Enfamil Family Beginnings/span_Premium Enfamil Family Beginnings' located by '//span[(text() = 'Enfamil Family BeginningsÂ®' or . = 'Premium Enfamil Family BeginningsÂ®')]' not found (Root cause: com.kms.katalon.core.exception.StepFailedException: com.kms.katalon.core.webui.exception.WebElementNotFoundException: Web element with id: 'Object Repository/Header/Page_Premium Enfamil Family Beginnings/span_Premium Enfamil Family Beginnings' located by '//span[(text() = 'Enfamil Family BeginningsÂ®' or . = 'Premium Enfamil Family BeginningsÂ®')]' not found
	at com.kms.katalon.core.webui.keyword.internal.WebUIKeywordMain.stepFailed(WebUIKeywordMain.groovy:64)
	at com.kms.katalon.core.webui.keyword.builtin.VerifyElementTextKeyword$_verifyElementText_closure1.doCall(VerifyElementTextKeyword.groovy:64)
	at com.kms.katalon.core.webui.keyword.builtin.VerifyElementTextKeyword$_verifyElementText_closure1.call(VerifyElementTextKeyword.groovy)
	at com.kms.katalon.core.webui.keyword.internal.WebUIKeywordMain.runKeyword(WebUIKeywordMain.groovy:20)
	at com.kms.katalon.core.webui.keyword.builtin.VerifyElementTextKeyword.verifyElementText(VerifyElementTextKeyword.groovy:72)
	at com.kms.katalon.core.webui.keyword.builtin.VerifyElementTextKeyword.execute(VerifyElementTextKeyword.groovy:40)
	at com.kms.katalon.core.keyword.internal.KeywordExecutor.executeKeywordForPlatform(KeywordExecutor.groovy:74)
	at com.kms.katalon.core.webui.keyword.WebUiBuiltInKeywords.verifyElementText(WebUiBuiltInKeywords.groovy:4749)
	at com.kms.katalon.core.webui.keyword.WebUiBuiltInKeywords$verifyElementText$5.call(Unknown Source)
	at Header - Offers Savings Menu Verification - Copy.run(Header - Offers Savings Menu Verification - Copy:160)
	at com.kms.katalon.core.main.ScriptEngine.run(ScriptEngine.java:194)
	at com.kms.katalon.core.main.ScriptEngine.runScriptAsRawText(ScriptEngine.java:119)
	at com.kms.katalon.core.main.TestCaseExecutor.runScript(TestCaseExecutor.java:445)
	at com.kms.katalon.core.main.TestCaseExecutor.doExecute(TestCaseExecutor.java:436)
	at com.kms.katalon.core.main.TestCaseExecutor.processExecutionPhase(TestCaseExecutor.java:415)
	at com.kms.katalon.core.main.TestCaseExecutor.accessMainPhase(TestCaseExecutor.java:407)
	at com.kms.katalon.core.main.TestCaseExecutor.execute(TestCaseExecutor.java:284)
	at com.kms.katalon.core.common.CommonExecutor.accessTestCaseMainPhase(CommonExecutor.java:65)
	at com.kms.katalon.core.main.TestSuiteExecutor.accessTestSuiteMainPhase(TestSuiteExecutor.java:144)
	at com.kms.katalon.core.main.TestSuiteExecutor.execute(TestSuiteExecutor.java:106)
	at com.kms.katalon.core.main.TestCaseMain.startTestSuite(TestCaseMain.java:185)
	at com.kms.katalon.core.main.TestCaseMain$startTestSuite$0.call(Unknown Source)
	at TempTestSuite1650304259606.run(TempTestSuite1650304259606.groovy:36)
)

2022-04-18 23:50:52 - [MESSAGE][INFO] - Unable to find the element located by 'By.xpath: //span[(text() = 'Enfamil Family BeginningsÂ®' or . = 'Premium Enfamil Family BeginningsÂ®')]'. Please recheck the objects properties to make sure the desired element is located. 

2022-04-18 23:50:52 - [MESSAGE][FAILED] - com.kms.katalon.core.webui.exception.WebElementNotFoundException: Web element with id: 'Object Repository/Header/Page_Premium Enfamil Family Beginnings/span_Premium Enfamil Family Beginnings' located by '//span[(text() = 'Enfamil Family BeginningsÂ®' or . = 'Premium Enfamil Family BeginningsÂ®')]' not found (Root cause: com.kms.katalon.core.exception.StepFailedException: com.kms.katalon.core.webui.exception.WebElementNotFoundException: Web element with id: 'Object Repository/Header/Page_Premium Enfamil Family Beginnings/span_Premium Enfamil Family Beginnings' located by '//span[(text() = 'Enfamil Family BeginningsÂ®' or . = 'Premium Enfamil Family BeginningsÂ®')]' not found
	at com.kms.katalon.core.webui.keyword.internal.WebUIKeywordMain.stepFailed(WebUIKeywordMain.groovy:64)
	at com.kms.katalon.core.webui.keyword.builtin.VerifyElementTextKeyword$_verifyElementText_closure1.doCall(VerifyElementTextKeyword.groovy:64)
	at com.kms.katalon.core.webui.keyword.builtin.VerifyElementTextKeyword$_verifyElementText_closure1.call(VerifyElementTextKeyword.groovy)
	at com.kms.katalon.core.webui.keyword.internal.WebUIKeywordMain.runKeyword(WebUIKeywordMain.groovy:20)
	at com.kms.katalon.core.webui.keyword.builtin.VerifyElementTextKeyword.verifyElementText(VerifyElementTextKeyword.groovy:72)
	at com.kms.katalon.core.webui.keyword.builtin.VerifyElementTextKeyword.execute(VerifyElementTextKeyword.groovy:40)
	at com.kms.katalon.core.keyword.internal.KeywordExecutor.executeKeywordForPlatform(KeywordExecutor.groovy:74)
	at com.kms.katalon.core.webui.keyword.WebUiBuiltInKeywords.verifyElementText(WebUiBuiltInKeywords.groovy:4749)
	at com.kms.katalon.core.webui.keyword.WebUiBuiltInKeywords$verifyElementText$5.call(Unknown Source)
	at Header - Offers Savings Menu Verification - Copy.run(Header - Offers Savings Menu Verification - Copy:160)
	at com.kms.katalon.core.main.ScriptEngine.run(ScriptEngine.java:194)
	at com.kms.katalon.core.main.ScriptEngine.runScriptAsRawText(ScriptEngine.java:119)
	at com.kms.katalon.core.main.TestCaseExecutor.runScript(TestCaseExecutor.java:445)
	at com.kms.katalon.core.main.TestCaseExecutor.doExecute(TestCaseExecutor.java:436)
	at com.kms.katalon.core.main.TestCaseExecutor.processExecutionPhase(TestCaseExecutor.java:415)
	at com.kms.katalon.core.main.TestCaseExecutor.accessMainPhase(TestCaseExecutor.java:407)
	at com.kms.katalon.core.main.TestCaseExecutor.execute(TestCaseExecutor.java:284)
	at com.kms.katalon.core.common.CommonExecutor.accessTestCaseMainPhase(CommonExecutor.java:65)
	at com.kms.katalon.core.main.TestSuiteExecutor.accessTestSuiteMainPhase(TestSuiteExecutor.java:144)
	at com.kms.katalon.core.main.TestSuiteExecutor.execute(TestSuiteExecutor.java:106)
	at com.kms.katalon.core.main.TestCaseMain.startTestSuite(TestCaseMain.java:185)
	at com.kms.katalon.core.main.TestCaseMain$startTestSuite$0.call(Unknown Source)
	at TempTestSuite1650304259606.run(TempTestSuite1650304259606.groovy:36)
)
[[ATTACHMENT|D:\\SmoketestSuite\\enfamilUS\\Reports\\20220418_232059\\SmokeTestCollection - Venkat\\SmokeTestSuite-Collection - UAT\\20220418_232059\\1650306052009.png]]

2022-04-18 23:50:52 - [TEST_STEP][FAILED] - verifyElementText(findTestObject("Object Repository/Header/Page_Premium Enfamil Family Beginnings/span_Premium Enfamil Family Beginnings"), "Premium Enfamil Family BeginningsÂ®"): com.kms.katalon.core.webui.exception.WebElementNotFoundException: Web element with id: 'Object Repository/Header/Page_Premium Enfamil Family Beginnings/span_Premium Enfamil Family Beginnings' located by '//span[(text() = 'Enfamil Family BeginningsÂ®' or . = 'Premium Enfamil Family BeginningsÂ®')]' not found (Root cause: com.kms.katalon.core.exception.StepFailedException: com.kms.katalon.core.webui.exception.WebElementNotFoundException: Web element with id: 'Object Repository/Header/Page_Premium Enfamil Family Beginnings/span_Premium Enfamil Family Beginnings' located by '//span[(text() = 'Enfamil Family BeginningsÂ®' or . = 'Premium Enfamil Family BeginningsÂ®')]' not found
	at com.kms.katalon.core.webui.keyword.internal.WebUIKeywordMain.stepFailed(WebUIKeywordMain.groovy:64)
	at com.kms.katalon.core.webui.keyword.builtin.VerifyElementTextKeyword$_verifyElementText_closure1.doCall(VerifyElementTextKeyword.groovy:64)
	at com.kms.katalon.core.webui.keyword.builtin.VerifyElementTextKeyword$_verifyElementText_closure1.call(VerifyElementTextKeyword.groovy)
	at com.kms.katalon.core.webui.keyword.internal.WebUIKeywordMain.runKeyword(WebUIKeywordMain.groovy:20)
	at com.kms.katalon.core.webui.keyword.builtin.VerifyElementTextKeyword.verifyElementText(VerifyElementTextKeyword.groovy:72)
	at com.kms.katalon.core.webui.keyword.builtin.VerifyElementTextKeyword.execute(VerifyElementTextKeyword.groovy:40)
	at com.kms.katalon.core.keyword.internal.KeywordExecutor.executeKeywordForPlatform(KeywordExecutor.groovy:74)
	at com.kms.katalon.core.webui.keyword.WebUiBuiltInKeywords.verifyElementText(WebUiBuiltInKeywords.groovy:4749)
	at com.kms.katalon.core.webui.keyword.WebUiBuiltInKeywords$verifyElementText$5.call(Unknown Source)
	at Header - Offers Savings Menu Verification - Copy.run(Header - Offers Savings Menu Verification - Copy:163)
	at com.kms.katalon.core.main.ScriptEngine.run(ScriptEngine.java:194)
	at com.kms.katalon.core.main.ScriptEngine.runScriptAsRawText(ScriptEngine.java:119)
	at com.kms.katalon.core.main.TestCaseExecutor.runScript(TestCaseExecutor.java:445)
	at com.kms.katalon.core.main.TestCaseExecutor.doExecute(TestCaseExecutor.java:436)
	at com.kms.katalon.core.main.TestCaseExecutor.processExecutionPhase(TestCaseExecutor.java:415)
	at com.kms.katalon.core.main.TestCaseExecutor.accessMainPhase(TestCaseExecutor.java:407)
	at com.kms.katalon.core.main.TestCaseExecutor.execute(TestCaseExecutor.java:284)
	at com.kms.katalon.core.common.CommonExecutor.accessTestCaseMainPhase(CommonExecutor.java:65)
	at com.kms.katalon.core.main.TestSuiteExecutor.accessTestSuiteMainPhase(TestSuiteExecutor.java:144)
	at com.kms.katalon.core.main.TestSuiteExecutor.execute(TestSuiteExecutor.java:106)
	at com.kms.katalon.core.main.TestCaseMain.startTestSuite(TestCaseMain.java:185)
	at com.kms.katalon.core.main.TestCaseMain$startTestSuite$0.call(Unknown Source)
	at TempTestSuite1650304259606.run(TempTestSuite1650304259606.groovy:36)
)

2022-04-18 23:50:58 - [MESSAGE][INFO] - Unable to find the element located by 'By.xpath: //span[(text() = 'Enfamil Family BeginningsÂ®' or . = 'Premium Enfamil Family BeginningsÂ®')]'. Please recheck the objects properties to make sure the desired element is located. 

2022-04-18 23:50:58 - [MESSAGE][FAILED] - com.kms.katalon.core.webui.exception.WebElementNotFoundException: Web element with id: 'Object Repository/Header/Page_Premium Enfamil Family Beginnings/span_Premium Enfamil Family Beginnings' located by '//span[(text() = 'Enfamil Family BeginningsÂ®' or . = 'Premium Enfamil Family BeginningsÂ®')]' not found (Root cause: com.kms.katalon.core.exception.StepFailedException: com.kms.katalon.core.webui.exception.WebElementNotFoundException: Web element with id: 'Object Repository/Header/Page_Premium Enfamil Family Beginnings/span_Premium Enfamil Family Beginnings' located by '//span[(text() = 'Enfamil Family BeginningsÂ®' or . = 'Premium Enfamil Family BeginningsÂ®')]' not found
	at com.kms.katalon.core.webui.keyword.internal.WebUIKeywordMain.stepFailed(WebUIKeywordMain.groovy:64)
	at com.kms.katalon.core.webui.keyword.builtin.VerifyElementTextKeyword$_verifyElementText_closure1.doCall(VerifyElementTextKeyword.groovy:64)
	at com.kms.katalon.core.webui.keyword.builtin.VerifyElementTextKeyword$_verifyElementText_closure1.call(VerifyElementTextKeyword.groovy)
	at com.kms.katalon.core.webui.keyword.internal.WebUIKeywordMain.runKeyword(WebUIKeywordMain.groovy:20)
	at com.kms.katalon.core.webui.keyword.builtin.VerifyElementTextKeyword.verifyElementText(VerifyElementTextKeyword.groovy:72)
	at com.kms.katalon.core.webui.keyword.builtin.VerifyElementTextKeyword.execute(VerifyElementTextKeyword.groovy:40)
	at com.kms.katalon.core.keyword.internal.KeywordExecutor.executeKeywordForPlatform(KeywordExecutor.groovy:74)
	at com.kms.katalon.core.webui.keyword.WebUiBuiltInKeywords.verifyElementText(WebUiBuiltInKeywords.groovy:4749)
	at com.kms.katalon.core.webui.keyword.WebUiBuiltInKeywords$verifyElementText$5.call(Unknown Source)
	at Header - Offers Savings Menu Verification - Copy.run(Header - Offers Savings Menu Verification - Copy:163)
	at com.kms.katalon.core.main.ScriptEngine.run(ScriptEngine.java:194)
	at com.kms.katalon.core.main.ScriptEngine.runScriptAsRawText(ScriptEngine.java:119)
	at com.kms.katalon.core.main.TestCaseExecutor.runScript(TestCaseExecutor.java:445)
	at com.kms.katalon.core.main.TestCaseExecutor.doExecute(TestCaseExecutor.java:436)
	at com.kms.katalon.core.main.TestCaseExecutor.processExecutionPhase(TestCaseExecutor.java:415)
	at com.kms.katalon.core.main.TestCaseExecutor.accessMainPhase(TestCaseExecutor.java:407)
	at com.kms.katalon.core.main.TestCaseExecutor.execute(TestCaseExecutor.java:284)
	at com.kms.katalon.core.common.CommonExecutor.accessTestCaseMainPhase(CommonExecutor.java:65)
	at com.kms.katalon.core.main.TestSuiteExecutor.accessTestSuiteMainPhase(TestSuiteExecutor.java:144)
	at com.kms.katalon.core.main.TestSuiteExecutor.execute(TestSuiteExecutor.java:106)
	at com.kms.katalon.core.main.TestCaseMain.startTestSuite(TestCaseMain.java:185)
	at com.kms.katalon.core.main.TestCaseMain$startTestSuite$0.call(Unknown Source)
	at TempTestSuite1650304259606.run(TempTestSuite1650304259606.groovy:36)
)
[[ATTACHMENT|D:\\SmoketestSuite\\enfamilUS\\Reports\\20220418_232059\\SmokeTestCollection - Venkat\\SmokeTestSuite-Collection - UAT\\20220418_232059\\1650306058559.png]]

2022-04-18 23:50:58 - [TEST_STEP][FAILED] - verifyElementText(findTestObject("Object Repository/Header/Page_Premium Enfamil Family Beginnings/span_Premium Enfamil Family Beginnings"), "Premium Enfamil Family BeginningsÂ®"): com.kms.katalon.core.webui.exception.WebElementNotFoundException: Web element with id: 'Object Repository/Header/Page_Premium Enfamil Family Beginnings/span_Premium Enfamil Family Beginnings' located by '//span[(text() = 'Enfamil Family BeginningsÂ®' or . = 'Premium Enfamil Family BeginningsÂ®')]' not found (Root cause: com.kms.katalon.core.exception.StepFailedException: com.kms.katalon.core.webui.exception.WebElementNotFoundException: Web element with id: 'Object Repository/Header/Page_Premium Enfamil Family Beginnings/span_Premium Enfamil Family Beginnings' located by '//span[(text() = 'Enfamil Family BeginningsÂ®' or . = 'Premium Enfamil Family BeginningsÂ®')]' not found
	at com.kms.katalon.core.webui.keyword.internal.WebUIKeywordMain.stepFailed(WebUIKeywordMain.groovy:64)
	at com.kms.katalon.core.webui.keyword.builtin.VerifyElementTextKeyword$_verifyElementText_closure1.doCall(VerifyElementTextKeyword.groovy:64)
	at com.kms.katalon.core.webui.keyword.builtin.VerifyElementTextKeyword$_verifyElementText_closure1.call(VerifyElementTextKeyword.groovy)
	at com.kms.katalon.core.webui.keyword.internal.WebUIKeywordMain.runKeyword(WebUIKeywordMain.groovy:20)
	at com.kms.katalon.core.webui.keyword.builtin.VerifyElementTextKeyword.verifyElementText(VerifyElementTextKeyword.groovy:72)
	at com.kms.katalon.core.webui.keyword.builtin.VerifyElementTextKeyword.execute(VerifyElementTextKeyword.groovy:40)
	at com.kms.katalon.core.keyword.internal.KeywordExecutor.executeKeywordForPlatform(KeywordExecutor.groovy:74)
	at com.kms.katalon.core.webui.keyword.WebUiBuiltInKeywords.verifyElementText(WebUiBuiltInKeywords.groovy:4749)
	at com.kms.katalon.core.webui.keyword.WebUiBuiltInKeywords$verifyElementText$5.call(Unknown Source)
	at Header - Offers Savings Menu Verification - Copy.run(Header - Offers Savings Menu Verification - Copy:166)
	at com.kms.katalon.core.main.ScriptEngine.run(ScriptEngine.java:194)
	at com.kms.katalon.core.main.ScriptEngine.runScriptAsRawText(ScriptEngine.java:119)
	at com.kms.katalon.core.main.TestCaseExecutor.runScript(TestCaseExecutor.java:445)
	at com.kms.katalon.core.main.TestCaseExecutor.doExecute(TestCaseExecutor.java:436)
	at com.kms.katalon.core.main.TestCaseExecutor.processExecutionPhase(TestCaseExecutor.java:415)
	at com.kms.katalon.core.main.TestCaseExecutor.accessMainPhase(TestCaseExecutor.java:407)
	at com.kms.katalon.core.main.TestCaseExecutor.execute(TestCaseExecutor.java:284)
	at com.kms.katalon.core.common.CommonExecutor.accessTestCaseMainPhase(CommonExecutor.java:65)
	at com.kms.katalon.core.main.TestSuiteExecutor.accessTestSuiteMainPhase(TestSuiteExecutor.java:144)
	at com.kms.katalon.core.main.TestSuiteExecutor.execute(TestSuiteExecutor.java:106)
	at com.kms.katalon.core.main.TestCaseMain.startTestSuite(TestCaseMain.java:185)
	at com.kms.katalon.core.main.TestCaseMain$startTestSuite$0.call(Unknown Source)
	at TempTestSuite1650304259606.run(TempTestSuite1650304259606.groovy:36)
)

2022-04-18 23:51:05 - [MESSAGE][INFO] - Unable to find the element located by 'By.xpath: //span[(text() = 'Enfamil Family BeginningsÂ®' or . = 'Premium Enfamil Family BeginningsÂ®')]'. Please recheck the objects properties to make sure the desired element is located. 

2022-04-18 23:51:05 - [MESSAGE][FAILED] - com.kms.katalon.core.webui.exception.WebElementNotFoundException: Web element with id: 'Object Repository/Header/Page_Premium Enfamil Family Beginnings/span_Premium Enfamil Family Beginnings' located by '//span[(text() = 'Enfamil Family BeginningsÂ®' or . = 'Premium Enfamil Family BeginningsÂ®')]' not found (Root cause: com.kms.katalon.core.exception.StepFailedException: com.kms.katalon.core.webui.exception.WebElementNotFoundException: Web element with id: 'Object Repository/Header/Page_Premium Enfamil Family Beginnings/span_Premium Enfamil Family Beginnings' located by '//span[(text() = 'Enfamil Family BeginningsÂ®' or . = 'Premium Enfamil Family BeginningsÂ®')]' not found
	at com.kms.katalon.core.webui.keyword.internal.WebUIKeywordMain.stepFailed(WebUIKeywordMain.groovy:64)
	at com.kms.katalon.core.webui.keyword.builtin.VerifyElementTextKeyword$_verifyElementText_closure1.doCall(VerifyElementTextKeyword.groovy:64)
	at com.kms.katalon.core.webui.keyword.builtin.VerifyElementTextKeyword$_verifyElementText_closure1.call(VerifyElementTextKeyword.groovy)
	at com.kms.katalon.core.webui.keyword.internal.WebUIKeywordMain.runKeyword(WebUIKeywordMain.groovy:20)
	at com.kms.katalon.core.webui.keyword.builtin.VerifyElementTextKeyword.verifyElementText(VerifyElementTextKeyword.groovy:72)
	at com.kms.katalon.core.webui.keyword.builtin.VerifyElementTextKeyword.execute(VerifyElementTextKeyword.groovy:40)
	at com.kms.katalon.core.keyword.internal.KeywordExecutor.executeKeywordForPlatform(KeywordExecutor.groovy:74)
	at com.kms.katalon.core.webui.keyword.WebUiBuiltInKeywords.verifyElementText(WebUiBuiltInKeywords.groovy:4749)
	at com.kms.katalon.core.webui.keyword.WebUiBuiltInKeywords$verifyElementText$5.call(Unknown Source)
	at Header - Offers Savings Menu Verification - Copy.run(Header - Offers Savings Menu Verification - Copy:166)
	at com.kms.katalon.core.main.ScriptEngine.run(ScriptEngine.java:194)
	at com.kms.katalon.core.main.ScriptEngine.runScriptAsRawText(ScriptEngine.java:119)
	at com.kms.katalon.core.main.TestCaseExecutor.runScript(TestCaseExecutor.java:445)
	at com.kms.katalon.core.main.TestCaseExecutor.doExecute(TestCaseExecutor.java:436)
	at com.kms.katalon.core.main.TestCaseExecutor.processExecutionPhase(TestCaseExecutor.java:415)
	at com.kms.katalon.core.main.TestCaseExecutor.accessMainPhase(TestCaseExecutor.java:407)
	at com.kms.katalon.core.main.TestCaseExecutor.execute(TestCaseExecutor.java:284)
	at com.kms.katalon.core.common.CommonExecutor.accessTestCaseMainPhase(CommonExecutor.java:65)
	at com.kms.katalon.core.main.TestSuiteExecutor.accessTestSuiteMainPhase(TestSuiteExecutor.java:144)
	at com.kms.katalon.core.main.TestSuiteExecutor.execute(TestSuiteExecutor.java:106)
	at com.kms.katalon.core.main.TestCaseMain.startTestSuite(TestCaseMain.java:185)
	at com.kms.katalon.core.main.TestCaseMain$startTestSuite$0.call(Unknown Source)
	at TempTestSuite1650304259606.run(TempTestSuite1650304259606.groovy:36)
)
[[ATTACHMENT|D:\\SmoketestSuite\\enfamilUS\\Reports\\20220418_232059\\SmokeTestCollection - Venkat\\SmokeTestSuite-Collection - UAT\\20220418_232059\\1650306065167.png]]

2022-04-18 23:51:05 - [TEST_STEP][FAILED] - verifyElementPresent(findTestObject("Object Repository/Header/Page_Premium Enfamil Family Beginnings/span_Premium Enfamil Family Beginnings"), 0): com.kms.katalon.core.webui.exception.WebElementNotFoundException: Web element with id: 'Object Repository/Header/Page_Premium Enfamil Family Beginnings/span_Premium Enfamil Family Beginnings' located by '//span[(text() = 'Enfamil Family BeginningsÂ®' or . = 'Premium Enfamil Family BeginningsÂ®')]' not found (Root cause: com.kms.katalon.core.exception.StepFailedException: com.kms.katalon.core.webui.exception.WebElementNotFoundException: Web element with id: 'Object Repository/Header/Page_Premium Enfamil Family Beginnings/span_Premium Enfamil Family Beginnings' located by '//span[(text() = 'Enfamil Family BeginningsÂ®' or . = 'Premium Enfamil Family BeginningsÂ®')]' not found
	at com.kms.katalon.core.webui.keyword.internal.WebUIKeywordMain.stepFailed(WebUIKeywordMain.groovy:64)
	at com.kms.katalon.core.webui.keyword.builtin.VerifyElementPresentKeyword$_verifyElementPresent_closure1.doCall(VerifyElementPresentKeyword.groovy:85)
	at com.kms.katalon.core.webui.keyword.builtin.VerifyElementPresentKeyword$_verifyElementPresent_closure1.call(VerifyElementPresentKeyword.groovy)
	at com.kms.katalon.core.webui.keyword.internal.WebUIKeywordMain.runKeyword(WebUIKeywordMain.groovy:20)
	at com.kms.katalon.core.webui.keyword.builtin.VerifyElementPresentKeyword.verifyElementPresent(VerifyElementPresentKeyword.groovy:92)
	at com.kms.katalon.core.webui.keyword.builtin.VerifyElementPresentKeyword.execute(VerifyElementPresentKeyword.groovy:68)
	at com.kms.katalon.core.keyword.internal.KeywordExecutor.executeKeywordForPlatform(KeywordExecutor.groovy:74)
	at com.kms.katalon.core.webui.keyword.WebUiBuiltInKeywords.verifyElementPresent(WebUiBuiltInKeywords.groovy:1464)
	at com.kms.katalon.core.webui.keyword.WebUiBuiltInKeywords$verifyElementPresent$4.call(Unknown Source)
	at Header - Offers Savings Menu Verification - Copy.run(Header - Offers Savings Menu Verification - Copy:169)
	at com.kms.katalon.core.main.ScriptEngine.run(ScriptEngine.java:194)
	at com.kms.katalon.core.main.ScriptEngine.runScriptAsRawText(ScriptEngine.java:119)
	at com.kms.katalon.core.main.TestCaseExecutor.runScript(TestCaseExecutor.java:445)
	at com.kms.katalon.core.main.TestCaseExecutor.doExecute(TestCaseExecutor.java:436)
	at com.kms.katalon.core.main.TestCaseExecutor.processExecutionPhase(TestCaseExecutor.java:415)
	at com.kms.katalon.core.main.TestCaseExecutor.accessMainPhase(TestCaseExecutor.java:407)
	at com.kms.katalon.core.main.TestCaseExecutor.execute(TestCaseExecutor.java:284)
	at com.kms.katalon.core.common.CommonExecutor.accessTestCaseMainPhase(CommonExecutor.java:65)
	at com.kms.katalon.core.main.TestSuiteExecutor.accessTestSuiteMainPhase(TestSuiteExecutor.java:144)
	at com.kms.katalon.core.main.TestSuiteExecutor.execute(TestSuiteExecutor.java:106)
	at com.kms.katalon.core.main.TestCaseMain.startTestSuite(TestCaseMain.java:185)
	at com.kms.katalon.core.main.TestCaseMain$startTestSuite$0.call(Unknown Source)
	at TempTestSuite1650304259606.run(TempTestSuite1650304259606.groovy:36)
)

2022-04-18 23:51:05 - [MESSAGE][WARNING] - Timeout '0' is invalid. Using default page load timeout: '5'

2022-04-18 23:51:11 - [MESSAGE][INFO] - Unable to find the element located by 'By.xpath: //span[(text() = 'Enfamil Family BeginningsÂ®' or . = 'Premium Enfamil Family BeginningsÂ®')]'. Please recheck the objects properties to make sure the desired element is located. 

2022-04-18 23:51:12 - [MESSAGE][FAILED] - com.kms.katalon.core.webui.exception.WebElementNotFoundException: Web element with id: 'Object Repository/Header/Page_Premium Enfamil Family Beginnings/span_Premium Enfamil Family Beginnings' located by '//span[(text() = 'Enfamil Family BeginningsÂ®' or . = 'Premium Enfamil Family BeginningsÂ®')]' not found (Root cause: com.kms.katalon.core.exception.StepFailedException: com.kms.katalon.core.webui.exception.WebElementNotFoundException: Web element with id: 'Object Repository/Header/Page_Premium Enfamil Family Beginnings/span_Premium Enfamil Family Beginnings' located by '//span[(text() = 'Enfamil Family BeginningsÂ®' or . = 'Premium Enfamil Family BeginningsÂ®')]' not found
	at com.kms.katalon.core.webui.keyword.internal.WebUIKeywordMain.stepFailed(WebUIKeywordMain.groovy:64)
	at com.kms.katalon.core.webui.keyword.builtin.VerifyElementPresentKeyword$_verifyElementPresent_closure1.doCall(VerifyElementPresentKeyword.groovy:85)
	at com.kms.katalon.core.webui.keyword.builtin.VerifyElementPresentKeyword$_verifyElementPresent_closure1.call(VerifyElementPresentKeyword.groovy)
	at com.kms.katalon.core.webui.keyword.internal.WebUIKeywordMain.runKeyword(WebUIKeywordMain.groovy:20)
	at com.kms.katalon.core.webui.keyword.builtin.VerifyElementPresentKeyword.verifyElementPresent(VerifyElementPresentKeyword.groovy:92)
	at com.kms.katalon.core.webui.keyword.builtin.VerifyElementPresentKeyword.execute(VerifyElementPresentKeyword.groovy:68)
	at com.kms.katalon.core.keyword.internal.KeywordExecutor.executeKeywordForPlatform(KeywordExecutor.groovy:74)
	at com.kms.katalon.core.webui.keyword.WebUiBuiltInKeywords.verifyElementPresent(WebUiBuiltInKeywords.groovy:1464)
	at com.kms.katalon.core.webui.keyword.WebUiBuiltInKeywords$verifyElementPresent$4.call(Unknown Source)
	at Header - Offers Savings Menu Verification - Copy.run(Header - Offers Savings Menu Verification - Copy:169)
	at com.kms.katalon.core.main.ScriptEngine.run(ScriptEngine.java:194)
	at com.kms.katalon.core.main.ScriptEngine.runScriptAsRawText(ScriptEngine.java:119)
	at com.kms.katalon.core.main.TestCaseExecutor.runScript(TestCaseExecutor.java:445)
	at com.kms.katalon.core.main.TestCaseExecutor.doExecute(TestCaseExecutor.java:436)
	at com.kms.katalon.core.main.TestCaseExecutor.processExecutionPhase(TestCaseExecutor.java:415)
	at com.kms.katalon.core.main.TestCaseExecutor.accessMainPhase(TestCaseExecutor.java:407)
	at com.kms.katalon.core.main.TestCaseExecutor.execute(TestCaseExecutor.java:284)
	at com.kms.katalon.core.common.CommonExecutor.accessTestCaseMainPhase(CommonExecutor.java:65)
	at com.kms.katalon.core.main.TestSuiteExecutor.accessTestSuiteMainPhase(TestSuiteExecutor.java:144)
	at com.kms.katalon.core.main.TestSuiteExecutor.execute(TestSuiteExecutor.java:106)
	at com.kms.katalon.core.main.TestCaseMain.startTestSuite(TestCaseMain.java:185)
	at com.kms.katalon.core.main.TestCaseMain$startTestSuite$0.call(Unknown Source)
	at TempTestSuite1650304259606.run(TempTestSuite1650304259606.groovy:36)
)
[[ATTACHMENT|D:\\SmoketestSuite\\enfamilUS\\Reports\\20220418_232059\\SmokeTestCollection - Venkat\\SmokeTestSuite-Collection - UAT\\20220418_232059\\1650306071744.png]]

2022-04-18 23:51:12 - [TEST_STEP][FAILED] - verifyElementClickable(findTestObject("Object Repository/Header/Page_Premium Enfamil Family Beginnings/span_Premium Enfamil Family Beginnings")): Web element with id: 'Object Repository/Header/Page_Premium Enfamil Family Beginnings/span_Premium Enfamil Family Beginnings' located by '//span[(text() = 'Enfamil Family BeginningsÂ®' or . = 'Premium Enfamil Family BeginningsÂ®')]' not found (Root cause: com.kms.katalon.core.exception.StepFailedException: Web element with id: 'Object Repository/Header/Page_Premium Enfamil Family Beginnings/span_Premium Enfamil Family Beginnings' located by '//span[(text() = 'Enfamil Family BeginningsÂ®' or . = 'Premium Enfamil Family BeginningsÂ®')]' not found
	at com.kms.katalon.core.webui.keyword.internal.WebUIKeywordMain.stepFailed(WebUIKeywordMain.groovy:64)
	at com.kms.katalon.core.webui.keyword.builtin.VerifyElementClickableKeyword$_verifyElementClickable_closure1.doCall(VerifyElementClickableKeyword.groovy:88)
	at com.kms.katalon.core.webui.keyword.builtin.VerifyElementClickableKeyword$_verifyElementClickable_closure1.call(VerifyElementClickableKeyword.groovy)
	at com.kms.katalon.core.webui.keyword.internal.WebUIKeywordMain.runKeyword(WebUIKeywordMain.groovy:20)
	at com.kms.katalon.core.webui.keyword.builtin.VerifyElementClickableKeyword.verifyElementClickable(VerifyElementClickableKeyword.groovy:96)
	at com.kms.katalon.core.webui.keyword.builtin.VerifyElementClickableKeyword.execute(VerifyElementClickableKeyword.groovy:67)
	at com.kms.katalon.core.keyword.internal.KeywordExecutor.executeKeywordForPlatform(KeywordExecutor.groovy:74)
	at com.kms.katalon.core.webui.keyword.WebUiBuiltInKeywords.verifyElementClickable(WebUiBuiltInKeywords.groovy:566)
	at com.kms.katalon.core.webui.keyword.WebUiBuiltInKeywords$verifyElementClickable$6.call(Unknown Source)
	at Header - Offers Savings Menu Verification - Copy.run(Header - Offers Savings Menu Verification - Copy:172)
	at com.kms.katalon.core.main.ScriptEngine.run(ScriptEngine.java:194)
	at com.kms.katalon.core.main.ScriptEngine.runScriptAsRawText(ScriptEngine.java:119)
	at com.kms.katalon.core.main.TestCaseExecutor.runScript(TestCaseExecutor.java:445)
	at com.kms.katalon.core.main.TestCaseExecutor.doExecute(TestCaseExecutor.java:436)
	at com.kms.katalon.core.main.TestCaseExecutor.processExecutionPhase(TestCaseExecutor.java:415)
	at com.kms.katalon.core.main.TestCaseExecutor.accessMainPhase(TestCaseExecutor.java:407)
	at com.kms.katalon.core.main.TestCaseExecutor.execute(TestCaseExecutor.java:284)
	at com.kms.katalon.core.common.CommonExecutor.accessTestCaseMainPhase(CommonExecutor.java:65)
	at com.kms.katalon.core.main.TestSuiteExecutor.accessTestSuiteMainPhase(TestSuiteExecutor.java:144)
	at com.kms.katalon.core.main.TestSuiteExecutor.execute(TestSuiteExecutor.java:106)
	at com.kms.katalon.core.main.TestCaseMain.startTestSuite(TestCaseMain.java:185)
	at com.kms.katalon.core.main.TestCaseMain$startTestSuite$0.call(Unknown Source)
	at TempTestSuite1650304259606.run(TempTestSuite1650304259606.groovy:36)
)

2022-04-18 23:51:18 - [MESSAGE][INFO] - Unable to find the element located by 'By.xpath: //span[(text() = 'Enfamil Family BeginningsÂ®' or . = 'Premium Enfamil Family BeginningsÂ®')]'. Please recheck the objects properties to make sure the desired element is located. 

2022-04-18 23:51:18 - [MESSAGE][FAILED] - Web element with id: 'Object Repository/Header/Page_Premium Enfamil Family Beginnings/span_Premium Enfamil Family Beginnings' located by '//span[(text() = 'Enfamil Family BeginningsÂ®' or . = 'Premium Enfamil Family BeginningsÂ®')]' not found (Root cause: com.kms.katalon.core.exception.StepFailedException: Web element with id: 'Object Repository/Header/Page_Premium Enfamil Family Beginnings/span_Premium Enfamil Family Beginnings' located by '//span[(text() = 'Enfamil Family BeginningsÂ®' or . = 'Premium Enfamil Family BeginningsÂ®')]' not found
	at com.kms.katalon.core.webui.keyword.internal.WebUIKeywordMain.stepFailed(WebUIKeywordMain.groovy:64)
	at com.kms.katalon.core.webui.keyword.builtin.VerifyElementClickableKeyword$_verifyElementClickable_closure1.doCall(VerifyElementClickableKeyword.groovy:88)
	at com.kms.katalon.core.webui.keyword.builtin.VerifyElementClickableKeyword$_verifyElementClickable_closure1.call(VerifyElementClickableKeyword.groovy)
	at com.kms.katalon.core.webui.keyword.internal.WebUIKeywordMain.runKeyword(WebUIKeywordMain.groovy:20)
	at com.kms.katalon.core.webui.keyword.builtin.VerifyElementClickableKeyword.verifyElementClickable(VerifyElementClickableKeyword.groovy:96)
	at com.kms.katalon.core.webui.keyword.builtin.VerifyElementClickableKeyword.execute(VerifyElementClickableKeyword.groovy:67)
	at com.kms.katalon.core.keyword.internal.KeywordExecutor.executeKeywordForPlatform(KeywordExecutor.groovy:74)
	at com.kms.katalon.core.webui.keyword.WebUiBuiltInKeywords.verifyElementClickable(WebUiBuiltInKeywords.groovy:566)
	at com.kms.katalon.core.webui.keyword.WebUiBuiltInKeywords$verifyElementClickable$6.call(Unknown Source)
	at Header - Offers Savings Menu Verification - Copy.run(Header - Offers Savings Menu Verification - Copy:172)
	at com.kms.katalon.core.main.ScriptEngine.run(ScriptEngine.java:194)
	at com.kms.katalon.core.main.ScriptEngine.runScriptAsRawText(ScriptEngine.java:119)
	at com.kms.katalon.core.main.TestCaseExecutor.runScript(TestCaseExecutor.java:445)
	at com.kms.katalon.core.main.TestCaseExecutor.doExecute(TestCaseExecutor.java:436)
	at com.kms.katalon.core.main.TestCaseExecutor.processExecutionPhase(TestCaseExecutor.java:415)
	at com.kms.katalon.core.main.TestCaseExecutor.accessMainPhase(TestCaseExecutor.java:407)
	at com.kms.katalon.core.main.TestCaseExecutor.execute(TestCaseExecutor.java:284)
	at com.kms.katalon.core.common.CommonExecutor.accessTestCaseMainPhase(CommonExecutor.java:65)
	at com.kms.katalon.core.main.TestSuiteExecutor.accessTestSuiteMainPhase(TestSuiteExecutor.java:144)
	at com.kms.katalon.core.main.TestSuiteExecutor.execute(TestSuiteExecutor.java:106)
	at com.kms.katalon.core.main.TestCaseMain.startTestSuite(TestCaseMain.java:185)
	at com.kms.katalon.core.main.TestCaseMain$startTestSuite$0.call(Unknown Source)
	at TempTestSuite1650304259606.run(TempTestSuite1650304259606.groovy:36)
)
[[ATTACHMENT|D:\\SmoketestSuite\\enfamilUS\\Reports\\20220418_232059\\SmokeTestCollection - Venkat\\SmokeTestSuite-Collection - UAT\\20220418_232059\\1650306078462.png]]

2022-04-18 23:51:18 - [TEST_STEP][FAILED] - verifyElementText(findTestObject("Object Repository/Header/Page_Premium Enfamil Family Beginnings/h2_Premium Enfamil Family Beginnings"), "Premium Enfamil Family BeginningsÂ®"): com.kms.katalon.core.webui.exception.WebElementNotFoundException: Web element with id: 'Object Repository/Header/Page_Premium Enfamil Family Beginnings/h2_Premium Enfamil Family Beginnings' located by '//h2[(text() = 'Premium Enfamil Family BeginningsÂ®' or . = 'Premium Enfamil Family BeginningsÂ®')]' not found (Root cause: com.kms.katalon.core.exception.StepFailedException: com.kms.katalon.core.webui.exception.WebElementNotFoundException: Web element with id: 'Object Repository/Header/Page_Premium Enfamil Family Beginnings/h2_Premium Enfamil Family Beginnings' located by '//h2[(text() = 'Premium Enfamil Family BeginningsÂ®' or . = 'Premium Enfamil Family BeginningsÂ®')]' not found
	at com.kms.katalon.core.webui.keyword.internal.WebUIKeywordMain.stepFailed(WebUIKeywordMain.groovy:64)
	at com.kms.katalon.core.webui.keyword.builtin.VerifyElementTextKeyword$_verifyElementText_closure1.doCall(VerifyElementTextKeyword.groovy:64)
	at com.kms.katalon.core.webui.keyword.builtin.VerifyElementTextKeyword$_verifyElementText_closure1.call(VerifyElementTextKeyword.groovy)
	at com.kms.katalon.core.webui.keyword.internal.WebUIKeywordMain.runKeyword(WebUIKeywordMain.groovy:20)
	at com.kms.katalon.core.webui.keyword.builtin.VerifyElementTextKeyword.verifyElementText(VerifyElementTextKeyword.groovy:72)
	at com.kms.katalon.core.webui.keyword.builtin.VerifyElementTextKeyword.execute(VerifyElementTextKeyword.groovy:40)
	at com.kms.katalon.core.keyword.internal.KeywordExecutor.executeKeywordForPlatform(KeywordExecutor.groovy:74)
	at com.kms.katalon.core.webui.keyword.WebUiBuiltInKeywords.verifyElementText(WebUiBuiltInKeywords.groovy:4749)
	at com.kms.katalon.core.webui.keyword.WebUiBuiltInKeywords$verifyElementText$5.call(Unknown Source)
	at Header - Offers Savings Menu Verification - Copy.run(Header - Offers Savings Menu Verification - Copy:174)
	at com.kms.katalon.core.main.ScriptEngine.run(ScriptEngine.java:194)
	at com.kms.katalon.core.main.ScriptEngine.runScriptAsRawText(ScriptEngine.java:119)
	at com.kms.katalon.core.main.TestCaseExecutor.runScript(TestCaseExecutor.java:445)
	at com.kms.katalon.core.main.TestCaseExecutor.doExecute(TestCaseExecutor.java:436)
	at com.kms.katalon.core.main.TestCaseExecutor.processExecutionPhase(TestCaseExecutor.java:415)
	at com.kms.katalon.core.main.TestCaseExecutor.accessMainPhase(TestCaseExecutor.java:407)
	at com.kms.katalon.core.main.TestCaseExecutor.execute(TestCaseExecutor.java:284)
	at com.kms.katalon.core.common.CommonExecutor.accessTestCaseMainPhase(CommonExecutor.java:65)
	at com.kms.katalon.core.main.TestSuiteExecutor.accessTestSuiteMainPhase(TestSuiteExecutor.java:144)
	at com.kms.katalon.core.main.TestSuiteExecutor.execute(TestSuiteExecutor.java:106)
	at com.kms.katalon.core.main.TestCaseMain.startTestSuite(TestCaseMain.java:185)
	at com.kms.katalon.core.main.TestCaseMain$startTestSuite$0.call(Unknown Source)
	at TempTestSuite1650304259606.run(TempTestSuite1650304259606.groovy:36)
)

2022-04-18 23:51:25 - [MESSAGE][INFO] - Unable to find the element located by 'By.xpath: //h2[(text() = 'Premium Enfamil Family BeginningsÂ®' or . = 'Premium Enfamil Family BeginningsÂ®')]'. Please recheck the objects properties to make sure the desired element is located. 

2022-04-18 23:51:25 - [MESSAGE][FAILED] - com.kms.katalon.core.webui.exception.WebElementNotFoundException: Web element with id: 'Object Repository/Header/Page_Premium Enfamil Family Beginnings/h2_Premium Enfamil Family Beginnings' located by '//h2[(text() = 'Premium Enfamil Family BeginningsÂ®' or . = 'Premium Enfamil Family BeginningsÂ®')]' not found (Root cause: com.kms.katalon.core.exception.StepFailedException: com.kms.katalon.core.webui.exception.WebElementNotFoundException: Web element with id: 'Object Repository/Header/Page_Premium Enfamil Family Beginnings/h2_Premium Enfamil Family Beginnings' located by '//h2[(text() = 'Premium Enfamil Family BeginningsÂ®' or . = 'Premium Enfamil Family BeginningsÂ®')]' not found
	at com.kms.katalon.core.webui.keyword.internal.WebUIKeywordMain.stepFailed(WebUIKeywordMain.groovy:64)
	at com.kms.katalon.core.webui.keyword.builtin.VerifyElementTextKeyword$_verifyElementText_closure1.doCall(VerifyElementTextKeyword.groovy:64)
	at com.kms.katalon.core.webui.keyword.builtin.VerifyElementTextKeyword$_verifyElementText_closure1.call(VerifyElementTextKeyword.groovy)
	at com.kms.katalon.core.webui.keyword.internal.WebUIKeywordMain.runKeyword(WebUIKeywordMain.groovy:20)
	at com.kms.katalon.core.webui.keyword.builtin.VerifyElementTextKeyword.verifyElementText(VerifyElementTextKeyword.groovy:72)
	at com.kms.katalon.core.webui.keyword.builtin.VerifyElementTextKeyword.execute(VerifyElementTextKeyword.groovy:40)
	at com.kms.katalon.core.keyword.internal.KeywordExecutor.executeKeywordForPlatform(KeywordExecutor.groovy:74)
	at com.kms.katalon.core.webui.keyword.WebUiBuiltInKeywords.verifyElementText(WebUiBuiltInKeywords.groovy:4749)
	at com.kms.katalon.core.webui.keyword.WebUiBuiltInKeywords$verifyElementText$5.call(Unknown Source)
	at Header - Offers Savings Menu Verification - Copy.run(Header - Offers Savings Menu Verification - Copy:174)
	at com.kms.katalon.core.main.ScriptEngine.run(ScriptEngine.java:194)
	at com.kms.katalon.core.main.ScriptEngine.runScriptAsRawText(ScriptEngine.java:119)
	at com.kms.katalon.core.main.TestCaseExecutor.runScript(TestCaseExecutor.java:445)
	at com.kms.katalon.core.main.TestCaseExecutor.doExecute(TestCaseExecutor.java:436)
	at com.kms.katalon.core.main.TestCaseExecutor.processExecutionPhase(TestCaseExecutor.java:415)
	at com.kms.katalon.core.main.TestCaseExecutor.accessMainPhase(TestCaseExecutor.java:407)
	at com.kms.katalon.core.main.TestCaseExecutor.execute(TestCaseExecutor.java:284)
	at com.kms.katalon.core.common.CommonExecutor.accessTestCaseMainPhase(CommonExecutor.java:65)
	at com.kms.katalon.core.main.TestSuiteExecutor.accessTestSuiteMainPhase(TestSuiteExecutor.java:144)
	at com.kms.katalon.core.main.TestSuiteExecutor.execute(TestSuiteExecutor.java:106)
	at com.kms.katalon.core.main.TestCaseMain.startTestSuite(TestCaseMain.java:185)
	at com.kms.katalon.core.main.TestCaseMain$startTestSuite$0.call(Unknown Source)
	at TempTestSuite1650304259606.run(TempTestSuite1650304259606.groovy:36)
)
[[ATTACHMENT|D:\\SmoketestSuite\\enfamilUS\\Reports\\20220418_232059\\SmokeTestCollection - Venkat\\SmokeTestSuite-Collection - UAT\\20220418_232059\\1650306085018.png]]

2022-04-18 23:51:25 - [TEST_STEP][FAILED] - verifyElementPresent(findTestObject("Object Repository/Header/Page_Premium Enfamil Family Beginnings/h2_Premium Enfamil Family Beginnings"), 0): com.kms.katalon.core.webui.exception.WebElementNotFoundException: Web element with id: 'Object Repository/Header/Page_Premium Enfamil Family Beginnings/h2_Premium Enfamil Family Beginnings' located by '//h2[(text() = 'Premium Enfamil Family BeginningsÂ®' or . = 'Premium Enfamil Family BeginningsÂ®')]' not found (Root cause: com.kms.katalon.core.exception.StepFailedException: com.kms.katalon.core.webui.exception.WebElementNotFoundException: Web element with id: 'Object Repository/Header/Page_Premium Enfamil Family Beginnings/h2_Premium Enfamil Family Beginnings' located by '//h2[(text() = 'Premium Enfamil Family BeginningsÂ®' or . = 'Premium Enfamil Family BeginningsÂ®')]' not found
	at com.kms.katalon.core.webui.keyword.internal.WebUIKeywordMain.stepFailed(WebUIKeywordMain.groovy:64)
	at com.kms.katalon.core.webui.keyword.builtin.VerifyElementPresentKeyword$_verifyElementPresent_closure1.doCall(VerifyElementPresentKeyword.groovy:85)
	at com.kms.katalon.core.webui.keyword.builtin.VerifyElementPresentKeyword$_verifyElementPresent_closure1.call(VerifyElementPresentKeyword.groovy)
	at com.kms.katalon.core.webui.keyword.internal.WebUIKeywordMain.runKeyword(WebUIKeywordMain.groovy:20)
	at com.kms.katalon.core.webui.keyword.builtin.VerifyElementPresentKeyword.verifyElementPresent(VerifyElementPresentKeyword.groovy:92)
	at com.kms.katalon.core.webui.keyword.builtin.VerifyElementPresentKeyword.execute(VerifyElementPresentKeyword.groovy:68)
	at com.kms.katalon.core.keyword.internal.KeywordExecutor.executeKeywordForPlatform(KeywordExecutor.groovy:74)
	at com.kms.katalon.core.webui.keyword.WebUiBuiltInKeywords.verifyElementPresent(WebUiBuiltInKeywords.groovy:1464)
	at com.kms.katalon.core.webui.keyword.WebUiBuiltInKeywords$verifyElementPresent$4.call(Unknown Source)
	at Header - Offers Savings Menu Verification - Copy.run(Header - Offers Savings Menu Verification - Copy:177)
	at com.kms.katalon.core.main.ScriptEngine.run(ScriptEngine.java:194)
	at com.kms.katalon.core.main.ScriptEngine.runScriptAsRawText(ScriptEngine.java:119)
	at com.kms.katalon.core.main.TestCaseExecutor.runScript(TestCaseExecutor.java:445)
	at com.kms.katalon.core.main.TestCaseExecutor.doExecute(TestCaseExecutor.java:436)
	at com.kms.katalon.core.main.TestCaseExecutor.processExecutionPhase(TestCaseExecutor.java:415)
	at com.kms.katalon.core.main.TestCaseExecutor.accessMainPhase(TestCaseExecutor.java:407)
	at com.kms.katalon.core.main.TestCaseExecutor.execute(TestCaseExecutor.java:284)
	at com.kms.katalon.core.common.CommonExecutor.accessTestCaseMainPhase(CommonExecutor.java:65)
	at com.kms.katalon.core.main.TestSuiteExecutor.accessTestSuiteMainPhase(TestSuiteExecutor.java:144)
	at com.kms.katalon.core.main.TestSuiteExecutor.execute(TestSuiteExecutor.java:106)
	at com.kms.katalon.core.main.TestCaseMain.startTestSuite(TestCaseMain.java:185)
	at com.kms.katalon.core.main.TestCaseMain$startTestSuite$0.call(Unknown Source)
	at TempTestSuite1650304259606.run(TempTestSuite1650304259606.groovy:36)
)

2022-04-18 23:51:25 - [MESSAGE][WARNING] - Timeout '0' is invalid. Using default page load timeout: '5'

2022-04-18 23:51:31 - [MESSAGE][INFO] - Unable to find the element located by 'By.xpath: //h2[(text() = 'Premium Enfamil Family BeginningsÂ®' or . = 'Premium Enfamil Family BeginningsÂ®')]'. Please recheck the objects properties to make sure the desired element is located. 

2022-04-18 23:51:31 - [MESSAGE][FAILED] - com.kms.katalon.core.webui.exception.WebElementNotFoundException: Web element with id: 'Object Repository/Header/Page_Premium Enfamil Family Beginnings/h2_Premium Enfamil Family Beginnings' located by '//h2[(text() = 'Premium Enfamil Family BeginningsÂ®' or . = 'Premium Enfamil Family BeginningsÂ®')]' not found (Root cause: com.kms.katalon.core.exception.StepFailedException: com.kms.katalon.core.webui.exception.WebElementNotFoundException: Web element with id: 'Object Repository/Header/Page_Premium Enfamil Family Beginnings/h2_Premium Enfamil Family Beginnings' located by '//h2[(text() = 'Premium Enfamil Family BeginningsÂ®' or . = 'Premium Enfamil Family BeginningsÂ®')]' not found
	at com.kms.katalon.core.webui.keyword.internal.WebUIKeywordMain.stepFailed(WebUIKeywordMain.groovy:64)
	at com.kms.katalon.core.webui.keyword.builtin.VerifyElementPresentKeyword$_verifyElementPresent_closure1.doCall(VerifyElementPresentKeyword.groovy:85)
	at com.kms.katalon.core.webui.keyword.builtin.VerifyElementPresentKeyword$_verifyElementPresent_closure1.call(VerifyElementPresentKeyword.groovy)
	at com.kms.katalon.core.webui.keyword.internal.WebUIKeywordMain.runKeyword(WebUIKeywordMain.groovy:20)
	at com.kms.katalon.core.webui.keyword.builtin.VerifyElementPresentKeyword.verifyElementPresent(VerifyElementPresentKeyword.groovy:92)
	at com.kms.katalon.core.webui.keyword.builtin.VerifyElementPresentKeyword.execute(VerifyElementPresentKeyword.groovy:68)
	at com.kms.katalon.core.keyword.internal.KeywordExecutor.executeKeywordForPlatform(KeywordExecutor.groovy:74)
	at com.kms.katalon.core.webui.keyword.WebUiBuiltInKeywords.verifyElementPresent(WebUiBuiltInKeywords.groovy:1464)
	at com.kms.katalon.core.webui.keyword.WebUiBuiltInKeywords$verifyElementPresent$4.call(Unknown Source)
	at Header - Offers Savings Menu Verification - Copy.run(Header - Offers Savings Menu Verification - Copy:177)
	at com.kms.katalon.core.main.ScriptEngine.run(ScriptEngine.java:194)
	at com.kms.katalon.core.main.ScriptEngine.runScriptAsRawText(ScriptEngine.java:119)
	at com.kms.katalon.core.main.TestCaseExecutor.runScript(TestCaseExecutor.java:445)
	at com.kms.katalon.core.main.TestCaseExecutor.doExecute(TestCaseExecutor.java:436)
	at com.kms.katalon.core.main.TestCaseExecutor.processExecutionPhase(TestCaseExecutor.java:415)
	at com.kms.katalon.core.main.TestCaseExecutor.accessMainPhase(TestCaseExecutor.java:407)
	at com.kms.katalon.core.main.TestCaseExecutor.execute(TestCaseExecutor.java:284)
	at com.kms.katalon.core.common.CommonExecutor.accessTestCaseMainPhase(CommonExecutor.java:65)
	at com.kms.katalon.core.main.TestSuiteExecutor.accessTestSuiteMainPhase(TestSuiteExecutor.java:144)
	at com.kms.katalon.core.main.TestSuiteExecutor.execute(TestSuiteExecutor.java:106)
	at com.kms.katalon.core.main.TestCaseMain.startTestSuite(TestCaseMain.java:185)
	at com.kms.katalon.core.main.TestCaseMain$startTestSuite$0.call(Unknown Source)
	at TempTestSuite1650304259606.run(TempTestSuite1650304259606.groovy:36)
)
[[ATTACHMENT|D:\\SmoketestSuite\\enfamilUS\\Reports\\20220418_232059\\SmokeTestCollection - Venkat\\SmokeTestSuite-Collection - UAT\\20220418_232059\\1650306091481.png]]

2022-04-18 23:51:31 - [TEST_STEP][PASSED] - delay(5): Delayed 5 second(s)

2022-04-18 23:51:36 - [MESSAGE][PASSED] - Delayed 5 second(s)

2022-04-18 23:51:36 - [TEST_STEP][PASSED] - mouseOver(findTestObject("Object Repository/Header/Page_Premium Enfamil Family Beginnings/span_Offers  Savings")): Object: 'Object Repository/Header/Page_Premium Enfamil Family Beginnings/span_Offers  Savings' is hovered

2022-04-18 23:51:37 - [MESSAGE][PASSED] - Object: 'Object Repository/Header/Page_Premium Enfamil Family Beginnings/span_Offers  Savings' is hovered

2022-04-18 23:51:37 - [TEST_STEP][PASSED] - click(findTestObject("Object Repository/Header/Page_Premium Enfamil Family Beginnings/div_Enspire Family Beginnings")): Object: 'Object Repository/Header/Page_Premium Enfamil Family Beginnings/div_Enspire Family Beginnings' is clicked on

2022-04-18 23:51:38 - [MESSAGE][PASSED] - Object: 'Object Repository/Header/Page_Premium Enfamil Family Beginnings/div_Enspire Family Beginnings' is clicked on

2022-04-18 23:51:38 - [TEST_STEP][PASSED] - waitForElementVisible(findTestObject("Object Repository/Header/Page_Enspire Family Beginnings Registration_996fe8/span_Enspire Family Beginnings by Enfamil"), 0): Object 'Object Repository/Header/Page_Enspire Family Beginnings Registration_996fe8/span_Enspire Family Beginnings by Enfamil' is visible

2022-04-18 23:51:38 - [MESSAGE][WARNING] - Timeout '0' is invalid. Using default page load timeout: '5'

2022-04-18 23:51:41 - [MESSAGE][PASSED] - Object 'Object Repository/Header/Page_Enspire Family Beginnings Registration_996fe8/span_Enspire Family Beginnings by Enfamil' is visible

2022-04-18 23:51:41 - [TEST_STEP][PASSED] - verifyElementText(findTestObject("Object Repository/Header/Page_Enspire Family Beginnings Registration_996fe8/span_Enspire Family Beginnings by Enfamil"), "Enspire Family Beginningsâ„¢ by EnfamilÂ®"): Actual text and expected text of test object 'Object Repository/Header/Page_Enspire Family Beginnings Registration_996fe8/span_Enspire Family Beginnings by Enfamil' are matched.

2022-04-18 23:51:42 - [MESSAGE][PASSED] - Actual text and expected text of test object 'Object Repository/Header/Page_Enspire Family Beginnings Registration_996fe8/span_Enspire Family Beginnings by Enfamil' are matched.

2022-04-18 23:51:42 - [TEST_STEP][PASSED] - verifyElementText(findTestObject("Object Repository/Header/Page_Enspire Family Beginnings Registration_996fe8/span_Enspire Family Beginnings by Enfamil"), "Enspire Family Beginningsâ„¢ by EnfamilÂ®"): Actual text and expected text of test object 'Object Repository/Header/Page_Enspire Family Beginnings Registration_996fe8/span_Enspire Family Beginnings by Enfamil' are matched.

2022-04-18 23:51:42 - [MESSAGE][PASSED] - Actual text and expected text of test object 'Object Repository/Header/Page_Enspire Family Beginnings Registration_996fe8/span_Enspire Family Beginnings by Enfamil' are matched.

2022-04-18 23:51:42 - [TEST_STEP][PASSED] - verifyElementPresent(findTestObject("Object Repository/Header/Page_Enspire Family Beginnings Registration_996fe8/span_Enspire Family Beginnings by Enfamil"), 0): Object 'Object Repository/Header/Page_Enspire Family Beginnings Registration_996fe8/span_Enspire Family Beginnings by Enfamil' is present

2022-04-18 23:51:42 - [MESSAGE][WARNING] - Timeout '0' is invalid. Using default page load timeout: '5'

2022-04-18 23:51:42 - [MESSAGE][PASSED] - Object 'Object Repository/Header/Page_Enspire Family Beginnings Registration_996fe8/span_Enspire Family Beginnings by Enfamil' is present

2022-04-18 23:51:42 - [TEST_STEP][PASSED] - verifyElementClickable(findTestObject("Object Repository/Header/Page_Enspire Family Beginnings Registration_996fe8/span_Enspire Family Beginnings by Enfamil")): Object 'Object Repository/Header/Page_Enspire Family Beginnings Registration_996fe8/span_Enspire Family Beginnings by Enfamil' is clickable

2022-04-18 23:51:43 - [MESSAGE][PASSED] - Object 'Object Repository/Header/Page_Enspire Family Beginnings Registration_996fe8/span_Enspire Family Beginnings by Enfamil' is clickable

2022-04-18 23:51:43 - [TEST_STEP][PASSED] - verifyElementText(findTestObject("Object Repository/Header/Page_Enspire Family Beginnings Registration_996fe8/h1_Enspire Family Beginnings by Enfamil"), "Enspire Family Beginningsâ„¢ by EnfamilÂ®"): Actual text and expected text of test object 'Object Repository/Header/Page_Enspire Family Beginnings Registration_996fe8/h1_Enspire Family Beginnings by Enfamil' are matched.

2022-04-18 23:51:43 - [MESSAGE][PASSED] - Actual text and expected text of test object 'Object Repository/Header/Page_Enspire Family Beginnings Registration_996fe8/h1_Enspire Family Beginnings by Enfamil' are matched.

2022-04-18 23:51:43 - [TEST_STEP][PASSED] - verifyElementPresent(findTestObject("Object Repository/Header/Page_Enspire Family Beginnings Registration_996fe8/h1_Enspire Family Beginnings by Enfamil"), 0): Object 'Object Repository/Header/Page_Enspire Family Beginnings Registration_996fe8/h1_Enspire Family Beginnings by Enfamil' is present

2022-04-18 23:51:43 - [MESSAGE][WARNING] - Timeout '0' is invalid. Using default page load timeout: '5'

2022-04-18 23:51:44 - [MESSAGE][PASSED] - Object 'Object Repository/Header/Page_Enspire Family Beginnings Registration_996fe8/h1_Enspire Family Beginnings by Enfamil' is present

2022-04-18 23:51:44 - [TEST_STEP][PASSED] - delay(5): Delayed 5 second(s)

2022-04-18 23:51:49 - [MESSAGE][PASSED] - Delayed 5 second(s)

2022-04-18 23:51:49 - [TEST_STEP][PASSED] - mouseOver(findTestObject("Object Repository/Header/Page_Enspire Family Beginnings Registration_996fe8/span_Offers  Savings")): Object: 'Object Repository/Header/Page_Enspire Family Beginnings Registration_996fe8/span_Offers  Savings' is hovered

2022-04-18 23:51:49 - [MESSAGE][PASSED] - Object: 'Object Repository/Header/Page_Enspire Family Beginnings Registration_996fe8/span_Offers  Savings' is hovered

2022-04-18 23:51:49 - [TEST_STEP][PASSED] - click(findTestObject("Object Repository/Header/Page_Enspire Family Beginnings Registration_996fe8/div_Enfamil Rewards")): Object: 'Object Repository/Header/Page_Enspire Family Beginnings Registration_996fe8/div_Enfamil Rewards' is clicked on

2022-04-18 23:51:51 - [MESSAGE][PASSED] - Object: 'Object Repository/Header/Page_Enspire Family Beginnings Registration_996fe8/div_Enfamil Rewards' is clicked on

2022-04-18 23:51:51 - [TEST_STEP][PASSED] - waitForElementVisible(findTestObject("Object Repository/Header/Page_/span_Baby formula rewards program"), 0): Object 'Object Repository/Header/Page_/span_Baby formula rewards program' is visible

2022-04-18 23:51:51 - [MESSAGE][WARNING] - Timeout '0' is invalid. Using default page load timeout: '5'

2022-04-18 23:51:53 - [MESSAGE][PASSED] - Object 'Object Repository/Header/Page_/span_Baby formula rewards program' is visible

2022-04-18 23:51:53 - [TEST_STEP][PASSED] - verifyElementText(findTestObject("Object Repository/Header/Page_/span_Baby formula rewards program"), "Baby formula rewards program"): Actual text and expected text of test object 'Object Repository/Header/Page_/span_Baby formula rewards program' are matched.

2022-04-18 23:51:54 - [MESSAGE][PASSED] - Actual text and expected text of test object 'Object Repository/Header/Page_/span_Baby formula rewards program' are matched.

2022-04-18 23:51:54 - [TEST_STEP][PASSED] - verifyElementPresent(findTestObject("Object Repository/Header/Page_/span_Baby formula rewards program"), 0): Object 'Object Repository/Header/Page_/span_Baby formula rewards program' is present

2022-04-18 23:51:54 - [MESSAGE][WARNING] - Timeout '0' is invalid. Using default page load timeout: '5'

2022-04-18 23:51:54 - [MESSAGE][PASSED] - Object 'Object Repository/Header/Page_/span_Baby formula rewards program' is present

2022-04-18 23:51:54 - [TEST_STEP][PASSED] - verifyElementClickable(findTestObject("Object Repository/Header/Page_/span_Baby formula rewards program")): Object 'Object Repository/Header/Page_/span_Baby formula rewards program' is clickable

2022-04-18 23:51:54 - [MESSAGE][PASSED] - Object 'Object Repository/Header/Page_/span_Baby formula rewards program' is clickable

2022-04-18 23:51:54 - [TEST_STEP][PASSED] - verifyElementText(findTestObject("Object Repository/Header/Page_/h2_Enfamil Rewards"), "EnfamilÂ® Rewards"): Actual text and expected text of test object 'Object Repository/Header/Page_/h2_Enfamil Rewards' are matched.

2022-04-18 23:51:55 - [MESSAGE][PASSED] - Actual text and expected text of test object 'Object Repository/Header/Page_/h2_Enfamil Rewards' are matched.

2022-04-18 23:51:55 - [TEST_STEP][PASSED] - verifyElementPresent(findTestObject("Object Repository/Header/Page_/h2_Enfamil Rewards"), 0): Object 'Object Repository/Header/Page_/h2_Enfamil Rewards' is present

2022-04-18 23:51:55 - [MESSAGE][WARNING] - Timeout '0' is invalid. Using default page load timeout: '5'

2022-04-18 23:51:55 - [MESSAGE][PASSED] - Object 'Object Repository/Header/Page_/h2_Enfamil Rewards' is present

2022-04-18 23:51:55 - [TEST_STEP][PASSED] - delay(5): Delayed 5 second(s)

2022-04-18 23:52:00 - [MESSAGE][PASSED] - Delayed 5 second(s)

2022-04-18 23:52:00 - [TEST_STEP][PASSED] - mouseOver(findTestObject("Object Repository/Header/Page_/span_Offers  Savings")): Object: 'Object Repository/Header/Page_/span_Offers  Savings' is hovered

2022-04-18 23:52:01 - [MESSAGE][PASSED] - Object: 'Object Repository/Header/Page_/span_Offers  Savings' is hovered

2022-04-18 23:52:01 - [TEST_STEP][PASSED] - click(findTestObject("Object Repository/Header/Page_/div_Nutramigen Savings  Support program")): Object: 'Object Repository/Header/Page_/div_Nutramigen Savings  Support program' is clicked on

2022-04-18 23:52:02 - [MESSAGE][PASSED] - Object: 'Object Repository/Header/Page_/div_Nutramigen Savings  Support program' is clicked on

2022-04-18 23:52:02 - [TEST_STEP][PASSED] - waitForElementVisible(findTestObject("Object Repository/Header/Page_Nutramigen  Enfamil/span_Nutramigen Savings and Support"), 0): Object 'Object Repository/Header/Page_Nutramigen  Enfamil/span_Nutramigen Savings and Support' is visible

2022-04-18 23:52:02 - [MESSAGE][WARNING] - Timeout '0' is invalid. Using default page load timeout: '5'

2022-04-18 23:52:06 - [MESSAGE][PASSED] - Object 'Object Repository/Header/Page_Nutramigen  Enfamil/span_Nutramigen Savings and Support' is visible

2022-04-18 23:52:06 - [TEST_STEP][PASSED] - verifyElementText(findTestObject("Object Repository/Header/Page_Nutramigen  Enfamil/span_Nutramigen Savings and Support"), "NutramigenÂ® Savings and Support"): Actual text and expected text of test object 'Object Repository/Header/Page_Nutramigen  Enfamil/span_Nutramigen Savings and Support' are matched.

2022-04-18 23:52:06 - [MESSAGE][PASSED] - Actual text and expected text of test object 'Object Repository/Header/Page_Nutramigen  Enfamil/span_Nutramigen Savings and Support' are matched.

2022-04-18 23:52:06 - [TEST_STEP][PASSED] - verifyElementPresent(findTestObject("Object Repository/Header/Page_Nutramigen  Enfamil/span_Nutramigen Savings and Support"), 0): Object 'Object Repository/Header/Page_Nutramigen  Enfamil/span_Nutramigen Savings and Support' is present

2022-04-18 23:52:06 - [MESSAGE][WARNING] - Timeout '0' is invalid. Using default page load timeout: '5'

2022-04-18 23:52:07 - [MESSAGE][PASSED] - Object 'Object Repository/Header/Page_Nutramigen  Enfamil/span_Nutramigen Savings and Support' is present

2022-04-18 23:52:07 - [TEST_STEP][PASSED] - verifyElementClickable(findTestObject("Object Repository/Header/Page_Nutramigen  Enfamil/span_Nutramigen Savings and Support")): Object 'Object Repository/Header/Page_Nutramigen  Enfamil/span_Nutramigen Savings and Support' is clickable

2022-04-18 23:52:07 - [MESSAGE][PASSED] - Object 'Object Repository/Header/Page_Nutramigen  Enfamil/span_Nutramigen Savings and Support' is clickable

2022-04-18 23:52:07 - [TEST_STEP][PASSED] - verifyElementText(findTestObject("Object Repository/Header/Page_Nutramigen  Enfamil/h1_Nutramigen Savings and Support"), "NutramigenÂ® Savings and Support"): Actual text and expected text of test object 'Object Repository/Header/Page_Nutramigen  Enfamil/h1_Nutramigen Savings and Support' are matched.

2022-04-18 23:52:07 - [MESSAGE][PASSED] - Actual text and expected text of test object 'Object Repository/Header/Page_Nutramigen  Enfamil/h1_Nutramigen Savings and Support' are matched.

2022-04-18 23:52:07 - [TEST_STEP][PASSED] - verifyElementPresent(findTestObject("Object Repository/Header/Page_Nutramigen  Enfamil/h1_Nutramigen Savings and Support"), 0): Object 'Object Repository/Header/Page_Nutramigen  Enfamil/h1_Nutramigen Savings and Support' is present

2022-04-18 23:52:07 - [MESSAGE][WARNING] - Timeout '0' is invalid. Using default page load timeout: '5'

2022-04-18 23:52:08 - [MESSAGE][PASSED] - Object 'Object Repository/Header/Page_Nutramigen  Enfamil/h1_Nutramigen Savings and Support' is present

2022-04-18 23:52:08 - [TEST_STEP][PASSED] - delay(5): Delayed 5 second(s)

2022-04-18 23:52:13 - [MESSAGE][PASSED] - Delayed 5 second(s)

2022-04-18 23:52:13 - [TEST_STEP][PASSED] - mouseOver(findTestObject("Object Repository/Header/Page_Nutramigen  Enfamil/span_Offers  Savings")): Object: 'Object Repository/Header/Page_Nutramigen  Enfamil/span_Offers  Savings' is hovered

2022-04-18 23:52:13 - [MESSAGE][PASSED] - Object: 'Object Repository/Header/Page_Nutramigen  Enfamil/span_Offers  Savings' is hovered

2022-04-18 23:52:13 - [TEST_STEP][PASSED] - click(findTestObject("Object Repository/Header/Page_Nutramigen  Enfamil/div_Enfacare Drive to Thrive Support Program")): Object: 'Object Repository/Header/Page_Nutramigen  Enfamil/div_Enfacare Drive to Thrive Support Program' is clicked on

2022-04-18 23:52:14 - [MESSAGE][PASSED] - Object: 'Object Repository/Header/Page_Nutramigen  Enfamil/div_Enfacare Drive to Thrive Support Program' is clicked on

2022-04-18 23:52:14 - [TEST_STEP][PASSED] - delay(8): Delayed 8 second(s)

2022-04-18 23:52:22 - [MESSAGE][PASSED] - Delayed 8 second(s)

2022-04-18 23:52:22 - [TEST_STEP][PASSED] - verifyElementText(findTestObject("Object Repository/Header/Page_/span_Join the Drive to Thrive Support Program"), "Join the Drive to Thrive Support Program"): Actual text and expected text of test object 'Object Repository/Header/Page_/span_Join the Drive to Thrive Support Program' are matched.

2022-04-18 23:52:22 - [MESSAGE][PASSED] - Actual text and expected text of test object 'Object Repository/Header/Page_/span_Join the Drive to Thrive Support Program' are matched.

2022-04-18 23:52:22 - [TEST_STEP][PASSED] - verifyElementPresent(findTestObject("Object Repository/Header/Page_/span_Join the Drive to Thrive Support Program"), 0): Object 'Object Repository/Header/Page_/span_Join the Drive to Thrive Support Program' is present

2022-04-18 23:52:22 - [MESSAGE][WARNING] - Timeout '0' is invalid. Using default page load timeout: '5'

2022-04-18 23:52:22 - [MESSAGE][PASSED] - Object 'Object Repository/Header/Page_/span_Join the Drive to Thrive Support Program' is present

2022-04-18 23:52:22 - [TEST_STEP][PASSED] - verifyElementClickable(findTestObject("Object Repository/Header/Page_/span_Join the Drive to Thrive Support Program")): Object 'Object Repository/Header/Page_/span_Join the Drive to Thrive Support Program' is clickable

2022-04-18 23:52:23 - [MESSAGE][PASSED] - Object 'Object Repository/Header/Page_/span_Join the Drive to Thrive Support Program' is clickable

2022-04-18 23:52:23 - [TEST_STEP][PASSED] - verifyElementText(findTestObject("Object Repository/Header/Page_/h1_Join the Drive to Thrive Support Program"), "Join the Drive to Thrive Support Program"): Actual text and expected text of test object 'Object Repository/Header/Page_/h1_Join the Drive to Thrive Support Program' are matched.

2022-04-18 23:52:23 - [MESSAGE][PASSED] - Actual text and expected text of test object 'Object Repository/Header/Page_/h1_Join the Drive to Thrive Support Program' are matched.

2022-04-18 23:52:23 - [TEST_STEP][PASSED] - verifyElementPresent(findTestObject("Object Repository/Header/Page_/h1_Join the Drive to Thrive Support Program"), 0): Object 'Object Repository/Header/Page_/h1_Join the Drive to Thrive Support Program' is present

2022-04-18 23:52:23 - [MESSAGE][WARNING] - Timeout '0' is invalid. Using default page load timeout: '5'

2022-04-18 23:52:24 - [MESSAGE][PASSED] - Object 'Object Repository/Header/Page_/h1_Join the Drive to Thrive Support Program' is present

2022-04-18 23:52:24 - [TEST_STEP][PASSED] - delay(5): Delayed 5 second(s)

2022-04-18 23:52:29 - [MESSAGE][PASSED] - Delayed 5 second(s)

2022-04-18 23:52:29 - [TEST_STEP][PASSED] - mouseOver(findTestObject("Object Repository/Header/Page_/span_Offers  Savings")): Object: 'Object Repository/Header/Page_/span_Offers  Savings' is hovered

2022-04-18 23:52:29 - [MESSAGE][PASSED] - Object: 'Object Repository/Header/Page_/span_Offers  Savings' is hovered

2022-04-18 23:52:29 - [TEST_STEP][PASSED] - click(findTestObject("Object Repository/Header/Page_/div_Enfagrow Free Sample")): Object: 'Object Repository/Header/Page_/div_Enfagrow Free Sample' is clicked on

2022-04-18 23:52:30 - [MESSAGE][PASSED] - Object: 'Object Repository/Header/Page_/div_Enfagrow Free Sample' is clicked on

2022-04-18 23:52:30 - [TEST_STEP][PASSED] - waitForElementVisible(findTestObject("Object Repository/Header/Page_Toddler Sample Request  Enfamil/span_Free Sample of Enfagrow Toddler Formula"), 0): Object 'Object Repository/Header/Page_Toddler Sample Request  Enfamil/span_Free Sample of Enfagrow Toddler Formula' is visible

2022-04-18 23:52:31 - [MESSAGE][WARNING] - Timeout '0' is invalid. Using default page load timeout: '5'

2022-04-18 23:52:31 - [MESSAGE][PASSED] - Object 'Object Repository/Header/Page_Toddler Sample Request  Enfamil/span_Free Sample of Enfagrow Toddler Formula' is visible

2022-04-18 23:52:31 - [TEST_STEP][PASSED] - verifyElementText(findTestObject("Object Repository/Header/Page_Toddler Sample Request  Enfamil/span_Free Sample of Enfagrow Toddler Formula"), "Free Sample of EnfagrowÂ® Toddler Formula"): Actual text and expected text of test object 'Object Repository/Header/Page_Toddler Sample Request  Enfamil/span_Free Sample of Enfagrow Toddler Formula' are matched.

2022-04-18 23:52:31 - [MESSAGE][PASSED] - Actual text and expected text of test object 'Object Repository/Header/Page_Toddler Sample Request  Enfamil/span_Free Sample of Enfagrow Toddler Formula' are matched.

2022-04-18 23:52:31 - [TEST_STEP][PASSED] - verifyElementPresent(findTestObject("Object Repository/Header/Page_Toddler Sample Request  Enfamil/span_Free Sample of Enfagrow Toddler Formula"), 0): Object 'Object Repository/Header/Page_Toddler Sample Request  Enfamil/span_Free Sample of Enfagrow Toddler Formula' is present

2022-04-18 23:52:31 - [MESSAGE][WARNING] - Timeout '0' is invalid. Using default page load timeout: '5'

2022-04-18 23:52:32 - [MESSAGE][PASSED] - Object 'Object Repository/Header/Page_Toddler Sample Request  Enfamil/span_Free Sample of Enfagrow Toddler Formula' is present

2022-04-18 23:52:32 - [TEST_STEP][PASSED] - verifyElementClickable(findTestObject("Object Repository/Header/Page_Toddler Sample Request  Enfamil/span_Free Sample of Enfagrow Toddler Formula")): Object 'Object Repository/Header/Page_Toddler Sample Request  Enfamil/span_Free Sample of Enfagrow Toddler Formula' is clickable

2022-04-18 23:52:32 - [MESSAGE][PASSED] - Object 'Object Repository/Header/Page_Toddler Sample Request  Enfamil/span_Free Sample of Enfagrow Toddler Formula' is clickable

2022-04-18 23:52:32 - [TEST_STEP][PASSED] - verifyElementText(findTestObject("Object Repository/Header/Page_Toddler Sample Request  Enfamil/h1_Free Sample of Enfagrow Toddler Formula"), "Free Sample of EnfagrowÂ® Toddler Formula"): Actual text and expected text of test object 'Object Repository/Header/Page_Toddler Sample Request  Enfamil/h1_Free Sample of Enfagrow Toddler Formula' are matched.

2022-04-18 23:52:32 - [MESSAGE][PASSED] - Actual text and expected text of test object 'Object Repository/Header/Page_Toddler Sample Request  Enfamil/h1_Free Sample of Enfagrow Toddler Formula' are matched.

2022-04-18 23:52:32 - [TEST_STEP][PASSED] - verifyElementPresent(findTestObject("Object Repository/Header/Page_Toddler Sample Request  Enfamil/h1_Free Sample of Enfagrow Toddler Formula"), 0): Object 'Object Repository/Header/Page_Toddler Sample Request  Enfamil/h1_Free Sample of Enfagrow Toddler Formula' is present

2022-04-18 23:52:32 - [MESSAGE][WARNING] - Timeout '0' is invalid. Using default page load timeout: '5'

2022-04-18 23:52:33 - [MESSAGE][PASSED] - Object 'Object Repository/Header/Page_Toddler Sample Request  Enfamil/h1_Free Sample of Enfagrow Toddler Formula' is present

2022-04-18 23:52:33 - [TEST_STEP][PASSED] - delay(5): Delayed 5 second(s)

2022-04-18 23:52:38 - [MESSAGE][PASSED] - Delayed 5 second(s)

2022-04-18 23:52:38 - [TEST_STEP][PASSED] - mouseOver(findTestObject("Object Repository/Header/Page_Toddler Sample Request  Enfamil/span_Offers  Savings")): Object: 'Object Repository/Header/Page_Toddler Sample Request  Enfamil/span_Offers  Savings' is hovered

2022-04-18 23:52:38 - [MESSAGE][PASSED] - Object: 'Object Repository/Header/Page_Toddler Sample Request  Enfamil/span_Offers  Savings' is hovered

2022-04-18 23:52:38 - [TEST_STEP][PASSED] - click(findTestObject("Object Repository/Header/Page_Toddler Sample Request  Enfamil/a_Partner Offers")): Object: 'Object Repository/Header/Page_Toddler Sample Request  Enfamil/a_Partner Offers' is clicked on

2022-04-18 23:52:41 - [MESSAGE][PASSED] - Object: 'Object Repository/Header/Page_Toddler Sample Request  Enfamil/a_Partner Offers' is clicked on

2022-04-18 23:52:41 - [TEST_STEP][PASSED] - delay(5): Delayed 5 second(s)

2022-04-18 23:52:46 - [MESSAGE][PASSED] - Delayed 5 second(s)

2022-04-18 23:52:46 - [TEST_STEP][PASSED] - waitForElementVisible(findTestObject("Object Repository/Header/Page_/span_Partnership Offers"), 0): Object 'Object Repository/Header/Page_/span_Partnership Offers' is visible

2022-04-18 23:52:46 - [MESSAGE][WARNING] - Timeout '0' is invalid. Using default page load timeout: '5'

2022-04-18 23:52:46 - [MESSAGE][PASSED] - Object 'Object Repository/Header/Page_/span_Partnership Offers' is visible

2022-04-18 23:52:46 - [TEST_STEP][PASSED] - verifyElementText(findTestObject("Object Repository/Header/Page_/span_Partnership Offers"), "Partnership Offers"): Actual text and expected text of test object 'Object Repository/Header/Page_/span_Partnership Offers' are matched.

2022-04-18 23:52:47 - [MESSAGE][PASSED] - Actual text and expected text of test object 'Object Repository/Header/Page_/span_Partnership Offers' are matched.

2022-04-18 23:52:47 - [TEST_STEP][PASSED] - verifyElementPresent(findTestObject("Object Repository/Header/Page_/span_Partnership Offers"), 0): Object 'Object Repository/Header/Page_/span_Partnership Offers' is present

2022-04-18 23:52:47 - [MESSAGE][WARNING] - Timeout '0' is invalid. Using default page load timeout: '5'

2022-04-18 23:52:47 - [MESSAGE][PASSED] - Object 'Object Repository/Header/Page_/span_Partnership Offers' is present

2022-04-18 23:52:47 - [TEST_STEP][PASSED] - verifyElementText(findTestObject("Object Repository/Header/Page_/h3_Enfamil Partner Discounts"), "Enfamil Partner Discounts"): Actual text and expected text of test object 'Object Repository/Header/Page_/h3_Enfamil Partner Discounts' are matched.

2022-04-18 23:52:48 - [MESSAGE][PASSED] - Actual text and expected text of test object 'Object Repository/Header/Page_/h3_Enfamil Partner Discounts' are matched.

2022-04-18 23:52:48 - [TEST_STEP][PASSED] - verifyElementPresent(findTestObject("Object Repository/Header/Page_/h3_Enfamil Partner Discounts"), 0): Object 'Object Repository/Header/Page_/h3_Enfamil Partner Discounts' is present

2022-04-18 23:52:48 - [MESSAGE][WARNING] - Timeout '0' is invalid. Using default page load timeout: '5'

2022-04-18 23:52:48 - [MESSAGE][PASSED] - Object 'Object Repository/Header/Page_/h3_Enfamil Partner Discounts' is present

2022-04-18 23:52:48 - [TEST_STEP][PASSED] - delay(5): Delayed 5 second(s)

2022-04-18 23:52:53 - [MESSAGE][PASSED] - Delayed 5 second(s)

2022-04-18 23:52:53 - [TEST_STEP][PASSED] - mouseOver(findTestObject("Object Repository/Header/Page_/span_Offers  Savings")): Object: 'Object Repository/Header/Page_/span_Offers  Savings' is hovered

2022-04-18 23:52:54 - [MESSAGE][PASSED] - Object: 'Object Repository/Header/Page_/span_Offers  Savings' is hovered

2022-04-18 23:52:54 - [TEST_STEP][PASSED] - click(findTestObject("Object Repository/Header/Page_/a_Professional Discounts")): Object: 'Object Repository/Header/Page_/a_Professional Discounts' is clicked on

2022-04-18 23:52:56 - [MESSAGE][PASSED] - Object: 'Object Repository/Header/Page_/a_Professional Discounts' is clicked on

2022-04-18 23:52:56 - [TEST_STEP][PASSED] - delay(5): Delayed 5 second(s)

2022-04-18 23:53:01 - [MESSAGE][PASSED] - Delayed 5 second(s)

2022-04-18 23:53:01 - [TEST_STEP][PASSED] - waitForElementVisible(findTestObject("Object Repository/Header/Page_/span_Enfamil Shop Professional Discounts"), 0): Object 'Object Repository/Header/Page_/span_Enfamil Shop Professional Discounts' is visible

2022-04-18 23:53:01 - [MESSAGE][WARNING] - Timeout '0' is invalid. Using default page load timeout: '5'

2022-04-18 23:53:01 - [MESSAGE][PASSED] - Object 'Object Repository/Header/Page_/span_Enfamil Shop Professional Discounts' is visible

2022-04-18 23:53:01 - [TEST_STEP][PASSED] - verifyElementText(findTestObject("Object Repository/Header/Page_/span_Enfamil Shop Professional Discounts"), "EnfamilÂ® Shop Professional Discounts"): Actual text and expected text of test object 'Object Repository/Header/Page_/span_Enfamil Shop Professional Discounts' are matched.

2022-04-18 23:53:02 - [MESSAGE][PASSED] - Actual text and expected text of test object 'Object Repository/Header/Page_/span_Enfamil Shop Professional Discounts' are matched.

2022-04-18 23:53:02 - [TEST_STEP][PASSED] - verifyElementPresent(findTestObject("Object Repository/Header/Page_/span_Enfamil Shop Professional Discounts"), 0): Object 'Object Repository/Header/Page_/span_Enfamil Shop Professional Discounts' is present

2022-04-18 23:53:02 - [MESSAGE][WARNING] - Timeout '0' is invalid. Using default page load timeout: '5'

2022-04-18 23:53:02 - [MESSAGE][PASSED] - Object 'Object Repository/Header/Page_/span_Enfamil Shop Professional Discounts' is present

2022-04-18 23:53:02 - [TEST_STEP][PASSED] - verifyElementText(findTestObject("Object Repository/Header/Page_/h1_Enfamil Shop Professional Discounts"), "EnfamilÂ® Shop Professional Discounts"): Actual text and expected text of test object 'Object Repository/Header/Page_/h1_Enfamil Shop Professional Discounts' are matched.

2022-04-18 23:53:03 - [MESSAGE][PASSED] - Actual text and expected text of test object 'Object Repository/Header/Page_/h1_Enfamil Shop Professional Discounts' are matched.

2022-04-18 23:53:03 - [TEST_STEP][PASSED] - verifyElementPresent(findTestObject("Object Repository/Header/Page_/h1_Enfamil Shop Professional Discounts"), 0): Object 'Object Repository/Header/Page_/h1_Enfamil Shop Professional Discounts' is present

2022-04-18 23:53:03 - [MESSAGE][WARNING] - Timeout '0' is invalid. Using default page load timeout: '5'

2022-04-18 23:53:03 - [MESSAGE][PASSED] - Object 'Object Repository/Header/Page_/h1_Enfamil Shop Professional Discounts' is present

2022-04-18 23:53:03 - [TEST_STEP][PASSED] - delay(5): Delayed 5 second(s)

2022-04-18 23:53:08 - [MESSAGE][PASSED] - Delayed 5 second(s)

2022-04-18 23:53:08 - [TEST_STEP][PASSED] - mouseOver(findTestObject("Object Repository/Header/Page_/span_Offers  Savings")): Object: 'Object Repository/Header/Page_/span_Offers  Savings' is hovered

2022-04-18 23:53:09 - [MESSAGE][PASSED] - Object: 'Object Repository/Header/Page_/span_Offers  Savings' is hovered

2022-04-18 23:53:09 - [TEST_STEP][PASSED] - click(findTestObject("Object Repository/Header/Page_/a_NEW Gift Cards")): Object: 'Object Repository/Header/Page_/a_NEW Gift Cards' is clicked on

2022-04-18 23:53:13 - [MESSAGE][PASSED] - Object: 'Object Repository/Header/Page_/a_NEW Gift Cards' is clicked on

2022-04-18 23:53:13 - [TEST_STEP][PASSED] - waitForElementVisible(findTestObject("Object Repository/Header/Page_/span_Gift Cards"), 0): Object 'Object Repository/Header/Page_/span_Gift Cards' is visible

2022-04-18 23:53:13 - [MESSAGE][WARNING] - Timeout '0' is invalid. Using default page load timeout: '5'

2022-04-18 23:53:13 - [MESSAGE][PASSED] - Object 'Object Repository/Header/Page_/span_Gift Cards' is visible

2022-04-18 23:53:13 - [TEST_STEP][PASSED] - verifyElementText(findTestObject("Object Repository/Header/Page_/span_Gift Cards"), "Gift Cards"): Actual text and expected text of test object 'Object Repository/Header/Page_/span_Gift Cards' are matched.

2022-04-18 23:53:13 - [MESSAGE][PASSED] - Actual text and expected text of test object 'Object Repository/Header/Page_/span_Gift Cards' are matched.

2022-04-18 23:53:13 - [TEST_STEP][PASSED] - verifyElementPresent(findTestObject("Object Repository/Header/Page_/span_Gift Cards"), 0): Object 'Object Repository/Header/Page_/span_Gift Cards' is present

2022-04-18 23:53:13 - [MESSAGE][WARNING] - Timeout '0' is invalid. Using default page load timeout: '5'

2022-04-18 23:53:14 - [MESSAGE][PASSED] - Object 'Object Repository/Header/Page_/span_Gift Cards' is present

2022-04-18 23:53:14 - [TEST_STEP][PASSED] - verifyElementText(findTestObject("Object Repository/Header/Page_/h2_Gift Cards"), "Gift Cards"): Actual text and expected text of test object 'Object Repository/Header/Page_/h2_Gift Cards' are matched.

2022-04-18 23:53:14 - [MESSAGE][PASSED] - Actual text and expected text of test object 'Object Repository/Header/Page_/h2_Gift Cards' are matched.

2022-04-18 23:53:14 - [TEST_STEP][PASSED] - verifyElementPresent(findTestObject("Object Repository/Header/Page_/h2_Gift Cards"), 0): Object 'Object Repository/Header/Page_/h2_Gift Cards' is present

2022-04-18 23:53:14 - [MESSAGE][WARNING] - Timeout '0' is invalid. Using default page load timeout: '5'

2022-04-18 23:53:14 - [MESSAGE][PASSED] - Object 'Object Repository/Header/Page_/h2_Gift Cards' is present

2022-04-18 23:53:14 - [TEST_STEP][PASSED] - verifyElementText(findTestObject("Object Repository/Header/Page_/h3_Select Your Gift Card"), "Select Your Gift Card"): Actual text and expected text of test object 'Object Repository/Header/Page_/h3_Select Your Gift Card' are matched.

2022-04-18 23:53:15 - [MESSAGE][PASSED] - Actual text and expected text of test object 'Object Repository/Header/Page_/h3_Select Your Gift Card' are matched.

2022-04-18 23:53:15 - [TEST_STEP][PASSED] - verifyElementText(findTestObject("Object Repository/Header/Page_/div_start gifting now"), "START GIFTING NOW"): Actual text and expected text of test object 'Object Repository/Header/Page_/div_start gifting now' are matched.

2022-04-18 23:53:15 - [MESSAGE][PASSED] - Actual text and expected text of test object 'Object Repository/Header/Page_/div_start gifting now' are matched.

2022-04-18 23:53:15 - [TEST_STEP][PASSED] - delay(5): Delayed 5 second(s)

2022-04-18 23:53:20 - [MESSAGE][PASSED] - Delayed 5 second(s)

2022-04-18 23:53:20 - [TEST_STEP][PASSED] - mouseOver(findTestObject("Object Repository/Header/Page_/span_Offers  Savings")): Object: 'Object Repository/Header/Page_/span_Offers  Savings' is hovered

2022-04-18 23:53:21 - [MESSAGE][PASSED] - Object: 'Object Repository/Header/Page_/span_Offers  Savings' is hovered

2022-04-18 23:53:21 - [TEST_STEP][PASSED] - click(findTestObject("Object Repository/Header/Page_/a_Save 15 when you use Afterpay")): Object: 'Object Repository/Header/Page_/a_Save 15 when you use Afterpay' is clicked on

2022-04-18 23:53:24 - [MESSAGE][PASSED] - Object: 'Object Repository/Header/Page_/a_Save 15 when you use Afterpay' is clicked on

2022-04-18 23:53:24 - [TEST_STEP][PASSED] - waitForElementVisible(findTestObject("Object Repository/Header/Page_/span_Afterpay"), 0): Object 'Object Repository/Header/Page_/span_Afterpay' is visible

2022-04-18 23:53:24 - [MESSAGE][WARNING] - Timeout '0' is invalid. Using default page load timeout: '5'

2022-04-18 23:53:25 - [MESSAGE][PASSED] - Object 'Object Repository/Header/Page_/span_Afterpay' is visible

2022-04-18 23:53:25 - [TEST_STEP][PASSED] - verifyElementText(findTestObject("Object Repository/Header/Page_/span_Afterpay"), "Afterpay"): Actual text and expected text of test object 'Object Repository/Header/Page_/span_Afterpay' are matched.

2022-04-18 23:53:25 - [MESSAGE][PASSED] - Actual text and expected text of test object 'Object Repository/Header/Page_/span_Afterpay' are matched.

2022-04-18 23:53:25 - [TEST_STEP][PASSED] - verifyElementPresent(findTestObject("Object Repository/Header/Page_/span_Afterpay"), 0): Object 'Object Repository/Header/Page_/span_Afterpay' is present

2022-04-18 23:53:25 - [MESSAGE][WARNING] - Timeout '0' is invalid. Using default page load timeout: '5'

2022-04-18 23:53:25 - [MESSAGE][PASSED] - Object 'Object Repository/Header/Page_/span_Afterpay' is present

2022-04-18 23:53:25 - [TEST_STEP][PASSED] - verifyElementText(findTestObject("Object Repository/Header/Page_/h2_Stock up and Save 15 when you use Afterpay"), "Stock up and Save 15% when you use Afterpay"): Actual text and expected text of test object 'Object Repository/Header/Page_/h2_Stock up and Save 15 when you use Afterpay' are matched.

2022-04-18 23:53:26 - [MESSAGE][PASSED] - Actual text and expected text of test object 'Object Repository/Header/Page_/h2_Stock up and Save 15 when you use Afterpay' are matched.

2022-04-18 23:53:26 - [TEST_STEP][PASSED] - verifyElementPresent(findTestObject("Object Repository/Header/Page_/h2_Stock up and Save 15 when you use Afterpay"), 0): Object 'Object Repository/Header/Page_/h2_Stock up and Save 15 when you use Afterpay' is present

2022-04-18 23:53:26 - [MESSAGE][WARNING] - Timeout '0' is invalid. Using default page load timeout: '5'

2022-04-18 23:53:26 - [MESSAGE][PASSED] - Object 'Object Repository/Header/Page_/h2_Stock up and Save 15 when you use Afterpay' is present

2022-04-18 23:53:26 - [TEST_STEP][PASSED] - delay(5): Delayed 5 second(s)

2022-04-18 23:53:31 - [MESSAGE][PASSED] - Delayed 5 second(s)

2022-04-18 23:53:31 - [TEST_STEP][PASSED] - mouseOver(findTestObject("Object Repository/Header/Page_/span_Offers  Savings")): Object: 'Object Repository/Header/Page_/span_Offers  Savings' is hovered

2022-04-18 23:53:32 - [MESSAGE][PASSED] - Object: 'Object Repository/Header/Page_/span_Offers  Savings' is hovered

2022-04-18 23:53:32 - [TEST_STEP][PASSED] - click(findTestObject("Object Repository/Header/Page_/a_Enfamil Rebates")): Object: 'Object Repository/Header/Page_/a_Enfamil Rebates' is clicked on

2022-04-18 23:53:34 - [MESSAGE][PASSED] - Object: 'Object Repository/Header/Page_/a_Enfamil Rebates' is clicked on

2022-04-18 23:53:34 - [TEST_STEP][PASSED] - delay(5): Delayed 5 second(s)

2022-04-18 23:53:39 - [MESSAGE][PASSED] - Delayed 5 second(s)

2022-04-18 23:53:39 - [TEST_STEP][PASSED] - waitForElementVisible(findTestObject("Object Repository/Header/Page_/span_Enfamil Rebates"), 0): Object 'Object Repository/Header/Page_/span_Enfamil Rebates' is visible

2022-04-18 23:53:39 - [MESSAGE][WARNING] - Timeout '0' is invalid. Using default page load timeout: '5'

2022-04-18 23:53:39 - [MESSAGE][PASSED] - Object 'Object Repository/Header/Page_/span_Enfamil Rebates' is visible

2022-04-18 23:53:39 - [TEST_STEP][PASSED] - verifyElementText(findTestObject("Object Repository/Header/Page_/span_Enfamil Rebates"), "EnfamilÂ® Rebates"): Actual text and expected text of test object 'Object Repository/Header/Page_/span_Enfamil Rebates' are matched.

2022-04-18 23:53:40 - [MESSAGE][PASSED] - Actual text and expected text of test object 'Object Repository/Header/Page_/span_Enfamil Rebates' are matched.

2022-04-18 23:53:40 - [TEST_STEP][PASSED] - verifyElementPresent(findTestObject("Object Repository/Header/Page_/span_Enfamil Rebates"), 0): Object 'Object Repository/Header/Page_/span_Enfamil Rebates' is present

2022-04-18 23:53:40 - [MESSAGE][WARNING] - Timeout '0' is invalid. Using default page load timeout: '5'

2022-04-18 23:53:40 - [MESSAGE][PASSED] - Object 'Object Repository/Header/Page_/span_Enfamil Rebates' is present

2022-04-18 23:53:40 - [TEST_STEP][PASSED] - verifyElementText(findTestObject("Object Repository/Header/Page_/h2_Enfamil Rebates"), "EnfamilÂ® Rebates"): Actual text and expected text of test object 'Object Repository/Header/Page_/h2_Enfamil Rebates' are matched.

2022-04-18 23:53:41 - [MESSAGE][PASSED] - Actual text and expected text of test object 'Object Repository/Header/Page_/h2_Enfamil Rebates' are matched.

2022-04-18 23:53:41 - [TEST_STEP][PASSED] - verifyElementPresent(findTestObject("Object Repository/Header/Page_/h2_Enfamil Rebates"), 0): Object 'Object Repository/Header/Page_/h2_Enfamil Rebates' is present

2022-04-18 23:53:41 - [MESSAGE][WARNING] - Timeout '0' is invalid. Using default page load timeout: '5'

2022-04-18 23:53:41 - [MESSAGE][PASSED] - Object 'Object Repository/Header/Page_/h2_Enfamil Rebates' is present

2022-04-18 23:53:41 - [TEST_STEP][PASSED] - delay(5): Delayed 5 second(s)

2022-04-18 23:53:46 - [MESSAGE][PASSED] - Delayed 5 second(s)

2022-04-18 23:53:46 - [TEST_STEP][PASSED] - mouseOver(findTestObject("Object Repository/Header/Page_/span_Offers  Savings")): Object: 'Object Repository/Header/Page_/span_Offers  Savings' is hovered

2022-04-18 23:53:47 - [MESSAGE][PASSED] - Object: 'Object Repository/Header/Page_/span_Offers  Savings' is hovered

2022-04-18 23:53:47 - [TEST_STEP][PASSED] - click(findTestObject("Object Repository/Header/Page_/a_Financial Assistance")): Object: 'Object Repository/Header/Page_/a_Financial Assistance' is clicked on

2022-04-18 23:53:49 - [MESSAGE][PASSED] - Object: 'Object Repository/Header/Page_/a_Financial Assistance' is clicked on

2022-04-18 23:53:49 - [TEST_STEP][PASSED] - waitForElementVisible(findTestObject("Object Repository/Header/Page_Reimbursement and Support  Enfamil/span_Reimbursement and Support"), 0): Object 'Object Repository/Header/Page_Reimbursement and Support  Enfamil/span_Reimbursement and Support' is visible

2022-04-18 23:53:49 - [MESSAGE][WARNING] - Timeout '0' is invalid. Using default page load timeout: '5'

2022-04-18 23:53:49 - [MESSAGE][PASSED] - Object 'Object Repository/Header/Page_Reimbursement and Support  Enfamil/span_Reimbursement and Support' is visible

2022-04-18 23:53:49 - [TEST_STEP][PASSED] - verifyElementText(findTestObject("Object Repository/Header/Page_Reimbursement and Support  Enfamil/span_Reimbursement and Support"), "Reimbursement and Support"): Actual text and expected text of test object 'Object Repository/Header/Page_Reimbursement and Support  Enfamil/span_Reimbursement and Support' are matched.

2022-04-18 23:53:50 - [MESSAGE][PASSED] - Actual text and expected text of test object 'Object Repository/Header/Page_Reimbursement and Support  Enfamil/span_Reimbursement and Support' are matched.

2022-04-18 23:53:50 - [TEST_STEP][PASSED] - verifyElementPresent(findTestObject("Object Repository/Header/Page_Reimbursement and Support  Enfamil/span_Reimbursement and Support"), 0): Object 'Object Repository/Header/Page_Reimbursement and Support  Enfamil/span_Reimbursement and Support' is present

2022-04-18 23:53:50 - [MESSAGE][WARNING] - Timeout '0' is invalid. Using default page load timeout: '5'

2022-04-18 23:53:50 - [MESSAGE][PASSED] - Object 'Object Repository/Header/Page_Reimbursement and Support  Enfamil/span_Reimbursement and Support' is present

2022-04-18 23:53:50 - [TEST_STEP][PASSED] - verifyElementText(findTestObject("Object Repository/Header/Page_Reimbursement and Support  Enfamil/h2_SNAP, WIC  Formula Insurance Coverage  R_6d98a7"), "SNAP, WIC & Formula Insurance Coverage & Reimbursement"): Actual text and expected text of test object 'Object Repository/Header/Page_Reimbursement and Support  Enfamil/h2_SNAP, WIC  Formula Insurance Coverage  R_6d98a7' are matched.

2022-04-18 23:53:51 - [MESSAGE][PASSED] - Actual text and expected text of test object 'Object Repository/Header/Page_Reimbursement and Support  Enfamil/h2_SNAP, WIC  Formula Insurance Coverage  R_6d98a7' are matched.

2022-04-18 23:53:51 - [TEST_STEP][PASSED] - verifyElementPresent(findTestObject("Object Repository/Header/Page_Reimbursement and Support  Enfamil/h2_SNAP, WIC  Formula Insurance Coverage  R_6d98a7"), 0): Object 'Object Repository/Header/Page_Reimbursement and Support  Enfamil/h2_SNAP, WIC  Formula Insurance Coverage  R_6d98a7' is present

2022-04-18 23:53:51 - [MESSAGE][WARNING] - Timeout '0' is invalid. Using default page load timeout: '5'

2022-04-18 23:53:51 - [MESSAGE][PASSED] - Object 'Object Repository/Header/Page_Reimbursement and Support  Enfamil/h2_SNAP, WIC  Formula Insurance Coverage  R_6d98a7' is present

2022-04-18 23:53:51 - [TEST_STEP][PASSED] - delay(5): Delayed 5 second(s)

2022-04-18 23:53:56 - [MESSAGE][PASSED] - Delayed 5 second(s)

2022-04-18 23:53:56 - [TEST_STEP][PASSED] - mouseOver(findTestObject("Object Repository/Header/Page_Premium Enfamil Family Beginnings Subs_b2e86a/span_Offers  Savings")): Object: 'Object Repository/Header/Page_Premium Enfamil Family Beginnings Subs_b2e86a/span_Offers  Savings' is hovered

2022-04-18 23:53:57 - [MESSAGE][PASSED] - Object: 'Object Repository/Header/Page_Premium Enfamil Family Beginnings Subs_b2e86a/span_Offers  Savings' is hovered

2022-04-18 23:53:57 - [TEST_STEP][PASSED] - click(findTestObject("Object Repository/Header/Page_Premium Enfamil Family Beginnings Subs_b2e86a/span_Ask a Nurse")): Object: 'Object Repository/Header/Page_Premium Enfamil Family Beginnings Subs_b2e86a/span_Ask a Nurse' is clicked on

2022-04-18 23:53:58 - [MESSAGE][PASSED] - Object: 'Object Repository/Header/Page_Premium Enfamil Family Beginnings Subs_b2e86a/span_Ask a Nurse' is clicked on

2022-04-18 23:53:58 - [TEST_STEP][PASSED] - waitForElementVisible(findTestObject("Object Repository/Header/Page_Ask a Registered Nurse Online  Enfamil/span_Ask a Registered Nurse Online"), 0): Object 'Object Repository/Header/Page_Ask a Registered Nurse Online  Enfamil/span_Ask a Registered Nurse Online' is visible

2022-04-18 23:53:58 - [MESSAGE][WARNING] - Timeout '0' is invalid. Using default page load timeout: '5'

2022-04-18 23:54:02 - [MESSAGE][PASSED] - Object 'Object Repository/Header/Page_Ask a Registered Nurse Online  Enfamil/span_Ask a Registered Nurse Online' is visible

2022-04-18 23:54:02 - [TEST_STEP][PASSED] - verifyElementPresent(findTestObject("Object Repository/Header/Page_Ask a Registered Nurse Online  Enfamil/span_Ask a Registered Nurse Online"), 0): Object 'Object Repository/Header/Page_Ask a Registered Nurse Online  Enfamil/span_Ask a Registered Nurse Online' is present

2022-04-18 23:54:02 - [MESSAGE][WARNING] - Timeout '0' is invalid. Using default page load timeout: '5'

2022-04-18 23:54:03 - [MESSAGE][PASSED] - Object 'Object Repository/Header/Page_Ask a Registered Nurse Online  Enfamil/span_Ask a Registered Nurse Online' is present

2022-04-18 23:54:03 - [TEST_STEP][PASSED] - verifyElementPresent(findTestObject("Object Repository/Header/Page_Ask a Registered Nurse Online  Enfamil/h1_Ask a RegisteredNurse Online"), 0): Object 'Object Repository/Header/Page_Ask a Registered Nurse Online  Enfamil/h1_Ask a RegisteredNurse Online' is present

2022-04-18 23:54:03 - [MESSAGE][WARNING] - Timeout '0' is invalid. Using default page load timeout: '5'

2022-04-18 23:54:03 - [MESSAGE][PASSED] - Object 'Object Repository/Header/Page_Ask a Registered Nurse Online  Enfamil/h1_Ask a RegisteredNurse Online' is present

2022-04-18 23:54:03 - [TEST_STEP][PASSED] - delay(5): Delayed 5 second(s)

2022-04-18 23:54:08 - [MESSAGE][PASSED] - Delayed 5 second(s)

2022-04-18 23:54:08 - [TEST_STEP][PASSED] - closeBrowser(): Browser is closed

2022-04-18 23:54:09 - [MESSAGE][PASSED] - Browser is closed]]></system-out>
         <system-err><![CDATA[2022-04-18 23:49:45 - [TEST_CASE][FAILED] - Test Cases/Venkat/Header/Header - Offers Savings Menu Verification - Copy: Test Cases/Venkat/Header/Header - Offers Savings Menu Verification - Copy FAILED.
Reason:
com.kms.katalon.core.exception.StepFailedException: com.kms.katalon.core.webui.exception.WebElementNotFoundException: Web element with id: 'Object Repository/Header/Page_Enfamil Newborn, Infant  Toddler Nutri_2e0999/div_Premium Enfamil Family Beginnings' located by '//*[(text() = 'Enfamil Family BeginningsÂ®' or . = 'Premium Enfamil Family Beginnings')]' not found (Root cause: com.kms.katalon.core.exception.StepFailedException: com.kms.katalon.core.webui.exception.WebElementNotFoundException: Web element with id: 'Object Repository/Header/Page_Enfamil Newborn, Infant  Toddler Nutri_2e0999/div_Premium Enfamil Family Beginnings' located by '//*[(text() = 'Enfamil Family BeginningsÂ®' or . = 'Premium Enfamil Family Beginnings')]' not found
	at com.kms.katalon.core.webui.keyword.internal.WebUIKeywordMain.stepFailed(WebUIKeywordMain.groovy:64)
	at com.kms.katalon.core.webui.keyword.builtin.VerifyElementTextKeyword$_verifyElementText_closure1.doCall(VerifyElementTextKeyword.groovy:64)
	at com.kms.katalon.core.webui.keyword.builtin.VerifyElementTextKeyword$_verifyElementText_closure1.call(VerifyElementTextKeyword.groovy)
	at com.kms.katalon.core.webui.keyword.internal.WebUIKeywordMain.runKeyword(WebUIKeywordMain.groovy:20)
	at com.kms.katalon.core.webui.keyword.builtin.VerifyElementTextKeyword.verifyElementText(VerifyElementTextKeyword.groovy:72)
	at com.kms.katalon.core.webui.keyword.builtin.VerifyElementTextKeyword.execute(VerifyElementTextKeyword.groovy:40)
	at com.kms.katalon.core.keyword.internal.KeywordExecutor.executeKeywordForPlatform(KeywordExecutor.groovy:74)
	at com.kms.katalon.core.webui.keyword.WebUiBuiltInKeywords.verifyElementText(WebUiBuiltInKeywords.groovy:4749)
	at com.kms.katalon.core.webui.keyword.WebUiBuiltInKeywords$verifyElementText$5.call(Unknown Source)
	at Header - Offers Savings Menu Verification - Copy.run(Header - Offers Savings Menu Verification - Copy:56)
	at com.kms.katalon.core.main.ScriptEngine.run(ScriptEngine.java:194)
	at com.kms.katalon.core.main.ScriptEngine.runScriptAsRawText(ScriptEngine.java:119)
	at com.kms.katalon.core.main.TestCaseExecutor.runScript(TestCaseExecutor.java:445)
	at com.kms.katalon.core.main.TestCaseExecutor.doExecute(TestCaseExecutor.java:436)
	at com.kms.katalon.core.main.TestCaseExecutor.processExecutionPhase(TestCaseExecutor.java:415)
	at com.kms.katalon.core.main.TestCaseExecutor.accessMainPhase(TestCaseExecutor.java:407)
	at com.kms.katalon.core.main.TestCaseExecutor.execute(TestCaseExecutor.java:284)
	at com.kms.katalon.core.common.CommonExecutor.accessTestCaseMainPhase(CommonExecutor.java:65)
	at com.kms.katalon.core.main.TestSuiteExecutor.accessTestSuiteMainPhase(TestSuiteExecutor.java:144)
	at com.kms.katalon.core.main.TestSuiteExecutor.execute(TestSuiteExecutor.java:106)
	at com.kms.katalon.core.main.TestCaseMain.startTestSuite(TestCaseMain.java:185)
	at com.kms.katalon.core.main.TestCaseMain$startTestSuite$0.call(Unknown Source)
	at TempTestSuite1650304259606.run(TempTestSuite1650304259606.groovy:36)
)
	at com.kms.katalon.core.keyword.internal.KeywordMain.stepFailed(KeywordMain.groovy:39)
	at com.kms.katalon.core.webui.keyword.internal.WebUIKeywordMain.stepFailed(WebUIKeywordMain.groovy:64)
	at com.kms.katalon.core.webui.keyword.builtin.VerifyElementTextKeyword$_verifyElementText_closure1.doCall(VerifyElementTextKeyword.groovy:64)
	at com.kms.katalon.core.webui.keyword.builtin.VerifyElementTextKeyword$_verifyElementText_closure1.call(VerifyElementTextKeyword.groovy)
	at com.kms.katalon.core.webui.keyword.internal.WebUIKeywordMain.runKeyword(WebUIKeywordMain.groovy:20)
	at com.kms.katalon.core.webui.keyword.builtin.VerifyElementTextKeyword.verifyElementText(VerifyElementTextKeyword.groovy:72)
	at com.kms.katalon.core.webui.keyword.builtin.VerifyElementTextKeyword.execute(VerifyElementTextKeyword.groovy:40)
	at com.kms.katalon.core.keyword.internal.KeywordExecutor.executeKeywordForPlatform(KeywordExecutor.groovy:74)
	at com.kms.katalon.core.webui.keyword.WebUiBuiltInKeywords.verifyElementText(WebUiBuiltInKeywords.groovy:4749)
	at com.kms.katalon.core.webui.keyword.WebUiBuiltInKeywords$verifyElementText$5.call(Unknown Source)
	at Header - Offers Savings Menu Verification - Copy.run(Header - Offers Savings Menu Verification - Copy:56)
	at com.kms.katalon.core.main.ScriptEngine.run(ScriptEngine.java:194)
	at com.kms.katalon.core.main.ScriptEngine.runScriptAsRawText(ScriptEngine.java:119)
	at com.kms.katalon.core.main.TestCaseExecutor.runScript(TestCaseExecutor.java:445)
	at com.kms.katalon.core.main.TestCaseExecutor.doExecute(TestCaseExecutor.java:436)
	at com.kms.katalon.core.main.TestCaseExecutor.processExecutionPhase(TestCaseExecutor.java:415)
	at com.kms.katalon.core.main.TestCaseExecutor.accessMainPhase(TestCaseExecutor.java:407)
	at com.kms.katalon.core.main.TestCaseExecutor.execute(TestCaseExecutor.java:284)
	at com.kms.katalon.core.common.CommonExecutor.accessTestCaseMainPhase(CommonExecutor.java:65)
	at com.kms.katalon.core.main.TestSuiteExecutor.accessTestSuiteMainPhase(TestSuiteExecutor.java:144)
	at com.kms.katalon.core.main.TestSuiteExecutor.execute(TestSuiteExecutor.java:106)
	at com.kms.katalon.core.main.TestCaseMain.startTestSuite(TestCaseMain.java:185)
	at com.kms.katalon.core.main.TestCaseMain$startTestSuite$0.call(Unknown Source)
	at TempTestSuite1650304259606.run(TempTestSuite1650304259606.groovy:36)
Caused by: com.kms.katalon.core.exception.StepFailedException: com.kms.katalon.core.webui.exception.WebElementNotFoundException: Web element with id: 'Object Repository/Header/Page_Enfamil Newborn, Infant  Toddler Nutri_2e0999/div_Premium Enfamil Family Beginnings' located by '//*[(text() = 'Enfamil Family BeginningsÂ®' or . = 'Premium Enfamil Family Beginnings')]' not found
	... 23 more]]></system-err>
      </testcase>
      <testcase name="Test Cases/Venkat/Header/Header - Shop Products Verification" time="154.836" classname="Test Cases/Venkat/Header/Header - Shop Products Verification" status="FAILED">
         <failure type="FAILED" message="Test Cases/Venkat/Header/Header - Shop Products Verification FAILED.
Reason:
com.kms.katalon.core.exception.StepFailedException: Actual text 'Vitamins &amp; Supplements for Babies, Toddlers &amp; Moms' and expected text 'Baby Vitamins &amp; Supplements' of test object 'Object Repository/Header/Page_Baby Vitamins  Supplements/h1_Vitamins  Supplements for Babies, Toddle_9c4f93' are NOT matched. (Root cause: com.kms.katalon.core.exception.StepFailedException: Actual text 'Vitamins &amp; Supplements for Babies, Toddlers &amp; Moms' and expected text 'Baby Vitamins &amp; Supplements' of test object 'Object Repository/Header/Page_Baby Vitamins  Supplements/h1_Vitamins  Supplements for Babies, Toddle_9c4f93' are NOT matched.
	at com.kms.katalon.core.webui.keyword.internal.WebUIKeywordMain.stepFailed(WebUIKeywordMain.groovy:64)
	at com.kms.katalon.core.webui.keyword.builtin.VerifyElementTextKeyword$_verifyElementText_closure1.doCall(VerifyElementTextKeyword.groovy:57)
	at com.kms.katalon.core.webui.keyword.builtin.VerifyElementTextKeyword$_verifyElementText_closure1.call(VerifyElementTextKeyword.groovy)
	at com.kms.katalon.core.webui.keyword.internal.WebUIKeywordMain.runKeyword(WebUIKeywordMain.groovy:20)
	at com.kms.katalon.core.webui.keyword.builtin.VerifyElementTextKeyword.verifyElementText(VerifyElementTextKeyword.groovy:72)
	at com.kms.katalon.core.webui.keyword.builtin.VerifyElementTextKeyword.execute(VerifyElementTextKeyword.groovy:40)
	at com.kms.katalon.core.keyword.internal.KeywordExecutor.executeKeywordForPlatform(KeywordExecutor.groovy:74)
	at com.kms.katalon.core.webui.keyword.WebUiBuiltInKeywords.verifyElementText(WebUiBuiltInKeywords.groovy:4749)
	at com.kms.katalon.core.webui.keyword.WebUiBuiltInKeywords$verifyElementText$5.call(Unknown Source)
	at Header - Shop Products Verification.run(Header - Shop Products Verification:181)
	at com.kms.katalon.core.main.ScriptEngine.run(ScriptEngine.java:194)
	at com.kms.katalon.core.main.ScriptEngine.runScriptAsRawText(ScriptEngine.java:119)
	at com.kms.katalon.core.main.TestCaseExecutor.runScript(TestCaseExecutor.java:445)
	at com.kms.katalon.core.main.TestCaseExecutor.doExecute(TestCaseExecutor.java:436)
	at com.kms.katalon.core.main.TestCaseExecutor.processExecutionPhase(TestCaseExecutor.java:415)
	at com.kms.katalon.core.main.TestCaseExecutor.accessMainPhase(TestCaseExecutor.java:407)
	at com.kms.katalon.core.main.TestCaseExecutor.execute(TestCaseExecutor.java:284)
	at com.kms.katalon.core.common.CommonExecutor.accessTestCaseMainPhase(CommonExecutor.java:65)
	at com.kms.katalon.core.main.TestSuiteExecutor.accessTestSuiteMainPhase(TestSuiteExecutor.java:144)
	at com.kms.katalon.core.main.TestSuiteExecutor.execute(TestSuiteExecutor.java:106)
	at com.kms.katalon.core.main.TestCaseMain.startTestSuite(TestCaseMain.java:185)
	at com.kms.katalon.core.main.TestCaseMain$startTestSuite$0.call(Unknown Source)
	at TempTestSuite1650304259606.run(TempTestSuite1650304259606.groovy:36)
)
	at com.kms.katalon.core.keyword.internal.KeywordMain.stepFailed(KeywordMain.groovy:39)
	at com.kms.katalon.core.webui.keyword.internal.WebUIKeywordMain.stepFailed(WebUIKeywordMain.groovy:64)
	at com.kms.katalon.core.webui.keyword.builtin.VerifyElementTextKeyword$_verifyElementText_closure1.doCall(VerifyElementTextKeyword.groovy:57)
	at com.kms.katalon.core.webui.keyword.builtin.VerifyElementTextKeyword$_verifyElementText_closure1.call(VerifyElementTextKeyword.groovy)
	at com.kms.katalon.core.webui.keyword.internal.WebUIKeywordMain.runKeyword(WebUIKeywordMain.groovy:20)
	at com.kms.katalon.core.webui.keyword.builtin.VerifyElementTextKeyword.verifyElementText(VerifyElementTextKeyword.groovy:72)
	at com.kms.katalon.core.webui.keyword.builtin.VerifyElementTextKeyword.execute(VerifyElementTextKeyword.groovy:40)
	at com.kms.katalon.core.keyword.internal.KeywordExecutor.executeKeywordForPlatform(KeywordExecutor.groovy:74)
	at com.kms.katalon.core.webui.keyword.WebUiBuiltInKeywords.verifyElementText(WebUiBuiltInKeywords.groovy:4749)
	at com.kms.katalon.core.webui.keyword.WebUiBuiltInKeywords$verifyElementText$5.call(Unknown Source)
	at Header - Shop Products Verification.run(Header - Shop Products Verification:181)
	at com.kms.katalon.core.main.ScriptEngine.run(ScriptEngine.java:194)
	at com.kms.katalon.core.main.ScriptEngine.runScriptAsRawText(ScriptEngine.java:119)
	at com.kms.katalon.core.main.TestCaseExecutor.runScript(TestCaseExecutor.java:445)
	at com.kms.katalon.core.main.TestCaseExecutor.doExecute(TestCaseExecutor.java:436)
	at com.kms.katalon.core.main.TestCaseExecutor.processExecutionPhase(TestCaseExecutor.java:415)
	at com.kms.katalon.core.main.TestCaseExecutor.accessMainPhase(TestCaseExecutor.java:407)
	at com.kms.katalon.core.main.TestCaseExecutor.execute(TestCaseExecutor.java:284)
	at com.kms.katalon.core.common.CommonExecutor.accessTestCaseMainPhase(CommonExecutor.java:65)
	at com.kms.katalon.core.main.TestSuiteExecutor.accessTestSuiteMainPhase(TestSuiteExecutor.java:144)
	at com.kms.katalon.core.main.TestSuiteExecutor.execute(TestSuiteExecutor.java:106)
	at com.kms.katalon.core.main.TestCaseMain.startTestSuite(TestCaseMain.java:185)
	at com.kms.katalon.core.main.TestCaseMain$startTestSuite$0.call(Unknown Source)
	at TempTestSuite1650304259606.run(TempTestSuite1650304259606.groovy:36)
Caused by: com.kms.katalon.core.exception.StepFailedException: Actual text 'Vitamins &amp; Supplements for Babies, Toddlers &amp; Moms' and expected text 'Baby Vitamins &amp; Supplements' of test object 'Object Repository/Header/Page_Baby Vitamins  Supplements/h1_Vitamins  Supplements for Babies, Toddle_9c4f93' are NOT matched.
	... 23 more
"/>
         <system-out><![CDATA[2022-04-18 23:54:09 - [TEST_CASE][FAILED] - Test Cases/Venkat/Header/Header - Shop Products Verification: Test Cases/Venkat/Header/Header - Shop Products Verification FAILED.
Reason:
com.kms.katalon.core.exception.StepFailedException: Actual text 'Vitamins & Supplements for Babies, Toddlers & Moms' and expected text 'Baby Vitamins & Supplements' of test object 'Object Repository/Header/Page_Baby Vitamins  Supplements/h1_Vitamins  Supplements for Babies, Toddle_9c4f93' are NOT matched. (Root cause: com.kms.katalon.core.exception.StepFailedException: Actual text 'Vitamins & Supplements for Babies, Toddlers & Moms' and expected text 'Baby Vitamins & Supplements' of test object 'Object Repository/Header/Page_Baby Vitamins  Supplements/h1_Vitamins  Supplements for Babies, Toddle_9c4f93' are NOT matched.
	at com.kms.katalon.core.webui.keyword.internal.WebUIKeywordMain.stepFailed(WebUIKeywordMain.groovy:64)
	at com.kms.katalon.core.webui.keyword.builtin.VerifyElementTextKeyword$_verifyElementText_closure1.doCall(VerifyElementTextKeyword.groovy:57)
	at com.kms.katalon.core.webui.keyword.builtin.VerifyElementTextKeyword$_verifyElementText_closure1.call(VerifyElementTextKeyword.groovy)
	at com.kms.katalon.core.webui.keyword.internal.WebUIKeywordMain.runKeyword(WebUIKeywordMain.groovy:20)
	at com.kms.katalon.core.webui.keyword.builtin.VerifyElementTextKeyword.verifyElementText(VerifyElementTextKeyword.groovy:72)
	at com.kms.katalon.core.webui.keyword.builtin.VerifyElementTextKeyword.execute(VerifyElementTextKeyword.groovy:40)
	at com.kms.katalon.core.keyword.internal.KeywordExecutor.executeKeywordForPlatform(KeywordExecutor.groovy:74)
	at com.kms.katalon.core.webui.keyword.WebUiBuiltInKeywords.verifyElementText(WebUiBuiltInKeywords.groovy:4749)
	at com.kms.katalon.core.webui.keyword.WebUiBuiltInKeywords$verifyElementText$5.call(Unknown Source)
	at Header - Shop Products Verification.run(Header - Shop Products Verification:181)
	at com.kms.katalon.core.main.ScriptEngine.run(ScriptEngine.java:194)
	at com.kms.katalon.core.main.ScriptEngine.runScriptAsRawText(ScriptEngine.java:119)
	at com.kms.katalon.core.main.TestCaseExecutor.runScript(TestCaseExecutor.java:445)
	at com.kms.katalon.core.main.TestCaseExecutor.doExecute(TestCaseExecutor.java:436)
	at com.kms.katalon.core.main.TestCaseExecutor.processExecutionPhase(TestCaseExecutor.java:415)
	at com.kms.katalon.core.main.TestCaseExecutor.accessMainPhase(TestCaseExecutor.java:407)
	at com.kms.katalon.core.main.TestCaseExecutor.execute(TestCaseExecutor.java:284)
	at com.kms.katalon.core.common.CommonExecutor.accessTestCaseMainPhase(CommonExecutor.java:65)
	at com.kms.katalon.core.main.TestSuiteExecutor.accessTestSuiteMainPhase(TestSuiteExecutor.java:144)
	at com.kms.katalon.core.main.TestSuiteExecutor.execute(TestSuiteExecutor.java:106)
	at com.kms.katalon.core.main.TestCaseMain.startTestSuite(TestCaseMain.java:185)
	at com.kms.katalon.core.main.TestCaseMain$startTestSuite$0.call(Unknown Source)
	at TempTestSuite1650304259606.run(TempTestSuite1650304259606.groovy:36)
)
	at com.kms.katalon.core.keyword.internal.KeywordMain.stepFailed(KeywordMain.groovy:39)
	at com.kms.katalon.core.webui.keyword.internal.WebUIKeywordMain.stepFailed(WebUIKeywordMain.groovy:64)
	at com.kms.katalon.core.webui.keyword.builtin.VerifyElementTextKeyword$_verifyElementText_closure1.doCall(VerifyElementTextKeyword.groovy:57)
	at com.kms.katalon.core.webui.keyword.builtin.VerifyElementTextKeyword$_verifyElementText_closure1.call(VerifyElementTextKeyword.groovy)
	at com.kms.katalon.core.webui.keyword.internal.WebUIKeywordMain.runKeyword(WebUIKeywordMain.groovy:20)
	at com.kms.katalon.core.webui.keyword.builtin.VerifyElementTextKeyword.verifyElementText(VerifyElementTextKeyword.groovy:72)
	at com.kms.katalon.core.webui.keyword.builtin.VerifyElementTextKeyword.execute(VerifyElementTextKeyword.groovy:40)
	at com.kms.katalon.core.keyword.internal.KeywordExecutor.executeKeywordForPlatform(KeywordExecutor.groovy:74)
	at com.kms.katalon.core.webui.keyword.WebUiBuiltInKeywords.verifyElementText(WebUiBuiltInKeywords.groovy:4749)
	at com.kms.katalon.core.webui.keyword.WebUiBuiltInKeywords$verifyElementText$5.call(Unknown Source)
	at Header - Shop Products Verification.run(Header - Shop Products Verification:181)
	at com.kms.katalon.core.main.ScriptEngine.run(ScriptEngine.java:194)
	at com.kms.katalon.core.main.ScriptEngine.runScriptAsRawText(ScriptEngine.java:119)
	at com.kms.katalon.core.main.TestCaseExecutor.runScript(TestCaseExecutor.java:445)
	at com.kms.katalon.core.main.TestCaseExecutor.doExecute(TestCaseExecutor.java:436)
	at com.kms.katalon.core.main.TestCaseExecutor.processExecutionPhase(TestCaseExecutor.java:415)
	at com.kms.katalon.core.main.TestCaseExecutor.accessMainPhase(TestCaseExecutor.java:407)
	at com.kms.katalon.core.main.TestCaseExecutor.execute(TestCaseExecutor.java:284)
	at com.kms.katalon.core.common.CommonExecutor.accessTestCaseMainPhase(CommonExecutor.java:65)
	at com.kms.katalon.core.main.TestSuiteExecutor.accessTestSuiteMainPhase(TestSuiteExecutor.java:144)
	at com.kms.katalon.core.main.TestSuiteExecutor.execute(TestSuiteExecutor.java:106)
	at com.kms.katalon.core.main.TestCaseMain.startTestSuite(TestCaseMain.java:185)
	at com.kms.katalon.core.main.TestCaseMain$startTestSuite$0.call(Unknown Source)
	at TempTestSuite1650304259606.run(TempTestSuite1650304259606.groovy:36)
Caused by: com.kms.katalon.core.exception.StepFailedException: Actual text 'Vitamins & Supplements for Babies, Toddlers & Moms' and expected text 'Baby Vitamins & Supplements' of test object 'Object Repository/Header/Page_Baby Vitamins  Supplements/h1_Vitamins  Supplements for Babies, Toddle_9c4f93' are NOT matched.
	... 23 more


2022-04-18 23:54:10 - [TEST_STEP][PASSED] - openBrowser(""): Browser is opened with url: ''

2022-04-18 23:54:10 - [MESSAGE][INFO] - Starting 'Chrome' driver

2022-04-18 23:54:10 - [MESSAGE][INFO] - Action delay is set to 0 milliseconds

2022-04-18 23:54:12 - [MESSAGE][PASSED] - Browser is opened with url: ''

2022-04-18 23:54:12 - [TEST_STEP][PASSED] - navigateToUrl(HomePage): Navigate to 'https://enfamil-us.cdn.test.us-east-1.starterkit.rbcloud.io/' successfully

2022-04-18 23:54:14 - [MESSAGE][PASSED] - Navigate to 'https://enfamil-us.cdn.test.us-east-1.starterkit.rbcloud.io/' successfully

2022-04-18 23:54:14 - [TEST_STEP][PASSED] - maximizeWindow(): Current window maximized

2022-04-18 23:54:14 - [MESSAGE][PASSED] - Current window maximized

2022-04-18 23:54:14 - [TEST_STEP][PASSED] - verifyElementPresent(findTestObject("Object Repository/Header/Page_Enfamil Newborn, Infant  Toddler Nutri_2e0999/li_Shop ProductsShop ProductsShop all produ_dc3f9e"), 0): Object 'Object Repository/Header/Page_Enfamil Newborn, Infant  Toddler Nutri_2e0999/li_Shop ProductsShop ProductsShop all produ_dc3f9e' is present

2022-04-18 23:54:14 - [MESSAGE][WARNING] - Timeout '0' is invalid. Using default page load timeout: '5'

2022-04-18 23:54:14 - [MESSAGE][PASSED] - Object 'Object Repository/Header/Page_Enfamil Newborn, Infant  Toddler Nutri_2e0999/li_Shop ProductsShop ProductsShop all produ_dc3f9e' is present

2022-04-18 23:54:14 - [TEST_STEP][PASSED] - delay(5): Delayed 5 second(s)

2022-04-18 23:54:19 - [MESSAGE][PASSED] - Delayed 5 second(s)

2022-04-18 23:54:19 - [TEST_STEP][PASSED] - mouseOver(findTestObject("Object Repository/Header/Page_Enfamil Newborn, Infant  Toddler Nutri_2e0999/span_Shop Products")): Object: 'Object Repository/Header/Page_Enfamil Newborn, Infant  Toddler Nutri_2e0999/span_Shop Products' is hovered

2022-04-18 23:54:24 - [MESSAGE][PASSED] - Object: 'Object Repository/Header/Page_Enfamil Newborn, Infant  Toddler Nutri_2e0999/span_Shop Products' is hovered

2022-04-18 23:54:24 - [TEST_STEP][PASSED] - verifyElementText(findTestObject("Object Repository/Header/Page_Enfamil Newborn, Infant  Toddler Nutri_2e0999/span_Shop Products"), "Shop Products"): Actual text and expected text of test object 'Object Repository/Header/Page_Enfamil Newborn, Infant  Toddler Nutri_2e0999/span_Shop Products' are matched.

2022-04-18 23:54:26 - [MESSAGE][PASSED] - Actual text and expected text of test object 'Object Repository/Header/Page_Enfamil Newborn, Infant  Toddler Nutri_2e0999/span_Shop Products' are matched.

2022-04-18 23:54:26 - [TEST_STEP][PASSED] - verifyElementText(findTestObject("Object Repository/Header/Page_Enfamil Newborn, Infant  Toddler Nutri_2e0999/a_Shop all products"), "Shop all products"): Actual text and expected text of test object 'Object Repository/Header/Page_Enfamil Newborn, Infant  Toddler Nutri_2e0999/a_Shop all products' are matched.

2022-04-18 23:54:27 - [MESSAGE][PASSED] - Actual text and expected text of test object 'Object Repository/Header/Page_Enfamil Newborn, Infant  Toddler Nutri_2e0999/a_Shop all products' are matched.

2022-04-18 23:54:27 - [TEST_STEP][PASSED] - verifyElementPresent(findTestObject("Object Repository/Header/Page_Enfamil Newborn, Infant  Toddler Nutri_2e0999/a_Shop all products"), 0): Object 'Object Repository/Header/Page_Enfamil Newborn, Infant  Toddler Nutri_2e0999/a_Shop all products' is present

2022-04-18 23:54:27 - [MESSAGE][WARNING] - Timeout '0' is invalid. Using default page load timeout: '5'

2022-04-18 23:54:27 - [MESSAGE][PASSED] - Object 'Object Repository/Header/Page_Enfamil Newborn, Infant  Toddler Nutri_2e0999/a_Shop all products' is present

2022-04-18 23:54:27 - [TEST_STEP][PASSED] - verifyElementText(findTestObject("Object Repository/Header/Page_Enfamil Newborn, Infant  Toddler Nutri_2e0999/div_BY AGES  STAGES"), "BY AGES & STAGES"): Actual text and expected text of test object 'Object Repository/Header/Page_Enfamil Newborn, Infant  Toddler Nutri_2e0999/div_BY AGES  STAGES' are matched.

2022-04-18 23:54:27 - [MESSAGE][PASSED] - Actual text and expected text of test object 'Object Repository/Header/Page_Enfamil Newborn, Infant  Toddler Nutri_2e0999/div_BY AGES  STAGES' are matched.

2022-04-18 23:54:27 - [TEST_STEP][PASSED] - verifyElementPresent(findTestObject("Object Repository/Header/Page_Enfamil Newborn, Infant  Toddler Nutri_2e0999/div_BY AGES  STAGES"), 0): Object 'Object Repository/Header/Page_Enfamil Newborn, Infant  Toddler Nutri_2e0999/div_BY AGES  STAGES' is present

2022-04-18 23:54:27 - [MESSAGE][WARNING] - Timeout '0' is invalid. Using default page load timeout: '5'

2022-04-18 23:54:28 - [MESSAGE][PASSED] - Object 'Object Repository/Header/Page_Enfamil Newborn, Infant  Toddler Nutri_2e0999/div_BY AGES  STAGES' is present

2022-04-18 23:54:28 - [TEST_STEP][PASSED] - verifyElementText(findTestObject("Object Repository/Header/Page_Enfamil Newborn, Infant  Toddler Nutri_2e0999/span_BY FEEDING NEED"), "BY FEEDING NEED"): Actual text and expected text of test object 'Object Repository/Header/Page_Enfamil Newborn, Infant  Toddler Nutri_2e0999/span_BY FEEDING NEED' are matched.

2022-04-18 23:54:28 - [MESSAGE][PASSED] - Actual text and expected text of test object 'Object Repository/Header/Page_Enfamil Newborn, Infant  Toddler Nutri_2e0999/span_BY FEEDING NEED' are matched.

2022-04-18 23:54:28 - [TEST_STEP][PASSED] - verifyElementPresent(findTestObject("Object Repository/Header/Page_Enfamil Newborn, Infant  Toddler Nutri_2e0999/span_BY FEEDING NEED"), 0): Object 'Object Repository/Header/Page_Enfamil Newborn, Infant  Toddler Nutri_2e0999/span_BY FEEDING NEED' is present

2022-04-18 23:54:29 - [MESSAGE][WARNING] - Timeout '0' is invalid. Using default page load timeout: '5'

2022-04-18 23:54:29 - [MESSAGE][PASSED] - Object 'Object Repository/Header/Page_Enfamil Newborn, Infant  Toddler Nutri_2e0999/span_BY FEEDING NEED' is present

2022-04-18 23:54:29 - [TEST_STEP][PASSED] - verifyElementText(findTestObject("Object Repository/Header/Page_Enfamil Newborn, Infant  Toddler Nutri_2e0999/span_BY PRODUCT CATEGORY"), "BY PRODUCT CATEGORY"): Actual text and expected text of test object 'Object Repository/Header/Page_Enfamil Newborn, Infant  Toddler Nutri_2e0999/span_BY PRODUCT CATEGORY' are matched.

2022-04-18 23:54:29 - [MESSAGE][PASSED] - Actual text and expected text of test object 'Object Repository/Header/Page_Enfamil Newborn, Infant  Toddler Nutri_2e0999/span_BY PRODUCT CATEGORY' are matched.

2022-04-18 23:54:29 - [TEST_STEP][PASSED] - verifyElementPresent(findTestObject("Object Repository/Header/Page_Enfamil Newborn, Infant  Toddler Nutri_2e0999/span_BY PRODUCT CATEGORY"), 0): Object 'Object Repository/Header/Page_Enfamil Newborn, Infant  Toddler Nutri_2e0999/span_BY PRODUCT CATEGORY' is present

2022-04-18 23:54:29 - [MESSAGE][WARNING] - Timeout '0' is invalid. Using default page load timeout: '5'

2022-04-18 23:54:30 - [MESSAGE][PASSED] - Object 'Object Repository/Header/Page_Enfamil Newborn, Infant  Toddler Nutri_2e0999/span_BY PRODUCT CATEGORY' is present

2022-04-18 23:54:30 - [TEST_STEP][PASSED] - verifyElementText(findTestObject("Object Repository/Header/Page_/div_FEATURED"), "FEATURED"): Actual text and expected text of test object 'Object Repository/Header/Page_/div_FEATURED' are matched.

2022-04-18 23:54:30 - [MESSAGE][PASSED] - Actual text and expected text of test object 'Object Repository/Header/Page_/div_FEATURED' are matched.

2022-04-18 23:54:30 - [TEST_STEP][PASSED] - verifyElementPresent(findTestObject("Object Repository/Header/Page_/div_FEATURED"), 0): Object 'Object Repository/Header/Page_/div_FEATURED' is present

2022-04-18 23:54:30 - [MESSAGE][WARNING] - Timeout '0' is invalid. Using default page load timeout: '5'

2022-04-18 23:54:30 - [MESSAGE][PASSED] - Object 'Object Repository/Header/Page_/div_FEATURED' is present

2022-04-18 23:54:30 - [TEST_STEP][PASSED] - click(findTestObject("Object Repository/Header/Page_Enfamil Newborn, Infant  Toddler Nutri_2e0999/a_Shop all products")): Object: 'Object Repository/Header/Page_Enfamil Newborn, Infant  Toddler Nutri_2e0999/a_Shop all products' is clicked on

2022-04-18 23:54:32 - [MESSAGE][PASSED] - Object: 'Object Repository/Header/Page_Enfamil Newborn, Infant  Toddler Nutri_2e0999/a_Shop all products' is clicked on

2022-04-18 23:54:32 - [TEST_STEP][PASSED] - verifyElementText(findTestObject("Object Repository/Header/Page_Shop  Enfamil/span_Products"), "Products"): Actual text and expected text of test object 'Object Repository/Header/Page_Shop  Enfamil/span_Products' are matched.

2022-04-18 23:54:32 - [MESSAGE][PASSED] - Actual text and expected text of test object 'Object Repository/Header/Page_Shop  Enfamil/span_Products' are matched.

2022-04-18 23:54:32 - [TEST_STEP][PASSED] - verifyElementText(findTestObject("Object Repository/Header/Page_Shop  Enfamil/h2_Enfamil Shop"), "Enfamil Shop"): Actual text and expected text of test object 'Object Repository/Header/Page_Shop  Enfamil/h2_Enfamil Shop' are matched.

2022-04-18 23:54:32 - [MESSAGE][PASSED] - Actual text and expected text of test object 'Object Repository/Header/Page_Shop  Enfamil/h2_Enfamil Shop' are matched.

2022-04-18 23:54:32 - [TEST_STEP][PASSED] - delay(5): Delayed 5 second(s)

2022-04-18 23:54:37 - [MESSAGE][PASSED] - Delayed 5 second(s)

2022-04-18 23:54:37 - [TEST_STEP][PASSED] - mouseOver(findTestObject("Object Repository/Header/Page_Shop  Enfamil/span_Shop Products")): Object: 'Object Repository/Header/Page_Shop  Enfamil/span_Shop Products' is hovered

2022-04-18 23:54:38 - [MESSAGE][PASSED] - Object: 'Object Repository/Header/Page_Shop  Enfamil/span_Shop Products' is hovered

2022-04-18 23:54:38 - [TEST_STEP][PASSED] - click(findTestObject("Object Repository/Header/Page_Shop  Enfamil/a_Infant012 mos")): Object: 'Object Repository/Header/Page_Shop  Enfamil/a_Infant012 mos' is clicked on

2022-04-18 23:54:39 - [MESSAGE][PASSED] - Object: 'Object Repository/Header/Page_Shop  Enfamil/a_Infant012 mos' is clicked on

2022-04-18 23:54:39 - [TEST_STEP][PASSED] - verifyElementText(findTestObject("Object Repository/Header/Page_Infant Products  Enfamil US/h1_Infant"), "Infant"): Actual text and expected text of test object 'Object Repository/Header/Page_Infant Products  Enfamil US/h1_Infant' are matched.

2022-04-18 23:54:44 - [MESSAGE][PASSED] - Actual text and expected text of test object 'Object Repository/Header/Page_Infant Products  Enfamil US/h1_Infant' are matched.

2022-04-18 23:54:44 - [TEST_STEP][PASSED] - verifyElementText(findTestObject("Object Repository/Header/Page_Infant Products  Enfamil US/span_Newborn Infant Formula"), "Newborn Infant Formula"): Actual text and expected text of test object 'Object Repository/Header/Page_Infant Products  Enfamil US/span_Newborn Infant Formula' are matched.

2022-04-18 23:54:45 - [MESSAGE][PASSED] - Actual text and expected text of test object 'Object Repository/Header/Page_Infant Products  Enfamil US/span_Newborn Infant Formula' are matched.

2022-04-18 23:54:45 - [TEST_STEP][PASSED] - delay(5): Delayed 5 second(s)

2022-04-18 23:54:50 - [MESSAGE][PASSED] - Delayed 5 second(s)

2022-04-18 23:54:50 - [TEST_STEP][PASSED] - mouseOver(findTestObject("Object Repository/Header/Page_Infant Products  Enfamil US/span_Shop Products")): Object: 'Object Repository/Header/Page_Infant Products  Enfamil US/span_Shop Products' is hovered

2022-04-18 23:54:50 - [MESSAGE][PASSED] - Object: 'Object Repository/Header/Page_Infant Products  Enfamil US/span_Shop Products' is hovered

2022-04-18 23:54:50 - [TEST_STEP][PASSED] - click(findTestObject("Object Repository/Header/Page_Infant Products  Enfamil US/a_Toddler1-3 years")): Object: 'Object Repository/Header/Page_Infant Products  Enfamil US/a_Toddler1-3 years' is clicked on

2022-04-18 23:54:51 - [MESSAGE][PASSED] - Object: 'Object Repository/Header/Page_Infant Products  Enfamil US/a_Toddler1-3 years' is clicked on

2022-04-18 23:54:51 - [TEST_STEP][PASSED] - verifyElementText(findTestObject("Object Repository/Header/Page_/span_Toddler Vitamins Nutritional Drink"), "Toddler Vitamins Nutritional Drink"): Actual text and expected text of test object 'Object Repository/Header/Page_/span_Toddler Vitamins Nutritional Drink' are matched.

2022-04-18 23:54:54 - [MESSAGE][PASSED] - Actual text and expected text of test object 'Object Repository/Header/Page_/span_Toddler Vitamins Nutritional Drink' are matched.

2022-04-18 23:54:54 - [TEST_STEP][PASSED] - verifyElementText(findTestObject("Object Repository/Header/Page_/h1_Toddler Vitamins  Nutritional Drinks"), "Toddler Vitamins & Nutritional Drinks"): Actual text and expected text of test object 'Object Repository/Header/Page_/h1_Toddler Vitamins  Nutritional Drinks' are matched.

2022-04-18 23:54:55 - [MESSAGE][PASSED] - Actual text and expected text of test object 'Object Repository/Header/Page_/h1_Toddler Vitamins  Nutritional Drinks' are matched.

2022-04-18 23:54:55 - [TEST_STEP][PASSED] - delay(5): Delayed 5 second(s)

2022-04-18 23:55:00 - [MESSAGE][PASSED] - Delayed 5 second(s)

2022-04-18 23:55:00 - [TEST_STEP][PASSED] - mouseOver(findTestObject("Object Repository/Header/Page_Preemie Formula - Premature Baby Formu_fe4960/span_Shop Products")): Object: 'Object Repository/Header/Page_Preemie Formula - Premature Baby Formu_fe4960/span_Shop Products' is hovered

2022-04-18 23:55:00 - [MESSAGE][PASSED] - Object: 'Object Repository/Header/Page_Preemie Formula - Premature Baby Formu_fe4960/span_Shop Products' is hovered

2022-04-18 23:55:00 - [TEST_STEP][PASSED] - click(findTestObject("Object Repository/Header/Page_/a_Premature09 mos")): Object: 'Object Repository/Header/Page_/a_Premature09 mos' is clicked on

2022-04-18 23:55:01 - [MESSAGE][PASSED] - Object: 'Object Repository/Header/Page_/a_Premature09 mos' is clicked on

2022-04-18 23:55:01 - [TEST_STEP][PASSED] - verifyElementText(findTestObject("Object Repository/Header/Page_Preemie Formula - Premature Baby Formu_fe4960/span_Preemie Formula"), "Preemie Formula"): Actual text and expected text of test object 'Object Repository/Header/Page_Preemie Formula - Premature Baby Formu_fe4960/span_Preemie Formula' are matched.

2022-04-18 23:55:05 - [MESSAGE][PASSED] - Actual text and expected text of test object 'Object Repository/Header/Page_Preemie Formula - Premature Baby Formu_fe4960/span_Preemie Formula' are matched.

2022-04-18 23:55:05 - [TEST_STEP][PASSED] - verifyElementText(findTestObject("Object Repository/Header/Page_Preemie Formula - Premature Baby Formu_fe4960/h1_Preemie Formulas"), "Preemie Formulas"): Actual text and expected text of test object 'Object Repository/Header/Page_Preemie Formula - Premature Baby Formu_fe4960/h1_Preemie Formulas' are matched.

2022-04-18 23:55:05 - [MESSAGE][PASSED] - Actual text and expected text of test object 'Object Repository/Header/Page_Preemie Formula - Premature Baby Formu_fe4960/h1_Preemie Formulas' are matched.

2022-04-18 23:55:05 - [TEST_STEP][PASSED] - delay(5): Delayed 5 second(s)

2022-04-18 23:55:10 - [MESSAGE][PASSED] - Delayed 5 second(s)

2022-04-18 23:55:10 - [TEST_STEP][PASSED] - mouseOver(findTestObject("Object Repository/Header/Page_Preemie Formula - Premature Baby Formu_fe4960/span_Shop Products")): Object: 'Object Repository/Header/Page_Preemie Formula - Premature Baby Formu_fe4960/span_Shop Products' is hovered

2022-04-18 23:55:11 - [MESSAGE][PASSED] - Object: 'Object Repository/Header/Page_Preemie Formula - Premature Baby Formu_fe4960/span_Shop Products' is hovered

2022-04-18 23:55:11 - [TEST_STEP][PASSED] - click(findTestObject("Object Repository/Header/Page_Preemie Formula - Premature Baby Formu_fe4960/a_PrenatalPregnancy and pre-conception")): Object: 'Object Repository/Header/Page_Preemie Formula - Premature Baby Formu_fe4960/a_PrenatalPregnancy and pre-conception' is clicked on

2022-04-18 23:55:12 - [MESSAGE][PASSED] - Object: 'Object Repository/Header/Page_Preemie Formula - Premature Baby Formu_fe4960/a_PrenatalPregnancy and pre-conception' is clicked on

2022-04-18 23:55:12 - [TEST_STEP][PASSED] - verifyElementText(findTestObject("Object Repository/Header/Page_/span_Prenatal Vitamins"), "Prenatal Vitamins"): Actual text and expected text of test object 'Object Repository/Header/Page_/span_Prenatal Vitamins' are matched.

2022-04-18 23:55:15 - [MESSAGE][PASSED] - Actual text and expected text of test object 'Object Repository/Header/Page_/span_Prenatal Vitamins' are matched.

2022-04-18 23:55:15 - [TEST_STEP][PASSED] - verifyElementText(findTestObject("Object Repository/Header/Page_/h1_Prenatal Vitamins"), "Prenatal Vitamins"): Actual text and expected text of test object 'Object Repository/Header/Page_/h1_Prenatal Vitamins' are matched.

2022-04-18 23:55:16 - [MESSAGE][PASSED] - Actual text and expected text of test object 'Object Repository/Header/Page_/h1_Prenatal Vitamins' are matched.

2022-04-18 23:55:16 - [TEST_STEP][PASSED] - delay(5): Delayed 5 second(s)

2022-04-18 23:55:21 - [MESSAGE][PASSED] - Delayed 5 second(s)

2022-04-18 23:55:21 - [TEST_STEP][PASSED] - mouseOver(findTestObject("Object Repository/Header/Page_/span_Shop Products")): Object: 'Object Repository/Header/Page_/span_Shop Products' is hovered

2022-04-18 23:55:21 - [MESSAGE][PASSED] - Object: 'Object Repository/Header/Page_/span_Shop Products' is hovered

2022-04-18 23:55:21 - [TEST_STEP][PASSED] - verifyElementText(findTestObject("Object Repository/Header/Page_/div_FEATURED"), "FEATURED"): Actual text and expected text of test object 'Object Repository/Header/Page_/div_FEATURED' are matched.

2022-04-18 23:55:22 - [MESSAGE][PASSED] - Actual text and expected text of test object 'Object Repository/Header/Page_/div_FEATURED' are matched.

2022-04-18 23:55:22 - [TEST_STEP][PASSED] - verifyElementPresent(findTestObject("Object Repository/Header/Page_/div_FEATURED"), 0): Object 'Object Repository/Header/Page_/div_FEATURED' is present

2022-04-18 23:55:22 - [MESSAGE][WARNING] - Timeout '0' is invalid. Using default page load timeout: '5'

2022-04-18 23:55:22 - [MESSAGE][PASSED] - Object 'Object Repository/Header/Page_/div_FEATURED' is present

2022-04-18 23:55:22 - [TEST_STEP][PASSED] - verifyElementPresent(findTestObject("Object Repository/Header/Page_/a_Enfamil NeuroPro Infant Formula"), 0): Object 'Object Repository/Header/Page_/a_Enfamil NeuroPro Infant Formula' is present

2022-04-18 23:55:22 - [MESSAGE][WARNING] - Timeout '0' is invalid. Using default page load timeout: '5'

2022-04-18 23:55:23 - [MESSAGE][PASSED] - Object 'Object Repository/Header/Page_/a_Enfamil NeuroPro Infant Formula' is present

2022-04-18 23:55:23 - [TEST_STEP][PASSED] - verifyElementPresent(findTestObject("Object Repository/Header/Page_/a_Enfamil NeuroPro Gentlease Infant Formula"), 0): Object 'Object Repository/Header/Page_/a_Enfamil NeuroPro Gentlease Infant Formula' is present

2022-04-18 23:55:23 - [MESSAGE][WARNING] - Timeout '0' is invalid. Using default page load timeout: '5'

2022-04-18 23:55:23 - [MESSAGE][PASSED] - Object 'Object Repository/Header/Page_/a_Enfamil NeuroPro Gentlease Infant Formula' is present

2022-04-18 23:55:23 - [TEST_STEP][PASSED] - delay(5): Delayed 5 second(s)

2022-04-18 23:55:28 - [MESSAGE][PASSED] - Delayed 5 second(s)

2022-04-18 23:55:28 - [TEST_STEP][PASSED] - mouseOver(findTestObject("Object Repository/Header/Page_/span_Shop Products")): Object: 'Object Repository/Header/Page_/span_Shop Products' is hovered

2022-04-18 23:55:28 - [MESSAGE][PASSED] - Object: 'Object Repository/Header/Page_/span_Shop Products' is hovered

2022-04-18 23:55:28 - [TEST_STEP][PASSED] - click(findTestObject("Object Repository/Header/Page_/a_Everyday Nutrition")): Object: 'Object Repository/Header/Page_/a_Everyday Nutrition' is clicked on

2022-04-18 23:55:32 - [MESSAGE][PASSED] - Object: 'Object Repository/Header/Page_/a_Everyday Nutrition' is clicked on

2022-04-18 23:55:32 - [TEST_STEP][PASSED] - verifyElementText(findTestObject("Object Repository/Header/Page_/h1_Baby Formula for Everyday Baby Nutrition"), "Baby Formula for Everyday Baby Nutrition"): Actual text and expected text of test object 'Object Repository/Header/Page_/h1_Baby Formula for Everyday Baby Nutrition' are matched.

2022-04-18 23:55:33 - [MESSAGE][PASSED] - Actual text and expected text of test object 'Object Repository/Header/Page_/h1_Baby Formula for Everyday Baby Nutrition' are matched.

2022-04-18 23:55:33 - [TEST_STEP][PASSED] - verifyElementText(findTestObject("Object Repository/Header/Page_/span_Baby Formula"), "Baby Formula"): Actual text and expected text of test object 'Object Repository/Header/Page_/span_Baby Formula' are matched.

2022-04-18 23:55:33 - [MESSAGE][PASSED] - Actual text and expected text of test object 'Object Repository/Header/Page_/span_Baby Formula' are matched.

2022-04-18 23:55:33 - [TEST_STEP][PASSED] - delay(5): Delayed 5 second(s)

2022-04-18 23:55:38 - [MESSAGE][PASSED] - Delayed 5 second(s)

2022-04-18 23:55:38 - [TEST_STEP][PASSED] - mouseOver(findTestObject("Object Repository/Header/Page_/span_Shop Products")): Object: 'Object Repository/Header/Page_/span_Shop Products' is hovered

2022-04-18 23:55:39 - [MESSAGE][PASSED] - Object: 'Object Repository/Header/Page_/span_Shop Products' is hovered

2022-04-18 23:55:39 - [TEST_STEP][PASSED] - click(findTestObject("Object Repository/Header/Page_/a_Tummy Troubles")): Object: 'Object Repository/Header/Page_/a_Tummy Troubles' is clicked on

2022-04-18 23:55:42 - [MESSAGE][PASSED] - Object: 'Object Repository/Header/Page_/a_Tummy Troubles' is clicked on

2022-04-18 23:55:42 - [TEST_STEP][PASSED] - verifyElementText(findTestObject("Object Repository/Header/Page_/span_Sensitive Stomach Baby Formula"), "Sensitive Stomach Baby Formula"): Actual text and expected text of test object 'Object Repository/Header/Page_/span_Sensitive Stomach Baby Formula' are matched.

2022-04-18 23:55:43 - [MESSAGE][PASSED] - Actual text and expected text of test object 'Object Repository/Header/Page_/span_Sensitive Stomach Baby Formula' are matched.

2022-04-18 23:55:43 - [TEST_STEP][PASSED] - verifyElementText(findTestObject("Object Repository/Header/Page_/h1_Formula for Baby Tummy Troubles"), "Formula for Baby Tummy Troubles"): Actual text and expected text of test object 'Object Repository/Header/Page_/h1_Formula for Baby Tummy Troubles' are matched.

2022-04-18 23:55:43 - [MESSAGE][PASSED] - Actual text and expected text of test object 'Object Repository/Header/Page_/h1_Formula for Baby Tummy Troubles' are matched.

2022-04-18 23:55:43 - [TEST_STEP][PASSED] - delay(5): Delayed 5 second(s)

2022-04-18 23:55:48 - [MESSAGE][PASSED] - Delayed 5 second(s)

2022-04-18 23:55:48 - [TEST_STEP][PASSED] - mouseOver(findTestObject("Object Repository/Header/Page_/span_Shop Products")): Object: 'Object Repository/Header/Page_/span_Shop Products' is hovered

2022-04-18 23:55:49 - [MESSAGE][PASSED] - Object: 'Object Repository/Header/Page_/span_Shop Products' is hovered

2022-04-18 23:55:49 - [TEST_STEP][PASSED] - click(findTestObject("Object Repository/Header/Page_/a_Allergies")): Object: 'Object Repository/Header/Page_/a_Allergies' is clicked on

2022-04-18 23:55:51 - [MESSAGE][PASSED] - Object: 'Object Repository/Header/Page_/a_Allergies' is clicked on

2022-04-18 23:55:51 - [TEST_STEP][PASSED] - verifyElementText(findTestObject("Object Repository/Header/Page_/h1_Hypoallergenic Baby Formulas"), "Hypoallergenic Baby Formulas"): Actual text and expected text of test object 'Object Repository/Header/Page_/h1_Hypoallergenic Baby Formulas' are matched.

2022-04-18 23:55:52 - [MESSAGE][PASSED] - Actual text and expected text of test object 'Object Repository/Header/Page_/h1_Hypoallergenic Baby Formulas' are matched.

2022-04-18 23:55:52 - [TEST_STEP][PASSED] - verifyElementText(findTestObject("Object Repository/Header/Page_/span_Hypoallergenic Baby Formula"), "Hypoallergenic Baby Formula"): Actual text and expected text of test object 'Object Repository/Header/Page_/span_Hypoallergenic Baby Formula' are matched.

2022-04-18 23:55:52 - [MESSAGE][PASSED] - Actual text and expected text of test object 'Object Repository/Header/Page_/span_Hypoallergenic Baby Formula' are matched.

2022-04-18 23:55:52 - [TEST_STEP][PASSED] - delay(5): Delayed 5 second(s)

2022-04-18 23:55:57 - [MESSAGE][PASSED] - Delayed 5 second(s)

2022-04-18 23:55:57 - [TEST_STEP][PASSED] - mouseOver(findTestObject("Object Repository/Header/Page_/span_Shop Products")): Object: 'Object Repository/Header/Page_/span_Shop Products' is hovered

2022-04-18 23:55:58 - [MESSAGE][PASSED] - Object: 'Object Repository/Header/Page_/span_Shop Products' is hovered

2022-04-18 23:55:58 - [TEST_STEP][PASSED] - click(findTestObject("Object Repository/Header/Page_/a_Special Dietary Needs")): Object: 'Object Repository/Header/Page_/a_Special Dietary Needs' is clicked on

2022-04-18 23:56:01 - [MESSAGE][PASSED] - Object: 'Object Repository/Header/Page_/a_Special Dietary Needs' is clicked on

2022-04-18 23:56:01 - [TEST_STEP][PASSED] - verifyElementText(findTestObject("Object Repository/Header/Page_/span_Special Dietary Needs"), "Special Dietary Needs"): Actual text and expected text of test object 'Object Repository/Header/Page_/span_Special Dietary Needs' are matched.

2022-04-18 23:56:01 - [MESSAGE][PASSED] - Actual text and expected text of test object 'Object Repository/Header/Page_/span_Special Dietary Needs' are matched.

2022-04-18 23:56:01 - [TEST_STEP][PASSED] - verifyElementText(findTestObject("Object Repository/Header/Page_/h1_Special Baby Formula"), "Special Baby Formula"): Actual text and expected text of test object 'Object Repository/Header/Page_/h1_Special Baby Formula' are matched.

2022-04-18 23:56:02 - [MESSAGE][PASSED] - Actual text and expected text of test object 'Object Repository/Header/Page_/h1_Special Baby Formula' are matched.

2022-04-18 23:56:02 - [TEST_STEP][PASSED] - delay(5): Delayed 5 second(s)

2022-04-18 23:56:07 - [MESSAGE][PASSED] - Delayed 5 second(s)

2022-04-18 23:56:07 - [TEST_STEP][PASSED] - mouseOver(findTestObject("Object Repository/Header/Page_/span_Shop Products")): Object: 'Object Repository/Header/Page_/span_Shop Products' is hovered

2022-04-18 23:56:08 - [MESSAGE][PASSED] - Object: 'Object Repository/Header/Page_/span_Shop Products' is hovered

2022-04-18 23:56:08 - [TEST_STEP][PASSED] - click(findTestObject("Object Repository/Header/Page_/a_Formula")): Object: 'Object Repository/Header/Page_/a_Formula' is clicked on

2022-04-18 23:56:11 - [MESSAGE][PASSED] - Object: 'Object Repository/Header/Page_/a_Formula' is clicked on

2022-04-18 23:56:11 - [TEST_STEP][PASSED] - delay(5): Delayed 5 second(s)

2022-04-18 23:56:16 - [MESSAGE][PASSED] - Delayed 5 second(s)

2022-04-18 23:56:16 - [TEST_STEP][PASSED] - mouseOver(findTestObject("Object Repository/Header/Page_/span_Shop Products")): Object: 'Object Repository/Header/Page_/span_Shop Products' is hovered

2022-04-18 23:56:16 - [MESSAGE][PASSED] - Object: 'Object Repository/Header/Page_/span_Shop Products' is hovered

2022-04-18 23:56:16 - [TEST_STEP][PASSED] - click(findTestObject("Object Repository/Header/Page_/a_Vitamins  Supplements")): Object: 'Object Repository/Header/Page_/a_Vitamins  Supplements' is clicked on

2022-04-18 23:56:20 - [MESSAGE][PASSED] - Object: 'Object Repository/Header/Page_/a_Vitamins  Supplements' is clicked on

2022-04-18 23:56:20 - [TEST_STEP][PASSED] - verifyElementText(findTestObject("Object Repository/Header/Page_Baby Vitamins  Supplements/span_Baby Vitamins and Supplements"), "Baby Vitamins and Supplements"): Actual text and expected text of test object 'Object Repository/Header/Page_Baby Vitamins  Supplements/span_Baby Vitamins and Supplements' are matched.

2022-04-18 23:56:20 - [MESSAGE][PASSED] - Actual text and expected text of test object 'Object Repository/Header/Page_Baby Vitamins  Supplements/span_Baby Vitamins and Supplements' are matched.

2022-04-18 23:56:20 - [TEST_STEP][FAILED] - verifyElementText(findTestObject("Object Repository/Header/Page_Baby Vitamins  Supplements/h1_Vitamins  Supplements for Babies, Toddle_9c4f93"), "Baby Vitamins & Supplements"): Actual text 'Vitamins & Supplements for Babies, Toddlers & Moms' and expected text 'Baby Vitamins & Supplements' of test object 'Object Repository/Header/Page_Baby Vitamins  Supplements/h1_Vitamins  Supplements for Babies, Toddle_9c4f93' are NOT matched. (Root cause: com.kms.katalon.core.exception.StepFailedException: Actual text 'Vitamins & Supplements for Babies, Toddlers & Moms' and expected text 'Baby Vitamins & Supplements' of test object 'Object Repository/Header/Page_Baby Vitamins  Supplements/h1_Vitamins  Supplements for Babies, Toddle_9c4f93' are NOT matched.
	at com.kms.katalon.core.webui.keyword.internal.WebUIKeywordMain.stepFailed(WebUIKeywordMain.groovy:64)
	at com.kms.katalon.core.webui.keyword.builtin.VerifyElementTextKeyword$_verifyElementText_closure1.doCall(VerifyElementTextKeyword.groovy:57)
	at com.kms.katalon.core.webui.keyword.builtin.VerifyElementTextKeyword$_verifyElementText_closure1.call(VerifyElementTextKeyword.groovy)
	at com.kms.katalon.core.webui.keyword.internal.WebUIKeywordMain.runKeyword(WebUIKeywordMain.groovy:20)
	at com.kms.katalon.core.webui.keyword.builtin.VerifyElementTextKeyword.verifyElementText(VerifyElementTextKeyword.groovy:72)
	at com.kms.katalon.core.webui.keyword.builtin.VerifyElementTextKeyword.execute(VerifyElementTextKeyword.groovy:40)
	at com.kms.katalon.core.keyword.internal.KeywordExecutor.executeKeywordForPlatform(KeywordExecutor.groovy:74)
	at com.kms.katalon.core.webui.keyword.WebUiBuiltInKeywords.verifyElementText(WebUiBuiltInKeywords.groovy:4749)
	at com.kms.katalon.core.webui.keyword.WebUiBuiltInKeywords$verifyElementText$5.call(Unknown Source)
	at Header - Shop Products Verification.run(Header - Shop Products Verification:181)
	at com.kms.katalon.core.main.ScriptEngine.run(ScriptEngine.java:194)
	at com.kms.katalon.core.main.ScriptEngine.runScriptAsRawText(ScriptEngine.java:119)
	at com.kms.katalon.core.main.TestCaseExecutor.runScript(TestCaseExecutor.java:445)
	at com.kms.katalon.core.main.TestCaseExecutor.doExecute(TestCaseExecutor.java:436)
	at com.kms.katalon.core.main.TestCaseExecutor.processExecutionPhase(TestCaseExecutor.java:415)
	at com.kms.katalon.core.main.TestCaseExecutor.accessMainPhase(TestCaseExecutor.java:407)
	at com.kms.katalon.core.main.TestCaseExecutor.execute(TestCaseExecutor.java:284)
	at com.kms.katalon.core.common.CommonExecutor.accessTestCaseMainPhase(CommonExecutor.java:65)
	at com.kms.katalon.core.main.TestSuiteExecutor.accessTestSuiteMainPhase(TestSuiteExecutor.java:144)
	at com.kms.katalon.core.main.TestSuiteExecutor.execute(TestSuiteExecutor.java:106)
	at com.kms.katalon.core.main.TestCaseMain.startTestSuite(TestCaseMain.java:185)
	at com.kms.katalon.core.main.TestCaseMain$startTestSuite$0.call(Unknown Source)
	at TempTestSuite1650304259606.run(TempTestSuite1650304259606.groovy:36)
)

2022-04-18 23:56:21 - [MESSAGE][FAILED] - Actual text 'Vitamins & Supplements for Babies, Toddlers & Moms' and expected text 'Baby Vitamins & Supplements' of test object 'Object Repository/Header/Page_Baby Vitamins  Supplements/h1_Vitamins  Supplements for Babies, Toddle_9c4f93' are NOT matched. (Root cause: com.kms.katalon.core.exception.StepFailedException: Actual text 'Vitamins & Supplements for Babies, Toddlers & Moms' and expected text 'Baby Vitamins & Supplements' of test object 'Object Repository/Header/Page_Baby Vitamins  Supplements/h1_Vitamins  Supplements for Babies, Toddle_9c4f93' are NOT matched.
	at com.kms.katalon.core.webui.keyword.internal.WebUIKeywordMain.stepFailed(WebUIKeywordMain.groovy:64)
	at com.kms.katalon.core.webui.keyword.builtin.VerifyElementTextKeyword$_verifyElementText_closure1.doCall(VerifyElementTextKeyword.groovy:57)
	at com.kms.katalon.core.webui.keyword.builtin.VerifyElementTextKeyword$_verifyElementText_closure1.call(VerifyElementTextKeyword.groovy)
	at com.kms.katalon.core.webui.keyword.internal.WebUIKeywordMain.runKeyword(WebUIKeywordMain.groovy:20)
	at com.kms.katalon.core.webui.keyword.builtin.VerifyElementTextKeyword.verifyElementText(VerifyElementTextKeyword.groovy:72)
	at com.kms.katalon.core.webui.keyword.builtin.VerifyElementTextKeyword.execute(VerifyElementTextKeyword.groovy:40)
	at com.kms.katalon.core.keyword.internal.KeywordExecutor.executeKeywordForPlatform(KeywordExecutor.groovy:74)
	at com.kms.katalon.core.webui.keyword.WebUiBuiltInKeywords.verifyElementText(WebUiBuiltInKeywords.groovy:4749)
	at com.kms.katalon.core.webui.keyword.WebUiBuiltInKeywords$verifyElementText$5.call(Unknown Source)
	at Header - Shop Products Verification.run(Header - Shop Products Verification:181)
	at com.kms.katalon.core.main.ScriptEngine.run(ScriptEngine.java:194)
	at com.kms.katalon.core.main.ScriptEngine.runScriptAsRawText(ScriptEngine.java:119)
	at com.kms.katalon.core.main.TestCaseExecutor.runScript(TestCaseExecutor.java:445)
	at com.kms.katalon.core.main.TestCaseExecutor.doExecute(TestCaseExecutor.java:436)
	at com.kms.katalon.core.main.TestCaseExecutor.processExecutionPhase(TestCaseExecutor.java:415)
	at com.kms.katalon.core.main.TestCaseExecutor.accessMainPhase(TestCaseExecutor.java:407)
	at com.kms.katalon.core.main.TestCaseExecutor.execute(TestCaseExecutor.java:284)
	at com.kms.katalon.core.common.CommonExecutor.accessTestCaseMainPhase(CommonExecutor.java:65)
	at com.kms.katalon.core.main.TestSuiteExecutor.accessTestSuiteMainPhase(TestSuiteExecutor.java:144)
	at com.kms.katalon.core.main.TestSuiteExecutor.execute(TestSuiteExecutor.java:106)
	at com.kms.katalon.core.main.TestCaseMain.startTestSuite(TestCaseMain.java:185)
	at com.kms.katalon.core.main.TestCaseMain$startTestSuite$0.call(Unknown Source)
	at TempTestSuite1650304259606.run(TempTestSuite1650304259606.groovy:36)
)
[[ATTACHMENT|D:\\SmoketestSuite\\enfamilUS\\Reports\\20220418_232059\\SmokeTestCollection - Venkat\\SmokeTestSuite-Collection - UAT\\20220418_232059\\1650306381051.png]]

2022-04-18 23:56:21 - [TEST_STEP][PASSED] - delay(5): Delayed 5 second(s)

2022-04-18 23:56:26 - [MESSAGE][PASSED] - Delayed 5 second(s)

2022-04-18 23:56:26 - [TEST_STEP][PASSED] - mouseOver(findTestObject("Object Repository/Header/Page_Baby Vitamins  Supplements/span_Shop Products")): Object: 'Object Repository/Header/Page_Baby Vitamins  Supplements/span_Shop Products' is hovered

2022-04-18 23:56:26 - [MESSAGE][PASSED] - Object: 'Object Repository/Header/Page_Baby Vitamins  Supplements/span_Shop Products' is hovered

2022-04-18 23:56:26 - [TEST_STEP][PASSED] - click(findTestObject("Object Repository/Header/Page_Baby Vitamins  Supplements/a_Feeding Accessories")): Object: 'Object Repository/Header/Page_Baby Vitamins  Supplements/a_Feeding Accessories' is clicked on

2022-04-18 23:56:30 - [MESSAGE][PASSED] - Object: 'Object Repository/Header/Page_Baby Vitamins  Supplements/a_Feeding Accessories' is clicked on

2022-04-18 23:56:30 - [TEST_STEP][PASSED] - verifyElementText(findTestObject("Object Repository/Header/Page_/span_Baby Feeding Accessories"), "Baby Feeding Accessories"): Actual text and expected text of test object 'Object Repository/Header/Page_/span_Baby Feeding Accessories' are matched.

2022-04-18 23:56:30 - [MESSAGE][PASSED] - Actual text and expected text of test object 'Object Repository/Header/Page_/span_Baby Feeding Accessories' are matched.

2022-04-18 23:56:30 - [TEST_STEP][PASSED] - verifyElementText(findTestObject("Object Repository/Header/Page_/span_Baby Feeding Accessories"), "Baby Feeding Accessories"): Actual text and expected text of test object 'Object Repository/Header/Page_/span_Baby Feeding Accessories' are matched.

2022-04-18 23:56:30 - [MESSAGE][PASSED] - Actual text and expected text of test object 'Object Repository/Header/Page_/span_Baby Feeding Accessories' are matched.

2022-04-18 23:56:30 - [TEST_STEP][PASSED] - verifyElementText(findTestObject("Object Repository/Header/Page_/h1_Accessories"), "Accessories"): Actual text and expected text of test object 'Object Repository/Header/Page_/h1_Accessories' are matched.

2022-04-18 23:56:31 - [MESSAGE][PASSED] - Actual text and expected text of test object 'Object Repository/Header/Page_/h1_Accessories' are matched.

2022-04-18 23:56:31 - [TEST_STEP][PASSED] - delay(5): Delayed 5 second(s)

2022-04-18 23:56:36 - [MESSAGE][PASSED] - Delayed 5 second(s)

2022-04-18 23:56:36 - [TEST_STEP][PASSED] - mouseOver(findTestObject("Object Repository/Header/Page_/span_Shop Products")): Object: 'Object Repository/Header/Page_/span_Shop Products' is hovered

2022-04-18 23:56:37 - [MESSAGE][PASSED] - Object: 'Object Repository/Header/Page_/span_Shop Products' is hovered

2022-04-18 23:56:37 - [TEST_STEP][PASSED] - verifyElementPresent(findTestObject("Object Repository/Header/Page_/a_Enfamil NeuroPro Infant Formula"), 0): Object 'Object Repository/Header/Page_/a_Enfamil NeuroPro Infant Formula' is present

2022-04-18 23:56:37 - [MESSAGE][WARNING] - Timeout '0' is invalid. Using default page load timeout: '5'

2022-04-18 23:56:38 - [MESSAGE][PASSED] - Object 'Object Repository/Header/Page_/a_Enfamil NeuroPro Infant Formula' is present

2022-04-18 23:56:38 - [TEST_STEP][PASSED] - verifyElementPresent(findTestObject("Object Repository/Header/Page_/a_Enfamil NeuroPro Gentlease Infant Formula"), 0): Object 'Object Repository/Header/Page_/a_Enfamil NeuroPro Gentlease Infant Formula' is present

2022-04-18 23:56:38 - [MESSAGE][WARNING] - Timeout '0' is invalid. Using default page load timeout: '5'

2022-04-18 23:56:38 - [MESSAGE][PASSED] - Object 'Object Repository/Header/Page_/a_Enfamil NeuroPro Gentlease Infant Formula' is present

2022-04-18 23:56:38 - [TEST_STEP][PASSED] - delay(5): Delayed 5 second(s)

2022-04-18 23:56:43 - [MESSAGE][PASSED] - Delayed 5 second(s)

2022-04-18 23:56:43 - [TEST_STEP][PASSED] - closeBrowser(): Browser is closed

2022-04-18 23:56:44 - [MESSAGE][PASSED] - Browser is closed]]></system-out>
         <system-err><![CDATA[2022-04-18 23:54:09 - [TEST_CASE][FAILED] - Test Cases/Venkat/Header/Header - Shop Products Verification: Test Cases/Venkat/Header/Header - Shop Products Verification FAILED.
Reason:
com.kms.katalon.core.exception.StepFailedException: Actual text 'Vitamins & Supplements for Babies, Toddlers & Moms' and expected text 'Baby Vitamins & Supplements' of test object 'Object Repository/Header/Page_Baby Vitamins  Supplements/h1_Vitamins  Supplements for Babies, Toddle_9c4f93' are NOT matched. (Root cause: com.kms.katalon.core.exception.StepFailedException: Actual text 'Vitamins & Supplements for Babies, Toddlers & Moms' and expected text 'Baby Vitamins & Supplements' of test object 'Object Repository/Header/Page_Baby Vitamins  Supplements/h1_Vitamins  Supplements for Babies, Toddle_9c4f93' are NOT matched.
	at com.kms.katalon.core.webui.keyword.internal.WebUIKeywordMain.stepFailed(WebUIKeywordMain.groovy:64)
	at com.kms.katalon.core.webui.keyword.builtin.VerifyElementTextKeyword$_verifyElementText_closure1.doCall(VerifyElementTextKeyword.groovy:57)
	at com.kms.katalon.core.webui.keyword.builtin.VerifyElementTextKeyword$_verifyElementText_closure1.call(VerifyElementTextKeyword.groovy)
	at com.kms.katalon.core.webui.keyword.internal.WebUIKeywordMain.runKeyword(WebUIKeywordMain.groovy:20)
	at com.kms.katalon.core.webui.keyword.builtin.VerifyElementTextKeyword.verifyElementText(VerifyElementTextKeyword.groovy:72)
	at com.kms.katalon.core.webui.keyword.builtin.VerifyElementTextKeyword.execute(VerifyElementTextKeyword.groovy:40)
	at com.kms.katalon.core.keyword.internal.KeywordExecutor.executeKeywordForPlatform(KeywordExecutor.groovy:74)
	at com.kms.katalon.core.webui.keyword.WebUiBuiltInKeywords.verifyElementText(WebUiBuiltInKeywords.groovy:4749)
	at com.kms.katalon.core.webui.keyword.WebUiBuiltInKeywords$verifyElementText$5.call(Unknown Source)
	at Header - Shop Products Verification.run(Header - Shop Products Verification:181)
	at com.kms.katalon.core.main.ScriptEngine.run(ScriptEngine.java:194)
	at com.kms.katalon.core.main.ScriptEngine.runScriptAsRawText(ScriptEngine.java:119)
	at com.kms.katalon.core.main.TestCaseExecutor.runScript(TestCaseExecutor.java:445)
	at com.kms.katalon.core.main.TestCaseExecutor.doExecute(TestCaseExecutor.java:436)
	at com.kms.katalon.core.main.TestCaseExecutor.processExecutionPhase(TestCaseExecutor.java:415)
	at com.kms.katalon.core.main.TestCaseExecutor.accessMainPhase(TestCaseExecutor.java:407)
	at com.kms.katalon.core.main.TestCaseExecutor.execute(TestCaseExecutor.java:284)
	at com.kms.katalon.core.common.CommonExecutor.accessTestCaseMainPhase(CommonExecutor.java:65)
	at com.kms.katalon.core.main.TestSuiteExecutor.accessTestSuiteMainPhase(TestSuiteExecutor.java:144)
	at com.kms.katalon.core.main.TestSuiteExecutor.execute(TestSuiteExecutor.java:106)
	at com.kms.katalon.core.main.TestCaseMain.startTestSuite(TestCaseMain.java:185)
	at com.kms.katalon.core.main.TestCaseMain$startTestSuite$0.call(Unknown Source)
	at TempTestSuite1650304259606.run(TempTestSuite1650304259606.groovy:36)
)
	at com.kms.katalon.core.keyword.internal.KeywordMain.stepFailed(KeywordMain.groovy:39)
	at com.kms.katalon.core.webui.keyword.internal.WebUIKeywordMain.stepFailed(WebUIKeywordMain.groovy:64)
	at com.kms.katalon.core.webui.keyword.builtin.VerifyElementTextKeyword$_verifyElementText_closure1.doCall(VerifyElementTextKeyword.groovy:57)
	at com.kms.katalon.core.webui.keyword.builtin.VerifyElementTextKeyword$_verifyElementText_closure1.call(VerifyElementTextKeyword.groovy)
	at com.kms.katalon.core.webui.keyword.internal.WebUIKeywordMain.runKeyword(WebUIKeywordMain.groovy:20)
	at com.kms.katalon.core.webui.keyword.builtin.VerifyElementTextKeyword.verifyElementText(VerifyElementTextKeyword.groovy:72)
	at com.kms.katalon.core.webui.keyword.builtin.VerifyElementTextKeyword.execute(VerifyElementTextKeyword.groovy:40)
	at com.kms.katalon.core.keyword.internal.KeywordExecutor.executeKeywordForPlatform(KeywordExecutor.groovy:74)
	at com.kms.katalon.core.webui.keyword.WebUiBuiltInKeywords.verifyElementText(WebUiBuiltInKeywords.groovy:4749)
	at com.kms.katalon.core.webui.keyword.WebUiBuiltInKeywords$verifyElementText$5.call(Unknown Source)
	at Header - Shop Products Verification.run(Header - Shop Products Verification:181)
	at com.kms.katalon.core.main.ScriptEngine.run(ScriptEngine.java:194)
	at com.kms.katalon.core.main.ScriptEngine.runScriptAsRawText(ScriptEngine.java:119)
	at com.kms.katalon.core.main.TestCaseExecutor.runScript(TestCaseExecutor.java:445)
	at com.kms.katalon.core.main.TestCaseExecutor.doExecute(TestCaseExecutor.java:436)
	at com.kms.katalon.core.main.TestCaseExecutor.processExecutionPhase(TestCaseExecutor.java:415)
	at com.kms.katalon.core.main.TestCaseExecutor.accessMainPhase(TestCaseExecutor.java:407)
	at com.kms.katalon.core.main.TestCaseExecutor.execute(TestCaseExecutor.java:284)
	at com.kms.katalon.core.common.CommonExecutor.accessTestCaseMainPhase(CommonExecutor.java:65)
	at com.kms.katalon.core.main.TestSuiteExecutor.accessTestSuiteMainPhase(TestSuiteExecutor.java:144)
	at com.kms.katalon.core.main.TestSuiteExecutor.execute(TestSuiteExecutor.java:106)
	at com.kms.katalon.core.main.TestCaseMain.startTestSuite(TestCaseMain.java:185)
	at com.kms.katalon.core.main.TestCaseMain$startTestSuite$0.call(Unknown Source)
	at TempTestSuite1650304259606.run(TempTestSuite1650304259606.groovy:36)
Caused by: com.kms.katalon.core.exception.StepFailedException: Actual text 'Vitamins & Supplements for Babies, Toddlers & Moms' and expected text 'Baby Vitamins & Supplements' of test object 'Object Repository/Header/Page_Baby Vitamins  Supplements/h1_Vitamins  Supplements for Babies, Toddle_9c4f93' are NOT matched.
	... 23 more]]></system-err>
      </testcase>
      <testcase name="Test Cases/Venkat/Header/Header - Promo Verification - Copy" time="52.965" classname="Test Cases/Venkat/Header/Header - Promo Verification - Copy" status="PASSED">
         <system-out><![CDATA[2022-04-18 23:56:44 - [TEST_CASE][PASSED] - Test Cases/Venkat/Header/Header - Promo Verification - Copy: Test Cases/Venkat/Header/Header - Promo Verification - Copy

2022-04-18 23:56:44 - [TEST_STEP][PASSED] - openBrowser(""): Browser is opened with url: ''

2022-04-18 23:56:44 - [MESSAGE][INFO] - Starting 'Chrome' driver

2022-04-18 23:56:44 - [MESSAGE][INFO] - Action delay is set to 0 milliseconds

2022-04-18 23:56:46 - [MESSAGE][PASSED] - Browser is opened with url: ''

2022-04-18 23:56:46 - [TEST_STEP][PASSED] - navigateToUrl(HomePage): Navigate to 'https://enfamil-us.cdn.test.us-east-1.starterkit.rbcloud.io/' successfully

2022-04-18 23:56:48 - [MESSAGE][PASSED] - Navigate to 'https://enfamil-us.cdn.test.us-east-1.starterkit.rbcloud.io/' successfully

2022-04-18 23:56:48 - [TEST_STEP][PASSED] - maximizeWindow(): Current window maximized

2022-04-18 23:56:48 - [MESSAGE][PASSED] - Current window maximized

2022-04-18 23:56:48 - [TEST_STEP][PASSED] - verifyElementPresent(findTestObject("Header/Page_Enfamil Newborn, Infant/Enfamil products"), 0): Object 'Object Repository/Header/Page_Enfamil Newborn, Infant/Enfamil products' is present

2022-04-18 23:56:48 - [MESSAGE][WARNING] - Timeout '0' is invalid. Using default page load timeout: '5'

2022-04-18 23:56:48 - [MESSAGE][PASSED] - Object 'Object Repository/Header/Page_Enfamil Newborn, Infant/Enfamil products' is present

2022-04-18 23:56:48 - [TEST_STEP][PASSED] - verifyElementPresent(findTestObject("Header/Page_Enfamil Newborn, Infant/p_Enfamil products unaffected by recall. Le_0a6984"), 0): Object 'Object Repository/Header/Page_Enfamil Newborn, Infant/p_Enfamil products unaffected by recall. Le_0a6984' is present

2022-04-18 23:56:49 - [MESSAGE][WARNING] - Timeout '0' is invalid. Using default page load timeout: '5'

2022-04-18 23:56:49 - [MESSAGE][PASSED] - Object 'Object Repository/Header/Page_Enfamil Newborn, Infant/p_Enfamil products unaffected by recall. Le_0a6984' is present

2022-04-18 23:56:49 - [TEST_STEP][PASSED] - verifyElementText(findTestObject("Header/Page_Enfamil Newborn, Infant/p_Enfamil products unaffected by recall. Le_0a6984"), "Enfamil products unaffected by recall. Learn more."): Actual text and expected text of test object 'Object Repository/Header/Page_Enfamil Newborn, Infant/p_Enfamil products unaffected by recall. Le_0a6984' are matched.

2022-04-18 23:56:49 - [MESSAGE][PASSED] - Actual text and expected text of test object 'Object Repository/Header/Page_Enfamil Newborn, Infant/p_Enfamil products unaffected by recall. Le_0a6984' are matched.

2022-04-18 23:56:49 - [TEST_STEP][PASSED] - css_color = getCSSValue(findTestObject("Header/Page_Enfamil Newborn, Infant/p_Enfamil products unaffected by recall. Le_0a6984"), "color"): Get CSS 'color' value on 'Object Repository/Header/Page_Enfamil Newborn, Infant/p_Enfamil products unaffected by recall. Le_0a6984' successfully: 'rgba(255, 255, 255, 1)'.

2022-04-18 23:56:50 - [MESSAGE][PASSED] - Get CSS 'color' value on 'Object Repository/Header/Page_Enfamil Newborn, Infant/p_Enfamil products unaffected by recall. Le_0a6984' successfully: 'rgba(255, 255, 255, 1)'.

2022-04-18 23:56:50 - [TEST_STEP][PASSED] - println(css_color): null

2022-04-18 23:56:50 - [TEST_STEP][PASSED] - verifyEqual(css_color, "rgba(255, 255, 255, 1)"): Actual object 'rgba(255, 255, 255, 1)' and expected object 'rgba(255, 255, 255, 1)' are equal

2022-04-18 23:56:50 - [MESSAGE][PASSED] - Actual object 'rgba(255, 255, 255, 1)' and expected object 'rgba(255, 255, 255, 1)' are equal

2022-04-18 23:56:50 - [TEST_STEP][PASSED] - verifyElementPresent(findTestObject("Header/Page_Enfamil Newborn, Infant/u_Learn more"), 0): Object 'Object Repository/Header/Page_Enfamil Newborn, Infant/u_Learn more' is present

2022-04-18 23:56:50 - [MESSAGE][WARNING] - Timeout '0' is invalid. Using default page load timeout: '5'

2022-04-18 23:56:50 - [MESSAGE][PASSED] - Object 'Object Repository/Header/Page_Enfamil Newborn, Infant/u_Learn more' is present

2022-04-18 23:56:50 - [TEST_STEP][PASSED] - verifyElementText(findTestObject("Header/Page_Enfamil Newborn, Infant/u_Learn more"), "Learn more"): Actual text and expected text of test object 'Object Repository/Header/Page_Enfamil Newborn, Infant/u_Learn more' are matched.

2022-04-18 23:56:57 - [MESSAGE][PASSED] - Actual text and expected text of test object 'Object Repository/Header/Page_Enfamil Newborn, Infant/u_Learn more' are matched.

2022-04-18 23:56:57 - [TEST_STEP][PASSED] - verifyElementClickable(findTestObject("Header/Page_Enfamil Newborn, Infant/u_Learn more")): Object 'Object Repository/Header/Page_Enfamil Newborn, Infant/u_Learn more' is clickable

2022-04-18 23:56:59 - [MESSAGE][PASSED] - Object 'Object Repository/Header/Page_Enfamil Newborn, Infant/u_Learn more' is clickable

2022-04-18 23:56:59 - [TEST_STEP][PASSED] - verifyElementPresent(findTestObject("Header/Page_Enfamil Newborn, Infant/button_Close"), 0): Object 'Object Repository/Header/Page_Enfamil Newborn, Infant/button_Close' is present

2022-04-18 23:56:59 - [MESSAGE][WARNING] - Timeout '0' is invalid. Using default page load timeout: '5'

2022-04-18 23:56:59 - [MESSAGE][PASSED] - Object 'Object Repository/Header/Page_Enfamil Newborn, Infant/button_Close' is present

2022-04-18 23:56:59 - [TEST_STEP][PASSED] - verifyElementClickable(findTestObject("Header/Page_Enfamil Newborn, Infant/button_Close")): Object 'Object Repository/Header/Page_Enfamil Newborn, Infant/button_Close' is clickable

2022-04-18 23:57:00 - [MESSAGE][PASSED] - Object 'Object Repository/Header/Page_Enfamil Newborn, Infant/button_Close' is clickable

2022-04-18 23:57:00 - [TEST_STEP][PASSED] - click(findTestObject("Header/Page_Enfamil Newborn, Infant/u_Learn more")): Object: 'Object Repository/Header/Page_Enfamil Newborn, Infant/u_Learn more' is clicked on

2022-04-18 23:57:04 - [MESSAGE][PASSED] - Object: 'Object Repository/Header/Page_Enfamil Newborn, Infant/u_Learn more' is clicked on

2022-04-18 23:57:04 - [TEST_STEP][PASSED] - delay(10): Delayed 10 second(s)

2022-04-18 23:57:14 - [MESSAGE][PASSED] - Delayed 10 second(s)

2022-04-18 23:57:14 - [TEST_STEP][PASSED] - title = getWindowTitle(): Current window's title is: 'EnfamilÂ® Formula Safety | Enfamil'

2022-04-18 23:57:14 - [MESSAGE][PASSED] - Current window's title is: 'EnfamilÂ® Formula Safety | Enfamil'

2022-04-18 23:57:14 - [TEST_STEP][PASSED] - verifyMatch(title, "EnfamilÂ® Formula Safety | Enfamil", false): Actual text 'EnfamilÂ® Formula Safety | Enfamil' and expected text 'EnfamilÂ® Formula Safety | Enfamil' are matched 

2022-04-18 23:57:14 - [MESSAGE][PASSED] - Actual text 'EnfamilÂ® Formula Safety | Enfamil' and expected text 'EnfamilÂ® Formula Safety | Enfamil' are matched 

2022-04-18 23:57:14 - [TEST_STEP][PASSED] - verifyElementText(findTestObject("Object Repository/Header/Page_Enfamil Formula Safety  Enfamil/div_Enfamil Formula Safety"), "EnfamilÂ® Formula Safety"): Actual text and expected text of test object 'Object Repository/Header/Page_Enfamil Formula Safety  Enfamil/div_Enfamil Formula Safety' are matched.

2022-04-18 23:57:14 - [MESSAGE][PASSED] - Actual text and expected text of test object 'Object Repository/Header/Page_Enfamil Formula Safety  Enfamil/div_Enfamil Formula Safety' are matched.

2022-04-18 23:57:14 - [TEST_STEP][PASSED] - verifyElementText(findTestObject("Object Repository/Header/Page_Enfamil Formula Safety  Enfamil/span_Enfamil Formula Safety"), "EnfamilÂ® Formula Safety"): Actual text and expected text of test object 'Object Repository/Header/Page_Enfamil Formula Safety  Enfamil/span_Enfamil Formula Safety' are matched.

2022-04-18 23:57:15 - [MESSAGE][PASSED] - Actual text and expected text of test object 'Object Repository/Header/Page_Enfamil Formula Safety  Enfamil/span_Enfamil Formula Safety' are matched.

2022-04-18 23:57:15 - [TEST_STEP][PASSED] - click(findTestObject("Object Repository/Header/Page_Enfamil Formula Safety  Enfamil/a_Espaol_main-header__logo-link link link--_b21617")): Object: 'Object Repository/Header/Page_Enfamil Formula Safety  Enfamil/a_Espaol_main-header__logo-link link link--_b21617' is clicked on

2022-04-18 23:57:15 - [MESSAGE][PASSED] - Object: 'Object Repository/Header/Page_Enfamil Formula Safety  Enfamil/a_Espaol_main-header__logo-link link link--_b21617' is clicked on

2022-04-18 23:57:15 - [TEST_STEP][PASSED] - delay(15): Delayed 15 second(s)

2022-04-18 23:57:30 - [MESSAGE][PASSED] - Delayed 15 second(s)

2022-04-18 23:57:30 - [TEST_STEP][PASSED] - element = findWebElement(findTestObject("Header/Page_Enfamil Newborn, Infant/button_Close"), 30): null

2022-04-18 23:57:31 - [TEST_STEP][PASSED] - executeJavaScript("arguments[0].click()", Arrays.asList(element)): Execute JavaScript 'arguments[0].click()' successfully

2022-04-18 23:57:31 - [MESSAGE][PASSED] - Execute JavaScript 'arguments[0].click()' successfully

2022-04-18 23:57:31 - [TEST_STEP][PASSED] - delay(5): Delayed 5 second(s)

2022-04-18 23:57:36 - [MESSAGE][PASSED] - Delayed 5 second(s)

2022-04-18 23:57:36 - [TEST_STEP][PASSED] - verifyElementNotPresent(findTestObject("Header/Page_Enfamil Newborn, Infant/p_Enfamil products unaffected by recall. Le_0a6984"), 0): Web element with id: 'Object Repository/Header/Page_Enfamil Newborn, Infant/p_Enfamil products unaffected by recall. Le_0a6984' located by 'By.xpath: //p[(text() = 'Enfamil products unaffected by recall. Learn more.' or . = 'Enfamil products unaffected by recall. Learn more.')]' is not present after '5' second(s)

2022-04-18 23:57:36 - [MESSAGE][WARNING] - Timeout '0' is invalid. Using default page load timeout: '5'

2022-04-18 23:57:36 - [MESSAGE][PASSED] - Web element with id: 'Object Repository/Header/Page_Enfamil Newborn, Infant/p_Enfamil products unaffected by recall. Le_0a6984' located by 'By.xpath: //p[(text() = 'Enfamil products unaffected by recall. Learn more.' or . = 'Enfamil products unaffected by recall. Learn more.')]' is not present after '5' second(s)

2022-04-18 23:57:36 - [TEST_STEP][PASSED] - closeBrowser(): Browser is closed

2022-04-18 23:57:37 - [MESSAGE][PASSED] - Browser is closed]]></system-out>
         <system-err><![CDATA[]]></system-err>
      </testcase>
      <testcase name="Test Cases/Venkat/Header/Header - Tips Resources Verification" time="213.386" classname="Test Cases/Venkat/Header/Header - Tips Resources Verification" status="FAILED">
         <failure type="FAILED" message="Test Cases/Venkat/Header/Header - Tips Resources Verification FAILED.
Reason:
com.kms.katalon.core.exception.StepFailedException: com.kms.katalon.core.webui.exception.WebElementNotFoundException: Web element with id: 'Object Repository/Header/Page_/span_Breastfeeding' located by '//span[(text() = 'Breastfeeding Your Baby' or . = 'Breastfeeding Your Baby')]' not found (Root cause: com.kms.katalon.core.exception.StepFailedException: com.kms.katalon.core.webui.exception.WebElementNotFoundException: Web element with id: 'Object Repository/Header/Page_/span_Breastfeeding' located by '//span[(text() = 'Breastfeeding Your Baby' or . = 'Breastfeeding Your Baby')]' not found
	at com.kms.katalon.core.webui.keyword.internal.WebUIKeywordMain.stepFailed(WebUIKeywordMain.groovy:64)
	at com.kms.katalon.core.webui.keyword.builtin.VerifyElementTextKeyword$_verifyElementText_closure1.doCall(VerifyElementTextKeyword.groovy:64)
	at com.kms.katalon.core.webui.keyword.builtin.VerifyElementTextKeyword$_verifyElementText_closure1.call(VerifyElementTextKeyword.groovy)
	at com.kms.katalon.core.webui.keyword.internal.WebUIKeywordMain.runKeyword(WebUIKeywordMain.groovy:20)
	at com.kms.katalon.core.webui.keyword.builtin.VerifyElementTextKeyword.verifyElementText(VerifyElementTextKeyword.groovy:72)
	at com.kms.katalon.core.webui.keyword.builtin.VerifyElementTextKeyword.execute(VerifyElementTextKeyword.groovy:40)
	at com.kms.katalon.core.keyword.internal.KeywordExecutor.executeKeywordForPlatform(KeywordExecutor.groovy:74)
	at com.kms.katalon.core.webui.keyword.WebUiBuiltInKeywords.verifyElementText(WebUiBuiltInKeywords.groovy:4749)
	at com.kms.katalon.core.webui.keyword.WebUiBuiltInKeywords$verifyElementText$5.call(Unknown Source)
	at Header - Tips Resources Verification.run(Header - Tips Resources Verification:167)
	at com.kms.katalon.core.main.ScriptEngine.run(ScriptEngine.java:194)
	at com.kms.katalon.core.main.ScriptEngine.runScriptAsRawText(ScriptEngine.java:119)
	at com.kms.katalon.core.main.TestCaseExecutor.runScript(TestCaseExecutor.java:445)
	at com.kms.katalon.core.main.TestCaseExecutor.doExecute(TestCaseExecutor.java:436)
	at com.kms.katalon.core.main.TestCaseExecutor.processExecutionPhase(TestCaseExecutor.java:415)
	at com.kms.katalon.core.main.TestCaseExecutor.accessMainPhase(TestCaseExecutor.java:407)
	at com.kms.katalon.core.main.TestCaseExecutor.execute(TestCaseExecutor.java:284)
	at com.kms.katalon.core.common.CommonExecutor.accessTestCaseMainPhase(CommonExecutor.java:65)
	at com.kms.katalon.core.main.TestSuiteExecutor.accessTestSuiteMainPhase(TestSuiteExecutor.java:144)
	at com.kms.katalon.core.main.TestSuiteExecutor.execute(TestSuiteExecutor.java:106)
	at com.kms.katalon.core.main.TestCaseMain.startTestSuite(TestCaseMain.java:185)
	at com.kms.katalon.core.main.TestCaseMain$startTestSuite$0.call(Unknown Source)
	at TempTestSuite1650304259606.run(TempTestSuite1650304259606.groovy:36)
)
	at com.kms.katalon.core.keyword.internal.KeywordMain.stepFailed(KeywordMain.groovy:39)
	at com.kms.katalon.core.webui.keyword.internal.WebUIKeywordMain.stepFailed(WebUIKeywordMain.groovy:64)
	at com.kms.katalon.core.webui.keyword.builtin.VerifyElementTextKeyword$_verifyElementText_closure1.doCall(VerifyElementTextKeyword.groovy:64)
	at com.kms.katalon.core.webui.keyword.builtin.VerifyElementTextKeyword$_verifyElementText_closure1.call(VerifyElementTextKeyword.groovy)
	at com.kms.katalon.core.webui.keyword.internal.WebUIKeywordMain.runKeyword(WebUIKeywordMain.groovy:20)
	at com.kms.katalon.core.webui.keyword.builtin.VerifyElementTextKeyword.verifyElementText(VerifyElementTextKeyword.groovy:72)
	at com.kms.katalon.core.webui.keyword.builtin.VerifyElementTextKeyword.execute(VerifyElementTextKeyword.groovy:40)
	at com.kms.katalon.core.keyword.internal.KeywordExecutor.executeKeywordForPlatform(KeywordExecutor.groovy:74)
	at com.kms.katalon.core.webui.keyword.WebUiBuiltInKeywords.verifyElementText(WebUiBuiltInKeywords.groovy:4749)
	at com.kms.katalon.core.webui.keyword.WebUiBuiltInKeywords$verifyElementText$5.call(Unknown Source)
	at Header - Tips Resources Verification.run(Header - Tips Resources Verification:167)
	at com.kms.katalon.core.main.ScriptEngine.run(ScriptEngine.java:194)
	at com.kms.katalon.core.main.ScriptEngine.runScriptAsRawText(ScriptEngine.java:119)
	at com.kms.katalon.core.main.TestCaseExecutor.runScript(TestCaseExecutor.java:445)
	at com.kms.katalon.core.main.TestCaseExecutor.doExecute(TestCaseExecutor.java:436)
	at com.kms.katalon.core.main.TestCaseExecutor.processExecutionPhase(TestCaseExecutor.java:415)
	at com.kms.katalon.core.main.TestCaseExecutor.accessMainPhase(TestCaseExecutor.java:407)
	at com.kms.katalon.core.main.TestCaseExecutor.execute(TestCaseExecutor.java:284)
	at com.kms.katalon.core.common.CommonExecutor.accessTestCaseMainPhase(CommonExecutor.java:65)
	at com.kms.katalon.core.main.TestSuiteExecutor.accessTestSuiteMainPhase(TestSuiteExecutor.java:144)
	at com.kms.katalon.core.main.TestSuiteExecutor.execute(TestSuiteExecutor.java:106)
	at com.kms.katalon.core.main.TestCaseMain.startTestSuite(TestCaseMain.java:185)
	at com.kms.katalon.core.main.TestCaseMain$startTestSuite$0.call(Unknown Source)
	at TempTestSuite1650304259606.run(TempTestSuite1650304259606.groovy:36)
Caused by: com.kms.katalon.core.exception.StepFailedException: com.kms.katalon.core.webui.exception.WebElementNotFoundException: Web element with id: 'Object Repository/Header/Page_/span_Breastfeeding' located by '//span[(text() = 'Breastfeeding Your Baby' or . = 'Breastfeeding Your Baby')]' not found
	... 23 more
"/>
         <system-out><![CDATA[2022-04-18 23:57:37 - [TEST_CASE][FAILED] - Test Cases/Venkat/Header/Header - Tips Resources Verification: Test Cases/Venkat/Header/Header - Tips Resources Verification FAILED.
Reason:
com.kms.katalon.core.exception.StepFailedException: com.kms.katalon.core.webui.exception.WebElementNotFoundException: Web element with id: 'Object Repository/Header/Page_/span_Breastfeeding' located by '//span[(text() = 'Breastfeeding Your Baby' or . = 'Breastfeeding Your Baby')]' not found (Root cause: com.kms.katalon.core.exception.StepFailedException: com.kms.katalon.core.webui.exception.WebElementNotFoundException: Web element with id: 'Object Repository/Header/Page_/span_Breastfeeding' located by '//span[(text() = 'Breastfeeding Your Baby' or . = 'Breastfeeding Your Baby')]' not found
	at com.kms.katalon.core.webui.keyword.internal.WebUIKeywordMain.stepFailed(WebUIKeywordMain.groovy:64)
	at com.kms.katalon.core.webui.keyword.builtin.VerifyElementTextKeyword$_verifyElementText_closure1.doCall(VerifyElementTextKeyword.groovy:64)
	at com.kms.katalon.core.webui.keyword.builtin.VerifyElementTextKeyword$_verifyElementText_closure1.call(VerifyElementTextKeyword.groovy)
	at com.kms.katalon.core.webui.keyword.internal.WebUIKeywordMain.runKeyword(WebUIKeywordMain.groovy:20)
	at com.kms.katalon.core.webui.keyword.builtin.VerifyElementTextKeyword.verifyElementText(VerifyElementTextKeyword.groovy:72)
	at com.kms.katalon.core.webui.keyword.builtin.VerifyElementTextKeyword.execute(VerifyElementTextKeyword.groovy:40)
	at com.kms.katalon.core.keyword.internal.KeywordExecutor.executeKeywordForPlatform(KeywordExecutor.groovy:74)
	at com.kms.katalon.core.webui.keyword.WebUiBuiltInKeywords.verifyElementText(WebUiBuiltInKeywords.groovy:4749)
	at com.kms.katalon.core.webui.keyword.WebUiBuiltInKeywords$verifyElementText$5.call(Unknown Source)
	at Header - Tips Resources Verification.run(Header - Tips Resources Verification:167)
	at com.kms.katalon.core.main.ScriptEngine.run(ScriptEngine.java:194)
	at com.kms.katalon.core.main.ScriptEngine.runScriptAsRawText(ScriptEngine.java:119)
	at com.kms.katalon.core.main.TestCaseExecutor.runScript(TestCaseExecutor.java:445)
	at com.kms.katalon.core.main.TestCaseExecutor.doExecute(TestCaseExecutor.java:436)
	at com.kms.katalon.core.main.TestCaseExecutor.processExecutionPhase(TestCaseExecutor.java:415)
	at com.kms.katalon.core.main.TestCaseExecutor.accessMainPhase(TestCaseExecutor.java:407)
	at com.kms.katalon.core.main.TestCaseExecutor.execute(TestCaseExecutor.java:284)
	at com.kms.katalon.core.common.CommonExecutor.accessTestCaseMainPhase(CommonExecutor.java:65)
	at com.kms.katalon.core.main.TestSuiteExecutor.accessTestSuiteMainPhase(TestSuiteExecutor.java:144)
	at com.kms.katalon.core.main.TestSuiteExecutor.execute(TestSuiteExecutor.java:106)
	at com.kms.katalon.core.main.TestCaseMain.startTestSuite(TestCaseMain.java:185)
	at com.kms.katalon.core.main.TestCaseMain$startTestSuite$0.call(Unknown Source)
	at TempTestSuite1650304259606.run(TempTestSuite1650304259606.groovy:36)
)
	at com.kms.katalon.core.keyword.internal.KeywordMain.stepFailed(KeywordMain.groovy:39)
	at com.kms.katalon.core.webui.keyword.internal.WebUIKeywordMain.stepFailed(WebUIKeywordMain.groovy:64)
	at com.kms.katalon.core.webui.keyword.builtin.VerifyElementTextKeyword$_verifyElementText_closure1.doCall(VerifyElementTextKeyword.groovy:64)
	at com.kms.katalon.core.webui.keyword.builtin.VerifyElementTextKeyword$_verifyElementText_closure1.call(VerifyElementTextKeyword.groovy)
	at com.kms.katalon.core.webui.keyword.internal.WebUIKeywordMain.runKeyword(WebUIKeywordMain.groovy:20)
	at com.kms.katalon.core.webui.keyword.builtin.VerifyElementTextKeyword.verifyElementText(VerifyElementTextKeyword.groovy:72)
	at com.kms.katalon.core.webui.keyword.builtin.VerifyElementTextKeyword.execute(VerifyElementTextKeyword.groovy:40)
	at com.kms.katalon.core.keyword.internal.KeywordExecutor.executeKeywordForPlatform(KeywordExecutor.groovy:74)
	at com.kms.katalon.core.webui.keyword.WebUiBuiltInKeywords.verifyElementText(WebUiBuiltInKeywords.groovy:4749)
	at com.kms.katalon.core.webui.keyword.WebUiBuiltInKeywords$verifyElementText$5.call(Unknown Source)
	at Header - Tips Resources Verification.run(Header - Tips Resources Verification:167)
	at com.kms.katalon.core.main.ScriptEngine.run(ScriptEngine.java:194)
	at com.kms.katalon.core.main.ScriptEngine.runScriptAsRawText(ScriptEngine.java:119)
	at com.kms.katalon.core.main.TestCaseExecutor.runScript(TestCaseExecutor.java:445)
	at com.kms.katalon.core.main.TestCaseExecutor.doExecute(TestCaseExecutor.java:436)
	at com.kms.katalon.core.main.TestCaseExecutor.processExecutionPhase(TestCaseExecutor.java:415)
	at com.kms.katalon.core.main.TestCaseExecutor.accessMainPhase(TestCaseExecutor.java:407)
	at com.kms.katalon.core.main.TestCaseExecutor.execute(TestCaseExecutor.java:284)
	at com.kms.katalon.core.common.CommonExecutor.accessTestCaseMainPhase(CommonExecutor.java:65)
	at com.kms.katalon.core.main.TestSuiteExecutor.accessTestSuiteMainPhase(TestSuiteExecutor.java:144)
	at com.kms.katalon.core.main.TestSuiteExecutor.execute(TestSuiteExecutor.java:106)
	at com.kms.katalon.core.main.TestCaseMain.startTestSuite(TestCaseMain.java:185)
	at com.kms.katalon.core.main.TestCaseMain$startTestSuite$0.call(Unknown Source)
	at TempTestSuite1650304259606.run(TempTestSuite1650304259606.groovy:36)
Caused by: com.kms.katalon.core.exception.StepFailedException: com.kms.katalon.core.webui.exception.WebElementNotFoundException: Web element with id: 'Object Repository/Header/Page_/span_Breastfeeding' located by '//span[(text() = 'Breastfeeding Your Baby' or . = 'Breastfeeding Your Baby')]' not found
	... 23 more


2022-04-18 23:57:38 - [TEST_STEP][PASSED] - openBrowser(""): Browser is opened with url: ''

2022-04-18 23:57:38 - [MESSAGE][INFO] - Starting 'Chrome' driver

2022-04-18 23:57:38 - [MESSAGE][INFO] - Action delay is set to 0 milliseconds

2022-04-18 23:57:39 - [MESSAGE][PASSED] - Browser is opened with url: ''

2022-04-18 23:57:39 - [TEST_STEP][PASSED] - navigateToUrl(HomePage): Navigate to 'https://enfamil-us.cdn.test.us-east-1.starterkit.rbcloud.io/' successfully

2022-04-18 23:57:41 - [MESSAGE][PASSED] - Navigate to 'https://enfamil-us.cdn.test.us-east-1.starterkit.rbcloud.io/' successfully

2022-04-18 23:57:41 - [TEST_STEP][PASSED] - maximizeWindow(): Current window maximized

2022-04-18 23:57:41 - [MESSAGE][PASSED] - Current window maximized

2022-04-18 23:57:41 - [TEST_STEP][PASSED] - click(findTestObject("Object Repository/Header/Page_Enfamil Newborn, Infant  Toddler Nutri_2e0999/button_GOT IT_onetrust-close-btn-handler on_95ce22")): Object: 'Object Repository/Header/Page_Enfamil Newborn, Infant  Toddler Nutri_2e0999/button_GOT IT_onetrust-close-btn-handler on_95ce22' is clicked on

2022-04-18 23:57:49 - [MESSAGE][PASSED] - Object: 'Object Repository/Header/Page_Enfamil Newborn, Infant  Toddler Nutri_2e0999/button_GOT IT_onetrust-close-btn-handler on_95ce22' is clicked on

2022-04-18 23:57:49 - [TEST_STEP][PASSED] - delay(8): Delayed 8 second(s)

2022-04-18 23:57:57 - [MESSAGE][PASSED] - Delayed 8 second(s)

2022-04-18 23:57:57 - [TEST_STEP][PASSED] - mouseOver(findTestObject("Object Repository/Header/Page_/span_Tips  Resources")): Object: 'Object Repository/Header/Page_/span_Tips  Resources' is hovered

2022-04-18 23:57:58 - [MESSAGE][PASSED] - Object: 'Object Repository/Header/Page_/span_Tips  Resources' is hovered

2022-04-18 23:57:58 - [TEST_STEP][PASSED] - verifyElementPresent(findTestObject("Object Repository/Header/Page_Enfamil Newborn, Infant  Toddler Nutri_2e0999/span_Tips  Resources"), 0): Object 'Object Repository/Header/Page_Enfamil Newborn, Infant  Toddler Nutri_2e0999/span_Tips  Resources' is present

2022-04-18 23:57:58 - [MESSAGE][WARNING] - Timeout '0' is invalid. Using default page load timeout: '5'

2022-04-18 23:57:59 - [MESSAGE][PASSED] - Object 'Object Repository/Header/Page_Enfamil Newborn, Infant  Toddler Nutri_2e0999/span_Tips  Resources' is present

2022-04-18 23:57:59 - [TEST_STEP][PASSED] - verifyElementText(findTestObject("Object Repository/Header/Page_Enfamil Newborn, Infant  Toddler Nutri_2e0999/span_Tips  Resources"), "Tips & Resources"): Actual text and expected text of test object 'Object Repository/Header/Page_Enfamil Newborn, Infant  Toddler Nutri_2e0999/span_Tips  Resources' are matched.

2022-04-18 23:57:59 - [MESSAGE][PASSED] - Actual text and expected text of test object 'Object Repository/Header/Page_Enfamil Newborn, Infant  Toddler Nutri_2e0999/span_Tips  Resources' are matched.

2022-04-18 23:57:59 - [TEST_STEP][PASSED] - verifyElementText(findTestObject("Header/Page_Enfamil Newborn, Infant  Toddler Nutri_2e0999/div_BY AGES STAGES 1"), "BY AGES & STAGES"): Actual text and expected text of test object 'Object Repository/Header/Page_Enfamil Newborn, Infant  Toddler Nutri_2e0999/div_BY AGES STAGES 1' are matched.

2022-04-18 23:57:59 - [MESSAGE][PASSED] - Actual text and expected text of test object 'Object Repository/Header/Page_Enfamil Newborn, Infant  Toddler Nutri_2e0999/div_BY AGES STAGES 1' are matched.

2022-04-18 23:57:59 - [TEST_STEP][PASSED] - verifyElementPresent(findTestObject("Header/Page_Enfamil Newborn, Infant  Toddler Nutri_2e0999/div_BY AGES STAGES 1"), 0): Object 'Object Repository/Header/Page_Enfamil Newborn, Infant  Toddler Nutri_2e0999/div_BY AGES STAGES 1' is present

2022-04-18 23:58:00 - [MESSAGE][WARNING] - Timeout '0' is invalid. Using default page load timeout: '5'

2022-04-18 23:58:00 - [MESSAGE][PASSED] - Object 'Object Repository/Header/Page_Enfamil Newborn, Infant  Toddler Nutri_2e0999/div_BY AGES STAGES 1' is present

2022-04-18 23:58:00 - [TEST_STEP][PASSED] - verifyElementPresent(findTestObject("Object Repository/Header/Page_Enfamil Newborn, Infant  Toddler Nutri_2e0999/span_BY FEEDING TOPIC"), 0): Object 'Object Repository/Header/Page_Enfamil Newborn, Infant  Toddler Nutri_2e0999/span_BY FEEDING TOPIC' is present

2022-04-18 23:58:00 - [MESSAGE][WARNING] - Timeout '0' is invalid. Using default page load timeout: '5'

2022-04-18 23:58:00 - [MESSAGE][PASSED] - Object 'Object Repository/Header/Page_Enfamil Newborn, Infant  Toddler Nutri_2e0999/span_BY FEEDING TOPIC' is present

2022-04-18 23:58:00 - [TEST_STEP][PASSED] - mouseOver(findTestObject("Object Repository/Header/Page_/span_Tips  Resources")): Object: 'Object Repository/Header/Page_/span_Tips  Resources' is hovered

2022-04-18 23:58:01 - [MESSAGE][PASSED] - Object: 'Object Repository/Header/Page_/span_Tips  Resources' is hovered

2022-04-18 23:58:01 - [TEST_STEP][PASSED] - verifyElementText(findTestObject("Object Repository/Header/Page_Enfamil Newborn, Infant  Toddler Nutri_2e0999/span_BY FEEDING TOPIC"), "BY FEEDING TOPIC"): Actual text and expected text of test object 'Object Repository/Header/Page_Enfamil Newborn, Infant  Toddler Nutri_2e0999/span_BY FEEDING TOPIC' are matched.

2022-04-18 23:58:01 - [MESSAGE][PASSED] - Actual text and expected text of test object 'Object Repository/Header/Page_Enfamil Newborn, Infant  Toddler Nutri_2e0999/span_BY FEEDING TOPIC' are matched.

2022-04-18 23:58:01 - [TEST_STEP][PASSED] - verifyElementText(findTestObject("Object Repository/Header/Page_Enfamil Newborn, Infant  Toddler Nutri_2e0999/span_TOOLS"), "TOOLS"): Actual text and expected text of test object 'Object Repository/Header/Page_Enfamil Newborn, Infant  Toddler Nutri_2e0999/span_TOOLS' are matched.

2022-04-18 23:58:01 - [MESSAGE][PASSED] - Actual text and expected text of test object 'Object Repository/Header/Page_Enfamil Newborn, Infant  Toddler Nutri_2e0999/span_TOOLS' are matched.

2022-04-18 23:58:01 - [TEST_STEP][PASSED] - verifyElementText(findTestObject("Header/Page_Enfamil Newborn, Infant  Toddler Nutri_2e0999/div_FEATURED 2"), "FEATURED"): Actual text and expected text of test object 'Object Repository/Header/Page_Enfamil Newborn, Infant  Toddler Nutri_2e0999/div_FEATURED 2' are matched.

2022-04-18 23:58:02 - [MESSAGE][PASSED] - Actual text and expected text of test object 'Object Repository/Header/Page_Enfamil Newborn, Infant  Toddler Nutri_2e0999/div_FEATURED 2' are matched.

2022-04-18 23:58:02 - [TEST_STEP][PASSED] - verifyElementPresent(findTestObject("Header/Page_Enfamil Newborn, Infant  Toddler Nutri_2e0999/div_FEATURED 2"), 0): Object 'Object Repository/Header/Page_Enfamil Newborn, Infant  Toddler Nutri_2e0999/div_FEATURED 2' is present

2022-04-18 23:58:02 - [MESSAGE][WARNING] - Timeout '0' is invalid. Using default page load timeout: '5'

2022-04-18 23:58:02 - [MESSAGE][PASSED] - Object 'Object Repository/Header/Page_Enfamil Newborn, Infant  Toddler Nutri_2e0999/div_FEATURED 2' is present

2022-04-18 23:58:02 - [TEST_STEP][PASSED] - verifyElementPresent(findTestObject("Object Repository/Header/Page_Enfamil Newborn, Infant  Toddler Nutri_2e0999/a_FAQs"), 0): Object 'Object Repository/Header/Page_Enfamil Newborn, Infant  Toddler Nutri_2e0999/a_FAQs' is present

2022-04-18 23:58:02 - [MESSAGE][WARNING] - Timeout '0' is invalid. Using default page load timeout: '5'

2022-04-18 23:58:03 - [MESSAGE][PASSED] - Object 'Object Repository/Header/Page_Enfamil Newborn, Infant  Toddler Nutri_2e0999/a_FAQs' is present

2022-04-18 23:58:03 - [TEST_STEP][PASSED] - verifyElementText(findTestObject("Object Repository/Header/Page_Enfamil Newborn, Infant  Toddler Nutri_2e0999/a_FAQs"), "FAQs"): Actual text and expected text of test object 'Object Repository/Header/Page_Enfamil Newborn, Infant  Toddler Nutri_2e0999/a_FAQs' are matched.

2022-04-18 23:58:03 - [MESSAGE][PASSED] - Actual text and expected text of test object 'Object Repository/Header/Page_Enfamil Newborn, Infant  Toddler Nutri_2e0999/a_FAQs' are matched.

2022-04-18 23:58:03 - [TEST_STEP][PASSED] - verifyElementText(findTestObject("Object Repository/Header/Page_Enfamil Newborn, Infant  Toddler Nutri_2e0999/p_Helpful advice and answers to parents mos_7696c9"), "Helpful advice and answers to parents' most common questions."): Actual text and expected text of test object 'Object Repository/Header/Page_Enfamil Newborn, Infant  Toddler Nutri_2e0999/p_Helpful advice and answers to parents mos_7696c9' are matched.

2022-04-18 23:58:03 - [MESSAGE][PASSED] - Actual text and expected text of test object 'Object Repository/Header/Page_Enfamil Newborn, Infant  Toddler Nutri_2e0999/p_Helpful advice and answers to parents mos_7696c9' are matched.

2022-04-18 23:58:03 - [TEST_STEP][PASSED] - verifyElementPresent(findTestObject("Header/Page_Enfamil Newborn, Infant  Toddler Nutri_2e0999/a_Prenatal 2"), 0): Object 'Object Repository/Header/Page_Enfamil Newborn, Infant  Toddler Nutri_2e0999/a_Prenatal 2' is present

2022-04-18 23:58:03 - [MESSAGE][WARNING] - Timeout '0' is invalid. Using default page load timeout: '5'

2022-04-18 23:58:04 - [MESSAGE][PASSED] - Object 'Object Repository/Header/Page_Enfamil Newborn, Infant  Toddler Nutri_2e0999/a_Prenatal 2' is present

2022-04-18 23:58:04 - [TEST_STEP][PASSED] - verifyElementPresent(findTestObject("Object Repository/Header/Page_Enfamil Newborn, Infant  Toddler Nutri_2e0999/a_PostnatalAfter pregnancy"), 0): Object 'Object Repository/Header/Page_Enfamil Newborn, Infant  Toddler Nutri_2e0999/a_PostnatalAfter pregnancy' is present

2022-04-18 23:58:04 - [MESSAGE][WARNING] - Timeout '0' is invalid. Using default page load timeout: '5'

2022-04-18 23:58:04 - [MESSAGE][PASSED] - Object 'Object Repository/Header/Page_Enfamil Newborn, Infant  Toddler Nutri_2e0999/a_PostnatalAfter pregnancy' is present

2022-04-18 23:58:04 - [TEST_STEP][PASSED] - verifyElementPresent(findTestObject("Object Repository/Header/Page_Enfamil Newborn, Infant  Toddler Nutri_2e0999/a_Premature09 mos"), 0): Object 'Object Repository/Header/Page_Enfamil Newborn, Infant  Toddler Nutri_2e0999/a_Premature09 mos' is present

2022-04-18 23:58:04 - [MESSAGE][WARNING] - Timeout '0' is invalid. Using default page load timeout: '5'

2022-04-18 23:58:04 - [MESSAGE][PASSED] - Object 'Object Repository/Header/Page_Enfamil Newborn, Infant  Toddler Nutri_2e0999/a_Premature09 mos' is present

2022-04-18 23:58:04 - [TEST_STEP][PASSED] - verifyElementPresent(findTestObject("Object Repository/Header/Page_Enfamil Newborn, Infant  Toddler Nutri_2e0999/a_Newborn0-3 mos"), 0): Object 'Object Repository/Header/Page_Enfamil Newborn, Infant  Toddler Nutri_2e0999/a_Newborn0-3 mos' is present

2022-04-18 23:58:05 - [MESSAGE][WARNING] - Timeout '0' is invalid. Using default page load timeout: '5'

2022-04-18 23:58:05 - [MESSAGE][PASSED] - Object 'Object Repository/Header/Page_Enfamil Newborn, Infant  Toddler Nutri_2e0999/a_Newborn0-3 mos' is present

2022-04-18 23:58:05 - [TEST_STEP][PASSED] - verifyElementPresent(findTestObject("Object Repository/Header/Page_Enfamil Newborn, Infant  Toddler Nutri_2e0999/a_Infant0 - 12 mos"), 0): Object 'Object Repository/Header/Page_Enfamil Newborn, Infant  Toddler Nutri_2e0999/a_Infant0 - 12 mos' is present

2022-04-18 23:58:05 - [MESSAGE][WARNING] - Timeout '0' is invalid. Using default page load timeout: '5'

2022-04-18 23:58:05 - [MESSAGE][PASSED] - Object 'Object Repository/Header/Page_Enfamil Newborn, Infant  Toddler Nutri_2e0999/a_Infant0 - 12 mos' is present

2022-04-18 23:58:05 - [TEST_STEP][PASSED] - verifyElementPresent(findTestObject("Object Repository/Header/Page_Enfamil Newborn, Infant  Toddler Nutri_2e0999/a_Toddler1-3 yrs"), 0): Object 'Object Repository/Header/Page_Enfamil Newborn, Infant  Toddler Nutri_2e0999/a_Toddler1-3 yrs' is present

2022-04-18 23:58:05 - [MESSAGE][WARNING] - Timeout '0' is invalid. Using default page load timeout: '5'

2022-04-18 23:58:06 - [MESSAGE][PASSED] - Object 'Object Repository/Header/Page_Enfamil Newborn, Infant  Toddler Nutri_2e0999/a_Toddler1-3 yrs' is present

2022-04-18 23:58:06 - [TEST_STEP][PASSED] - mouseOver(findTestObject("Object Repository/Header/Page_/span_Tips  Resources")): Object: 'Object Repository/Header/Page_/span_Tips  Resources' is hovered

2022-04-18 23:58:06 - [MESSAGE][PASSED] - Object: 'Object Repository/Header/Page_/span_Tips  Resources' is hovered

2022-04-18 23:58:06 - [TEST_STEP][PASSED] - click(findTestObject("Header/Page_Enfamil Newborn, Infant  Toddler Nutri_2e0999/a_Prenatal 2")): Object: 'Object Repository/Header/Page_Enfamil Newborn, Infant  Toddler Nutri_2e0999/a_Prenatal 2' is clicked on

2022-04-18 23:58:07 - [MESSAGE][PASSED] - Object: 'Object Repository/Header/Page_Enfamil Newborn, Infant  Toddler Nutri_2e0999/a_Prenatal 2' is clicked on

2022-04-18 23:58:07 - [TEST_STEP][PASSED] - verifyElementPresent(findTestObject("Object Repository/Header/Page_/h2_My Pregnancy"), 0): Object 'Object Repository/Header/Page_/h2_My Pregnancy' is present

2022-04-18 23:58:07 - [MESSAGE][WARNING] - Timeout '0' is invalid. Using default page load timeout: '5'

2022-04-18 23:58:12 - [MESSAGE][PASSED] - Object 'Object Repository/Header/Page_/h2_My Pregnancy' is present

2022-04-18 23:58:12 - [TEST_STEP][PASSED] - verifyElementText(findTestObject("Object Repository/Header/Page_/h2_My Pregnancy"), "My Pregnancy"): Actual text and expected text of test object 'Object Repository/Header/Page_/h2_My Pregnancy' are matched.

2022-04-18 23:58:13 - [MESSAGE][PASSED] - Actual text and expected text of test object 'Object Repository/Header/Page_/h2_My Pregnancy' are matched.

2022-04-18 23:58:13 - [TEST_STEP][PASSED] - verifyElementText(findTestObject("Object Repository/Header/Page_/span_Prenatal"), "Prenatal"): Actual text and expected text of test object 'Object Repository/Header/Page_/span_Prenatal' are matched.

2022-04-18 23:58:13 - [MESSAGE][PASSED] - Actual text and expected text of test object 'Object Repository/Header/Page_/span_Prenatal' are matched.

2022-04-18 23:58:13 - [TEST_STEP][PASSED] - delay(5): Delayed 5 second(s)

2022-04-18 23:58:18 - [MESSAGE][PASSED] - Delayed 5 second(s)

2022-04-18 23:58:18 - [TEST_STEP][PASSED] - mouseOver(findTestObject("Object Repository/Header/Page_/span_Tips  Resources")): Object: 'Object Repository/Header/Page_/span_Tips  Resources' is hovered

2022-04-18 23:58:19 - [MESSAGE][PASSED] - Object: 'Object Repository/Header/Page_/span_Tips  Resources' is hovered

2022-04-18 23:58:19 - [TEST_STEP][PASSED] - click(findTestObject("Object Repository/Header/Page_/a_PostnatalAfter pregnancy")): Object: 'Object Repository/Header/Page_/a_PostnatalAfter pregnancy' is clicked on

2022-04-18 23:58:20 - [MESSAGE][PASSED] - Object: 'Object Repository/Header/Page_/a_PostnatalAfter pregnancy' is clicked on

2022-04-18 23:58:20 - [TEST_STEP][PASSED] - verifyElementText(findTestObject("Object Repository/Header/Page_/span_Postnatal"), "Postnatal"): Actual text and expected text of test object 'Object Repository/Header/Page_/span_Postnatal' are matched.

2022-04-18 23:58:22 - [MESSAGE][PASSED] - Actual text and expected text of test object 'Object Repository/Header/Page_/span_Postnatal' are matched.

2022-04-18 23:58:22 - [TEST_STEP][PASSED] - verifyElementText(findTestObject("Object Repository/Header/Page_/h2_After Pregnancy"), "After Pregnancy"): Actual text and expected text of test object 'Object Repository/Header/Page_/h2_After Pregnancy' are matched.

2022-04-18 23:58:23 - [MESSAGE][PASSED] - Actual text and expected text of test object 'Object Repository/Header/Page_/h2_After Pregnancy' are matched.

2022-04-18 23:58:23 - [TEST_STEP][PASSED] - delay(5): Delayed 5 second(s)

2022-04-18 23:58:28 - [MESSAGE][PASSED] - Delayed 5 second(s)

2022-04-18 23:58:28 - [TEST_STEP][PASSED] - mouseOver(findTestObject("Object Repository/Header/Page_/span_Tips  Resources")): Object: 'Object Repository/Header/Page_/span_Tips  Resources' is hovered

2022-04-18 23:58:28 - [MESSAGE][PASSED] - Object: 'Object Repository/Header/Page_/span_Tips  Resources' is hovered

2022-04-18 23:58:28 - [TEST_STEP][PASSED] - click(findTestObject("Header/Page_/a_Premature_2")): Object: 'Object Repository/Header/Page_/a_Premature_2' is clicked on

2022-04-18 23:58:29 - [MESSAGE][PASSED] - Object: 'Object Repository/Header/Page_/a_Premature_2' is clicked on

2022-04-18 23:58:29 - [TEST_STEP][PASSED] - verifyElementText(findTestObject("Object Repository/Header/Page_/span_Premature"), "Premature"): Actual text and expected text of test object 'Object Repository/Header/Page_/span_Premature' are matched.

2022-04-18 23:58:31 - [MESSAGE][PASSED] - Actual text and expected text of test object 'Object Repository/Header/Page_/span_Premature' are matched.

2022-04-18 23:58:31 - [TEST_STEP][PASSED] - verifyElementText(findTestObject("Object Repository/Header/Page_/h1_Premature Baby Care"), "Premature Baby Care"): Actual text and expected text of test object 'Object Repository/Header/Page_/h1_Premature Baby Care' are matched.

2022-04-18 23:58:32 - [MESSAGE][PASSED] - Actual text and expected text of test object 'Object Repository/Header/Page_/h1_Premature Baby Care' are matched.

2022-04-18 23:58:32 - [TEST_STEP][PASSED] - delay(5): Delayed 5 second(s)

2022-04-18 23:58:37 - [MESSAGE][PASSED] - Delayed 5 second(s)

2022-04-18 23:58:37 - [TEST_STEP][PASSED] - mouseOver(findTestObject("Object Repository/Header/Page_/span_Tips  Resources")): Object: 'Object Repository/Header/Page_/span_Tips  Resources' is hovered

2022-04-18 23:58:38 - [MESSAGE][PASSED] - Object: 'Object Repository/Header/Page_/span_Tips  Resources' is hovered

2022-04-18 23:58:38 - [TEST_STEP][PASSED] - click(findTestObject("Object Repository/Header/Page_/a_Newborn0-3 mos")): Object: 'Object Repository/Header/Page_/a_Newborn0-3 mos' is clicked on

2022-04-18 23:58:38 - [MESSAGE][PASSED] - Object: 'Object Repository/Header/Page_/a_Newborn0-3 mos' is clicked on

2022-04-18 23:58:38 - [TEST_STEP][PASSED] - verifyElementText(findTestObject("Object Repository/Header/Page_/span_Newborn"), "Newborn"): Actual text and expected text of test object 'Object Repository/Header/Page_/span_Newborn' are matched.

2022-04-18 23:58:42 - [MESSAGE][PASSED] - Actual text and expected text of test object 'Object Repository/Header/Page_/span_Newborn' are matched.

2022-04-18 23:58:42 - [TEST_STEP][PASSED] - verifyElementText(findTestObject("Object Repository/Header/Page_/h1_Newborn"), "Newborn"): Actual text and expected text of test object 'Object Repository/Header/Page_/h1_Newborn' are matched.

2022-04-18 23:58:42 - [MESSAGE][PASSED] - Actual text and expected text of test object 'Object Repository/Header/Page_/h1_Newborn' are matched.

2022-04-18 23:58:42 - [TEST_STEP][PASSED] - delay(5): Delayed 5 second(s)

2022-04-18 23:58:47 - [MESSAGE][PASSED] - Delayed 5 second(s)

2022-04-18 23:58:47 - [TEST_STEP][PASSED] - mouseOver(findTestObject("Object Repository/Header/Page_/span_Tips  Resources")): Object: 'Object Repository/Header/Page_/span_Tips  Resources' is hovered

2022-04-18 23:58:48 - [MESSAGE][PASSED] - Object: 'Object Repository/Header/Page_/span_Tips  Resources' is hovered

2022-04-18 23:58:48 - [TEST_STEP][PASSED] - click(findTestObject("Object Repository/Header/Page_/a_Infant0 - 12 mos")): Object: 'Object Repository/Header/Page_/a_Infant0 - 12 mos' is clicked on

2022-04-18 23:58:49 - [MESSAGE][PASSED] - Object: 'Object Repository/Header/Page_/a_Infant0 - 12 mos' is clicked on

2022-04-18 23:58:49 - [TEST_STEP][PASSED] - verifyElementText(findTestObject("Object Repository/Header/Page_/h1_Infant"), "Infant"): Actual text and expected text of test object 'Object Repository/Header/Page_/h1_Infant' are matched.

2022-04-18 23:58:53 - [MESSAGE][PASSED] - Actual text and expected text of test object 'Object Repository/Header/Page_/h1_Infant' are matched.

2022-04-18 23:58:53 - [TEST_STEP][PASSED] - verifyElementText(findTestObject("Object Repository/Header/Page_/span_Infant"), "Infant"): Actual text and expected text of test object 'Object Repository/Header/Page_/span_Infant' are matched.

2022-04-18 23:58:53 - [MESSAGE][PASSED] - Actual text and expected text of test object 'Object Repository/Header/Page_/span_Infant' are matched.

2022-04-18 23:58:53 - [TEST_STEP][PASSED] - verifyElementPresent(findTestObject("Object Repository/Header/Page_/h1_Infant"), 0): Object 'Object Repository/Header/Page_/h1_Infant' is present

2022-04-18 23:58:53 - [MESSAGE][WARNING] - Timeout '0' is invalid. Using default page load timeout: '5'

2022-04-18 23:58:54 - [MESSAGE][PASSED] - Object 'Object Repository/Header/Page_/h1_Infant' is present

2022-04-18 23:58:54 - [TEST_STEP][PASSED] - delay(5): Delayed 5 second(s)

2022-04-18 23:58:59 - [MESSAGE][PASSED] - Delayed 5 second(s)

2022-04-18 23:58:59 - [TEST_STEP][PASSED] - mouseOver(findTestObject("Object Repository/Header/Page_/span_Tips  Resources")): Object: 'Object Repository/Header/Page_/span_Tips  Resources' is hovered

2022-04-18 23:58:59 - [MESSAGE][PASSED] - Object: 'Object Repository/Header/Page_/span_Tips  Resources' is hovered

2022-04-18 23:58:59 - [TEST_STEP][PASSED] - click(findTestObject("Object Repository/Header/Page_/a_Toddler1-3 yrs")): Object: 'Object Repository/Header/Page_/a_Toddler1-3 yrs' is clicked on

2022-04-18 23:59:00 - [MESSAGE][PASSED] - Object: 'Object Repository/Header/Page_/a_Toddler1-3 yrs' is clicked on

2022-04-18 23:59:00 - [TEST_STEP][PASSED] - verifyElementText(findTestObject("Object Repository/Header/Page_/h1_Toddler"), "Toddler"): Actual text and expected text of test object 'Object Repository/Header/Page_/h1_Toddler' are matched.

2022-04-18 23:59:04 - [MESSAGE][PASSED] - Actual text and expected text of test object 'Object Repository/Header/Page_/h1_Toddler' are matched.

2022-04-18 23:59:04 - [TEST_STEP][PASSED] - verifyElementPresent(findTestObject("Object Repository/Header/Page_/h1_Toddler"), 0): Object 'Object Repository/Header/Page_/h1_Toddler' is present

2022-04-18 23:59:04 - [MESSAGE][WARNING] - Timeout '0' is invalid. Using default page load timeout: '5'

2022-04-18 23:59:04 - [MESSAGE][PASSED] - Object 'Object Repository/Header/Page_/h1_Toddler' is present

2022-04-18 23:59:04 - [TEST_STEP][PASSED] - verifyElementText(findTestObject("Object Repository/Header/Page_/span_Toddler"), "Toddler"): Actual text and expected text of test object 'Object Repository/Header/Page_/span_Toddler' are matched.

2022-04-18 23:59:05 - [MESSAGE][PASSED] - Actual text and expected text of test object 'Object Repository/Header/Page_/span_Toddler' are matched.

2022-04-18 23:59:05 - [TEST_STEP][PASSED] - delay(5): Delayed 5 second(s)

2022-04-18 23:59:10 - [MESSAGE][PASSED] - Delayed 5 second(s)

2022-04-18 23:59:10 - [TEST_STEP][PASSED] - mouseOver(findTestObject("Object Repository/Header/Page_/span_Tips  Resources")): Object: 'Object Repository/Header/Page_/span_Tips  Resources' is hovered

2022-04-18 23:59:10 - [MESSAGE][PASSED] - Object: 'Object Repository/Header/Page_/span_Tips  Resources' is hovered

2022-04-18 23:59:10 - [TEST_STEP][PASSED] - click(findTestObject("Object Repository/Header/Page_/a_Formula Feeding")): Object: 'Object Repository/Header/Page_/a_Formula Feeding' is clicked on

2022-04-18 23:59:13 - [MESSAGE][PASSED] - Object: 'Object Repository/Header/Page_/a_Formula Feeding' is clicked on

2022-04-18 23:59:13 - [TEST_STEP][PASSED] - verifyElementText(findTestObject("Object Repository/Header/Page_/span_Formula Feeding"), "Formula Feeding"): Actual text and expected text of test object 'Object Repository/Header/Page_/span_Formula Feeding' are matched.

2022-04-18 23:59:13 - [MESSAGE][PASSED] - Actual text and expected text of test object 'Object Repository/Header/Page_/span_Formula Feeding' are matched.

2022-04-18 23:59:13 - [TEST_STEP][PASSED] - verifyElementPresent(findTestObject("Object Repository/Header/Page_/h1_Formula Feeding"), 0): Object 'Object Repository/Header/Page_/h1_Formula Feeding' is present

2022-04-18 23:59:13 - [MESSAGE][WARNING] - Timeout '0' is invalid. Using default page load timeout: '5'

2022-04-18 23:59:14 - [MESSAGE][PASSED] - Object 'Object Repository/Header/Page_/h1_Formula Feeding' is present

2022-04-18 23:59:14 - [TEST_STEP][PASSED] - delay(5): Delayed 5 second(s)

2022-04-18 23:59:19 - [MESSAGE][PASSED] - Delayed 5 second(s)

2022-04-18 23:59:19 - [TEST_STEP][PASSED] - mouseOver(findTestObject("Object Repository/Header/Page_/span_Tips  Resources")): Object: 'Object Repository/Header/Page_/span_Tips  Resources' is hovered

2022-04-18 23:59:19 - [MESSAGE][PASSED] - Object: 'Object Repository/Header/Page_/span_Tips  Resources' is hovered

2022-04-18 23:59:19 - [TEST_STEP][PASSED] - click(findTestObject("Object Repository/Header/Page_/a_Breastfeeding")): Object: 'Object Repository/Header/Page_/a_Breastfeeding' is clicked on

2022-04-18 23:59:23 - [MESSAGE][PASSED] - Object: 'Object Repository/Header/Page_/a_Breastfeeding' is clicked on

2022-04-18 23:59:23 - [TEST_STEP][PASSED] - verifyElementPresent(findTestObject("Object Repository/Header/Page_/h1_Breastfeeding Your Baby"), 0): Object 'Object Repository/Header/Page_/h1_Breastfeeding Your Baby' is present

2022-04-18 23:59:23 - [MESSAGE][WARNING] - Timeout '0' is invalid. Using default page load timeout: '5'

2022-04-18 23:59:23 - [MESSAGE][PASSED] - Object 'Object Repository/Header/Page_/h1_Breastfeeding Your Baby' is present

2022-04-18 23:59:23 - [TEST_STEP][FAILED] - verifyElementText(findTestObject("Object Repository/Header/Page_/span_Breastfeeding"), "Breastfeeding Your Baby"): com.kms.katalon.core.webui.exception.WebElementNotFoundException: Web element with id: 'Object Repository/Header/Page_/span_Breastfeeding' located by '//span[(text() = 'Breastfeeding Your Baby' or . = 'Breastfeeding Your Baby')]' not found (Root cause: com.kms.katalon.core.exception.StepFailedException: com.kms.katalon.core.webui.exception.WebElementNotFoundException: Web element with id: 'Object Repository/Header/Page_/span_Breastfeeding' located by '//span[(text() = 'Breastfeeding Your Baby' or . = 'Breastfeeding Your Baby')]' not found
	at com.kms.katalon.core.webui.keyword.internal.WebUIKeywordMain.stepFailed(WebUIKeywordMain.groovy:64)
	at com.kms.katalon.core.webui.keyword.builtin.VerifyElementTextKeyword$_verifyElementText_closure1.doCall(VerifyElementTextKeyword.groovy:64)
	at com.kms.katalon.core.webui.keyword.builtin.VerifyElementTextKeyword$_verifyElementText_closure1.call(VerifyElementTextKeyword.groovy)
	at com.kms.katalon.core.webui.keyword.internal.WebUIKeywordMain.runKeyword(WebUIKeywordMain.groovy:20)
	at com.kms.katalon.core.webui.keyword.builtin.VerifyElementTextKeyword.verifyElementText(VerifyElementTextKeyword.groovy:72)
	at com.kms.katalon.core.webui.keyword.builtin.VerifyElementTextKeyword.execute(VerifyElementTextKeyword.groovy:40)
	at com.kms.katalon.core.keyword.internal.KeywordExecutor.executeKeywordForPlatform(KeywordExecutor.groovy:74)
	at com.kms.katalon.core.webui.keyword.WebUiBuiltInKeywords.verifyElementText(WebUiBuiltInKeywords.groovy:4749)
	at com.kms.katalon.core.webui.keyword.WebUiBuiltInKeywords$verifyElementText$5.call(Unknown Source)
	at Header - Tips Resources Verification.run(Header - Tips Resources Verification:167)
	at com.kms.katalon.core.main.ScriptEngine.run(ScriptEngine.java:194)
	at com.kms.katalon.core.main.ScriptEngine.runScriptAsRawText(ScriptEngine.java:119)
	at com.kms.katalon.core.main.TestCaseExecutor.runScript(TestCaseExecutor.java:445)
	at com.kms.katalon.core.main.TestCaseExecutor.doExecute(TestCaseExecutor.java:436)
	at com.kms.katalon.core.main.TestCaseExecutor.processExecutionPhase(TestCaseExecutor.java:415)
	at com.kms.katalon.core.main.TestCaseExecutor.accessMainPhase(TestCaseExecutor.java:407)
	at com.kms.katalon.core.main.TestCaseExecutor.execute(TestCaseExecutor.java:284)
	at com.kms.katalon.core.common.CommonExecutor.accessTestCaseMainPhase(CommonExecutor.java:65)
	at com.kms.katalon.core.main.TestSuiteExecutor.accessTestSuiteMainPhase(TestSuiteExecutor.java:144)
	at com.kms.katalon.core.main.TestSuiteExecutor.execute(TestSuiteExecutor.java:106)
	at com.kms.katalon.core.main.TestCaseMain.startTestSuite(TestCaseMain.java:185)
	at com.kms.katalon.core.main.TestCaseMain$startTestSuite$0.call(Unknown Source)
	at TempTestSuite1650304259606.run(TempTestSuite1650304259606.groovy:36)
)

2022-04-18 23:59:30 - [MESSAGE][INFO] - Unable to find the element located by 'By.xpath: //span[(text() = 'Breastfeeding Your Baby' or . = 'Breastfeeding Your Baby')]'. Please recheck the objects properties to make sure the desired element is located. 

2022-04-18 23:59:30 - [MESSAGE][FAILED] - com.kms.katalon.core.webui.exception.WebElementNotFoundException: Web element with id: 'Object Repository/Header/Page_/span_Breastfeeding' located by '//span[(text() = 'Breastfeeding Your Baby' or . = 'Breastfeeding Your Baby')]' not found (Root cause: com.kms.katalon.core.exception.StepFailedException: com.kms.katalon.core.webui.exception.WebElementNotFoundException: Web element with id: 'Object Repository/Header/Page_/span_Breastfeeding' located by '//span[(text() = 'Breastfeeding Your Baby' or . = 'Breastfeeding Your Baby')]' not found
	at com.kms.katalon.core.webui.keyword.internal.WebUIKeywordMain.stepFailed(WebUIKeywordMain.groovy:64)
	at com.kms.katalon.core.webui.keyword.builtin.VerifyElementTextKeyword$_verifyElementText_closure1.doCall(VerifyElementTextKeyword.groovy:64)
	at com.kms.katalon.core.webui.keyword.builtin.VerifyElementTextKeyword$_verifyElementText_closure1.call(VerifyElementTextKeyword.groovy)
	at com.kms.katalon.core.webui.keyword.internal.WebUIKeywordMain.runKeyword(WebUIKeywordMain.groovy:20)
	at com.kms.katalon.core.webui.keyword.builtin.VerifyElementTextKeyword.verifyElementText(VerifyElementTextKeyword.groovy:72)
	at com.kms.katalon.core.webui.keyword.builtin.VerifyElementTextKeyword.execute(VerifyElementTextKeyword.groovy:40)
	at com.kms.katalon.core.keyword.internal.KeywordExecutor.executeKeywordForPlatform(KeywordExecutor.groovy:74)
	at com.kms.katalon.core.webui.keyword.WebUiBuiltInKeywords.verifyElementText(WebUiBuiltInKeywords.groovy:4749)
	at com.kms.katalon.core.webui.keyword.WebUiBuiltInKeywords$verifyElementText$5.call(Unknown Source)
	at Header - Tips Resources Verification.run(Header - Tips Resources Verification:167)
	at com.kms.katalon.core.main.ScriptEngine.run(ScriptEngine.java:194)
	at com.kms.katalon.core.main.ScriptEngine.runScriptAsRawText(ScriptEngine.java:119)
	at com.kms.katalon.core.main.TestCaseExecutor.runScript(TestCaseExecutor.java:445)
	at com.kms.katalon.core.main.TestCaseExecutor.doExecute(TestCaseExecutor.java:436)
	at com.kms.katalon.core.main.TestCaseExecutor.processExecutionPhase(TestCaseExecutor.java:415)
	at com.kms.katalon.core.main.TestCaseExecutor.accessMainPhase(TestCaseExecutor.java:407)
	at com.kms.katalon.core.main.TestCaseExecutor.execute(TestCaseExecutor.java:284)
	at com.kms.katalon.core.common.CommonExecutor.accessTestCaseMainPhase(CommonExecutor.java:65)
	at com.kms.katalon.core.main.TestSuiteExecutor.accessTestSuiteMainPhase(TestSuiteExecutor.java:144)
	at com.kms.katalon.core.main.TestSuiteExecutor.execute(TestSuiteExecutor.java:106)
	at com.kms.katalon.core.main.TestCaseMain.startTestSuite(TestCaseMain.java:185)
	at com.kms.katalon.core.main.TestCaseMain$startTestSuite$0.call(Unknown Source)
	at TempTestSuite1650304259606.run(TempTestSuite1650304259606.groovy:36)
)
[[ATTACHMENT|D:\\SmoketestSuite\\enfamilUS\\Reports\\20220418_232059\\SmokeTestCollection - Venkat\\SmokeTestSuite-Collection - UAT\\20220418_232059\\1650306570581.png]]

2022-04-18 23:59:30 - [TEST_STEP][PASSED] - delay(5): Delayed 5 second(s)

2022-04-18 23:59:35 - [MESSAGE][PASSED] - Delayed 5 second(s)

2022-04-18 23:59:35 - [TEST_STEP][PASSED] - mouseOver(findTestObject("Object Repository/Header/Page_/span_Tips  Resources")): Object: 'Object Repository/Header/Page_/span_Tips  Resources' is hovered

2022-04-18 23:59:36 - [MESSAGE][PASSED] - Object: 'Object Repository/Header/Page_/span_Tips  Resources' is hovered

2022-04-18 23:59:36 - [TEST_STEP][PASSED] - click(findTestObject("Object Repository/Header/Page_/a_Supplementing")): Object: 'Object Repository/Header/Page_/a_Supplementing' is clicked on

2022-04-18 23:59:40 - [MESSAGE][PASSED] - Object: 'Object Repository/Header/Page_/a_Supplementing' is clicked on

2022-04-18 23:59:40 - [TEST_STEP][FAILED] - verifyElementText(findTestObject("Object Repository/Header/Page_/span_Supplementing"), "Supplementing with Formula"): com.kms.katalon.core.webui.exception.WebElementNotFoundException: Web element with id: 'Object Repository/Header/Page_/span_Supplementing' located by '//span[text() = 'Supplementing with Formula']' not found (Root cause: com.kms.katalon.core.exception.StepFailedException: com.kms.katalon.core.webui.exception.WebElementNotFoundException: Web element with id: 'Object Repository/Header/Page_/span_Supplementing' located by '//span[text() = 'Supplementing with Formula']' not found
	at com.kms.katalon.core.webui.keyword.internal.WebUIKeywordMain.stepFailed(WebUIKeywordMain.groovy:64)
	at com.kms.katalon.core.webui.keyword.builtin.VerifyElementTextKeyword$_verifyElementText_closure1.doCall(VerifyElementTextKeyword.groovy:64)
	at com.kms.katalon.core.webui.keyword.builtin.VerifyElementTextKeyword$_verifyElementText_closure1.call(VerifyElementTextKeyword.groovy)
	at com.kms.katalon.core.webui.keyword.internal.WebUIKeywordMain.runKeyword(WebUIKeywordMain.groovy:20)
	at com.kms.katalon.core.webui.keyword.builtin.VerifyElementTextKeyword.verifyElementText(VerifyElementTextKeyword.groovy:72)
	at com.kms.katalon.core.webui.keyword.builtin.VerifyElementTextKeyword.execute(VerifyElementTextKeyword.groovy:40)
	at com.kms.katalon.core.keyword.internal.KeywordExecutor.executeKeywordForPlatform(KeywordExecutor.groovy:74)
	at com.kms.katalon.core.webui.keyword.WebUiBuiltInKeywords.verifyElementText(WebUiBuiltInKeywords.groovy:4749)
	at com.kms.katalon.core.webui.keyword.WebUiBuiltInKeywords$verifyElementText$5.call(Unknown Source)
	at Header - Tips Resources Verification.run(Header - Tips Resources Verification:175)
	at com.kms.katalon.core.main.ScriptEngine.run(ScriptEngine.java:194)
	at com.kms.katalon.core.main.ScriptEngine.runScriptAsRawText(ScriptEngine.java:119)
	at com.kms.katalon.core.main.TestCaseExecutor.runScript(TestCaseExecutor.java:445)
	at com.kms.katalon.core.main.TestCaseExecutor.doExecute(TestCaseExecutor.java:436)
	at com.kms.katalon.core.main.TestCaseExecutor.processExecutionPhase(TestCaseExecutor.java:415)
	at com.kms.katalon.core.main.TestCaseExecutor.accessMainPhase(TestCaseExecutor.java:407)
	at com.kms.katalon.core.main.TestCaseExecutor.execute(TestCaseExecutor.java:284)
	at com.kms.katalon.core.common.CommonExecutor.accessTestCaseMainPhase(CommonExecutor.java:65)
	at com.kms.katalon.core.main.TestSuiteExecutor.accessTestSuiteMainPhase(TestSuiteExecutor.java:144)
	at com.kms.katalon.core.main.TestSuiteExecutor.execute(TestSuiteExecutor.java:106)
	at com.kms.katalon.core.main.TestCaseMain.startTestSuite(TestCaseMain.java:185)
	at com.kms.katalon.core.main.TestCaseMain$startTestSuite$0.call(Unknown Source)
	at TempTestSuite1650304259606.run(TempTestSuite1650304259606.groovy:36)
)

2022-04-18 23:59:46 - [MESSAGE][INFO] - Unable to find the element located by 'By.xpath: //span[text() = 'Supplementing with Formula']'. Please recheck the objects properties to make sure the desired element is located. 

2022-04-18 23:59:46 - [MESSAGE][FAILED] - com.kms.katalon.core.webui.exception.WebElementNotFoundException: Web element with id: 'Object Repository/Header/Page_/span_Supplementing' located by '//span[text() = 'Supplementing with Formula']' not found (Root cause: com.kms.katalon.core.exception.StepFailedException: com.kms.katalon.core.webui.exception.WebElementNotFoundException: Web element with id: 'Object Repository/Header/Page_/span_Supplementing' located by '//span[text() = 'Supplementing with Formula']' not found
	at com.kms.katalon.core.webui.keyword.internal.WebUIKeywordMain.stepFailed(WebUIKeywordMain.groovy:64)
	at com.kms.katalon.core.webui.keyword.builtin.VerifyElementTextKeyword$_verifyElementText_closure1.doCall(VerifyElementTextKeyword.groovy:64)
	at com.kms.katalon.core.webui.keyword.builtin.VerifyElementTextKeyword$_verifyElementText_closure1.call(VerifyElementTextKeyword.groovy)
	at com.kms.katalon.core.webui.keyword.internal.WebUIKeywordMain.runKeyword(WebUIKeywordMain.groovy:20)
	at com.kms.katalon.core.webui.keyword.builtin.VerifyElementTextKeyword.verifyElementText(VerifyElementTextKeyword.groovy:72)
	at com.kms.katalon.core.webui.keyword.builtin.VerifyElementTextKeyword.execute(VerifyElementTextKeyword.groovy:40)
	at com.kms.katalon.core.keyword.internal.KeywordExecutor.executeKeywordForPlatform(KeywordExecutor.groovy:74)
	at com.kms.katalon.core.webui.keyword.WebUiBuiltInKeywords.verifyElementText(WebUiBuiltInKeywords.groovy:4749)
	at com.kms.katalon.core.webui.keyword.WebUiBuiltInKeywords$verifyElementText$5.call(Unknown Source)
	at Header - Tips Resources Verification.run(Header - Tips Resources Verification:175)
	at com.kms.katalon.core.main.ScriptEngine.run(ScriptEngine.java:194)
	at com.kms.katalon.core.main.ScriptEngine.runScriptAsRawText(ScriptEngine.java:119)
	at com.kms.katalon.core.main.TestCaseExecutor.runScript(TestCaseExecutor.java:445)
	at com.kms.katalon.core.main.TestCaseExecutor.doExecute(TestCaseExecutor.java:436)
	at com.kms.katalon.core.main.TestCaseExecutor.processExecutionPhase(TestCaseExecutor.java:415)
	at com.kms.katalon.core.main.TestCaseExecutor.accessMainPhase(TestCaseExecutor.java:407)
	at com.kms.katalon.core.main.TestCaseExecutor.execute(TestCaseExecutor.java:284)
	at com.kms.katalon.core.common.CommonExecutor.accessTestCaseMainPhase(CommonExecutor.java:65)
	at com.kms.katalon.core.main.TestSuiteExecutor.accessTestSuiteMainPhase(TestSuiteExecutor.java:144)
	at com.kms.katalon.core.main.TestSuiteExecutor.execute(TestSuiteExecutor.java:106)
	at com.kms.katalon.core.main.TestCaseMain.startTestSuite(TestCaseMain.java:185)
	at com.kms.katalon.core.main.TestCaseMain$startTestSuite$0.call(Unknown Source)
	at TempTestSuite1650304259606.run(TempTestSuite1650304259606.groovy:36)
)
[[ATTACHMENT|D:\\SmoketestSuite\\enfamilUS\\Reports\\20220418_232059\\SmokeTestCollection - Venkat\\SmokeTestSuite-Collection - UAT\\20220418_232059\\1650306586680.png]]

2022-04-18 23:59:46 - [TEST_STEP][PASSED] - verifyElementText(findTestObject("Object Repository/Header/Page_/h1_Supplementing with Formula"), "Supplementing with Formula"): Actual text and expected text of test object 'Object Repository/Header/Page_/h1_Supplementing with Formula' are matched.

2022-04-18 23:59:47 - [MESSAGE][PASSED] - Actual text and expected text of test object 'Object Repository/Header/Page_/h1_Supplementing with Formula' are matched.

2022-04-18 23:59:47 - [TEST_STEP][PASSED] - verifyElementPresent(findTestObject("Object Repository/Header/Page_/h1_Supplementing with Formula"), 0): Object 'Object Repository/Header/Page_/h1_Supplementing with Formula' is present

2022-04-18 23:59:47 - [MESSAGE][WARNING] - Timeout '0' is invalid. Using default page load timeout: '5'

2022-04-18 23:59:47 - [MESSAGE][PASSED] - Object 'Object Repository/Header/Page_/h1_Supplementing with Formula' is present

2022-04-18 23:59:47 - [TEST_STEP][PASSED] - delay(5): Delayed 5 second(s)

2022-04-18 23:59:52 - [MESSAGE][PASSED] - Delayed 5 second(s)

2022-04-18 23:59:52 - [TEST_STEP][PASSED] - mouseOver(findTestObject("Object Repository/Header/Page_/span_Tips  Resources")): Object: 'Object Repository/Header/Page_/span_Tips  Resources' is hovered

2022-04-18 23:59:53 - [MESSAGE][PASSED] - Object: 'Object Repository/Header/Page_/span_Tips  Resources' is hovered

2022-04-18 23:59:53 - [TEST_STEP][PASSED] - click(findTestObject("Object Repository/Header/Page_/a_Feeding Issues")): Object: 'Object Repository/Header/Page_/a_Feeding Issues' is clicked on

2022-04-18 23:59:57 - [MESSAGE][PASSED] - Object: 'Object Repository/Header/Page_/a_Feeding Issues' is clicked on

2022-04-18 23:59:57 - [TEST_STEP][FAILED] - verifyElementText(findTestObject("Object Repository/Header/Page_/span_Feeding Issues"), "Baby Feeding Issues"): com.kms.katalon.core.webui.exception.WebElementNotFoundException: Web element with id: 'Object Repository/Header/Page_/span_Feeding Issues' located by '//span[text() = 'Baby Feeding Issues']' not found (Root cause: com.kms.katalon.core.exception.StepFailedException: com.kms.katalon.core.webui.exception.WebElementNotFoundException: Web element with id: 'Object Repository/Header/Page_/span_Feeding Issues' located by '//span[text() = 'Baby Feeding Issues']' not found
	at com.kms.katalon.core.webui.keyword.internal.WebUIKeywordMain.stepFailed(WebUIKeywordMain.groovy:64)
	at com.kms.katalon.core.webui.keyword.builtin.VerifyElementTextKeyword$_verifyElementText_closure1.doCall(VerifyElementTextKeyword.groovy:64)
	at com.kms.katalon.core.webui.keyword.builtin.VerifyElementTextKeyword$_verifyElementText_closure1.call(VerifyElementTextKeyword.groovy)
	at com.kms.katalon.core.webui.keyword.internal.WebUIKeywordMain.runKeyword(WebUIKeywordMain.groovy:20)
	at com.kms.katalon.core.webui.keyword.builtin.VerifyElementTextKeyword.verifyElementText(VerifyElementTextKeyword.groovy:72)
	at com.kms.katalon.core.webui.keyword.builtin.VerifyElementTextKeyword.execute(VerifyElementTextKeyword.groovy:40)
	at com.kms.katalon.core.keyword.internal.KeywordExecutor.executeKeywordForPlatform(KeywordExecutor.groovy:74)
	at com.kms.katalon.core.webui.keyword.WebUiBuiltInKeywords.verifyElementText(WebUiBuiltInKeywords.groovy:4749)
	at com.kms.katalon.core.webui.keyword.WebUiBuiltInKeywords$verifyElementText$5.call(Unknown Source)
	at Header - Tips Resources Verification.run(Header - Tips Resources Verification:187)
	at com.kms.katalon.core.main.ScriptEngine.run(ScriptEngine.java:194)
	at com.kms.katalon.core.main.ScriptEngine.runScriptAsRawText(ScriptEngine.java:119)
	at com.kms.katalon.core.main.TestCaseExecutor.runScript(TestCaseExecutor.java:445)
	at com.kms.katalon.core.main.TestCaseExecutor.doExecute(TestCaseExecutor.java:436)
	at com.kms.katalon.core.main.TestCaseExecutor.processExecutionPhase(TestCaseExecutor.java:415)
	at com.kms.katalon.core.main.TestCaseExecutor.accessMainPhase(TestCaseExecutor.java:407)
	at com.kms.katalon.core.main.TestCaseExecutor.execute(TestCaseExecutor.java:284)
	at com.kms.katalon.core.common.CommonExecutor.accessTestCaseMainPhase(CommonExecutor.java:65)
	at com.kms.katalon.core.main.TestSuiteExecutor.accessTestSuiteMainPhase(TestSuiteExecutor.java:144)
	at com.kms.katalon.core.main.TestSuiteExecutor.execute(TestSuiteExecutor.java:106)
	at com.kms.katalon.core.main.TestCaseMain.startTestSuite(TestCaseMain.java:185)
	at com.kms.katalon.core.main.TestCaseMain$startTestSuite$0.call(Unknown Source)
	at TempTestSuite1650304259606.run(TempTestSuite1650304259606.groovy:36)
)

2022-04-19 00:00:03 - [MESSAGE][INFO] - Unable to find the element located by 'By.xpath: //span[text() = 'Baby Feeding Issues']'. Please recheck the objects properties to make sure the desired element is located. 

2022-04-19 00:00:03 - [MESSAGE][FAILED] - com.kms.katalon.core.webui.exception.WebElementNotFoundException: Web element with id: 'Object Repository/Header/Page_/span_Feeding Issues' located by '//span[text() = 'Baby Feeding Issues']' not found (Root cause: com.kms.katalon.core.exception.StepFailedException: com.kms.katalon.core.webui.exception.WebElementNotFoundException: Web element with id: 'Object Repository/Header/Page_/span_Feeding Issues' located by '//span[text() = 'Baby Feeding Issues']' not found
	at com.kms.katalon.core.webui.keyword.internal.WebUIKeywordMain.stepFailed(WebUIKeywordMain.groovy:64)
	at com.kms.katalon.core.webui.keyword.builtin.VerifyElementTextKeyword$_verifyElementText_closure1.doCall(VerifyElementTextKeyword.groovy:64)
	at com.kms.katalon.core.webui.keyword.builtin.VerifyElementTextKeyword$_verifyElementText_closure1.call(VerifyElementTextKeyword.groovy)
	at com.kms.katalon.core.webui.keyword.internal.WebUIKeywordMain.runKeyword(WebUIKeywordMain.groovy:20)
	at com.kms.katalon.core.webui.keyword.builtin.VerifyElementTextKeyword.verifyElementText(VerifyElementTextKeyword.groovy:72)
	at com.kms.katalon.core.webui.keyword.builtin.VerifyElementTextKeyword.execute(VerifyElementTextKeyword.groovy:40)
	at com.kms.katalon.core.keyword.internal.KeywordExecutor.executeKeywordForPlatform(KeywordExecutor.groovy:74)
	at com.kms.katalon.core.webui.keyword.WebUiBuiltInKeywords.verifyElementText(WebUiBuiltInKeywords.groovy:4749)
	at com.kms.katalon.core.webui.keyword.WebUiBuiltInKeywords$verifyElementText$5.call(Unknown Source)
	at Header - Tips Resources Verification.run(Header - Tips Resources Verification:187)
	at com.kms.katalon.core.main.ScriptEngine.run(ScriptEngine.java:194)
	at com.kms.katalon.core.main.ScriptEngine.runScriptAsRawText(ScriptEngine.java:119)
	at com.kms.katalon.core.main.TestCaseExecutor.runScript(TestCaseExecutor.java:445)
	at com.kms.katalon.core.main.TestCaseExecutor.doExecute(TestCaseExecutor.java:436)
	at com.kms.katalon.core.main.TestCaseExecutor.processExecutionPhase(TestCaseExecutor.java:415)
	at com.kms.katalon.core.main.TestCaseExecutor.accessMainPhase(TestCaseExecutor.java:407)
	at com.kms.katalon.core.main.TestCaseExecutor.execute(TestCaseExecutor.java:284)
	at com.kms.katalon.core.common.CommonExecutor.accessTestCaseMainPhase(CommonExecutor.java:65)
	at com.kms.katalon.core.main.TestSuiteExecutor.accessTestSuiteMainPhase(TestSuiteExecutor.java:144)
	at com.kms.katalon.core.main.TestSuiteExecutor.execute(TestSuiteExecutor.java:106)
	at com.kms.katalon.core.main.TestCaseMain.startTestSuite(TestCaseMain.java:185)
	at com.kms.katalon.core.main.TestCaseMain$startTestSuite$0.call(Unknown Source)
	at TempTestSuite1650304259606.run(TempTestSuite1650304259606.groovy:36)
)
[[ATTACHMENT|D:\\SmoketestSuite\\enfamilUS\\Reports\\20220418_232059\\SmokeTestCollection - Venkat\\SmokeTestSuite-Collection - UAT\\20220418_232059\\1650306603337.png]]

2022-04-19 00:00:03 - [TEST_STEP][PASSED] - verifyElementText(findTestObject("Object Repository/Header/Page_/h1_Baby Feeding Issues"), "Baby Feeding Issues"): Actual text and expected text of test object 'Object Repository/Header/Page_/h1_Baby Feeding Issues' are matched.

2022-04-19 00:00:04 - [MESSAGE][PASSED] - Actual text and expected text of test object 'Object Repository/Header/Page_/h1_Baby Feeding Issues' are matched.

2022-04-19 00:00:04 - [TEST_STEP][PASSED] - verifyElementPresent(findTestObject("Object Repository/Header/Page_/h1_Baby Feeding Issues"), 0): Object 'Object Repository/Header/Page_/h1_Baby Feeding Issues' is present

2022-04-19 00:00:04 - [MESSAGE][WARNING] - Timeout '0' is invalid. Using default page load timeout: '5'

2022-04-19 00:00:04 - [MESSAGE][PASSED] - Object 'Object Repository/Header/Page_/h1_Baby Feeding Issues' is present

2022-04-19 00:00:04 - [TEST_STEP][PASSED] - delay(5): Delayed 5 second(s)

2022-04-19 00:00:09 - [MESSAGE][PASSED] - Delayed 5 second(s)

2022-04-19 00:00:09 - [TEST_STEP][PASSED] - mouseOver(findTestObject("Object Repository/Header/Page_/span_Tips  Resources")): Object: 'Object Repository/Header/Page_/span_Tips  Resources' is hovered

2022-04-19 00:00:10 - [MESSAGE][PASSED] - Object: 'Object Repository/Header/Page_/span_Tips  Resources' is hovered

2022-04-19 00:00:10 - [TEST_STEP][PASSED] - click(findTestObject("Object Repository/Header/Page_/a_Enfamil Formula Comparison")): Object: 'Object Repository/Header/Page_/a_Enfamil Formula Comparison' is clicked on

2022-04-19 00:00:12 - [MESSAGE][PASSED] - Object: 'Object Repository/Header/Page_/a_Enfamil Formula Comparison' is clicked on

2022-04-19 00:00:12 - [TEST_STEP][PASSED] - verifyElementText(findTestObject("Object Repository/Header/Page_/span_Product Comparison"), "Product Comparison"): Actual text and expected text of test object 'Object Repository/Header/Page_/span_Product Comparison' are matched.

2022-04-19 00:00:12 - [MESSAGE][PASSED] - Actual text and expected text of test object 'Object Repository/Header/Page_/span_Product Comparison' are matched.

2022-04-19 00:00:12 - [TEST_STEP][PASSED] - delay(5): Delayed 5 second(s)

2022-04-19 00:00:17 - [MESSAGE][PASSED] - Delayed 5 second(s)

2022-04-19 00:00:17 - [TEST_STEP][PASSED] - mouseOver(findTestObject("Object Repository/Header/Page_/span_Tips  Resources")): Object: 'Object Repository/Header/Page_/span_Tips  Resources' is hovered

2022-04-19 00:00:18 - [MESSAGE][PASSED] - Object: 'Object Repository/Header/Page_/span_Tips  Resources' is hovered

2022-04-19 00:00:18 - [TEST_STEP][PASSED] - click(findTestObject("Object Repository/Header/Page_/a_Competitor Formula Comparison")): Object: 'Object Repository/Header/Page_/a_Competitor Formula Comparison' is clicked on

2022-04-19 00:00:20 - [MESSAGE][PASSED] - Object: 'Object Repository/Header/Page_/a_Competitor Formula Comparison' is clicked on

2022-04-19 00:00:20 - [TEST_STEP][PASSED] - verifyElementText(findTestObject("Object Repository/Header/Page_Similac Vs Enfamil Baby Formula Compar_3fb2fb/span_Baby Formula Recall"), "Baby Formula Comparison Chart"): Actual text and expected text of test object 'Object Repository/Header/Page_Similac Vs Enfamil Baby Formula Compar_3fb2fb/span_Baby Formula Recall' are matched.

2022-04-19 00:00:28 - [MESSAGE][PASSED] - Actual text and expected text of test object 'Object Repository/Header/Page_Similac Vs Enfamil Baby Formula Compar_3fb2fb/span_Baby Formula Recall' are matched.

2022-04-19 00:00:28 - [TEST_STEP][PASSED] - verifyElementPresent(findTestObject("Object Repository/Header/Page_Similac Vs Enfamil Baby Formula Compar_3fb2fb/h1_Enfamil Formula Equivalents"), 0): Object 'Object Repository/Header/Page_Similac Vs Enfamil Baby Formula Compar_3fb2fb/h1_Enfamil Formula Equivalents' is present

2022-04-19 00:00:28 - [MESSAGE][WARNING] - Timeout '0' is invalid. Using default page load timeout: '5'

2022-04-19 00:00:29 - [MESSAGE][PASSED] - Object 'Object Repository/Header/Page_Similac Vs Enfamil Baby Formula Compar_3fb2fb/h1_Enfamil Formula Equivalents' is present

2022-04-19 00:00:29 - [TEST_STEP][PASSED] - navigateToUrl(HomePage): Navigate to 'https://enfamil-us.cdn.test.us-east-1.starterkit.rbcloud.io/' successfully

2022-04-19 00:00:30 - [MESSAGE][PASSED] - Navigate to 'https://enfamil-us.cdn.test.us-east-1.starterkit.rbcloud.io/' successfully

2022-04-19 00:00:30 - [TEST_STEP][PASSED] - delay(5): Delayed 5 second(s)

2022-04-19 00:00:35 - [MESSAGE][PASSED] - Delayed 5 second(s)

2022-04-19 00:00:35 - [TEST_STEP][PASSED] - mouseOver(findTestObject("Object Repository/Header/Page_Similac Vs Enfamil Baby Formula Compar_3fb2fb/span_Tips  Resources")): Object: 'Object Repository/Header/Page_Similac Vs Enfamil Baby Formula Compar_3fb2fb/span_Tips  Resources' is hovered

2022-04-19 00:00:37 - [MESSAGE][PASSED] - Object: 'Object Repository/Header/Page_Similac Vs Enfamil Baby Formula Compar_3fb2fb/span_Tips  Resources' is hovered

2022-04-19 00:00:37 - [TEST_STEP][PASSED] - click(findTestObject("Header/New Folder/Page_Enfamil Newborn, Infant  Toddler Nutrition  Enfamil/a_Baby Feeding Guide")): Object: 'Object Repository/Header/New Folder/Page_Enfamil Newborn, Infant  Toddler Nutrition  Enfamil/a_Baby Feeding Guide' is clicked on

2022-04-19 00:00:40 - [MESSAGE][PASSED] - Object: 'Object Repository/Header/New Folder/Page_Enfamil Newborn, Infant  Toddler Nutrition  Enfamil/a_Baby Feeding Guide' is clicked on

2022-04-19 00:00:40 - [TEST_STEP][PASSED] - delay(5): Delayed 5 second(s)

2022-04-19 00:00:45 - [MESSAGE][PASSED] - Delayed 5 second(s)

2022-04-19 00:00:45 - [TEST_STEP][PASSED] - verifyElementText(findTestObject("Object Repository/Header/Page_Baby Feeding Guide  Enfamil/span_Baby Feeding Guide"), "Baby Feeding Guide"): Actual text and expected text of test object 'Object Repository/Header/Page_Baby Feeding Guide  Enfamil/span_Baby Feeding Guide' are matched.

2022-04-19 00:00:46 - [MESSAGE][PASSED] - Actual text and expected text of test object 'Object Repository/Header/Page_Baby Feeding Guide  Enfamil/span_Baby Feeding Guide' are matched.

2022-04-19 00:00:46 - [TEST_STEP][PASSED] - verifyElementPresent(findTestObject("Object Repository/Header/Page_Baby Feeding Guide  Enfamil/h1_Baby Feeding Guide"), 0): Object 'Object Repository/Header/Page_Baby Feeding Guide  Enfamil/h1_Baby Feeding Guide' is present

2022-04-19 00:00:46 - [MESSAGE][WARNING] - Timeout '0' is invalid. Using default page load timeout: '5'

2022-04-19 00:00:46 - [MESSAGE][PASSED] - Object 'Object Repository/Header/Page_Baby Feeding Guide  Enfamil/h1_Baby Feeding Guide' is present

2022-04-19 00:00:46 - [TEST_STEP][PASSED] - delay(5): Delayed 5 second(s)

2022-04-19 00:00:51 - [MESSAGE][PASSED] - Delayed 5 second(s)

2022-04-19 00:00:51 - [TEST_STEP][PASSED] - mouseOver(findTestObject("Object Repository/Header/Page_Baby Feeding Guide  Enfamil/span_Tips  Resources")): Object: 'Object Repository/Header/Page_Baby Feeding Guide  Enfamil/span_Tips  Resources' is hovered

2022-04-19 00:00:52 - [MESSAGE][PASSED] - Object: 'Object Repository/Header/Page_Baby Feeding Guide  Enfamil/span_Tips  Resources' is hovered

2022-04-19 00:00:52 - [TEST_STEP][PASSED] - delay(3): Delayed 3 second(s)

2022-04-19 00:00:55 - [MESSAGE][PASSED] - Delayed 3 second(s)

2022-04-19 00:00:55 - [TEST_STEP][PASSED] - click(findTestObject("Header/New Folder/Page_Enfamil Newborn, Infant  Toddler Nutrition  Enfamil/a_Store Locator")): Object: 'Object Repository/Header/New Folder/Page_Enfamil Newborn, Infant  Toddler Nutrition  Enfamil/a_Store Locator' is clicked on

2022-04-19 00:00:56 - [MESSAGE][PASSED] - Object: 'Object Repository/Header/New Folder/Page_Enfamil Newborn, Infant  Toddler Nutrition  Enfamil/a_Store Locator' is clicked on

2022-04-19 00:00:56 - [TEST_STEP][PASSED] - verifyElementText(findTestObject("Object Repository/Header/Page_Store Locator Baby Formula Near Me  Enfamil/span_Store Locator"), "Store Locator"): Actual text and expected text of test object 'Object Repository/Header/Page_Store Locator Baby Formula Near Me  Enfamil/span_Store Locator' are matched.

2022-04-19 00:00:57 - [MESSAGE][PASSED] - Actual text and expected text of test object 'Object Repository/Header/Page_Store Locator Baby Formula Near Me  Enfamil/span_Store Locator' are matched.

2022-04-19 00:00:57 - [TEST_STEP][PASSED] - delay(5): Delayed 5 second(s)

2022-04-19 00:01:02 - [MESSAGE][PASSED] - Delayed 5 second(s)

2022-04-19 00:01:02 - [TEST_STEP][PASSED] - mouseOver(findTestObject("Object Repository/Header/Page_Store Locator Baby Formula Near Me  Enfamil/span_Tips  Resources")): Object: 'Object Repository/Header/Page_Store Locator Baby Formula Near Me  Enfamil/span_Tips  Resources' is hovered

2022-04-19 00:01:02 - [MESSAGE][PASSED] - Object: 'Object Repository/Header/Page_Store Locator Baby Formula Near Me  Enfamil/span_Tips  Resources' is hovered

2022-04-19 00:01:02 - [TEST_STEP][PASSED] - click(findTestObject("Object Repository/Header/Page_Store Locator Baby Formula Near Me  Enfamil/div_Open menuShop ProductsShop ProductsShop_68227c")): Object: 'Object Repository/Header/Page_Store Locator Baby Formula Near Me  Enfamil/div_Open menuShop ProductsShop ProductsShop_68227c' is clicked on

2022-04-19 00:01:04 - [MESSAGE][PASSED] - Object: 'Object Repository/Header/Page_Store Locator Baby Formula Near Me  Enfamil/div_Open menuShop ProductsShop ProductsShop_68227c' is clicked on

2022-04-19 00:01:04 - [TEST_STEP][PASSED] - delay(5): Delayed 5 second(s)

2022-04-19 00:01:09 - [MESSAGE][PASSED] - Delayed 5 second(s)

2022-04-19 00:01:09 - [TEST_STEP][PASSED] - closeBrowser(): Browser is closed

2022-04-19 00:01:10 - [MESSAGE][PASSED] - Browser is closed]]></system-out>
         <system-err><![CDATA[2022-04-18 23:57:37 - [TEST_CASE][FAILED] - Test Cases/Venkat/Header/Header - Tips Resources Verification: Test Cases/Venkat/Header/Header - Tips Resources Verification FAILED.
Reason:
com.kms.katalon.core.exception.StepFailedException: com.kms.katalon.core.webui.exception.WebElementNotFoundException: Web element with id: 'Object Repository/Header/Page_/span_Breastfeeding' located by '//span[(text() = 'Breastfeeding Your Baby' or . = 'Breastfeeding Your Baby')]' not found (Root cause: com.kms.katalon.core.exception.StepFailedException: com.kms.katalon.core.webui.exception.WebElementNotFoundException: Web element with id: 'Object Repository/Header/Page_/span_Breastfeeding' located by '//span[(text() = 'Breastfeeding Your Baby' or . = 'Breastfeeding Your Baby')]' not found
	at com.kms.katalon.core.webui.keyword.internal.WebUIKeywordMain.stepFailed(WebUIKeywordMain.groovy:64)
	at com.kms.katalon.core.webui.keyword.builtin.VerifyElementTextKeyword$_verifyElementText_closure1.doCall(VerifyElementTextKeyword.groovy:64)
	at com.kms.katalon.core.webui.keyword.builtin.VerifyElementTextKeyword$_verifyElementText_closure1.call(VerifyElementTextKeyword.groovy)
	at com.kms.katalon.core.webui.keyword.internal.WebUIKeywordMain.runKeyword(WebUIKeywordMain.groovy:20)
	at com.kms.katalon.core.webui.keyword.builtin.VerifyElementTextKeyword.verifyElementText(VerifyElementTextKeyword.groovy:72)
	at com.kms.katalon.core.webui.keyword.builtin.VerifyElementTextKeyword.execute(VerifyElementTextKeyword.groovy:40)
	at com.kms.katalon.core.keyword.internal.KeywordExecutor.executeKeywordForPlatform(KeywordExecutor.groovy:74)
	at com.kms.katalon.core.webui.keyword.WebUiBuiltInKeywords.verifyElementText(WebUiBuiltInKeywords.groovy:4749)
	at com.kms.katalon.core.webui.keyword.WebUiBuiltInKeywords$verifyElementText$5.call(Unknown Source)
	at Header - Tips Resources Verification.run(Header - Tips Resources Verification:167)
	at com.kms.katalon.core.main.ScriptEngine.run(ScriptEngine.java:194)
	at com.kms.katalon.core.main.ScriptEngine.runScriptAsRawText(ScriptEngine.java:119)
	at com.kms.katalon.core.main.TestCaseExecutor.runScript(TestCaseExecutor.java:445)
	at com.kms.katalon.core.main.TestCaseExecutor.doExecute(TestCaseExecutor.java:436)
	at com.kms.katalon.core.main.TestCaseExecutor.processExecutionPhase(TestCaseExecutor.java:415)
	at com.kms.katalon.core.main.TestCaseExecutor.accessMainPhase(TestCaseExecutor.java:407)
	at com.kms.katalon.core.main.TestCaseExecutor.execute(TestCaseExecutor.java:284)
	at com.kms.katalon.core.common.CommonExecutor.accessTestCaseMainPhase(CommonExecutor.java:65)
	at com.kms.katalon.core.main.TestSuiteExecutor.accessTestSuiteMainPhase(TestSuiteExecutor.java:144)
	at com.kms.katalon.core.main.TestSuiteExecutor.execute(TestSuiteExecutor.java:106)
	at com.kms.katalon.core.main.TestCaseMain.startTestSuite(TestCaseMain.java:185)
	at com.kms.katalon.core.main.TestCaseMain$startTestSuite$0.call(Unknown Source)
	at TempTestSuite1650304259606.run(TempTestSuite1650304259606.groovy:36)
)
	at com.kms.katalon.core.keyword.internal.KeywordMain.stepFailed(KeywordMain.groovy:39)
	at com.kms.katalon.core.webui.keyword.internal.WebUIKeywordMain.stepFailed(WebUIKeywordMain.groovy:64)
	at com.kms.katalon.core.webui.keyword.builtin.VerifyElementTextKeyword$_verifyElementText_closure1.doCall(VerifyElementTextKeyword.groovy:64)
	at com.kms.katalon.core.webui.keyword.builtin.VerifyElementTextKeyword$_verifyElementText_closure1.call(VerifyElementTextKeyword.groovy)
	at com.kms.katalon.core.webui.keyword.internal.WebUIKeywordMain.runKeyword(WebUIKeywordMain.groovy:20)
	at com.kms.katalon.core.webui.keyword.builtin.VerifyElementTextKeyword.verifyElementText(VerifyElementTextKeyword.groovy:72)
	at com.kms.katalon.core.webui.keyword.builtin.VerifyElementTextKeyword.execute(VerifyElementTextKeyword.groovy:40)
	at com.kms.katalon.core.keyword.internal.KeywordExecutor.executeKeywordForPlatform(KeywordExecutor.groovy:74)
	at com.kms.katalon.core.webui.keyword.WebUiBuiltInKeywords.verifyElementText(WebUiBuiltInKeywords.groovy:4749)
	at com.kms.katalon.core.webui.keyword.WebUiBuiltInKeywords$verifyElementText$5.call(Unknown Source)
	at Header - Tips Resources Verification.run(Header - Tips Resources Verification:167)
	at com.kms.katalon.core.main.ScriptEngine.run(ScriptEngine.java:194)
	at com.kms.katalon.core.main.ScriptEngine.runScriptAsRawText(ScriptEngine.java:119)
	at com.kms.katalon.core.main.TestCaseExecutor.runScript(TestCaseExecutor.java:445)
	at com.kms.katalon.core.main.TestCaseExecutor.doExecute(TestCaseExecutor.java:436)
	at com.kms.katalon.core.main.TestCaseExecutor.processExecutionPhase(TestCaseExecutor.java:415)
	at com.kms.katalon.core.main.TestCaseExecutor.accessMainPhase(TestCaseExecutor.java:407)
	at com.kms.katalon.core.main.TestCaseExecutor.execute(TestCaseExecutor.java:284)
	at com.kms.katalon.core.common.CommonExecutor.accessTestCaseMainPhase(CommonExecutor.java:65)
	at com.kms.katalon.core.main.TestSuiteExecutor.accessTestSuiteMainPhase(TestSuiteExecutor.java:144)
	at com.kms.katalon.core.main.TestSuiteExecutor.execute(TestSuiteExecutor.java:106)
	at com.kms.katalon.core.main.TestCaseMain.startTestSuite(TestCaseMain.java:185)
	at com.kms.katalon.core.main.TestCaseMain$startTestSuite$0.call(Unknown Source)
	at TempTestSuite1650304259606.run(TempTestSuite1650304259606.groovy:36)
Caused by: com.kms.katalon.core.exception.StepFailedException: com.kms.katalon.core.webui.exception.WebElementNotFoundException: Web element with id: 'Object Repository/Header/Page_/span_Breastfeeding' located by '//span[(text() = 'Breastfeeding Your Baby' or . = 'Breastfeeding Your Baby')]' not found
	... 23 more]]></system-err>
      </testcase>
      <testcase name="Test Cases/Venkat/Header/Header - All Elements Verification" time="108.584" classname="Test Cases/Venkat/Header/Header - All Elements Verification" status="FAILED">
         <failure type="FAILED" message="Test Cases/Venkat/Header/Header - All Elements Verification FAILED.
Reason:
com.kms.katalon.core.exception.StepFailedException: Actual text 'Enfamil Family BeginningsÂ©' and expected text 'Enfamil Family BeginningsÂ®' of test object 'Object Repository/Header/Page_Free Baby Formula Samples  Coupons  Enfamil/span_Enfamil Family Beginnings' are NOT matched. (Root cause: com.kms.katalon.core.exception.StepFailedException: Actual text 'Enfamil Family BeginningsÂ©' and expected text 'Enfamil Family BeginningsÂ®' of test object 'Object Repository/Header/Page_Free Baby Formula Samples  Coupons  Enfamil/span_Enfamil Family Beginnings' are NOT matched.
	at com.kms.katalon.core.webui.keyword.internal.WebUIKeywordMain.stepFailed(WebUIKeywordMain.groovy:64)
	at com.kms.katalon.core.webui.keyword.builtin.VerifyElementTextKeyword$_verifyElementText_closure1.doCall(VerifyElementTextKeyword.groovy:57)
	at com.kms.katalon.core.webui.keyword.builtin.VerifyElementTextKeyword$_verifyElementText_closure1.call(VerifyElementTextKeyword.groovy)
	at com.kms.katalon.core.webui.keyword.internal.WebUIKeywordMain.runKeyword(WebUIKeywordMain.groovy:20)
	at com.kms.katalon.core.webui.keyword.builtin.VerifyElementTextKeyword.verifyElementText(VerifyElementTextKeyword.groovy:72)
	at com.kms.katalon.core.webui.keyword.builtin.VerifyElementTextKeyword.execute(VerifyElementTextKeyword.groovy:40)
	at com.kms.katalon.core.keyword.internal.KeywordExecutor.executeKeywordForPlatform(KeywordExecutor.groovy:74)
	at com.kms.katalon.core.webui.keyword.WebUiBuiltInKeywords.verifyElementText(WebUiBuiltInKeywords.groovy:4749)
	at com.kms.katalon.core.webui.keyword.WebUiBuiltInKeywords$verifyElementText$5.call(Unknown Source)
	at Header - All Elements Verification.run(Header - All Elements Verification:85)
	at com.kms.katalon.core.main.ScriptEngine.run(ScriptEngine.java:194)
	at com.kms.katalon.core.main.ScriptEngine.runScriptAsRawText(ScriptEngine.java:119)
	at com.kms.katalon.core.main.TestCaseExecutor.runScript(TestCaseExecutor.java:445)
	at com.kms.katalon.core.main.TestCaseExecutor.doExecute(TestCaseExecutor.java:436)
	at com.kms.katalon.core.main.TestCaseExecutor.processExecutionPhase(TestCaseExecutor.java:415)
	at com.kms.katalon.core.main.TestCaseExecutor.accessMainPhase(TestCaseExecutor.java:407)
	at com.kms.katalon.core.main.TestCaseExecutor.execute(TestCaseExecutor.java:284)
	at com.kms.katalon.core.common.CommonExecutor.accessTestCaseMainPhase(CommonExecutor.java:65)
	at com.kms.katalon.core.main.TestSuiteExecutor.accessTestSuiteMainPhase(TestSuiteExecutor.java:144)
	at com.kms.katalon.core.main.TestSuiteExecutor.execute(TestSuiteExecutor.java:106)
	at com.kms.katalon.core.main.TestCaseMain.startTestSuite(TestCaseMain.java:185)
	at com.kms.katalon.core.main.TestCaseMain$startTestSuite$0.call(Unknown Source)
	at TempTestSuite1650304259606.run(TempTestSuite1650304259606.groovy:36)
)
	at com.kms.katalon.core.keyword.internal.KeywordMain.stepFailed(KeywordMain.groovy:39)
	at com.kms.katalon.core.webui.keyword.internal.WebUIKeywordMain.stepFailed(WebUIKeywordMain.groovy:64)
	at com.kms.katalon.core.webui.keyword.builtin.VerifyElementTextKeyword$_verifyElementText_closure1.doCall(VerifyElementTextKeyword.groovy:57)
	at com.kms.katalon.core.webui.keyword.builtin.VerifyElementTextKeyword$_verifyElementText_closure1.call(VerifyElementTextKeyword.groovy)
	at com.kms.katalon.core.webui.keyword.internal.WebUIKeywordMain.runKeyword(WebUIKeywordMain.groovy:20)
	at com.kms.katalon.core.webui.keyword.builtin.VerifyElementTextKeyword.verifyElementText(VerifyElementTextKeyword.groovy:72)
	at com.kms.katalon.core.webui.keyword.builtin.VerifyElementTextKeyword.execute(VerifyElementTextKeyword.groovy:40)
	at com.kms.katalon.core.keyword.internal.KeywordExecutor.executeKeywordForPlatform(KeywordExecutor.groovy:74)
	at com.kms.katalon.core.webui.keyword.WebUiBuiltInKeywords.verifyElementText(WebUiBuiltInKeywords.groovy:4749)
	at com.kms.katalon.core.webui.keyword.WebUiBuiltInKeywords$verifyElementText$5.call(Unknown Source)
	at Header - All Elements Verification.run(Header - All Elements Verification:85)
	at com.kms.katalon.core.main.ScriptEngine.run(ScriptEngine.java:194)
	at com.kms.katalon.core.main.ScriptEngine.runScriptAsRawText(ScriptEngine.java:119)
	at com.kms.katalon.core.main.TestCaseExecutor.runScript(TestCaseExecutor.java:445)
	at com.kms.katalon.core.main.TestCaseExecutor.doExecute(TestCaseExecutor.java:436)
	at com.kms.katalon.core.main.TestCaseExecutor.processExecutionPhase(TestCaseExecutor.java:415)
	at com.kms.katalon.core.main.TestCaseExecutor.accessMainPhase(TestCaseExecutor.java:407)
	at com.kms.katalon.core.main.TestCaseExecutor.execute(TestCaseExecutor.java:284)
	at com.kms.katalon.core.common.CommonExecutor.accessTestCaseMainPhase(CommonExecutor.java:65)
	at com.kms.katalon.core.main.TestSuiteExecutor.accessTestSuiteMainPhase(TestSuiteExecutor.java:144)
	at com.kms.katalon.core.main.TestSuiteExecutor.execute(TestSuiteExecutor.java:106)
	at com.kms.katalon.core.main.TestCaseMain.startTestSuite(TestCaseMain.java:185)
	at com.kms.katalon.core.main.TestCaseMain$startTestSuite$0.call(Unknown Source)
	at TempTestSuite1650304259606.run(TempTestSuite1650304259606.groovy:36)
Caused by: com.kms.katalon.core.exception.StepFailedException: Actual text 'Enfamil Family BeginningsÂ©' and expected text 'Enfamil Family BeginningsÂ®' of test object 'Object Repository/Header/Page_Free Baby Formula Samples  Coupons  Enfamil/span_Enfamil Family Beginnings' are NOT matched.
	... 23 more
"/>
         <system-out><![CDATA[2022-04-19 00:01:11 - [TEST_CASE][FAILED] - Test Cases/Venkat/Header/Header - All Elements Verification: Test Cases/Venkat/Header/Header - All Elements Verification FAILED.
Reason:
com.kms.katalon.core.exception.StepFailedException: Actual text 'Enfamil Family BeginningsÂ©' and expected text 'Enfamil Family BeginningsÂ®' of test object 'Object Repository/Header/Page_Free Baby Formula Samples  Coupons  Enfamil/span_Enfamil Family Beginnings' are NOT matched. (Root cause: com.kms.katalon.core.exception.StepFailedException: Actual text 'Enfamil Family BeginningsÂ©' and expected text 'Enfamil Family BeginningsÂ®' of test object 'Object Repository/Header/Page_Free Baby Formula Samples  Coupons  Enfamil/span_Enfamil Family Beginnings' are NOT matched.
	at com.kms.katalon.core.webui.keyword.internal.WebUIKeywordMain.stepFailed(WebUIKeywordMain.groovy:64)
	at com.kms.katalon.core.webui.keyword.builtin.VerifyElementTextKeyword$_verifyElementText_closure1.doCall(VerifyElementTextKeyword.groovy:57)
	at com.kms.katalon.core.webui.keyword.builtin.VerifyElementTextKeyword$_verifyElementText_closure1.call(VerifyElementTextKeyword.groovy)
	at com.kms.katalon.core.webui.keyword.internal.WebUIKeywordMain.runKeyword(WebUIKeywordMain.groovy:20)
	at com.kms.katalon.core.webui.keyword.builtin.VerifyElementTextKeyword.verifyElementText(VerifyElementTextKeyword.groovy:72)
	at com.kms.katalon.core.webui.keyword.builtin.VerifyElementTextKeyword.execute(VerifyElementTextKeyword.groovy:40)
	at com.kms.katalon.core.keyword.internal.KeywordExecutor.executeKeywordForPlatform(KeywordExecutor.groovy:74)
	at com.kms.katalon.core.webui.keyword.WebUiBuiltInKeywords.verifyElementText(WebUiBuiltInKeywords.groovy:4749)
	at com.kms.katalon.core.webui.keyword.WebUiBuiltInKeywords$verifyElementText$5.call(Unknown Source)
	at Header - All Elements Verification.run(Header - All Elements Verification:85)
	at com.kms.katalon.core.main.ScriptEngine.run(ScriptEngine.java:194)
	at com.kms.katalon.core.main.ScriptEngine.runScriptAsRawText(ScriptEngine.java:119)
	at com.kms.katalon.core.main.TestCaseExecutor.runScript(TestCaseExecutor.java:445)
	at com.kms.katalon.core.main.TestCaseExecutor.doExecute(TestCaseExecutor.java:436)
	at com.kms.katalon.core.main.TestCaseExecutor.processExecutionPhase(TestCaseExecutor.java:415)
	at com.kms.katalon.core.main.TestCaseExecutor.accessMainPhase(TestCaseExecutor.java:407)
	at com.kms.katalon.core.main.TestCaseExecutor.execute(TestCaseExecutor.java:284)
	at com.kms.katalon.core.common.CommonExecutor.accessTestCaseMainPhase(CommonExecutor.java:65)
	at com.kms.katalon.core.main.TestSuiteExecutor.accessTestSuiteMainPhase(TestSuiteExecutor.java:144)
	at com.kms.katalon.core.main.TestSuiteExecutor.execute(TestSuiteExecutor.java:106)
	at com.kms.katalon.core.main.TestCaseMain.startTestSuite(TestCaseMain.java:185)
	at com.kms.katalon.core.main.TestCaseMain$startTestSuite$0.call(Unknown Source)
	at TempTestSuite1650304259606.run(TempTestSuite1650304259606.groovy:36)
)
	at com.kms.katalon.core.keyword.internal.KeywordMain.stepFailed(KeywordMain.groovy:39)
	at com.kms.katalon.core.webui.keyword.internal.WebUIKeywordMain.stepFailed(WebUIKeywordMain.groovy:64)
	at com.kms.katalon.core.webui.keyword.builtin.VerifyElementTextKeyword$_verifyElementText_closure1.doCall(VerifyElementTextKeyword.groovy:57)
	at com.kms.katalon.core.webui.keyword.builtin.VerifyElementTextKeyword$_verifyElementText_closure1.call(VerifyElementTextKeyword.groovy)
	at com.kms.katalon.core.webui.keyword.internal.WebUIKeywordMain.runKeyword(WebUIKeywordMain.groovy:20)
	at com.kms.katalon.core.webui.keyword.builtin.VerifyElementTextKeyword.verifyElementText(VerifyElementTextKeyword.groovy:72)
	at com.kms.katalon.core.webui.keyword.builtin.VerifyElementTextKeyword.execute(VerifyElementTextKeyword.groovy:40)
	at com.kms.katalon.core.keyword.internal.KeywordExecutor.executeKeywordForPlatform(KeywordExecutor.groovy:74)
	at com.kms.katalon.core.webui.keyword.WebUiBuiltInKeywords.verifyElementText(WebUiBuiltInKeywords.groovy:4749)
	at com.kms.katalon.core.webui.keyword.WebUiBuiltInKeywords$verifyElementText$5.call(Unknown Source)
	at Header - All Elements Verification.run(Header - All Elements Verification:85)
	at com.kms.katalon.core.main.ScriptEngine.run(ScriptEngine.java:194)
	at com.kms.katalon.core.main.ScriptEngine.runScriptAsRawText(ScriptEngine.java:119)
	at com.kms.katalon.core.main.TestCaseExecutor.runScript(TestCaseExecutor.java:445)
	at com.kms.katalon.core.main.TestCaseExecutor.doExecute(TestCaseExecutor.java:436)
	at com.kms.katalon.core.main.TestCaseExecutor.processExecutionPhase(TestCaseExecutor.java:415)
	at com.kms.katalon.core.main.TestCaseExecutor.accessMainPhase(TestCaseExecutor.java:407)
	at com.kms.katalon.core.main.TestCaseExecutor.execute(TestCaseExecutor.java:284)
	at com.kms.katalon.core.common.CommonExecutor.accessTestCaseMainPhase(CommonExecutor.java:65)
	at com.kms.katalon.core.main.TestSuiteExecutor.accessTestSuiteMainPhase(TestSuiteExecutor.java:144)
	at com.kms.katalon.core.main.TestSuiteExecutor.execute(TestSuiteExecutor.java:106)
	at com.kms.katalon.core.main.TestCaseMain.startTestSuite(TestCaseMain.java:185)
	at com.kms.katalon.core.main.TestCaseMain$startTestSuite$0.call(Unknown Source)
	at TempTestSuite1650304259606.run(TempTestSuite1650304259606.groovy:36)
Caused by: com.kms.katalon.core.exception.StepFailedException: Actual text 'Enfamil Family BeginningsÂ©' and expected text 'Enfamil Family BeginningsÂ®' of test object 'Object Repository/Header/Page_Free Baby Formula Samples  Coupons  Enfamil/span_Enfamil Family Beginnings' are NOT matched.
	... 23 more


2022-04-19 00:01:11 - [TEST_STEP][PASSED] - openBrowser(""): Browser is opened with url: ''

2022-04-19 00:01:11 - [MESSAGE][INFO] - Starting 'Chrome' driver

2022-04-19 00:01:11 - [MESSAGE][INFO] - Action delay is set to 0 milliseconds

2022-04-19 00:01:13 - [MESSAGE][PASSED] - Browser is opened with url: ''

2022-04-19 00:01:13 - [TEST_STEP][PASSED] - navigateToUrl(HomePage): Navigate to 'https://enfamil-us.cdn.test.us-east-1.starterkit.rbcloud.io/' successfully

2022-04-19 00:01:14 - [MESSAGE][PASSED] - Navigate to 'https://enfamil-us.cdn.test.us-east-1.starterkit.rbcloud.io/' successfully

2022-04-19 00:01:14 - [TEST_STEP][PASSED] - maximizeWindow(): Current window maximized

2022-04-19 00:01:15 - [MESSAGE][PASSED] - Current window maximized

2022-04-19 00:01:15 - [TEST_STEP][PASSED] - click(findTestObject("Object Repository/Header/Page_Enfamil Newborn, Infant  Toddler Nutri_2e0999/button_GOT IT_onetrust-close-btn-handler on_95ce22")): Object: 'Object Repository/Header/Page_Enfamil Newborn, Infant  Toddler Nutri_2e0999/button_GOT IT_onetrust-close-btn-handler on_95ce22' is clicked on

2022-04-19 00:01:23 - [MESSAGE][PASSED] - Object: 'Object Repository/Header/Page_Enfamil Newborn, Infant  Toddler Nutri_2e0999/button_GOT IT_onetrust-close-btn-handler on_95ce22' is clicked on

2022-04-19 00:01:23 - [TEST_STEP][PASSED] - delay(10): Delayed 10 second(s)

2022-04-19 00:01:33 - [MESSAGE][PASSED] - Delayed 10 second(s)

2022-04-19 00:01:33 - [TEST_STEP][PASSED] - verifyElementPresent(findTestObject("Header/Page_Enfamil Newborn, Infant/div_1 brand recommended by pediatriciansAsk_479c76"), 0): Object 'Object Repository/Header/Page_Enfamil Newborn, Infant/div_1 brand recommended by pediatriciansAsk_479c76' is present

2022-04-19 00:01:33 - [MESSAGE][WARNING] - Timeout '0' is invalid. Using default page load timeout: '5'

2022-04-19 00:01:33 - [MESSAGE][PASSED] - Object 'Object Repository/Header/Page_Enfamil Newborn, Infant/div_1 brand recommended by pediatriciansAsk_479c76' is present

2022-04-19 00:01:33 - [TEST_STEP][PASSED] - verifyElementClickable(findTestObject("Header/Page_Enfamil Newborn, Infant/div_1 brand recommended by pediatricians")): Object 'Object Repository/Header/Page_Enfamil Newborn, Infant/div_1 brand recommended by pediatricians' is clickable

2022-04-19 00:01:34 - [MESSAGE][PASSED] - Object 'Object Repository/Header/Page_Enfamil Newborn, Infant/div_1 brand recommended by pediatricians' is clickable

2022-04-19 00:01:34 - [TEST_STEP][PASSED] - verifyElementClickable(findTestObject("Header/Page_Enfamil Newborn, Infant/span_Ask a Nurse")): Object 'Object Repository/Header/Page_Enfamil Newborn, Infant/span_Ask a Nurse' is clickable

2022-04-19 00:01:34 - [MESSAGE][PASSED] - Object 'Object Repository/Header/Page_Enfamil Newborn, Infant/span_Ask a Nurse' is clickable

2022-04-19 00:01:34 - [TEST_STEP][PASSED] - verifyElementClickable(findTestObject("Header/Page_Enfamil Newborn, Infant/span_Join Enfamil Family Beginnings")): Object 'Object Repository/Header/Page_Enfamil Newborn, Infant/span_Join Enfamil Family Beginnings' is clickable

2022-04-19 00:01:35 - [MESSAGE][PASSED] - Object 'Object Repository/Header/Page_Enfamil Newborn, Infant/span_Join Enfamil Family Beginnings' is clickable

2022-04-19 00:01:35 - [TEST_STEP][PASSED] - verifyElementClickable(findTestObject("Header/Page_Enfamil Newborn, Infant/button_Sign In")): Object 'Object Repository/Header/Page_Enfamil Newborn, Infant/button_Sign In' is clickable

2022-04-19 00:01:35 - [MESSAGE][PASSED] - Object 'Object Repository/Header/Page_Enfamil Newborn, Infant/button_Sign In' is clickable

2022-04-19 00:01:35 - [TEST_STEP][PASSED] - verifyElementClickable(findTestObject("Header/Page_Enfamil Newborn, Infant/a_Espaol")): Object 'Object Repository/Header/Page_Enfamil Newborn, Infant/a_Espaol' is clickable

2022-04-19 00:01:35 - [MESSAGE][PASSED] - Object 'Object Repository/Header/Page_Enfamil Newborn, Infant/a_Espaol' is clickable

2022-04-19 00:01:35 - [TEST_STEP][PASSED] - verifyElementText(findTestObject("Header/Page_Enfamil Newborn, Infant/div_1 brand recommended by pediatricians"), "#1 brand recommended by pediatricians"): Actual text and expected text of test object 'Object Repository/Header/Page_Enfamil Newborn, Infant/div_1 brand recommended by pediatricians' are matched.

2022-04-19 00:01:36 - [MESSAGE][PASSED] - Actual text and expected text of test object 'Object Repository/Header/Page_Enfamil Newborn, Infant/div_1 brand recommended by pediatricians' are matched.

2022-04-19 00:01:36 - [TEST_STEP][PASSED] - verifyElementText(findTestObject("Header/Page_Enfamil Newborn, Infant/span_Join Enfamil Family Beginnings"), "Join Enfamil Family BeginningsÂ®"): Actual text and expected text of test object 'Object Repository/Header/Page_Enfamil Newborn, Infant/span_Join Enfamil Family Beginnings' are matched.

2022-04-19 00:01:36 - [MESSAGE][PASSED] - Actual text and expected text of test object 'Object Repository/Header/Page_Enfamil Newborn, Infant/span_Join Enfamil Family Beginnings' are matched.

2022-04-19 00:01:36 - [TEST_STEP][PASSED] - verifyElementText(findTestObject("Header/Page_Enfamil Newborn, Infant/button_Sign In"), "Sign In"): Actual text and expected text of test object 'Object Repository/Header/Page_Enfamil Newborn, Infant/button_Sign In' are matched.

2022-04-19 00:01:36 - [MESSAGE][PASSED] - Actual text and expected text of test object 'Object Repository/Header/Page_Enfamil Newborn, Infant/button_Sign In' are matched.

2022-04-19 00:01:36 - [TEST_STEP][PASSED] - verifyElementText(findTestObject("Header/Page_Enfamil Newborn, Infant/a_Espaol"), "EspaÃ±ol"): Actual text and expected text of test object 'Object Repository/Header/Page_Enfamil Newborn, Infant/a_Espaol' are matched.

2022-04-19 00:01:37 - [MESSAGE][PASSED] - Actual text and expected text of test object 'Object Repository/Header/Page_Enfamil Newborn, Infant/a_Espaol' are matched.

2022-04-19 00:01:37 - [TEST_STEP][PASSED] - click(findTestObject("Header/Page_Enfamil Newborn, Infant/div_1 brand recommended by pediatricians")): Object: 'Object Repository/Header/Page_Enfamil Newborn, Infant/div_1 brand recommended by pediatricians' is clicked on

2022-04-19 00:01:38 - [MESSAGE][PASSED] - Object: 'Object Repository/Header/Page_Enfamil Newborn, Infant/div_1 brand recommended by pediatricians' is clicked on

2022-04-19 00:01:38 - [TEST_STEP][PASSED] - delay(8): Delayed 8 second(s)

2022-04-19 00:01:46 - [MESSAGE][PASSED] - Delayed 8 second(s)

2022-04-19 00:01:46 - [TEST_STEP][PASSED] - verifyElementText(findTestObject("Object Repository/Header/Page_Why Enfamil  Enfamil/h1_Why Enfamil"), "Why EnfamilÂ®?"): Actual text and expected text of test object 'Object Repository/Header/Page_Why Enfamil  Enfamil/h1_Why Enfamil' are matched.

2022-04-19 00:01:46 - [MESSAGE][PASSED] - Actual text and expected text of test object 'Object Repository/Header/Page_Why Enfamil  Enfamil/h1_Why Enfamil' are matched.

2022-04-19 00:01:46 - [TEST_STEP][PASSED] - verifyElementPresent(findTestObject("Object Repository/Header/Page_Why Enfamil  Enfamil/span_Why Enfamil"), 0): Object 'Object Repository/Header/Page_Why Enfamil  Enfamil/span_Why Enfamil' is present

2022-04-19 00:01:46 - [MESSAGE][WARNING] - Timeout '0' is invalid. Using default page load timeout: '5'

2022-04-19 00:01:46 - [MESSAGE][PASSED] - Object 'Object Repository/Header/Page_Why Enfamil  Enfamil/span_Why Enfamil' is present

2022-04-19 00:01:46 - [TEST_STEP][PASSED] - verifyElementText(findTestObject("Object Repository/Header/Page_Why Enfamil  Enfamil/span_Why Enfamil"), "Why EnfamilÂ®?"): Actual text and expected text of test object 'Object Repository/Header/Page_Why Enfamil  Enfamil/span_Why Enfamil' are matched.

2022-04-19 00:01:47 - [MESSAGE][PASSED] - Actual text and expected text of test object 'Object Repository/Header/Page_Why Enfamil  Enfamil/span_Why Enfamil' are matched.

2022-04-19 00:01:47 - [TEST_STEP][PASSED] - delay(8): Delayed 8 second(s)

2022-04-19 00:01:55 - [MESSAGE][PASSED] - Delayed 8 second(s)

2022-04-19 00:01:55 - [TEST_STEP][PASSED] - click(findTestObject("Object Repository/Header/Page_Why Enfamil  Enfamil/a_Espaol_main-header__logo-link link link--_b21617")): Object: 'Object Repository/Header/Page_Why Enfamil  Enfamil/a_Espaol_main-header__logo-link link link--_b21617' is clicked on

2022-04-19 00:01:55 - [MESSAGE][PASSED] - Object: 'Object Repository/Header/Page_Why Enfamil  Enfamil/a_Espaol_main-header__logo-link link link--_b21617' is clicked on

2022-04-19 00:01:55 - [TEST_STEP][PASSED] - delay(8): Delayed 8 second(s)

2022-04-19 00:02:03 - [MESSAGE][PASSED] - Delayed 8 second(s)

2022-04-19 00:02:03 - [TEST_STEP][PASSED] - click(findTestObject("Header/Page_Enfamil Newborn, Infant/span_Ask a Nurse")): Object: 'Object Repository/Header/Page_Enfamil Newborn, Infant/span_Ask a Nurse' is clicked on

2022-04-19 00:02:04 - [MESSAGE][PASSED] - Object: 'Object Repository/Header/Page_Enfamil Newborn, Infant/span_Ask a Nurse' is clicked on

2022-04-19 00:02:04 - [TEST_STEP][PASSED] - verifyElementText(findTestObject("Object Repository/Header/Page_Ask a Registered Nurse Online  Enfamil/span_Ask a Registered Nurse Online"), "Ask a Registered Nurse Online"): Actual text and expected text of test object 'Object Repository/Header/Page_Ask a Registered Nurse Online  Enfamil/span_Ask a Registered Nurse Online' are matched.

2022-04-19 00:02:05 - [MESSAGE][PASSED] - Actual text and expected text of test object 'Object Repository/Header/Page_Ask a Registered Nurse Online  Enfamil/span_Ask a Registered Nurse Online' are matched.

2022-04-19 00:02:05 - [TEST_STEP][PASSED] - verifyElementPresent(findTestObject("Object Repository/Header/Page_Ask a Registered Nurse Online  Enfamil/span_Ask a Registered Nurse Online"), 0): Object 'Object Repository/Header/Page_Ask a Registered Nurse Online  Enfamil/span_Ask a Registered Nurse Online' is present

2022-04-19 00:02:05 - [MESSAGE][WARNING] - Timeout '0' is invalid. Using default page load timeout: '5'

2022-04-19 00:02:06 - [MESSAGE][PASSED] - Object 'Object Repository/Header/Page_Ask a Registered Nurse Online  Enfamil/span_Ask a Registered Nurse Online' is present

2022-04-19 00:02:06 - [TEST_STEP][PASSED] - click(findTestObject("Object Repository/Header/Page_Ask a Registered Nurse Online  Enfamil/a_Espaol_main-header__logo-link link link--_b21617")): Object: 'Object Repository/Header/Page_Ask a Registered Nurse Online  Enfamil/a_Espaol_main-header__logo-link link link--_b21617' is clicked on

2022-04-19 00:02:07 - [MESSAGE][PASSED] - Object: 'Object Repository/Header/Page_Ask a Registered Nurse Online  Enfamil/a_Espaol_main-header__logo-link link link--_b21617' is clicked on

2022-04-19 00:02:07 - [TEST_STEP][PASSED] - delay(8): Delayed 8 second(s)

2022-04-19 00:02:15 - [MESSAGE][PASSED] - Delayed 8 second(s)

2022-04-19 00:02:15 - [TEST_STEP][PASSED] - click(findTestObject("Header/Page_Enfamil Newborn, Infant/span_Join Enfamil Family Beginnings")): Object: 'Object Repository/Header/Page_Enfamil Newborn, Infant/span_Join Enfamil Family Beginnings' is clicked on

2022-04-19 00:02:16 - [MESSAGE][PASSED] - Object: 'Object Repository/Header/Page_Enfamil Newborn, Infant/span_Join Enfamil Family Beginnings' is clicked on

2022-04-19 00:02:16 - [TEST_STEP][PASSED] - verifyElementPresent(findTestObject("Object Repository/Header/Page_Free Baby Formula Samples  Coupons  Enfamil/span_Enfamil Family Beginnings"), 0): Object 'Object Repository/Header/Page_Free Baby Formula Samples  Coupons  Enfamil/span_Enfamil Family Beginnings' is present

2022-04-19 00:02:16 - [MESSAGE][WARNING] - Timeout '0' is invalid. Using default page load timeout: '5'

2022-04-19 00:02:20 - [MESSAGE][PASSED] - Object 'Object Repository/Header/Page_Free Baby Formula Samples  Coupons  Enfamil/span_Enfamil Family Beginnings' is present

2022-04-19 00:02:20 - [TEST_STEP][FAILED] - verifyElementText(findTestObject("Object Repository/Header/Page_Free Baby Formula Samples  Coupons  Enfamil/span_Enfamil Family Beginnings"), "Enfamil Family BeginningsÂ®"): Actual text 'Enfamil Family BeginningsÂ©' and expected text 'Enfamil Family BeginningsÂ®' of test object 'Object Repository/Header/Page_Free Baby Formula Samples  Coupons  Enfamil/span_Enfamil Family Beginnings' are NOT matched. (Root cause: com.kms.katalon.core.exception.StepFailedException: Actual text 'Enfamil Family BeginningsÂ©' and expected text 'Enfamil Family BeginningsÂ®' of test object 'Object Repository/Header/Page_Free Baby Formula Samples  Coupons  Enfamil/span_Enfamil Family Beginnings' are NOT matched.
	at com.kms.katalon.core.webui.keyword.internal.WebUIKeywordMain.stepFailed(WebUIKeywordMain.groovy:64)
	at com.kms.katalon.core.webui.keyword.builtin.VerifyElementTextKeyword$_verifyElementText_closure1.doCall(VerifyElementTextKeyword.groovy:57)
	at com.kms.katalon.core.webui.keyword.builtin.VerifyElementTextKeyword$_verifyElementText_closure1.call(VerifyElementTextKeyword.groovy)
	at com.kms.katalon.core.webui.keyword.internal.WebUIKeywordMain.runKeyword(WebUIKeywordMain.groovy:20)
	at com.kms.katalon.core.webui.keyword.builtin.VerifyElementTextKeyword.verifyElementText(VerifyElementTextKeyword.groovy:72)
	at com.kms.katalon.core.webui.keyword.builtin.VerifyElementTextKeyword.execute(VerifyElementTextKeyword.groovy:40)
	at com.kms.katalon.core.keyword.internal.KeywordExecutor.executeKeywordForPlatform(KeywordExecutor.groovy:74)
	at com.kms.katalon.core.webui.keyword.WebUiBuiltInKeywords.verifyElementText(WebUiBuiltInKeywords.groovy:4749)
	at com.kms.katalon.core.webui.keyword.WebUiBuiltInKeywords$verifyElementText$5.call(Unknown Source)
	at Header - All Elements Verification.run(Header - All Elements Verification:85)
	at com.kms.katalon.core.main.ScriptEngine.run(ScriptEngine.java:194)
	at com.kms.katalon.core.main.ScriptEngine.runScriptAsRawText(ScriptEngine.java:119)
	at com.kms.katalon.core.main.TestCaseExecutor.runScript(TestCaseExecutor.java:445)
	at com.kms.katalon.core.main.TestCaseExecutor.doExecute(TestCaseExecutor.java:436)
	at com.kms.katalon.core.main.TestCaseExecutor.processExecutionPhase(TestCaseExecutor.java:415)
	at com.kms.katalon.core.main.TestCaseExecutor.accessMainPhase(TestCaseExecutor.java:407)
	at com.kms.katalon.core.main.TestCaseExecutor.execute(TestCaseExecutor.java:284)
	at com.kms.katalon.core.common.CommonExecutor.accessTestCaseMainPhase(CommonExecutor.java:65)
	at com.kms.katalon.core.main.TestSuiteExecutor.accessTestSuiteMainPhase(TestSuiteExecutor.java:144)
	at com.kms.katalon.core.main.TestSuiteExecutor.execute(TestSuiteExecutor.java:106)
	at com.kms.katalon.core.main.TestCaseMain.startTestSuite(TestCaseMain.java:185)
	at com.kms.katalon.core.main.TestCaseMain$startTestSuite$0.call(Unknown Source)
	at TempTestSuite1650304259606.run(TempTestSuite1650304259606.groovy:36)
)

2022-04-19 00:02:22 - [MESSAGE][FAILED] - Actual text 'Enfamil Family BeginningsÂ©' and expected text 'Enfamil Family BeginningsÂ®' of test object 'Object Repository/Header/Page_Free Baby Formula Samples  Coupons  Enfamil/span_Enfamil Family Beginnings' are NOT matched. (Root cause: com.kms.katalon.core.exception.StepFailedException: Actual text 'Enfamil Family BeginningsÂ©' and expected text 'Enfamil Family BeginningsÂ®' of test object 'Object Repository/Header/Page_Free Baby Formula Samples  Coupons  Enfamil/span_Enfamil Family Beginnings' are NOT matched.
	at com.kms.katalon.core.webui.keyword.internal.WebUIKeywordMain.stepFailed(WebUIKeywordMain.groovy:64)
	at com.kms.katalon.core.webui.keyword.builtin.VerifyElementTextKeyword$_verifyElementText_closure1.doCall(VerifyElementTextKeyword.groovy:57)
	at com.kms.katalon.core.webui.keyword.builtin.VerifyElementTextKeyword$_verifyElementText_closure1.call(VerifyElementTextKeyword.groovy)
	at com.kms.katalon.core.webui.keyword.internal.WebUIKeywordMain.runKeyword(WebUIKeywordMain.groovy:20)
	at com.kms.katalon.core.webui.keyword.builtin.VerifyElementTextKeyword.verifyElementText(VerifyElementTextKeyword.groovy:72)
	at com.kms.katalon.core.webui.keyword.builtin.VerifyElementTextKeyword.execute(VerifyElementTextKeyword.groovy:40)
	at com.kms.katalon.core.keyword.internal.KeywordExecutor.executeKeywordForPlatform(KeywordExecutor.groovy:74)
	at com.kms.katalon.core.webui.keyword.WebUiBuiltInKeywords.verifyElementText(WebUiBuiltInKeywords.groovy:4749)
	at com.kms.katalon.core.webui.keyword.WebUiBuiltInKeywords$verifyElementText$5.call(Unknown Source)
	at Header - All Elements Verification.run(Header - All Elements Verification:85)
	at com.kms.katalon.core.main.ScriptEngine.run(ScriptEngine.java:194)
	at com.kms.katalon.core.main.ScriptEngine.runScriptAsRawText(ScriptEngine.java:119)
	at com.kms.katalon.core.main.TestCaseExecutor.runScript(TestCaseExecutor.java:445)
	at com.kms.katalon.core.main.TestCaseExecutor.doExecute(TestCaseExecutor.java:436)
	at com.kms.katalon.core.main.TestCaseExecutor.processExecutionPhase(TestCaseExecutor.java:415)
	at com.kms.katalon.core.main.TestCaseExecutor.accessMainPhase(TestCaseExecutor.java:407)
	at com.kms.katalon.core.main.TestCaseExecutor.execute(TestCaseExecutor.java:284)
	at com.kms.katalon.core.common.CommonExecutor.accessTestCaseMainPhase(CommonExecutor.java:65)
	at com.kms.katalon.core.main.TestSuiteExecutor.accessTestSuiteMainPhase(TestSuiteExecutor.java:144)
	at com.kms.katalon.core.main.TestSuiteExecutor.execute(TestSuiteExecutor.java:106)
	at com.kms.katalon.core.main.TestCaseMain.startTestSuite(TestCaseMain.java:185)
	at com.kms.katalon.core.main.TestCaseMain$startTestSuite$0.call(Unknown Source)
	at TempTestSuite1650304259606.run(TempTestSuite1650304259606.groovy:36)
)
[[ATTACHMENT|D:\\SmoketestSuite\\enfamilUS\\Reports\\20220418_232059\\SmokeTestCollection - Venkat\\SmokeTestSuite-Collection - UAT\\20220418_232059\\1650306741978.png]]

2022-04-19 00:02:22 - [TEST_STEP][PASSED] - verifyElementText(findTestObject("Object Repository/Header/Page_Free Baby Formula Samples  Coupons  Enfamil/h1_Celebrate your little one with up to 400_dbb811"), "Celebrate your little one with up to $400 in savings, exclusive rewards and support."): Actual text and expected text of test object 'Object Repository/Header/Page_Free Baby Formula Samples  Coupons  Enfamil/h1_Celebrate your little one with up to 400_dbb811' are matched.

2022-04-19 00:02:22 - [MESSAGE][PASSED] - Actual text and expected text of test object 'Object Repository/Header/Page_Free Baby Formula Samples  Coupons  Enfamil/h1_Celebrate your little one with up to 400_dbb811' are matched.

2022-04-19 00:02:22 - [TEST_STEP][PASSED] - verifyElementText(findTestObject("Object Repository/Header/Page_Free Baby Formula Samples  Coupons  Enfamil/div_Enfamil Family Beginnings"), "ENFAMIL FAMILY BEGINNINGS"): Actual text and expected text of test object 'Object Repository/Header/Page_Free Baby Formula Samples  Coupons  Enfamil/div_Enfamil Family Beginnings' are matched.

2022-04-19 00:02:23 - [MESSAGE][PASSED] - Actual text and expected text of test object 'Object Repository/Header/Page_Free Baby Formula Samples  Coupons  Enfamil/div_Enfamil Family Beginnings' are matched.

2022-04-19 00:02:23 - [TEST_STEP][PASSED] - delay(5): Delayed 5 second(s)

2022-04-19 00:02:28 - [MESSAGE][PASSED] - Delayed 5 second(s)

2022-04-19 00:02:28 - [TEST_STEP][PASSED] - click(findTestObject("Object Repository/Header/Page_Free Baby Formula Samples  Coupons  Enfamil/a_Espaol_main-header__logo-link link link--_b21617")): Object: 'Object Repository/Header/Page_Free Baby Formula Samples  Coupons  Enfamil/a_Espaol_main-header__logo-link link link--_b21617' is clicked on

2022-04-19 00:02:28 - [MESSAGE][PASSED] - Object: 'Object Repository/Header/Page_Free Baby Formula Samples  Coupons  Enfamil/a_Espaol_main-header__logo-link link link--_b21617' is clicked on

2022-04-19 00:02:28 - [TEST_STEP][PASSED] - delay(5): Delayed 5 second(s)

2022-04-19 00:02:33 - [MESSAGE][PASSED] - Delayed 5 second(s)

2022-04-19 00:02:33 - [TEST_STEP][PASSED] - click(findTestObject("Header/Page_Enfamil Newborn, Infant/button_Sign In")): Object: 'Object Repository/Header/Page_Enfamil Newborn, Infant/button_Sign In' is clicked on

2022-04-19 00:02:34 - [MESSAGE][PASSED] - Object: 'Object Repository/Header/Page_Enfamil Newborn, Infant/button_Sign In' is clicked on

2022-04-19 00:02:34 - [TEST_STEP][PASSED] - delay(5): Delayed 5 second(s)

2022-04-19 00:02:39 - [MESSAGE][PASSED] - Delayed 5 second(s)

2022-04-19 00:02:39 - [TEST_STEP][PASSED] - waitForElementVisible(findTestObject("Header/Page_Enfamil Newborn, Infant/button_Sign In"), 0): Object 'Object Repository/Header/Page_Enfamil Newborn, Infant/button_Sign In' is visible

2022-04-19 00:02:39 - [MESSAGE][WARNING] - Timeout '0' is invalid. Using default page load timeout: '5'

2022-04-19 00:02:39 - [MESSAGE][PASSED] - Object 'Object Repository/Header/Page_Enfamil Newborn, Infant/button_Sign In' is visible

2022-04-19 00:02:39 - [TEST_STEP][PASSED] - verifyElementPresent(findTestObject("Header/Page_Enfamil Newborn, Infant/button_Sign In"), 0): Object 'Object Repository/Header/Page_Enfamil Newborn, Infant/button_Sign In' is present

2022-04-19 00:02:39 - [MESSAGE][WARNING] - Timeout '0' is invalid. Using default page load timeout: '5'

2022-04-19 00:02:40 - [MESSAGE][PASSED] - Object 'Object Repository/Header/Page_Enfamil Newborn, Infant/button_Sign In' is present

2022-04-19 00:02:40 - [TEST_STEP][PASSED] - delay(3): Delayed 3 second(s)

2022-04-19 00:02:43 - [MESSAGE][PASSED] - Delayed 3 second(s)

2022-04-19 00:02:43 - [TEST_STEP][PASSED] - verifyElementClickable(findTestObject("Header/Page_Enfamil Newborn, Infant/Signin_PopUp_button_Close")): Object 'Object Repository/Header/Page_Enfamil Newborn, Infant/Signin_PopUp_button_Close' is clickable

2022-04-19 00:02:43 - [MESSAGE][PASSED] - Object 'Object Repository/Header/Page_Enfamil Newborn, Infant/Signin_PopUp_button_Close' is clickable

2022-04-19 00:02:43 - [TEST_STEP][PASSED] - element = findWebElement(findTestObject("Header/Page_Enfamil Newborn, Infant/Signin_PopUp_button_Close"), 30): null

2022-04-19 00:02:43 - [TEST_STEP][PASSED] - executeJavaScript("arguments[0].click()", Arrays.asList(element)): Execute JavaScript 'arguments[0].click()' successfully

2022-04-19 00:02:43 - [MESSAGE][PASSED] - Execute JavaScript 'arguments[0].click()' successfully

2022-04-19 00:02:43 - [TEST_STEP][PASSED] - delay(5): Delayed 5 second(s)

2022-04-19 00:02:48 - [MESSAGE][PASSED] - Delayed 5 second(s)

2022-04-19 00:02:48 - [TEST_STEP][PASSED] - click(findTestObject("Header/Page_Enfamil Newborn, Infant/a_Espaol")): Object: 'Object Repository/Header/Page_Enfamil Newborn, Infant/a_Espaol' is clicked on

2022-04-19 00:02:50 - [MESSAGE][PASSED] - Object: 'Object Repository/Header/Page_Enfamil Newborn, Infant/a_Espaol' is clicked on

2022-04-19 00:02:50 - [TEST_STEP][PASSED] - delay(3): Delayed 3 second(s)

2022-04-19 00:02:53 - [MESSAGE][PASSED] - Delayed 3 second(s)

2022-04-19 00:02:53 - [TEST_STEP][PASSED] - waitForElementVisible(findTestObject("Object Repository/Header/Page_Enfamil frmula frmula para bebs  Enfamil US/a_English"), 0): Object 'Object Repository/Header/Page_Enfamil frmula frmula para bebs  Enfamil US/a_English' is visible

2022-04-19 00:02:53 - [MESSAGE][WARNING] - Timeout '0' is invalid. Using default page load timeout: '5'

2022-04-19 00:02:56 - [MESSAGE][PASSED] - Object 'Object Repository/Header/Page_Enfamil frmula frmula para bebs  Enfamil US/a_English' is visible

2022-04-19 00:02:56 - [TEST_STEP][PASSED] - verifyElementText(findTestObject("Object Repository/Header/Page_Enfamil frmula frmula para bebs  Enfamil US/a_English"), "English"): Actual text and expected text of test object 'Object Repository/Header/Page_Enfamil frmula frmula para bebs  Enfamil US/a_English' are matched.

2022-04-19 00:02:56 - [MESSAGE][PASSED] - Actual text and expected text of test object 'Object Repository/Header/Page_Enfamil frmula frmula para bebs  Enfamil US/a_English' are matched.

2022-04-19 00:02:56 - [TEST_STEP][FAILED] - verifyElementText(findTestObject("Object Repository/Header/Page_Enfamil frmula frmula para bebs  Enfamil US/div_1 Marca recomendada por pediatras"), "#1 recomendada por pediatras"): Actual text '#1 Marca recomendada por pediatras' and expected text '#1 recomendada por pediatras' of test object 'Object Repository/Header/Page_Enfamil frmula frmula para bebs  Enfamil US/div_1 Marca recomendada por pediatras' are NOT matched. (Root cause: com.kms.katalon.core.exception.StepFailedException: Actual text '#1 Marca recomendada por pediatras' and expected text '#1 recomendada por pediatras' of test object 'Object Repository/Header/Page_Enfamil frmula frmula para bebs  Enfamil US/div_1 Marca recomendada por pediatras' are NOT matched.
	at com.kms.katalon.core.webui.keyword.internal.WebUIKeywordMain.stepFailed(WebUIKeywordMain.groovy:64)
	at com.kms.katalon.core.webui.keyword.builtin.VerifyElementTextKeyword$_verifyElementText_closure1.doCall(VerifyElementTextKeyword.groovy:57)
	at com.kms.katalon.core.webui.keyword.builtin.VerifyElementTextKeyword$_verifyElementText_closure1.call(VerifyElementTextKeyword.groovy)
	at com.kms.katalon.core.webui.keyword.internal.WebUIKeywordMain.runKeyword(WebUIKeywordMain.groovy:20)
	at com.kms.katalon.core.webui.keyword.builtin.VerifyElementTextKeyword.verifyElementText(VerifyElementTextKeyword.groovy:72)
	at com.kms.katalon.core.webui.keyword.builtin.VerifyElementTextKeyword.execute(VerifyElementTextKeyword.groovy:40)
	at com.kms.katalon.core.keyword.internal.KeywordExecutor.executeKeywordForPlatform(KeywordExecutor.groovy:74)
	at com.kms.katalon.core.webui.keyword.WebUiBuiltInKeywords.verifyElementText(WebUiBuiltInKeywords.groovy:4749)
	at com.kms.katalon.core.webui.keyword.WebUiBuiltInKeywords$verifyElementText$5.call(Unknown Source)
	at Header - All Elements Verification.run(Header - All Elements Verification:129)
	at com.kms.katalon.core.main.ScriptEngine.run(ScriptEngine.java:194)
	at com.kms.katalon.core.main.ScriptEngine.runScriptAsRawText(ScriptEngine.java:119)
	at com.kms.katalon.core.main.TestCaseExecutor.runScript(TestCaseExecutor.java:445)
	at com.kms.katalon.core.main.TestCaseExecutor.doExecute(TestCaseExecutor.java:436)
	at com.kms.katalon.core.main.TestCaseExecutor.processExecutionPhase(TestCaseExecutor.java:415)
	at com.kms.katalon.core.main.TestCaseExecutor.accessMainPhase(TestCaseExecutor.java:407)
	at com.kms.katalon.core.main.TestCaseExecutor.execute(TestCaseExecutor.java:284)
	at com.kms.katalon.core.common.CommonExecutor.accessTestCaseMainPhase(CommonExecutor.java:65)
	at com.kms.katalon.core.main.TestSuiteExecutor.accessTestSuiteMainPhase(TestSuiteExecutor.java:144)
	at com.kms.katalon.core.main.TestSuiteExecutor.execute(TestSuiteExecutor.java:106)
	at com.kms.katalon.core.main.TestCaseMain.startTestSuite(TestCaseMain.java:185)
	at com.kms.katalon.core.main.TestCaseMain$startTestSuite$0.call(Unknown Source)
	at TempTestSuite1650304259606.run(TempTestSuite1650304259606.groovy:36)
)

2022-04-19 00:02:57 - [MESSAGE][FAILED] - Actual text '#1 Marca recomendada por pediatras' and expected text '#1 recomendada por pediatras' of test object 'Object Repository/Header/Page_Enfamil frmula frmula para bebs  Enfamil US/div_1 Marca recomendada por pediatras' are NOT matched. (Root cause: com.kms.katalon.core.exception.StepFailedException: Actual text '#1 Marca recomendada por pediatras' and expected text '#1 recomendada por pediatras' of test object 'Object Repository/Header/Page_Enfamil frmula frmula para bebs  Enfamil US/div_1 Marca recomendada por pediatras' are NOT matched.
	at com.kms.katalon.core.webui.keyword.internal.WebUIKeywordMain.stepFailed(WebUIKeywordMain.groovy:64)
	at com.kms.katalon.core.webui.keyword.builtin.VerifyElementTextKeyword$_verifyElementText_closure1.doCall(VerifyElementTextKeyword.groovy:57)
	at com.kms.katalon.core.webui.keyword.builtin.VerifyElementTextKeyword$_verifyElementText_closure1.call(VerifyElementTextKeyword.groovy)
	at com.kms.katalon.core.webui.keyword.internal.WebUIKeywordMain.runKeyword(WebUIKeywordMain.groovy:20)
	at com.kms.katalon.core.webui.keyword.builtin.VerifyElementTextKeyword.verifyElementText(VerifyElementTextKeyword.groovy:72)
	at com.kms.katalon.core.webui.keyword.builtin.VerifyElementTextKeyword.execute(VerifyElementTextKeyword.groovy:40)
	at com.kms.katalon.core.keyword.internal.KeywordExecutor.executeKeywordForPlatform(KeywordExecutor.groovy:74)
	at com.kms.katalon.core.webui.keyword.WebUiBuiltInKeywords.verifyElementText(WebUiBuiltInKeywords.groovy:4749)
	at com.kms.katalon.core.webui.keyword.WebUiBuiltInKeywords$verifyElementText$5.call(Unknown Source)
	at Header - All Elements Verification.run(Header - All Elements Verification:129)
	at com.kms.katalon.core.main.ScriptEngine.run(ScriptEngine.java:194)
	at com.kms.katalon.core.main.ScriptEngine.runScriptAsRawText(ScriptEngine.java:119)
	at com.kms.katalon.core.main.TestCaseExecutor.runScript(TestCaseExecutor.java:445)
	at com.kms.katalon.core.main.TestCaseExecutor.doExecute(TestCaseExecutor.java:436)
	at com.kms.katalon.core.main.TestCaseExecutor.processExecutionPhase(TestCaseExecutor.java:415)
	at com.kms.katalon.core.main.TestCaseExecutor.accessMainPhase(TestCaseExecutor.java:407)
	at com.kms.katalon.core.main.TestCaseExecutor.execute(TestCaseExecutor.java:284)
	at com.kms.katalon.core.common.CommonExecutor.accessTestCaseMainPhase(CommonExecutor.java:65)
	at com.kms.katalon.core.main.TestSuiteExecutor.accessTestSuiteMainPhase(TestSuiteExecutor.java:144)
	at com.kms.katalon.core.main.TestSuiteExecutor.execute(TestSuiteExecutor.java:106)
	at com.kms.katalon.core.main.TestCaseMain.startTestSuite(TestCaseMain.java:185)
	at com.kms.katalon.core.main.TestCaseMain$startTestSuite$0.call(Unknown Source)
	at TempTestSuite1650304259606.run(TempTestSuite1650304259606.groovy:36)
)
[[ATTACHMENT|D:\\SmoketestSuite\\enfamilUS\\Reports\\20220418_232059\\SmokeTestCollection - Venkat\\SmokeTestSuite-Collection - UAT\\20220418_232059\\1650306777174.png]]

2022-04-19 00:02:57 - [TEST_STEP][PASSED] - verifyElementText(findTestObject("Object Repository/Header/Page_Enfamil frmula frmula para bebs  Enfamil US/span_nete al programa de Enfamil Family Beginnings"), "Ãšnete al programa de Enfamil Family Beginnings"): Actual text and expected text of test object 'Object Repository/Header/Page_Enfamil frmula frmula para bebs  Enfamil US/span_nete al programa de Enfamil Family Beginnings' are matched.

2022-04-19 00:02:58 - [MESSAGE][PASSED] - Actual text and expected text of test object 'Object Repository/Header/Page_Enfamil frmula frmula para bebs  Enfamil US/span_nete al programa de Enfamil Family Beginnings' are matched.

2022-04-19 00:02:58 - [TEST_STEP][PASSED] - verifyElementText(findTestObject("Object Repository/Header/Page_Enfamil frmula frmula para bebs  Enfamil US/button_Iniciar sesin"), "Iniciar sesiÃ³n"): Actual text and expected text of test object 'Object Repository/Header/Page_Enfamil frmula frmula para bebs  Enfamil US/button_Iniciar sesin' are matched.

2022-04-19 00:02:58 - [MESSAGE][PASSED] - Actual text and expected text of test object 'Object Repository/Header/Page_Enfamil frmula frmula para bebs  Enfamil US/button_Iniciar sesin' are matched.

2022-04-19 00:02:58 - [TEST_STEP][PASSED] - closeBrowser(): Browser is closed

2022-04-19 00:02:59 - [MESSAGE][PASSED] - Browser is closed]]></system-out>
         <system-err><![CDATA[2022-04-19 00:01:11 - [TEST_CASE][FAILED] - Test Cases/Venkat/Header/Header - All Elements Verification: Test Cases/Venkat/Header/Header - All Elements Verification FAILED.
Reason:
com.kms.katalon.core.exception.StepFailedException: Actual text 'Enfamil Family BeginningsÂ©' and expected text 'Enfamil Family BeginningsÂ®' of test object 'Object Repository/Header/Page_Free Baby Formula Samples  Coupons  Enfamil/span_Enfamil Family Beginnings' are NOT matched. (Root cause: com.kms.katalon.core.exception.StepFailedException: Actual text 'Enfamil Family BeginningsÂ©' and expected text 'Enfamil Family BeginningsÂ®' of test object 'Object Repository/Header/Page_Free Baby Formula Samples  Coupons  Enfamil/span_Enfamil Family Beginnings' are NOT matched.
	at com.kms.katalon.core.webui.keyword.internal.WebUIKeywordMain.stepFailed(WebUIKeywordMain.groovy:64)
	at com.kms.katalon.core.webui.keyword.builtin.VerifyElementTextKeyword$_verifyElementText_closure1.doCall(VerifyElementTextKeyword.groovy:57)
	at com.kms.katalon.core.webui.keyword.builtin.VerifyElementTextKeyword$_verifyElementText_closure1.call(VerifyElementTextKeyword.groovy)
	at com.kms.katalon.core.webui.keyword.internal.WebUIKeywordMain.runKeyword(WebUIKeywordMain.groovy:20)
	at com.kms.katalon.core.webui.keyword.builtin.VerifyElementTextKeyword.verifyElementText(VerifyElementTextKeyword.groovy:72)
	at com.kms.katalon.core.webui.keyword.builtin.VerifyElementTextKeyword.execute(VerifyElementTextKeyword.groovy:40)
	at com.kms.katalon.core.keyword.internal.KeywordExecutor.executeKeywordForPlatform(KeywordExecutor.groovy:74)
	at com.kms.katalon.core.webui.keyword.WebUiBuiltInKeywords.verifyElementText(WebUiBuiltInKeywords.groovy:4749)
	at com.kms.katalon.core.webui.keyword.WebUiBuiltInKeywords$verifyElementText$5.call(Unknown Source)
	at Header - All Elements Verification.run(Header - All Elements Verification:85)
	at com.kms.katalon.core.main.ScriptEngine.run(ScriptEngine.java:194)
	at com.kms.katalon.core.main.ScriptEngine.runScriptAsRawText(ScriptEngine.java:119)
	at com.kms.katalon.core.main.TestCaseExecutor.runScript(TestCaseExecutor.java:445)
	at com.kms.katalon.core.main.TestCaseExecutor.doExecute(TestCaseExecutor.java:436)
	at com.kms.katalon.core.main.TestCaseExecutor.processExecutionPhase(TestCaseExecutor.java:415)
	at com.kms.katalon.core.main.TestCaseExecutor.accessMainPhase(TestCaseExecutor.java:407)
	at com.kms.katalon.core.main.TestCaseExecutor.execute(TestCaseExecutor.java:284)
	at com.kms.katalon.core.common.CommonExecutor.accessTestCaseMainPhase(CommonExecutor.java:65)
	at com.kms.katalon.core.main.TestSuiteExecutor.accessTestSuiteMainPhase(TestSuiteExecutor.java:144)
	at com.kms.katalon.core.main.TestSuiteExecutor.execute(TestSuiteExecutor.java:106)
	at com.kms.katalon.core.main.TestCaseMain.startTestSuite(TestCaseMain.java:185)
	at com.kms.katalon.core.main.TestCaseMain$startTestSuite$0.call(Unknown Source)
	at TempTestSuite1650304259606.run(TempTestSuite1650304259606.groovy:36)
)
	at com.kms.katalon.core.keyword.internal.KeywordMain.stepFailed(KeywordMain.groovy:39)
	at com.kms.katalon.core.webui.keyword.internal.WebUIKeywordMain.stepFailed(WebUIKeywordMain.groovy:64)
	at com.kms.katalon.core.webui.keyword.builtin.VerifyElementTextKeyword$_verifyElementText_closure1.doCall(VerifyElementTextKeyword.groovy:57)
	at com.kms.katalon.core.webui.keyword.builtin.VerifyElementTextKeyword$_verifyElementText_closure1.call(VerifyElementTextKeyword.groovy)
	at com.kms.katalon.core.webui.keyword.internal.WebUIKeywordMain.runKeyword(WebUIKeywordMain.groovy:20)
	at com.kms.katalon.core.webui.keyword.builtin.VerifyElementTextKeyword.verifyElementText(VerifyElementTextKeyword.groovy:72)
	at com.kms.katalon.core.webui.keyword.builtin.VerifyElementTextKeyword.execute(VerifyElementTextKeyword.groovy:40)
	at com.kms.katalon.core.keyword.internal.KeywordExecutor.executeKeywordForPlatform(KeywordExecutor.groovy:74)
	at com.kms.katalon.core.webui.keyword.WebUiBuiltInKeywords.verifyElementText(WebUiBuiltInKeywords.groovy:4749)
	at com.kms.katalon.core.webui.keyword.WebUiBuiltInKeywords$verifyElementText$5.call(Unknown Source)
	at Header - All Elements Verification.run(Header - All Elements Verification:85)
	at com.kms.katalon.core.main.ScriptEngine.run(ScriptEngine.java:194)
	at com.kms.katalon.core.main.ScriptEngine.runScriptAsRawText(ScriptEngine.java:119)
	at com.kms.katalon.core.main.TestCaseExecutor.runScript(TestCaseExecutor.java:445)
	at com.kms.katalon.core.main.TestCaseExecutor.doExecute(TestCaseExecutor.java:436)
	at com.kms.katalon.core.main.TestCaseExecutor.processExecutionPhase(TestCaseExecutor.java:415)
	at com.kms.katalon.core.main.TestCaseExecutor.accessMainPhase(TestCaseExecutor.java:407)
	at com.kms.katalon.core.main.TestCaseExecutor.execute(TestCaseExecutor.java:284)
	at com.kms.katalon.core.common.CommonExecutor.accessTestCaseMainPhase(CommonExecutor.java:65)
	at com.kms.katalon.core.main.TestSuiteExecutor.accessTestSuiteMainPhase(TestSuiteExecutor.java:144)
	at com.kms.katalon.core.main.TestSuiteExecutor.execute(TestSuiteExecutor.java:106)
	at com.kms.katalon.core.main.TestCaseMain.startTestSuite(TestCaseMain.java:185)
	at com.kms.katalon.core.main.TestCaseMain$startTestSuite$0.call(Unknown Source)
	at TempTestSuite1650304259606.run(TempTestSuite1650304259606.groovy:36)
Caused by: com.kms.katalon.core.exception.StepFailedException: Actual text 'Enfamil Family BeginningsÂ©' and expected text 'Enfamil Family BeginningsÂ®' of test object 'Object Repository/Header/Page_Free Baby Formula Samples  Coupons  Enfamil/span_Enfamil Family Beginnings' are NOT matched.
	... 23 more]]></system-err>
      </testcase>
      <testcase name="Test Cases/Venkat/Header/Header - Why enfamil Menu Verification" time="174.359" classname="Test Cases/Venkat/Header/Header - Why enfamil Menu Verification" status="FAILED">
         <failure type="FAILED" message="Test Cases/Venkat/Header/Header - Why enfamil Menu Verification FAILED.
Reason:
com.kms.katalon.core.exception.StepFailedException: com.kms.katalon.core.webui.exception.WebElementNotFoundException: Web element with id: 'Object Repository/Header/Page_/h1_Expert Support' located by '//h2[(text() = 'Expert Support' or . = 'Expert Support')]' not found (Root cause: com.kms.katalon.core.exception.StepFailedException: com.kms.katalon.core.webui.exception.WebElementNotFoundException: Web element with id: 'Object Repository/Header/Page_/h1_Expert Support' located by '//h2[(text() = 'Expert Support' or . = 'Expert Support')]' not found
	at com.kms.katalon.core.webui.keyword.internal.WebUIKeywordMain.stepFailed(WebUIKeywordMain.groovy:64)
	at com.kms.katalon.core.webui.keyword.builtin.VerifyElementTextKeyword$_verifyElementText_closure1.doCall(VerifyElementTextKeyword.groovy:64)
	at com.kms.katalon.core.webui.keyword.builtin.VerifyElementTextKeyword$_verifyElementText_closure1.call(VerifyElementTextKeyword.groovy)
	at com.kms.katalon.core.webui.keyword.internal.WebUIKeywordMain.runKeyword(WebUIKeywordMain.groovy:20)
	at com.kms.katalon.core.webui.keyword.builtin.VerifyElementTextKeyword.verifyElementText(VerifyElementTextKeyword.groovy:72)
	at com.kms.katalon.core.webui.keyword.builtin.VerifyElementTextKeyword.execute(VerifyElementTextKeyword.groovy:40)
	at com.kms.katalon.core.keyword.internal.KeywordExecutor.executeKeywordForPlatform(KeywordExecutor.groovy:74)
	at com.kms.katalon.core.webui.keyword.WebUiBuiltInKeywords.verifyElementText(WebUiBuiltInKeywords.groovy:4749)
	at com.kms.katalon.core.webui.keyword.WebUiBuiltInKeywords$verifyElementText$5.call(Unknown Source)
	at Header - Why enfamil Menu Verification.run(Header - Why enfamil Menu Verification:206)
	at com.kms.katalon.core.main.ScriptEngine.run(ScriptEngine.java:194)
	at com.kms.katalon.core.main.ScriptEngine.runScriptAsRawText(ScriptEngine.java:119)
	at com.kms.katalon.core.main.TestCaseExecutor.runScript(TestCaseExecutor.java:445)
	at com.kms.katalon.core.main.TestCaseExecutor.doExecute(TestCaseExecutor.java:436)
	at com.kms.katalon.core.main.TestCaseExecutor.processExecutionPhase(TestCaseExecutor.java:415)
	at com.kms.katalon.core.main.TestCaseExecutor.accessMainPhase(TestCaseExecutor.java:407)
	at com.kms.katalon.core.main.TestCaseExecutor.execute(TestCaseExecutor.java:284)
	at com.kms.katalon.core.common.CommonExecutor.accessTestCaseMainPhase(CommonExecutor.java:65)
	at com.kms.katalon.core.main.TestSuiteExecutor.accessTestSuiteMainPhase(TestSuiteExecutor.java:144)
	at com.kms.katalon.core.main.TestSuiteExecutor.execute(TestSuiteExecutor.java:106)
	at com.kms.katalon.core.main.TestCaseMain.startTestSuite(TestCaseMain.java:185)
	at com.kms.katalon.core.main.TestCaseMain$startTestSuite$0.call(Unknown Source)
	at TempTestSuite1650304259606.run(TempTestSuite1650304259606.groovy:36)
)
	at com.kms.katalon.core.keyword.internal.KeywordMain.stepFailed(KeywordMain.groovy:39)
	at com.kms.katalon.core.webui.keyword.internal.WebUIKeywordMain.stepFailed(WebUIKeywordMain.groovy:64)
	at com.kms.katalon.core.webui.keyword.builtin.VerifyElementTextKeyword$_verifyElementText_closure1.doCall(VerifyElementTextKeyword.groovy:64)
	at com.kms.katalon.core.webui.keyword.builtin.VerifyElementTextKeyword$_verifyElementText_closure1.call(VerifyElementTextKeyword.groovy)
	at com.kms.katalon.core.webui.keyword.internal.WebUIKeywordMain.runKeyword(WebUIKeywordMain.groovy:20)
	at com.kms.katalon.core.webui.keyword.builtin.VerifyElementTextKeyword.verifyElementText(VerifyElementTextKeyword.groovy:72)
	at com.kms.katalon.core.webui.keyword.builtin.VerifyElementTextKeyword.execute(VerifyElementTextKeyword.groovy:40)
	at com.kms.katalon.core.keyword.internal.KeywordExecutor.executeKeywordForPlatform(KeywordExecutor.groovy:74)
	at com.kms.katalon.core.webui.keyword.WebUiBuiltInKeywords.verifyElementText(WebUiBuiltInKeywords.groovy:4749)
	at com.kms.katalon.core.webui.keyword.WebUiBuiltInKeywords$verifyElementText$5.call(Unknown Source)
	at Header - Why enfamil Menu Verification.run(Header - Why enfamil Menu Verification:206)
	at com.kms.katalon.core.main.ScriptEngine.run(ScriptEngine.java:194)
	at com.kms.katalon.core.main.ScriptEngine.runScriptAsRawText(ScriptEngine.java:119)
	at com.kms.katalon.core.main.TestCaseExecutor.runScript(TestCaseExecutor.java:445)
	at com.kms.katalon.core.main.TestCaseExecutor.doExecute(TestCaseExecutor.java:436)
	at com.kms.katalon.core.main.TestCaseExecutor.processExecutionPhase(TestCaseExecutor.java:415)
	at com.kms.katalon.core.main.TestCaseExecutor.accessMainPhase(TestCaseExecutor.java:407)
	at com.kms.katalon.core.main.TestCaseExecutor.execute(TestCaseExecutor.java:284)
	at com.kms.katalon.core.common.CommonExecutor.accessTestCaseMainPhase(CommonExecutor.java:65)
	at com.kms.katalon.core.main.TestSuiteExecutor.accessTestSuiteMainPhase(TestSuiteExecutor.java:144)
	at com.kms.katalon.core.main.TestSuiteExecutor.execute(TestSuiteExecutor.java:106)
	at com.kms.katalon.core.main.TestCaseMain.startTestSuite(TestCaseMain.java:185)
	at com.kms.katalon.core.main.TestCaseMain$startTestSuite$0.call(Unknown Source)
	at TempTestSuite1650304259606.run(TempTestSuite1650304259606.groovy:36)
Caused by: com.kms.katalon.core.exception.StepFailedException: com.kms.katalon.core.webui.exception.WebElementNotFoundException: Web element with id: 'Object Repository/Header/Page_/h1_Expert Support' located by '//h2[(text() = 'Expert Support' or . = 'Expert Support')]' not found
	... 23 more
"/>
         <system-out><![CDATA[2022-04-19 00:02:59 - [TEST_CASE][FAILED] - Test Cases/Venkat/Header/Header - Why enfamil Menu Verification: Test Cases/Venkat/Header/Header - Why enfamil Menu Verification FAILED.
Reason:
com.kms.katalon.core.exception.StepFailedException: com.kms.katalon.core.webui.exception.WebElementNotFoundException: Web element with id: 'Object Repository/Header/Page_/h1_Expert Support' located by '//h2[(text() = 'Expert Support' or . = 'Expert Support')]' not found (Root cause: com.kms.katalon.core.exception.StepFailedException: com.kms.katalon.core.webui.exception.WebElementNotFoundException: Web element with id: 'Object Repository/Header/Page_/h1_Expert Support' located by '//h2[(text() = 'Expert Support' or . = 'Expert Support')]' not found
	at com.kms.katalon.core.webui.keyword.internal.WebUIKeywordMain.stepFailed(WebUIKeywordMain.groovy:64)
	at com.kms.katalon.core.webui.keyword.builtin.VerifyElementTextKeyword$_verifyElementText_closure1.doCall(VerifyElementTextKeyword.groovy:64)
	at com.kms.katalon.core.webui.keyword.builtin.VerifyElementTextKeyword$_verifyElementText_closure1.call(VerifyElementTextKeyword.groovy)
	at com.kms.katalon.core.webui.keyword.internal.WebUIKeywordMain.runKeyword(WebUIKeywordMain.groovy:20)
	at com.kms.katalon.core.webui.keyword.builtin.VerifyElementTextKeyword.verifyElementText(VerifyElementTextKeyword.groovy:72)
	at com.kms.katalon.core.webui.keyword.builtin.VerifyElementTextKeyword.execute(VerifyElementTextKeyword.groovy:40)
	at com.kms.katalon.core.keyword.internal.KeywordExecutor.executeKeywordForPlatform(KeywordExecutor.groovy:74)
	at com.kms.katalon.core.webui.keyword.WebUiBuiltInKeywords.verifyElementText(WebUiBuiltInKeywords.groovy:4749)
	at com.kms.katalon.core.webui.keyword.WebUiBuiltInKeywords$verifyElementText$5.call(Unknown Source)
	at Header - Why enfamil Menu Verification.run(Header - Why enfamil Menu Verification:206)
	at com.kms.katalon.core.main.ScriptEngine.run(ScriptEngine.java:194)
	at com.kms.katalon.core.main.ScriptEngine.runScriptAsRawText(ScriptEngine.java:119)
	at com.kms.katalon.core.main.TestCaseExecutor.runScript(TestCaseExecutor.java:445)
	at com.kms.katalon.core.main.TestCaseExecutor.doExecute(TestCaseExecutor.java:436)
	at com.kms.katalon.core.main.TestCaseExecutor.processExecutionPhase(TestCaseExecutor.java:415)
	at com.kms.katalon.core.main.TestCaseExecutor.accessMainPhase(TestCaseExecutor.java:407)
	at com.kms.katalon.core.main.TestCaseExecutor.execute(TestCaseExecutor.java:284)
	at com.kms.katalon.core.common.CommonExecutor.accessTestCaseMainPhase(CommonExecutor.java:65)
	at com.kms.katalon.core.main.TestSuiteExecutor.accessTestSuiteMainPhase(TestSuiteExecutor.java:144)
	at com.kms.katalon.core.main.TestSuiteExecutor.execute(TestSuiteExecutor.java:106)
	at com.kms.katalon.core.main.TestCaseMain.startTestSuite(TestCaseMain.java:185)
	at com.kms.katalon.core.main.TestCaseMain$startTestSuite$0.call(Unknown Source)
	at TempTestSuite1650304259606.run(TempTestSuite1650304259606.groovy:36)
)
	at com.kms.katalon.core.keyword.internal.KeywordMain.stepFailed(KeywordMain.groovy:39)
	at com.kms.katalon.core.webui.keyword.internal.WebUIKeywordMain.stepFailed(WebUIKeywordMain.groovy:64)
	at com.kms.katalon.core.webui.keyword.builtin.VerifyElementTextKeyword$_verifyElementText_closure1.doCall(VerifyElementTextKeyword.groovy:64)
	at com.kms.katalon.core.webui.keyword.builtin.VerifyElementTextKeyword$_verifyElementText_closure1.call(VerifyElementTextKeyword.groovy)
	at com.kms.katalon.core.webui.keyword.internal.WebUIKeywordMain.runKeyword(WebUIKeywordMain.groovy:20)
	at com.kms.katalon.core.webui.keyword.builtin.VerifyElementTextKeyword.verifyElementText(VerifyElementTextKeyword.groovy:72)
	at com.kms.katalon.core.webui.keyword.builtin.VerifyElementTextKeyword.execute(VerifyElementTextKeyword.groovy:40)
	at com.kms.katalon.core.keyword.internal.KeywordExecutor.executeKeywordForPlatform(KeywordExecutor.groovy:74)
	at com.kms.katalon.core.webui.keyword.WebUiBuiltInKeywords.verifyElementText(WebUiBuiltInKeywords.groovy:4749)
	at com.kms.katalon.core.webui.keyword.WebUiBuiltInKeywords$verifyElementText$5.call(Unknown Source)
	at Header - Why enfamil Menu Verification.run(Header - Why enfamil Menu Verification:206)
	at com.kms.katalon.core.main.ScriptEngine.run(ScriptEngine.java:194)
	at com.kms.katalon.core.main.ScriptEngine.runScriptAsRawText(ScriptEngine.java:119)
	at com.kms.katalon.core.main.TestCaseExecutor.runScript(TestCaseExecutor.java:445)
	at com.kms.katalon.core.main.TestCaseExecutor.doExecute(TestCaseExecutor.java:436)
	at com.kms.katalon.core.main.TestCaseExecutor.processExecutionPhase(TestCaseExecutor.java:415)
	at com.kms.katalon.core.main.TestCaseExecutor.accessMainPhase(TestCaseExecutor.java:407)
	at com.kms.katalon.core.main.TestCaseExecutor.execute(TestCaseExecutor.java:284)
	at com.kms.katalon.core.common.CommonExecutor.accessTestCaseMainPhase(CommonExecutor.java:65)
	at com.kms.katalon.core.main.TestSuiteExecutor.accessTestSuiteMainPhase(TestSuiteExecutor.java:144)
	at com.kms.katalon.core.main.TestSuiteExecutor.execute(TestSuiteExecutor.java:106)
	at com.kms.katalon.core.main.TestCaseMain.startTestSuite(TestCaseMain.java:185)
	at com.kms.katalon.core.main.TestCaseMain$startTestSuite$0.call(Unknown Source)
	at TempTestSuite1650304259606.run(TempTestSuite1650304259606.groovy:36)
Caused by: com.kms.katalon.core.exception.StepFailedException: com.kms.katalon.core.webui.exception.WebElementNotFoundException: Web element with id: 'Object Repository/Header/Page_/h1_Expert Support' located by '//h2[(text() = 'Expert Support' or . = 'Expert Support')]' not found
	... 23 more


2022-04-19 00:03:00 - [TEST_STEP][PASSED] - openBrowser(""): Browser is opened with url: ''

2022-04-19 00:03:00 - [MESSAGE][INFO] - Starting 'Chrome' driver

2022-04-19 00:03:00 - [MESSAGE][INFO] - Action delay is set to 0 milliseconds

2022-04-19 00:03:02 - [MESSAGE][PASSED] - Browser is opened with url: ''

2022-04-19 00:03:02 - [TEST_STEP][PASSED] - navigateToUrl(HomePage): Navigate to 'https://enfamil-us.cdn.test.us-east-1.starterkit.rbcloud.io/' successfully

2022-04-19 00:03:03 - [MESSAGE][PASSED] - Navigate to 'https://enfamil-us.cdn.test.us-east-1.starterkit.rbcloud.io/' successfully

2022-04-19 00:03:03 - [TEST_STEP][PASSED] - maximizeWindow(): Current window maximized

2022-04-19 00:03:03 - [MESSAGE][PASSED] - Current window maximized

2022-04-19 00:03:03 - [TEST_STEP][PASSED] - delay(10): Delayed 10 second(s)

2022-04-19 00:03:13 - [MESSAGE][PASSED] - Delayed 10 second(s)

2022-04-19 00:03:13 - [TEST_STEP][PASSED] - click(findTestObject("Object Repository/Header/Page_Enfamil Newborn, Infant  Toddler Nutri_2e0999/button_GOT IT_onetrust-close-btn-handler on_95ce22")): Object: 'Object Repository/Header/Page_Enfamil Newborn, Infant  Toddler Nutri_2e0999/button_GOT IT_onetrust-close-btn-handler on_95ce22' is clicked on

2022-04-19 00:03:14 - [MESSAGE][PASSED] - Object: 'Object Repository/Header/Page_Enfamil Newborn, Infant  Toddler Nutri_2e0999/button_GOT IT_onetrust-close-btn-handler on_95ce22' is clicked on

2022-04-19 00:03:14 - [TEST_STEP][PASSED] - verifyElementText(findTestObject("Object Repository/Header/Page_Enfamil Newborn, Infant  Toddler Nutri_2e0999/span_Why Enfamil"), "Why Enfamil"): Actual text and expected text of test object 'Object Repository/Header/Page_Enfamil Newborn, Infant  Toddler Nutri_2e0999/span_Why Enfamil' are matched.

2022-04-19 00:03:16 - [MESSAGE][PASSED] - Actual text and expected text of test object 'Object Repository/Header/Page_Enfamil Newborn, Infant  Toddler Nutri_2e0999/span_Why Enfamil' are matched.

2022-04-19 00:03:16 - [TEST_STEP][PASSED] - verifyElementPresent(findTestObject("Object Repository/Header/Page_Enfamil Newborn, Infant  Toddler Nutri_2e0999/span_Why Enfamil"), 0): Object 'Object Repository/Header/Page_Enfamil Newborn, Infant  Toddler Nutri_2e0999/span_Why Enfamil' is present

2022-04-19 00:03:16 - [MESSAGE][WARNING] - Timeout '0' is invalid. Using default page load timeout: '5'

2022-04-19 00:03:17 - [MESSAGE][PASSED] - Object 'Object Repository/Header/Page_Enfamil Newborn, Infant  Toddler Nutri_2e0999/span_Why Enfamil' is present

2022-04-19 00:03:17 - [TEST_STEP][PASSED] - mouseOver(findTestObject("Object Repository/Header/Page_Enfamil Newborn, Infant  Toddler Nutri_2e0999/span_Why Enfamil")): Object: 'Object Repository/Header/Page_Enfamil Newborn, Infant  Toddler Nutri_2e0999/span_Why Enfamil' is hovered

2022-04-19 00:03:17 - [MESSAGE][PASSED] - Object: 'Object Repository/Header/Page_Enfamil Newborn, Infant  Toddler Nutri_2e0999/span_Why Enfamil' is hovered

2022-04-19 00:03:17 - [TEST_STEP][PASSED] - verifyElementText(findTestObject("Object Repository/Header/Page_Enfamil Newborn, Infant  Toddler Nutri_2e0999/div_PROGRAMS  BENEFITS"), "PROGRAMS & BENEFITS"): Actual text and expected text of test object 'Object Repository/Header/Page_Enfamil Newborn, Infant  Toddler Nutri_2e0999/div_PROGRAMS  BENEFITS' are matched.

2022-04-19 00:03:18 - [MESSAGE][PASSED] - Actual text and expected text of test object 'Object Repository/Header/Page_Enfamil Newborn, Infant  Toddler Nutri_2e0999/div_PROGRAMS  BENEFITS' are matched.

2022-04-19 00:03:18 - [TEST_STEP][PASSED] - verifyElementText(findTestObject("Object Repository/Header/Page_Enfamil Newborn, Infant  Toddler Nutri_2e0999/span_SUPPORT OPTIONS"), "SUPPORT OPTIONS"): Actual text and expected text of test object 'Object Repository/Header/Page_Enfamil Newborn, Infant  Toddler Nutri_2e0999/span_SUPPORT OPTIONS' are matched.

2022-04-19 00:03:18 - [MESSAGE][PASSED] - Actual text and expected text of test object 'Object Repository/Header/Page_Enfamil Newborn, Infant  Toddler Nutri_2e0999/span_SUPPORT OPTIONS' are matched.

2022-04-19 00:03:18 - [TEST_STEP][PASSED] - verifyElementText(findTestObject("Object Repository/Header/Page_Enfamil Newborn, Infant  Toddler Nutri_2e0999/span_RESOURCES"), "RESOURCES"): Actual text and expected text of test object 'Object Repository/Header/Page_Enfamil Newborn, Infant  Toddler Nutri_2e0999/span_RESOURCES' are matched.

2022-04-19 00:03:19 - [MESSAGE][PASSED] - Actual text and expected text of test object 'Object Repository/Header/Page_Enfamil Newborn, Infant  Toddler Nutri_2e0999/span_RESOURCES' are matched.

2022-04-19 00:03:19 - [TEST_STEP][PASSED] - verifyElementText(findTestObject("Header/Page_Enfamil Newborn, Infant  Toddler Nutri_2e0999/div_FEATURED 3"), "FEATURED"): Actual text and expected text of test object 'Object Repository/Header/Page_Enfamil Newborn, Infant  Toddler Nutri_2e0999/div_FEATURED 3' are matched.

2022-04-19 00:03:19 - [MESSAGE][PASSED] - Actual text and expected text of test object 'Object Repository/Header/Page_Enfamil Newborn, Infant  Toddler Nutri_2e0999/div_FEATURED 3' are matched.

2022-04-19 00:03:19 - [TEST_STEP][PASSED] - verifyElementPresent(findTestObject("Object Repository/Header/Page_Enfamil Newborn, Infant  Toddler Nutri_2e0999/li_Enfamil Family of Formulas"), 0): Object 'Object Repository/Header/Page_Enfamil Newborn, Infant  Toddler Nutri_2e0999/li_Enfamil Family of Formulas' is present

2022-04-19 00:03:19 - [MESSAGE][WARNING] - Timeout '0' is invalid. Using default page load timeout: '5'

2022-04-19 00:03:20 - [MESSAGE][PASSED] - Object 'Object Repository/Header/Page_Enfamil Newborn, Infant  Toddler Nutri_2e0999/li_Enfamil Family of Formulas' is present

2022-04-19 00:03:20 - [TEST_STEP][PASSED] - verifyElementPresent(findTestObject("Object Repository/Header/Page_Enfamil Newborn, Infant  Toddler Nutri_2e0999/li_EFB Mobile App"), 0): Object 'Object Repository/Header/Page_Enfamil Newborn, Infant  Toddler Nutri_2e0999/li_EFB Mobile App' is present

2022-04-19 00:03:20 - [MESSAGE][WARNING] - Timeout '0' is invalid. Using default page load timeout: '5'

2022-04-19 00:03:20 - [MESSAGE][PASSED] - Object 'Object Repository/Header/Page_Enfamil Newborn, Infant  Toddler Nutri_2e0999/li_EFB Mobile App' is present

2022-04-19 00:03:20 - [TEST_STEP][PASSED] - verifyElementPresent(findTestObject("Object Repository/Header/Page_Enfamil Newborn, Infant  Toddler Nutri_2e0999/li_Belly Badges"), 0): Object 'Object Repository/Header/Page_Enfamil Newborn, Infant  Toddler Nutri_2e0999/li_Belly Badges' is present

2022-04-19 00:03:20 - [MESSAGE][WARNING] - Timeout '0' is invalid. Using default page load timeout: '5'

2022-04-19 00:03:20 - [MESSAGE][PASSED] - Object 'Object Repository/Header/Page_Enfamil Newborn, Infant  Toddler Nutri_2e0999/li_Belly Badges' is present

2022-04-19 00:03:20 - [TEST_STEP][PASSED] - verifyElementPresent(findTestObject("Object Repository/Header/Page_Enfamil Newborn, Infant  Toddler Nutri_2e0999/li_Enfamil Rewards"), 0): Object 'Object Repository/Header/Page_Enfamil Newborn, Infant  Toddler Nutri_2e0999/li_Enfamil Rewards' is present

2022-04-19 00:03:20 - [MESSAGE][WARNING] - Timeout '0' is invalid. Using default page load timeout: '5'

2022-04-19 00:03:21 - [MESSAGE][PASSED] - Object 'Object Repository/Header/Page_Enfamil Newborn, Infant  Toddler Nutri_2e0999/li_Enfamil Rewards' is present

2022-04-19 00:03:21 - [TEST_STEP][PASSED] - verifyElementClickable(findTestObject("Object Repository/Header/Page_Enfamil Newborn, Infant  Toddler Nutri_2e0999/a_Aftercare")): Object 'Object Repository/Header/Page_Enfamil Newborn, Infant  Toddler Nutri_2e0999/a_Aftercare' is clickable

2022-04-19 00:03:21 - [MESSAGE][PASSED] - Object 'Object Repository/Header/Page_Enfamil Newborn, Infant  Toddler Nutri_2e0999/a_Aftercare' is clickable

2022-04-19 00:03:21 - [TEST_STEP][PASSED] - verifyElementClickable(findTestObject("Object Repository/Header/Page_Enfamil Newborn, Infant  Toddler Nutri_2e0999/a_Expert Support")): Object 'Object Repository/Header/Page_Enfamil Newborn, Infant  Toddler Nutri_2e0999/a_Expert Support' is clickable

2022-04-19 00:03:21 - [MESSAGE][PASSED] - Object 'Object Repository/Header/Page_Enfamil Newborn, Infant  Toddler Nutri_2e0999/a_Expert Support' is clickable

2022-04-19 00:03:21 - [TEST_STEP][PASSED] - verifyElementClickable(findTestObject("Object Repository/Header/Page_Enfamil Newborn, Infant  Toddler Nutri_2e0999/a_Help Center")): Object 'Object Repository/Header/Page_Enfamil Newborn, Infant  Toddler Nutri_2e0999/a_Help Center' is clickable

2022-04-19 00:03:22 - [MESSAGE][PASSED] - Object 'Object Repository/Header/Page_Enfamil Newborn, Infant  Toddler Nutri_2e0999/a_Help Center' is clickable

2022-04-19 00:03:22 - [TEST_STEP][PASSED] - mouseOver(findTestObject("Object Repository/Header/Page_Enfamil Newborn, Infant  Toddler Nutri_2e0999/span_Why Enfamil")): Object: 'Object Repository/Header/Page_Enfamil Newborn, Infant  Toddler Nutri_2e0999/span_Why Enfamil' is hovered

2022-04-19 00:03:22 - [MESSAGE][PASSED] - Object: 'Object Repository/Header/Page_Enfamil Newborn, Infant  Toddler Nutri_2e0999/span_Why Enfamil' is hovered

2022-04-19 00:03:22 - [TEST_STEP][PASSED] - verifyElementClickable(findTestObject("Object Repository/Header/Page_Enfamil Newborn, Infant  Toddler Nutri_2e0999/a_Our Commitment to Quality")): Object 'Object Repository/Header/Page_Enfamil Newborn, Infant  Toddler Nutri_2e0999/a_Our Commitment to Quality' is clickable

2022-04-19 00:03:23 - [MESSAGE][PASSED] - Object 'Object Repository/Header/Page_Enfamil Newborn, Infant  Toddler Nutri_2e0999/a_Our Commitment to Quality' is clickable

2022-04-19 00:03:23 - [TEST_STEP][PASSED] - verifyElementClickable(findTestObject("Object Repository/Header/Page_Enfamil Newborn, Infant  Toddler Nutri_2e0999/a_Coronavirus FAQ")): Object 'Object Repository/Header/Page_Enfamil Newborn, Infant  Toddler Nutri_2e0999/a_Coronavirus FAQ' is clickable

2022-04-19 00:03:23 - [MESSAGE][PASSED] - Object 'Object Repository/Header/Page_Enfamil Newborn, Infant  Toddler Nutri_2e0999/a_Coronavirus FAQ' is clickable

2022-04-19 00:03:23 - [TEST_STEP][PASSED] - verifyElementPresent(findTestObject("Object Repository/Header/Page_Enfamil Newborn, Infant  Toddler Nutri_2e0999/a_Aftercare"), 0): Object 'Object Repository/Header/Page_Enfamil Newborn, Infant  Toddler Nutri_2e0999/a_Aftercare' is present

2022-04-19 00:03:23 - [MESSAGE][WARNING] - Timeout '0' is invalid. Using default page load timeout: '5'

2022-04-19 00:03:23 - [MESSAGE][PASSED] - Object 'Object Repository/Header/Page_Enfamil Newborn, Infant  Toddler Nutri_2e0999/a_Aftercare' is present

2022-04-19 00:03:23 - [TEST_STEP][PASSED] - verifyElementPresent(findTestObject("Object Repository/Header/Page_Enfamil Newborn, Infant  Toddler Nutri_2e0999/a_Expert Support"), 0): Object 'Object Repository/Header/Page_Enfamil Newborn, Infant  Toddler Nutri_2e0999/a_Expert Support' is present

2022-04-19 00:03:24 - [MESSAGE][WARNING] - Timeout '0' is invalid. Using default page load timeout: '5'

2022-04-19 00:03:24 - [MESSAGE][PASSED] - Object 'Object Repository/Header/Page_Enfamil Newborn, Infant  Toddler Nutri_2e0999/a_Expert Support' is present

2022-04-19 00:03:24 - [TEST_STEP][PASSED] - verifyElementPresent(findTestObject("Object Repository/Header/Page_Enfamil Newborn, Infant  Toddler Nutri_2e0999/a_Help Center"), 0): Object 'Object Repository/Header/Page_Enfamil Newborn, Infant  Toddler Nutri_2e0999/a_Help Center' is present

2022-04-19 00:03:24 - [MESSAGE][WARNING] - Timeout '0' is invalid. Using default page load timeout: '5'

2022-04-19 00:03:24 - [MESSAGE][PASSED] - Object 'Object Repository/Header/Page_Enfamil Newborn, Infant  Toddler Nutri_2e0999/a_Help Center' is present

2022-04-19 00:03:24 - [TEST_STEP][PASSED] - verifyElementPresent(findTestObject("Object Repository/Header/Page_Enfamil Newborn, Infant  Toddler Nutri_2e0999/a_Our Commitment to Quality"), 0): Object 'Object Repository/Header/Page_Enfamil Newborn, Infant  Toddler Nutri_2e0999/a_Our Commitment to Quality' is present

2022-04-19 00:03:24 - [MESSAGE][WARNING] - Timeout '0' is invalid. Using default page load timeout: '5'

2022-04-19 00:03:25 - [MESSAGE][PASSED] - Object 'Object Repository/Header/Page_Enfamil Newborn, Infant  Toddler Nutri_2e0999/a_Our Commitment to Quality' is present

2022-04-19 00:03:25 - [TEST_STEP][PASSED] - verifyElementPresent(findTestObject("Object Repository/Header/Page_Enfamil Newborn, Infant  Toddler Nutri_2e0999/a_Coronavirus FAQ"), 0): Object 'Object Repository/Header/Page_Enfamil Newborn, Infant  Toddler Nutri_2e0999/a_Coronavirus FAQ' is present

2022-04-19 00:03:25 - [MESSAGE][WARNING] - Timeout '0' is invalid. Using default page load timeout: '5'

2022-04-19 00:03:25 - [MESSAGE][PASSED] - Object 'Object Repository/Header/Page_Enfamil Newborn, Infant  Toddler Nutri_2e0999/a_Coronavirus FAQ' is present

2022-04-19 00:03:25 - [TEST_STEP][PASSED] - mouseOver(findTestObject("Object Repository/Header/Page_Enfamil Newborn, Infant  Toddler Nutri_2e0999/span_Why Enfamil")): Object: 'Object Repository/Header/Page_Enfamil Newborn, Infant  Toddler Nutri_2e0999/span_Why Enfamil' is hovered

2022-04-19 00:03:25 - [MESSAGE][PASSED] - Object: 'Object Repository/Header/Page_Enfamil Newborn, Infant  Toddler Nutri_2e0999/span_Why Enfamil' is hovered

2022-04-19 00:03:25 - [TEST_STEP][PASSED] - verifyElementText(findTestObject("Object Repository/Header/Page_Enfamil Newborn, Infant  Toddler Nutri_2e0999/div_Enfamil Family of Formulas"), "Enfamil Family of Formulas"): Actual text and expected text of test object 'Object Repository/Header/Page_Enfamil Newborn, Infant  Toddler Nutri_2e0999/div_Enfamil Family of Formulas' are matched.

2022-04-19 00:03:26 - [MESSAGE][PASSED] - Actual text and expected text of test object 'Object Repository/Header/Page_Enfamil Newborn, Infant  Toddler Nutri_2e0999/div_Enfamil Family of Formulas' are matched.

2022-04-19 00:03:26 - [TEST_STEP][PASSED] - verifyElementText(findTestObject("Object Repository/Header/Page_Enfamil Newborn, Infant  Toddler Nutri_2e0999/div_EFB Mobile App"), "EFB Mobile App"): Actual text and expected text of test object 'Object Repository/Header/Page_Enfamil Newborn, Infant  Toddler Nutri_2e0999/div_EFB Mobile App' are matched.

2022-04-19 00:03:26 - [MESSAGE][PASSED] - Actual text and expected text of test object 'Object Repository/Header/Page_Enfamil Newborn, Infant  Toddler Nutri_2e0999/div_EFB Mobile App' are matched.

2022-04-19 00:03:26 - [TEST_STEP][PASSED] - verifyElementText(findTestObject("Object Repository/Header/Page_Enfamil Newborn, Infant  Toddler Nutri_2e0999/div_Belly Badges"), "Belly Badges"): Actual text and expected text of test object 'Object Repository/Header/Page_Enfamil Newborn, Infant  Toddler Nutri_2e0999/div_Belly Badges' are matched.

2022-04-19 00:03:27 - [MESSAGE][PASSED] - Actual text and expected text of test object 'Object Repository/Header/Page_Enfamil Newborn, Infant  Toddler Nutri_2e0999/div_Belly Badges' are matched.

2022-04-19 00:03:27 - [TEST_STEP][PASSED] - verifyElementText(findTestObject("Header/Page_Enfamil Newborn, Infant  Toddler Nutri_2e0999/div_Enfamil Rewards - why enfamil"), "Enfamil Rewards"): Actual text and expected text of test object 'Object Repository/Header/Page_Enfamil Newborn, Infant  Toddler Nutri_2e0999/div_Enfamil Rewards - why enfamil' are matched.

2022-04-19 00:03:27 - [MESSAGE][PASSED] - Actual text and expected text of test object 'Object Repository/Header/Page_Enfamil Newborn, Infant  Toddler Nutri_2e0999/div_Enfamil Rewards - why enfamil' are matched.

2022-04-19 00:03:27 - [TEST_STEP][PASSED] - verifyElementText(findTestObject("Object Repository/Header/Page_Enfamil Newborn, Infant  Toddler Nutri_2e0999/div_Why Enfamil"), "Why Enfamil?"): Actual text and expected text of test object 'Object Repository/Header/Page_Enfamil Newborn, Infant  Toddler Nutri_2e0999/div_Why Enfamil' are matched.

2022-04-19 00:03:27 - [MESSAGE][PASSED] - Actual text and expected text of test object 'Object Repository/Header/Page_Enfamil Newborn, Infant  Toddler Nutri_2e0999/div_Why Enfamil' are matched.

2022-04-19 00:03:27 - [TEST_STEP][PASSED] - mouseOver(findTestObject("Object Repository/Header/Page_Enfamil Newborn, Infant  Toddler Nutri_2e0999/span_Why Enfamil")): Object: 'Object Repository/Header/Page_Enfamil Newborn, Infant  Toddler Nutri_2e0999/span_Why Enfamil' is hovered

2022-04-19 00:03:28 - [MESSAGE][PASSED] - Object: 'Object Repository/Header/Page_Enfamil Newborn, Infant  Toddler Nutri_2e0999/span_Why Enfamil' is hovered

2022-04-19 00:03:28 - [TEST_STEP][PASSED] - click(findTestObject("Object Repository/Header/Page_Enfamil Newborn, Infant  Toddler Nutri_2e0999/li_Enfamil Family of Formulas")): Object: 'Object Repository/Header/Page_Enfamil Newborn, Infant  Toddler Nutri_2e0999/li_Enfamil Family of Formulas' is clicked on

2022-04-19 00:03:29 - [MESSAGE][PASSED] - Object: 'Object Repository/Header/Page_Enfamil Newborn, Infant  Toddler Nutri_2e0999/li_Enfamil Family of Formulas' is clicked on

2022-04-19 00:03:29 - [TEST_STEP][PASSED] - waitForElementVisible(findTestObject("Object Repository/Header/Page_/span_Enfamil Family of Formulas"), 0): Object 'Object Repository/Header/Page_/span_Enfamil Family of Formulas' is visible

2022-04-19 00:03:29 - [MESSAGE][WARNING] - Timeout '0' is invalid. Using default page load timeout: '5'

2022-04-19 00:03:34 - [MESSAGE][PASSED] - Object 'Object Repository/Header/Page_/span_Enfamil Family of Formulas' is visible

2022-04-19 00:03:34 - [TEST_STEP][PASSED] - verifyElementText(findTestObject("Object Repository/Header/Page_/span_Enfamil Family of Formulas"), "Enfamil Family of Formulas"): Actual text and expected text of test object 'Object Repository/Header/Page_/span_Enfamil Family of Formulas' are matched.

2022-04-19 00:03:34 - [MESSAGE][PASSED] - Actual text and expected text of test object 'Object Repository/Header/Page_/span_Enfamil Family of Formulas' are matched.

2022-04-19 00:03:34 - [TEST_STEP][PASSED] - verifyElementPresent(findTestObject("Object Repository/Header/Page_/h1_Enfamil Family of Formulas"), 0): Object 'Object Repository/Header/Page_/h1_Enfamil Family of Formulas' is present

2022-04-19 00:03:34 - [MESSAGE][WARNING] - Timeout '0' is invalid. Using default page load timeout: '5'

2022-04-19 00:03:35 - [MESSAGE][PASSED] - Object 'Object Repository/Header/Page_/h1_Enfamil Family of Formulas' is present

2022-04-19 00:03:35 - [TEST_STEP][PASSED] - delay(5): Delayed 5 second(s)

2022-04-19 00:03:40 - [MESSAGE][PASSED] - Delayed 5 second(s)

2022-04-19 00:03:40 - [TEST_STEP][PASSED] - mouseOver(findTestObject("Object Repository/Header/Page_/span_Why Enfamil")): Object: 'Object Repository/Header/Page_/span_Why Enfamil' is hovered

2022-04-19 00:03:41 - [MESSAGE][PASSED] - Object: 'Object Repository/Header/Page_/span_Why Enfamil' is hovered

2022-04-19 00:03:41 - [TEST_STEP][PASSED] - click(findTestObject("Object Repository/Header/Page_/div_EFB Mobile App")): Object: 'Object Repository/Header/Page_/div_EFB Mobile App' is clicked on

2022-04-19 00:03:41 - [MESSAGE][PASSED] - Object: 'Object Repository/Header/Page_/div_EFB Mobile App' is clicked on

2022-04-19 00:03:41 - [TEST_STEP][PASSED] - delay(5): Delayed 5 second(s)

2022-04-19 00:03:46 - [MESSAGE][PASSED] - Delayed 5 second(s)

2022-04-19 00:03:46 - [TEST_STEP][PASSED] - waitForElementVisible(findTestObject("Object Repository/Header/Page_/span_Enfamil Family Beginnings Mobile App"), 0): Object 'Object Repository/Header/Page_/span_Enfamil Family Beginnings Mobile App' is visible

2022-04-19 00:03:46 - [MESSAGE][WARNING] - Timeout '0' is invalid. Using default page load timeout: '5'

2022-04-19 00:03:46 - [MESSAGE][PASSED] - Object 'Object Repository/Header/Page_/span_Enfamil Family Beginnings Mobile App' is visible

2022-04-19 00:03:46 - [TEST_STEP][PASSED] - verifyElementText(findTestObject("Object Repository/Header/Page_/span_Enfamil Family Beginnings Mobile App"), "Enfamil Family BeginningsÂ® Mobile App"): Actual text and expected text of test object 'Object Repository/Header/Page_/span_Enfamil Family Beginnings Mobile App' are matched.

2022-04-19 00:03:47 - [MESSAGE][PASSED] - Actual text and expected text of test object 'Object Repository/Header/Page_/span_Enfamil Family Beginnings Mobile App' are matched.

2022-04-19 00:03:47 - [TEST_STEP][PASSED] - verifyElementPresent(findTestObject("Object Repository/Header/Page_/span_Enfamil Family Beginnings Mobile App"), 0): Object 'Object Repository/Header/Page_/span_Enfamil Family Beginnings Mobile App' is present

2022-04-19 00:03:47 - [MESSAGE][WARNING] - Timeout '0' is invalid. Using default page load timeout: '5'

2022-04-19 00:03:47 - [MESSAGE][PASSED] - Object 'Object Repository/Header/Page_/span_Enfamil Family Beginnings Mobile App' is present

2022-04-19 00:03:47 - [TEST_STEP][PASSED] - verifyElementText(findTestObject("Object Repository/Header/Page_/h2_Enfamil Family Beginnings Mobile App"), "Enfamil Family BeginningsÂ® Mobile App"): Actual text and expected text of test object 'Object Repository/Header/Page_/h2_Enfamil Family Beginnings Mobile App' are matched.

2022-04-19 00:03:48 - [MESSAGE][PASSED] - Actual text and expected text of test object 'Object Repository/Header/Page_/h2_Enfamil Family Beginnings Mobile App' are matched.

2022-04-19 00:03:48 - [TEST_STEP][PASSED] - verifyElementPresent(findTestObject("Object Repository/Header/Page_/h2_Enfamil Family Beginnings Mobile App"), 0): Object 'Object Repository/Header/Page_/h2_Enfamil Family Beginnings Mobile App' is present

2022-04-19 00:03:48 - [MESSAGE][WARNING] - Timeout '0' is invalid. Using default page load timeout: '5'

2022-04-19 00:03:48 - [MESSAGE][PASSED] - Object 'Object Repository/Header/Page_/h2_Enfamil Family Beginnings Mobile App' is present

2022-04-19 00:03:48 - [TEST_STEP][PASSED] - verifyElementPresent(findTestObject("Object Repository/Header/Page_/img"), 0): Object 'Object Repository/Header/Page_/img' is present

2022-04-19 00:03:48 - [MESSAGE][WARNING] - Timeout '0' is invalid. Using default page load timeout: '5'

2022-04-19 00:03:48 - [MESSAGE][PASSED] - Object 'Object Repository/Header/Page_/img' is present

2022-04-19 00:03:48 - [TEST_STEP][PASSED] - verifyElementPresent(findTestObject("Object Repository/Header/Page_/img_1"), 0): Object 'Object Repository/Header/Page_/img_1' is present

2022-04-19 00:03:48 - [MESSAGE][WARNING] - Timeout '0' is invalid. Using default page load timeout: '5'

2022-04-19 00:03:49 - [MESSAGE][PASSED] - Object 'Object Repository/Header/Page_/img_1' is present

2022-04-19 00:03:49 - [TEST_STEP][PASSED] - verifyElementText(findTestObject("Object Repository/Header/Page_/strong_Download now"), "Download now"): Actual text and expected text of test object 'Object Repository/Header/Page_/strong_Download now' are matched.

2022-04-19 00:03:49 - [MESSAGE][PASSED] - Actual text and expected text of test object 'Object Repository/Header/Page_/strong_Download now' are matched.

2022-04-19 00:03:49 - [TEST_STEP][PASSED] - delay(5): Delayed 5 second(s)

2022-04-19 00:03:54 - [MESSAGE][PASSED] - Delayed 5 second(s)

2022-04-19 00:03:54 - [TEST_STEP][PASSED] - mouseOver(findTestObject("Object Repository/Header/Page_/span_Why Enfamil")): Object: 'Object Repository/Header/Page_/span_Why Enfamil' is hovered

2022-04-19 00:03:55 - [MESSAGE][PASSED] - Object: 'Object Repository/Header/Page_/span_Why Enfamil' is hovered

2022-04-19 00:03:55 - [TEST_STEP][PASSED] - click(findTestObject("Object Repository/Header/Page_/div_Belly Badges")): Object: 'Object Repository/Header/Page_/div_Belly Badges' is clicked on

2022-04-19 00:03:55 - [MESSAGE][PASSED] - Object: 'Object Repository/Header/Page_/div_Belly Badges' is clicked on

2022-04-19 00:03:55 - [TEST_STEP][PASSED] - waitForElementVisible(findTestObject("Object Repository/Header/Page_/span_What are Belly Badges"), 0): Object 'Object Repository/Header/Page_/span_What are Belly Badges' is visible

2022-04-19 00:03:55 - [MESSAGE][WARNING] - Timeout '0' is invalid. Using default page load timeout: '5'

2022-04-19 00:03:59 - [MESSAGE][PASSED] - Object 'Object Repository/Header/Page_/span_What are Belly Badges' is visible

2022-04-19 00:03:59 - [TEST_STEP][PASSED] - verifyElementPresent(findTestObject("Object Repository/Header/Page_/span_What are Belly Badges"), 0): Object 'Object Repository/Header/Page_/span_What are Belly Badges' is present

2022-04-19 00:03:59 - [MESSAGE][WARNING] - Timeout '0' is invalid. Using default page load timeout: '5'

2022-04-19 00:03:59 - [MESSAGE][PASSED] - Object 'Object Repository/Header/Page_/span_What are Belly Badges' is present

2022-04-19 00:03:59 - [TEST_STEP][PASSED] - verifyElementText(findTestObject("Object Repository/Header/Page_/span_What are Belly Badges"), "What are Belly Badgesâ„¢?"): Actual text and expected text of test object 'Object Repository/Header/Page_/span_What are Belly Badges' are matched.

2022-04-19 00:04:00 - [MESSAGE][PASSED] - Actual text and expected text of test object 'Object Repository/Header/Page_/span_What are Belly Badges' are matched.

2022-04-19 00:04:00 - [TEST_STEP][PASSED] - verifyElementText(findTestObject("Object Repository/Header/Page_/h2_What are Belly Badges"), "What are Belly Badgesâ„¢?"): Actual text and expected text of test object 'Object Repository/Header/Page_/h2_What are Belly Badges' are matched.

2022-04-19 00:04:00 - [MESSAGE][PASSED] - Actual text and expected text of test object 'Object Repository/Header/Page_/h2_What are Belly Badges' are matched.

2022-04-19 00:04:00 - [TEST_STEP][PASSED] - verifyElementPresent(findTestObject("Object Repository/Header/Page_/h2_What are Belly Badges"), 0): Object 'Object Repository/Header/Page_/h2_What are Belly Badges' is present

2022-04-19 00:04:00 - [MESSAGE][WARNING] - Timeout '0' is invalid. Using default page load timeout: '5'

2022-04-19 00:04:00 - [MESSAGE][PASSED] - Object 'Object Repository/Header/Page_/h2_What are Belly Badges' is present

2022-04-19 00:04:00 - [TEST_STEP][PASSED] - delay(5): Delayed 5 second(s)

2022-04-19 00:04:05 - [MESSAGE][PASSED] - Delayed 5 second(s)

2022-04-19 00:04:05 - [TEST_STEP][PASSED] - mouseOver(findTestObject("Object Repository/Header/Page_/span_Why Enfamil")): Object: 'Object Repository/Header/Page_/span_Why Enfamil' is hovered

2022-04-19 00:04:06 - [MESSAGE][PASSED] - Object: 'Object Repository/Header/Page_/span_Why Enfamil' is hovered

2022-04-19 00:04:06 - [TEST_STEP][PASSED] - click(findTestObject("Object Repository/Header/Page_/div_Enfamil Rewards")): Object: 'Object Repository/Header/Page_/div_Enfamil Rewards' is clicked on

2022-04-19 00:04:07 - [MESSAGE][PASSED] - Object: 'Object Repository/Header/Page_/div_Enfamil Rewards' is clicked on

2022-04-19 00:04:07 - [TEST_STEP][PASSED] - waitForElementVisible(findTestObject("Object Repository/Header/Page_/span_Baby formula rewards program"), 0): Object 'Object Repository/Header/Page_/span_Baby formula rewards program' is visible

2022-04-19 00:04:07 - [MESSAGE][WARNING] - Timeout '0' is invalid. Using default page load timeout: '5'

2022-04-19 00:04:09 - [MESSAGE][PASSED] - Object 'Object Repository/Header/Page_/span_Baby formula rewards program' is visible

2022-04-19 00:04:09 - [TEST_STEP][PASSED] - verifyElementText(findTestObject("Object Repository/Header/Page_/span_Baby formula rewards program"), "Baby formula rewards program"): Actual text and expected text of test object 'Object Repository/Header/Page_/span_Baby formula rewards program' are matched.

2022-04-19 00:04:11 - [MESSAGE][PASSED] - Actual text and expected text of test object 'Object Repository/Header/Page_/span_Baby formula rewards program' are matched.

2022-04-19 00:04:11 - [TEST_STEP][PASSED] - verifyElementPresent(findTestObject("Object Repository/Header/Page_/span_Baby formula rewards program"), 0): Object 'Object Repository/Header/Page_/span_Baby formula rewards program' is present

2022-04-19 00:04:11 - [MESSAGE][WARNING] - Timeout '0' is invalid. Using default page load timeout: '5'

2022-04-19 00:04:11 - [MESSAGE][PASSED] - Object 'Object Repository/Header/Page_/span_Baby formula rewards program' is present

2022-04-19 00:04:11 - [TEST_STEP][PASSED] - verifyElementPresent(findTestObject("Object Repository/Header/Page_/h2_Enfamil Rewards"), 0): Object 'Object Repository/Header/Page_/h2_Enfamil Rewards' is present

2022-04-19 00:04:11 - [MESSAGE][WARNING] - Timeout '0' is invalid. Using default page load timeout: '5'

2022-04-19 00:04:11 - [MESSAGE][PASSED] - Object 'Object Repository/Header/Page_/h2_Enfamil Rewards' is present

2022-04-19 00:04:11 - [TEST_STEP][PASSED] - verifyElementText(findTestObject("Object Repository/Header/Page_/h2_Enfamil Rewards"), "EnfamilÂ® Rewards"): Actual text and expected text of test object 'Object Repository/Header/Page_/h2_Enfamil Rewards' are matched.

2022-04-19 00:04:12 - [MESSAGE][PASSED] - Actual text and expected text of test object 'Object Repository/Header/Page_/h2_Enfamil Rewards' are matched.

2022-04-19 00:04:12 - [TEST_STEP][PASSED] - delay(5): Delayed 5 second(s)

2022-04-19 00:04:17 - [MESSAGE][PASSED] - Delayed 5 second(s)

2022-04-19 00:04:17 - [TEST_STEP][PASSED] - mouseOver(findTestObject("Object Repository/Header/Page_/span_Why Enfamil")): Object: 'Object Repository/Header/Page_/span_Why Enfamil' is hovered

2022-04-19 00:04:17 - [MESSAGE][PASSED] - Object: 'Object Repository/Header/Page_/span_Why Enfamil' is hovered

2022-04-19 00:04:17 - [TEST_STEP][PASSED] - click(findTestObject("Object Repository/Header/Page_/a_Aftercare")): Object: 'Object Repository/Header/Page_/a_Aftercare' is clicked on

2022-04-19 00:04:20 - [MESSAGE][PASSED] - Object: 'Object Repository/Header/Page_/a_Aftercare' is clicked on

2022-04-19 00:04:20 - [TEST_STEP][PASSED] - delay(5): Delayed 5 second(s)

2022-04-19 00:04:25 - [MESSAGE][PASSED] - Delayed 5 second(s)

2022-04-19 00:04:25 - [TEST_STEP][PASSED] - waitForElementVisible(findTestObject("Object Repository/Header/Page_Enfamil AfterCare/span_Enfamil AfterCare"), 0): Object 'Object Repository/Header/Page_Enfamil AfterCare/span_Enfamil AfterCare' is visible

2022-04-19 00:04:25 - [MESSAGE][WARNING] - Timeout '0' is invalid. Using default page load timeout: '5'

2022-04-19 00:04:26 - [MESSAGE][PASSED] - Object 'Object Repository/Header/Page_Enfamil AfterCare/span_Enfamil AfterCare' is visible

2022-04-19 00:04:26 - [TEST_STEP][PASSED] - verifyElementText(findTestObject("Object Repository/Header/Page_Enfamil AfterCare/span_Enfamil AfterCare"), "Enfamil AfterCare"): Actual text and expected text of test object 'Object Repository/Header/Page_Enfamil AfterCare/span_Enfamil AfterCare' are matched.

2022-04-19 00:04:26 - [MESSAGE][PASSED] - Actual text and expected text of test object 'Object Repository/Header/Page_Enfamil AfterCare/span_Enfamil AfterCare' are matched.

2022-04-19 00:04:26 - [TEST_STEP][PASSED] - verifyElementClickable(findTestObject("Object Repository/Header/Page_Enfamil AfterCare/span_Enfamil AfterCare")): Object 'Object Repository/Header/Page_Enfamil AfterCare/span_Enfamil AfterCare' is clickable

2022-04-19 00:04:27 - [MESSAGE][PASSED] - Object 'Object Repository/Header/Page_Enfamil AfterCare/span_Enfamil AfterCare' is clickable

2022-04-19 00:04:27 - [TEST_STEP][PASSED] - verifyElementPresent(findTestObject("Object Repository/Header/Page_Enfamil AfterCare/span_Enfamil AfterCare"), 0): Object 'Object Repository/Header/Page_Enfamil AfterCare/span_Enfamil AfterCare' is present

2022-04-19 00:04:27 - [MESSAGE][WARNING] - Timeout '0' is invalid. Using default page load timeout: '5'

2022-04-19 00:04:27 - [MESSAGE][PASSED] - Object 'Object Repository/Header/Page_Enfamil AfterCare/span_Enfamil AfterCare' is present

2022-04-19 00:04:27 - [TEST_STEP][PASSED] - verifyElementText(findTestObject("Object Repository/Header/Page_Enfamil AfterCare/h3_Enfamil Aftercare"), "EnfamilÂ® Aftercare"): Actual text and expected text of test object 'Object Repository/Header/Page_Enfamil AfterCare/h3_Enfamil Aftercare' are matched.

2022-04-19 00:04:28 - [MESSAGE][PASSED] - Actual text and expected text of test object 'Object Repository/Header/Page_Enfamil AfterCare/h3_Enfamil Aftercare' are matched.

2022-04-19 00:04:28 - [TEST_STEP][PASSED] - verifyElementPresent(findTestObject("Object Repository/Header/Page_Enfamil AfterCare/h3_Enfamil Aftercare"), 0): Object 'Object Repository/Header/Page_Enfamil AfterCare/h3_Enfamil Aftercare' is present

2022-04-19 00:04:28 - [MESSAGE][WARNING] - Timeout '0' is invalid. Using default page load timeout: '5'

2022-04-19 00:04:28 - [MESSAGE][PASSED] - Object 'Object Repository/Header/Page_Enfamil AfterCare/h3_Enfamil Aftercare' is present

2022-04-19 00:04:28 - [TEST_STEP][PASSED] - delay(5): Delayed 5 second(s)

2022-04-19 00:04:33 - [MESSAGE][PASSED] - Delayed 5 second(s)

2022-04-19 00:04:33 - [TEST_STEP][PASSED] - mouseOver(findTestObject("Object Repository/Header/Page_Enfamil AfterCare/span_Why Enfamil")): Object: 'Object Repository/Header/Page_Enfamil AfterCare/span_Why Enfamil' is hovered

2022-04-19 00:04:34 - [MESSAGE][PASSED] - Object: 'Object Repository/Header/Page_Enfamil AfterCare/span_Why Enfamil' is hovered

2022-04-19 00:04:34 - [TEST_STEP][PASSED] - click(findTestObject("Object Repository/Header/Page_Enfamil AfterCare/a_Expert Support")): Object: 'Object Repository/Header/Page_Enfamil AfterCare/a_Expert Support' is clicked on

2022-04-19 00:04:38 - [MESSAGE][PASSED] - Object: 'Object Repository/Header/Page_Enfamil AfterCare/a_Expert Support' is clicked on

2022-04-19 00:04:38 - [TEST_STEP][PASSED] - waitForElementVisible(findTestObject("Object Repository/Header/Page_/span_Expert Support"), 0): Object 'Object Repository/Header/Page_/span_Expert Support' is visible

2022-04-19 00:04:38 - [MESSAGE][WARNING] - Timeout '0' is invalid. Using default page load timeout: '5'

2022-04-19 00:04:39 - [MESSAGE][PASSED] - Object 'Object Repository/Header/Page_/span_Expert Support' is visible

2022-04-19 00:04:39 - [TEST_STEP][PASSED] - verifyElementText(findTestObject("Object Repository/Header/Page_/span_Expert Support"), "Expert Support"): Actual text and expected text of test object 'Object Repository/Header/Page_/span_Expert Support' are matched.

2022-04-19 00:04:39 - [MESSAGE][PASSED] - Actual text and expected text of test object 'Object Repository/Header/Page_/span_Expert Support' are matched.

2022-04-19 00:04:39 - [TEST_STEP][PASSED] - verifyElementClickable(findTestObject("Object Repository/Header/Page_/span_Expert Support")): Object 'Object Repository/Header/Page_/span_Expert Support' is clickable

2022-04-19 00:04:39 - [MESSAGE][PASSED] - Object 'Object Repository/Header/Page_/span_Expert Support' is clickable

2022-04-19 00:04:39 - [TEST_STEP][PASSED] - verifyElementPresent(findTestObject("Object Repository/Header/Page_/span_Expert Support"), 0): Object 'Object Repository/Header/Page_/span_Expert Support' is present

2022-04-19 00:04:39 - [MESSAGE][WARNING] - Timeout '0' is invalid. Using default page load timeout: '5'

2022-04-19 00:04:40 - [MESSAGE][PASSED] - Object 'Object Repository/Header/Page_/span_Expert Support' is present

2022-04-19 00:04:40 - [TEST_STEP][FAILED] - verifyElementText(findTestObject("Object Repository/Header/Page_/h1_Expert Support"), "Expert Support"): com.kms.katalon.core.webui.exception.WebElementNotFoundException: Web element with id: 'Object Repository/Header/Page_/h1_Expert Support' located by '//h2[(text() = 'Expert Support' or . = 'Expert Support')]' not found (Root cause: com.kms.katalon.core.exception.StepFailedException: com.kms.katalon.core.webui.exception.WebElementNotFoundException: Web element with id: 'Object Repository/Header/Page_/h1_Expert Support' located by '//h2[(text() = 'Expert Support' or . = 'Expert Support')]' not found
	at com.kms.katalon.core.webui.keyword.internal.WebUIKeywordMain.stepFailed(WebUIKeywordMain.groovy:64)
	at com.kms.katalon.core.webui.keyword.builtin.VerifyElementTextKeyword$_verifyElementText_closure1.doCall(VerifyElementTextKeyword.groovy:64)
	at com.kms.katalon.core.webui.keyword.builtin.VerifyElementTextKeyword$_verifyElementText_closure1.call(VerifyElementTextKeyword.groovy)
	at com.kms.katalon.core.webui.keyword.internal.WebUIKeywordMain.runKeyword(WebUIKeywordMain.groovy:20)
	at com.kms.katalon.core.webui.keyword.builtin.VerifyElementTextKeyword.verifyElementText(VerifyElementTextKeyword.groovy:72)
	at com.kms.katalon.core.webui.keyword.builtin.VerifyElementTextKeyword.execute(VerifyElementTextKeyword.groovy:40)
	at com.kms.katalon.core.keyword.internal.KeywordExecutor.executeKeywordForPlatform(KeywordExecutor.groovy:74)
	at com.kms.katalon.core.webui.keyword.WebUiBuiltInKeywords.verifyElementText(WebUiBuiltInKeywords.groovy:4749)
	at com.kms.katalon.core.webui.keyword.WebUiBuiltInKeywords$verifyElementText$5.call(Unknown Source)
	at Header - Why enfamil Menu Verification.run(Header - Why enfamil Menu Verification:206)
	at com.kms.katalon.core.main.ScriptEngine.run(ScriptEngine.java:194)
	at com.kms.katalon.core.main.ScriptEngine.runScriptAsRawText(ScriptEngine.java:119)
	at com.kms.katalon.core.main.TestCaseExecutor.runScript(TestCaseExecutor.java:445)
	at com.kms.katalon.core.main.TestCaseExecutor.doExecute(TestCaseExecutor.java:436)
	at com.kms.katalon.core.main.TestCaseExecutor.processExecutionPhase(TestCaseExecutor.java:415)
	at com.kms.katalon.core.main.TestCaseExecutor.accessMainPhase(TestCaseExecutor.java:407)
	at com.kms.katalon.core.main.TestCaseExecutor.execute(TestCaseExecutor.java:284)
	at com.kms.katalon.core.common.CommonExecutor.accessTestCaseMainPhase(CommonExecutor.java:65)
	at com.kms.katalon.core.main.TestSuiteExecutor.accessTestSuiteMainPhase(TestSuiteExecutor.java:144)
	at com.kms.katalon.core.main.TestSuiteExecutor.execute(TestSuiteExecutor.java:106)
	at com.kms.katalon.core.main.TestCaseMain.startTestSuite(TestCaseMain.java:185)
	at com.kms.katalon.core.main.TestCaseMain$startTestSuite$0.call(Unknown Source)
	at TempTestSuite1650304259606.run(TempTestSuite1650304259606.groovy:36)
)

2022-04-19 00:04:46 - [MESSAGE][INFO] - Unable to find the element located by 'By.xpath: //h2[(text() = 'Expert Support' or . = 'Expert Support')]'. Please recheck the objects properties to make sure the desired element is located. 

2022-04-19 00:04:46 - [MESSAGE][FAILED] - com.kms.katalon.core.webui.exception.WebElementNotFoundException: Web element with id: 'Object Repository/Header/Page_/h1_Expert Support' located by '//h2[(text() = 'Expert Support' or . = 'Expert Support')]' not found (Root cause: com.kms.katalon.core.exception.StepFailedException: com.kms.katalon.core.webui.exception.WebElementNotFoundException: Web element with id: 'Object Repository/Header/Page_/h1_Expert Support' located by '//h2[(text() = 'Expert Support' or . = 'Expert Support')]' not found
	at com.kms.katalon.core.webui.keyword.internal.WebUIKeywordMain.stepFailed(WebUIKeywordMain.groovy:64)
	at com.kms.katalon.core.webui.keyword.builtin.VerifyElementTextKeyword$_verifyElementText_closure1.doCall(VerifyElementTextKeyword.groovy:64)
	at com.kms.katalon.core.webui.keyword.builtin.VerifyElementTextKeyword$_verifyElementText_closure1.call(VerifyElementTextKeyword.groovy)
	at com.kms.katalon.core.webui.keyword.internal.WebUIKeywordMain.runKeyword(WebUIKeywordMain.groovy:20)
	at com.kms.katalon.core.webui.keyword.builtin.VerifyElementTextKeyword.verifyElementText(VerifyElementTextKeyword.groovy:72)
	at com.kms.katalon.core.webui.keyword.builtin.VerifyElementTextKeyword.execute(VerifyElementTextKeyword.groovy:40)
	at com.kms.katalon.core.keyword.internal.KeywordExecutor.executeKeywordForPlatform(KeywordExecutor.groovy:74)
	at com.kms.katalon.core.webui.keyword.WebUiBuiltInKeywords.verifyElementText(WebUiBuiltInKeywords.groovy:4749)
	at com.kms.katalon.core.webui.keyword.WebUiBuiltInKeywords$verifyElementText$5.call(Unknown Source)
	at Header - Why enfamil Menu Verification.run(Header - Why enfamil Menu Verification:206)
	at com.kms.katalon.core.main.ScriptEngine.run(ScriptEngine.java:194)
	at com.kms.katalon.core.main.ScriptEngine.runScriptAsRawText(ScriptEngine.java:119)
	at com.kms.katalon.core.main.TestCaseExecutor.runScript(TestCaseExecutor.java:445)
	at com.kms.katalon.core.main.TestCaseExecutor.doExecute(TestCaseExecutor.java:436)
	at com.kms.katalon.core.main.TestCaseExecutor.processExecutionPhase(TestCaseExecutor.java:415)
	at com.kms.katalon.core.main.TestCaseExecutor.accessMainPhase(TestCaseExecutor.java:407)
	at com.kms.katalon.core.main.TestCaseExecutor.execute(TestCaseExecutor.java:284)
	at com.kms.katalon.core.common.CommonExecutor.accessTestCaseMainPhase(CommonExecutor.java:65)
	at com.kms.katalon.core.main.TestSuiteExecutor.accessTestSuiteMainPhase(TestSuiteExecutor.java:144)
	at com.kms.katalon.core.main.TestSuiteExecutor.execute(TestSuiteExecutor.java:106)
	at com.kms.katalon.core.main.TestCaseMain.startTestSuite(TestCaseMain.java:185)
	at com.kms.katalon.core.main.TestCaseMain$startTestSuite$0.call(Unknown Source)
	at TempTestSuite1650304259606.run(TempTestSuite1650304259606.groovy:36)
)
[[ATTACHMENT|D:\\SmoketestSuite\\enfamilUS\\Reports\\20220418_232059\\SmokeTestCollection - Venkat\\SmokeTestSuite-Collection - UAT\\20220418_232059\\1650306886234.png]]

2022-04-19 00:04:46 - [TEST_STEP][FAILED] - verifyElementPresent(findTestObject("Object Repository/Header/Page_/h1_Expert Support"), 0): com.kms.katalon.core.webui.exception.WebElementNotFoundException: Web element with id: 'Object Repository/Header/Page_/h1_Expert Support' located by '//h2[(text() = 'Expert Support' or . = 'Expert Support')]' not found (Root cause: com.kms.katalon.core.exception.StepFailedException: com.kms.katalon.core.webui.exception.WebElementNotFoundException: Web element with id: 'Object Repository/Header/Page_/h1_Expert Support' located by '//h2[(text() = 'Expert Support' or . = 'Expert Support')]' not found
	at com.kms.katalon.core.webui.keyword.internal.WebUIKeywordMain.stepFailed(WebUIKeywordMain.groovy:64)
	at com.kms.katalon.core.webui.keyword.builtin.VerifyElementPresentKeyword$_verifyElementPresent_closure1.doCall(VerifyElementPresentKeyword.groovy:85)
	at com.kms.katalon.core.webui.keyword.builtin.VerifyElementPresentKeyword$_verifyElementPresent_closure1.call(VerifyElementPresentKeyword.groovy)
	at com.kms.katalon.core.webui.keyword.internal.WebUIKeywordMain.runKeyword(WebUIKeywordMain.groovy:20)
	at com.kms.katalon.core.webui.keyword.builtin.VerifyElementPresentKeyword.verifyElementPresent(VerifyElementPresentKeyword.groovy:92)
	at com.kms.katalon.core.webui.keyword.builtin.VerifyElementPresentKeyword.execute(VerifyElementPresentKeyword.groovy:68)
	at com.kms.katalon.core.keyword.internal.KeywordExecutor.executeKeywordForPlatform(KeywordExecutor.groovy:74)
	at com.kms.katalon.core.webui.keyword.WebUiBuiltInKeywords.verifyElementPresent(WebUiBuiltInKeywords.groovy:1464)
	at com.kms.katalon.core.webui.keyword.WebUiBuiltInKeywords$verifyElementPresent$4.call(Unknown Source)
	at Header - Why enfamil Menu Verification.run(Header - Why enfamil Menu Verification:208)
	at com.kms.katalon.core.main.ScriptEngine.run(ScriptEngine.java:194)
	at com.kms.katalon.core.main.ScriptEngine.runScriptAsRawText(ScriptEngine.java:119)
	at com.kms.katalon.core.main.TestCaseExecutor.runScript(TestCaseExecutor.java:445)
	at com.kms.katalon.core.main.TestCaseExecutor.doExecute(TestCaseExecutor.java:436)
	at com.kms.katalon.core.main.TestCaseExecutor.processExecutionPhase(TestCaseExecutor.java:415)
	at com.kms.katalon.core.main.TestCaseExecutor.accessMainPhase(TestCaseExecutor.java:407)
	at com.kms.katalon.core.main.TestCaseExecutor.execute(TestCaseExecutor.java:284)
	at com.kms.katalon.core.common.CommonExecutor.accessTestCaseMainPhase(CommonExecutor.java:65)
	at com.kms.katalon.core.main.TestSuiteExecutor.accessTestSuiteMainPhase(TestSuiteExecutor.java:144)
	at com.kms.katalon.core.main.TestSuiteExecutor.execute(TestSuiteExecutor.java:106)
	at com.kms.katalon.core.main.TestCaseMain.startTestSuite(TestCaseMain.java:185)
	at com.kms.katalon.core.main.TestCaseMain$startTestSuite$0.call(Unknown Source)
	at TempTestSuite1650304259606.run(TempTestSuite1650304259606.groovy:36)
)

2022-04-19 00:04:46 - [MESSAGE][WARNING] - Timeout '0' is invalid. Using default page load timeout: '5'

2022-04-19 00:04:52 - [MESSAGE][INFO] - Unable to find the element located by 'By.xpath: //h2[(text() = 'Expert Support' or . = 'Expert Support')]'. Please recheck the objects properties to make sure the desired element is located. 

2022-04-19 00:04:52 - [MESSAGE][FAILED] - com.kms.katalon.core.webui.exception.WebElementNotFoundException: Web element with id: 'Object Repository/Header/Page_/h1_Expert Support' located by '//h2[(text() = 'Expert Support' or . = 'Expert Support')]' not found (Root cause: com.kms.katalon.core.exception.StepFailedException: com.kms.katalon.core.webui.exception.WebElementNotFoundException: Web element with id: 'Object Repository/Header/Page_/h1_Expert Support' located by '//h2[(text() = 'Expert Support' or . = 'Expert Support')]' not found
	at com.kms.katalon.core.webui.keyword.internal.WebUIKeywordMain.stepFailed(WebUIKeywordMain.groovy:64)
	at com.kms.katalon.core.webui.keyword.builtin.VerifyElementPresentKeyword$_verifyElementPresent_closure1.doCall(VerifyElementPresentKeyword.groovy:85)
	at com.kms.katalon.core.webui.keyword.builtin.VerifyElementPresentKeyword$_verifyElementPresent_closure1.call(VerifyElementPresentKeyword.groovy)
	at com.kms.katalon.core.webui.keyword.internal.WebUIKeywordMain.runKeyword(WebUIKeywordMain.groovy:20)
	at com.kms.katalon.core.webui.keyword.builtin.VerifyElementPresentKeyword.verifyElementPresent(VerifyElementPresentKeyword.groovy:92)
	at com.kms.katalon.core.webui.keyword.builtin.VerifyElementPresentKeyword.execute(VerifyElementPresentKeyword.groovy:68)
	at com.kms.katalon.core.keyword.internal.KeywordExecutor.executeKeywordForPlatform(KeywordExecutor.groovy:74)
	at com.kms.katalon.core.webui.keyword.WebUiBuiltInKeywords.verifyElementPresent(WebUiBuiltInKeywords.groovy:1464)
	at com.kms.katalon.core.webui.keyword.WebUiBuiltInKeywords$verifyElementPresent$4.call(Unknown Source)
	at Header - Why enfamil Menu Verification.run(Header - Why enfamil Menu Verification:208)
	at com.kms.katalon.core.main.ScriptEngine.run(ScriptEngine.java:194)
	at com.kms.katalon.core.main.ScriptEngine.runScriptAsRawText(ScriptEngine.java:119)
	at com.kms.katalon.core.main.TestCaseExecutor.runScript(TestCaseExecutor.java:445)
	at com.kms.katalon.core.main.TestCaseExecutor.doExecute(TestCaseExecutor.java:436)
	at com.kms.katalon.core.main.TestCaseExecutor.processExecutionPhase(TestCaseExecutor.java:415)
	at com.kms.katalon.core.main.TestCaseExecutor.accessMainPhase(TestCaseExecutor.java:407)
	at com.kms.katalon.core.main.TestCaseExecutor.execute(TestCaseExecutor.java:284)
	at com.kms.katalon.core.common.CommonExecutor.accessTestCaseMainPhase(CommonExecutor.java:65)
	at com.kms.katalon.core.main.TestSuiteExecutor.accessTestSuiteMainPhase(TestSuiteExecutor.java:144)
	at com.kms.katalon.core.main.TestSuiteExecutor.execute(TestSuiteExecutor.java:106)
	at com.kms.katalon.core.main.TestCaseMain.startTestSuite(TestCaseMain.java:185)
	at com.kms.katalon.core.main.TestCaseMain$startTestSuite$0.call(Unknown Source)
	at TempTestSuite1650304259606.run(TempTestSuite1650304259606.groovy:36)
)
[[ATTACHMENT|D:\\SmoketestSuite\\enfamilUS\\Reports\\20220418_232059\\SmokeTestCollection - Venkat\\SmokeTestSuite-Collection - UAT\\20220418_232059\\1650306892689.png]]

2022-04-19 00:04:52 - [TEST_STEP][PASSED] - verifyElementPresent(findTestObject("Object Repository/Header/Page_/img_Enfamil NeuroPro_carousel-item__image"), 0): Object 'Object Repository/Header/Page_/img_Enfamil NeuroPro_carousel-item__image' is present

2022-04-19 00:04:53 - [MESSAGE][WARNING] - Timeout '0' is invalid. Using default page load timeout: '5'

2022-04-19 00:04:53 - [MESSAGE][PASSED] - Object 'Object Repository/Header/Page_/img_Enfamil NeuroPro_carousel-item__image' is present

2022-04-19 00:04:53 - [TEST_STEP][PASSED] - verifyElementPresent(findTestObject("Object Repository/Header/Page_/h2_Meet Our Enfamil Experts"), 0): Object 'Object Repository/Header/Page_/h2_Meet Our Enfamil Experts' is present

2022-04-19 00:04:53 - [MESSAGE][WARNING] - Timeout '0' is invalid. Using default page load timeout: '5'

2022-04-19 00:04:53 - [MESSAGE][PASSED] - Object 'Object Repository/Header/Page_/h2_Meet Our Enfamil Experts' is present

2022-04-19 00:04:53 - [TEST_STEP][PASSED] - delay(5): Delayed 5 second(s)

2022-04-19 00:04:58 - [MESSAGE][PASSED] - Delayed 5 second(s)

2022-04-19 00:04:58 - [TEST_STEP][PASSED] - mouseOver(findTestObject("Object Repository/Header/Page_/span_Why Enfamil")): Object: 'Object Repository/Header/Page_/span_Why Enfamil' is hovered

2022-04-19 00:04:59 - [MESSAGE][PASSED] - Object: 'Object Repository/Header/Page_/span_Why Enfamil' is hovered

2022-04-19 00:04:59 - [TEST_STEP][PASSED] - click(findTestObject("Object Repository/Header/Page_/a_Help Center")): Object: 'Object Repository/Header/Page_/a_Help Center' is clicked on

2022-04-19 00:05:02 - [MESSAGE][PASSED] - Object: 'Object Repository/Header/Page_/a_Help Center' is clicked on

2022-04-19 00:05:02 - [TEST_STEP][PASSED] - waitForElementVisible(findTestObject("Object Repository/Header/Page_/span_Help Center  FAQ"), 0): Object 'Object Repository/Header/Page_/span_Help Center  FAQ' is visible

2022-04-19 00:05:02 - [MESSAGE][WARNING] - Timeout '0' is invalid. Using default page load timeout: '5'

2022-04-19 00:05:02 - [MESSAGE][PASSED] - Object 'Object Repository/Header/Page_/span_Help Center  FAQ' is visible

2022-04-19 00:05:02 - [TEST_STEP][PASSED] - verifyElementClickable(findTestObject("Object Repository/Header/Page_/span_Help Center  FAQ")): Object 'Object Repository/Header/Page_/span_Help Center  FAQ' is clickable

2022-04-19 00:05:02 - [MESSAGE][PASSED] - Object 'Object Repository/Header/Page_/span_Help Center  FAQ' is clickable

2022-04-19 00:05:02 - [TEST_STEP][PASSED] - verifyElementPresent(findTestObject("Object Repository/Header/Page_/span_Help Center  FAQ"), 0): Object 'Object Repository/Header/Page_/span_Help Center  FAQ' is present

2022-04-19 00:05:02 - [MESSAGE][WARNING] - Timeout '0' is invalid. Using default page load timeout: '5'

2022-04-19 00:05:03 - [MESSAGE][PASSED] - Object 'Object Repository/Header/Page_/span_Help Center  FAQ' is present

2022-04-19 00:05:03 - [TEST_STEP][PASSED] - verifyElementText(findTestObject("Object Repository/Header/Page_/span_Help Center  FAQ"), "Help Center & FAQ"): Actual text and expected text of test object 'Object Repository/Header/Page_/span_Help Center  FAQ' are matched.

2022-04-19 00:05:03 - [MESSAGE][PASSED] - Actual text and expected text of test object 'Object Repository/Header/Page_/span_Help Center  FAQ' are matched.

2022-04-19 00:05:03 - [TEST_STEP][PASSED] - verifyElementPresent(findTestObject("Object Repository/Header/Page_/h1_Help Center  FAQs"), 0): Object 'Object Repository/Header/Page_/h1_Help Center  FAQs' is present

2022-04-19 00:05:03 - [MESSAGE][WARNING] - Timeout '0' is invalid. Using default page load timeout: '5'

2022-04-19 00:05:03 - [MESSAGE][PASSED] - Object 'Object Repository/Header/Page_/h1_Help Center  FAQs' is present

2022-04-19 00:05:03 - [TEST_STEP][PASSED] - verifyElementText(findTestObject("Object Repository/Header/Page_/h1_Help Center  FAQs"), "Help Center & FAQs"): Actual text and expected text of test object 'Object Repository/Header/Page_/h1_Help Center  FAQs' are matched.

2022-04-19 00:05:07 - [MESSAGE][PASSED] - Actual text and expected text of test object 'Object Repository/Header/Page_/h1_Help Center  FAQs' are matched.

2022-04-19 00:05:07 - [TEST_STEP][PASSED] - delay(5): Delayed 5 second(s)

2022-04-19 00:05:12 - [MESSAGE][PASSED] - Delayed 5 second(s)

2022-04-19 00:05:12 - [TEST_STEP][PASSED] - mouseOver(findTestObject("Object Repository/Header/Page_/span_Why Enfamil")): Object: 'Object Repository/Header/Page_/span_Why Enfamil' is hovered

2022-04-19 00:05:13 - [MESSAGE][PASSED] - Object: 'Object Repository/Header/Page_/span_Why Enfamil' is hovered

2022-04-19 00:05:13 - [TEST_STEP][PASSED] - click(findTestObject("Object Repository/Header/Page_/a_Our Commitment to Quality")): Object: 'Object Repository/Header/Page_/a_Our Commitment to Quality' is clicked on

2022-04-19 00:05:16 - [MESSAGE][PASSED] - Object: 'Object Repository/Header/Page_/a_Our Commitment to Quality' is clicked on

2022-04-19 00:05:16 - [TEST_STEP][PASSED] - waitForElementVisible(findTestObject("Object Repository/Header/Page_Enfamil Quality Standards  Enfamil/span_Enfamil Quality Standards"), 0): Object 'Object Repository/Header/Page_Enfamil Quality Standards  Enfamil/span_Enfamil Quality Standards' is visible

2022-04-19 00:05:16 - [MESSAGE][WARNING] - Timeout '0' is invalid. Using default page load timeout: '5'

2022-04-19 00:05:16 - [MESSAGE][PASSED] - Object 'Object Repository/Header/Page_Enfamil Quality Standards  Enfamil/span_Enfamil Quality Standards' is visible

2022-04-19 00:05:16 - [TEST_STEP][PASSED] - verifyElementText(findTestObject("Object Repository/Header/Page_Enfamil Quality Standards  Enfamil/span_Enfamil Quality Standards"), "EnfamilÂ® Quality Standards"): Actual text and expected text of test object 'Object Repository/Header/Page_Enfamil Quality Standards  Enfamil/span_Enfamil Quality Standards' are matched.

2022-04-19 00:05:17 - [MESSAGE][PASSED] - Actual text and expected text of test object 'Object Repository/Header/Page_Enfamil Quality Standards  Enfamil/span_Enfamil Quality Standards' are matched.

2022-04-19 00:05:17 - [TEST_STEP][PASSED] - verifyElementPresent(findTestObject("Object Repository/Header/Page_Enfamil Quality Standards  Enfamil/span_Enfamil Quality Standards"), 0): Object 'Object Repository/Header/Page_Enfamil Quality Standards  Enfamil/span_Enfamil Quality Standards' is present

2022-04-19 00:05:17 - [MESSAGE][WARNING] - Timeout '0' is invalid. Using default page load timeout: '5'

2022-04-19 00:05:17 - [MESSAGE][PASSED] - Object 'Object Repository/Header/Page_Enfamil Quality Standards  Enfamil/span_Enfamil Quality Standards' is present

2022-04-19 00:05:17 - [TEST_STEP][PASSED] - verifyElementClickable(findTestObject("Object Repository/Header/Page_Enfamil Quality Standards  Enfamil/span_Enfamil Quality Standards")): Object 'Object Repository/Header/Page_Enfamil Quality Standards  Enfamil/span_Enfamil Quality Standards' is clickable

2022-04-19 00:05:17 - [MESSAGE][PASSED] - Object 'Object Repository/Header/Page_Enfamil Quality Standards  Enfamil/span_Enfamil Quality Standards' is clickable

2022-04-19 00:05:17 - [TEST_STEP][PASSED] - verifyElementText(findTestObject("Object Repository/Header/Page_Enfamil Quality Standards  Enfamil/h1_Enfamil Quality Standards"), "EnfamilÂ® Quality Standards"): Actual text and expected text of test object 'Object Repository/Header/Page_Enfamil Quality Standards  Enfamil/h1_Enfamil Quality Standards' are matched.

2022-04-19 00:05:18 - [MESSAGE][PASSED] - Actual text and expected text of test object 'Object Repository/Header/Page_Enfamil Quality Standards  Enfamil/h1_Enfamil Quality Standards' are matched.

2022-04-19 00:05:18 - [TEST_STEP][PASSED] - verifyElementPresent(findTestObject("Object Repository/Header/Page_Enfamil Quality Standards  Enfamil/h1_Enfamil Quality Standards"), 0): Object 'Object Repository/Header/Page_Enfamil Quality Standards  Enfamil/h1_Enfamil Quality Standards' is present

2022-04-19 00:05:18 - [MESSAGE][WARNING] - Timeout '0' is invalid. Using default page load timeout: '5'

2022-04-19 00:05:21 - [MESSAGE][PASSED] - Object 'Object Repository/Header/Page_Enfamil Quality Standards  Enfamil/h1_Enfamil Quality Standards' is present

2022-04-19 00:05:21 - [TEST_STEP][PASSED] - verifyElementText(findTestObject("Object Repository/Header/Page_Enfamil Quality Standards  Enfamil/h2_Enfamil Quality Assurance"), "EnfamilÂ® Quality Assurance"): Actual text and expected text of test object 'Object Repository/Header/Page_Enfamil Quality Standards  Enfamil/h2_Enfamil Quality Assurance' are matched.

2022-04-19 00:05:21 - [MESSAGE][PASSED] - Actual text and expected text of test object 'Object Repository/Header/Page_Enfamil Quality Standards  Enfamil/h2_Enfamil Quality Assurance' are matched.

2022-04-19 00:05:21 - [TEST_STEP][PASSED] - delay(5): Delayed 5 second(s)

2022-04-19 00:05:26 - [MESSAGE][PASSED] - Delayed 5 second(s)

2022-04-19 00:05:26 - [TEST_STEP][PASSED] - mouseOver(findTestObject("Object Repository/Header/Page_Enfamil Quality Standards  Enfamil/span_Why Enfamil")): Object: 'Object Repository/Header/Page_Enfamil Quality Standards  Enfamil/span_Why Enfamil' is hovered

2022-04-19 00:05:27 - [MESSAGE][PASSED] - Object: 'Object Repository/Header/Page_Enfamil Quality Standards  Enfamil/span_Why Enfamil' is hovered

2022-04-19 00:05:27 - [TEST_STEP][PASSED] - click(findTestObject("Object Repository/Header/Page_Enfamil Quality Standards  Enfamil/a_Coronavirus FAQ")): Object: 'Object Repository/Header/Page_Enfamil Quality Standards  Enfamil/a_Coronavirus FAQ' is clicked on

2022-04-19 00:05:30 - [MESSAGE][PASSED] - Object: 'Object Repository/Header/Page_Enfamil Quality Standards  Enfamil/a_Coronavirus FAQ' is clicked on

2022-04-19 00:05:30 - [TEST_STEP][PASSED] - waitForElementVisible(findTestObject("Object Repository/Header/Page_/span_COVID-19 Supporting Your Family"), 0): Object 'Object Repository/Header/Page_/span_COVID-19 Supporting Your Family' is visible

2022-04-19 00:05:31 - [MESSAGE][WARNING] - Timeout '0' is invalid. Using default page load timeout: '5'

2022-04-19 00:05:31 - [MESSAGE][PASSED] - Object 'Object Repository/Header/Page_/span_COVID-19 Supporting Your Family' is visible

2022-04-19 00:05:31 - [TEST_STEP][PASSED] - verifyElementText(findTestObject("Object Repository/Header/Page_/span_COVID-19 Supporting Your Family"), "COVID-19: Supporting Your Family"): Actual text and expected text of test object 'Object Repository/Header/Page_/span_COVID-19 Supporting Your Family' are matched.

2022-04-19 00:05:31 - [MESSAGE][PASSED] - Actual text and expected text of test object 'Object Repository/Header/Page_/span_COVID-19 Supporting Your Family' are matched.

2022-04-19 00:05:31 - [TEST_STEP][PASSED] - verifyElementPresent(findTestObject("Object Repository/Header/Page_/span_COVID-19 Supporting Your Family"), 0): Object 'Object Repository/Header/Page_/span_COVID-19 Supporting Your Family' is present

2022-04-19 00:05:31 - [MESSAGE][WARNING] - Timeout '0' is invalid. Using default page load timeout: '5'

2022-04-19 00:05:34 - [MESSAGE][PASSED] - Object 'Object Repository/Header/Page_/span_COVID-19 Supporting Your Family' is present

2022-04-19 00:05:34 - [TEST_STEP][PASSED] - verifyElementPresent(findTestObject("Object Repository/Header/Page_/h1_Our Enfamil family is here to support yo_64ba03"), 0): Object 'Object Repository/Header/Page_/h1_Our Enfamil family is here to support yo_64ba03' is present

2022-04-19 00:05:35 - [MESSAGE][WARNING] - Timeout '0' is invalid. Using default page load timeout: '5'

2022-04-19 00:05:35 - [MESSAGE][PASSED] - Object 'Object Repository/Header/Page_/h1_Our Enfamil family is here to support yo_64ba03' is present

2022-04-19 00:05:35 - [TEST_STEP][PASSED] - verifyElementClickable(findTestObject("Object Repository/Header/Page_/span_COVID-19 Supporting Your Family")): Object 'Object Repository/Header/Page_/span_COVID-19 Supporting Your Family' is clickable

2022-04-19 00:05:35 - [MESSAGE][PASSED] - Object 'Object Repository/Header/Page_/span_COVID-19 Supporting Your Family' is clickable

2022-04-19 00:05:35 - [TEST_STEP][PASSED] - delay(5): Delayed 5 second(s)

2022-04-19 00:05:40 - [MESSAGE][PASSED] - Delayed 5 second(s)

2022-04-19 00:05:40 - [TEST_STEP][PASSED] - mouseOver(findTestObject("Object Repository/Header/Page_/span_Why Enfamil")): Object: 'Object Repository/Header/Page_/span_Why Enfamil' is hovered

2022-04-19 00:05:41 - [MESSAGE][PASSED] - Object: 'Object Repository/Header/Page_/span_Why Enfamil' is hovered

2022-04-19 00:05:41 - [TEST_STEP][PASSED] - click(findTestObject("Object Repository/Header/Page_/a_Why Enfamil")): Object: 'Object Repository/Header/Page_/a_Why Enfamil' is clicked on

2022-04-19 00:05:42 - [MESSAGE][PASSED] - Object: 'Object Repository/Header/Page_/a_Why Enfamil' is clicked on

2022-04-19 00:05:42 - [TEST_STEP][PASSED] - waitForElementVisible(findTestObject("Object Repository/Header/Page_Why Enfamil  Enfamil/span_Why Enfamil"), 0): Object 'Object Repository/Header/Page_Why Enfamil  Enfamil/span_Why Enfamil' is visible

2022-04-19 00:05:42 - [MESSAGE][WARNING] - Timeout '0' is invalid. Using default page load timeout: '5'

2022-04-19 00:05:46 - [MESSAGE][PASSED] - Object 'Object Repository/Header/Page_Why Enfamil  Enfamil/span_Why Enfamil' is visible

2022-04-19 00:05:46 - [TEST_STEP][PASSED] - verifyElementPresent(findTestObject("Object Repository/Header/Page_Why Enfamil  Enfamil/span_Why Enfamil"), 0): Object 'Object Repository/Header/Page_Why Enfamil  Enfamil/span_Why Enfamil' is present

2022-04-19 00:05:46 - [MESSAGE][WARNING] - Timeout '0' is invalid. Using default page load timeout: '5'

2022-04-19 00:05:46 - [MESSAGE][PASSED] - Object 'Object Repository/Header/Page_Why Enfamil  Enfamil/span_Why Enfamil' is present

2022-04-19 00:05:46 - [TEST_STEP][PASSED] - verifyElementClickable(findTestObject("Object Repository/Header/Page_Why Enfamil  Enfamil/span_Why Enfamil")): Object 'Object Repository/Header/Page_Why Enfamil  Enfamil/span_Why Enfamil' is clickable

2022-04-19 00:05:46 - [MESSAGE][PASSED] - Object 'Object Repository/Header/Page_Why Enfamil  Enfamil/span_Why Enfamil' is clickable

2022-04-19 00:05:46 - [TEST_STEP][PASSED] - verifyElementText(findTestObject("Object Repository/Header/Page_Why Enfamil  Enfamil/h1_Why Enfamil"), "Why EnfamilÂ®?"): Actual text and expected text of test object 'Object Repository/Header/Page_Why Enfamil  Enfamil/h1_Why Enfamil' are matched.

2022-04-19 00:05:47 - [MESSAGE][PASSED] - Actual text and expected text of test object 'Object Repository/Header/Page_Why Enfamil  Enfamil/h1_Why Enfamil' are matched.

2022-04-19 00:05:47 - [TEST_STEP][PASSED] - verifyElementPresent(findTestObject("Object Repository/Header/Page_Why Enfamil  Enfamil/h1_Why Enfamil"), 0): Object 'Object Repository/Header/Page_Why Enfamil  Enfamil/h1_Why Enfamil' is present

2022-04-19 00:05:47 - [MESSAGE][WARNING] - Timeout '0' is invalid. Using default page load timeout: '5'

2022-04-19 00:05:47 - [MESSAGE][PASSED] - Object 'Object Repository/Header/Page_Why Enfamil  Enfamil/h1_Why Enfamil' is present

2022-04-19 00:05:47 - [TEST_STEP][PASSED] - delay(5): Delayed 5 second(s)

2022-04-19 00:05:52 - [MESSAGE][PASSED] - Delayed 5 second(s)

2022-04-19 00:05:52 - [TEST_STEP][PASSED] - closeBrowser(): Browser is closed

2022-04-19 00:05:53 - [MESSAGE][PASSED] - Browser is closed]]></system-out>
         <system-err><![CDATA[2022-04-19 00:02:59 - [TEST_CASE][FAILED] - Test Cases/Venkat/Header/Header - Why enfamil Menu Verification: Test Cases/Venkat/Header/Header - Why enfamil Menu Verification FAILED.
Reason:
com.kms.katalon.core.exception.StepFailedException: com.kms.katalon.core.webui.exception.WebElementNotFoundException: Web element with id: 'Object Repository/Header/Page_/h1_Expert Support' located by '//h2[(text() = 'Expert Support' or . = 'Expert Support')]' not found (Root cause: com.kms.katalon.core.exception.StepFailedException: com.kms.katalon.core.webui.exception.WebElementNotFoundException: Web element with id: 'Object Repository/Header/Page_/h1_Expert Support' located by '//h2[(text() = 'Expert Support' or . = 'Expert Support')]' not found
	at com.kms.katalon.core.webui.keyword.internal.WebUIKeywordMain.stepFailed(WebUIKeywordMain.groovy:64)
	at com.kms.katalon.core.webui.keyword.builtin.VerifyElementTextKeyword$_verifyElementText_closure1.doCall(VerifyElementTextKeyword.groovy:64)
	at com.kms.katalon.core.webui.keyword.builtin.VerifyElementTextKeyword$_verifyElementText_closure1.call(VerifyElementTextKeyword.groovy)
	at com.kms.katalon.core.webui.keyword.internal.WebUIKeywordMain.runKeyword(WebUIKeywordMain.groovy:20)
	at com.kms.katalon.core.webui.keyword.builtin.VerifyElementTextKeyword.verifyElementText(VerifyElementTextKeyword.groovy:72)
	at com.kms.katalon.core.webui.keyword.builtin.VerifyElementTextKeyword.execute(VerifyElementTextKeyword.groovy:40)
	at com.kms.katalon.core.keyword.internal.KeywordExecutor.executeKeywordForPlatform(KeywordExecutor.groovy:74)
	at com.kms.katalon.core.webui.keyword.WebUiBuiltInKeywords.verifyElementText(WebUiBuiltInKeywords.groovy:4749)
	at com.kms.katalon.core.webui.keyword.WebUiBuiltInKeywords$verifyElementText$5.call(Unknown Source)
	at Header - Why enfamil Menu Verification.run(Header - Why enfamil Menu Verification:206)
	at com.kms.katalon.core.main.ScriptEngine.run(ScriptEngine.java:194)
	at com.kms.katalon.core.main.ScriptEngine.runScriptAsRawText(ScriptEngine.java:119)
	at com.kms.katalon.core.main.TestCaseExecutor.runScript(TestCaseExecutor.java:445)
	at com.kms.katalon.core.main.TestCaseExecutor.doExecute(TestCaseExecutor.java:436)
	at com.kms.katalon.core.main.TestCaseExecutor.processExecutionPhase(TestCaseExecutor.java:415)
	at com.kms.katalon.core.main.TestCaseExecutor.accessMainPhase(TestCaseExecutor.java:407)
	at com.kms.katalon.core.main.TestCaseExecutor.execute(TestCaseExecutor.java:284)
	at com.kms.katalon.core.common.CommonExecutor.accessTestCaseMainPhase(CommonExecutor.java:65)
	at com.kms.katalon.core.main.TestSuiteExecutor.accessTestSuiteMainPhase(TestSuiteExecutor.java:144)
	at com.kms.katalon.core.main.TestSuiteExecutor.execute(TestSuiteExecutor.java:106)
	at com.kms.katalon.core.main.TestCaseMain.startTestSuite(TestCaseMain.java:185)
	at com.kms.katalon.core.main.TestCaseMain$startTestSuite$0.call(Unknown Source)
	at TempTestSuite1650304259606.run(TempTestSuite1650304259606.groovy:36)
)
	at com.kms.katalon.core.keyword.internal.KeywordMain.stepFailed(KeywordMain.groovy:39)
	at com.kms.katalon.core.webui.keyword.internal.WebUIKeywordMain.stepFailed(WebUIKeywordMain.groovy:64)
	at com.kms.katalon.core.webui.keyword.builtin.VerifyElementTextKeyword$_verifyElementText_closure1.doCall(VerifyElementTextKeyword.groovy:64)
	at com.kms.katalon.core.webui.keyword.builtin.VerifyElementTextKeyword$_verifyElementText_closure1.call(VerifyElementTextKeyword.groovy)
	at com.kms.katalon.core.webui.keyword.internal.WebUIKeywordMain.runKeyword(WebUIKeywordMain.groovy:20)
	at com.kms.katalon.core.webui.keyword.builtin.VerifyElementTextKeyword.verifyElementText(VerifyElementTextKeyword.groovy:72)
	at com.kms.katalon.core.webui.keyword.builtin.VerifyElementTextKeyword.execute(VerifyElementTextKeyword.groovy:40)
	at com.kms.katalon.core.keyword.internal.KeywordExecutor.executeKeywordForPlatform(KeywordExecutor.groovy:74)
	at com.kms.katalon.core.webui.keyword.WebUiBuiltInKeywords.verifyElementText(WebUiBuiltInKeywords.groovy:4749)
	at com.kms.katalon.core.webui.keyword.WebUiBuiltInKeywords$verifyElementText$5.call(Unknown Source)
	at Header - Why enfamil Menu Verification.run(Header - Why enfamil Menu Verification:206)
	at com.kms.katalon.core.main.ScriptEngine.run(ScriptEngine.java:194)
	at com.kms.katalon.core.main.ScriptEngine.runScriptAsRawText(ScriptEngine.java:119)
	at com.kms.katalon.core.main.TestCaseExecutor.runScript(TestCaseExecutor.java:445)
	at com.kms.katalon.core.main.TestCaseExecutor.doExecute(TestCaseExecutor.java:436)
	at com.kms.katalon.core.main.TestCaseExecutor.processExecutionPhase(TestCaseExecutor.java:415)
	at com.kms.katalon.core.main.TestCaseExecutor.accessMainPhase(TestCaseExecutor.java:407)
	at com.kms.katalon.core.main.TestCaseExecutor.execute(TestCaseExecutor.java:284)
	at com.kms.katalon.core.common.CommonExecutor.accessTestCaseMainPhase(CommonExecutor.java:65)
	at com.kms.katalon.core.main.TestSuiteExecutor.accessTestSuiteMainPhase(TestSuiteExecutor.java:144)
	at com.kms.katalon.core.main.TestSuiteExecutor.execute(TestSuiteExecutor.java:106)
	at com.kms.katalon.core.main.TestCaseMain.startTestSuite(TestCaseMain.java:185)
	at com.kms.katalon.core.main.TestCaseMain$startTestSuite$0.call(Unknown Source)
	at TempTestSuite1650304259606.run(TempTestSuite1650304259606.groovy:36)
Caused by: com.kms.katalon.core.exception.StepFailedException: com.kms.katalon.core.webui.exception.WebElementNotFoundException: Web element with id: 'Object Repository/Header/Page_/h1_Expert Support' located by '//h2[(text() = 'Expert Support' or . = 'Expert Support')]' not found
	... 23 more]]></system-err>
      </testcase>
      <testcase name="Test Cases/Venkat/Homepage/Homepage Verification" time="87.647" classname="Test Cases/Venkat/Homepage/Homepage Verification" status="FAILED">
         <failure type="FAILED" message="Test Cases/Venkat/Homepage/Homepage Verification FAILED.
Reason:
com.kms.katalon.core.exception.StepFailedException: Actual text 'Explore the full range of Enfamil products.' and expected text 'Explore the full range of Enfamil products' of test object 'Object Repository/Homepage/Page_Enfamil Newborn, Infant  Toddler Nutri_2e0999/h2_Explore the full range of Enfamil products' are NOT matched. (Root cause: com.kms.katalon.core.exception.StepFailedException: Actual text 'Explore the full range of Enfamil products.' and expected text 'Explore the full range of Enfamil products' of test object 'Object Repository/Homepage/Page_Enfamil Newborn, Infant  Toddler Nutri_2e0999/h2_Explore the full range of Enfamil products' are NOT matched.
	at com.kms.katalon.core.webui.keyword.internal.WebUIKeywordMain.stepFailed(WebUIKeywordMain.groovy:64)
	at com.kms.katalon.core.webui.keyword.builtin.VerifyElementTextKeyword$_verifyElementText_closure1.doCall(VerifyElementTextKeyword.groovy:57)
	at com.kms.katalon.core.webui.keyword.builtin.VerifyElementTextKeyword$_verifyElementText_closure1.call(VerifyElementTextKeyword.groovy)
	at com.kms.katalon.core.webui.keyword.internal.WebUIKeywordMain.runKeyword(WebUIKeywordMain.groovy:20)
	at com.kms.katalon.core.webui.keyword.builtin.VerifyElementTextKeyword.verifyElementText(VerifyElementTextKeyword.groovy:72)
	at com.kms.katalon.core.webui.keyword.builtin.VerifyElementTextKeyword.execute(VerifyElementTextKeyword.groovy:40)
	at com.kms.katalon.core.keyword.internal.KeywordExecutor.executeKeywordForPlatform(KeywordExecutor.groovy:74)
	at com.kms.katalon.core.webui.keyword.WebUiBuiltInKeywords.verifyElementText(WebUiBuiltInKeywords.groovy:4749)
	at com.kms.katalon.core.webui.keyword.WebUiBuiltInKeywords$verifyElementText$5.call(Unknown Source)
	at Homepage Verification.run(Homepage Verification:191)
	at com.kms.katalon.core.main.ScriptEngine.run(ScriptEngine.java:194)
	at com.kms.katalon.core.main.ScriptEngine.runScriptAsRawText(ScriptEngine.java:119)
	at com.kms.katalon.core.main.TestCaseExecutor.runScript(TestCaseExecutor.java:445)
	at com.kms.katalon.core.main.TestCaseExecutor.doExecute(TestCaseExecutor.java:436)
	at com.kms.katalon.core.main.TestCaseExecutor.processExecutionPhase(TestCaseExecutor.java:415)
	at com.kms.katalon.core.main.TestCaseExecutor.accessMainPhase(TestCaseExecutor.java:407)
	at com.kms.katalon.core.main.TestCaseExecutor.execute(TestCaseExecutor.java:284)
	at com.kms.katalon.core.common.CommonExecutor.accessTestCaseMainPhase(CommonExecutor.java:65)
	at com.kms.katalon.core.main.TestSuiteExecutor.accessTestSuiteMainPhase(TestSuiteExecutor.java:144)
	at com.kms.katalon.core.main.TestSuiteExecutor.execute(TestSuiteExecutor.java:106)
	at com.kms.katalon.core.main.TestCaseMain.startTestSuite(TestCaseMain.java:185)
	at com.kms.katalon.core.main.TestCaseMain$startTestSuite$0.call(Unknown Source)
	at TempTestSuite1650304259606.run(TempTestSuite1650304259606.groovy:36)
)
	at com.kms.katalon.core.keyword.internal.KeywordMain.stepFailed(KeywordMain.groovy:39)
	at com.kms.katalon.core.webui.keyword.internal.WebUIKeywordMain.stepFailed(WebUIKeywordMain.groovy:64)
	at com.kms.katalon.core.webui.keyword.builtin.VerifyElementTextKeyword$_verifyElementText_closure1.doCall(VerifyElementTextKeyword.groovy:57)
	at com.kms.katalon.core.webui.keyword.builtin.VerifyElementTextKeyword$_verifyElementText_closure1.call(VerifyElementTextKeyword.groovy)
	at com.kms.katalon.core.webui.keyword.internal.WebUIKeywordMain.runKeyword(WebUIKeywordMain.groovy:20)
	at com.kms.katalon.core.webui.keyword.builtin.VerifyElementTextKeyword.verifyElementText(VerifyElementTextKeyword.groovy:72)
	at com.kms.katalon.core.webui.keyword.builtin.VerifyElementTextKeyword.execute(VerifyElementTextKeyword.groovy:40)
	at com.kms.katalon.core.keyword.internal.KeywordExecutor.executeKeywordForPlatform(KeywordExecutor.groovy:74)
	at com.kms.katalon.core.webui.keyword.WebUiBuiltInKeywords.verifyElementText(WebUiBuiltInKeywords.groovy:4749)
	at com.kms.katalon.core.webui.keyword.WebUiBuiltInKeywords$verifyElementText$5.call(Unknown Source)
	at Homepage Verification.run(Homepage Verification:191)
	at com.kms.katalon.core.main.ScriptEngine.run(ScriptEngine.java:194)
	at com.kms.katalon.core.main.ScriptEngine.runScriptAsRawText(ScriptEngine.java:119)
	at com.kms.katalon.core.main.TestCaseExecutor.runScript(TestCaseExecutor.java:445)
	at com.kms.katalon.core.main.TestCaseExecutor.doExecute(TestCaseExecutor.java:436)
	at com.kms.katalon.core.main.TestCaseExecutor.processExecutionPhase(TestCaseExecutor.java:415)
	at com.kms.katalon.core.main.TestCaseExecutor.accessMainPhase(TestCaseExecutor.java:407)
	at com.kms.katalon.core.main.TestCaseExecutor.execute(TestCaseExecutor.java:284)
	at com.kms.katalon.core.common.CommonExecutor.accessTestCaseMainPhase(CommonExecutor.java:65)
	at com.kms.katalon.core.main.TestSuiteExecutor.accessTestSuiteMainPhase(TestSuiteExecutor.java:144)
	at com.kms.katalon.core.main.TestSuiteExecutor.execute(TestSuiteExecutor.java:106)
	at com.kms.katalon.core.main.TestCaseMain.startTestSuite(TestCaseMain.java:185)
	at com.kms.katalon.core.main.TestCaseMain$startTestSuite$0.call(Unknown Source)
	at TempTestSuite1650304259606.run(TempTestSuite1650304259606.groovy:36)
Caused by: com.kms.katalon.core.exception.StepFailedException: Actual text 'Explore the full range of Enfamil products.' and expected text 'Explore the full range of Enfamil products' of test object 'Object Repository/Homepage/Page_Enfamil Newborn, Infant  Toddler Nutri_2e0999/h2_Explore the full range of Enfamil products' are NOT matched.
	... 23 more
"/>
         <system-out><![CDATA[2022-04-19 00:05:53 - [TEST_CASE][FAILED] - Test Cases/Venkat/Homepage/Homepage Verification: Test Cases/Venkat/Homepage/Homepage Verification FAILED.
Reason:
com.kms.katalon.core.exception.StepFailedException: Actual text 'Explore the full range of Enfamil products.' and expected text 'Explore the full range of Enfamil products' of test object 'Object Repository/Homepage/Page_Enfamil Newborn, Infant  Toddler Nutri_2e0999/h2_Explore the full range of Enfamil products' are NOT matched. (Root cause: com.kms.katalon.core.exception.StepFailedException: Actual text 'Explore the full range of Enfamil products.' and expected text 'Explore the full range of Enfamil products' of test object 'Object Repository/Homepage/Page_Enfamil Newborn, Infant  Toddler Nutri_2e0999/h2_Explore the full range of Enfamil products' are NOT matched.
	at com.kms.katalon.core.webui.keyword.internal.WebUIKeywordMain.stepFailed(WebUIKeywordMain.groovy:64)
	at com.kms.katalon.core.webui.keyword.builtin.VerifyElementTextKeyword$_verifyElementText_closure1.doCall(VerifyElementTextKeyword.groovy:57)
	at com.kms.katalon.core.webui.keyword.builtin.VerifyElementTextKeyword$_verifyElementText_closure1.call(VerifyElementTextKeyword.groovy)
	at com.kms.katalon.core.webui.keyword.internal.WebUIKeywordMain.runKeyword(WebUIKeywordMain.groovy:20)
	at com.kms.katalon.core.webui.keyword.builtin.VerifyElementTextKeyword.verifyElementText(VerifyElementTextKeyword.groovy:72)
	at com.kms.katalon.core.webui.keyword.builtin.VerifyElementTextKeyword.execute(VerifyElementTextKeyword.groovy:40)
	at com.kms.katalon.core.keyword.internal.KeywordExecutor.executeKeywordForPlatform(KeywordExecutor.groovy:74)
	at com.kms.katalon.core.webui.keyword.WebUiBuiltInKeywords.verifyElementText(WebUiBuiltInKeywords.groovy:4749)
	at com.kms.katalon.core.webui.keyword.WebUiBuiltInKeywords$verifyElementText$5.call(Unknown Source)
	at Homepage Verification.run(Homepage Verification:191)
	at com.kms.katalon.core.main.ScriptEngine.run(ScriptEngine.java:194)
	at com.kms.katalon.core.main.ScriptEngine.runScriptAsRawText(ScriptEngine.java:119)
	at com.kms.katalon.core.main.TestCaseExecutor.runScript(TestCaseExecutor.java:445)
	at com.kms.katalon.core.main.TestCaseExecutor.doExecute(TestCaseExecutor.java:436)
	at com.kms.katalon.core.main.TestCaseExecutor.processExecutionPhase(TestCaseExecutor.java:415)
	at com.kms.katalon.core.main.TestCaseExecutor.accessMainPhase(TestCaseExecutor.java:407)
	at com.kms.katalon.core.main.TestCaseExecutor.execute(TestCaseExecutor.java:284)
	at com.kms.katalon.core.common.CommonExecutor.accessTestCaseMainPhase(CommonExecutor.java:65)
	at com.kms.katalon.core.main.TestSuiteExecutor.accessTestSuiteMainPhase(TestSuiteExecutor.java:144)
	at com.kms.katalon.core.main.TestSuiteExecutor.execute(TestSuiteExecutor.java:106)
	at com.kms.katalon.core.main.TestCaseMain.startTestSuite(TestCaseMain.java:185)
	at com.kms.katalon.core.main.TestCaseMain$startTestSuite$0.call(Unknown Source)
	at TempTestSuite1650304259606.run(TempTestSuite1650304259606.groovy:36)
)
	at com.kms.katalon.core.keyword.internal.KeywordMain.stepFailed(KeywordMain.groovy:39)
	at com.kms.katalon.core.webui.keyword.internal.WebUIKeywordMain.stepFailed(WebUIKeywordMain.groovy:64)
	at com.kms.katalon.core.webui.keyword.builtin.VerifyElementTextKeyword$_verifyElementText_closure1.doCall(VerifyElementTextKeyword.groovy:57)
	at com.kms.katalon.core.webui.keyword.builtin.VerifyElementTextKeyword$_verifyElementText_closure1.call(VerifyElementTextKeyword.groovy)
	at com.kms.katalon.core.webui.keyword.internal.WebUIKeywordMain.runKeyword(WebUIKeywordMain.groovy:20)
	at com.kms.katalon.core.webui.keyword.builtin.VerifyElementTextKeyword.verifyElementText(VerifyElementTextKeyword.groovy:72)
	at com.kms.katalon.core.webui.keyword.builtin.VerifyElementTextKeyword.execute(VerifyElementTextKeyword.groovy:40)
	at com.kms.katalon.core.keyword.internal.KeywordExecutor.executeKeywordForPlatform(KeywordExecutor.groovy:74)
	at com.kms.katalon.core.webui.keyword.WebUiBuiltInKeywords.verifyElementText(WebUiBuiltInKeywords.groovy:4749)
	at com.kms.katalon.core.webui.keyword.WebUiBuiltInKeywords$verifyElementText$5.call(Unknown Source)
	at Homepage Verification.run(Homepage Verification:191)
	at com.kms.katalon.core.main.ScriptEngine.run(ScriptEngine.java:194)
	at com.kms.katalon.core.main.ScriptEngine.runScriptAsRawText(ScriptEngine.java:119)
	at com.kms.katalon.core.main.TestCaseExecutor.runScript(TestCaseExecutor.java:445)
	at com.kms.katalon.core.main.TestCaseExecutor.doExecute(TestCaseExecutor.java:436)
	at com.kms.katalon.core.main.TestCaseExecutor.processExecutionPhase(TestCaseExecutor.java:415)
	at com.kms.katalon.core.main.TestCaseExecutor.accessMainPhase(TestCaseExecutor.java:407)
	at com.kms.katalon.core.main.TestCaseExecutor.execute(TestCaseExecutor.java:284)
	at com.kms.katalon.core.common.CommonExecutor.accessTestCaseMainPhase(CommonExecutor.java:65)
	at com.kms.katalon.core.main.TestSuiteExecutor.accessTestSuiteMainPhase(TestSuiteExecutor.java:144)
	at com.kms.katalon.core.main.TestSuiteExecutor.execute(TestSuiteExecutor.java:106)
	at com.kms.katalon.core.main.TestCaseMain.startTestSuite(TestCaseMain.java:185)
	at com.kms.katalon.core.main.TestCaseMain$startTestSuite$0.call(Unknown Source)
	at TempTestSuite1650304259606.run(TempTestSuite1650304259606.groovy:36)
Caused by: com.kms.katalon.core.exception.StepFailedException: Actual text 'Explore the full range of Enfamil products.' and expected text 'Explore the full range of Enfamil products' of test object 'Object Repository/Homepage/Page_Enfamil Newborn, Infant  Toddler Nutri_2e0999/h2_Explore the full range of Enfamil products' are NOT matched.
	... 23 more


2022-04-19 00:05:54 - [TEST_STEP][PASSED] - openBrowser(""): Browser is opened with url: ''

2022-04-19 00:05:54 - [MESSAGE][INFO] - Starting 'Chrome' driver

2022-04-19 00:05:54 - [MESSAGE][INFO] - Action delay is set to 0 milliseconds

2022-04-19 00:05:56 - [MESSAGE][PASSED] - Browser is opened with url: ''

2022-04-19 00:05:56 - [TEST_STEP][PASSED] - navigateToUrl(HomePage): Navigate to 'https://enfamil-us.cdn.test.us-east-1.starterkit.rbcloud.io/' successfully

2022-04-19 00:05:58 - [MESSAGE][PASSED] - Navigate to 'https://enfamil-us.cdn.test.us-east-1.starterkit.rbcloud.io/' successfully

2022-04-19 00:05:58 - [TEST_STEP][PASSED] - maximizeWindow(): Current window maximized

2022-04-19 00:05:58 - [MESSAGE][PASSED] - Current window maximized

2022-04-19 00:05:58 - [TEST_STEP][PASSED] - delay(0): Delayed 0 second(s)

2022-04-19 00:05:58 - [MESSAGE][PASSED] - Delayed 0 second(s)

2022-04-19 00:05:58 - [TEST_STEP][PASSED] - click(findTestObject("Object Repository/Homepage/Page_Enfamil Newborn, Infant  Toddler Nutri_2e0999/button_GOT IT_onetrust-close-btn-handler on_95ce22")): Object: 'Object Repository/Homepage/Page_Enfamil Newborn, Infant  Toddler Nutri_2e0999/button_GOT IT_onetrust-close-btn-handler on_95ce22' is clicked on

2022-04-19 00:06:06 - [MESSAGE][PASSED] - Object: 'Object Repository/Homepage/Page_Enfamil Newborn, Infant  Toddler Nutri_2e0999/button_GOT IT_onetrust-close-btn-handler on_95ce22' is clicked on

2022-04-19 00:06:06 - [TEST_STEP][PASSED] - verifyElementPresent(findTestObject("Object Repository/Homepage/Page_Enfamil Newborn, Infant  Toddler Nutri_2e0999/div_Home_carousel-item__content-image"), 0): Object 'Object Repository/Homepage/Page_Enfamil Newborn, Infant  Toddler Nutri_2e0999/div_Home_carousel-item__content-image' is present

2022-04-19 00:06:06 - [MESSAGE][WARNING] - Timeout '0' is invalid. Using default page load timeout: '5'

2022-04-19 00:06:08 - [MESSAGE][PASSED] - Object 'Object Repository/Homepage/Page_Enfamil Newborn, Infant  Toddler Nutri_2e0999/div_Home_carousel-item__content-image' is present

2022-04-19 00:06:08 - [TEST_STEP][PASSED] - verifyElementPresent(findTestObject("Homepage/Page_Enfamil Newborn, Infant  Toddler Nutri_2e0999/input_First name_registerGivenNameField_1"), 0): Object 'Object Repository/Homepage/Page_Enfamil Newborn, Infant  Toddler Nutri_2e0999/input_First name_registerGivenNameField_1' is present

2022-04-19 00:06:09 - [MESSAGE][WARNING] - Timeout '0' is invalid. Using default page load timeout: '5'

2022-04-19 00:06:09 - [MESSAGE][PASSED] - Object 'Object Repository/Homepage/Page_Enfamil Newborn, Infant  Toddler Nutri_2e0999/input_First name_registerGivenNameField_1' is present

2022-04-19 00:06:09 - [TEST_STEP][PASSED] - verifyElementClickable(findTestObject("Homepage/Page_Enfamil Newborn, Infant  Toddler Nutri_2e0999/input_First name_registerGivenNameField_1")): Object 'Object Repository/Homepage/Page_Enfamil Newborn, Infant  Toddler Nutri_2e0999/input_First name_registerGivenNameField_1' is clickable

2022-04-19 00:06:10 - [MESSAGE][PASSED] - Object 'Object Repository/Homepage/Page_Enfamil Newborn, Infant  Toddler Nutri_2e0999/input_First name_registerGivenNameField_1' is clickable

2022-04-19 00:06:10 - [TEST_STEP][PASSED] - verifyElementPresent(findTestObject("Object Repository/Homepage/Page_Enfamil Newborn, Infant  Toddler Nutri_2e0999/input_Last name_registerFamilyNameField_1"), 0): Object 'Object Repository/Homepage/Page_Enfamil Newborn, Infant  Toddler Nutri_2e0999/input_Last name_registerFamilyNameField_1' is present

2022-04-19 00:06:10 - [MESSAGE][WARNING] - Timeout '0' is invalid. Using default page load timeout: '5'

2022-04-19 00:06:10 - [MESSAGE][PASSED] - Object 'Object Repository/Homepage/Page_Enfamil Newborn, Infant  Toddler Nutri_2e0999/input_Last name_registerFamilyNameField_1' is present

2022-04-19 00:06:10 - [TEST_STEP][PASSED] - verifyElementClickable(findTestObject("Homepage/Page_Enfamil Newborn, Infant  Toddler Nutri_2e0999/input_Last name_registerFamilyNameField_1")): Object 'Object Repository/Homepage/Page_Enfamil Newborn, Infant  Toddler Nutri_2e0999/input_Last name_registerFamilyNameField_1' is clickable

2022-04-19 00:06:10 - [MESSAGE][PASSED] - Object 'Object Repository/Homepage/Page_Enfamil Newborn, Infant  Toddler Nutri_2e0999/input_Last name_registerFamilyNameField_1' is clickable

2022-04-19 00:06:10 - [TEST_STEP][PASSED] - verifyElementPresent(findTestObject("Object Repository/Homepage/Page_Enfamil Newborn, Infant  Toddler Nutri_2e0999/input_Email_registerEmailField_1"), 0): Object 'Object Repository/Homepage/Page_Enfamil Newborn, Infant  Toddler Nutri_2e0999/input_Email_registerEmailField_1' is present

2022-04-19 00:06:10 - [MESSAGE][WARNING] - Timeout '0' is invalid. Using default page load timeout: '5'

2022-04-19 00:06:11 - [MESSAGE][PASSED] - Object 'Object Repository/Homepage/Page_Enfamil Newborn, Infant  Toddler Nutri_2e0999/input_Email_registerEmailField_1' is present

2022-04-19 00:06:11 - [TEST_STEP][PASSED] - verifyElementClickable(findTestObject("Homepage/Page_Enfamil Newborn, Infant  Toddler Nutri_2e0999/input_Email_registerEmailField_1")): Object 'Object Repository/Homepage/Page_Enfamil Newborn, Infant  Toddler Nutri_2e0999/input_Email_registerEmailField_1' is clickable

2022-04-19 00:06:11 - [MESSAGE][PASSED] - Object 'Object Repository/Homepage/Page_Enfamil Newborn, Infant  Toddler Nutri_2e0999/input_Email_registerEmailField_1' is clickable

2022-04-19 00:06:11 - [TEST_STEP][PASSED] - verifyElementPresent(findTestObject("Object Repository/Homepage/Page_Enfamil Newborn, Infant  Toddler Nutri_2e0999/input_Due date or birth date_childregisterC_87b480"), 0): Object 'Object Repository/Homepage/Page_Enfamil Newborn, Infant  Toddler Nutri_2e0999/input_Due date or birth date_childregisterC_87b480' is present

2022-04-19 00:06:11 - [MESSAGE][WARNING] - Timeout '0' is invalid. Using default page load timeout: '5'

2022-04-19 00:06:12 - [MESSAGE][PASSED] - Object 'Object Repository/Homepage/Page_Enfamil Newborn, Infant  Toddler Nutri_2e0999/input_Due date or birth date_childregisterC_87b480' is present

2022-04-19 00:06:12 - [TEST_STEP][PASSED] - verifyElementClickable(findTestObject("Homepage/Page_Enfamil Newborn, Infant  Toddler Nutri_2e0999/input_Due date or birth date_childregisterC_87b480")): Object 'Object Repository/Homepage/Page_Enfamil Newborn, Infant  Toddler Nutri_2e0999/input_Due date or birth date_childregisterC_87b480' is clickable

2022-04-19 00:06:12 - [MESSAGE][PASSED] - Object 'Object Repository/Homepage/Page_Enfamil Newborn, Infant  Toddler Nutri_2e0999/input_Due date or birth date_childregisterC_87b480' is clickable

2022-04-19 00:06:12 - [TEST_STEP][PASSED] - verifyElementPresent(findTestObject("Object Repository/Homepage/Page_Enfamil Newborn, Infant  Toddler Nutri_2e0999/button_Why"), 0): Object 'Object Repository/Homepage/Page_Enfamil Newborn, Infant  Toddler Nutri_2e0999/button_Why' is present

2022-04-19 00:06:12 - [MESSAGE][WARNING] - Timeout '0' is invalid. Using default page load timeout: '5'

2022-04-19 00:06:12 - [MESSAGE][PASSED] - Object 'Object Repository/Homepage/Page_Enfamil Newborn, Infant  Toddler Nutri_2e0999/button_Why' is present

2022-04-19 00:06:12 - [TEST_STEP][PASSED] - verifyElementClickable(findTestObject("Object Repository/Homepage/Page_Enfamil Newborn, Infant  Toddler Nutri_2e0999/button_Why")): Object 'Object Repository/Homepage/Page_Enfamil Newborn, Infant  Toddler Nutri_2e0999/button_Why' is clickable

2022-04-19 00:06:13 - [MESSAGE][PASSED] - Object 'Object Repository/Homepage/Page_Enfamil Newborn, Infant  Toddler Nutri_2e0999/button_Why' is clickable

2022-04-19 00:06:13 - [TEST_STEP][PASSED] - verifyElementText(findTestObject("Object Repository/Homepage/Page_Enfamil Newborn, Infant  Toddler Nutri_2e0999/button_Why"), "Why?"): Actual text and expected text of test object 'Object Repository/Homepage/Page_Enfamil Newborn, Infant  Toddler Nutri_2e0999/button_Why' are matched.

2022-04-19 00:06:13 - [MESSAGE][PASSED] - Actual text and expected text of test object 'Object Repository/Homepage/Page_Enfamil Newborn, Infant  Toddler Nutri_2e0999/button_Why' are matched.

2022-04-19 00:06:13 - [TEST_STEP][PASSED] - verifyElementPresent(findTestObject("Object Repository/Homepage/Page_Enfamil Newborn, Infant  Toddler Nutri_2e0999/button_Join now"), 0): Object 'Object Repository/Homepage/Page_Enfamil Newborn, Infant  Toddler Nutri_2e0999/button_Join now' is present

2022-04-19 00:06:13 - [MESSAGE][WARNING] - Timeout '0' is invalid. Using default page load timeout: '5'

2022-04-19 00:06:13 - [MESSAGE][PASSED] - Object 'Object Repository/Homepage/Page_Enfamil Newborn, Infant  Toddler Nutri_2e0999/button_Join now' is present

2022-04-19 00:06:13 - [TEST_STEP][PASSED] - verifyElementText(findTestObject("Object Repository/Homepage/Page_Enfamil Newborn, Infant  Toddler Nutri_2e0999/button_Join now"), "Join now"): Actual text and expected text of test object 'Object Repository/Homepage/Page_Enfamil Newborn, Infant  Toddler Nutri_2e0999/button_Join now' are matched.

2022-04-19 00:06:14 - [MESSAGE][PASSED] - Actual text and expected text of test object 'Object Repository/Homepage/Page_Enfamil Newborn, Infant  Toddler Nutri_2e0999/button_Join now' are matched.

2022-04-19 00:06:14 - [TEST_STEP][PASSED] - verifyElementClickable(findTestObject("Object Repository/Homepage/Page_Enfamil Newborn, Infant  Toddler Nutri_2e0999/button_Join now")): Object 'Object Repository/Homepage/Page_Enfamil Newborn, Infant  Toddler Nutri_2e0999/button_Join now' is clickable

2022-04-19 00:06:14 - [MESSAGE][PASSED] - Object 'Object Repository/Homepage/Page_Enfamil Newborn, Infant  Toddler Nutri_2e0999/button_Join now' is clickable

2022-04-19 00:06:14 - [TEST_STEP][PASSED] - verifyElementPresent(findTestObject("Object Repository/Homepage/Page_Enfamil Newborn, Infant  Toddler Nutri_2e0999/p_By clicking Join Now and Enter Sweepstake_0b0cd5"), 0): Object 'Object Repository/Homepage/Page_Enfamil Newborn, Infant  Toddler Nutri_2e0999/p_By clicking Join Now and Enter Sweepstake_0b0cd5' is present

2022-04-19 00:06:14 - [MESSAGE][WARNING] - Timeout '0' is invalid. Using default page load timeout: '5'

2022-04-19 00:06:14 - [MESSAGE][PASSED] - Object 'Object Repository/Homepage/Page_Enfamil Newborn, Infant  Toddler Nutri_2e0999/p_By clicking Join Now and Enter Sweepstake_0b0cd5' is present

2022-04-19 00:06:14 - [TEST_STEP][PASSED] - verifyElementText(findTestObject("Object Repository/Homepage/Page_Enfamil Newborn, Infant  Toddler Nutri_2e0999/p_By clicking Join Now and Enter Sweepstake_0b0cd5"), "By clicking â€œJoin Now and Enter Sweepstakes,â€� I agree to join Enfamil Family Beginnings and receive free samples, offers and other communications from Enfamil and Mead Johnson Nutritionâ€™s affiliated companies I understand and agree to the Terms of Use, Privacy Policy and Sweepstakes Official Rules."): Actual text and expected text of test object 'Object Repository/Homepage/Page_Enfamil Newborn, Infant  Toddler Nutri_2e0999/p_By clicking Join Now and Enter Sweepstake_0b0cd5' are matched.

2022-04-19 00:06:15 - [MESSAGE][PASSED] - Actual text and expected text of test object 'Object Repository/Homepage/Page_Enfamil Newborn, Infant  Toddler Nutri_2e0999/p_By clicking Join Now and Enter Sweepstake_0b0cd5' are matched.

2022-04-19 00:06:15 - [TEST_STEP][PASSED] - verifyElementPresent(findTestObject("Object Repository/Homepage/Page_Enfamil Newborn, Infant  Toddler Nutri_2e0999/a_Terms of Use"), 0): Object 'Object Repository/Homepage/Page_Enfamil Newborn, Infant  Toddler Nutri_2e0999/a_Terms of Use' is present

2022-04-19 00:06:15 - [MESSAGE][WARNING] - Timeout '0' is invalid. Using default page load timeout: '5'

2022-04-19 00:06:15 - [MESSAGE][PASSED] - Object 'Object Repository/Homepage/Page_Enfamil Newborn, Infant  Toddler Nutri_2e0999/a_Terms of Use' is present

2022-04-19 00:06:15 - [TEST_STEP][PASSED] - verifyElementText(findTestObject("Object Repository/Homepage/Page_Enfamil Newborn, Infant  Toddler Nutri_2e0999/a_Terms of Use"), "Terms of Use"): Actual text and expected text of test object 'Object Repository/Homepage/Page_Enfamil Newborn, Infant  Toddler Nutri_2e0999/a_Terms of Use' are matched.

2022-04-19 00:06:16 - [MESSAGE][PASSED] - Actual text and expected text of test object 'Object Repository/Homepage/Page_Enfamil Newborn, Infant  Toddler Nutri_2e0999/a_Terms of Use' are matched.

2022-04-19 00:06:16 - [TEST_STEP][PASSED] - verifyElementClickable(findTestObject("Object Repository/Homepage/Page_Enfamil Newborn, Infant  Toddler Nutri_2e0999/a_Terms of Use")): Object 'Object Repository/Homepage/Page_Enfamil Newborn, Infant  Toddler Nutri_2e0999/a_Terms of Use' is clickable

2022-04-19 00:06:16 - [MESSAGE][PASSED] - Object 'Object Repository/Homepage/Page_Enfamil Newborn, Infant  Toddler Nutri_2e0999/a_Terms of Use' is clickable

2022-04-19 00:06:16 - [TEST_STEP][PASSED] - verifyElementPresent(findTestObject("Object Repository/Homepage/Page_Enfamil Newborn, Infant  Toddler Nutri_2e0999/a_Privacy Policy"), 0): Object 'Object Repository/Homepage/Page_Enfamil Newborn, Infant  Toddler Nutri_2e0999/a_Privacy Policy' is present

2022-04-19 00:06:16 - [MESSAGE][WARNING] - Timeout '0' is invalid. Using default page load timeout: '5'

2022-04-19 00:06:16 - [MESSAGE][PASSED] - Object 'Object Repository/Homepage/Page_Enfamil Newborn, Infant  Toddler Nutri_2e0999/a_Privacy Policy' is present

2022-04-19 00:06:16 - [TEST_STEP][PASSED] - verifyElementText(findTestObject("Object Repository/Homepage/Page_Enfamil Newborn, Infant  Toddler Nutri_2e0999/a_Privacy Policy"), "Privacy Policy"): Actual text and expected text of test object 'Object Repository/Homepage/Page_Enfamil Newborn, Infant  Toddler Nutri_2e0999/a_Privacy Policy' are matched.

2022-04-19 00:06:17 - [MESSAGE][PASSED] - Actual text and expected text of test object 'Object Repository/Homepage/Page_Enfamil Newborn, Infant  Toddler Nutri_2e0999/a_Privacy Policy' are matched.

2022-04-19 00:06:17 - [TEST_STEP][PASSED] - verifyElementClickable(findTestObject("Object Repository/Homepage/Page_Enfamil Newborn, Infant  Toddler Nutri_2e0999/a_Privacy Policy")): Object 'Object Repository/Homepage/Page_Enfamil Newborn, Infant  Toddler Nutri_2e0999/a_Privacy Policy' is clickable

2022-04-19 00:06:17 - [MESSAGE][PASSED] - Object 'Object Repository/Homepage/Page_Enfamil Newborn, Infant  Toddler Nutri_2e0999/a_Privacy Policy' is clickable

2022-04-19 00:06:17 - [TEST_STEP][PASSED] - verifyElementPresent(findTestObject("Object Repository/Homepage/Page_Enfamil Newborn, Infant  Toddler Nutri_2e0999/a_Sweepstakes Official Rules"), 0): Object 'Object Repository/Homepage/Page_Enfamil Newborn, Infant  Toddler Nutri_2e0999/a_Sweepstakes Official Rules' is present

2022-04-19 00:06:17 - [MESSAGE][WARNING] - Timeout '0' is invalid. Using default page load timeout: '5'

2022-04-19 00:06:17 - [MESSAGE][PASSED] - Object 'Object Repository/Homepage/Page_Enfamil Newborn, Infant  Toddler Nutri_2e0999/a_Sweepstakes Official Rules' is present

2022-04-19 00:06:17 - [TEST_STEP][PASSED] - verifyElementText(findTestObject("Object Repository/Homepage/Page_Enfamil Newborn, Infant  Toddler Nutri_2e0999/a_Sweepstakes Official Rules"), "Sweepstakes Official Rules."): Actual text and expected text of test object 'Object Repository/Homepage/Page_Enfamil Newborn, Infant  Toddler Nutri_2e0999/a_Sweepstakes Official Rules' are matched.

2022-04-19 00:06:18 - [MESSAGE][PASSED] - Actual text and expected text of test object 'Object Repository/Homepage/Page_Enfamil Newborn, Infant  Toddler Nutri_2e0999/a_Sweepstakes Official Rules' are matched.

2022-04-19 00:06:18 - [TEST_STEP][PASSED] - verifyElementClickable(findTestObject("Object Repository/Homepage/Page_Enfamil Newborn, Infant  Toddler Nutri_2e0999/a_Sweepstakes Official Rules")): Object 'Object Repository/Homepage/Page_Enfamil Newborn, Infant  Toddler Nutri_2e0999/a_Sweepstakes Official Rules' is clickable

2022-04-19 00:06:18 - [MESSAGE][PASSED] - Object 'Object Repository/Homepage/Page_Enfamil Newborn, Infant  Toddler Nutri_2e0999/a_Sweepstakes Official Rules' is clickable

2022-04-19 00:06:18 - [TEST_STEP][PASSED] - verifyElementPresent(findTestObject("Object Repository/Homepage/Page_Enfamil Newborn, Infant  Toddler Nutri_2e0999/span_Or register with your social account"), 0): Object 'Object Repository/Homepage/Page_Enfamil Newborn, Infant  Toddler Nutri_2e0999/span_Or register with your social account' is present

2022-04-19 00:06:18 - [MESSAGE][WARNING] - Timeout '0' is invalid. Using default page load timeout: '5'

2022-04-19 00:06:18 - [MESSAGE][PASSED] - Object 'Object Repository/Homepage/Page_Enfamil Newborn, Infant  Toddler Nutri_2e0999/span_Or register with your social account' is present

2022-04-19 00:06:18 - [TEST_STEP][PASSED] - verifyElementText(findTestObject("Object Repository/Homepage/Page_Enfamil Newborn, Infant  Toddler Nutri_2e0999/span_Or register with your social account"), "OR REGISTER WITH YOUR SOCIAL ACCOUNT"): Actual text and expected text of test object 'Object Repository/Homepage/Page_Enfamil Newborn, Infant  Toddler Nutri_2e0999/span_Or register with your social account' are matched.

2022-04-19 00:06:19 - [MESSAGE][PASSED] - Actual text and expected text of test object 'Object Repository/Homepage/Page_Enfamil Newborn, Infant  Toddler Nutri_2e0999/span_Or register with your social account' are matched.

2022-04-19 00:06:19 - [TEST_STEP][PASSED] - verifyElementPresent(findTestObject("Object Repository/Homepage/Page_Enfamil Newborn, Infant  Toddler Nutri_2e0999/button_Continue with Facebook"), 0): Object 'Object Repository/Homepage/Page_Enfamil Newborn, Infant  Toddler Nutri_2e0999/button_Continue with Facebook' is present

2022-04-19 00:06:19 - [MESSAGE][WARNING] - Timeout '0' is invalid. Using default page load timeout: '5'

2022-04-19 00:06:19 - [MESSAGE][PASSED] - Object 'Object Repository/Homepage/Page_Enfamil Newborn, Infant  Toddler Nutri_2e0999/button_Continue with Facebook' is present

2022-04-19 00:06:19 - [TEST_STEP][PASSED] - verifyElementClickable(findTestObject("Object Repository/Homepage/Page_Enfamil Newborn, Infant  Toddler Nutri_2e0999/button_Continue with Facebook")): Object 'Object Repository/Homepage/Page_Enfamil Newborn, Infant  Toddler Nutri_2e0999/button_Continue with Facebook' is clickable

2022-04-19 00:06:20 - [MESSAGE][PASSED] - Object 'Object Repository/Homepage/Page_Enfamil Newborn, Infant  Toddler Nutri_2e0999/button_Continue with Facebook' is clickable

2022-04-19 00:06:20 - [TEST_STEP][PASSED] - verifyElementPresent(findTestObject("Object Repository/Homepage/Page_Enfamil Newborn, Infant  Toddler Nutri_2e0999/button_Sign in with Google"), 0): Object 'Object Repository/Homepage/Page_Enfamil Newborn, Infant  Toddler Nutri_2e0999/button_Sign in with Google' is present

2022-04-19 00:06:20 - [MESSAGE][WARNING] - Timeout '0' is invalid. Using default page load timeout: '5'

2022-04-19 00:06:20 - [MESSAGE][PASSED] - Object 'Object Repository/Homepage/Page_Enfamil Newborn, Infant  Toddler Nutri_2e0999/button_Sign in with Google' is present

2022-04-19 00:06:20 - [TEST_STEP][PASSED] - verifyElementClickable(findTestObject("Object Repository/Homepage/Page_Enfamil Newborn, Infant  Toddler Nutri_2e0999/button_Sign in with Google")): Object 'Object Repository/Homepage/Page_Enfamil Newborn, Infant  Toddler Nutri_2e0999/button_Sign in with Google' is clickable

2022-04-19 00:06:20 - [MESSAGE][PASSED] - Object 'Object Repository/Homepage/Page_Enfamil Newborn, Infant  Toddler Nutri_2e0999/button_Sign in with Google' is clickable

2022-04-19 00:06:20 - [TEST_STEP][PASSED] - verifyElementPresent(findTestObject("Object Repository/Homepage/Page_Enfamil Newborn, Infant  Toddler Nutri_2e0999/svg"), 0): Object 'Object Repository/Homepage/Page_Enfamil Newborn, Infant  Toddler Nutri_2e0999/svg' is present

2022-04-19 00:06:20 - [MESSAGE][WARNING] - Timeout '0' is invalid. Using default page load timeout: '5'

2022-04-19 00:06:21 - [MESSAGE][PASSED] - Object 'Object Repository/Homepage/Page_Enfamil Newborn, Infant  Toddler Nutri_2e0999/svg' is present

2022-04-19 00:06:21 - [TEST_STEP][PASSED] - verifyElementClickable(findTestObject("Object Repository/Homepage/Page_Enfamil Newborn, Infant  Toddler Nutri_2e0999/svg")): Object 'Object Repository/Homepage/Page_Enfamil Newborn, Infant  Toddler Nutri_2e0999/svg' is clickable

2022-04-19 00:06:21 - [MESSAGE][PASSED] - Object 'Object Repository/Homepage/Page_Enfamil Newborn, Infant  Toddler Nutri_2e0999/svg' is clickable

2022-04-19 00:06:21 - [TEST_STEP][PASSED] - scrollToElement(findTestObject("Object Repository/Homepage/Page_Enfamil Newborn, Infant  Toddler Nutri_2e0999/div_WHY ENFAMIL"), 0): Scroll to object 'Object Repository/Homepage/Page_Enfamil Newborn, Infant  Toddler Nutri_2e0999/div_WHY ENFAMIL' successfully

2022-04-19 00:06:21 - [MESSAGE][WARNING] - Timeout '0' is invalid. Using default page load timeout: '5'

2022-04-19 00:06:21 - [MESSAGE][PASSED] - Scroll to object 'Object Repository/Homepage/Page_Enfamil Newborn, Infant  Toddler Nutri_2e0999/div_WHY ENFAMIL' successfully

2022-04-19 00:06:21 - [TEST_STEP][PASSED] - verifyElementPresent(findTestObject("Object Repository/Homepage/Page_Enfamil Newborn, Infant  Toddler Nutri_2e0999/div_WHY ENFAMIL"), 0): Object 'Object Repository/Homepage/Page_Enfamil Newborn, Infant  Toddler Nutri_2e0999/div_WHY ENFAMIL' is present

2022-04-19 00:06:22 - [MESSAGE][WARNING] - Timeout '0' is invalid. Using default page load timeout: '5'

2022-04-19 00:06:23 - [MESSAGE][PASSED] - Object 'Object Repository/Homepage/Page_Enfamil Newborn, Infant  Toddler Nutri_2e0999/div_WHY ENFAMIL' is present

2022-04-19 00:06:23 - [TEST_STEP][PASSED] - verifyElementText(findTestObject("Object Repository/Homepage/Page_Enfamil Newborn, Infant  Toddler Nutri_2e0999/div_WHY ENFAMIL"), "WHY ENFAMIL"): Actual text and expected text of test object 'Object Repository/Homepage/Page_Enfamil Newborn, Infant  Toddler Nutri_2e0999/div_WHY ENFAMIL' are matched.

2022-04-19 00:06:23 - [MESSAGE][PASSED] - Actual text and expected text of test object 'Object Repository/Homepage/Page_Enfamil Newborn, Infant  Toddler Nutri_2e0999/div_WHY ENFAMIL' are matched.

2022-04-19 00:06:23 - [TEST_STEP][PASSED] - verifyElementPresent(findTestObject("Object Repository/Homepage/Page_Enfamil Newborn, Infant  Toddler Nutri_2e0999/div_Providing trusted nutrition to fuel won_595b0e"), 0): Object 'Object Repository/Homepage/Page_Enfamil Newborn, Infant  Toddler Nutri_2e0999/div_Providing trusted nutrition to fuel won_595b0e' is present

2022-04-19 00:06:23 - [MESSAGE][WARNING] - Timeout '0' is invalid. Using default page load timeout: '5'

2022-04-19 00:06:24 - [MESSAGE][PASSED] - Object 'Object Repository/Homepage/Page_Enfamil Newborn, Infant  Toddler Nutri_2e0999/div_Providing trusted nutrition to fuel won_595b0e' is present

2022-04-19 00:06:24 - [TEST_STEP][PASSED] - verifyElementText(findTestObject("Object Repository/Homepage/Page_Enfamil Newborn, Infant  Toddler Nutri_2e0999/div_Providing trusted nutrition to fuel won_595b0e"), "Providing trusted nutrition to fuel wonder every step of the way."): Actual text and expected text of test object 'Object Repository/Homepage/Page_Enfamil Newborn, Infant  Toddler Nutri_2e0999/div_Providing trusted nutrition to fuel won_595b0e' are matched.

2022-04-19 00:06:24 - [MESSAGE][PASSED] - Actual text and expected text of test object 'Object Repository/Homepage/Page_Enfamil Newborn, Infant  Toddler Nutri_2e0999/div_Providing trusted nutrition to fuel won_595b0e' are matched.

2022-04-19 00:06:24 - [TEST_STEP][PASSED] - scrollToElement(findTestObject("Object Repository/Homepage/Page_Enfamil Newborn, Infant  Toddler Nutri_2e0999/div_trusted brand for brain-building nutrit_f784b2"), 0): Scroll to object 'Object Repository/Homepage/Page_Enfamil Newborn, Infant  Toddler Nutri_2e0999/div_trusted brand for brain-building nutrit_f784b2' successfully

2022-04-19 00:06:24 - [MESSAGE][WARNING] - Timeout '0' is invalid. Using default page load timeout: '5'

2022-04-19 00:06:24 - [MESSAGE][PASSED] - Scroll to object 'Object Repository/Homepage/Page_Enfamil Newborn, Infant  Toddler Nutri_2e0999/div_trusted brand for brain-building nutrit_f784b2' successfully

2022-04-19 00:06:24 - [TEST_STEP][PASSED] - verifyElementPresent(findTestObject("Object Repository/Homepage/Page_Enfamil Newborn, Infant  Toddler Nutri_2e0999/div_trusted brand for brain-building nutrit_f784b2"), 0): Object 'Object Repository/Homepage/Page_Enfamil Newborn, Infant  Toddler Nutri_2e0999/div_trusted brand for brain-building nutrit_f784b2' is present

2022-04-19 00:06:24 - [MESSAGE][WARNING] - Timeout '0' is invalid. Using default page load timeout: '5'

2022-04-19 00:06:25 - [MESSAGE][PASSED] - Object 'Object Repository/Homepage/Page_Enfamil Newborn, Infant  Toddler Nutri_2e0999/div_trusted brand for brain-building nutrit_f784b2' is present

2022-04-19 00:06:25 - [TEST_STEP][PASSED] - verifyElementText(findTestObject("Object Repository/Homepage/Page_Enfamil Newborn, Infant  Toddler Nutri_2e0999/div_trusted brand for brain-building nutrit_f784b2"), "trusted brand for brain-building nutrition and immune support"): Actual text and expected text of test object 'Object Repository/Homepage/Page_Enfamil Newborn, Infant  Toddler Nutri_2e0999/div_trusted brand for brain-building nutrit_f784b2' are matched.

2022-04-19 00:06:25 - [MESSAGE][PASSED] - Actual text and expected text of test object 'Object Repository/Homepage/Page_Enfamil Newborn, Infant  Toddler Nutri_2e0999/div_trusted brand for brain-building nutrit_f784b2' are matched.

2022-04-19 00:06:25 - [TEST_STEP][PASSED] - verifyElementPresent(findTestObject("Object Repository/Homepage/Page_Enfamil Newborn, Infant  Toddler Nutri_2e0999/div_infant formula brand recommended by ped_324947"), 0): Object 'Object Repository/Homepage/Page_Enfamil Newborn, Infant  Toddler Nutri_2e0999/div_infant formula brand recommended by ped_324947' is present

2022-04-19 00:06:25 - [MESSAGE][WARNING] - Timeout '0' is invalid. Using default page load timeout: '5'

2022-04-19 00:06:26 - [MESSAGE][PASSED] - Object 'Object Repository/Homepage/Page_Enfamil Newborn, Infant  Toddler Nutri_2e0999/div_infant formula brand recommended by ped_324947' is present

2022-04-19 00:06:26 - [TEST_STEP][PASSED] - verifyElementText(findTestObject("Object Repository/Homepage/Page_Enfamil Newborn, Infant  Toddler Nutri_2e0999/div_infant formula brand recommended by ped_324947"), "infant formula brand recommended by pediatricians"): Actual text and expected text of test object 'Object Repository/Homepage/Page_Enfamil Newborn, Infant  Toddler Nutri_2e0999/div_infant formula brand recommended by ped_324947' are matched.

2022-04-19 00:06:26 - [MESSAGE][PASSED] - Actual text and expected text of test object 'Object Repository/Homepage/Page_Enfamil Newborn, Infant  Toddler Nutri_2e0999/div_infant formula brand recommended by ped_324947' are matched.

2022-04-19 00:06:26 - [TEST_STEP][PASSED] - verifyElementPresent(findTestObject("Object Repository/Homepage/Page_Enfamil Newborn, Infant  Toddler Nutri_2e0999/a_See Our Formulas"), 0): Object 'Object Repository/Homepage/Page_Enfamil Newborn, Infant  Toddler Nutri_2e0999/a_See Our Formulas' is present

2022-04-19 00:06:26 - [MESSAGE][WARNING] - Timeout '0' is invalid. Using default page load timeout: '5'

2022-04-19 00:06:26 - [MESSAGE][PASSED] - Object 'Object Repository/Homepage/Page_Enfamil Newborn, Infant  Toddler Nutri_2e0999/a_See Our Formulas' is present

2022-04-19 00:06:26 - [TEST_STEP][PASSED] - verifyElementText(findTestObject("Object Repository/Homepage/Page_Enfamil Newborn, Infant  Toddler Nutri_2e0999/a_See Our Formulas"), "See Our Formulas"): Actual text and expected text of test object 'Object Repository/Homepage/Page_Enfamil Newborn, Infant  Toddler Nutri_2e0999/a_See Our Formulas' are matched.

2022-04-19 00:06:27 - [MESSAGE][PASSED] - Actual text and expected text of test object 'Object Repository/Homepage/Page_Enfamil Newborn, Infant  Toddler Nutri_2e0999/a_See Our Formulas' are matched.

2022-04-19 00:06:27 - [TEST_STEP][PASSED] - scrollToElement(findTestObject("Object Repository/Homepage/Page_Enfamil Newborn, Infant  Toddler Nutri_2e0999/a_See Our Formulas"), 0): Scroll to object 'Object Repository/Homepage/Page_Enfamil Newborn, Infant  Toddler Nutri_2e0999/a_See Our Formulas' successfully

2022-04-19 00:06:27 - [MESSAGE][WARNING] - Timeout '0' is invalid. Using default page load timeout: '5'

2022-04-19 00:06:27 - [MESSAGE][PASSED] - Scroll to object 'Object Repository/Homepage/Page_Enfamil Newborn, Infant  Toddler Nutri_2e0999/a_See Our Formulas' successfully

2022-04-19 00:06:27 - [TEST_STEP][PASSED] - delay(5): Delayed 5 second(s)

2022-04-19 00:06:32 - [MESSAGE][PASSED] - Delayed 5 second(s)

2022-04-19 00:06:32 - [TEST_STEP][PASSED] - verifyElementPresent(findTestObject("Object Repository/Homepage/Page_Enfamil Newborn, Infant  Toddler Nutri_2e0999/img_See Our Formulas_image-as-link__image"), 0): Object 'Object Repository/Homepage/Page_Enfamil Newborn, Infant  Toddler Nutri_2e0999/img_See Our Formulas_image-as-link__image' is present

2022-04-19 00:06:32 - [MESSAGE][WARNING] - Timeout '0' is invalid. Using default page load timeout: '5'

2022-04-19 00:06:32 - [MESSAGE][PASSED] - Object 'Object Repository/Homepage/Page_Enfamil Newborn, Infant  Toddler Nutri_2e0999/img_See Our Formulas_image-as-link__image' is present

2022-04-19 00:06:32 - [TEST_STEP][PASSED] - verifyElementText(findTestObject("Object Repository/Homepage/Page_Enfamil Newborn, Infant  Toddler Nutri_2e0999/img_See Our Formulas_image-as-link__image"), ""): Actual text and expected text of test object 'Object Repository/Homepage/Page_Enfamil Newborn, Infant  Toddler Nutri_2e0999/img_See Our Formulas_image-as-link__image' are matched.

2022-04-19 00:06:33 - [MESSAGE][PASSED] - Actual text and expected text of test object 'Object Repository/Homepage/Page_Enfamil Newborn, Infant  Toddler Nutri_2e0999/img_See Our Formulas_image-as-link__image' are matched.

2022-04-19 00:06:33 - [TEST_STEP][PASSED] - verifyElementClickable(findTestObject("Object Repository/Homepage/Page_Enfamil Newborn, Infant  Toddler Nutri_2e0999/img_See Our Formulas_image-as-link__image")): Object 'Object Repository/Homepage/Page_Enfamil Newborn, Infant  Toddler Nutri_2e0999/img_See Our Formulas_image-as-link__image' is clickable

2022-04-19 00:06:33 - [MESSAGE][PASSED] - Object 'Object Repository/Homepage/Page_Enfamil Newborn, Infant  Toddler Nutri_2e0999/img_See Our Formulas_image-as-link__image' is clickable

2022-04-19 00:06:33 - [TEST_STEP][PASSED] - verifyElementPresent(findTestObject("Object Repository/Homepage/Page_Enfamil Newborn, Infant  Toddler Nutri_2e0999/img_See Our Formulas_image-as-link__image_1"), 0): Object 'Object Repository/Homepage/Page_Enfamil Newborn, Infant  Toddler Nutri_2e0999/img_See Our Formulas_image-as-link__image_1' is present

2022-04-19 00:06:33 - [MESSAGE][WARNING] - Timeout '0' is invalid. Using default page load timeout: '5'

2022-04-19 00:06:34 - [MESSAGE][PASSED] - Object 'Object Repository/Homepage/Page_Enfamil Newborn, Infant  Toddler Nutri_2e0999/img_See Our Formulas_image-as-link__image_1' is present

2022-04-19 00:06:34 - [TEST_STEP][PASSED] - verifyElementClickable(findTestObject("Object Repository/Homepage/Page_Enfamil Newborn, Infant  Toddler Nutri_2e0999/img_See Our Formulas_image-as-link__image_1")): Object 'Object Repository/Homepage/Page_Enfamil Newborn, Infant  Toddler Nutri_2e0999/img_See Our Formulas_image-as-link__image_1' is clickable

2022-04-19 00:06:34 - [MESSAGE][PASSED] - Object 'Object Repository/Homepage/Page_Enfamil Newborn, Infant  Toddler Nutri_2e0999/img_See Our Formulas_image-as-link__image_1' is clickable

2022-04-19 00:06:34 - [TEST_STEP][PASSED] - verifyElementPresent(findTestObject("Object Repository/Homepage/Page_Enfamil Newborn, Infant  Toddler Nutri_2e0999/img_See Our Formulas_image-as-link__image_1_2"), 0): Object 'Object Repository/Homepage/Page_Enfamil Newborn, Infant  Toddler Nutri_2e0999/img_See Our Formulas_image-as-link__image_1_2' is present

2022-04-19 00:06:34 - [MESSAGE][WARNING] - Timeout '0' is invalid. Using default page load timeout: '5'

2022-04-19 00:06:34 - [MESSAGE][PASSED] - Object 'Object Repository/Homepage/Page_Enfamil Newborn, Infant  Toddler Nutri_2e0999/img_See Our Formulas_image-as-link__image_1_2' is present

2022-04-19 00:06:34 - [TEST_STEP][PASSED] - verifyElementClickable(findTestObject("Object Repository/Homepage/Page_Enfamil Newborn, Infant  Toddler Nutri_2e0999/img_See Our Formulas_image-as-link__image_1_2")): Object 'Object Repository/Homepage/Page_Enfamil Newborn, Infant  Toddler Nutri_2e0999/img_See Our Formulas_image-as-link__image_1_2' is clickable

2022-04-19 00:06:35 - [MESSAGE][PASSED] - Object 'Object Repository/Homepage/Page_Enfamil Newborn, Infant  Toddler Nutri_2e0999/img_See Our Formulas_image-as-link__image_1_2' is clickable

2022-04-19 00:06:35 - [TEST_STEP][PASSED] - scrollToElement(findTestObject("Object Repository/Homepage/Page_Enfamil Newborn, Infant  Toddler Nutri_2e0999/div_Shop Products"), 0): Scroll to object 'Object Repository/Homepage/Page_Enfamil Newborn, Infant  Toddler Nutri_2e0999/div_Shop Products' successfully

2022-04-19 00:06:35 - [MESSAGE][WARNING] - Timeout '0' is invalid. Using default page load timeout: '5'

2022-04-19 00:06:35 - [MESSAGE][PASSED] - Scroll to object 'Object Repository/Homepage/Page_Enfamil Newborn, Infant  Toddler Nutri_2e0999/div_Shop Products' successfully

2022-04-19 00:06:35 - [TEST_STEP][PASSED] - verifyElementPresent(findTestObject("Object Repository/Homepage/Page_Enfamil Newborn, Infant  Toddler Nutri_2e0999/div_Shop Products"), 0): Object 'Object Repository/Homepage/Page_Enfamil Newborn, Infant  Toddler Nutri_2e0999/div_Shop Products' is present

2022-04-19 00:06:35 - [MESSAGE][WARNING] - Timeout '0' is invalid. Using default page load timeout: '5'

2022-04-19 00:06:36 - [MESSAGE][PASSED] - Object 'Object Repository/Homepage/Page_Enfamil Newborn, Infant  Toddler Nutri_2e0999/div_Shop Products' is present

2022-04-19 00:06:36 - [TEST_STEP][PASSED] - verifyElementText(findTestObject("Object Repository/Homepage/Page_Enfamil Newborn, Infant  Toddler Nutri_2e0999/div_Shop Products"), "SHOP PRODUCTS"): Actual text and expected text of test object 'Object Repository/Homepage/Page_Enfamil Newborn, Infant  Toddler Nutri_2e0999/div_Shop Products' are matched.

2022-04-19 00:06:36 - [MESSAGE][PASSED] - Actual text and expected text of test object 'Object Repository/Homepage/Page_Enfamil Newborn, Infant  Toddler Nutri_2e0999/div_Shop Products' are matched.

2022-04-19 00:06:36 - [TEST_STEP][PASSED] - verifyElementPresent(findTestObject("Object Repository/Homepage/Page_Enfamil Newborn, Infant  Toddler Nutri_2e0999/h2_Explore the full range of Enfamil products"), 0): Object 'Object Repository/Homepage/Page_Enfamil Newborn, Infant  Toddler Nutri_2e0999/h2_Explore the full range of Enfamil products' is present

2022-04-19 00:06:36 - [MESSAGE][WARNING] - Timeout '0' is invalid. Using default page load timeout: '5'

2022-04-19 00:06:37 - [MESSAGE][PASSED] - Object 'Object Repository/Homepage/Page_Enfamil Newborn, Infant  Toddler Nutri_2e0999/h2_Explore the full range of Enfamil products' is present

2022-04-19 00:06:37 - [TEST_STEP][FAILED] - verifyElementText(findTestObject("Object Repository/Homepage/Page_Enfamil Newborn, Infant  Toddler Nutri_2e0999/h2_Explore the full range of Enfamil products"), "Explore the full range of Enfamil products"): Actual text 'Explore the full range of Enfamil products.' and expected text 'Explore the full range of Enfamil products' of test object 'Object Repository/Homepage/Page_Enfamil Newborn, Infant  Toddler Nutri_2e0999/h2_Explore the full range of Enfamil products' are NOT matched. (Root cause: com.kms.katalon.core.exception.StepFailedException: Actual text 'Explore the full range of Enfamil products.' and expected text 'Explore the full range of Enfamil products' of test object 'Object Repository/Homepage/Page_Enfamil Newborn, Infant  Toddler Nutri_2e0999/h2_Explore the full range of Enfamil products' are NOT matched.
	at com.kms.katalon.core.webui.keyword.internal.WebUIKeywordMain.stepFailed(WebUIKeywordMain.groovy:64)
	at com.kms.katalon.core.webui.keyword.builtin.VerifyElementTextKeyword$_verifyElementText_closure1.doCall(VerifyElementTextKeyword.groovy:57)
	at com.kms.katalon.core.webui.keyword.builtin.VerifyElementTextKeyword$_verifyElementText_closure1.call(VerifyElementTextKeyword.groovy)
	at com.kms.katalon.core.webui.keyword.internal.WebUIKeywordMain.runKeyword(WebUIKeywordMain.groovy:20)
	at com.kms.katalon.core.webui.keyword.builtin.VerifyElementTextKeyword.verifyElementText(VerifyElementTextKeyword.groovy:72)
	at com.kms.katalon.core.webui.keyword.builtin.VerifyElementTextKeyword.execute(VerifyElementTextKeyword.groovy:40)
	at com.kms.katalon.core.keyword.internal.KeywordExecutor.executeKeywordForPlatform(KeywordExecutor.groovy:74)
	at com.kms.katalon.core.webui.keyword.WebUiBuiltInKeywords.verifyElementText(WebUiBuiltInKeywords.groovy:4749)
	at com.kms.katalon.core.webui.keyword.WebUiBuiltInKeywords$verifyElementText$5.call(Unknown Source)
	at Homepage Verification.run(Homepage Verification:191)
	at com.kms.katalon.core.main.ScriptEngine.run(ScriptEngine.java:194)
	at com.kms.katalon.core.main.ScriptEngine.runScriptAsRawText(ScriptEngine.java:119)
	at com.kms.katalon.core.main.TestCaseExecutor.runScript(TestCaseExecutor.java:445)
	at com.kms.katalon.core.main.TestCaseExecutor.doExecute(TestCaseExecutor.java:436)
	at com.kms.katalon.core.main.TestCaseExecutor.processExecutionPhase(TestCaseExecutor.java:415)
	at com.kms.katalon.core.main.TestCaseExecutor.accessMainPhase(TestCaseExecutor.java:407)
	at com.kms.katalon.core.main.TestCaseExecutor.execute(TestCaseExecutor.java:284)
	at com.kms.katalon.core.common.CommonExecutor.accessTestCaseMainPhase(CommonExecutor.java:65)
	at com.kms.katalon.core.main.TestSuiteExecutor.accessTestSuiteMainPhase(TestSuiteExecutor.java:144)
	at com.kms.katalon.core.main.TestSuiteExecutor.execute(TestSuiteExecutor.java:106)
	at com.kms.katalon.core.main.TestCaseMain.startTestSuite(TestCaseMain.java:185)
	at com.kms.katalon.core.main.TestCaseMain$startTestSuite$0.call(Unknown Source)
	at TempTestSuite1650304259606.run(TempTestSuite1650304259606.groovy:36)
)

2022-04-19 00:06:37 - [MESSAGE][FAILED] - Actual text 'Explore the full range of Enfamil products.' and expected text 'Explore the full range of Enfamil products' of test object 'Object Repository/Homepage/Page_Enfamil Newborn, Infant  Toddler Nutri_2e0999/h2_Explore the full range of Enfamil products' are NOT matched. (Root cause: com.kms.katalon.core.exception.StepFailedException: Actual text 'Explore the full range of Enfamil products.' and expected text 'Explore the full range of Enfamil products' of test object 'Object Repository/Homepage/Page_Enfamil Newborn, Infant  Toddler Nutri_2e0999/h2_Explore the full range of Enfamil products' are NOT matched.
	at com.kms.katalon.core.webui.keyword.internal.WebUIKeywordMain.stepFailed(WebUIKeywordMain.groovy:64)
	at com.kms.katalon.core.webui.keyword.builtin.VerifyElementTextKeyword$_verifyElementText_closure1.doCall(VerifyElementTextKeyword.groovy:57)
	at com.kms.katalon.core.webui.keyword.builtin.VerifyElementTextKeyword$_verifyElementText_closure1.call(VerifyElementTextKeyword.groovy)
	at com.kms.katalon.core.webui.keyword.internal.WebUIKeywordMain.runKeyword(WebUIKeywordMain.groovy:20)
	at com.kms.katalon.core.webui.keyword.builtin.VerifyElementTextKeyword.verifyElementText(VerifyElementTextKeyword.groovy:72)
	at com.kms.katalon.core.webui.keyword.builtin.VerifyElementTextKeyword.execute(VerifyElementTextKeyword.groovy:40)
	at com.kms.katalon.core.keyword.internal.KeywordExecutor.executeKeywordForPlatform(KeywordExecutor.groovy:74)
	at com.kms.katalon.core.webui.keyword.WebUiBuiltInKeywords.verifyElementText(WebUiBuiltInKeywords.groovy:4749)
	at com.kms.katalon.core.webui.keyword.WebUiBuiltInKeywords$verifyElementText$5.call(Unknown Source)
	at Homepage Verification.run(Homepage Verification:191)
	at com.kms.katalon.core.main.ScriptEngine.run(ScriptEngine.java:194)
	at com.kms.katalon.core.main.ScriptEngine.runScriptAsRawText(ScriptEngine.java:119)
	at com.kms.katalon.core.main.TestCaseExecutor.runScript(TestCaseExecutor.java:445)
	at com.kms.katalon.core.main.TestCaseExecutor.doExecute(TestCaseExecutor.java:436)
	at com.kms.katalon.core.main.TestCaseExecutor.processExecutionPhase(TestCaseExecutor.java:415)
	at com.kms.katalon.core.main.TestCaseExecutor.accessMainPhase(TestCaseExecutor.java:407)
	at com.kms.katalon.core.main.TestCaseExecutor.execute(TestCaseExecutor.java:284)
	at com.kms.katalon.core.common.CommonExecutor.accessTestCaseMainPhase(CommonExecutor.java:65)
	at com.kms.katalon.core.main.TestSuiteExecutor.accessTestSuiteMainPhase(TestSuiteExecutor.java:144)
	at com.kms.katalon.core.main.TestSuiteExecutor.execute(TestSuiteExecutor.java:106)
	at com.kms.katalon.core.main.TestCaseMain.startTestSuite(TestCaseMain.java:185)
	at com.kms.katalon.core.main.TestCaseMain$startTestSuite$0.call(Unknown Source)
	at TempTestSuite1650304259606.run(TempTestSuite1650304259606.groovy:36)
)
[[ATTACHMENT|D:\\SmoketestSuite\\enfamilUS\\Reports\\20220418_232059\\SmokeTestCollection - Venkat\\SmokeTestSuite-Collection - UAT\\20220418_232059\\1650306997441.png]]

2022-04-19 00:06:37 - [TEST_STEP][PASSED] - scrollToElement(findTestObject("Object Repository/Homepage/Page_Enfamil Newborn, Infant  Toddler Nutri_2e0999/div_Featured"), 0): Scroll to object 'Object Repository/Homepage/Page_Enfamil Newborn, Infant  Toddler Nutri_2e0999/div_Featured' successfully

2022-04-19 00:06:37 - [MESSAGE][WARNING] - Timeout '0' is invalid. Using default page load timeout: '5'

2022-04-19 00:06:38 - [MESSAGE][PASSED] - Scroll to object 'Object Repository/Homepage/Page_Enfamil Newborn, Infant  Toddler Nutri_2e0999/div_Featured' successfully

2022-04-19 00:06:38 - [TEST_STEP][PASSED] - verifyElementPresent(findTestObject("Object Repository/Homepage/Page_Enfamil Newborn, Infant  Toddler Nutri_2e0999/div_Featured"), 0): Object 'Object Repository/Homepage/Page_Enfamil Newborn, Infant  Toddler Nutri_2e0999/div_Featured' is present

2022-04-19 00:06:38 - [MESSAGE][WARNING] - Timeout '0' is invalid. Using default page load timeout: '5'

2022-04-19 00:06:38 - [MESSAGE][PASSED] - Object 'Object Repository/Homepage/Page_Enfamil Newborn, Infant  Toddler Nutri_2e0999/div_Featured' is present

2022-04-19 00:06:38 - [TEST_STEP][PASSED] - verifyElementText(findTestObject("Object Repository/Homepage/Page_Enfamil Newborn, Infant  Toddler Nutri_2e0999/div_Featured"), "Featured"): Actual text and expected text of test object 'Object Repository/Homepage/Page_Enfamil Newborn, Infant  Toddler Nutri_2e0999/div_Featured' are matched.

2022-04-19 00:06:38 - [MESSAGE][PASSED] - Actual text and expected text of test object 'Object Repository/Homepage/Page_Enfamil Newborn, Infant  Toddler Nutri_2e0999/div_Featured' are matched.

2022-04-19 00:06:38 - [TEST_STEP][PASSED] - verifyElementPresent(findTestObject("Object Repository/Homepage/Page_Enfamil Newborn, Infant  Toddler Nutri_2e0999/div_Ages  Stages"), 0): Object 'Object Repository/Homepage/Page_Enfamil Newborn, Infant  Toddler Nutri_2e0999/div_Ages  Stages' is present

2022-04-19 00:06:39 - [MESSAGE][WARNING] - Timeout '0' is invalid. Using default page load timeout: '5'

2022-04-19 00:06:39 - [MESSAGE][PASSED] - Object 'Object Repository/Homepage/Page_Enfamil Newborn, Infant  Toddler Nutri_2e0999/div_Ages  Stages' is present

2022-04-19 00:06:39 - [TEST_STEP][PASSED] - verifyElementText(findTestObject("Object Repository/Homepage/Page_Enfamil Newborn, Infant  Toddler Nutri_2e0999/div_Ages  Stages"), "Ages & Stages"): Actual text and expected text of test object 'Object Repository/Homepage/Page_Enfamil Newborn, Infant  Toddler Nutri_2e0999/div_Ages  Stages' are matched.

2022-04-19 00:06:39 - [MESSAGE][PASSED] - Actual text and expected text of test object 'Object Repository/Homepage/Page_Enfamil Newborn, Infant  Toddler Nutri_2e0999/div_Ages  Stages' are matched.

2022-04-19 00:06:39 - [TEST_STEP][PASSED] - verifyElementClickable(findTestObject("Object Repository/Homepage/Page_Enfamil Newborn, Infant  Toddler Nutri_2e0999/div_Ages  Stages")): Object 'Object Repository/Homepage/Page_Enfamil Newborn, Infant  Toddler Nutri_2e0999/div_Ages  Stages' is clickable

2022-04-19 00:06:40 - [MESSAGE][PASSED] - Object 'Object Repository/Homepage/Page_Enfamil Newborn, Infant  Toddler Nutri_2e0999/div_Ages  Stages' is clickable

2022-04-19 00:06:40 - [TEST_STEP][PASSED] - verifyElementPresent(findTestObject("Object Repository/Homepage/Page_Enfamil Newborn, Infant  Toddler Nutri_2e0999/div_Feeding Need"), 0): Object 'Object Repository/Homepage/Page_Enfamil Newborn, Infant  Toddler Nutri_2e0999/div_Feeding Need' is present

2022-04-19 00:06:40 - [MESSAGE][WARNING] - Timeout '0' is invalid. Using default page load timeout: '5'

2022-04-19 00:06:40 - [MESSAGE][PASSED] - Object 'Object Repository/Homepage/Page_Enfamil Newborn, Infant  Toddler Nutri_2e0999/div_Feeding Need' is present

2022-04-19 00:06:40 - [TEST_STEP][PASSED] - verifyElementText(findTestObject("Object Repository/Homepage/Page_Enfamil Newborn, Infant  Toddler Nutri_2e0999/div_Feeding Need"), "Feeding Need"): Actual text and expected text of test object 'Object Repository/Homepage/Page_Enfamil Newborn, Infant  Toddler Nutri_2e0999/div_Feeding Need' are matched.

2022-04-19 00:06:40 - [MESSAGE][PASSED] - Actual text and expected text of test object 'Object Repository/Homepage/Page_Enfamil Newborn, Infant  Toddler Nutri_2e0999/div_Feeding Need' are matched.

2022-04-19 00:06:40 - [TEST_STEP][PASSED] - verifyElementClickable(findTestObject("Object Repository/Homepage/Page_Enfamil Newborn, Infant  Toddler Nutri_2e0999/div_Feeding Need")): Object 'Object Repository/Homepage/Page_Enfamil Newborn, Infant  Toddler Nutri_2e0999/div_Feeding Need' is clickable

2022-04-19 00:06:41 - [MESSAGE][PASSED] - Object 'Object Repository/Homepage/Page_Enfamil Newborn, Infant  Toddler Nutri_2e0999/div_Feeding Need' is clickable

2022-04-19 00:06:41 - [TEST_STEP][PASSED] - verifyElementPresent(findTestObject("Object Repository/Homepage/Page_Enfamil Newborn, Infant  Toddler Nutri_2e0999/div_Product Category"), 0): Object 'Object Repository/Homepage/Page_Enfamil Newborn, Infant  Toddler Nutri_2e0999/div_Product Category' is present

2022-04-19 00:06:41 - [MESSAGE][WARNING] - Timeout '0' is invalid. Using default page load timeout: '5'

2022-04-19 00:06:41 - [MESSAGE][PASSED] - Object 'Object Repository/Homepage/Page_Enfamil Newborn, Infant  Toddler Nutri_2e0999/div_Product Category' is present

2022-04-19 00:06:41 - [TEST_STEP][PASSED] - verifyElementText(findTestObject("Object Repository/Homepage/Page_Enfamil Newborn, Infant  Toddler Nutri_2e0999/div_Product Category"), "Product Category"): Actual text and expected text of test object 'Object Repository/Homepage/Page_Enfamil Newborn, Infant  Toddler Nutri_2e0999/div_Product Category' are matched.

2022-04-19 00:06:41 - [MESSAGE][PASSED] - Actual text and expected text of test object 'Object Repository/Homepage/Page_Enfamil Newborn, Infant  Toddler Nutri_2e0999/div_Product Category' are matched.

2022-04-19 00:06:41 - [TEST_STEP][PASSED] - verifyElementClickable(findTestObject("Object Repository/Homepage/Page_Enfamil Newborn, Infant  Toddler Nutri_2e0999/div_Product Category")): Object 'Object Repository/Homepage/Page_Enfamil Newborn, Infant  Toddler Nutri_2e0999/div_Product Category' is clickable

2022-04-19 00:06:42 - [MESSAGE][PASSED] - Object 'Object Repository/Homepage/Page_Enfamil Newborn, Infant  Toddler Nutri_2e0999/div_Product Category' is clickable

2022-04-19 00:06:42 - [TEST_STEP][PASSED] - verifyElementPresent(findTestObject("Object Repository/Homepage/Page_Enfamil Newborn, Infant  Toddler Nutri_2e0999/span_Nutrition for brain building  immune s_0d1134"), 0): Object 'Object Repository/Homepage/Page_Enfamil Newborn, Infant  Toddler Nutri_2e0999/span_Nutrition for brain building  immune s_0d1134' is present

2022-04-19 00:06:42 - [MESSAGE][WARNING] - Timeout '0' is invalid. Using default page load timeout: '5'

2022-04-19 00:06:42 - [MESSAGE][PASSED] - Object 'Object Repository/Homepage/Page_Enfamil Newborn, Infant  Toddler Nutri_2e0999/span_Nutrition for brain building  immune s_0d1134' is present

2022-04-19 00:06:42 - [TEST_STEP][PASSED] - verifyElementText(findTestObject("Object Repository/Homepage/Page_Enfamil Newborn, Infant  Toddler Nutri_2e0999/span_Nutrition for brain building  immune s_0d1134"), "Nutrition for brain building & immune support inspired by breastmilk"): Actual text and expected text of test object 'Object Repository/Homepage/Page_Enfamil Newborn, Infant  Toddler Nutri_2e0999/span_Nutrition for brain building  immune s_0d1134' are matched.

2022-04-19 00:06:43 - [MESSAGE][PASSED] - Actual text and expected text of test object 'Object Repository/Homepage/Page_Enfamil Newborn, Infant  Toddler Nutri_2e0999/span_Nutrition for brain building  immune s_0d1134' are matched.

2022-04-19 00:06:43 - [TEST_STEP][PASSED] - verifyElementPresent(findTestObject("Object Repository/Homepage/Page_Enfamil Newborn, Infant  Toddler Nutri_2e0999/span_More formats  sizes available"), 0): Object 'Object Repository/Homepage/Page_Enfamil Newborn, Infant  Toddler Nutri_2e0999/span_More formats  sizes available' is present

2022-04-19 00:06:43 - [MESSAGE][WARNING] - Timeout '0' is invalid. Using default page load timeout: '5'

2022-04-19 00:06:43 - [MESSAGE][PASSED] - Object 'Object Repository/Homepage/Page_Enfamil Newborn, Infant  Toddler Nutri_2e0999/span_More formats  sizes available' is present

2022-04-19 00:06:43 - [TEST_STEP][PASSED] - verifyElementText(findTestObject("Object Repository/Homepage/Page_Enfamil Newborn, Infant  Toddler Nutri_2e0999/span_More formats  sizes available"), "More formats & sizes available"): Actual text and expected text of test object 'Object Repository/Homepage/Page_Enfamil Newborn, Infant  Toddler Nutri_2e0999/span_More formats  sizes available' are matched.

2022-04-19 00:06:43 - [MESSAGE][PASSED] - Actual text and expected text of test object 'Object Repository/Homepage/Page_Enfamil Newborn, Infant  Toddler Nutri_2e0999/span_More formats  sizes available' are matched.

2022-04-19 00:06:43 - [TEST_STEP][PASSED] - verifyElementPresent(findTestObject("Object Repository/Homepage/Page_Enfamil Newborn, Infant  Toddler Nutri_2e0999/div_Enfamil NeuroPro Infant Formula"), 0): Object 'Object Repository/Homepage/Page_Enfamil Newborn, Infant  Toddler Nutri_2e0999/div_Enfamil NeuroPro Infant Formula' is present

2022-04-19 00:06:44 - [MESSAGE][WARNING] - Timeout '0' is invalid. Using default page load timeout: '5'

2022-04-19 00:06:44 - [MESSAGE][PASSED] - Object 'Object Repository/Homepage/Page_Enfamil Newborn, Infant  Toddler Nutri_2e0999/div_Enfamil NeuroPro Infant Formula' is present

2022-04-19 00:06:44 - [TEST_STEP][FAILED] - verifyElementText(findTestObject("Object Repository/Homepage/Page_Enfamil Newborn, Infant  Toddler Nutri_2e0999/div_Enfamil NeuroPro Infant Formula"), "Enfamil NeuroPro Infant Formula"): Actual text '' and expected text 'Enfamil NeuroPro Infant Formula' of test object 'Object Repository/Homepage/Page_Enfamil Newborn, Infant  Toddler Nutri_2e0999/div_Enfamil NeuroPro Infant Formula' are NOT matched. (Root cause: com.kms.katalon.core.exception.StepFailedException: Actual text '' and expected text 'Enfamil NeuroPro Infant Formula' of test object 'Object Repository/Homepage/Page_Enfamil Newborn, Infant  Toddler Nutri_2e0999/div_Enfamil NeuroPro Infant Formula' are NOT matched.
	at com.kms.katalon.core.webui.keyword.internal.WebUIKeywordMain.stepFailed(WebUIKeywordMain.groovy:64)
	at com.kms.katalon.core.webui.keyword.builtin.VerifyElementTextKeyword$_verifyElementText_closure1.doCall(VerifyElementTextKeyword.groovy:57)
	at com.kms.katalon.core.webui.keyword.builtin.VerifyElementTextKeyword$_verifyElementText_closure1.call(VerifyElementTextKeyword.groovy)
	at com.kms.katalon.core.webui.keyword.internal.WebUIKeywordMain.runKeyword(WebUIKeywordMain.groovy:20)
	at com.kms.katalon.core.webui.keyword.builtin.VerifyElementTextKeyword.verifyElementText(VerifyElementTextKeyword.groovy:72)
	at com.kms.katalon.core.webui.keyword.builtin.VerifyElementTextKeyword.execute(VerifyElementTextKeyword.groovy:40)
	at com.kms.katalon.core.keyword.internal.KeywordExecutor.executeKeywordForPlatform(KeywordExecutor.groovy:74)
	at com.kms.katalon.core.webui.keyword.WebUiBuiltInKeywords.verifyElementText(WebUiBuiltInKeywords.groovy:4749)
	at com.kms.katalon.core.webui.keyword.WebUiBuiltInKeywords$verifyElementText$5.call(Unknown Source)
	at Homepage Verification.run(Homepage Verification:242)
	at com.kms.katalon.core.main.ScriptEngine.run(ScriptEngine.java:194)
	at com.kms.katalon.core.main.ScriptEngine.runScriptAsRawText(ScriptEngine.java:119)
	at com.kms.katalon.core.main.TestCaseExecutor.runScript(TestCaseExecutor.java:445)
	at com.kms.katalon.core.main.TestCaseExecutor.doExecute(TestCaseExecutor.java:436)
	at com.kms.katalon.core.main.TestCaseExecutor.processExecutionPhase(TestCaseExecutor.java:415)
	at com.kms.katalon.core.main.TestCaseExecutor.accessMainPhase(TestCaseExecutor.java:407)
	at com.kms.katalon.core.main.TestCaseExecutor.execute(TestCaseExecutor.java:284)
	at com.kms.katalon.core.common.CommonExecutor.accessTestCaseMainPhase(CommonExecutor.java:65)
	at com.kms.katalon.core.main.TestSuiteExecutor.accessTestSuiteMainPhase(TestSuiteExecutor.java:144)
	at com.kms.katalon.core.main.TestSuiteExecutor.execute(TestSuiteExecutor.java:106)
	at com.kms.katalon.core.main.TestCaseMain.startTestSuite(TestCaseMain.java:185)
	at com.kms.katalon.core.main.TestCaseMain$startTestSuite$0.call(Unknown Source)
	at TempTestSuite1650304259606.run(TempTestSuite1650304259606.groovy:36)
)

2022-04-19 00:06:44 - [MESSAGE][FAILED] - Actual text '' and expected text 'Enfamil NeuroPro Infant Formula' of test object 'Object Repository/Homepage/Page_Enfamil Newborn, Infant  Toddler Nutri_2e0999/div_Enfamil NeuroPro Infant Formula' are NOT matched. (Root cause: com.kms.katalon.core.exception.StepFailedException: Actual text '' and expected text 'Enfamil NeuroPro Infant Formula' of test object 'Object Repository/Homepage/Page_Enfamil Newborn, Infant  Toddler Nutri_2e0999/div_Enfamil NeuroPro Infant Formula' are NOT matched.
	at com.kms.katalon.core.webui.keyword.internal.WebUIKeywordMain.stepFailed(WebUIKeywordMain.groovy:64)
	at com.kms.katalon.core.webui.keyword.builtin.VerifyElementTextKeyword$_verifyElementText_closure1.doCall(VerifyElementTextKeyword.groovy:57)
	at com.kms.katalon.core.webui.keyword.builtin.VerifyElementTextKeyword$_verifyElementText_closure1.call(VerifyElementTextKeyword.groovy)
	at com.kms.katalon.core.webui.keyword.internal.WebUIKeywordMain.runKeyword(WebUIKeywordMain.groovy:20)
	at com.kms.katalon.core.webui.keyword.builtin.VerifyElementTextKeyword.verifyElementText(VerifyElementTextKeyword.groovy:72)
	at com.kms.katalon.core.webui.keyword.builtin.VerifyElementTextKeyword.execute(VerifyElementTextKeyword.groovy:40)
	at com.kms.katalon.core.keyword.internal.KeywordExecutor.executeKeywordForPlatform(KeywordExecutor.groovy:74)
	at com.kms.katalon.core.webui.keyword.WebUiBuiltInKeywords.verifyElementText(WebUiBuiltInKeywords.groovy:4749)
	at com.kms.katalon.core.webui.keyword.WebUiBuiltInKeywords$verifyElementText$5.call(Unknown Source)
	at Homepage Verification.run(Homepage Verification:242)
	at com.kms.katalon.core.main.ScriptEngine.run(ScriptEngine.java:194)
	at com.kms.katalon.core.main.ScriptEngine.runScriptAsRawText(ScriptEngine.java:119)
	at com.kms.katalon.core.main.TestCaseExecutor.runScript(TestCaseExecutor.java:445)
	at com.kms.katalon.core.main.TestCaseExecutor.doExecute(TestCaseExecutor.java:436)
	at com.kms.katalon.core.main.TestCaseExecutor.processExecutionPhase(TestCaseExecutor.java:415)
	at com.kms.katalon.core.main.TestCaseExecutor.accessMainPhase(TestCaseExecutor.java:407)
	at com.kms.katalon.core.main.TestCaseExecutor.execute(TestCaseExecutor.java:284)
	at com.kms.katalon.core.common.CommonExecutor.accessTestCaseMainPhase(CommonExecutor.java:65)
	at com.kms.katalon.core.main.TestSuiteExecutor.accessTestSuiteMainPhase(TestSuiteExecutor.java:144)
	at com.kms.katalon.core.main.TestSuiteExecutor.execute(TestSuiteExecutor.java:106)
	at com.kms.katalon.core.main.TestCaseMain.startTestSuite(TestCaseMain.java:185)
	at com.kms.katalon.core.main.TestCaseMain$startTestSuite$0.call(Unknown Source)
	at TempTestSuite1650304259606.run(TempTestSuite1650304259606.groovy:36)
)
[[ATTACHMENT|D:\\SmoketestSuite\\enfamilUS\\Reports\\20220418_232059\\SmokeTestCollection - Venkat\\SmokeTestSuite-Collection - UAT\\20220418_232059\\1650307004648.png]]

2022-04-19 00:06:44 - [TEST_STEP][PASSED] - verifyElementPresent(findTestObject("Object Repository/Homepage/Page_Enfamil Newborn, Infant  Toddler Nutri_2e0999/a_Shop Now"), 0): Object 'Object Repository/Homepage/Page_Enfamil Newborn, Infant  Toddler Nutri_2e0999/a_Shop Now' is present

2022-04-19 00:06:44 - [MESSAGE][WARNING] - Timeout '0' is invalid. Using default page load timeout: '5'

2022-04-19 00:06:45 - [MESSAGE][PASSED] - Object 'Object Repository/Homepage/Page_Enfamil Newborn, Infant  Toddler Nutri_2e0999/a_Shop Now' is present

2022-04-19 00:06:45 - [TEST_STEP][PASSED] - verifyElementClickable(findTestObject("Object Repository/Homepage/Page_Enfamil Newborn, Infant  Toddler Nutri_2e0999/a_Shop Now")): Object 'Object Repository/Homepage/Page_Enfamil Newborn, Infant  Toddler Nutri_2e0999/a_Shop Now' is clickable

2022-04-19 00:06:45 - [MESSAGE][PASSED] - Object 'Object Repository/Homepage/Page_Enfamil Newborn, Infant  Toddler Nutri_2e0999/a_Shop Now' is clickable

2022-04-19 00:06:45 - [TEST_STEP][PASSED] - verifyElementPresent(findTestObject("Object Repository/Homepage/Page_Enfamil Newborn, Infant  Toddler Nutri_2e0999/span_Compare"), 0): Object 'Object Repository/Homepage/Page_Enfamil Newborn, Infant  Toddler Nutri_2e0999/span_Compare' is present

2022-04-19 00:06:45 - [MESSAGE][WARNING] - Timeout '0' is invalid. Using default page load timeout: '5'

2022-04-19 00:06:45 - [MESSAGE][PASSED] - Object 'Object Repository/Homepage/Page_Enfamil Newborn, Infant  Toddler Nutri_2e0999/span_Compare' is present

2022-04-19 00:06:45 - [TEST_STEP][PASSED] - verifyElementText(findTestObject("Object Repository/Homepage/Page_Enfamil Newborn, Infant  Toddler Nutri_2e0999/span_Compare"), "Compare"): Actual text and expected text of test object 'Object Repository/Homepage/Page_Enfamil Newborn, Infant  Toddler Nutri_2e0999/span_Compare' are matched.

2022-04-19 00:06:46 - [MESSAGE][PASSED] - Actual text and expected text of test object 'Object Repository/Homepage/Page_Enfamil Newborn, Infant  Toddler Nutri_2e0999/span_Compare' are matched.

2022-04-19 00:06:46 - [TEST_STEP][PASSED] - verifyElementPresent(findTestObject("Object Repository/Homepage/Page_Enfamil Newborn, Infant  Toddler Nutri_2e0999/span_For fussiness, crying, gas and spit-up"), 0): Object 'Object Repository/Homepage/Page_Enfamil Newborn, Infant  Toddler Nutri_2e0999/span_For fussiness, crying, gas and spit-up' is present

2022-04-19 00:06:46 - [MESSAGE][WARNING] - Timeout '0' is invalid. Using default page load timeout: '5'

2022-04-19 00:06:46 - [MESSAGE][PASSED] - Object 'Object Repository/Homepage/Page_Enfamil Newborn, Infant  Toddler Nutri_2e0999/span_For fussiness, crying, gas and spit-up' is present

2022-04-19 00:06:46 - [TEST_STEP][PASSED] - verifyElementText(findTestObject("Object Repository/Homepage/Page_Enfamil Newborn, Infant  Toddler Nutri_2e0999/span_For fussiness, crying, gas and spit-up"), "For fussiness, crying, gas and spit-up"): Actual text and expected text of test object 'Object Repository/Homepage/Page_Enfamil Newborn, Infant  Toddler Nutri_2e0999/span_For fussiness, crying, gas and spit-up' are matched.

2022-04-19 00:06:47 - [MESSAGE][PASSED] - Actual text and expected text of test object 'Object Repository/Homepage/Page_Enfamil Newborn, Infant  Toddler Nutri_2e0999/span_For fussiness, crying, gas and spit-up' are matched.

2022-04-19 00:06:47 - [TEST_STEP][PASSED] - verifyElementPresent(findTestObject("Object Repository/Homepage/Page_Enfamil Newborn, Infant  Toddler Nutri_2e0999/span_For our nutrition closest to breast milk"), 0): Object 'Object Repository/Homepage/Page_Enfamil Newborn, Infant  Toddler Nutri_2e0999/span_For our nutrition closest to breast milk' is present

2022-04-19 00:06:47 - [MESSAGE][WARNING] - Timeout '0' is invalid. Using default page load timeout: '5'

2022-04-19 00:06:47 - [MESSAGE][PASSED] - Object 'Object Repository/Homepage/Page_Enfamil Newborn, Infant  Toddler Nutri_2e0999/span_For our nutrition closest to breast milk' is present

2022-04-19 00:06:47 - [TEST_STEP][PASSED] - verifyElementText(findTestObject("Object Repository/Homepage/Page_Enfamil Newborn, Infant  Toddler Nutri_2e0999/span_For our nutrition closest to breast milk"), "For our nutrition closest to breast milk"): Actual text and expected text of test object 'Object Repository/Homepage/Page_Enfamil Newborn, Infant  Toddler Nutri_2e0999/span_For our nutrition closest to breast milk' are matched.

2022-04-19 00:06:47 - [MESSAGE][PASSED] - Actual text and expected text of test object 'Object Repository/Homepage/Page_Enfamil Newborn, Infant  Toddler Nutri_2e0999/span_For our nutrition closest to breast milk' are matched.

2022-04-19 00:06:47 - [TEST_STEP][PASSED] - verifyElementPresent(findTestObject("Object Repository/Homepage/Page_Enfamil Newborn, Infant  Toddler Nutri_2e0999/span_More formats  sizes available"), 0): Object 'Object Repository/Homepage/Page_Enfamil Newborn, Infant  Toddler Nutri_2e0999/span_More formats  sizes available' is present

2022-04-19 00:06:47 - [MESSAGE][WARNING] - Timeout '0' is invalid. Using default page load timeout: '5'

2022-04-19 00:06:48 - [MESSAGE][PASSED] - Object 'Object Repository/Homepage/Page_Enfamil Newborn, Infant  Toddler Nutri_2e0999/span_More formats  sizes available' is present

2022-04-19 00:06:48 - [TEST_STEP][PASSED] - verifyElementPresent(findTestObject("Object Repository/Homepage/Page_Enfamil Newborn, Infant  Toddler Nutri_2e0999/div_Enfamil NeuroPro Gentlease Infant Formula"), 0): Object 'Object Repository/Homepage/Page_Enfamil Newborn, Infant  Toddler Nutri_2e0999/div_Enfamil NeuroPro Gentlease Infant Formula' is present

2022-04-19 00:06:48 - [MESSAGE][WARNING] - Timeout '0' is invalid. Using default page load timeout: '5'

2022-04-19 00:06:48 - [MESSAGE][PASSED] - Object 'Object Repository/Homepage/Page_Enfamil Newborn, Infant  Toddler Nutri_2e0999/div_Enfamil NeuroPro Gentlease Infant Formula' is present

2022-04-19 00:06:48 - [TEST_STEP][FAILED] - verifyElementText(findTestObject("Object Repository/Homepage/Page_Enfamil Newborn, Infant  Toddler Nutri_2e0999/div_Enfamil NeuroPro Gentlease Infant Formula"), "Enfamil NeuroPro Gentlease Infant Formula"): Actual text '' and expected text 'Enfamil NeuroPro Gentlease Infant Formula' of test object 'Object Repository/Homepage/Page_Enfamil Newborn, Infant  Toddler Nutri_2e0999/div_Enfamil NeuroPro Gentlease Infant Formula' are NOT matched. (Root cause: com.kms.katalon.core.exception.StepFailedException: Actual text '' and expected text 'Enfamil NeuroPro Gentlease Infant Formula' of test object 'Object Repository/Homepage/Page_Enfamil Newborn, Infant  Toddler Nutri_2e0999/div_Enfamil NeuroPro Gentlease Infant Formula' are NOT matched.
	at com.kms.katalon.core.webui.keyword.internal.WebUIKeywordMain.stepFailed(WebUIKeywordMain.groovy:64)
	at com.kms.katalon.core.webui.keyword.builtin.VerifyElementTextKeyword$_verifyElementText_closure1.doCall(VerifyElementTextKeyword.groovy:57)
	at com.kms.katalon.core.webui.keyword.builtin.VerifyElementTextKeyword$_verifyElementText_closure1.call(VerifyElementTextKeyword.groovy)
	at com.kms.katalon.core.webui.keyword.internal.WebUIKeywordMain.runKeyword(WebUIKeywordMain.groovy:20)
	at com.kms.katalon.core.webui.keyword.builtin.VerifyElementTextKeyword.verifyElementText(VerifyElementTextKeyword.groovy:72)
	at com.kms.katalon.core.webui.keyword.builtin.VerifyElementTextKeyword.execute(VerifyElementTextKeyword.groovy:40)
	at com.kms.katalon.core.keyword.internal.KeywordExecutor.executeKeywordForPlatform(KeywordExecutor.groovy:74)
	at com.kms.katalon.core.webui.keyword.WebUiBuiltInKeywords.verifyElementText(WebUiBuiltInKeywords.groovy:4749)
	at com.kms.katalon.core.webui.keyword.WebUiBuiltInKeywords$verifyElementText$5.call(Unknown Source)
	at Homepage Verification.run(Homepage Verification:274)
	at com.kms.katalon.core.main.ScriptEngine.run(ScriptEngine.java:194)
	at com.kms.katalon.core.main.ScriptEngine.runScriptAsRawText(ScriptEngine.java:119)
	at com.kms.katalon.core.main.TestCaseExecutor.runScript(TestCaseExecutor.java:445)
	at com.kms.katalon.core.main.TestCaseExecutor.doExecute(TestCaseExecutor.java:436)
	at com.kms.katalon.core.main.TestCaseExecutor.processExecutionPhase(TestCaseExecutor.java:415)
	at com.kms.katalon.core.main.TestCaseExecutor.accessMainPhase(TestCaseExecutor.java:407)
	at com.kms.katalon.core.main.TestCaseExecutor.execute(TestCaseExecutor.java:284)
	at com.kms.katalon.core.common.CommonExecutor.accessTestCaseMainPhase(CommonExecutor.java:65)
	at com.kms.katalon.core.main.TestSuiteExecutor.accessTestSuiteMainPhase(TestSuiteExecutor.java:144)
	at com.kms.katalon.core.main.TestSuiteExecutor.execute(TestSuiteExecutor.java:106)
	at com.kms.katalon.core.main.TestCaseMain.startTestSuite(TestCaseMain.java:185)
	at com.kms.katalon.core.main.TestCaseMain$startTestSuite$0.call(Unknown Source)
	at TempTestSuite1650304259606.run(TempTestSuite1650304259606.groovy:36)
)

2022-04-19 00:06:49 - [MESSAGE][FAILED] - Actual text '' and expected text 'Enfamil NeuroPro Gentlease Infant Formula' of test object 'Object Repository/Homepage/Page_Enfamil Newborn, Infant  Toddler Nutri_2e0999/div_Enfamil NeuroPro Gentlease Infant Formula' are NOT matched. (Root cause: com.kms.katalon.core.exception.StepFailedException: Actual text '' and expected text 'Enfamil NeuroPro Gentlease Infant Formula' of test object 'Object Repository/Homepage/Page_Enfamil Newborn, Infant  Toddler Nutri_2e0999/div_Enfamil NeuroPro Gentlease Infant Formula' are NOT matched.
	at com.kms.katalon.core.webui.keyword.internal.WebUIKeywordMain.stepFailed(WebUIKeywordMain.groovy:64)
	at com.kms.katalon.core.webui.keyword.builtin.VerifyElementTextKeyword$_verifyElementText_closure1.doCall(VerifyElementTextKeyword.groovy:57)
	at com.kms.katalon.core.webui.keyword.builtin.VerifyElementTextKeyword$_verifyElementText_closure1.call(VerifyElementTextKeyword.groovy)
	at com.kms.katalon.core.webui.keyword.internal.WebUIKeywordMain.runKeyword(WebUIKeywordMain.groovy:20)
	at com.kms.katalon.core.webui.keyword.builtin.VerifyElementTextKeyword.verifyElementText(VerifyElementTextKeyword.groovy:72)
	at com.kms.katalon.core.webui.keyword.builtin.VerifyElementTextKeyword.execute(VerifyElementTextKeyword.groovy:40)
	at com.kms.katalon.core.keyword.internal.KeywordExecutor.executeKeywordForPlatform(KeywordExecutor.groovy:74)
	at com.kms.katalon.core.webui.keyword.WebUiBuiltInKeywords.verifyElementText(WebUiBuiltInKeywords.groovy:4749)
	at com.kms.katalon.core.webui.keyword.WebUiBuiltInKeywords$verifyElementText$5.call(Unknown Source)
	at Homepage Verification.run(Homepage Verification:274)
	at com.kms.katalon.core.main.ScriptEngine.run(ScriptEngine.java:194)
	at com.kms.katalon.core.main.ScriptEngine.runScriptAsRawText(ScriptEngine.java:119)
	at com.kms.katalon.core.main.TestCaseExecutor.runScript(TestCaseExecutor.java:445)
	at com.kms.katalon.core.main.TestCaseExecutor.doExecute(TestCaseExecutor.java:436)
	at com.kms.katalon.core.main.TestCaseExecutor.processExecutionPhase(TestCaseExecutor.java:415)
	at com.kms.katalon.core.main.TestCaseExecutor.accessMainPhase(TestCaseExecutor.java:407)
	at com.kms.katalon.core.main.TestCaseExecutor.execute(TestCaseExecutor.java:284)
	at com.kms.katalon.core.common.CommonExecutor.accessTestCaseMainPhase(CommonExecutor.java:65)
	at com.kms.katalon.core.main.TestSuiteExecutor.accessTestSuiteMainPhase(TestSuiteExecutor.java:144)
	at com.kms.katalon.core.main.TestSuiteExecutor.execute(TestSuiteExecutor.java:106)
	at com.kms.katalon.core.main.TestCaseMain.startTestSuite(TestCaseMain.java:185)
	at com.kms.katalon.core.main.TestCaseMain$startTestSuite$0.call(Unknown Source)
	at TempTestSuite1650304259606.run(TempTestSuite1650304259606.groovy:36)
)
[[ATTACHMENT|D:\\SmoketestSuite\\enfamilUS\\Reports\\20220418_232059\\SmokeTestCollection - Venkat\\SmokeTestSuite-Collection - UAT\\20220418_232059\\1650307008870.png]]

2022-04-19 00:06:49 - [TEST_STEP][PASSED] - verifyElementPresent(findTestObject("Object Repository/Homepage/Page_Enfamil Newborn, Infant  Toddler Nutri_2e0999/a_Shop Now_1"), 0): Object 'Object Repository/Homepage/Page_Enfamil Newborn, Infant  Toddler Nutri_2e0999/a_Shop Now_1' is present

2022-04-19 00:06:49 - [MESSAGE][WARNING] - Timeout '0' is invalid. Using default page load timeout: '5'

2022-04-19 00:06:49 - [MESSAGE][PASSED] - Object 'Object Repository/Homepage/Page_Enfamil Newborn, Infant  Toddler Nutri_2e0999/a_Shop Now_1' is present

2022-04-19 00:06:49 - [TEST_STEP][PASSED] - verifyElementClickable(findTestObject("Object Repository/Homepage/Page_Enfamil Newborn, Infant  Toddler Nutri_2e0999/a_Shop Now_1")): Object 'Object Repository/Homepage/Page_Enfamil Newborn, Infant  Toddler Nutri_2e0999/a_Shop Now_1' is clickable

2022-04-19 00:06:49 - [MESSAGE][PASSED] - Object 'Object Repository/Homepage/Page_Enfamil Newborn, Infant  Toddler Nutri_2e0999/a_Shop Now_1' is clickable

2022-04-19 00:06:49 - [TEST_STEP][PASSED] - verifyElementPresent(findTestObject("Object Repository/Homepage/Page_Enfamil Newborn, Infant  Toddler Nutri_2e0999/span_Compare"), 0): Object 'Object Repository/Homepage/Page_Enfamil Newborn, Infant  Toddler Nutri_2e0999/span_Compare' is present

2022-04-19 00:06:49 - [MESSAGE][WARNING] - Timeout '0' is invalid. Using default page load timeout: '5'

2022-04-19 00:06:50 - [MESSAGE][PASSED] - Object 'Object Repository/Homepage/Page_Enfamil Newborn, Infant  Toddler Nutri_2e0999/span_Compare' is present

2022-04-19 00:06:50 - [TEST_STEP][PASSED] - verifyElementText(findTestObject("Object Repository/Homepage/Page_Enfamil Newborn, Infant  Toddler Nutri_2e0999/span_Compare"), "Compare"): Actual text and expected text of test object 'Object Repository/Homepage/Page_Enfamil Newborn, Infant  Toddler Nutri_2e0999/span_Compare' are matched.

2022-04-19 00:06:50 - [MESSAGE][PASSED] - Actual text and expected text of test object 'Object Repository/Homepage/Page_Enfamil Newborn, Infant  Toddler Nutri_2e0999/span_Compare' are matched.

2022-04-19 00:06:50 - [TEST_STEP][PASSED] - verifyElementClickable(findTestObject("Object Repository/Homepage/Page_Enfamil Newborn, Infant  Toddler Nutri_2e0999/span_Compare")): Object 'Object Repository/Homepage/Page_Enfamil Newborn, Infant  Toddler Nutri_2e0999/span_Compare' is clickable

2022-04-19 00:06:50 - [MESSAGE][PASSED] - Object 'Object Repository/Homepage/Page_Enfamil Newborn, Infant  Toddler Nutri_2e0999/span_Compare' is clickable

2022-04-19 00:06:50 - [TEST_STEP][PASSED] - verifyElementPresent(findTestObject("Object Repository/Homepage/Page_Enfamil Newborn, Infant  Toddler Nutri_2e0999/span_For our nutrition closest to breast milk"), 0): Object 'Object Repository/Homepage/Page_Enfamil Newborn, Infant  Toddler Nutri_2e0999/span_For our nutrition closest to breast milk' is present

2022-04-19 00:06:51 - [MESSAGE][WARNING] - Timeout '0' is invalid. Using default page load timeout: '5'

2022-04-19 00:06:51 - [MESSAGE][PASSED] - Object 'Object Repository/Homepage/Page_Enfamil Newborn, Infant  Toddler Nutri_2e0999/span_For our nutrition closest to breast milk' is present

2022-04-19 00:06:51 - [TEST_STEP][PASSED] - verifyElementPresent(findTestObject("Object Repository/Homepage/Page_Enfamil Newborn, Infant  Toddler Nutri_2e0999/span_More formats  sizes available"), 0): Object 'Object Repository/Homepage/Page_Enfamil Newborn, Infant  Toddler Nutri_2e0999/span_More formats  sizes available' is present

2022-04-19 00:06:51 - [MESSAGE][WARNING] - Timeout '0' is invalid. Using default page load timeout: '5'

2022-04-19 00:06:51 - [MESSAGE][PASSED] - Object 'Object Repository/Homepage/Page_Enfamil Newborn, Infant  Toddler Nutri_2e0999/span_More formats  sizes available' is present

2022-04-19 00:06:51 - [TEST_STEP][PASSED] - verifyElementPresent(findTestObject("Object Repository/Homepage/Page_Enfamil Newborn, Infant  Toddler Nutri_2e0999/div_Enfamil Enspire Infant Formula"), 0): Object 'Object Repository/Homepage/Page_Enfamil Newborn, Infant  Toddler Nutri_2e0999/div_Enfamil Enspire Infant Formula' is present

2022-04-19 00:06:51 - [MESSAGE][WARNING] - Timeout '0' is invalid. Using default page load timeout: '5'

2022-04-19 00:06:52 - [MESSAGE][PASSED] - Object 'Object Repository/Homepage/Page_Enfamil Newborn, Infant  Toddler Nutri_2e0999/div_Enfamil Enspire Infant Formula' is present

2022-04-19 00:06:52 - [TEST_STEP][PASSED] - verifyElementPresent(findTestObject("Object Repository/Homepage/Page_Enfamil Newborn, Infant  Toddler Nutri_2e0999/a_Shop Now_1_2"), 0): Object 'Object Repository/Homepage/Page_Enfamil Newborn, Infant  Toddler Nutri_2e0999/a_Shop Now_1_2' is present

2022-04-19 00:06:52 - [MESSAGE][WARNING] - Timeout '0' is invalid. Using default page load timeout: '5'

2022-04-19 00:06:52 - [MESSAGE][PASSED] - Object 'Object Repository/Homepage/Page_Enfamil Newborn, Infant  Toddler Nutri_2e0999/a_Shop Now_1_2' is present

2022-04-19 00:06:52 - [TEST_STEP][PASSED] - verifyElementClickable(findTestObject("Object Repository/Homepage/Page_Enfamil Newborn, Infant  Toddler Nutri_2e0999/a_Shop Now_1_2")): Object 'Object Repository/Homepage/Page_Enfamil Newborn, Infant  Toddler Nutri_2e0999/a_Shop Now_1_2' is clickable

2022-04-19 00:06:52 - [MESSAGE][PASSED] - Object 'Object Repository/Homepage/Page_Enfamil Newborn, Infant  Toddler Nutri_2e0999/a_Shop Now_1_2' is clickable

2022-04-19 00:06:52 - [TEST_STEP][PASSED] - verifyElementPresent(findTestObject("Object Repository/Homepage/Page_Enfamil Newborn, Infant  Toddler Nutri_2e0999/a_Compare"), 0): Object 'Object Repository/Homepage/Page_Enfamil Newborn, Infant  Toddler Nutri_2e0999/a_Compare' is present

2022-04-19 00:06:52 - [MESSAGE][WARNING] - Timeout '0' is invalid. Using default page load timeout: '5'

2022-04-19 00:06:53 - [MESSAGE][PASSED] - Object 'Object Repository/Homepage/Page_Enfamil Newborn, Infant  Toddler Nutri_2e0999/a_Compare' is present

2022-04-19 00:06:53 - [TEST_STEP][PASSED] - verifyElementClickable(findTestObject("Object Repository/Homepage/Page_Enfamil Newborn, Infant  Toddler Nutri_2e0999/span_Compare")): Object 'Object Repository/Homepage/Page_Enfamil Newborn, Infant  Toddler Nutri_2e0999/span_Compare' is clickable

2022-04-19 00:06:53 - [MESSAGE][PASSED] - Object 'Object Repository/Homepage/Page_Enfamil Newborn, Infant  Toddler Nutri_2e0999/span_Compare' is clickable

2022-04-19 00:06:53 - [TEST_STEP][PASSED] - verifyElementPresent(findTestObject("Object Repository/Homepage/Page_Enfamil Newborn, Infant  Toddler Nutri_2e0999/div_Qualifying participants may use their S_a39733"), 0): Object 'Object Repository/Homepage/Page_Enfamil Newborn, Infant  Toddler Nutri_2e0999/div_Qualifying participants may use their S_a39733' is present

2022-04-19 00:06:53 - [MESSAGE][WARNING] - Timeout '0' is invalid. Using default page load timeout: '5'

2022-04-19 00:06:53 - [MESSAGE][PASSED] - Object 'Object Repository/Homepage/Page_Enfamil Newborn, Infant  Toddler Nutri_2e0999/div_Qualifying participants may use their S_a39733' is present

2022-04-19 00:06:53 - [TEST_STEP][PASSED] - verifyElementPresent(findTestObject("Object Repository/Homepage/Page_Enfamil Newborn, Infant  Toddler Nutri_2e0999/div_Qualifying participants may use their S_a037c3"), 0): Object 'Object Repository/Homepage/Page_Enfamil Newborn, Infant  Toddler Nutri_2e0999/div_Qualifying participants may use their S_a037c3' is present

2022-04-19 00:06:53 - [MESSAGE][WARNING] - Timeout '0' is invalid. Using default page load timeout: '5'

2022-04-19 00:06:54 - [MESSAGE][PASSED] - Object 'Object Repository/Homepage/Page_Enfamil Newborn, Infant  Toddler Nutri_2e0999/div_Qualifying participants may use their S_a037c3' is present

2022-04-19 00:06:54 - [TEST_STEP][PASSED] - verifyElementText(findTestObject("Object Repository/Homepage/Page_Enfamil Newborn, Infant  Toddler Nutri_2e0999/div_Qualifying participants may use their S_a037c3"), "Qualifying participants may use their SNAP benefits to purchase any baby formula, including Enfamil products."): Actual text and expected text of test object 'Object Repository/Homepage/Page_Enfamil Newborn, Infant  Toddler Nutri_2e0999/div_Qualifying participants may use their S_a037c3' are matched.

2022-04-19 00:06:54 - [MESSAGE][PASSED] - Actual text and expected text of test object 'Object Repository/Homepage/Page_Enfamil Newborn, Infant  Toddler Nutri_2e0999/div_Qualifying participants may use their S_a037c3' are matched.

2022-04-19 00:06:54 - [TEST_STEP][PASSED] - verifyElementPresent(findTestObject("Object Repository/Homepage/Page_Enfamil Newborn, Infant  Toddler Nutri_2e0999/a_Learn more"), 0): Object 'Object Repository/Homepage/Page_Enfamil Newborn, Infant  Toddler Nutri_2e0999/a_Learn more' is present

2022-04-19 00:06:54 - [MESSAGE][WARNING] - Timeout '0' is invalid. Using default page load timeout: '5'

2022-04-19 00:06:54 - [MESSAGE][PASSED] - Object 'Object Repository/Homepage/Page_Enfamil Newborn, Infant  Toddler Nutri_2e0999/a_Learn more' is present

2022-04-19 00:06:54 - [TEST_STEP][PASSED] - verifyElementClickable(findTestObject("Object Repository/Homepage/Page_Enfamil Newborn, Infant  Toddler Nutri_2e0999/a_Learn more")): Object 'Object Repository/Homepage/Page_Enfamil Newborn, Infant  Toddler Nutri_2e0999/a_Learn more' is clickable

2022-04-19 00:06:55 - [MESSAGE][PASSED] - Object 'Object Repository/Homepage/Page_Enfamil Newborn, Infant  Toddler Nutri_2e0999/a_Learn more' is clickable

2022-04-19 00:06:55 - [TEST_STEP][PASSED] - verifyElementText(findTestObject("Object Repository/Homepage/Page_Enfamil Newborn, Infant  Toddler Nutri_2e0999/a_Learn more"), "Learn more"): Actual text and expected text of test object 'Object Repository/Homepage/Page_Enfamil Newborn, Infant  Toddler Nutri_2e0999/a_Learn more' are matched.

2022-04-19 00:06:55 - [MESSAGE][PASSED] - Actual text and expected text of test object 'Object Repository/Homepage/Page_Enfamil Newborn, Infant  Toddler Nutri_2e0999/a_Learn more' are matched.

2022-04-19 00:06:55 - [TEST_STEP][PASSED] - verifyElementPresent(findTestObject("Object Repository/Homepage/Page_Enfamil Newborn, Infant  Toddler Nutri_2e0999/div_Enfamil Shop"), 0): Object 'Object Repository/Homepage/Page_Enfamil Newborn, Infant  Toddler Nutri_2e0999/div_Enfamil Shop' is present

2022-04-19 00:06:55 - [MESSAGE][WARNING] - Timeout '0' is invalid. Using default page load timeout: '5'

2022-04-19 00:06:56 - [MESSAGE][PASSED] - Object 'Object Repository/Homepage/Page_Enfamil Newborn, Infant  Toddler Nutri_2e0999/div_Enfamil Shop' is present

2022-04-19 00:06:56 - [TEST_STEP][PASSED] - verifyElementText(findTestObject("Object Repository/Homepage/Page_Enfamil Newborn, Infant  Toddler Nutri_2e0999/div_Enfamil Shop"), "Enfamil Shop"): Actual text and expected text of test object 'Object Repository/Homepage/Page_Enfamil Newborn, Infant  Toddler Nutri_2e0999/div_Enfamil Shop' are matched.

2022-04-19 00:06:56 - [MESSAGE][PASSED] - Actual text and expected text of test object 'Object Repository/Homepage/Page_Enfamil Newborn, Infant  Toddler Nutri_2e0999/div_Enfamil Shop' are matched.

2022-04-19 00:06:56 - [TEST_STEP][PASSED] - verifyElementPresent(findTestObject("Object Repository/Homepage/Page_Enfamil Newborn, Infant  Toddler Nutri_2e0999/div_Prices youll love. Products you trust. _99cb8b"), 0): Object 'Object Repository/Homepage/Page_Enfamil Newborn, Infant  Toddler Nutri_2e0999/div_Prices youll love. Products you trust. _99cb8b' is present

2022-04-19 00:06:56 - [MESSAGE][WARNING] - Timeout '0' is invalid. Using default page load timeout: '5'

2022-04-19 00:06:56 - [MESSAGE][PASSED] - Object 'Object Repository/Homepage/Page_Enfamil Newborn, Infant  Toddler Nutri_2e0999/div_Prices youll love. Products you trust. _99cb8b' is present

2022-04-19 00:06:56 - [TEST_STEP][PASSED] - verifyElementText(findTestObject("Object Repository/Homepage/Page_Enfamil Newborn, Infant  Toddler Nutri_2e0999/div_Prices youll love. Products you trust. _99cb8b"), "Prices you'll love. Products you trust. Convenience you need."): Actual text and expected text of test object 'Object Repository/Homepage/Page_Enfamil Newborn, Infant  Toddler Nutri_2e0999/div_Prices youll love. Products you trust. _99cb8b' are matched.

2022-04-19 00:06:57 - [MESSAGE][PASSED] - Actual text and expected text of test object 'Object Repository/Homepage/Page_Enfamil Newborn, Infant  Toddler Nutri_2e0999/div_Prices youll love. Products you trust. _99cb8b' are matched.

2022-04-19 00:06:57 - [TEST_STEP][PASSED] - verifyElementPresent(findTestObject("Object Repository/Homepage/Page_Enfamil Newborn, Infant  Toddler Nutri_2e0999/a_Shop now (1)"), 0): Object 'Object Repository/Homepage/Page_Enfamil Newborn, Infant  Toddler Nutri_2e0999/a_Shop now (1)' is present

2022-04-19 00:06:57 - [MESSAGE][WARNING] - Timeout '0' is invalid. Using default page load timeout: '5'

2022-04-19 00:06:57 - [MESSAGE][PASSED] - Object 'Object Repository/Homepage/Page_Enfamil Newborn, Infant  Toddler Nutri_2e0999/a_Shop now (1)' is present

2022-04-19 00:06:57 - [TEST_STEP][PASSED] - verifyElementText(findTestObject("Object Repository/Homepage/Page_Enfamil Newborn, Infant  Toddler Nutri_2e0999/a_Shop now (1)"), "Shop now"): Actual text and expected text of test object 'Object Repository/Homepage/Page_Enfamil Newborn, Infant  Toddler Nutri_2e0999/a_Shop now (1)' are matched.

2022-04-19 00:06:58 - [MESSAGE][PASSED] - Actual text and expected text of test object 'Object Repository/Homepage/Page_Enfamil Newborn, Infant  Toddler Nutri_2e0999/a_Shop now (1)' are matched.

2022-04-19 00:06:58 - [TEST_STEP][PASSED] - verifyElementClickable(findTestObject("Object Repository/Homepage/Page_Enfamil Newborn, Infant  Toddler Nutri_2e0999/a_Shop now (1)")): Object 'Object Repository/Homepage/Page_Enfamil Newborn, Infant  Toddler Nutri_2e0999/a_Shop now (1)' is clickable

2022-04-19 00:06:58 - [MESSAGE][PASSED] - Object 'Object Repository/Homepage/Page_Enfamil Newborn, Infant  Toddler Nutri_2e0999/a_Shop now (1)' is clickable

2022-04-19 00:06:58 - [TEST_STEP][PASSED] - verifyElementPresent(findTestObject("Object Repository/Homepage/Page_Enfamil Newborn, Infant  Toddler Nutri_2e0999/div_You get peace of mind when you shop wit_e5f44b"), 0): Object 'Object Repository/Homepage/Page_Enfamil Newborn, Infant  Toddler Nutri_2e0999/div_You get peace of mind when you shop wit_e5f44b' is present

2022-04-19 00:06:58 - [MESSAGE][WARNING] - Timeout '0' is invalid. Using default page load timeout: '5'

2022-04-19 00:06:58 - [MESSAGE][PASSED] - Object 'Object Repository/Homepage/Page_Enfamil Newborn, Infant  Toddler Nutri_2e0999/div_You get peace of mind when you shop wit_e5f44b' is present

2022-04-19 00:06:58 - [TEST_STEP][PASSED] - verifyElementPresent(findTestObject("Object Repository/Homepage/Page_Enfamil Newborn, Infant  Toddler Nutri_2e0999/h2_You get peace of mind when you shop with us"), 0): Object 'Object Repository/Homepage/Page_Enfamil Newborn, Infant  Toddler Nutri_2e0999/h2_You get peace of mind when you shop with us' is present

2022-04-19 00:06:58 - [MESSAGE][WARNING] - Timeout '0' is invalid. Using default page load timeout: '5'

2022-04-19 00:06:59 - [MESSAGE][PASSED] - Object 'Object Repository/Homepage/Page_Enfamil Newborn, Infant  Toddler Nutri_2e0999/h2_You get peace of mind when you shop with us' is present

2022-04-19 00:06:59 - [TEST_STEP][PASSED] - verifyElementText(findTestObject("Object Repository/Homepage/Page_Enfamil Newborn, Infant  Toddler Nutri_2e0999/h2_You get peace of mind when you shop with us"), "You get peace of mind when you shop with us."): Actual text and expected text of test object 'Object Repository/Homepage/Page_Enfamil Newborn, Infant  Toddler Nutri_2e0999/h2_You get peace of mind when you shop with us' are matched.

2022-04-19 00:06:59 - [MESSAGE][PASSED] - Actual text and expected text of test object 'Object Repository/Homepage/Page_Enfamil Newborn, Infant  Toddler Nutri_2e0999/h2_You get peace of mind when you shop with us' are matched.

2022-04-19 00:06:59 - [TEST_STEP][FAILED] - scrollToElement(findTestObject("Object Repository/Homepage/Page_Enfamil Newborn, Infant  Toddler Nutri_2e0999/p_LOWEST PRICE GUARANTEE"), 0): Unable to scroll to object 'Object Repository/Homepage/Page_Enfamil Newborn, Infant  Toddler Nutri_2e0999/p_LOWEST PRICE GUARANTEE' (Root cause: com.kms.katalon.core.exception.StepFailedException: Unable to scroll to object 'Object Repository/Homepage/Page_Enfamil Newborn, Infant  Toddler Nutri_2e0999/p_LOWEST PRICE GUARANTEE'
	at com.kms.katalon.core.webui.keyword.internal.WebUIKeywordMain.stepFailed(WebUIKeywordMain.groovy:64)
	at com.kms.katalon.core.webui.keyword.internal.WebUIKeywordMain.runKeyword(WebUIKeywordMain.groovy:26)
	at com.kms.katalon.core.webui.keyword.builtin.ScrollToElementKeyword.scrollToElement(ScrollToElementKeyword.groovy:88)
	at com.kms.katalon.core.webui.keyword.builtin.ScrollToElementKeyword.execute(ScrollToElementKeyword.groovy:68)
	at com.kms.katalon.core.keyword.internal.KeywordExecutor.executeKeywordForPlatform(KeywordExecutor.groovy:74)
	at com.kms.katalon.core.webui.keyword.WebUiBuiltInKeywords.scrollToElement(WebUiBuiltInKeywords.groovy:4061)
	at com.kms.katalon.core.webui.keyword.WebUiBuiltInKeywords$scrollToElement$3.call(Unknown Source)
	at Homepage Verification.run(Homepage Verification:355)
	at com.kms.katalon.core.main.ScriptEngine.run(ScriptEngine.java:194)
	at com.kms.katalon.core.main.ScriptEngine.runScriptAsRawText(ScriptEngine.java:119)
	at com.kms.katalon.core.main.TestCaseExecutor.runScript(TestCaseExecutor.java:445)
	at com.kms.katalon.core.main.TestCaseExecutor.doExecute(TestCaseExecutor.java:436)
	at com.kms.katalon.core.main.TestCaseExecutor.processExecutionPhase(TestCaseExecutor.java:415)
	at com.kms.katalon.core.main.TestCaseExecutor.accessMainPhase(TestCaseExecutor.java:407)
	at com.kms.katalon.core.main.TestCaseExecutor.execute(TestCaseExecutor.java:284)
	at com.kms.katalon.core.common.CommonExecutor.accessTestCaseMainPhase(CommonExecutor.java:65)
	at com.kms.katalon.core.main.TestSuiteExecutor.accessTestSuiteMainPhase(TestSuiteExecutor.java:144)
	at com.kms.katalon.core.main.TestSuiteExecutor.execute(TestSuiteExecutor.java:106)
	at com.kms.katalon.core.main.TestCaseMain.startTestSuite(TestCaseMain.java:185)
	at com.kms.katalon.core.main.TestCaseMain$startTestSuite$0.call(Unknown Source)
	at TempTestSuite1650304259606.run(TempTestSuite1650304259606.groovy:36)
Caused by: com.kms.katalon.core.webui.exception.WebElementNotFoundException: Web element with id: 'Object Repository/Homepage/Page_Enfamil Newborn, Infant  Toddler Nutri_2e0999/p_LOWEST PRICE GUARANTEE' located by '//*[(text() = 'LOW PRICE GUARANTEE' or . = 'LOW PRICE GUARANTEE')]' not found
	at com.kms.katalon.core.webui.common.WebUiCommonHelper.findWebElement(WebUiCommonHelper.java:1370)
	at com.kms.katalon.core.webui.keyword.internal.WebUIAbstractKeyword.findWebElement(WebUIAbstractKeyword.groovy:27)
	at com.kms.katalon.core.webui.keyword.internal.WebUIAbstractKeyword.findWebElement(WebUIAbstractKeyword.groovy:26)
	at com.kms.katalon.core.webui.keyword.builtin.ScrollToElementKeyword$_scrollToElement_closure1.doCall(ScrollToElementKeyword.groovy:79)
	at com.kms.katalon.core.webui.keyword.builtin.ScrollToElementKeyword$_scrollToElement_closure1.call(ScrollToElementKeyword.groovy)
	at com.kms.katalon.core.webui.keyword.internal.WebUIKeywordMain.runKeyword(WebUIKeywordMain.groovy:20)
	at com.kms.katalon.core.webui.keyword.builtin.ScrollToElementKeyword.scrollToElement(ScrollToElementKeyword.groovy:88)
	at com.kms.katalon.core.webui.keyword.builtin.ScrollToElementKeyword.execute(ScrollToElementKeyword.groovy:68)
	at com.kms.katalon.core.keyword.internal.KeywordExecutor.executeKeywordForPlatform(KeywordExecutor.groovy:74)
	at com.kms.katalon.core.webui.keyword.WebUiBuiltInKeywords.scrollToElement(WebUiBuiltInKeywords.groovy:4061)
	at com.kms.katalon.core.webui.keyword.WebUiBuiltInKeywords$scrollToElement$3.call(Unknown Source)
	at Script1649317848758.run(Script1649317848758.groovy:355)
	... 13 more
)

2022-04-19 00:06:59 - [MESSAGE][WARNING] - Timeout '0' is invalid. Using default page load timeout: '5'

2022-04-19 00:07:05 - [MESSAGE][INFO] - Unable to find the element located by 'By.xpath: //*[(text() = 'LOW PRICE GUARANTEE' or . = 'LOW PRICE GUARANTEE')]'. Please recheck the objects properties to make sure the desired element is located. 

2022-04-19 00:07:06 - [MESSAGE][FAILED] - Unable to scroll to object 'Object Repository/Homepage/Page_Enfamil Newborn, Infant  Toddler Nutri_2e0999/p_LOWEST PRICE GUARANTEE' (Root cause: com.kms.katalon.core.exception.StepFailedException: Unable to scroll to object 'Object Repository/Homepage/Page_Enfamil Newborn, Infant  Toddler Nutri_2e0999/p_LOWEST PRICE GUARANTEE'
	at com.kms.katalon.core.webui.keyword.internal.WebUIKeywordMain.stepFailed(WebUIKeywordMain.groovy:64)
	at com.kms.katalon.core.webui.keyword.internal.WebUIKeywordMain.runKeyword(WebUIKeywordMain.groovy:26)
	at com.kms.katalon.core.webui.keyword.builtin.ScrollToElementKeyword.scrollToElement(ScrollToElementKeyword.groovy:88)
	at com.kms.katalon.core.webui.keyword.builtin.ScrollToElementKeyword.execute(ScrollToElementKeyword.groovy:68)
	at com.kms.katalon.core.keyword.internal.KeywordExecutor.executeKeywordForPlatform(KeywordExecutor.groovy:74)
	at com.kms.katalon.core.webui.keyword.WebUiBuiltInKeywords.scrollToElement(WebUiBuiltInKeywords.groovy:4061)
	at com.kms.katalon.core.webui.keyword.WebUiBuiltInKeywords$scrollToElement$3.call(Unknown Source)
	at Homepage Verification.run(Homepage Verification:355)
	at com.kms.katalon.core.main.ScriptEngine.run(ScriptEngine.java:194)
	at com.kms.katalon.core.main.ScriptEngine.runScriptAsRawText(ScriptEngine.java:119)
	at com.kms.katalon.core.main.TestCaseExecutor.runScript(TestCaseExecutor.java:445)
	at com.kms.katalon.core.main.TestCaseExecutor.doExecute(TestCaseExecutor.java:436)
	at com.kms.katalon.core.main.TestCaseExecutor.processExecutionPhase(TestCaseExecutor.java:415)
	at com.kms.katalon.core.main.TestCaseExecutor.accessMainPhase(TestCaseExecutor.java:407)
	at com.kms.katalon.core.main.TestCaseExecutor.execute(TestCaseExecutor.java:284)
	at com.kms.katalon.core.common.CommonExecutor.accessTestCaseMainPhase(CommonExecutor.java:65)
	at com.kms.katalon.core.main.TestSuiteExecutor.accessTestSuiteMainPhase(TestSuiteExecutor.java:144)
	at com.kms.katalon.core.main.TestSuiteExecutor.execute(TestSuiteExecutor.java:106)
	at com.kms.katalon.core.main.TestCaseMain.startTestSuite(TestCaseMain.java:185)
	at com.kms.katalon.core.main.TestCaseMain$startTestSuite$0.call(Unknown Source)
	at TempTestSuite1650304259606.run(TempTestSuite1650304259606.groovy:36)
Caused by: com.kms.katalon.core.webui.exception.WebElementNotFoundException: Web element with id: 'Object Repository/Homepage/Page_Enfamil Newborn, Infant  Toddler Nutri_2e0999/p_LOWEST PRICE GUARANTEE' located by '//*[(text() = 'LOW PRICE GUARANTEE' or . = 'LOW PRICE GUARANTEE')]' not found
	at com.kms.katalon.core.webui.common.WebUiCommonHelper.findWebElement(WebUiCommonHelper.java:1370)
	at com.kms.katalon.core.webui.keyword.internal.WebUIAbstractKeyword.findWebElement(WebUIAbstractKeyword.groovy:27)
	at com.kms.katalon.core.webui.keyword.internal.WebUIAbstractKeyword.findWebElement(WebUIAbstractKeyword.groovy:26)
	at com.kms.katalon.core.webui.keyword.builtin.ScrollToElementKeyword$_scrollToElement_closure1.doCall(ScrollToElementKeyword.groovy:79)
	at com.kms.katalon.core.webui.keyword.builtin.ScrollToElementKeyword$_scrollToElement_closure1.call(ScrollToElementKeyword.groovy)
	at com.kms.katalon.core.webui.keyword.internal.WebUIKeywordMain.runKeyword(WebUIKeywordMain.groovy:20)
	at com.kms.katalon.core.webui.keyword.builtin.ScrollToElementKeyword.scrollToElement(ScrollToElementKeyword.groovy:88)
	at com.kms.katalon.core.webui.keyword.builtin.ScrollToElementKeyword.execute(ScrollToElementKeyword.groovy:68)
	at com.kms.katalon.core.keyword.internal.KeywordExecutor.executeKeywordForPlatform(KeywordExecutor.groovy:74)
	at com.kms.katalon.core.webui.keyword.WebUiBuiltInKeywords.scrollToElement(WebUiBuiltInKeywords.groovy:4061)
	at com.kms.katalon.core.webui.keyword.WebUiBuiltInKeywords$scrollToElement$3.call(Unknown Source)
	at Script1649317848758.run(Script1649317848758.groovy:355)
	... 13 more
)
[[ATTACHMENT|D:\\SmoketestSuite\\enfamilUS\\Reports\\20220418_232059\\SmokeTestCollection - Venkat\\SmokeTestSuite-Collection - UAT\\20220418_232059\\1650307025899.png]]

2022-04-19 00:07:06 - [TEST_STEP][FAILED] - verifyElementPresent(findTestObject("Object Repository/Homepage/Page_Enfamil Newborn, Infant  Toddler Nutri_2e0999/p_LOWEST PRICE GUARANTEE"), 0): com.kms.katalon.core.webui.exception.WebElementNotFoundException: Web element with id: 'Object Repository/Homepage/Page_Enfamil Newborn, Infant  Toddler Nutri_2e0999/p_LOWEST PRICE GUARANTEE' located by '//*[(text() = 'LOW PRICE GUARANTEE' or . = 'LOW PRICE GUARANTEE')]' not found (Root cause: com.kms.katalon.core.exception.StepFailedException: com.kms.katalon.core.webui.exception.WebElementNotFoundException: Web element with id: 'Object Repository/Homepage/Page_Enfamil Newborn, Infant  Toddler Nutri_2e0999/p_LOWEST PRICE GUARANTEE' located by '//*[(text() = 'LOW PRICE GUARANTEE' or . = 'LOW PRICE GUARANTEE')]' not found
	at com.kms.katalon.core.webui.keyword.internal.WebUIKeywordMain.stepFailed(WebUIKeywordMain.groovy:64)
	at com.kms.katalon.core.webui.keyword.builtin.VerifyElementPresentKeyword$_verifyElementPresent_closure1.doCall(VerifyElementPresentKeyword.groovy:85)
	at com.kms.katalon.core.webui.keyword.builtin.VerifyElementPresentKeyword$_verifyElementPresent_closure1.call(VerifyElementPresentKeyword.groovy)
	at com.kms.katalon.core.webui.keyword.internal.WebUIKeywordMain.runKeyword(WebUIKeywordMain.groovy:20)
	at com.kms.katalon.core.webui.keyword.builtin.VerifyElementPresentKeyword.verifyElementPresent(VerifyElementPresentKeyword.groovy:92)
	at com.kms.katalon.core.webui.keyword.builtin.VerifyElementPresentKeyword.execute(VerifyElementPresentKeyword.groovy:68)
	at com.kms.katalon.core.keyword.internal.KeywordExecutor.executeKeywordForPlatform(KeywordExecutor.groovy:74)
	at com.kms.katalon.core.webui.keyword.WebUiBuiltInKeywords.verifyElementPresent(WebUiBuiltInKeywords.groovy:1464)
	at com.kms.katalon.core.webui.keyword.WebUiBuiltInKeywords$verifyElementPresent$4.call(Unknown Source)
	at Homepage Verification.run(Homepage Verification:358)
	at com.kms.katalon.core.main.ScriptEngine.run(ScriptEngine.java:194)
	at com.kms.katalon.core.main.ScriptEngine.runScriptAsRawText(ScriptEngine.java:119)
	at com.kms.katalon.core.main.TestCaseExecutor.runScript(TestCaseExecutor.java:445)
	at com.kms.katalon.core.main.TestCaseExecutor.doExecute(TestCaseExecutor.java:436)
	at com.kms.katalon.core.main.TestCaseExecutor.processExecutionPhase(TestCaseExecutor.java:415)
	at com.kms.katalon.core.main.TestCaseExecutor.accessMainPhase(TestCaseExecutor.java:407)
	at com.kms.katalon.core.main.TestCaseExecutor.execute(TestCaseExecutor.java:284)
	at com.kms.katalon.core.common.CommonExecutor.accessTestCaseMainPhase(CommonExecutor.java:65)
	at com.kms.katalon.core.main.TestSuiteExecutor.accessTestSuiteMainPhase(TestSuiteExecutor.java:144)
	at com.kms.katalon.core.main.TestSuiteExecutor.execute(TestSuiteExecutor.java:106)
	at com.kms.katalon.core.main.TestCaseMain.startTestSuite(TestCaseMain.java:185)
	at com.kms.katalon.core.main.TestCaseMain$startTestSuite$0.call(Unknown Source)
	at TempTestSuite1650304259606.run(TempTestSuite1650304259606.groovy:36)
)

2022-04-19 00:07:06 - [MESSAGE][WARNING] - Timeout '0' is invalid. Using default page load timeout: '5'

2022-04-19 00:07:12 - [MESSAGE][INFO] - Unable to find the element located by 'By.xpath: //*[(text() = 'LOW PRICE GUARANTEE' or . = 'LOW PRICE GUARANTEE')]'. Please recheck the objects properties to make sure the desired element is located. 

2022-04-19 00:07:12 - [MESSAGE][FAILED] - com.kms.katalon.core.webui.exception.WebElementNotFoundException: Web element with id: 'Object Repository/Homepage/Page_Enfamil Newborn, Infant  Toddler Nutri_2e0999/p_LOWEST PRICE GUARANTEE' located by '//*[(text() = 'LOW PRICE GUARANTEE' or . = 'LOW PRICE GUARANTEE')]' not found (Root cause: com.kms.katalon.core.exception.StepFailedException: com.kms.katalon.core.webui.exception.WebElementNotFoundException: Web element with id: 'Object Repository/Homepage/Page_Enfamil Newborn, Infant  Toddler Nutri_2e0999/p_LOWEST PRICE GUARANTEE' located by '//*[(text() = 'LOW PRICE GUARANTEE' or . = 'LOW PRICE GUARANTEE')]' not found
	at com.kms.katalon.core.webui.keyword.internal.WebUIKeywordMain.stepFailed(WebUIKeywordMain.groovy:64)
	at com.kms.katalon.core.webui.keyword.builtin.VerifyElementPresentKeyword$_verifyElementPresent_closure1.doCall(VerifyElementPresentKeyword.groovy:85)
	at com.kms.katalon.core.webui.keyword.builtin.VerifyElementPresentKeyword$_verifyElementPresent_closure1.call(VerifyElementPresentKeyword.groovy)
	at com.kms.katalon.core.webui.keyword.internal.WebUIKeywordMain.runKeyword(WebUIKeywordMain.groovy:20)
	at com.kms.katalon.core.webui.keyword.builtin.VerifyElementPresentKeyword.verifyElementPresent(VerifyElementPresentKeyword.groovy:92)
	at com.kms.katalon.core.webui.keyword.builtin.VerifyElementPresentKeyword.execute(VerifyElementPresentKeyword.groovy:68)
	at com.kms.katalon.core.keyword.internal.KeywordExecutor.executeKeywordForPlatform(KeywordExecutor.groovy:74)
	at com.kms.katalon.core.webui.keyword.WebUiBuiltInKeywords.verifyElementPresent(WebUiBuiltInKeywords.groovy:1464)
	at com.kms.katalon.core.webui.keyword.WebUiBuiltInKeywords$verifyElementPresent$4.call(Unknown Source)
	at Homepage Verification.run(Homepage Verification:358)
	at com.kms.katalon.core.main.ScriptEngine.run(ScriptEngine.java:194)
	at com.kms.katalon.core.main.ScriptEngine.runScriptAsRawText(ScriptEngine.java:119)
	at com.kms.katalon.core.main.TestCaseExecutor.runScript(TestCaseExecutor.java:445)
	at com.kms.katalon.core.main.TestCaseExecutor.doExecute(TestCaseExecutor.java:436)
	at com.kms.katalon.core.main.TestCaseExecutor.processExecutionPhase(TestCaseExecutor.java:415)
	at com.kms.katalon.core.main.TestCaseExecutor.accessMainPhase(TestCaseExecutor.java:407)
	at com.kms.katalon.core.main.TestCaseExecutor.execute(TestCaseExecutor.java:284)
	at com.kms.katalon.core.common.CommonExecutor.accessTestCaseMainPhase(CommonExecutor.java:65)
	at com.kms.katalon.core.main.TestSuiteExecutor.accessTestSuiteMainPhase(TestSuiteExecutor.java:144)
	at com.kms.katalon.core.main.TestSuiteExecutor.execute(TestSuiteExecutor.java:106)
	at com.kms.katalon.core.main.TestCaseMain.startTestSuite(TestCaseMain.java:185)
	at com.kms.katalon.core.main.TestCaseMain$startTestSuite$0.call(Unknown Source)
	at TempTestSuite1650304259606.run(TempTestSuite1650304259606.groovy:36)
)
[[ATTACHMENT|D:\\SmoketestSuite\\enfamilUS\\Reports\\20220418_232059\\SmokeTestCollection - Venkat\\SmokeTestSuite-Collection - UAT\\20220418_232059\\1650307032228.png]]

2022-04-19 00:07:12 - [TEST_STEP][FAILED] - verifyElementText(findTestObject("Object Repository/Homepage/Page_Enfamil Newborn, Infant  Toddler Nutri_2e0999/p_LOWEST PRICE GUARANTEE"), "LOW PRICE GUARANTEE"): com.kms.katalon.core.webui.exception.WebElementNotFoundException: Web element with id: 'Object Repository/Homepage/Page_Enfamil Newborn, Infant  Toddler Nutri_2e0999/p_LOWEST PRICE GUARANTEE' located by '//*[(text() = 'LOW PRICE GUARANTEE' or . = 'LOW PRICE GUARANTEE')]' not found (Root cause: com.kms.katalon.core.exception.StepFailedException: com.kms.katalon.core.webui.exception.WebElementNotFoundException: Web element with id: 'Object Repository/Homepage/Page_Enfamil Newborn, Infant  Toddler Nutri_2e0999/p_LOWEST PRICE GUARANTEE' located by '//*[(text() = 'LOW PRICE GUARANTEE' or . = 'LOW PRICE GUARANTEE')]' not found
	at com.kms.katalon.core.webui.keyword.internal.WebUIKeywordMain.stepFailed(WebUIKeywordMain.groovy:64)
	at com.kms.katalon.core.webui.keyword.builtin.VerifyElementTextKeyword$_verifyElementText_closure1.doCall(VerifyElementTextKeyword.groovy:64)
	at com.kms.katalon.core.webui.keyword.builtin.VerifyElementTextKeyword$_verifyElementText_closure1.call(VerifyElementTextKeyword.groovy)
	at com.kms.katalon.core.webui.keyword.internal.WebUIKeywordMain.runKeyword(WebUIKeywordMain.groovy:20)
	at com.kms.katalon.core.webui.keyword.builtin.VerifyElementTextKeyword.verifyElementText(VerifyElementTextKeyword.groovy:72)
	at com.kms.katalon.core.webui.keyword.builtin.VerifyElementTextKeyword.execute(VerifyElementTextKeyword.groovy:40)
	at com.kms.katalon.core.keyword.internal.KeywordExecutor.executeKeywordForPlatform(KeywordExecutor.groovy:74)
	at com.kms.katalon.core.webui.keyword.WebUiBuiltInKeywords.verifyElementText(WebUiBuiltInKeywords.groovy:4749)
	at com.kms.katalon.core.webui.keyword.WebUiBuiltInKeywords$verifyElementText$5.call(Unknown Source)
	at Homepage Verification.run(Homepage Verification:361)
	at com.kms.katalon.core.main.ScriptEngine.run(ScriptEngine.java:194)
	at com.kms.katalon.core.main.ScriptEngine.runScriptAsRawText(ScriptEngine.java:119)
	at com.kms.katalon.core.main.TestCaseExecutor.runScript(TestCaseExecutor.java:445)
	at com.kms.katalon.core.main.TestCaseExecutor.doExecute(TestCaseExecutor.java:436)
	at com.kms.katalon.core.main.TestCaseExecutor.processExecutionPhase(TestCaseExecutor.java:415)
	at com.kms.katalon.core.main.TestCaseExecutor.accessMainPhase(TestCaseExecutor.java:407)
	at com.kms.katalon.core.main.TestCaseExecutor.execute(TestCaseExecutor.java:284)
	at com.kms.katalon.core.common.CommonExecutor.accessTestCaseMainPhase(CommonExecutor.java:65)
	at com.kms.katalon.core.main.TestSuiteExecutor.accessTestSuiteMainPhase(TestSuiteExecutor.java:144)
	at com.kms.katalon.core.main.TestSuiteExecutor.execute(TestSuiteExecutor.java:106)
	at com.kms.katalon.core.main.TestCaseMain.startTestSuite(TestCaseMain.java:185)
	at com.kms.katalon.core.main.TestCaseMain$startTestSuite$0.call(Unknown Source)
	at TempTestSuite1650304259606.run(TempTestSuite1650304259606.groovy:36)
)

2022-04-19 00:07:18 - [MESSAGE][INFO] - Unable to find the element located by 'By.xpath: //*[(text() = 'LOW PRICE GUARANTEE' or . = 'LOW PRICE GUARANTEE')]'. Please recheck the objects properties to make sure the desired element is located. 

2022-04-19 00:07:18 - [MESSAGE][FAILED] - com.kms.katalon.core.webui.exception.WebElementNotFoundException: Web element with id: 'Object Repository/Homepage/Page_Enfamil Newborn, Infant  Toddler Nutri_2e0999/p_LOWEST PRICE GUARANTEE' located by '//*[(text() = 'LOW PRICE GUARANTEE' or . = 'LOW PRICE GUARANTEE')]' not found (Root cause: com.kms.katalon.core.exception.StepFailedException: com.kms.katalon.core.webui.exception.WebElementNotFoundException: Web element with id: 'Object Repository/Homepage/Page_Enfamil Newborn, Infant  Toddler Nutri_2e0999/p_LOWEST PRICE GUARANTEE' located by '//*[(text() = 'LOW PRICE GUARANTEE' or . = 'LOW PRICE GUARANTEE')]' not found
	at com.kms.katalon.core.webui.keyword.internal.WebUIKeywordMain.stepFailed(WebUIKeywordMain.groovy:64)
	at com.kms.katalon.core.webui.keyword.builtin.VerifyElementTextKeyword$_verifyElementText_closure1.doCall(VerifyElementTextKeyword.groovy:64)
	at com.kms.katalon.core.webui.keyword.builtin.VerifyElementTextKeyword$_verifyElementText_closure1.call(VerifyElementTextKeyword.groovy)
	at com.kms.katalon.core.webui.keyword.internal.WebUIKeywordMain.runKeyword(WebUIKeywordMain.groovy:20)
	at com.kms.katalon.core.webui.keyword.builtin.VerifyElementTextKeyword.verifyElementText(VerifyElementTextKeyword.groovy:72)
	at com.kms.katalon.core.webui.keyword.builtin.VerifyElementTextKeyword.execute(VerifyElementTextKeyword.groovy:40)
	at com.kms.katalon.core.keyword.internal.KeywordExecutor.executeKeywordForPlatform(KeywordExecutor.groovy:74)
	at com.kms.katalon.core.webui.keyword.WebUiBuiltInKeywords.verifyElementText(WebUiBuiltInKeywords.groovy:4749)
	at com.kms.katalon.core.webui.keyword.WebUiBuiltInKeywords$verifyElementText$5.call(Unknown Source)
	at Homepage Verification.run(Homepage Verification:361)
	at com.kms.katalon.core.main.ScriptEngine.run(ScriptEngine.java:194)
	at com.kms.katalon.core.main.ScriptEngine.runScriptAsRawText(ScriptEngine.java:119)
	at com.kms.katalon.core.main.TestCaseExecutor.runScript(TestCaseExecutor.java:445)
	at com.kms.katalon.core.main.TestCaseExecutor.doExecute(TestCaseExecutor.java:436)
	at com.kms.katalon.core.main.TestCaseExecutor.processExecutionPhase(TestCaseExecutor.java:415)
	at com.kms.katalon.core.main.TestCaseExecutor.accessMainPhase(TestCaseExecutor.java:407)
	at com.kms.katalon.core.main.TestCaseExecutor.execute(TestCaseExecutor.java:284)
	at com.kms.katalon.core.common.CommonExecutor.accessTestCaseMainPhase(CommonExecutor.java:65)
	at com.kms.katalon.core.main.TestSuiteExecutor.accessTestSuiteMainPhase(TestSuiteExecutor.java:144)
	at com.kms.katalon.core.main.TestSuiteExecutor.execute(TestSuiteExecutor.java:106)
	at com.kms.katalon.core.main.TestCaseMain.startTestSuite(TestCaseMain.java:185)
	at com.kms.katalon.core.main.TestCaseMain$startTestSuite$0.call(Unknown Source)
	at TempTestSuite1650304259606.run(TempTestSuite1650304259606.groovy:36)
)
[[ATTACHMENT|D:\\SmoketestSuite\\enfamilUS\\Reports\\20220418_232059\\SmokeTestCollection - Venkat\\SmokeTestSuite-Collection - UAT\\20220418_232059\\1650307038604.png]]

2022-04-19 00:07:18 - [TEST_STEP][PASSED] - verifyElementPresent(findTestObject("Object Repository/Homepage/Page_Enfamil Newborn, Infant  Toddler Nutri_2e0999/p_HAPPINESS GUARANTEE"), 0): Object 'Object Repository/Homepage/Page_Enfamil Newborn, Infant  Toddler Nutri_2e0999/p_HAPPINESS GUARANTEE' is present

2022-04-19 00:07:18 - [MESSAGE][WARNING] - Timeout '0' is invalid. Using default page load timeout: '5'

2022-04-19 00:07:19 - [MESSAGE][PASSED] - Object 'Object Repository/Homepage/Page_Enfamil Newborn, Infant  Toddler Nutri_2e0999/p_HAPPINESS GUARANTEE' is present

2022-04-19 00:07:19 - [TEST_STEP][PASSED] - verifyElementText(findTestObject("Object Repository/Homepage/Page_Enfamil Newborn, Infant  Toddler Nutri_2e0999/p_HAPPINESS GUARANTEE"), "HAPPINESS GUARANTEE"): Actual text and expected text of test object 'Object Repository/Homepage/Page_Enfamil Newborn, Infant  Toddler Nutri_2e0999/p_HAPPINESS GUARANTEE' are matched.

2022-04-19 00:07:19 - [MESSAGE][PASSED] - Actual text and expected text of test object 'Object Repository/Homepage/Page_Enfamil Newborn, Infant  Toddler Nutri_2e0999/p_HAPPINESS GUARANTEE' are matched.

2022-04-19 00:07:19 - [TEST_STEP][PASSED] - verifyElementText(findTestObject("Object Repository/Homepage/Page_Enfamil Newborn, Infant  Toddler Nutri_2e0999/p_HAPPINESS GUARANTEE"), "HAPPINESS GUARANTEE"): Actual text and expected text of test object 'Object Repository/Homepage/Page_Enfamil Newborn, Infant  Toddler Nutri_2e0999/p_HAPPINESS GUARANTEE' are matched.

2022-04-19 00:07:19 - [MESSAGE][PASSED] - Actual text and expected text of test object 'Object Repository/Homepage/Page_Enfamil Newborn, Infant  Toddler Nutri_2e0999/p_HAPPINESS GUARANTEE' are matched.

2022-04-19 00:07:19 - [TEST_STEP][PASSED] - verifyElementPresent(findTestObject("Object Repository/Homepage/Page_Enfamil Newborn, Infant  Toddler Nutri_2e0999/p_AUTHENTICITY GUARANTEE"), 0): Object 'Object Repository/Homepage/Page_Enfamil Newborn, Infant  Toddler Nutri_2e0999/p_AUTHENTICITY GUARANTEE' is present

2022-04-19 00:07:20 - [MESSAGE][WARNING] - Timeout '0' is invalid. Using default page load timeout: '5'

2022-04-19 00:07:20 - [MESSAGE][PASSED] - Object 'Object Repository/Homepage/Page_Enfamil Newborn, Infant  Toddler Nutri_2e0999/p_AUTHENTICITY GUARANTEE' is present

2022-04-19 00:07:20 - [TEST_STEP][PASSED] - verifyElementText(findTestObject("Object Repository/Homepage/Page_Enfamil Newborn, Infant  Toddler Nutri_2e0999/p_AUTHENTICITY GUARANTEE"), "AUTHENTICITY GUARANTEE"): Actual text and expected text of test object 'Object Repository/Homepage/Page_Enfamil Newborn, Infant  Toddler Nutri_2e0999/p_AUTHENTICITY GUARANTEE' are matched.

2022-04-19 00:07:20 - [MESSAGE][PASSED] - Actual text and expected text of test object 'Object Repository/Homepage/Page_Enfamil Newborn, Infant  Toddler Nutri_2e0999/p_AUTHENTICITY GUARANTEE' are matched.

2022-04-19 00:07:20 - [TEST_STEP][PASSED] - closeBrowser(CONTINUE_ON_FAILURE): Browser is closed

2022-04-19 00:07:21 - [MESSAGE][PASSED] - Browser is closed]]></system-out>
         <system-err><![CDATA[2022-04-19 00:05:53 - [TEST_CASE][FAILED] - Test Cases/Venkat/Homepage/Homepage Verification: Test Cases/Venkat/Homepage/Homepage Verification FAILED.
Reason:
com.kms.katalon.core.exception.StepFailedException: Actual text 'Explore the full range of Enfamil products.' and expected text 'Explore the full range of Enfamil products' of test object 'Object Repository/Homepage/Page_Enfamil Newborn, Infant  Toddler Nutri_2e0999/h2_Explore the full range of Enfamil products' are NOT matched. (Root cause: com.kms.katalon.core.exception.StepFailedException: Actual text 'Explore the full range of Enfamil products.' and expected text 'Explore the full range of Enfamil products' of test object 'Object Repository/Homepage/Page_Enfamil Newborn, Infant  Toddler Nutri_2e0999/h2_Explore the full range of Enfamil products' are NOT matched.
	at com.kms.katalon.core.webui.keyword.internal.WebUIKeywordMain.stepFailed(WebUIKeywordMain.groovy:64)
	at com.kms.katalon.core.webui.keyword.builtin.VerifyElementTextKeyword$_verifyElementText_closure1.doCall(VerifyElementTextKeyword.groovy:57)
	at com.kms.katalon.core.webui.keyword.builtin.VerifyElementTextKeyword$_verifyElementText_closure1.call(VerifyElementTextKeyword.groovy)
	at com.kms.katalon.core.webui.keyword.internal.WebUIKeywordMain.runKeyword(WebUIKeywordMain.groovy:20)
	at com.kms.katalon.core.webui.keyword.builtin.VerifyElementTextKeyword.verifyElementText(VerifyElementTextKeyword.groovy:72)
	at com.kms.katalon.core.webui.keyword.builtin.VerifyElementTextKeyword.execute(VerifyElementTextKeyword.groovy:40)
	at com.kms.katalon.core.keyword.internal.KeywordExecutor.executeKeywordForPlatform(KeywordExecutor.groovy:74)
	at com.kms.katalon.core.webui.keyword.WebUiBuiltInKeywords.verifyElementText(WebUiBuiltInKeywords.groovy:4749)
	at com.kms.katalon.core.webui.keyword.WebUiBuiltInKeywords$verifyElementText$5.call(Unknown Source)
	at Homepage Verification.run(Homepage Verification:191)
	at com.kms.katalon.core.main.ScriptEngine.run(ScriptEngine.java:194)
	at com.kms.katalon.core.main.ScriptEngine.runScriptAsRawText(ScriptEngine.java:119)
	at com.kms.katalon.core.main.TestCaseExecutor.runScript(TestCaseExecutor.java:445)
	at com.kms.katalon.core.main.TestCaseExecutor.doExecute(TestCaseExecutor.java:436)
	at com.kms.katalon.core.main.TestCaseExecutor.processExecutionPhase(TestCaseExecutor.java:415)
	at com.kms.katalon.core.main.TestCaseExecutor.accessMainPhase(TestCaseExecutor.java:407)
	at com.kms.katalon.core.main.TestCaseExecutor.execute(TestCaseExecutor.java:284)
	at com.kms.katalon.core.common.CommonExecutor.accessTestCaseMainPhase(CommonExecutor.java:65)
	at com.kms.katalon.core.main.TestSuiteExecutor.accessTestSuiteMainPhase(TestSuiteExecutor.java:144)
	at com.kms.katalon.core.main.TestSuiteExecutor.execute(TestSuiteExecutor.java:106)
	at com.kms.katalon.core.main.TestCaseMain.startTestSuite(TestCaseMain.java:185)
	at com.kms.katalon.core.main.TestCaseMain$startTestSuite$0.call(Unknown Source)
	at TempTestSuite1650304259606.run(TempTestSuite1650304259606.groovy:36)
)
	at com.kms.katalon.core.keyword.internal.KeywordMain.stepFailed(KeywordMain.groovy:39)
	at com.kms.katalon.core.webui.keyword.internal.WebUIKeywordMain.stepFailed(WebUIKeywordMain.groovy:64)
	at com.kms.katalon.core.webui.keyword.builtin.VerifyElementTextKeyword$_verifyElementText_closure1.doCall(VerifyElementTextKeyword.groovy:57)
	at com.kms.katalon.core.webui.keyword.builtin.VerifyElementTextKeyword$_verifyElementText_closure1.call(VerifyElementTextKeyword.groovy)
	at com.kms.katalon.core.webui.keyword.internal.WebUIKeywordMain.runKeyword(WebUIKeywordMain.groovy:20)
	at com.kms.katalon.core.webui.keyword.builtin.VerifyElementTextKeyword.verifyElementText(VerifyElementTextKeyword.groovy:72)
	at com.kms.katalon.core.webui.keyword.builtin.VerifyElementTextKeyword.execute(VerifyElementTextKeyword.groovy:40)
	at com.kms.katalon.core.keyword.internal.KeywordExecutor.executeKeywordForPlatform(KeywordExecutor.groovy:74)
	at com.kms.katalon.core.webui.keyword.WebUiBuiltInKeywords.verifyElementText(WebUiBuiltInKeywords.groovy:4749)
	at com.kms.katalon.core.webui.keyword.WebUiBuiltInKeywords$verifyElementText$5.call(Unknown Source)
	at Homepage Verification.run(Homepage Verification:191)
	at com.kms.katalon.core.main.ScriptEngine.run(ScriptEngine.java:194)
	at com.kms.katalon.core.main.ScriptEngine.runScriptAsRawText(ScriptEngine.java:119)
	at com.kms.katalon.core.main.TestCaseExecutor.runScript(TestCaseExecutor.java:445)
	at com.kms.katalon.core.main.TestCaseExecutor.doExecute(TestCaseExecutor.java:436)
	at com.kms.katalon.core.main.TestCaseExecutor.processExecutionPhase(TestCaseExecutor.java:415)
	at com.kms.katalon.core.main.TestCaseExecutor.accessMainPhase(TestCaseExecutor.java:407)
	at com.kms.katalon.core.main.TestCaseExecutor.execute(TestCaseExecutor.java:284)
	at com.kms.katalon.core.common.CommonExecutor.accessTestCaseMainPhase(CommonExecutor.java:65)
	at com.kms.katalon.core.main.TestSuiteExecutor.accessTestSuiteMainPhase(TestSuiteExecutor.java:144)
	at com.kms.katalon.core.main.TestSuiteExecutor.execute(TestSuiteExecutor.java:106)
	at com.kms.katalon.core.main.TestCaseMain.startTestSuite(TestCaseMain.java:185)
	at com.kms.katalon.core.main.TestCaseMain$startTestSuite$0.call(Unknown Source)
	at TempTestSuite1650304259606.run(TempTestSuite1650304259606.groovy:36)
Caused by: com.kms.katalon.core.exception.StepFailedException: Actual text 'Explore the full range of Enfamil products.' and expected text 'Explore the full range of Enfamil products' of test object 'Object Repository/Homepage/Page_Enfamil Newborn, Infant  Toddler Nutri_2e0999/h2_Explore the full range of Enfamil products' are NOT matched.
	... 23 more]]></system-err>
      </testcase>
      <system-out><![CDATA[2022-04-18 23:21:04 - [TEST_SUITE][FAILED] - SmokeTestSuite-Collection - UAT: Test Cases/Venkat/Forms Verification/Drive to Thrive - Form Verification - UAT FAILED.
Reason:
com.kms.katalon.core.exception.StepFailedException: com.kms.katalon.core.webui.exception.WebElementNotFoundException: Web element with id: 'Object Repository/Form Verification/Drive to Thrive Form EN/Page_/span_Consent to Receive Certain Text Messag_3845ec' located by '//div[@id='__next']/div/div/main/article/section[2]/div/div[2]/div/div/div/form/section/div/div[9]/div/div[2]/label/div/div/div/p/span' not found (Root cause: com.kms.katalon.core.exception.StepFailedException: com.kms.katalon.core.webui.exception.WebElementNotFoundException: Web element with id: 'Object Repository/Form Verification/Drive to Thrive Form EN/Page_/span_Consent to Receive Certain Text Messag_3845ec' located by '//div[@id='__next']/div/div/main/article/section[2]/div/div[2]/div/div/div/form/section/div/div[9]/div/div[2]/label/div/div/div/p/span' not found
	at com.kms.katalon.core.webui.keyword.internal.WebUIKeywordMain.stepFailed(WebUIKeywordMain.groovy:64)
	at com.kms.katalon.core.webui.keyword.builtin.VerifyElementPresentKeyword$_verifyElementPresent_closure1.doCall(VerifyElementPresentKeyword.groovy:85)
	at com.kms.katalon.core.webui.keyword.builtin.VerifyElementPresentKeyword$_verifyElementPresent_closure1.call(VerifyElementPresentKeyword.groovy)
	at com.kms.katalon.core.webui.keyword.internal.WebUIKeywordMain.runKeyword(WebUIKeywordMain.groovy:20)
	at com.kms.katalon.core.webui.keyword.builtin.VerifyElementPresentKeyword.verifyElementPresent(VerifyElementPresentKeyword.groovy:92)
	at com.kms.katalon.core.webui.keyword.builtin.VerifyElementPresentKeyword.execute(VerifyElementPresentKeyword.groovy:68)
	at com.kms.katalon.core.keyword.internal.KeywordExecutor.executeKeywordForPlatform(KeywordExecutor.groovy:74)
	at com.kms.katalon.core.webui.keyword.WebUiBuiltInKeywords.verifyElementPresent(WebUiBuiltInKeywords.groovy:1464)
	at com.kms.katalon.core.webui.keyword.WebUiBuiltInKeywords$verifyElementPresent$4.call(Unknown Source)
	at Drive to Thrive - Form Verification - UAT.run(Drive to Thrive - Form Verification - UAT:210)
	at com.kms.katalon.core.main.ScriptEngine.run(ScriptEngine.java:194)
	at com.kms.katalon.core.main.ScriptEngine.runScriptAsRawText(ScriptEngine.java:119)
	at com.kms.katalon.core.main.TestCaseExecutor.runScript(TestCaseExecutor.java:445)
	at com.kms.katalon.core.main.TestCaseExecutor.doExecute(TestCaseExecutor.java:436)
	at com.kms.katalon.core.main.TestCaseExecutor.processExecutionPhase(TestCaseExecutor.java:415)
	at com.kms.katalon.core.main.TestCaseExecutor.accessMainPhase(TestCaseExecutor.java:407)
	at com.kms.katalon.core.main.TestCaseExecutor.execute(TestCaseExecutor.java:284)
	at com.kms.katalon.core.common.CommonExecutor.accessTestCaseMainPhase(CommonExecutor.java:65)
	at com.kms.katalon.core.main.TestSuiteExecutor.accessTestSuiteMainPhase(TestSuiteExecutor.java:144)
	at com.kms.katalon.core.main.TestSuiteExecutor.execute(TestSuiteExecutor.java:106)
	at com.kms.katalon.core.main.TestCaseMain.startTestSuite(TestCaseMain.java:185)
	at com.kms.katalon.core.main.TestCaseMain$startTestSuite$0.call(Unknown Source)
	at TempTestSuite1650304259606.run(TempTestSuite1650304259606.groovy:36)
)
	at com.kms.katalon.core.keyword.internal.KeywordMain.stepFailed(KeywordMain.groovy:39)
	at com.kms.katalon.core.webui.keyword.internal.WebUIKeywordMain.stepFailed(WebUIKeywordMain.groovy:64)
	at com.kms.katalon.core.webui.keyword.builtin.VerifyElementPresentKeyword$_verifyElementPresent_closure1.doCall(VerifyElementPresentKeyword.groovy:85)
	at com.kms.katalon.core.webui.keyword.builtin.VerifyElementPresentKeyword$_verifyElementPresent_closure1.call(VerifyElementPresentKeyword.groovy)
	at com.kms.katalon.core.webui.keyword.internal.WebUIKeywordMain.runKeyword(WebUIKeywordMain.groovy:20)
	at com.kms.katalon.core.webui.keyword.builtin.VerifyElementPresentKeyword.verifyElementPresent(VerifyElementPresentKeyword.groovy:92)
	at com.kms.katalon.core.webui.keyword.builtin.VerifyElementPresentKeyword.execute(VerifyElementPresentKeyword.groovy:68)
	at com.kms.katalon.core.keyword.internal.KeywordExecutor.executeKeywordForPlatform(KeywordExecutor.groovy:74)
	at com.kms.katalon.core.webui.keyword.WebUiBuiltInKeywords.verifyElementPresent(WebUiBuiltInKeywords.groovy:1464)
	at com.kms.katalon.core.webui.keyword.WebUiBuiltInKeywords$verifyElementPresent$4.call(Unknown Source)
	at Drive to Thrive - Form Verification - UAT.run(Drive to Thrive - Form Verification - UAT:210)
	at com.kms.katalon.core.main.ScriptEngine.run(ScriptEngine.java:194)
	at com.kms.katalon.core.main.ScriptEngine.runScriptAsRawText(ScriptEngine.java:119)
	at com.kms.katalon.core.main.TestCaseExecutor.runScript(TestCaseExecutor.java:445)
	at com.kms.katalon.core.main.TestCaseExecutor.doExecute(TestCaseExecutor.java:436)
	at com.kms.katalon.core.main.TestCaseExecutor.processExecutionPhase(TestCaseExecutor.java:415)
	at com.kms.katalon.core.main.TestCaseExecutor.accessMainPhase(TestCaseExecutor.java:407)
	at com.kms.katalon.core.main.TestCaseExecutor.execute(TestCaseExecutor.java:284)
	at com.kms.katalon.core.common.CommonExecutor.accessTestCaseMainPhase(CommonExecutor.java:65)
	at com.kms.katalon.core.main.TestSuiteExecutor.accessTestSuiteMainPhase(TestSuiteExecutor.java:144)
	at com.kms.katalon.core.main.TestSuiteExecutor.execute(TestSuiteExecutor.java:106)
	at com.kms.katalon.core.main.TestCaseMain.startTestSuite(TestCaseMain.java:185)
	at com.kms.katalon.core.main.TestCaseMain$startTestSuite$0.call(Unknown Source)
	at TempTestSuite1650304259606.run(TempTestSuite1650304259606.groovy:36)
Caused by: com.kms.katalon.core.exception.StepFailedException: com.kms.katalon.core.webui.exception.WebElementNotFoundException: Web element with id: 'Object Repository/Form Verification/Drive to Thrive Form EN/Page_/span_Consent to Receive Certain Text Messag_3845ec' located by '//div[@id='__next']/div/div/main/article/section[2]/div/div[2]/div/div/div/form/section/div/div[9]/div/div[2]/label/div/div/div/p/span' not found
	... 23 more]]></system-out>
      <system-err><![CDATA[2022-04-18 23:21:04 - [TEST_SUITE][FAILED] - SmokeTestSuite-Collection - UAT: Test Cases/Venkat/Forms Verification/Drive to Thrive - Form Verification - UAT FAILED.
Reason:
com.kms.katalon.core.exception.StepFailedException: com.kms.katalon.core.webui.exception.WebElementNotFoundException: Web element with id: 'Object Repository/Form Verification/Drive to Thrive Form EN/Page_/span_Consent to Receive Certain Text Messag_3845ec' located by '//div[@id='__next']/div/div/main/article/section[2]/div/div[2]/div/div/div/form/section/div/div[9]/div/div[2]/label/div/div/div/p/span' not found (Root cause: com.kms.katalon.core.exception.StepFailedException: com.kms.katalon.core.webui.exception.WebElementNotFoundException: Web element with id: 'Object Repository/Form Verification/Drive to Thrive Form EN/Page_/span_Consent to Receive Certain Text Messag_3845ec' located by '//div[@id='__next']/div/div/main/article/section[2]/div/div[2]/div/div/div/form/section/div/div[9]/div/div[2]/label/div/div/div/p/span' not found
	at com.kms.katalon.core.webui.keyword.internal.WebUIKeywordMain.stepFailed(WebUIKeywordMain.groovy:64)
	at com.kms.katalon.core.webui.keyword.builtin.VerifyElementPresentKeyword$_verifyElementPresent_closure1.doCall(VerifyElementPresentKeyword.groovy:85)
	at com.kms.katalon.core.webui.keyword.builtin.VerifyElementPresentKeyword$_verifyElementPresent_closure1.call(VerifyElementPresentKeyword.groovy)
	at com.kms.katalon.core.webui.keyword.internal.WebUIKeywordMain.runKeyword(WebUIKeywordMain.groovy:20)
	at com.kms.katalon.core.webui.keyword.builtin.VerifyElementPresentKeyword.verifyElementPresent(VerifyElementPresentKeyword.groovy:92)
	at com.kms.katalon.core.webui.keyword.builtin.VerifyElementPresentKeyword.execute(VerifyElementPresentKeyword.groovy:68)
	at com.kms.katalon.core.keyword.internal.KeywordExecutor.executeKeywordForPlatform(KeywordExecutor.groovy:74)
	at com.kms.katalon.core.webui.keyword.WebUiBuiltInKeywords.verifyElementPresent(WebUiBuiltInKeywords.groovy:1464)
	at com.kms.katalon.core.webui.keyword.WebUiBuiltInKeywords$verifyElementPresent$4.call(Unknown Source)
	at Drive to Thrive - Form Verification - UAT.run(Drive to Thrive - Form Verification - UAT:210)
	at com.kms.katalon.core.main.ScriptEngine.run(ScriptEngine.java:194)
	at com.kms.katalon.core.main.ScriptEngine.runScriptAsRawText(ScriptEngine.java:119)
	at com.kms.katalon.core.main.TestCaseExecutor.runScript(TestCaseExecutor.java:445)
	at com.kms.katalon.core.main.TestCaseExecutor.doExecute(TestCaseExecutor.java:436)
	at com.kms.katalon.core.main.TestCaseExecutor.processExecutionPhase(TestCaseExecutor.java:415)
	at com.kms.katalon.core.main.TestCaseExecutor.accessMainPhase(TestCaseExecutor.java:407)
	at com.kms.katalon.core.main.TestCaseExecutor.execute(TestCaseExecutor.java:284)
	at com.kms.katalon.core.common.CommonExecutor.accessTestCaseMainPhase(CommonExecutor.java:65)
	at com.kms.katalon.core.main.TestSuiteExecutor.accessTestSuiteMainPhase(TestSuiteExecutor.java:144)
	at com.kms.katalon.core.main.TestSuiteExecutor.execute(TestSuiteExecutor.java:106)
	at com.kms.katalon.core.main.TestCaseMain.startTestSuite(TestCaseMain.java:185)
	at com.kms.katalon.core.main.TestCaseMain$startTestSuite$0.call(Unknown Source)
	at TempTestSuite1650304259606.run(TempTestSuite1650304259606.groovy:36)
)
	at com.kms.katalon.core.keyword.internal.KeywordMain.stepFailed(KeywordMain.groovy:39)
	at com.kms.katalon.core.webui.keyword.internal.WebUIKeywordMain.stepFailed(WebUIKeywordMain.groovy:64)
	at com.kms.katalon.core.webui.keyword.builtin.VerifyElementPresentKeyword$_verifyElementPresent_closure1.doCall(VerifyElementPresentKeyword.groovy:85)
	at com.kms.katalon.core.webui.keyword.builtin.VerifyElementPresentKeyword$_verifyElementPresent_closure1.call(VerifyElementPresentKeyword.groovy)
	at com.kms.katalon.core.webui.keyword.internal.WebUIKeywordMain.runKeyword(WebUIKeywordMain.groovy:20)
	at com.kms.katalon.core.webui.keyword.builtin.VerifyElementPresentKeyword.verifyElementPresent(VerifyElementPresentKeyword.groovy:92)
	at com.kms.katalon.core.webui.keyword.builtin.VerifyElementPresentKeyword.execute(VerifyElementPresentKeyword.groovy:68)
	at com.kms.katalon.core.keyword.internal.KeywordExecutor.executeKeywordForPlatform(KeywordExecutor.groovy:74)
	at com.kms.katalon.core.webui.keyword.WebUiBuiltInKeywords.verifyElementPresent(WebUiBuiltInKeywords.groovy:1464)
	at com.kms.katalon.core.webui.keyword.WebUiBuiltInKeywords$verifyElementPresent$4.call(Unknown Source)
	at Drive to Thrive - Form Verification - UAT.run(Drive to Thrive - Form Verification - UAT:210)
	at com.kms.katalon.core.main.ScriptEngine.run(ScriptEngine.java:194)
	at com.kms.katalon.core.main.ScriptEngine.runScriptAsRawText(ScriptEngine.java:119)
	at com.kms.katalon.core.main.TestCaseExecutor.runScript(TestCaseExecutor.java:445)
	at com.kms.katalon.core.main.TestCaseExecutor.doExecute(TestCaseExecutor.java:436)
	at com.kms.katalon.core.main.TestCaseExecutor.processExecutionPhase(TestCaseExecutor.java:415)
	at com.kms.katalon.core.main.TestCaseExecutor.accessMainPhase(TestCaseExecutor.java:407)
	at com.kms.katalon.core.main.TestCaseExecutor.execute(TestCaseExecutor.java:284)
	at com.kms.katalon.core.common.CommonExecutor.accessTestCaseMainPhase(CommonExecutor.java:65)
	at com.kms.katalon.core.main.TestSuiteExecutor.accessTestSuiteMainPhase(TestSuiteExecutor.java:144)
	at com.kms.katalon.core.main.TestSuiteExecutor.execute(TestSuiteExecutor.java:106)
	at com.kms.katalon.core.main.TestCaseMain.startTestSuite(TestCaseMain.java:185)
	at com.kms.katalon.core.main.TestCaseMain$startTestSuite$0.call(Unknown Source)
	at TempTestSuite1650304259606.run(TempTestSuite1650304259606.groovy:36)
Caused by: com.kms.katalon.core.exception.StepFailedException: com.kms.katalon.core.webui.exception.WebElementNotFoundException: Web element with id: 'Object Repository/Form Verification/Drive to Thrive Form EN/Page_/span_Consent to Receive Certain Text Messag_3845ec' located by '//div[@id='__next']/div/div/main/article/section[2]/div/div[2]/div/div/div/form/section/div/div[9]/div/div[2]/label/div/div/div/p/span' not found
	... 23 more]]></system-err>
   </testsuite>
</testsuites>
