<?xml version="1.0" encoding="UTF-8"?>
<testsuites name="SmokeTestSuite-Collection" time="355.481" tests="1" failures="0" errors="0">
   <testsuite name="SmokeTestSuite-Collection" tests="1" failures="0" errors="0" time="355.481" skipped="0" timestamp="2022-04-11 13:38:39" hostname="Venkataraghavan.T - AMX-RL-20-608-W.ameexusa.net" id="Test Suites/SmokeTestCollection - Venkat/SmokeTestSuite-Collection">
      <properties>
         <property name="deviceName" value=""/>
         <property name="devicePlatform" value=""/>
         <property name="logFolder" value="D:\\SmoketestSuite\\enfamilUS\\Reports\\20220411_124758\\SmokeTestCollection - Venkat\\SmokeTestSuite-Collection\\20220411_133827"/>
         <property name="logFiles" value="D:\\SmoketestSuite\\enfamilUS\\Reports\\20220411_124758\\SmokeTestCollection - Venkat\\SmokeTestSuite-Collection\\20220411_133827\\execution0.log"/>
         <property name="attachments" value=""/>
         <property name="hostName" value="Venkataraghavan.T - AMX-RL-20-608-W.ameexusa.net"/>
         <property name="os" value="Windows 10 64bit"/>
         <property name="katalonVersion" value="8.2.5.208"/>
         <property name="browser" value="Chrome 100.0.4896.75"/>
         <property name="hostAddress" value="10.10.7.125"/>
         <property name="sessionId" value="58a8772f831bfbd37c0f67918f58fbf3"/>
         <property name="seleniumVersion" value="3.141.59"/>
         <property name="proxyInformation" value="ProxyInformation { proxyOption=NO_PROXY, proxyServerType=HTTP, username=, password=********, proxyServerAddress=, proxyServerPort=0, executionList=&quot;&quot;, isApplyToDesiredCapabilities=true }"/>
         <property name="platform" value="Windows 10"/>
      </properties>
      <testcase name="Test Cases/Venkat/Header/Header - Offers Savings Menu Verification" time="354.336" classname="Test Cases/Venkat/Header/Header - Offers Savings Menu Verification" status="PASSED">
         <system-out><![CDATA[2022-04-11 13:38:40 - [TEST_CASE][PASSED] - Test Cases/Venkat/Header/Header - Offers Savings Menu Verification: Test Cases/Venkat/Header/Header - Offers Savings Menu Verification

2022-04-11 13:38:42 - [TEST_STEP][PASSED] - openBrowser(""): Browser is opened with url: ''

2022-04-11 13:38:43 - [MESSAGE][INFO] - Starting 'Chrome' driver

2022-04-11 13:38:44 - [MESSAGE][INFO] - Action delay is set to 0 milliseconds

2022-04-11 13:38:51 - [MESSAGE][PASSED] - Browser is opened with url: ''

2022-04-11 13:38:51 - [TEST_STEP][PASSED] - navigateToUrl(HomePage): Navigate to 'https://www.enfamil.com/' successfully

2022-04-11 13:38:57 - [MESSAGE][PASSED] - Navigate to 'https://www.enfamil.com/' successfully

2022-04-11 13:38:57 - [TEST_STEP][PASSED] - maximizeWindow(): Current window maximized

2022-04-11 13:38:57 - [MESSAGE][PASSED] - Current window maximized

2022-04-11 13:38:57 - [TEST_STEP][PASSED] - delay(5): Delayed 5 second(s)

2022-04-11 13:39:03 - [MESSAGE][PASSED] - Delayed 5 second(s)

2022-04-11 13:39:03 - [TEST_STEP][PASSED] - click(findTestObject("Object Repository/Header/Page_Enfamil Newborn, Infant  Toddler Nutri_2e0999/button_GOT IT_onetrust-close-btn-handler on_95ce22")): Object: 'Object Repository/Header/Page_Enfamil Newborn, Infant  Toddler Nutri_2e0999/button_GOT IT_onetrust-close-btn-handler on_95ce22' is clicked on

2022-04-11 13:39:19 - [MESSAGE][PASSED] - Object: 'Object Repository/Header/Page_Enfamil Newborn, Infant  Toddler Nutri_2e0999/button_GOT IT_onetrust-close-btn-handler on_95ce22' is clicked on

2022-04-11 13:39:19 - [TEST_STEP][PASSED] - verifyElementText(findTestObject("Object Repository/Header/Page_Enfamil Newborn, Infant  Toddler Nutri_2e0999/span_Offers  Savings"), "Offers & Savings"): Actual text and expected text of test object 'Object Repository/Header/Page_Enfamil Newborn, Infant  Toddler Nutri_2e0999/span_Offers  Savings' are matched.

2022-04-11 13:39:21 - [MESSAGE][PASSED] - Actual text and expected text of test object 'Object Repository/Header/Page_Enfamil Newborn, Infant  Toddler Nutri_2e0999/span_Offers  Savings' are matched.

2022-04-11 13:39:21 - [TEST_STEP][PASSED] - verifyElementPresent(findTestObject("Object Repository/Header/Page_Enfamil Newborn, Infant  Toddler Nutri_2e0999/span_Offers  Savings"), 0): Object 'Object Repository/Header/Page_Enfamil Newborn, Infant  Toddler Nutri_2e0999/span_Offers  Savings' is present

2022-04-11 13:39:22 - [MESSAGE][WARNING] - Timeout '0' is invalid. Using default page load timeout: '30'

2022-04-11 13:39:23 - [MESSAGE][PASSED] - Object 'Object Repository/Header/Page_Enfamil Newborn, Infant  Toddler Nutri_2e0999/span_Offers  Savings' is present

2022-04-11 13:39:23 - [TEST_STEP][PASSED] - mouseOver(findTestObject("Object Repository/Header/Page_Enfamil Newborn, Infant  Toddler Nutri_2e0999/span_Offers  Savings")): Object: 'Object Repository/Header/Page_Enfamil Newborn, Infant  Toddler Nutri_2e0999/span_Offers  Savings' is hovered

2022-04-11 13:39:24 - [MESSAGE][PASSED] - Object: 'Object Repository/Header/Page_Enfamil Newborn, Infant  Toddler Nutri_2e0999/span_Offers  Savings' is hovered

2022-04-11 13:39:24 - [TEST_STEP][PASSED] - verifyElementText(findTestObject("Object Repository/Header/Page_Enfamil Newborn, Infant  Toddler Nutri_2e0999/h5_Savings  Support Programs"), "Savings & Support Programs"): Actual text and expected text of test object 'Object Repository/Header/Page_Enfamil Newborn, Infant  Toddler Nutri_2e0999/h5_Savings  Support Programs' are matched.

2022-04-11 13:39:26 - [MESSAGE][PASSED] - Actual text and expected text of test object 'Object Repository/Header/Page_Enfamil Newborn, Infant  Toddler Nutri_2e0999/h5_Savings  Support Programs' are matched.

2022-04-11 13:39:26 - [TEST_STEP][PASSED] - verifyElementText(findTestObject("Header/Page_Enfamil Newborn, Infant  Toddler Nutri_2e0999/div_FEATURED 4"), "FEATURED"): Actual text and expected text of test object 'Object Repository/Header/Page_Enfamil Newborn, Infant  Toddler Nutri_2e0999/div_FEATURED 4' are matched.

2022-04-11 13:39:27 - [MESSAGE][PASSED] - Actual text and expected text of test object 'Object Repository/Header/Page_Enfamil Newborn, Infant  Toddler Nutri_2e0999/div_FEATURED 4' are matched.

2022-04-11 13:39:27 - [TEST_STEP][PASSED] - verifyElementText(findTestObject("Object Repository/Header/Page_Enfamil Newborn, Infant  Toddler Nutri_2e0999/span_MORE WAYS TO SAVE"), "MORE WAYS TO SAVE"): Actual text and expected text of test object 'Object Repository/Header/Page_Enfamil Newborn, Infant  Toddler Nutri_2e0999/span_MORE WAYS TO SAVE' are matched.

2022-04-11 13:39:28 - [MESSAGE][PASSED] - Actual text and expected text of test object 'Object Repository/Header/Page_Enfamil Newborn, Infant  Toddler Nutri_2e0999/span_MORE WAYS TO SAVE' are matched.

2022-04-11 13:39:28 - [TEST_STEP][PASSED] - verifyElementPresent(findTestObject("Object Repository/Header/Page_Enfamil Newborn, Infant  Toddler Nutri_2e0999/h5_Savings  Support Programs"), 0): Object 'Object Repository/Header/Page_Enfamil Newborn, Infant  Toddler Nutri_2e0999/h5_Savings  Support Programs' is present

2022-04-11 13:39:28 - [MESSAGE][WARNING] - Timeout '0' is invalid. Using default page load timeout: '30'

2022-04-11 13:39:29 - [MESSAGE][PASSED] - Object 'Object Repository/Header/Page_Enfamil Newborn, Infant  Toddler Nutri_2e0999/h5_Savings  Support Programs' is present

2022-04-11 13:39:29 - [TEST_STEP][PASSED] - verifyElementPresent(findTestObject("Header/Page_Enfamil Newborn, Infant  Toddler Nutri_2e0999/div_FEATURED 4"), 0): Object 'Object Repository/Header/Page_Enfamil Newborn, Infant  Toddler Nutri_2e0999/div_FEATURED 4' is present

2022-04-11 13:39:29 - [MESSAGE][WARNING] - Timeout '0' is invalid. Using default page load timeout: '30'

2022-04-11 13:39:29 - [MESSAGE][PASSED] - Object 'Object Repository/Header/Page_Enfamil Newborn, Infant  Toddler Nutri_2e0999/div_FEATURED 4' is present

2022-04-11 13:39:29 - [TEST_STEP][PASSED] - verifyElementPresent(findTestObject("Object Repository/Header/Page_Enfamil Newborn, Infant  Toddler Nutri_2e0999/span_MORE WAYS TO SAVE"), 0): Object 'Object Repository/Header/Page_Enfamil Newborn, Infant  Toddler Nutri_2e0999/span_MORE WAYS TO SAVE' is present

2022-04-11 13:39:29 - [MESSAGE][WARNING] - Timeout '0' is invalid. Using default page load timeout: '30'

2022-04-11 13:39:30 - [MESSAGE][PASSED] - Object 'Object Repository/Header/Page_Enfamil Newborn, Infant  Toddler Nutri_2e0999/span_MORE WAYS TO SAVE' is present

2022-04-11 13:39:30 - [TEST_STEP][PASSED] - mouseOver(findTestObject("Object Repository/Header/Page_Enfamil Newborn, Infant  Toddler Nutri_2e0999/span_Offers  Savings")): Object: 'Object Repository/Header/Page_Enfamil Newborn, Infant  Toddler Nutri_2e0999/span_Offers  Savings' is hovered

2022-04-11 13:39:31 - [MESSAGE][PASSED] - Object: 'Object Repository/Header/Page_Enfamil Newborn, Infant  Toddler Nutri_2e0999/span_Offers  Savings' is hovered

2022-04-11 13:39:31 - [TEST_STEP][PASSED] - verifyElementText(findTestObject("Object Repository/Header/Page_Enfamil Newborn, Infant  Toddler Nutri_2e0999/div_Premium Enfamil Family Beginnings"), "Premium Enfamil Family Beginnings"): Actual text and expected text of test object 'Object Repository/Header/Page_Enfamil Newborn, Infant  Toddler Nutri_2e0999/div_Premium Enfamil Family Beginnings' are matched.

2022-04-11 13:39:32 - [MESSAGE][PASSED] - Actual text and expected text of test object 'Object Repository/Header/Page_Enfamil Newborn, Infant  Toddler Nutri_2e0999/div_Premium Enfamil Family Beginnings' are matched.

2022-04-11 13:39:32 - [TEST_STEP][PASSED] - verifyElementText(findTestObject("Object Repository/Header/Page_Enfamil Newborn, Infant  Toddler Nutri_2e0999/div_Enspire Family Beginnings"), "Enspire Family BeginningsÂ®"): Actual text and expected text of test object 'Object Repository/Header/Page_Enfamil Newborn, Infant  Toddler Nutri_2e0999/div_Enspire Family Beginnings' are matched.

2022-04-11 13:39:33 - [MESSAGE][PASSED] - Actual text and expected text of test object 'Object Repository/Header/Page_Enfamil Newborn, Infant  Toddler Nutri_2e0999/div_Enspire Family Beginnings' are matched.

2022-04-11 13:39:33 - [TEST_STEP][PASSED] - verifyElementText(findTestObject("Object Repository/Header/Page_Enfamil Newborn, Infant  Toddler Nutri_2e0999/div_Enfamil Rewards"), "Enfamil RewardsÂ®"): Actual text and expected text of test object 'Object Repository/Header/Page_Enfamil Newborn, Infant  Toddler Nutri_2e0999/div_Enfamil Rewards' are matched.

2022-04-11 13:39:33 - [MESSAGE][PASSED] - Actual text and expected text of test object 'Object Repository/Header/Page_Enfamil Newborn, Infant  Toddler Nutri_2e0999/div_Enfamil Rewards' are matched.

2022-04-11 13:39:33 - [TEST_STEP][PASSED] - verifyElementText(findTestObject("Object Repository/Header/Page_Enfamil Newborn, Infant  Toddler Nutri_2e0999/div_Nutramigen Savings  Support program"), "Nutramigen Savings & Support program"): Actual text and expected text of test object 'Object Repository/Header/Page_Enfamil Newborn, Infant  Toddler Nutri_2e0999/div_Nutramigen Savings  Support program' are matched.

2022-04-11 13:39:34 - [MESSAGE][PASSED] - Actual text and expected text of test object 'Object Repository/Header/Page_Enfamil Newborn, Infant  Toddler Nutri_2e0999/div_Nutramigen Savings  Support program' are matched.

2022-04-11 13:39:34 - [TEST_STEP][PASSED] - verifyElementText(findTestObject("Object Repository/Header/Page_Enfamil Newborn, Infant  Toddler Nutri_2e0999/div_Enfacare Drive to Thrive Support Program"), "EnfacareÂ® Drive to Thrive Support Program"): Actual text and expected text of test object 'Object Repository/Header/Page_Enfamil Newborn, Infant  Toddler Nutri_2e0999/div_Enfacare Drive to Thrive Support Program' are matched.

2022-04-11 13:39:35 - [MESSAGE][PASSED] - Actual text and expected text of test object 'Object Repository/Header/Page_Enfamil Newborn, Infant  Toddler Nutri_2e0999/div_Enfacare Drive to Thrive Support Program' are matched.

2022-04-11 13:39:35 - [TEST_STEP][PASSED] - verifyElementText(findTestObject("Object Repository/Header/Page_Enfamil Newborn, Infant  Toddler Nutri_2e0999/div_Enfagrow Free Sample"), "Enfagrow Free Sample"): Actual text and expected text of test object 'Object Repository/Header/Page_Enfamil Newborn, Infant  Toddler Nutri_2e0999/div_Enfagrow Free Sample' are matched.

2022-04-11 13:39:36 - [MESSAGE][PASSED] - Actual text and expected text of test object 'Object Repository/Header/Page_Enfamil Newborn, Infant  Toddler Nutri_2e0999/div_Enfagrow Free Sample' are matched.

2022-04-11 13:39:36 - [TEST_STEP][PASSED] - mouseOver(findTestObject("Object Repository/Header/Page_Enfamil Newborn, Infant  Toddler Nutri_2e0999/span_Offers  Savings")): Object: 'Object Repository/Header/Page_Enfamil Newborn, Infant  Toddler Nutri_2e0999/span_Offers  Savings' is hovered

2022-04-11 13:39:37 - [MESSAGE][PASSED] - Object: 'Object Repository/Header/Page_Enfamil Newborn, Infant  Toddler Nutri_2e0999/span_Offers  Savings' is hovered

2022-04-11 13:39:37 - [TEST_STEP][PASSED] - verifyElementText(findTestObject("Object Repository/Header/Page_Enfamil Newborn, Infant  Toddler Nutri_2e0999/a_Partner Offers"), "Partner Offers"): Actual text and expected text of test object 'Object Repository/Header/Page_Enfamil Newborn, Infant  Toddler Nutri_2e0999/a_Partner Offers' are matched.

2022-04-11 13:39:37 - [MESSAGE][PASSED] - Actual text and expected text of test object 'Object Repository/Header/Page_Enfamil Newborn, Infant  Toddler Nutri_2e0999/a_Partner Offers' are matched.

2022-04-11 13:39:37 - [TEST_STEP][PASSED] - verifyElementText(findTestObject("Object Repository/Header/Page_Enfamil Newborn, Infant  Toddler Nutri_2e0999/a_Professional Discounts"), "Professional Discounts"): Actual text and expected text of test object 'Object Repository/Header/Page_Enfamil Newborn, Infant  Toddler Nutri_2e0999/a_Professional Discounts' are matched.

2022-04-11 13:39:38 - [MESSAGE][PASSED] - Actual text and expected text of test object 'Object Repository/Header/Page_Enfamil Newborn, Infant  Toddler Nutri_2e0999/a_Professional Discounts' are matched.

2022-04-11 13:39:38 - [TEST_STEP][PASSED] - verifyElementText(findTestObject("Object Repository/Header/Page_Enfamil Newborn, Infant  Toddler Nutri_2e0999/a_NEW Gift Cards"), "NEW! Gift Cards"): Actual text and expected text of test object 'Object Repository/Header/Page_Enfamil Newborn, Infant  Toddler Nutri_2e0999/a_NEW Gift Cards' are matched.

2022-04-11 13:39:39 - [MESSAGE][PASSED] - Actual text and expected text of test object 'Object Repository/Header/Page_Enfamil Newborn, Infant  Toddler Nutri_2e0999/a_NEW Gift Cards' are matched.

2022-04-11 13:39:39 - [TEST_STEP][PASSED] - verifyElementText(findTestObject("Object Repository/Header/Page_Enfamil Newborn, Infant  Toddler Nutri_2e0999/a_Save 15 when you use Afterpay"), "Save 15% when you use Afterpay"): Actual text and expected text of test object 'Object Repository/Header/Page_Enfamil Newborn, Infant  Toddler Nutri_2e0999/a_Save 15 when you use Afterpay' are matched.

2022-04-11 13:39:39 - [MESSAGE][PASSED] - Actual text and expected text of test object 'Object Repository/Header/Page_Enfamil Newborn, Infant  Toddler Nutri_2e0999/a_Save 15 when you use Afterpay' are matched.

2022-04-11 13:39:39 - [TEST_STEP][PASSED] - verifyElementText(findTestObject("Object Repository/Header/Page_Enfamil Newborn, Infant  Toddler Nutri_2e0999/a_Enfamil Rebates"), "Enfamil Rebates"): Actual text and expected text of test object 'Object Repository/Header/Page_Enfamil Newborn, Infant  Toddler Nutri_2e0999/a_Enfamil Rebates' are matched.

2022-04-11 13:39:40 - [MESSAGE][PASSED] - Actual text and expected text of test object 'Object Repository/Header/Page_Enfamil Newborn, Infant  Toddler Nutri_2e0999/a_Enfamil Rebates' are matched.

2022-04-11 13:39:40 - [TEST_STEP][PASSED] - mouseOver(findTestObject("Object Repository/Header/Page_Enfamil Newborn, Infant  Toddler Nutri_2e0999/span_Offers  Savings")): Object: 'Object Repository/Header/Page_Enfamil Newborn, Infant  Toddler Nutri_2e0999/span_Offers  Savings' is hovered

2022-04-11 13:39:41 - [MESSAGE][PASSED] - Object: 'Object Repository/Header/Page_Enfamil Newborn, Infant  Toddler Nutri_2e0999/span_Offers  Savings' is hovered

2022-04-11 13:39:41 - [TEST_STEP][PASSED] - verifyElementText(findTestObject("Object Repository/Header/Page_Enfamil Newborn, Infant  Toddler Nutri_2e0999/a_Financial Assistance"), "Financial Assistance"): Actual text and expected text of test object 'Object Repository/Header/Page_Enfamil Newborn, Infant  Toddler Nutri_2e0999/a_Financial Assistance' are matched.

2022-04-11 13:39:41 - [MESSAGE][PASSED] - Actual text and expected text of test object 'Object Repository/Header/Page_Enfamil Newborn, Infant  Toddler Nutri_2e0999/a_Financial Assistance' are matched.

2022-04-11 13:39:41 - [TEST_STEP][PASSED] - verifyElementText(findTestObject("Object Repository/Header/Page_Enfamil Newborn, Infant  Toddler Nutri_2e0999/span_Ask a Nurse"), "Ask a Nurse"): Actual text and expected text of test object 'Object Repository/Header/Page_Enfamil Newborn, Infant  Toddler Nutri_2e0999/span_Ask a Nurse' are matched.

2022-04-11 13:39:42 - [MESSAGE][PASSED] - Actual text and expected text of test object 'Object Repository/Header/Page_Enfamil Newborn, Infant  Toddler Nutri_2e0999/span_Ask a Nurse' are matched.

2022-04-11 13:39:42 - [TEST_STEP][PASSED] - verifyElementPresent(findTestObject("Object Repository/Header/Page_Enfamil Newborn, Infant  Toddler Nutri_2e0999/li_Premium Enfamil Family Beginnings"), 0): Object 'Object Repository/Header/Page_Enfamil Newborn, Infant  Toddler Nutri_2e0999/li_Premium Enfamil Family Beginnings' is present

2022-04-11 13:39:42 - [MESSAGE][WARNING] - Timeout '0' is invalid. Using default page load timeout: '30'

2022-04-11 13:39:43 - [MESSAGE][PASSED] - Object 'Object Repository/Header/Page_Enfamil Newborn, Infant  Toddler Nutri_2e0999/li_Premium Enfamil Family Beginnings' is present

2022-04-11 13:39:43 - [TEST_STEP][PASSED] - verifyElementPresent(findTestObject("Object Repository/Header/Page_Enfamil Newborn, Infant  Toddler Nutri_2e0999/li_Enspire Family Beginnings"), 0): Object 'Object Repository/Header/Page_Enfamil Newborn, Infant  Toddler Nutri_2e0999/li_Enspire Family Beginnings' is present

2022-04-11 13:39:43 - [MESSAGE][WARNING] - Timeout '0' is invalid. Using default page load timeout: '30'

2022-04-11 13:39:43 - [MESSAGE][PASSED] - Object 'Object Repository/Header/Page_Enfamil Newborn, Infant  Toddler Nutri_2e0999/li_Enspire Family Beginnings' is present

2022-04-11 13:39:43 - [TEST_STEP][PASSED] - verifyElementPresent(findTestObject("Object Repository/Header/Page_Enfamil Newborn, Infant  Toddler Nutri_2e0999/li_Enfamil Rewards"), 0): Object 'Object Repository/Header/Page_Enfamil Newborn, Infant  Toddler Nutri_2e0999/li_Enfamil Rewards' is present

2022-04-11 13:39:44 - [MESSAGE][WARNING] - Timeout '0' is invalid. Using default page load timeout: '30'

2022-04-11 13:39:44 - [MESSAGE][PASSED] - Object 'Object Repository/Header/Page_Enfamil Newborn, Infant  Toddler Nutri_2e0999/li_Enfamil Rewards' is present

2022-04-11 13:39:44 - [TEST_STEP][PASSED] - verifyElementPresent(findTestObject("Object Repository/Header/Page_Enfamil Newborn, Infant  Toddler Nutri_2e0999/li_Nutramigen Savings  Support program"), 0): Object 'Object Repository/Header/Page_Enfamil Newborn, Infant  Toddler Nutri_2e0999/li_Nutramigen Savings  Support program' is present

2022-04-11 13:39:44 - [MESSAGE][WARNING] - Timeout '0' is invalid. Using default page load timeout: '30'

2022-04-11 13:39:45 - [MESSAGE][PASSED] - Object 'Object Repository/Header/Page_Enfamil Newborn, Infant  Toddler Nutri_2e0999/li_Nutramigen Savings  Support program' is present

2022-04-11 13:39:45 - [TEST_STEP][PASSED] - verifyElementPresent(findTestObject("Object Repository/Header/Page_Enfamil Newborn, Infant  Toddler Nutri_2e0999/li_Enfacare Drive to Thrive Support Program"), 0): Object 'Object Repository/Header/Page_Enfamil Newborn, Infant  Toddler Nutri_2e0999/li_Enfacare Drive to Thrive Support Program' is present

2022-04-11 13:39:45 - [MESSAGE][WARNING] - Timeout '0' is invalid. Using default page load timeout: '30'

2022-04-11 13:39:45 - [MESSAGE][PASSED] - Object 'Object Repository/Header/Page_Enfamil Newborn, Infant  Toddler Nutri_2e0999/li_Enfacare Drive to Thrive Support Program' is present

2022-04-11 13:39:45 - [TEST_STEP][PASSED] - verifyElementPresent(findTestObject("Object Repository/Header/Page_Enfamil Newborn, Infant  Toddler Nutri_2e0999/li_Enfagrow Free Sample"), 0): Object 'Object Repository/Header/Page_Enfamil Newborn, Infant  Toddler Nutri_2e0999/li_Enfagrow Free Sample' is present

2022-04-11 13:39:45 - [MESSAGE][WARNING] - Timeout '0' is invalid. Using default page load timeout: '30'

2022-04-11 13:39:46 - [MESSAGE][PASSED] - Object 'Object Repository/Header/Page_Enfamil Newborn, Infant  Toddler Nutri_2e0999/li_Enfagrow Free Sample' is present

2022-04-11 13:39:46 - [TEST_STEP][PASSED] - verifyElementPresent(findTestObject("Object Repository/Header/Page_Enfamil Newborn, Infant  Toddler Nutri_2e0999/img"), 0): Object 'Object Repository/Header/Page_Enfamil Newborn, Infant  Toddler Nutri_2e0999/img' is present

2022-04-11 13:39:46 - [MESSAGE][WARNING] - Timeout '0' is invalid. Using default page load timeout: '30'

2022-04-11 13:39:46 - [MESSAGE][PASSED] - Object 'Object Repository/Header/Page_Enfamil Newborn, Infant  Toddler Nutri_2e0999/img' is present

2022-04-11 13:39:46 - [TEST_STEP][PASSED] - verifyElementPresent(findTestObject("Object Repository/Header/Page_Enfamil Newborn, Infant  Toddler Nutri_2e0999/a_Partner Offers"), 0): Object 'Object Repository/Header/Page_Enfamil Newborn, Infant  Toddler Nutri_2e0999/a_Partner Offers' is present

2022-04-11 13:39:47 - [MESSAGE][WARNING] - Timeout '0' is invalid. Using default page load timeout: '30'

2022-04-11 13:39:47 - [MESSAGE][PASSED] - Object 'Object Repository/Header/Page_Enfamil Newborn, Infant  Toddler Nutri_2e0999/a_Partner Offers' is present

2022-04-11 13:39:47 - [TEST_STEP][PASSED] - verifyElementPresent(findTestObject("Object Repository/Header/Page_Enfamil Newborn, Infant  Toddler Nutri_2e0999/a_Professional Discounts"), 0): Object 'Object Repository/Header/Page_Enfamil Newborn, Infant  Toddler Nutri_2e0999/a_Professional Discounts' is present

2022-04-11 13:39:47 - [MESSAGE][WARNING] - Timeout '0' is invalid. Using default page load timeout: '30'

2022-04-11 13:39:48 - [MESSAGE][PASSED] - Object 'Object Repository/Header/Page_Enfamil Newborn, Infant  Toddler Nutri_2e0999/a_Professional Discounts' is present

2022-04-11 13:39:48 - [TEST_STEP][PASSED] - verifyElementPresent(findTestObject("Object Repository/Header/Page_Enfamil Newborn, Infant  Toddler Nutri_2e0999/a_NEW Gift Cards"), 0): Object 'Object Repository/Header/Page_Enfamil Newborn, Infant  Toddler Nutri_2e0999/a_NEW Gift Cards' is present

2022-04-11 13:39:48 - [MESSAGE][WARNING] - Timeout '0' is invalid. Using default page load timeout: '30'

2022-04-11 13:39:48 - [MESSAGE][PASSED] - Object 'Object Repository/Header/Page_Enfamil Newborn, Infant  Toddler Nutri_2e0999/a_NEW Gift Cards' is present

2022-04-11 13:39:48 - [TEST_STEP][PASSED] - mouseOver(findTestObject("Object Repository/Header/Page_Enfamil Newborn, Infant  Toddler Nutri_2e0999/span_Offers  Savings")): Object: 'Object Repository/Header/Page_Enfamil Newborn, Infant  Toddler Nutri_2e0999/span_Offers  Savings' is hovered

2022-04-11 13:39:49 - [MESSAGE][PASSED] - Object: 'Object Repository/Header/Page_Enfamil Newborn, Infant  Toddler Nutri_2e0999/span_Offers  Savings' is hovered

2022-04-11 13:39:49 - [TEST_STEP][PASSED] - verifyElementText(findTestObject("Object Repository/Header/Page_Enfamil Newborn, Infant  Toddler Nutri_2e0999/a_Save 15 when you use Afterpay"), "Save 15% when you use Afterpay"): Actual text and expected text of test object 'Object Repository/Header/Page_Enfamil Newborn, Infant  Toddler Nutri_2e0999/a_Save 15 when you use Afterpay' are matched.

2022-04-11 13:39:50 - [MESSAGE][PASSED] - Actual text and expected text of test object 'Object Repository/Header/Page_Enfamil Newborn, Infant  Toddler Nutri_2e0999/a_Save 15 when you use Afterpay' are matched.

2022-04-11 13:39:50 - [TEST_STEP][PASSED] - verifyElementPresent(findTestObject("Object Repository/Header/Page_Enfamil Newborn, Infant  Toddler Nutri_2e0999/a_Save 15 when you use Afterpay"), 0): Object 'Object Repository/Header/Page_Enfamil Newborn, Infant  Toddler Nutri_2e0999/a_Save 15 when you use Afterpay' is present

2022-04-11 13:39:50 - [MESSAGE][WARNING] - Timeout '0' is invalid. Using default page load timeout: '30'

2022-04-11 13:39:50 - [MESSAGE][PASSED] - Object 'Object Repository/Header/Page_Enfamil Newborn, Infant  Toddler Nutri_2e0999/a_Save 15 when you use Afterpay' is present

2022-04-11 13:39:50 - [TEST_STEP][PASSED] - verifyElementPresent(findTestObject("Object Repository/Header/Page_Enfamil Newborn, Infant  Toddler Nutri_2e0999/a_Enfamil Rebates"), 0): Object 'Object Repository/Header/Page_Enfamil Newborn, Infant  Toddler Nutri_2e0999/a_Enfamil Rebates' is present

2022-04-11 13:39:51 - [MESSAGE][WARNING] - Timeout '0' is invalid. Using default page load timeout: '30'

2022-04-11 13:39:51 - [MESSAGE][PASSED] - Object 'Object Repository/Header/Page_Enfamil Newborn, Infant  Toddler Nutri_2e0999/a_Enfamil Rebates' is present

2022-04-11 13:39:51 - [TEST_STEP][PASSED] - verifyElementPresent(findTestObject("Object Repository/Header/Page_Enfamil Newborn, Infant  Toddler Nutri_2e0999/a_Financial Assistance"), 0): Object 'Object Repository/Header/Page_Enfamil Newborn, Infant  Toddler Nutri_2e0999/a_Financial Assistance' is present

2022-04-11 13:39:51 - [MESSAGE][WARNING] - Timeout '0' is invalid. Using default page load timeout: '30'

2022-04-11 13:39:52 - [MESSAGE][PASSED] - Object 'Object Repository/Header/Page_Enfamil Newborn, Infant  Toddler Nutri_2e0999/a_Financial Assistance' is present

2022-04-11 13:39:52 - [TEST_STEP][PASSED] - verifyElementPresent(findTestObject("Object Repository/Header/Page_Enfamil Newborn, Infant  Toddler Nutri_2e0999/a_Upgrade to Premium Enfamil Family Beginni_120ba0"), 0): Object 'Object Repository/Header/Page_Enfamil Newborn, Infant  Toddler Nutri_2e0999/a_Upgrade to Premium Enfamil Family Beginni_120ba0' is present

2022-04-11 13:39:52 - [MESSAGE][WARNING] - Timeout '0' is invalid. Using default page load timeout: '30'

2022-04-11 13:39:52 - [MESSAGE][PASSED] - Object 'Object Repository/Header/Page_Enfamil Newborn, Infant  Toddler Nutri_2e0999/a_Upgrade to Premium Enfamil Family Beginni_120ba0' is present

2022-04-11 13:39:52 - [TEST_STEP][PASSED] - verifyElementPresent(findTestObject("Object Repository/Header/Page_Enfamil Newborn, Infant  Toddler Nutri_2e0999/div_Ask a Nurse Powered By"), 0): Object 'Object Repository/Header/Page_Enfamil Newborn, Infant  Toddler Nutri_2e0999/div_Ask a Nurse Powered By' is present

2022-04-11 13:39:52 - [MESSAGE][WARNING] - Timeout '0' is invalid. Using default page load timeout: '30'

2022-04-11 13:39:53 - [MESSAGE][PASSED] - Object 'Object Repository/Header/Page_Enfamil Newborn, Infant  Toddler Nutri_2e0999/div_Ask a Nurse Powered By' is present

2022-04-11 13:39:53 - [TEST_STEP][PASSED] - verifyElementPresent(findTestObject("Object Repository/Header/Page_Enfamil Newborn, Infant  Toddler Nutri_2e0999/img_1"), 0): Object 'Object Repository/Header/Page_Enfamil Newborn, Infant  Toddler Nutri_2e0999/img_1' is present

2022-04-11 13:39:53 - [MESSAGE][WARNING] - Timeout '0' is invalid. Using default page load timeout: '30'

2022-04-11 13:39:53 - [MESSAGE][PASSED] - Object 'Object Repository/Header/Page_Enfamil Newborn, Infant  Toddler Nutri_2e0999/img_1' is present

2022-04-11 13:39:53 - [TEST_STEP][PASSED] - mouseOver(findTestObject("Object Repository/Header/Page_/span_Offers  Savings")): Object: 'Object Repository/Header/Page_/span_Offers  Savings' is hovered

2022-04-11 13:39:54 - [MESSAGE][PASSED] - Object: 'Object Repository/Header/Page_/span_Offers  Savings' is hovered

2022-04-11 13:39:54 - [TEST_STEP][PASSED] - click(findTestObject("Object Repository/Header/Page_/div_Premium Enfamil Family Beginnings")): Object: 'Object Repository/Header/Page_/div_Premium Enfamil Family Beginnings' is clicked on

2022-04-11 13:39:58 - [MESSAGE][PASSED] - Object: 'Object Repository/Header/Page_/div_Premium Enfamil Family Beginnings' is clicked on

2022-04-11 13:39:58 - [TEST_STEP][PASSED] - waitForElementVisible(findTestObject("Object Repository/Header/Page_Premium Enfamil Family Beginnings/span_Premium Enfamil Family Beginnings"), 0): Object 'Object Repository/Header/Page_Premium Enfamil Family Beginnings/span_Premium Enfamil Family Beginnings' is visible

2022-04-11 13:39:58 - [MESSAGE][WARNING] - Timeout '0' is invalid. Using default page load timeout: '30'

2022-04-11 13:39:59 - [MESSAGE][PASSED] - Object 'Object Repository/Header/Page_Premium Enfamil Family Beginnings/span_Premium Enfamil Family Beginnings' is visible

2022-04-11 13:39:59 - [TEST_STEP][PASSED] - verifyElementText(findTestObject("Object Repository/Header/Page_Premium Enfamil Family Beginnings/span_Premium Enfamil Family Beginnings"), "Premium Enfamil Family BeginningsÂ®"): Actual text and expected text of test object 'Object Repository/Header/Page_Premium Enfamil Family Beginnings/span_Premium Enfamil Family Beginnings' are matched.

2022-04-11 13:40:02 - [MESSAGE][PASSED] - Actual text and expected text of test object 'Object Repository/Header/Page_Premium Enfamil Family Beginnings/span_Premium Enfamil Family Beginnings' are matched.

2022-04-11 13:40:02 - [TEST_STEP][PASSED] - verifyElementPresent(findTestObject("Object Repository/Header/Page_Premium Enfamil Family Beginnings/span_Premium Enfamil Family Beginnings"), 0): Object 'Object Repository/Header/Page_Premium Enfamil Family Beginnings/span_Premium Enfamil Family Beginnings' is present

2022-04-11 13:40:02 - [MESSAGE][WARNING] - Timeout '0' is invalid. Using default page load timeout: '30'

2022-04-11 13:40:08 - [MESSAGE][PASSED] - Object 'Object Repository/Header/Page_Premium Enfamil Family Beginnings/span_Premium Enfamil Family Beginnings' is present

2022-04-11 13:40:08 - [TEST_STEP][PASSED] - verifyElementClickable(findTestObject("Object Repository/Header/Page_Premium Enfamil Family Beginnings/span_Premium Enfamil Family Beginnings")): Object 'Object Repository/Header/Page_Premium Enfamil Family Beginnings/span_Premium Enfamil Family Beginnings' is clickable

2022-04-11 13:40:11 - [MESSAGE][PASSED] - Object 'Object Repository/Header/Page_Premium Enfamil Family Beginnings/span_Premium Enfamil Family Beginnings' is clickable

2022-04-11 13:40:11 - [TEST_STEP][PASSED] - verifyElementText(findTestObject("Object Repository/Header/Page_Premium Enfamil Family Beginnings/h2_Premium Enfamil Family Beginnings"), "Premium Enfamil Family BeginningsÂ®"): Actual text and expected text of test object 'Object Repository/Header/Page_Premium Enfamil Family Beginnings/h2_Premium Enfamil Family Beginnings' are matched.

2022-04-11 13:40:12 - [MESSAGE][PASSED] - Actual text and expected text of test object 'Object Repository/Header/Page_Premium Enfamil Family Beginnings/h2_Premium Enfamil Family Beginnings' are matched.

2022-04-11 13:40:12 - [TEST_STEP][PASSED] - verifyElementPresent(findTestObject("Object Repository/Header/Page_Premium Enfamil Family Beginnings/h2_Premium Enfamil Family Beginnings"), 0): Object 'Object Repository/Header/Page_Premium Enfamil Family Beginnings/h2_Premium Enfamil Family Beginnings' is present

2022-04-11 13:40:12 - [MESSAGE][WARNING] - Timeout '0' is invalid. Using default page load timeout: '30'

2022-04-11 13:40:13 - [MESSAGE][PASSED] - Object 'Object Repository/Header/Page_Premium Enfamil Family Beginnings/h2_Premium Enfamil Family Beginnings' is present

2022-04-11 13:40:13 - [TEST_STEP][PASSED] - delay(5): Delayed 5 second(s)

2022-04-11 13:40:18 - [MESSAGE][PASSED] - Delayed 5 second(s)

2022-04-11 13:40:18 - [TEST_STEP][PASSED] - mouseOver(findTestObject("Object Repository/Header/Page_Premium Enfamil Family Beginnings/span_Offers  Savings")): Object: 'Object Repository/Header/Page_Premium Enfamil Family Beginnings/span_Offers  Savings' is hovered

2022-04-11 13:40:19 - [MESSAGE][PASSED] - Object: 'Object Repository/Header/Page_Premium Enfamil Family Beginnings/span_Offers  Savings' is hovered

2022-04-11 13:40:19 - [TEST_STEP][PASSED] - click(findTestObject("Object Repository/Header/Page_Premium Enfamil Family Beginnings/div_Enspire Family Beginnings")): Object: 'Object Repository/Header/Page_Premium Enfamil Family Beginnings/div_Enspire Family Beginnings' is clicked on

2022-04-11 13:40:20 - [MESSAGE][PASSED] - Object: 'Object Repository/Header/Page_Premium Enfamil Family Beginnings/div_Enspire Family Beginnings' is clicked on

2022-04-11 13:40:20 - [TEST_STEP][PASSED] - waitForElementVisible(findTestObject("Object Repository/Header/Page_Enspire Family Beginnings Registration_996fe8/span_Enspire Family Beginnings by Enfamil"), 0): Object 'Object Repository/Header/Page_Enspire Family Beginnings Registration_996fe8/span_Enspire Family Beginnings by Enfamil' is visible

2022-04-11 13:40:20 - [MESSAGE][WARNING] - Timeout '0' is invalid. Using default page load timeout: '30'

2022-04-11 13:40:22 - [MESSAGE][PASSED] - Object 'Object Repository/Header/Page_Enspire Family Beginnings Registration_996fe8/span_Enspire Family Beginnings by Enfamil' is visible

2022-04-11 13:40:22 - [TEST_STEP][PASSED] - verifyElementText(findTestObject("Object Repository/Header/Page_Enspire Family Beginnings Registration_996fe8/span_Enspire Family Beginnings by Enfamil"), "Enspire Family Beginningsâ„¢ by EnfamilÂ®"): Actual text and expected text of test object 'Object Repository/Header/Page_Enspire Family Beginnings Registration_996fe8/span_Enspire Family Beginnings by Enfamil' are matched.

2022-04-11 13:40:23 - [MESSAGE][PASSED] - Actual text and expected text of test object 'Object Repository/Header/Page_Enspire Family Beginnings Registration_996fe8/span_Enspire Family Beginnings by Enfamil' are matched.

2022-04-11 13:40:23 - [TEST_STEP][PASSED] - verifyElementText(findTestObject("Object Repository/Header/Page_Enspire Family Beginnings Registration_996fe8/span_Enspire Family Beginnings by Enfamil"), "Enspire Family Beginningsâ„¢ by EnfamilÂ®"): Actual text and expected text of test object 'Object Repository/Header/Page_Enspire Family Beginnings Registration_996fe8/span_Enspire Family Beginnings by Enfamil' are matched.

2022-04-11 13:40:24 - [MESSAGE][PASSED] - Actual text and expected text of test object 'Object Repository/Header/Page_Enspire Family Beginnings Registration_996fe8/span_Enspire Family Beginnings by Enfamil' are matched.

2022-04-11 13:40:24 - [TEST_STEP][PASSED] - verifyElementPresent(findTestObject("Object Repository/Header/Page_Enspire Family Beginnings Registration_996fe8/span_Enspire Family Beginnings by Enfamil"), 0): Object 'Object Repository/Header/Page_Enspire Family Beginnings Registration_996fe8/span_Enspire Family Beginnings by Enfamil' is present

2022-04-11 13:40:24 - [MESSAGE][WARNING] - Timeout '0' is invalid. Using default page load timeout: '30'

2022-04-11 13:40:24 - [MESSAGE][PASSED] - Object 'Object Repository/Header/Page_Enspire Family Beginnings Registration_996fe8/span_Enspire Family Beginnings by Enfamil' is present

2022-04-11 13:40:24 - [TEST_STEP][PASSED] - verifyElementClickable(findTestObject("Object Repository/Header/Page_Enspire Family Beginnings Registration_996fe8/span_Enspire Family Beginnings by Enfamil")): Object 'Object Repository/Header/Page_Enspire Family Beginnings Registration_996fe8/span_Enspire Family Beginnings by Enfamil' is clickable

2022-04-11 13:40:30 - [MESSAGE][PASSED] - Object 'Object Repository/Header/Page_Enspire Family Beginnings Registration_996fe8/span_Enspire Family Beginnings by Enfamil' is clickable

2022-04-11 13:40:30 - [TEST_STEP][PASSED] - verifyElementText(findTestObject("Object Repository/Header/Page_Enspire Family Beginnings Registration_996fe8/h1_Enspire Family Beginnings by Enfamil"), "Enspire Family Beginningsâ„¢ by EnfamilÂ®"): Actual text and expected text of test object 'Object Repository/Header/Page_Enspire Family Beginnings Registration_996fe8/h1_Enspire Family Beginnings by Enfamil' are matched.

2022-04-11 13:40:33 - [MESSAGE][PASSED] - Actual text and expected text of test object 'Object Repository/Header/Page_Enspire Family Beginnings Registration_996fe8/h1_Enspire Family Beginnings by Enfamil' are matched.

2022-04-11 13:40:33 - [TEST_STEP][PASSED] - verifyElementPresent(findTestObject("Object Repository/Header/Page_Enspire Family Beginnings Registration_996fe8/h1_Enspire Family Beginnings by Enfamil"), 0): Object 'Object Repository/Header/Page_Enspire Family Beginnings Registration_996fe8/h1_Enspire Family Beginnings by Enfamil' is present

2022-04-11 13:40:33 - [MESSAGE][WARNING] - Timeout '0' is invalid. Using default page load timeout: '30'

2022-04-11 13:40:34 - [MESSAGE][PASSED] - Object 'Object Repository/Header/Page_Enspire Family Beginnings Registration_996fe8/h1_Enspire Family Beginnings by Enfamil' is present

2022-04-11 13:40:34 - [TEST_STEP][PASSED] - delay(5): Delayed 5 second(s)

2022-04-11 13:40:39 - [MESSAGE][PASSED] - Delayed 5 second(s)

2022-04-11 13:40:39 - [TEST_STEP][PASSED] - mouseOver(findTestObject("Object Repository/Header/Page_Enspire Family Beginnings Registration_996fe8/span_Offers  Savings")): Object: 'Object Repository/Header/Page_Enspire Family Beginnings Registration_996fe8/span_Offers  Savings' is hovered

2022-04-11 13:40:40 - [MESSAGE][PASSED] - Object: 'Object Repository/Header/Page_Enspire Family Beginnings Registration_996fe8/span_Offers  Savings' is hovered

2022-04-11 13:40:40 - [TEST_STEP][PASSED] - click(findTestObject("Object Repository/Header/Page_Enspire Family Beginnings Registration_996fe8/div_Enfamil Rewards")): Object: 'Object Repository/Header/Page_Enspire Family Beginnings Registration_996fe8/div_Enfamil Rewards' is clicked on

2022-04-11 13:40:41 - [MESSAGE][PASSED] - Object: 'Object Repository/Header/Page_Enspire Family Beginnings Registration_996fe8/div_Enfamil Rewards' is clicked on

2022-04-11 13:40:41 - [TEST_STEP][PASSED] - waitForElementVisible(findTestObject("Object Repository/Header/Page_/span_Baby formula rewards program"), 0): Object 'Object Repository/Header/Page_/span_Baby formula rewards program' is visible

2022-04-11 13:40:42 - [MESSAGE][WARNING] - Timeout '0' is invalid. Using default page load timeout: '30'

2022-04-11 13:40:43 - [MESSAGE][PASSED] - Object 'Object Repository/Header/Page_/span_Baby formula rewards program' is visible

2022-04-11 13:40:43 - [TEST_STEP][PASSED] - verifyElementText(findTestObject("Object Repository/Header/Page_/span_Baby formula rewards program"), "Baby formula rewards program"): Actual text and expected text of test object 'Object Repository/Header/Page_/span_Baby formula rewards program' are matched.

2022-04-11 13:40:44 - [MESSAGE][PASSED] - Actual text and expected text of test object 'Object Repository/Header/Page_/span_Baby formula rewards program' are matched.

2022-04-11 13:40:44 - [TEST_STEP][PASSED] - verifyElementPresent(findTestObject("Object Repository/Header/Page_/span_Baby formula rewards program"), 0): Object 'Object Repository/Header/Page_/span_Baby formula rewards program' is present

2022-04-11 13:40:44 - [MESSAGE][WARNING] - Timeout '0' is invalid. Using default page load timeout: '30'

2022-04-11 13:40:45 - [MESSAGE][PASSED] - Object 'Object Repository/Header/Page_/span_Baby formula rewards program' is present

2022-04-11 13:40:45 - [TEST_STEP][PASSED] - verifyElementClickable(findTestObject("Object Repository/Header/Page_/span_Baby formula rewards program")): Object 'Object Repository/Header/Page_/span_Baby formula rewards program' is clickable

2022-04-11 13:40:45 - [MESSAGE][PASSED] - Object 'Object Repository/Header/Page_/span_Baby formula rewards program' is clickable

2022-04-11 13:40:45 - [TEST_STEP][PASSED] - verifyElementText(findTestObject("Object Repository/Header/Page_/h2_Enfamil Rewards"), "EnfamilÂ® Rewards"): Actual text and expected text of test object 'Object Repository/Header/Page_/h2_Enfamil Rewards' are matched.

2022-04-11 13:40:54 - [MESSAGE][PASSED] - Actual text and expected text of test object 'Object Repository/Header/Page_/h2_Enfamil Rewards' are matched.

2022-04-11 13:40:54 - [TEST_STEP][PASSED] - verifyElementPresent(findTestObject("Object Repository/Header/Page_/h2_Enfamil Rewards"), 0): Object 'Object Repository/Header/Page_/h2_Enfamil Rewards' is present

2022-04-11 13:40:55 - [MESSAGE][WARNING] - Timeout '0' is invalid. Using default page load timeout: '30'

2022-04-11 13:40:55 - [MESSAGE][PASSED] - Object 'Object Repository/Header/Page_/h2_Enfamil Rewards' is present

2022-04-11 13:40:55 - [TEST_STEP][PASSED] - delay(5): Delayed 5 second(s)

2022-04-11 13:41:00 - [MESSAGE][PASSED] - Delayed 5 second(s)

2022-04-11 13:41:00 - [TEST_STEP][PASSED] - mouseOver(findTestObject("Object Repository/Header/Page_/span_Offers  Savings")): Object: 'Object Repository/Header/Page_/span_Offers  Savings' is hovered

2022-04-11 13:41:01 - [MESSAGE][PASSED] - Object: 'Object Repository/Header/Page_/span_Offers  Savings' is hovered

2022-04-11 13:41:01 - [TEST_STEP][PASSED] - click(findTestObject("Object Repository/Header/Page_/div_Nutramigen Savings  Support program")): Object: 'Object Repository/Header/Page_/div_Nutramigen Savings  Support program' is clicked on

2022-04-11 13:41:02 - [MESSAGE][PASSED] - Object: 'Object Repository/Header/Page_/div_Nutramigen Savings  Support program' is clicked on

2022-04-11 13:41:02 - [TEST_STEP][PASSED] - waitForElementVisible(findTestObject("Object Repository/Header/Page_Nutramigen  Enfamil/span_Nutramigen Savings and Support"), 0): Object 'Object Repository/Header/Page_Nutramigen  Enfamil/span_Nutramigen Savings and Support' is visible

2022-04-11 13:41:02 - [MESSAGE][WARNING] - Timeout '0' is invalid. Using default page load timeout: '30'

2022-04-11 13:41:10 - [MESSAGE][PASSED] - Object 'Object Repository/Header/Page_Nutramigen  Enfamil/span_Nutramigen Savings and Support' is visible

2022-04-11 13:41:10 - [TEST_STEP][PASSED] - verifyElementText(findTestObject("Object Repository/Header/Page_Nutramigen  Enfamil/span_Nutramigen Savings and Support"), "NutramigenÂ® Savings and Support"): Actual text and expected text of test object 'Object Repository/Header/Page_Nutramigen  Enfamil/span_Nutramigen Savings and Support' are matched.

2022-04-11 13:41:11 - [MESSAGE][PASSED] - Actual text and expected text of test object 'Object Repository/Header/Page_Nutramigen  Enfamil/span_Nutramigen Savings and Support' are matched.

2022-04-11 13:41:11 - [TEST_STEP][PASSED] - verifyElementPresent(findTestObject("Object Repository/Header/Page_Nutramigen  Enfamil/span_Nutramigen Savings and Support"), 0): Object 'Object Repository/Header/Page_Nutramigen  Enfamil/span_Nutramigen Savings and Support' is present

2022-04-11 13:41:12 - [MESSAGE][WARNING] - Timeout '0' is invalid. Using default page load timeout: '30'

2022-04-11 13:41:12 - [MESSAGE][PASSED] - Object 'Object Repository/Header/Page_Nutramigen  Enfamil/span_Nutramigen Savings and Support' is present

2022-04-11 13:41:12 - [TEST_STEP][PASSED] - verifyElementClickable(findTestObject("Object Repository/Header/Page_Nutramigen  Enfamil/span_Nutramigen Savings and Support")): Object 'Object Repository/Header/Page_Nutramigen  Enfamil/span_Nutramigen Savings and Support' is clickable

2022-04-11 13:41:13 - [MESSAGE][PASSED] - Object 'Object Repository/Header/Page_Nutramigen  Enfamil/span_Nutramigen Savings and Support' is clickable

2022-04-11 13:41:13 - [TEST_STEP][PASSED] - verifyElementText(findTestObject("Object Repository/Header/Page_Nutramigen  Enfamil/h1_Nutramigen Savings and Support"), "NutramigenÂ® Savings and Support"): Actual text and expected text of test object 'Object Repository/Header/Page_Nutramigen  Enfamil/h1_Nutramigen Savings and Support' are matched.

2022-04-11 13:41:14 - [MESSAGE][PASSED] - Actual text and expected text of test object 'Object Repository/Header/Page_Nutramigen  Enfamil/h1_Nutramigen Savings and Support' are matched.

2022-04-11 13:41:14 - [TEST_STEP][PASSED] - verifyElementPresent(findTestObject("Object Repository/Header/Page_Nutramigen  Enfamil/h1_Nutramigen Savings and Support"), 0): Object 'Object Repository/Header/Page_Nutramigen  Enfamil/h1_Nutramigen Savings and Support' is present

2022-04-11 13:41:14 - [MESSAGE][WARNING] - Timeout '0' is invalid. Using default page load timeout: '30'

2022-04-11 13:41:14 - [MESSAGE][PASSED] - Object 'Object Repository/Header/Page_Nutramigen  Enfamil/h1_Nutramigen Savings and Support' is present

2022-04-11 13:41:14 - [TEST_STEP][PASSED] - delay(5): Delayed 5 second(s)

2022-04-11 13:41:19 - [MESSAGE][PASSED] - Delayed 5 second(s)

2022-04-11 13:41:19 - [TEST_STEP][PASSED] - mouseOver(findTestObject("Object Repository/Header/Page_Nutramigen  Enfamil/span_Offers  Savings")): Object: 'Object Repository/Header/Page_Nutramigen  Enfamil/span_Offers  Savings' is hovered

2022-04-11 13:41:20 - [MESSAGE][PASSED] - Object: 'Object Repository/Header/Page_Nutramigen  Enfamil/span_Offers  Savings' is hovered

2022-04-11 13:41:20 - [TEST_STEP][PASSED] - click(findTestObject("Object Repository/Header/Page_Nutramigen  Enfamil/div_Enfacare Drive to Thrive Support Program")): Object: 'Object Repository/Header/Page_Nutramigen  Enfamil/div_Enfacare Drive to Thrive Support Program' is clicked on

2022-04-11 13:41:21 - [MESSAGE][PASSED] - Object: 'Object Repository/Header/Page_Nutramigen  Enfamil/div_Enfacare Drive to Thrive Support Program' is clicked on

2022-04-11 13:41:21 - [TEST_STEP][PASSED] - delay(8): Delayed 8 second(s)

2022-04-11 13:41:29 - [MESSAGE][PASSED] - Delayed 8 second(s)

2022-04-11 13:41:29 - [TEST_STEP][PASSED] - verifyElementText(findTestObject("Object Repository/Header/Page_/span_Join the Drive to Thrive Support Program"), "Join the Drive to Thrive Support Program"): Actual text and expected text of test object 'Object Repository/Header/Page_/span_Join the Drive to Thrive Support Program' are matched.

2022-04-11 13:41:30 - [MESSAGE][PASSED] - Actual text and expected text of test object 'Object Repository/Header/Page_/span_Join the Drive to Thrive Support Program' are matched.

2022-04-11 13:41:30 - [TEST_STEP][PASSED] - verifyElementPresent(findTestObject("Object Repository/Header/Page_/span_Join the Drive to Thrive Support Program"), 0): Object 'Object Repository/Header/Page_/span_Join the Drive to Thrive Support Program' is present

2022-04-11 13:41:30 - [MESSAGE][WARNING] - Timeout '0' is invalid. Using default page load timeout: '30'

2022-04-11 13:41:31 - [MESSAGE][PASSED] - Object 'Object Repository/Header/Page_/span_Join the Drive to Thrive Support Program' is present

2022-04-11 13:41:31 - [TEST_STEP][PASSED] - verifyElementClickable(findTestObject("Object Repository/Header/Page_/span_Join the Drive to Thrive Support Program")): Object 'Object Repository/Header/Page_/span_Join the Drive to Thrive Support Program' is clickable

2022-04-11 13:41:31 - [MESSAGE][PASSED] - Object 'Object Repository/Header/Page_/span_Join the Drive to Thrive Support Program' is clickable

2022-04-11 13:41:31 - [TEST_STEP][PASSED] - verifyElementText(findTestObject("Object Repository/Header/Page_/h1_Join the Drive to Thrive Support Program"), "Join the Drive to Thrive Support Program"): Actual text and expected text of test object 'Object Repository/Header/Page_/h1_Join the Drive to Thrive Support Program' are matched.

2022-04-11 13:41:32 - [MESSAGE][PASSED] - Actual text and expected text of test object 'Object Repository/Header/Page_/h1_Join the Drive to Thrive Support Program' are matched.

2022-04-11 13:41:32 - [TEST_STEP][PASSED] - verifyElementPresent(findTestObject("Object Repository/Header/Page_/h1_Join the Drive to Thrive Support Program"), 0): Object 'Object Repository/Header/Page_/h1_Join the Drive to Thrive Support Program' is present

2022-04-11 13:41:32 - [MESSAGE][WARNING] - Timeout '0' is invalid. Using default page load timeout: '30'

2022-04-11 13:41:33 - [MESSAGE][PASSED] - Object 'Object Repository/Header/Page_/h1_Join the Drive to Thrive Support Program' is present

2022-04-11 13:41:33 - [TEST_STEP][PASSED] - delay(5): Delayed 5 second(s)

2022-04-11 13:41:38 - [MESSAGE][PASSED] - Delayed 5 second(s)

2022-04-11 13:41:38 - [TEST_STEP][PASSED] - mouseOver(findTestObject("Object Repository/Header/Page_/span_Offers  Savings")): Object: 'Object Repository/Header/Page_/span_Offers  Savings' is hovered

2022-04-11 13:41:39 - [MESSAGE][PASSED] - Object: 'Object Repository/Header/Page_/span_Offers  Savings' is hovered

2022-04-11 13:41:39 - [TEST_STEP][PASSED] - click(findTestObject("Object Repository/Header/Page_/div_Enfagrow Free Sample")): Object: 'Object Repository/Header/Page_/div_Enfagrow Free Sample' is clicked on

2022-04-11 13:41:41 - [MESSAGE][PASSED] - Object: 'Object Repository/Header/Page_/div_Enfagrow Free Sample' is clicked on

2022-04-11 13:41:41 - [TEST_STEP][PASSED] - waitForElementVisible(findTestObject("Object Repository/Header/Page_Toddler Sample Request  Enfamil/span_Free Sample of Enfagrow Toddler Formula"), 0): Object 'Object Repository/Header/Page_Toddler Sample Request  Enfamil/span_Free Sample of Enfagrow Toddler Formula' is visible

2022-04-11 13:41:41 - [MESSAGE][WARNING] - Timeout '0' is invalid. Using default page load timeout: '30'

2022-04-11 13:41:42 - [MESSAGE][PASSED] - Object 'Object Repository/Header/Page_Toddler Sample Request  Enfamil/span_Free Sample of Enfagrow Toddler Formula' is visible

2022-04-11 13:41:42 - [TEST_STEP][PASSED] - verifyElementText(findTestObject("Object Repository/Header/Page_Toddler Sample Request  Enfamil/span_Free Sample of Enfagrow Toddler Formula"), "Free Sample of EnfagrowÂ® Toddler Formula"): Actual text and expected text of test object 'Object Repository/Header/Page_Toddler Sample Request  Enfamil/span_Free Sample of Enfagrow Toddler Formula' are matched.

2022-04-11 13:41:43 - [MESSAGE][PASSED] - Actual text and expected text of test object 'Object Repository/Header/Page_Toddler Sample Request  Enfamil/span_Free Sample of Enfagrow Toddler Formula' are matched.

2022-04-11 13:41:43 - [TEST_STEP][PASSED] - verifyElementPresent(findTestObject("Object Repository/Header/Page_Toddler Sample Request  Enfamil/span_Free Sample of Enfagrow Toddler Formula"), 0): Object 'Object Repository/Header/Page_Toddler Sample Request  Enfamil/span_Free Sample of Enfagrow Toddler Formula' is present

2022-04-11 13:41:43 - [MESSAGE][WARNING] - Timeout '0' is invalid. Using default page load timeout: '30'

2022-04-11 13:41:43 - [MESSAGE][PASSED] - Object 'Object Repository/Header/Page_Toddler Sample Request  Enfamil/span_Free Sample of Enfagrow Toddler Formula' is present

2022-04-11 13:41:43 - [TEST_STEP][PASSED] - verifyElementClickable(findTestObject("Object Repository/Header/Page_Toddler Sample Request  Enfamil/span_Free Sample of Enfagrow Toddler Formula")): Object 'Object Repository/Header/Page_Toddler Sample Request  Enfamil/span_Free Sample of Enfagrow Toddler Formula' is clickable

2022-04-11 13:41:46 - [MESSAGE][PASSED] - Object 'Object Repository/Header/Page_Toddler Sample Request  Enfamil/span_Free Sample of Enfagrow Toddler Formula' is clickable

2022-04-11 13:41:46 - [TEST_STEP][PASSED] - verifyElementText(findTestObject("Object Repository/Header/Page_Toddler Sample Request  Enfamil/h1_Free Sample of Enfagrow Toddler Formula"), "Free Sample of EnfagrowÂ® Toddler Formula"): Actual text and expected text of test object 'Object Repository/Header/Page_Toddler Sample Request  Enfamil/h1_Free Sample of Enfagrow Toddler Formula' are matched.

2022-04-11 13:41:54 - [MESSAGE][PASSED] - Actual text and expected text of test object 'Object Repository/Header/Page_Toddler Sample Request  Enfamil/h1_Free Sample of Enfagrow Toddler Formula' are matched.

2022-04-11 13:41:54 - [TEST_STEP][PASSED] - verifyElementPresent(findTestObject("Object Repository/Header/Page_Toddler Sample Request  Enfamil/h1_Free Sample of Enfagrow Toddler Formula"), 0): Object 'Object Repository/Header/Page_Toddler Sample Request  Enfamil/h1_Free Sample of Enfagrow Toddler Formula' is present

2022-04-11 13:41:54 - [MESSAGE][WARNING] - Timeout '0' is invalid. Using default page load timeout: '30'

2022-04-11 13:41:55 - [MESSAGE][PASSED] - Object 'Object Repository/Header/Page_Toddler Sample Request  Enfamil/h1_Free Sample of Enfagrow Toddler Formula' is present

2022-04-11 13:41:55 - [TEST_STEP][PASSED] - delay(5): Delayed 5 second(s)

2022-04-11 13:42:00 - [MESSAGE][PASSED] - Delayed 5 second(s)

2022-04-11 13:42:00 - [TEST_STEP][PASSED] - mouseOver(findTestObject("Object Repository/Header/Page_Toddler Sample Request  Enfamil/span_Offers  Savings")): Object: 'Object Repository/Header/Page_Toddler Sample Request  Enfamil/span_Offers  Savings' is hovered

2022-04-11 13:42:01 - [MESSAGE][PASSED] - Object: 'Object Repository/Header/Page_Toddler Sample Request  Enfamil/span_Offers  Savings' is hovered

2022-04-11 13:42:01 - [TEST_STEP][PASSED] - click(findTestObject("Object Repository/Header/Page_Toddler Sample Request  Enfamil/a_Partner Offers")): Object: 'Object Repository/Header/Page_Toddler Sample Request  Enfamil/a_Partner Offers' is clicked on

2022-04-11 13:42:03 - [MESSAGE][PASSED] - Object: 'Object Repository/Header/Page_Toddler Sample Request  Enfamil/a_Partner Offers' is clicked on

2022-04-11 13:42:03 - [TEST_STEP][PASSED] - delay(5): Delayed 5 second(s)

2022-04-11 13:42:08 - [MESSAGE][PASSED] - Delayed 5 second(s)

2022-04-11 13:42:08 - [TEST_STEP][PASSED] - waitForElementVisible(findTestObject("Object Repository/Header/Page_/span_Partnership Offers"), 0): Object 'Object Repository/Header/Page_/span_Partnership Offers' is visible

2022-04-11 13:42:08 - [MESSAGE][WARNING] - Timeout '0' is invalid. Using default page load timeout: '30'

2022-04-11 13:42:14 - [MESSAGE][PASSED] - Object 'Object Repository/Header/Page_/span_Partnership Offers' is visible

2022-04-11 13:42:14 - [TEST_STEP][PASSED] - verifyElementText(findTestObject("Object Repository/Header/Page_/span_Partnership Offers"), "Partnership Offers"): Actual text and expected text of test object 'Object Repository/Header/Page_/span_Partnership Offers' are matched.

2022-04-11 13:42:15 - [MESSAGE][PASSED] - Actual text and expected text of test object 'Object Repository/Header/Page_/span_Partnership Offers' are matched.

2022-04-11 13:42:15 - [TEST_STEP][PASSED] - verifyElementPresent(findTestObject("Object Repository/Header/Page_/span_Partnership Offers"), 0): Object 'Object Repository/Header/Page_/span_Partnership Offers' is present

2022-04-11 13:42:15 - [MESSAGE][WARNING] - Timeout '0' is invalid. Using default page load timeout: '30'

2022-04-11 13:42:15 - [MESSAGE][PASSED] - Object 'Object Repository/Header/Page_/span_Partnership Offers' is present

2022-04-11 13:42:15 - [TEST_STEP][PASSED] - verifyElementText(findTestObject("Object Repository/Header/Page_/h3_Enfamil Partner Discounts"), "Enfamil Partner Discounts"): Actual text and expected text of test object 'Object Repository/Header/Page_/h3_Enfamil Partner Discounts' are matched.

2022-04-11 13:42:16 - [MESSAGE][PASSED] - Actual text and expected text of test object 'Object Repository/Header/Page_/h3_Enfamil Partner Discounts' are matched.

2022-04-11 13:42:16 - [TEST_STEP][PASSED] - verifyElementPresent(findTestObject("Object Repository/Header/Page_/h3_Enfamil Partner Discounts"), 0): Object 'Object Repository/Header/Page_/h3_Enfamil Partner Discounts' is present

2022-04-11 13:42:17 - [MESSAGE][WARNING] - Timeout '0' is invalid. Using default page load timeout: '30'

2022-04-11 13:42:17 - [MESSAGE][PASSED] - Object 'Object Repository/Header/Page_/h3_Enfamil Partner Discounts' is present

2022-04-11 13:42:17 - [TEST_STEP][PASSED] - delay(5): Delayed 5 second(s)

2022-04-11 13:42:22 - [MESSAGE][PASSED] - Delayed 5 second(s)

2022-04-11 13:42:22 - [TEST_STEP][PASSED] - mouseOver(findTestObject("Object Repository/Header/Page_/span_Offers  Savings")): Object: 'Object Repository/Header/Page_/span_Offers  Savings' is hovered

2022-04-11 13:42:23 - [MESSAGE][PASSED] - Object: 'Object Repository/Header/Page_/span_Offers  Savings' is hovered

2022-04-11 13:42:23 - [TEST_STEP][PASSED] - click(findTestObject("Object Repository/Header/Page_/a_Professional Discounts")): Object: 'Object Repository/Header/Page_/a_Professional Discounts' is clicked on

2022-04-11 13:42:25 - [MESSAGE][PASSED] - Object: 'Object Repository/Header/Page_/a_Professional Discounts' is clicked on

2022-04-11 13:42:25 - [TEST_STEP][PASSED] - delay(5): Delayed 5 second(s)

2022-04-11 13:42:30 - [MESSAGE][PASSED] - Delayed 5 second(s)

2022-04-11 13:42:30 - [TEST_STEP][PASSED] - waitForElementVisible(findTestObject("Object Repository/Header/Page_/span_Enfamil Shop Professional Discounts"), 0): Object 'Object Repository/Header/Page_/span_Enfamil Shop Professional Discounts' is visible

2022-04-11 13:42:30 - [MESSAGE][WARNING] - Timeout '0' is invalid. Using default page load timeout: '30'

2022-04-11 13:42:36 - [MESSAGE][PASSED] - Object 'Object Repository/Header/Page_/span_Enfamil Shop Professional Discounts' is visible

2022-04-11 13:42:36 - [TEST_STEP][PASSED] - verifyElementText(findTestObject("Object Repository/Header/Page_/span_Enfamil Shop Professional Discounts"), "EnfamilÂ® Shop Professional Discounts"): Actual text and expected text of test object 'Object Repository/Header/Page_/span_Enfamil Shop Professional Discounts' are matched.

2022-04-11 13:42:37 - [MESSAGE][PASSED] - Actual text and expected text of test object 'Object Repository/Header/Page_/span_Enfamil Shop Professional Discounts' are matched.

2022-04-11 13:42:37 - [TEST_STEP][PASSED] - verifyElementPresent(findTestObject("Object Repository/Header/Page_/span_Enfamil Shop Professional Discounts"), 0): Object 'Object Repository/Header/Page_/span_Enfamil Shop Professional Discounts' is present

2022-04-11 13:42:37 - [MESSAGE][WARNING] - Timeout '0' is invalid. Using default page load timeout: '30'

2022-04-11 13:42:38 - [MESSAGE][PASSED] - Object 'Object Repository/Header/Page_/span_Enfamil Shop Professional Discounts' is present

2022-04-11 13:42:38 - [TEST_STEP][PASSED] - verifyElementText(findTestObject("Object Repository/Header/Page_/h1_Enfamil Shop Professional Discounts"), "EnfamilÂ® Shop Professional Discounts"): Actual text and expected text of test object 'Object Repository/Header/Page_/h1_Enfamil Shop Professional Discounts' are matched.

2022-04-11 13:42:39 - [MESSAGE][PASSED] - Actual text and expected text of test object 'Object Repository/Header/Page_/h1_Enfamil Shop Professional Discounts' are matched.

2022-04-11 13:42:39 - [TEST_STEP][PASSED] - verifyElementPresent(findTestObject("Object Repository/Header/Page_/h1_Enfamil Shop Professional Discounts"), 0): Object 'Object Repository/Header/Page_/h1_Enfamil Shop Professional Discounts' is present

2022-04-11 13:42:40 - [MESSAGE][WARNING] - Timeout '0' is invalid. Using default page load timeout: '30'

2022-04-11 13:42:40 - [MESSAGE][PASSED] - Object 'Object Repository/Header/Page_/h1_Enfamil Shop Professional Discounts' is present

2022-04-11 13:42:40 - [TEST_STEP][PASSED] - delay(5): Delayed 5 second(s)

2022-04-11 13:42:45 - [MESSAGE][PASSED] - Delayed 5 second(s)

2022-04-11 13:42:45 - [TEST_STEP][PASSED] - mouseOver(findTestObject("Object Repository/Header/Page_/span_Offers  Savings")): Object: 'Object Repository/Header/Page_/span_Offers  Savings' is hovered

2022-04-11 13:42:46 - [MESSAGE][PASSED] - Object: 'Object Repository/Header/Page_/span_Offers  Savings' is hovered

2022-04-11 13:42:46 - [TEST_STEP][PASSED] - click(findTestObject("Object Repository/Header/Page_/a_NEW Gift Cards")): Object: 'Object Repository/Header/Page_/a_NEW Gift Cards' is clicked on

2022-04-11 13:42:48 - [MESSAGE][PASSED] - Object: 'Object Repository/Header/Page_/a_NEW Gift Cards' is clicked on

2022-04-11 13:42:48 - [TEST_STEP][PASSED] - waitForElementVisible(findTestObject("Object Repository/Header/Page_/span_Gift Cards"), 0): Object 'Object Repository/Header/Page_/span_Gift Cards' is visible

2022-04-11 13:42:48 - [MESSAGE][WARNING] - Timeout '0' is invalid. Using default page load timeout: '30'

2022-04-11 13:42:49 - [MESSAGE][PASSED] - Object 'Object Repository/Header/Page_/span_Gift Cards' is visible

2022-04-11 13:42:49 - [TEST_STEP][PASSED] - verifyElementText(findTestObject("Object Repository/Header/Page_/span_Gift Cards"), "Gift Cards"): Actual text and expected text of test object 'Object Repository/Header/Page_/span_Gift Cards' are matched.

2022-04-11 13:42:49 - [MESSAGE][PASSED] - Actual text and expected text of test object 'Object Repository/Header/Page_/span_Gift Cards' are matched.

2022-04-11 13:42:49 - [TEST_STEP][PASSED] - verifyElementPresent(findTestObject("Object Repository/Header/Page_/span_Gift Cards"), 0): Object 'Object Repository/Header/Page_/span_Gift Cards' is present

2022-04-11 13:42:50 - [MESSAGE][WARNING] - Timeout '0' is invalid. Using default page load timeout: '30'

2022-04-11 13:42:50 - [MESSAGE][PASSED] - Object 'Object Repository/Header/Page_/span_Gift Cards' is present

2022-04-11 13:42:50 - [TEST_STEP][PASSED] - verifyElementText(findTestObject("Object Repository/Header/Page_/h2_Gift Cards"), "Gift Cards"): Actual text and expected text of test object 'Object Repository/Header/Page_/h2_Gift Cards' are matched.

2022-04-11 13:42:51 - [MESSAGE][PASSED] - Actual text and expected text of test object 'Object Repository/Header/Page_/h2_Gift Cards' are matched.

2022-04-11 13:42:51 - [TEST_STEP][PASSED] - verifyElementPresent(findTestObject("Object Repository/Header/Page_/h2_Gift Cards"), 0): Object 'Object Repository/Header/Page_/h2_Gift Cards' is present

2022-04-11 13:42:51 - [MESSAGE][WARNING] - Timeout '0' is invalid. Using default page load timeout: '30'

2022-04-11 13:42:58 - [MESSAGE][PASSED] - Object 'Object Repository/Header/Page_/h2_Gift Cards' is present

2022-04-11 13:42:58 - [TEST_STEP][PASSED] - verifyElementText(findTestObject("Object Repository/Header/Page_/h3_Select Your Gift Card"), "Select Your Gift Card"): Actual text and expected text of test object 'Object Repository/Header/Page_/h3_Select Your Gift Card' are matched.

2022-04-11 13:43:01 - [MESSAGE][PASSED] - Actual text and expected text of test object 'Object Repository/Header/Page_/h3_Select Your Gift Card' are matched.

2022-04-11 13:43:01 - [TEST_STEP][PASSED] - verifyElementText(findTestObject("Object Repository/Header/Page_/div_start gifting now"), "START GIFTING NOW"): Actual text and expected text of test object 'Object Repository/Header/Page_/div_start gifting now' are matched.

2022-04-11 13:43:02 - [MESSAGE][PASSED] - Actual text and expected text of test object 'Object Repository/Header/Page_/div_start gifting now' are matched.

2022-04-11 13:43:02 - [TEST_STEP][PASSED] - delay(5): Delayed 5 second(s)

2022-04-11 13:43:07 - [MESSAGE][PASSED] - Delayed 5 second(s)

2022-04-11 13:43:07 - [TEST_STEP][PASSED] - mouseOver(findTestObject("Object Repository/Header/Page_/span_Offers  Savings")): Object: 'Object Repository/Header/Page_/span_Offers  Savings' is hovered

2022-04-11 13:43:08 - [MESSAGE][PASSED] - Object: 'Object Repository/Header/Page_/span_Offers  Savings' is hovered

2022-04-11 13:43:08 - [TEST_STEP][PASSED] - click(findTestObject("Object Repository/Header/Page_/a_Save 15 when you use Afterpay")): Object: 'Object Repository/Header/Page_/a_Save 15 when you use Afterpay' is clicked on

2022-04-11 13:43:13 - [MESSAGE][PASSED] - Object: 'Object Repository/Header/Page_/a_Save 15 when you use Afterpay' is clicked on

2022-04-11 13:43:13 - [TEST_STEP][PASSED] - delay(5): Delayed 5 second(s)

2022-04-11 13:43:18 - [MESSAGE][PASSED] - Delayed 5 second(s)

2022-04-11 13:43:18 - [TEST_STEP][PASSED] - waitForElementVisible(findTestObject("Object Repository/Header/Page_/span_Afterpay"), 0): Object 'Object Repository/Header/Page_/span_Afterpay' is visible

2022-04-11 13:43:19 - [MESSAGE][WARNING] - Timeout '0' is invalid. Using default page load timeout: '30'

2022-04-11 13:43:25 - [MESSAGE][PASSED] - Object 'Object Repository/Header/Page_/span_Afterpay' is visible

2022-04-11 13:43:25 - [TEST_STEP][PASSED] - verifyElementText(findTestObject("Object Repository/Header/Page_/span_Afterpay"), "Afterpay"): Actual text and expected text of test object 'Object Repository/Header/Page_/span_Afterpay' are matched.

2022-04-11 13:43:26 - [MESSAGE][PASSED] - Actual text and expected text of test object 'Object Repository/Header/Page_/span_Afterpay' are matched.

2022-04-11 13:43:26 - [TEST_STEP][PASSED] - verifyElementPresent(findTestObject("Object Repository/Header/Page_/span_Afterpay"), 0): Object 'Object Repository/Header/Page_/span_Afterpay' is present

2022-04-11 13:43:26 - [MESSAGE][WARNING] - Timeout '0' is invalid. Using default page load timeout: '30'

2022-04-11 13:43:27 - [MESSAGE][PASSED] - Object 'Object Repository/Header/Page_/span_Afterpay' is present

2022-04-11 13:43:27 - [TEST_STEP][PASSED] - verifyElementText(findTestObject("Object Repository/Header/Page_/h2_Stock up and Save 15 when you use Afterpay"), "Stock up and Save 15% when you use Afterpay"): Actual text and expected text of test object 'Object Repository/Header/Page_/h2_Stock up and Save 15 when you use Afterpay' are matched.

2022-04-11 13:43:27 - [MESSAGE][PASSED] - Actual text and expected text of test object 'Object Repository/Header/Page_/h2_Stock up and Save 15 when you use Afterpay' are matched.

2022-04-11 13:43:27 - [TEST_STEP][PASSED] - verifyElementPresent(findTestObject("Object Repository/Header/Page_/h2_Stock up and Save 15 when you use Afterpay"), 0): Object 'Object Repository/Header/Page_/h2_Stock up and Save 15 when you use Afterpay' is present

2022-04-11 13:43:27 - [MESSAGE][WARNING] - Timeout '0' is invalid. Using default page load timeout: '30'

2022-04-11 13:43:28 - [MESSAGE][PASSED] - Object 'Object Repository/Header/Page_/h2_Stock up and Save 15 when you use Afterpay' is present

2022-04-11 13:43:28 - [TEST_STEP][PASSED] - delay(5): Delayed 5 second(s)

2022-04-11 13:43:33 - [MESSAGE][PASSED] - Delayed 5 second(s)

2022-04-11 13:43:33 - [TEST_STEP][PASSED] - mouseOver(findTestObject("Object Repository/Header/Page_/span_Offers  Savings")): Object: 'Object Repository/Header/Page_/span_Offers  Savings' is hovered

2022-04-11 13:43:34 - [MESSAGE][PASSED] - Object: 'Object Repository/Header/Page_/span_Offers  Savings' is hovered

2022-04-11 13:43:34 - [TEST_STEP][PASSED] - click(findTestObject("Object Repository/Header/Page_/a_Enfamil Rebates")): Object: 'Object Repository/Header/Page_/a_Enfamil Rebates' is clicked on

2022-04-11 13:43:37 - [MESSAGE][PASSED] - Object: 'Object Repository/Header/Page_/a_Enfamil Rebates' is clicked on

2022-04-11 13:43:37 - [TEST_STEP][PASSED] - delay(5): Delayed 5 second(s)

2022-04-11 13:43:42 - [MESSAGE][PASSED] - Delayed 5 second(s)

2022-04-11 13:43:42 - [TEST_STEP][PASSED] - waitForElementVisible(findTestObject("Object Repository/Header/Page_/span_Enfamil Rebates"), 0): Object 'Object Repository/Header/Page_/span_Enfamil Rebates' is visible

2022-04-11 13:43:43 - [MESSAGE][WARNING] - Timeout '0' is invalid. Using default page load timeout: '30'

2022-04-11 13:43:48 - [MESSAGE][PASSED] - Object 'Object Repository/Header/Page_/span_Enfamil Rebates' is visible

2022-04-11 13:43:48 - [TEST_STEP][PASSED] - verifyElementText(findTestObject("Object Repository/Header/Page_/span_Enfamil Rebates"), "EnfamilÂ® Rebates"): Actual text and expected text of test object 'Object Repository/Header/Page_/span_Enfamil Rebates' are matched.

2022-04-11 13:43:49 - [MESSAGE][PASSED] - Actual text and expected text of test object 'Object Repository/Header/Page_/span_Enfamil Rebates' are matched.

2022-04-11 13:43:49 - [TEST_STEP][PASSED] - verifyElementPresent(findTestObject("Object Repository/Header/Page_/span_Enfamil Rebates"), 0): Object 'Object Repository/Header/Page_/span_Enfamil Rebates' is present

2022-04-11 13:43:50 - [MESSAGE][WARNING] - Timeout '0' is invalid. Using default page load timeout: '30'

2022-04-11 13:43:50 - [MESSAGE][PASSED] - Object 'Object Repository/Header/Page_/span_Enfamil Rebates' is present

2022-04-11 13:43:50 - [TEST_STEP][PASSED] - verifyElementText(findTestObject("Object Repository/Header/Page_/h2_Enfamil Rebates"), "EnfamilÂ® Rebates"): Actual text and expected text of test object 'Object Repository/Header/Page_/h2_Enfamil Rebates' are matched.

2022-04-11 13:43:51 - [MESSAGE][PASSED] - Actual text and expected text of test object 'Object Repository/Header/Page_/h2_Enfamil Rebates' are matched.

2022-04-11 13:43:51 - [TEST_STEP][PASSED] - verifyElementPresent(findTestObject("Object Repository/Header/Page_/h2_Enfamil Rebates"), 0): Object 'Object Repository/Header/Page_/h2_Enfamil Rebates' is present

2022-04-11 13:43:51 - [MESSAGE][WARNING] - Timeout '0' is invalid. Using default page load timeout: '30'

2022-04-11 13:43:52 - [MESSAGE][PASSED] - Object 'Object Repository/Header/Page_/h2_Enfamil Rebates' is present

2022-04-11 13:43:52 - [TEST_STEP][PASSED] - delay(5): Delayed 5 second(s)

2022-04-11 13:43:57 - [MESSAGE][PASSED] - Delayed 5 second(s)

2022-04-11 13:43:57 - [TEST_STEP][PASSED] - mouseOver(findTestObject("Object Repository/Header/Page_/span_Offers  Savings")): Object: 'Object Repository/Header/Page_/span_Offers  Savings' is hovered

2022-04-11 13:43:58 - [MESSAGE][PASSED] - Object: 'Object Repository/Header/Page_/span_Offers  Savings' is hovered

2022-04-11 13:43:58 - [TEST_STEP][PASSED] - click(findTestObject("Object Repository/Header/Page_/a_Financial Assistance")): Object: 'Object Repository/Header/Page_/a_Financial Assistance' is clicked on

2022-04-11 13:44:00 - [MESSAGE][PASSED] - Object: 'Object Repository/Header/Page_/a_Financial Assistance' is clicked on

2022-04-11 13:44:00 - [TEST_STEP][PASSED] - waitForElementVisible(findTestObject("Object Repository/Header/Page_Reimbursement and Support  Enfamil/span_Reimbursement and Support"), 0): Object 'Object Repository/Header/Page_Reimbursement and Support  Enfamil/span_Reimbursement and Support' is visible

2022-04-11 13:44:00 - [MESSAGE][WARNING] - Timeout '0' is invalid. Using default page load timeout: '30'

2022-04-11 13:44:01 - [MESSAGE][PASSED] - Object 'Object Repository/Header/Page_Reimbursement and Support  Enfamil/span_Reimbursement and Support' is visible

2022-04-11 13:44:01 - [TEST_STEP][PASSED] - verifyElementText(findTestObject("Object Repository/Header/Page_Reimbursement and Support  Enfamil/span_Reimbursement and Support"), "Reimbursement and Support"): Actual text and expected text of test object 'Object Repository/Header/Page_Reimbursement and Support  Enfamil/span_Reimbursement and Support' are matched.

2022-04-11 13:44:01 - [MESSAGE][PASSED] - Actual text and expected text of test object 'Object Repository/Header/Page_Reimbursement and Support  Enfamil/span_Reimbursement and Support' are matched.

2022-04-11 13:44:01 - [TEST_STEP][PASSED] - verifyElementPresent(findTestObject("Object Repository/Header/Page_Reimbursement and Support  Enfamil/span_Reimbursement and Support"), 0): Object 'Object Repository/Header/Page_Reimbursement and Support  Enfamil/span_Reimbursement and Support' is present

2022-04-11 13:44:01 - [MESSAGE][WARNING] - Timeout '0' is invalid. Using default page load timeout: '30'

2022-04-11 13:44:02 - [MESSAGE][PASSED] - Object 'Object Repository/Header/Page_Reimbursement and Support  Enfamil/span_Reimbursement and Support' is present

2022-04-11 13:44:02 - [TEST_STEP][PASSED] - verifyElementText(findTestObject("Object Repository/Header/Page_Reimbursement and Support  Enfamil/h2_SNAP, WIC  Formula Insurance Coverage  R_6d98a7"), "SNAP, WIC & Formula Insurance Coverage & Reimbursement"): Actual text and expected text of test object 'Object Repository/Header/Page_Reimbursement and Support  Enfamil/h2_SNAP, WIC  Formula Insurance Coverage  R_6d98a7' are matched.

2022-04-11 13:44:02 - [MESSAGE][PASSED] - Actual text and expected text of test object 'Object Repository/Header/Page_Reimbursement and Support  Enfamil/h2_SNAP, WIC  Formula Insurance Coverage  R_6d98a7' are matched.

2022-04-11 13:44:02 - [TEST_STEP][PASSED] - verifyElementPresent(findTestObject("Object Repository/Header/Page_Reimbursement and Support  Enfamil/h2_SNAP, WIC  Formula Insurance Coverage  R_6d98a7"), 0): Object 'Object Repository/Header/Page_Reimbursement and Support  Enfamil/h2_SNAP, WIC  Formula Insurance Coverage  R_6d98a7' is present

2022-04-11 13:44:03 - [MESSAGE][WARNING] - Timeout '0' is invalid. Using default page load timeout: '30'

2022-04-11 13:44:09 - [MESSAGE][PASSED] - Object 'Object Repository/Header/Page_Reimbursement and Support  Enfamil/h2_SNAP, WIC  Formula Insurance Coverage  R_6d98a7' is present

2022-04-11 13:44:09 - [TEST_STEP][PASSED] - delay(5): Delayed 5 second(s)

2022-04-11 13:44:14 - [MESSAGE][PASSED] - Delayed 5 second(s)

2022-04-11 13:44:14 - [TEST_STEP][PASSED] - mouseOver(findTestObject("Object Repository/Header/Page_Premium Enfamil Family Beginnings Subs_b2e86a/span_Offers  Savings")): Object: 'Object Repository/Header/Page_Premium Enfamil Family Beginnings Subs_b2e86a/span_Offers  Savings' is hovered

2022-04-11 13:44:15 - [MESSAGE][PASSED] - Object: 'Object Repository/Header/Page_Premium Enfamil Family Beginnings Subs_b2e86a/span_Offers  Savings' is hovered

2022-04-11 13:44:15 - [TEST_STEP][PASSED] - click(findTestObject("Object Repository/Header/Page_Premium Enfamil Family Beginnings Subs_b2e86a/span_Ask a Nurse")): Object: 'Object Repository/Header/Page_Premium Enfamil Family Beginnings Subs_b2e86a/span_Ask a Nurse' is clicked on

2022-04-11 13:44:16 - [MESSAGE][PASSED] - Object: 'Object Repository/Header/Page_Premium Enfamil Family Beginnings Subs_b2e86a/span_Ask a Nurse' is clicked on

2022-04-11 13:44:16 - [TEST_STEP][PASSED] - waitForElementVisible(findTestObject("Object Repository/Header/Page_Ask a Registered Nurse Online  Enfamil/span_Ask a Registered Nurse Online"), 0): Object 'Object Repository/Header/Page_Ask a Registered Nurse Online  Enfamil/span_Ask a Registered Nurse Online' is visible

2022-04-11 13:44:17 - [MESSAGE][WARNING] - Timeout '0' is invalid. Using default page load timeout: '30'

2022-04-11 13:44:19 - [MESSAGE][PASSED] - Object 'Object Repository/Header/Page_Ask a Registered Nurse Online  Enfamil/span_Ask a Registered Nurse Online' is visible

2022-04-11 13:44:19 - [TEST_STEP][PASSED] - verifyElementPresent(findTestObject("Object Repository/Header/Page_Ask a Registered Nurse Online  Enfamil/span_Ask a Registered Nurse Online"), 0): Object 'Object Repository/Header/Page_Ask a Registered Nurse Online  Enfamil/span_Ask a Registered Nurse Online' is present

2022-04-11 13:44:19 - [MESSAGE][WARNING] - Timeout '0' is invalid. Using default page load timeout: '30'

2022-04-11 13:44:26 - [MESSAGE][PASSED] - Object 'Object Repository/Header/Page_Ask a Registered Nurse Online  Enfamil/span_Ask a Registered Nurse Online' is present

2022-04-11 13:44:26 - [TEST_STEP][PASSED] - verifyElementPresent(findTestObject("Object Repository/Header/Page_Ask a Registered Nurse Online  Enfamil/h1_Ask a RegisteredNurse Online"), 0): Object 'Object Repository/Header/Page_Ask a Registered Nurse Online  Enfamil/h1_Ask a RegisteredNurse Online' is present

2022-04-11 13:44:26 - [MESSAGE][WARNING] - Timeout '0' is invalid. Using default page load timeout: '30'

2022-04-11 13:44:27 - [MESSAGE][PASSED] - Object 'Object Repository/Header/Page_Ask a Registered Nurse Online  Enfamil/h1_Ask a RegisteredNurse Online' is present

2022-04-11 13:44:27 - [TEST_STEP][PASSED] - delay(5): Delayed 5 second(s)

2022-04-11 13:44:32 - [MESSAGE][PASSED] - Delayed 5 second(s)

2022-04-11 13:44:32 - [TEST_STEP][PASSED] - closeBrowser(): Browser is closed

2022-04-11 13:44:34 - [MESSAGE][PASSED] - Browser is closed]]></system-out>
         <system-err><![CDATA[]]></system-err>
      </testcase>
      <system-out><![CDATA[2022-04-11 13:38:39 - [TEST_SUITE][PASSED] - SmokeTestSuite-Collection: Test Cases/Venkat/Header/Header - Offers Savings Menu Verification]]></system-out>
      <system-err><![CDATA[]]></system-err>
   </testsuite>
</testsuites>
